
LIST OF ALL SENSOR NUMBER RECORDS

	Sensor record
		Azimuth value: 0
		Pitch value: -49
		Roll value: 0
		Start timestamp: 1682862999313
		Finish timestamp: 1682862999465

	Sensor record
		Azimuth value: 357
		Pitch value: -48
		Roll value: 357
		Start timestamp: 1682862999466
		Finish timestamp: 1682862999473

	Sensor record
		Azimuth value: 347
		Pitch value: -45
		Roll value: 351
		Start timestamp: 1682862999474
		Finish timestamp: 1682862999669

	Sensor record
		Azimuth value: 339
		Pitch value: -44
		Roll value: 348
		Start timestamp: 1682862999670
		Finish timestamp: 1682862999870

	Sensor record
		Azimuth value: 337
		Pitch value: -40
		Roll value: 347
		Start timestamp: 1682862999871
		Finish timestamp: 1682863000071

	Sensor record
		Azimuth value: 335
		Pitch value: -40
		Roll value: 348
		Start timestamp: 1682863000072
		Finish timestamp: 1682863000273

	Sensor record
		Azimuth value: 332
		Pitch value: -43
		Roll value: 347
		Start timestamp: 1682863000274
		Finish timestamp: 1682863000278

	Sensor record
		Azimuth value: 327
		Pitch value: -42
		Roll value: 347
		Start timestamp: 1682863000279
		Finish timestamp: 1682863000474

	Sensor record
		Azimuth value: 330
		Pitch value: -34
		Roll value: 354
		Start timestamp: 1682863000475
		Finish timestamp: 1682863000676

	Sensor record
		Azimuth value: 325
		Pitch value: -35
		Roll value: 355
		Start timestamp: 1682863000677
		Finish timestamp: 1682863000878

	Sensor record
		Azimuth value: 329
		Pitch value: -37
		Roll value: 352
		Start timestamp: 1682863000879
		Finish timestamp: 1682863001079

	Sensor record
		Azimuth value: 337
		Pitch value: -41
		Roll value: 352
		Start timestamp: 1682863001080
		Finish timestamp: 1682863001107

	Sensor record
		Azimuth value: 343
		Pitch value: -36
		Roll value: 357
		Start timestamp: 1682863001108
		Finish timestamp: 1682863001282

	Sensor record
		Azimuth value: 357
		Pitch value: -37
		Roll value: 3
		Start timestamp: 1682863001283
		Finish timestamp: 1682863001483

	Sensor record
		Azimuth value: 8
		Pitch value: -42
		Roll value: 13
		Start timestamp: 1682863001484
		Finish timestamp: 1682863001684

	Sensor record
		Azimuth value: 5
		Pitch value: -42
		Roll value: 0
		Start timestamp: 1682863001685
		Finish timestamp: 1682863001886

	Sensor record
		Azimuth value: 348
		Pitch value: -33
		Roll value: 342
		Start timestamp: 1682863001887
		Finish timestamp: 1682863001896

	Sensor record
		Azimuth value: 343
		Pitch value: -36
		Roll value: 348
		Start timestamp: 1682863001897
		Finish timestamp: 1682863002089

	Sensor record
		Azimuth value: 337
		Pitch value: -36
		Roll value: 347
		Start timestamp: 1682863002090
		Finish timestamp: 1682863002289

	Sensor record
		Azimuth value: 337
		Pitch value: -36
		Roll value: 346
		Start timestamp: 1682863002290
		Finish timestamp: 1682863002491

	Sensor record
		Azimuth value: 337
		Pitch value: -34
		Roll value: 346
		Start timestamp: 1682863002492
		Finish timestamp: 1682863002699

	Sensor record
		Azimuth value: 337
		Pitch value: -32
		Roll value: 346
		Start timestamp: 1682863002700
		Finish timestamp: 1682863002894

	Sensor record
		Azimuth value: 336
		Pitch value: -29
		Roll value: 347
		Start timestamp: 1682863002895
		Finish timestamp: 1682863003098

	Sensor record
		Azimuth value: 335
		Pitch value: -29
		Roll value: 346
		Start timestamp: 1682863003099
		Finish timestamp: 1682863003298

	Sensor record
		Azimuth value: 336
		Pitch value: -30
		Roll value: 346
		Start timestamp: 1682863003299
		Finish timestamp: 1682863003557

	Sensor record
		Azimuth value: 337
		Pitch value: -28
		Roll value: 348
		Start timestamp: 1682863003558
		Finish timestamp: 1682863003705

	Sensor record
		Azimuth value: 336
		Pitch value: -27
		Roll value: 348
		Start timestamp: 1682863003706
		Finish timestamp: 1682863003972

	Sensor record
		Azimuth value: 335
		Pitch value: -28
		Roll value: 348
		Start timestamp: 1682863003973
		Finish timestamp: 1682863004126

	Sensor record
		Azimuth value: 336
		Pitch value: -30
		Roll value: 349
		Start timestamp: 1682863004127

