
LIST OF ALL SENSOR NUMBER RECORDS

	Sensor record
		Azimuth value: 0
		Pitch value: 2
		Roll value: 0
		Start timestamp: 1684053702643
		Finish timestamp: 1684053702807

	Sensor record
		Azimuth value: 3
		Pitch value: 3
		Roll value: 2
		Start timestamp: 1684053702808
		Finish timestamp: 1684053703008

	Sensor record
		Azimuth value: 3
		Pitch value: 3
		Roll value: 3
		Start timestamp: 1684053703009
		Finish timestamp: 1684053703217

	Sensor record
		Azimuth value: 3
		Pitch value: 3
		Roll value: 2
		Start timestamp: 1684053703218
		Finish timestamp: 1684053703412

	Sensor record
		Azimuth value: 3
		Pitch value: 3
		Roll value: 1
		Start timestamp: 1684053703413
		Finish timestamp: 1684053703613

	Sensor record
		Azimuth value: 2
		Pitch value: 2
		Roll value: 0
		Start timestamp: 1684053703614
		Finish timestamp: 1684053703814

	Sensor record
		Azimuth value: 1
		Pitch value: 2
		Roll value: 359
		Start timestamp: 1684053703815
		Finish timestamp: 1684053704824

	Sensor record
		Azimuth value: 1
		Pitch value: 2
		Roll value: 0
		Start timestamp: 1684053704825
		Finish timestamp: 1684053709667

	Sensor record
		Azimuth value: 1
		Pitch value: 2
		Roll value: 1
		Start timestamp: 1684053709668
		Finish timestamp: 1684053709678

	Sensor record
		Azimuth value: 6
		Pitch value: 5
		Roll value: 2
		Start timestamp: 1684053709679
		Finish timestamp: 1684053709868

	Sensor record
		Azimuth value: 17
		Pitch value: -25
		Roll value: 11
		Start timestamp: 1684053709869
		Finish timestamp: 1684053710067

	Sensor record
		Azimuth value: 23
		Pitch value: -65
		Roll value: 16
		Start timestamp: 1684053710068
		Finish timestamp: 1684053710268

	Sensor record
		Azimuth value: 311
		Pitch value: -78
		Roll value: 302
		Start timestamp: 1684053710269
		Finish timestamp: 1684053710471

	Sensor record
		Azimuth value: 292
		Pitch value: -45
		Roll value: 273
		Start timestamp: 1684053710472
		Finish timestamp: 1684053710482

	Sensor record
		Azimuth value: 287
		Pitch value: -6
		Roll value: 259
		Start timestamp: 1684053710483
		Finish timestamp: 1684053710674

	Sensor record
		Azimuth value: 298
		Pitch value: -2
		Roll value: 264
		Start timestamp: 1684053710675
		Finish timestamp: 1684053710874

	Sensor record
		Azimuth value: 333
		Pitch value: -61
		Roll value: 279
		Start timestamp: 1684053710875
		Finish timestamp: 1684053711075

	Sensor record
		Azimuth value: 107
		Pitch value: -68
		Roll value: 92
		Start timestamp: 1684053711076
		Finish timestamp: 1684053711280

	Sensor record
		Azimuth value: 73
		Pitch value: -42
		Roll value: 70
		Start timestamp: 1684053711281
		Finish timestamp: 1684053711288

	Sensor record
		Azimuth value: 71
		Pitch value: -39
		Roll value: 62
		Start timestamp: 1684053711289
		Finish timestamp: 1684053711479

	Sensor record
		Azimuth value: 72
		Pitch value: -37
		Roll value: 60
		Start timestamp: 1684053711480
		Finish timestamp: 1684053711680

	Sensor record
		Azimuth value: 73
		Pitch value: -39
		Roll value: 62
		Start timestamp: 1684053711681
		Finish timestamp: 1684053711883

	Sensor record
		Azimuth value: 73
		Pitch value: -47
		Roll value: 63
		Start timestamp: 1684053711884
		Finish timestamp: 1684053712085

	Sensor record
		Azimuth value: 58
		Pitch value: -56
		Roll value: 47
		Start timestamp: 1684053712086
		Finish timestamp: 1684053712099

	Sensor record
		Azimuth value: 31
		Pitch value: -54
		Roll value: 18
		Start timestamp: 1684053712100
		Finish timestamp: 1684053712287

	Sensor record
		Azimuth value: 14
		Pitch value: -48
		Roll value: 359
		Start timestamp: 1684053712288
		Finish timestamp: 1684053712488

	Sensor record
		Azimuth value: 354
		Pitch value: -46
		Roll value: 338
		Start timestamp: 1684053712489
		Finish timestamp: 1684053712690

	Sensor record
		Azimuth value: 346
		Pitch value: -50
		Roll value: 332
		Start timestamp: 1684053712691
		Finish timestamp: 1684053712891

	Sensor record
		Azimuth value: 329
		Pitch value: -55
		Roll value: 322
		Start timestamp: 1684053712892
		Finish timestamp: 1684053712902

	Sensor record
		Azimuth value: 309
		Pitch value: -61
		Roll value: 304
		Start timestamp: 1684053712903
		Finish timestamp: 1684053713093

	Sensor record
		Azimuth value: 302
		Pitch value: -67
		Roll value: 299
		Start timestamp: 1684053713094
		Finish timestamp: 1684053713299

	Sensor record
		Azimuth value: 306
		Pitch value: -72
		Roll value: 304
		Start timestamp: 1684053713300
		Finish timestamp: 1684053713495

	Sensor record
		Azimuth value: 321
		Pitch value: -79
		Roll value: 318
		Start timestamp: 1684053713496
		Finish timestamp: 1684053713697

	Sensor record
		Azimuth value: 7
		Pitch value: -84
		Roll value: 5
		Start timestamp: 1684053713698
		Finish timestamp: 1684053713705

	Sensor record
		Azimuth value: 21
		Pitch value: -84
		Roll value: 19
		Start timestamp: 1684053713706
		Finish timestamp: 1684053713900

	Sensor record
		Azimuth value: 62
		Pitch value: -77
		Roll value: 61
		Start timestamp: 1684053713901
		Finish timestamp: 1684053714100

	Sensor record
		Azimuth value: 71
		Pitch value: -72
		Roll value: 69
		Start timestamp: 1684053714101
		Finish timestamp: 1684053714302

	Sensor record
		Azimuth value: 68
		Pitch value: -70
		Roll value: 62
		Start timestamp: 1684053714303
		Finish timestamp: 1684053714504

	Sensor record
		Azimuth value: 34
		Pitch value: -53
		Roll value: 21
		Start timestamp: 1684053714505
		Finish timestamp: 1684053714514

	Sensor record
		Azimuth value: 22
		Pitch value: -25
		Roll value: 8
		Start timestamp: 1684053714515
		Finish timestamp: 1684053714706

	Sensor record
		Azimuth value: 15
		Pitch value: -15
		Roll value: 3
		Start timestamp: 1684053714707
		Finish timestamp: 1684053714908

	Sensor record
		Azimuth value: 14
		Pitch value: -4
		Roll value: 1
		Start timestamp: 1684053714909
		Finish timestamp: 1684053715110

	Sensor record
		Azimuth value: 9
		Pitch value: -3
		Roll value: 0
		Start timestamp: 1684053715111
		Finish timestamp: 1684053715311

	Sensor record
		Azimuth value: 6
		Pitch value: -1
		Roll value: 0
		Start timestamp: 1684053715312
		Finish timestamp: 1684053715314

	Sensor record
		Azimuth value: 0
		Pitch value: -1
		Roll value: 0
		Start timestamp: 1684053715315
		Finish timestamp: 1684053715512

	Sensor record
		Azimuth value: 355
		Pitch value: -1
		Roll value: 0
		Start timestamp: 1684053715513
		Finish timestamp: 1684053715720

	Sensor record
		Azimuth value: 355
		Pitch value: 0
		Roll value: 0
		Start timestamp: 1684053715721
		Finish timestamp: 1684053716521

	Sensor record
		Azimuth value: 355
		Pitch value: 1
		Roll value: 0
		Start timestamp: 1684053716522
		Finish timestamp: 1684053716946

	Sensor record
		Azimuth value: 355
		Pitch value: 2
		Roll value: 0
		Start timestamp: 1684053716947
		Finish timestamp: 1684053757951

	Sensor record
		Azimuth value: 356
		Pitch value: 2
		Roll value: 0
		Start timestamp: 1684053757952
		Finish timestamp: 1684053757983

	Sensor record
		Azimuth value: 355
		Pitch value: 3
		Roll value: 0
		Start timestamp: 1684053757984
		Finish timestamp: 1684053758157

	Sensor record
		Azimuth value: 355
		Pitch value: 2
		Roll value: 0
		Start timestamp: 1684053758158

