
LIST OF ALL SENSOR TEXT RECORDS

	Sensor record
		Azimuth value: north
		Pitch value: east
		Roll value: north
		Start timestamp: 1687266913548
		Finish timestamp: 1687266918780

	Sensor record
		Azimuth value: north
		Pitch value: northeast
		Roll value: north
		Start timestamp: 1687266918781
		Finish timestamp: 1687266918973

	Sensor record
		Azimuth value: north
		Pitch value: east
		Roll value: north
		Start timestamp: 1687266918974
		Finish timestamp: 1687266919173

	Sensor record
		Azimuth value: north
		Pitch value: north
		Roll value: north
		Start timestamp: 1687266919174
		Finish timestamp: 1687266919175

	Sensor record
		Azimuth value: north
		Pitch value: east
		Roll value: north
		Start timestamp: 1687266919176
		Finish timestamp: 1687266919577

	Sensor record
		Azimuth value: north
		Pitch value: north
		Roll value: north
		Start timestamp: 1687266919578
		Finish timestamp: 1687266919782

	Sensor record
		Azimuth value: south
		Pitch value: west
		Roll value: south
		Start timestamp: 1687266919783
		Finish timestamp: 1687266920181

	Sensor record
		Azimuth value: south
		Pitch value: north
		Roll value: south
		Start timestamp: 1687266920182
		Finish timestamp: 1687266920382

	Sensor record
		Azimuth value: north
		Pitch value: north
		Roll value: north
		Start timestamp: 1687266920383
		Finish timestamp: 1687266920586

	Sensor record
		Azimuth value: north
		Pitch value: east
		Roll value: north
		Start timestamp: 1687266920587
		Finish timestamp: 1687266926637

	Sensor record
		Azimuth value: north
		Pitch value: north
		Roll value: north
		Start timestamp: 1687266926638
		Finish timestamp: 1687266926838

	Sensor record
		Azimuth value: east
		Pitch value: north
		Roll value: east
		Start timestamp: 1687266926839
		Finish timestamp: 1687266927041

	Sensor record
		Azimuth value: south
		Pitch value: west
		Roll value: south
		Start timestamp: 1687266927042
		Finish timestamp: 1687266927846

	Sensor record
		Azimuth value: east
		Pitch value: west
		Roll value: east
		Start timestamp: 1687266927847
		Finish timestamp: 1687266928049

	Sensor record
		Azimuth value: north
		Pitch value: north
		Roll value: north
		Start timestamp: 1687266928050
		Finish timestamp: 1687266928252

	Sensor record
		Azimuth value: north
		Pitch value: east
		Roll value: north
		Start timestamp: 1687266928253
		Finish timestamp: 1687266933697

	Sensor record
		Azimuth value: north
		Pitch value: north
		Roll value: north
		Start timestamp: 1687266933698
		Finish timestamp: 1687266933699

	Sensor record
		Azimuth value: east
		Pitch value: north
		Roll value: northeast
		Start timestamp: 1687266933700
		Finish timestamp: 1687266933897

	Sensor record
		Azimuth value: south
		Pitch value: northwest
		Roll value: south
		Start timestamp: 1687266933898
		Finish timestamp: 1687266934099

	Sensor record
		Azimuth value: south
		Pitch value: west
		Roll value: south
		Start timestamp: 1687266934100
		Finish timestamp: 1687266934911

	Sensor record
		Azimuth value: east
		Pitch value: west
		Roll value: east
		Start timestamp: 1687266934912
		Finish timestamp: 1687266935107

	Sensor record
		Azimuth value: north
		Pitch value: north
		Roll value: north
		Start timestamp: 1687266935108
		Finish timestamp: 1687266935310

	Sensor record
		Azimuth value: north
		Pitch value: east
		Roll value: north
		Start timestamp: 1687266935311
		Finish timestamp: 1687266939143

	Sensor record
		Azimuth value: north
		Pitch value: north
		Roll value: north
		Start timestamp: 1687266939144
		Finish timestamp: 1687266939345

	Sensor record
		Azimuth value: south
		Pitch value: north
		Roll value: south
		Start timestamp: 1687266939346
		Finish timestamp: 1687266939347

	Sensor record
		Azimuth value: south
		Pitch value: west
		Roll value: south
		Start timestamp: 1687266939348
		Finish timestamp: 1687266940153

	Sensor record
		Azimuth value: east
		Pitch value: west
		Roll value: east
		Start timestamp: 1687266940154
		Finish timestamp: 1687266940357

	Sensor record
		Azimuth value: north
		Pitch value: east
		Roll value: north
		Start timestamp: 1687266940358
		Finish timestamp: 1687266944388

	Sensor record
		Azimuth value: east
		Pitch value: east
		Roll value: east
		Start timestamp: 1687266944389
		Finish timestamp: 1687266944597

	Sensor record
		Azimuth value: south
		Pitch value: west
		Roll value: south
		Start timestamp: 1687266944598
		Finish timestamp: 1687266945800

	Sensor record
		Azimuth value: east
		Pitch value: west
		Roll value: east
		Start timestamp: 1687266945801
		Finish timestamp: 1687266945802

	Sensor record
		Azimuth value: north
		Pitch value: east
		Roll value: north
		Start timestamp: 1687266945803
		Finish timestamp: 1687266946000

	Sensor record
		Azimuth value: east
		Pitch value: east
		Roll value: north
		Start timestamp: 1687266946001
		Finish timestamp: 1687266946410

	Sensor record
		Azimuth value: north
		Pitch value: east
		Roll value: north
		Start timestamp: 1687266946411
		Finish timestamp: 1687266946627

	Sensor record
		Azimuth value: east
		Pitch value: east
		Roll value: north
		Start timestamp: 1687266946628
		Finish timestamp: 1687266946868

	Sensor record
		Azimuth value: north
		Pitch value: east
		Roll value: north
		Start timestamp: 1687266946869

