
LIST OF ALL CORRECTLY USED ALERTS

	Alert record
		Alert: True
		Start timestamp: 1687266913397
		Finish timestamp: 1687266919783

	Alert record
		Alert: False
		Start timestamp: 1687266919784
		Finish timestamp: 1687266920383

	Alert record
		Alert: True
		Start timestamp: 1687266920384
		Finish timestamp: 1687266927042

	Alert record
		Alert: False
		Start timestamp: 1687266927043
		Finish timestamp: 1687266927846

	Alert record
		Alert: True
		Start timestamp: 1687266927847
		Finish timestamp: 1687266933898

	Alert record
		Alert: False
		Start timestamp: 1687266933899
		Finish timestamp: 1687266934911

	Alert record
		Alert: True
		Start timestamp: 1687266934912
		Finish timestamp: 1687266939345

	Alert record
		Alert: False
		Start timestamp: 1687266939346
		Finish timestamp: 1687266940154

	Alert record
		Alert: True
		Start timestamp: 1687266940155
		Finish timestamp: 1687266940361

	Alert record
		Alert: False
		Start timestamp: 1687266940362
		Finish timestamp: 1687266944388

	Alert record
		Alert: True
		Start timestamp: 1687266944389
		Finish timestamp: 1687266944598

	Alert record
		Alert: False
		Start timestamp: 1687266944599
		Finish timestamp: 1687266945800

	Alert record
		Alert: True
		Start timestamp: 1687266945801
		Finish timestamp: 1687266945803

	Alert record
		Alert: False
		Start timestamp: 1687266945804
		Finish timestamp: 1687266946001

	Alert record
		Alert: True
		Start timestamp: 1687266946002

LIST OF ALL AZIMUTH ALERTS

	Alert record
		Alert: False
		Start timestamp: 1687266913397
		Finish timestamp: 1687266919783

	Alert record
		Alert: True
		Start timestamp: 1687266919784
		Finish timestamp: 1687266920383

	Alert record
		Alert: False
		Start timestamp: 1687266920384
		Finish timestamp: 1687266927042

	Alert record
		Alert: True
		Start timestamp: 1687266927043
		Finish timestamp: 1687266927846

	Alert record
		Alert: False
		Start timestamp: 1687266927847
		Finish timestamp: 1687266933898

	Alert record
		Alert: True
		Start timestamp: 1687266933899
		Finish timestamp: 1687266934911

	Alert record
		Alert: False
		Start timestamp: 1687266934912
		Finish timestamp: 1687266939345

	Alert record
		Alert: True
		Start timestamp: 1687266939346
		Finish timestamp: 1687266940154

	Alert record
		Alert: False
		Start timestamp: 1687266940155
		Finish timestamp: 1687266944598

	Alert record
		Alert: True
		Start timestamp: 1687266944599
		Finish timestamp: 1687266945800

	Alert record
		Alert: False
		Start timestamp: 1687266945801

LIST OF ALL PITCH ALERTS

	Alert record
		Alert: False
		Start timestamp: 1687266913397
		Finish timestamp: 1687266940361

	Alert record
		Alert: True
		Start timestamp: 1687266940362
		Finish timestamp: 1687266944388

	Alert record
		Alert: False
		Start timestamp: 1687266944389
		Finish timestamp: 1687266944598

	Alert record
		Alert: True
		Start timestamp: 1687266944599
		Finish timestamp: 1687266945800

	Alert record
		Alert: False
		Start timestamp: 1687266945801
		Finish timestamp: 1687266945803

	Alert record
		Alert: True
		Start timestamp: 1687266945804
		Finish timestamp: 1687266946001

	Alert record
		Alert: False
		Start timestamp: 1687266946002

LIST OF ALL ROLL ALERTS

	Alert record
		Alert: False
		Start timestamp: 1687266913397
		Finish timestamp: 1687266919785

	Alert record
		Alert: True
		Start timestamp: 1687266919786
		Finish timestamp: 1687266920383

	Alert record
		Alert: False
		Start timestamp: 1687266920384
		Finish timestamp: 1687266927043

	Alert record
		Alert: True
		Start timestamp: 1687266927044
		Finish timestamp: 1687266927846

	Alert record
		Alert: False
		Start timestamp: 1687266927847
		Finish timestamp: 1687266933899

	Alert record
		Alert: True
		Start timestamp: 1687266933900
		Finish timestamp: 1687266934911

	Alert record
		Alert: False
		Start timestamp: 1687266934912
		Finish timestamp: 1687266939346

	Alert record
		Alert: True
		Start timestamp: 1687266939347
		Finish timestamp: 1687266940154

	Alert record
		Alert: False
		Start timestamp: 1687266940155
		Finish timestamp: 1687266944599

	Alert record
		Alert: True
		Start timestamp: 1687266944600
		Finish timestamp: 1687266945800

	Alert record
		Alert: False
		Start timestamp: 1687266945801

