
LIST OF ALL SENSOR NUMBER RECORDS

	Sensor record
		Azimuth value: 0
		Pitch value: -1
		Roll value: 0
		Start timestamp: 1687266913549
		Finish timestamp: 1687266913550

	Sensor record
		Azimuth value: 2
		Pitch value: 2
		Roll value: 357
		Start timestamp: 1687266913551
		Finish timestamp: 1687266913730

	Sensor record
		Azimuth value: 3
		Pitch value: 2
		Roll value: 353
		Start timestamp: 1687266913731
		Finish timestamp: 1687266913927

	Sensor record
		Azimuth value: 0
		Pitch value: 0
		Roll value: 349
		Start timestamp: 1687266913928
		Finish timestamp: 1687266914129

	Sensor record
		Azimuth value: 4
		Pitch value: 0
		Roll value: 346
		Start timestamp: 1687266914130
		Finish timestamp: 1687266914330

	Sensor record
		Azimuth value: 4
		Pitch value: 0
		Roll value: 345
		Start timestamp: 1687266914331
		Finish timestamp: 1687266914936

	Sensor record
		Azimuth value: 4
		Pitch value: 1
		Roll value: 345
		Start timestamp: 1687266914937
		Finish timestamp: 1687266915137

	Sensor record
		Azimuth value: 0
		Pitch value: 1
		Roll value: 346
		Start timestamp: 1687266915138
		Finish timestamp: 1687266915138

	Sensor record
		Azimuth value: 356
		Pitch value: 2
		Roll value: 346
		Start timestamp: 1687266915139
		Finish timestamp: 1687266915343

	Sensor record
		Azimuth value: 355
		Pitch value: 2
		Roll value: 346
		Start timestamp: 1687266915344
		Finish timestamp: 1687266915542

	Sensor record
		Azimuth value: 355
		Pitch value: 2
		Roll value: 345
		Start timestamp: 1687266915543
		Finish timestamp: 1687266915743

	Sensor record
		Azimuth value: 355
		Pitch value: 2
		Roll value: 346
		Start timestamp: 1687266915744
		Finish timestamp: 1687266915947

	Sensor record
		Azimuth value: 354
		Pitch value: 2
		Roll value: 345
		Start timestamp: 1687266915948
		Finish timestamp: 1687266915948

	Sensor record
		Azimuth value: 352
		Pitch value: 2
		Roll value: 345
		Start timestamp: 1687266915949
		Finish timestamp: 1687266916146

	Sensor record
		Azimuth value: 351
		Pitch value: 2
		Roll value: 345
		Start timestamp: 1687266916147
		Finish timestamp: 1687266916347

	Sensor record
		Azimuth value: 350
		Pitch value: 2
		Roll value: 345
		Start timestamp: 1687266916348
		Finish timestamp: 1687266916551

	Sensor record
		Azimuth value: 350
		Pitch value: 2
		Roll value: 344
		Start timestamp: 1687266916552
		Finish timestamp: 1687266916751

	Sensor record
		Azimuth value: 359
		Pitch value: 2
		Roll value: 345
		Start timestamp: 1687266916752
		Finish timestamp: 1687266916751

	Sensor record
		Azimuth value: 7
		Pitch value: 3
		Roll value: 345
		Start timestamp: 1687266916752
		Finish timestamp: 1687266916954

	Sensor record
		Azimuth value: 8
		Pitch value: 3
		Roll value: 347
		Start timestamp: 1687266916955
		Finish timestamp: 1687266917156

	Sensor record
		Azimuth value: 3
		Pitch value: 5
		Roll value: 4
		Start timestamp: 1687266917157
		Finish timestamp: 1687266917356

	Sensor record
		Azimuth value: 340
		Pitch value: -34
		Roll value: 325
		Start timestamp: 1687266917357
		Finish timestamp: 1687266917558

	Sensor record
		Azimuth value: 347
		Pitch value: -26
		Roll value: 319
		Start timestamp: 1687266917559
		Finish timestamp: 1687266917559

	Sensor record
		Azimuth value: 340
		Pitch value: -27
		Roll value: 333
		Start timestamp: 1687266917560
		Finish timestamp: 1687266917887

	Sensor record
		Azimuth value: 325
		Pitch value: -31
		Roll value: 337
		Start timestamp: 1687266917888
		Finish timestamp: 1687266917965

	Sensor record
		Azimuth value: 331
		Pitch value: -32
		Roll value: 340
		Start timestamp: 1687266917966
		Finish timestamp: 1687266918163

	Sensor record
		Azimuth value: 327
		Pitch value: -20
		Roll value: 332
		Start timestamp: 1687266918164
		Finish timestamp: 1687266918365

	Sensor record
		Azimuth value: 325
		Pitch value: -27
		Roll value: 329
		Start timestamp: 1687266918366
		Finish timestamp: 1687266918367

	Sensor record
		Azimuth value: 322
		Pitch value: -32
		Roll value: 332
		Start timestamp: 1687266918368
		Finish timestamp: 1687266918721

	Sensor record
		Azimuth value: 327
		Pitch value: -42
		Roll value: 336
		Start timestamp: 1687266918722
		Finish timestamp: 1687266918779

	Sensor record
		Azimuth value: 332
		Pitch value: -45
		Roll value: 341
		Start timestamp: 1687266918780
		Finish timestamp: 1687266918973

	Sensor record
		Azimuth value: 336
		Pitch value: -44
		Roll value: 342
		Start timestamp: 1687266918974
		Finish timestamp: 1687266919172

	Sensor record
		Azimuth value: 332
		Pitch value: -46
		Roll value: 342
		Start timestamp: 1687266919173
		Finish timestamp: 1687266919175

	Sensor record
		Azimuth value: 319
		Pitch value: -16
		Roll value: 316
		Start timestamp: 1687266919176
		Finish timestamp: 1687266919373

	Sensor record
		Azimuth value: 322
		Pitch value: -16
		Roll value: 337
		Start timestamp: 1687266919374
		Finish timestamp: 1687266919576

	Sensor record
		Azimuth value: 355
		Pitch value: -62
		Roll value: 29
		Start timestamp: 1687266919577
		Finish timestamp: 1687266919779

	Sensor record
		Azimuth value: 162
		Pitch value: -20
		Roll value: 176
		Start timestamp: 1687266919780
		Finish timestamp: 1687266919980

	Sensor record
		Azimuth value: 144
		Pitch value: 0
		Roll value: 176
		Start timestamp: 1687266919981
		Finish timestamp: 1687266919983

	Sensor record
		Azimuth value: 144
		Pitch value: -14
		Roll value: 171
		Start timestamp: 1687266919984
		Finish timestamp: 1687266920180

	Sensor record
		Azimuth value: 138
		Pitch value: -56
		Roll value: 145
		Start timestamp: 1687266920181
		Finish timestamp: 1687266920382

	Sensor record
		Azimuth value: 35
		Pitch value: -68
		Roll value: 25
		Start timestamp: 1687266920383
		Finish timestamp: 1687266920585

	Sensor record
		Azimuth value: 27
		Pitch value: -43
		Roll value: 357
		Start timestamp: 1687266920586
		Finish timestamp: 1687266920787

	Sensor record
		Azimuth value: 26
		Pitch value: -29
		Roll value: 353
		Start timestamp: 1687266920788
		Finish timestamp: 1687266920788

	Sensor record
		Azimuth value: 22
		Pitch value: -30
		Roll value: 353
		Start timestamp: 1687266920789
		Finish timestamp: 1687266920987

	Sensor record
		Azimuth value: 15
		Pitch value: -39
		Roll value: 338
		Start timestamp: 1687266920988
		Finish timestamp: 1687266921188

	Sensor record
		Azimuth value: 18
		Pitch value: -43
		Roll value: 332
		Start timestamp: 1687266921189
		Finish timestamp: 1687266921390

	Sensor record
		Azimuth value: 22
		Pitch value: -42
		Roll value: 330
		Start timestamp: 1687266921391
		Finish timestamp: 1687266921594

	Sensor record
		Azimuth value: 26
		Pitch value: -39
		Roll value: 331
		Start timestamp: 1687266921595
		Finish timestamp: 1687266921596

	Sensor record
		Azimuth value: 27
		Pitch value: -38
		Roll value: 332
		Start timestamp: 1687266921597
		Finish timestamp: 1687266921795

	Sensor record
		Azimuth value: 29
		Pitch value: -37
		Roll value: 334
		Start timestamp: 1687266921796
		Finish timestamp: 1687266921997

	Sensor record
		Azimuth value: 30
		Pitch value: -37
		Roll value: 335
		Start timestamp: 1687266921998
		Finish timestamp: 1687266922198

	Sensor record
		Azimuth value: 31
		Pitch value: -36
		Roll value: 336
		Start timestamp: 1687266922199
		Finish timestamp: 1687266922399

	Sensor record
		Azimuth value: 32
		Pitch value: -35
		Roll value: 337
		Start timestamp: 1687266922400
		Finish timestamp: 1687266922401

	Sensor record
		Azimuth value: 32
		Pitch value: -34
		Roll value: 338
		Start timestamp: 1687266922402
		Finish timestamp: 1687266922602

	Sensor record
		Azimuth value: 32
		Pitch value: -33
		Roll value: 338
		Start timestamp: 1687266922603
		Finish timestamp: 1687266922803

	Sensor record
		Azimuth value: 32
		Pitch value: -32
		Roll value: 338
		Start timestamp: 1687266922804
		Finish timestamp: 1687266923004

	Sensor record
		Azimuth value: 32
		Pitch value: -31
		Roll value: 339
		Start timestamp: 1687266923005
		Finish timestamp: 1687266923207

	Sensor record
		Azimuth value: 32
		Pitch value: -31
		Roll value: 340
		Start timestamp: 1687266923208
		Finish timestamp: 1687266923208

	Sensor record
		Azimuth value: 33
		Pitch value: -30
		Roll value: 340
		Start timestamp: 1687266923209
		Finish timestamp: 1687266923610

	Sensor record
		Azimuth value: 33
		Pitch value: -30
		Roll value: 341
		Start timestamp: 1687266923611
		Finish timestamp: 1687266923811

	Sensor record
		Azimuth value: 34
		Pitch value: -30
		Roll value: 341
		Start timestamp: 1687266923812
		Finish timestamp: 1687266924013

	Sensor record
		Azimuth value: 34
		Pitch value: -30
		Roll value: 342
		Start timestamp: 1687266924014
		Finish timestamp: 1687266924214

	Sensor record
		Azimuth value: 34
		Pitch value: -30
		Roll value: 343
		Start timestamp: 1687266924215
		Finish timestamp: 1687266924820

	Sensor record
		Azimuth value: 35
		Pitch value: -30
		Roll value: 344
		Start timestamp: 1687266924821
		Finish timestamp: 1687266925425

	Sensor record
		Azimuth value: 35
		Pitch value: -30
		Roll value: 345
		Start timestamp: 1687266925426
		Finish timestamp: 1687266925627

	Sensor record
		Azimuth value: 35
		Pitch value: -30
		Roll value: 344
		Start timestamp: 1687266925628
		Finish timestamp: 1687266925628

	Sensor record
		Azimuth value: 35
		Pitch value: -30
		Roll value: 345
		Start timestamp: 1687266925629
		Finish timestamp: 1687266925829

	Sensor record
		Azimuth value: 37
		Pitch value: -34
		Roll value: 349
		Start timestamp: 1687266925830
		Finish timestamp: 1687266926030

	Sensor record
		Azimuth value: 34
		Pitch value: -38
		Roll value: 353
		Start timestamp: 1687266926031
		Finish timestamp: 1687266926233

	Sensor record
		Azimuth value: 30
		Pitch value: -39
		Roll value: 354
		Start timestamp: 1687266926234
		Finish timestamp: 1687266926435

	Sensor record
		Azimuth value: 30
		Pitch value: -39
		Roll value: 355
		Start timestamp: 1687266926436
		Finish timestamp: 1687266926437

	Sensor record
		Azimuth value: 30
		Pitch value: -40
		Roll value: 355
		Start timestamp: 1687266926438
		Finish timestamp: 1687266926636

	Sensor record
		Azimuth value: 35
		Pitch value: -48
		Roll value: 5
		Start timestamp: 1687266926637
		Finish timestamp: 1687266926837

	Sensor record
		Azimuth value: 66
		Pitch value: -66
		Roll value: 49
		Start timestamp: 1687266926838
		Finish timestamp: 1687266927040

	Sensor record
		Azimuth value: 157
		Pitch value: -31
		Roll value: 169
		Start timestamp: 1687266927041
		Finish timestamp: 1687266927245

	Sensor record
		Azimuth value: 149
		Pitch value: -11
		Roll value: 171
		Start timestamp: 1687266927246
		Finish timestamp: 1687266927246

	Sensor record
		Azimuth value: 147
		Pitch value: -13
		Roll value: 170
		Start timestamp: 1687266927247
		Finish timestamp: 1687266927442

	Sensor record
		Azimuth value: 146
		Pitch value: -19
		Roll value: 168
		Start timestamp: 1687266927443
		Finish timestamp: 1687266927644

	Sensor record
		Azimuth value: 144
		Pitch value: -35
		Roll value: 160
		Start timestamp: 1687266927645
		Finish timestamp: 1687266927846

	Sensor record
		Azimuth value: 128
		Pitch value: -60
		Roll value: 134
		Start timestamp: 1687266927847
		Finish timestamp: 1687266928048

	Sensor record
		Azimuth value: 38
		Pitch value: -66
		Roll value: 29
		Start timestamp: 1687266928049
		Finish timestamp: 1687266928052

	Sensor record
		Azimuth value: 23
		Pitch value: -47
		Roll value: 3
		Start timestamp: 1687266928053
		Finish timestamp: 1687266928251

	Sensor record
		Azimuth value: 22
		Pitch value: -33
		Roll value: 353
		Start timestamp: 1687266928252
		Finish timestamp: 1687266928451

	Sensor record
		Azimuth value: 20
		Pitch value: -24
		Roll value: 346
		Start timestamp: 1687266928452
		Finish timestamp: 1687266928653

	Sensor record
		Azimuth value: 25
		Pitch value: -26
		Roll value: 345
		Start timestamp: 1687266928654
		Finish timestamp: 1687266928855

	Sensor record
		Azimuth value: 26
		Pitch value: -27
		Roll value: 345
		Start timestamp: 1687266928856
		Finish timestamp: 1687266928857

	Sensor record
		Azimuth value: 28
		Pitch value: -28
		Roll value: 345
		Start timestamp: 1687266928858
		Finish timestamp: 1687266929057

	Sensor record
		Azimuth value: 28
		Pitch value: -31
		Roll value: 347
		Start timestamp: 1687266929058
		Finish timestamp: 1687266929260

	Sensor record
		Azimuth value: 30
		Pitch value: -34
		Roll value: 349
		Start timestamp: 1687266929261
		Finish timestamp: 1687266929460

	Sensor record
		Azimuth value: 31
		Pitch value: -35
		Roll value: 349
		Start timestamp: 1687266929461
		Finish timestamp: 1687266930066

	Sensor record
		Azimuth value: 31
		Pitch value: -34
		Roll value: 349
		Start timestamp: 1687266930067
		Finish timestamp: 1687266930267

	Sensor record
		Azimuth value: 31
		Pitch value: -33
		Roll value: 349
		Start timestamp: 1687266930268
		Finish timestamp: 1687266931478

	Sensor record
		Azimuth value: 31
		Pitch value: -33
		Roll value: 348
		Start timestamp: 1687266931479
		Finish timestamp: 1687266931880

	Sensor record
		Azimuth value: 30
		Pitch value: -33
		Roll value: 348
		Start timestamp: 1687266931881
		Finish timestamp: 1687266932083

	Sensor record
		Azimuth value: 31
		Pitch value: -34
		Roll value: 350
		Start timestamp: 1687266932084
		Finish timestamp: 1687266932083

	Sensor record
		Azimuth value: 30
		Pitch value: -35
		Roll value: 350
		Start timestamp: 1687266932084
		Finish timestamp: 1687266932284

	Sensor record
		Azimuth value: 30
		Pitch value: -35
		Roll value: 351
		Start timestamp: 1687266932285
		Finish timestamp: 1687266932486

	Sensor record
		Azimuth value: 29
		Pitch value: -36
		Roll value: 352
		Start timestamp: 1687266932487
		Finish timestamp: 1687266932688

	Sensor record
		Azimuth value: 30
		Pitch value: -37
		Roll value: 354
		Start timestamp: 1687266932689
		Finish timestamp: 1687266932889

	Sensor record
		Azimuth value: 29
		Pitch value: -37
		Roll value: 354
		Start timestamp: 1687266932890
		Finish timestamp: 1687266932890

	Sensor record
		Azimuth value: 27
		Pitch value: -37
		Roll value: 355
		Start timestamp: 1687266932891
		Finish timestamp: 1687266933092

	Sensor record
		Azimuth value: 27
		Pitch value: -38
		Roll value: 356
		Start timestamp: 1687266933093
		Finish timestamp: 1687266933292

	Sensor record
		Azimuth value: 26
		Pitch value: -41
		Roll value: 358
		Start timestamp: 1687266933293
		Finish timestamp: 1687266933494

	Sensor record
		Azimuth value: 27
		Pitch value: -43
		Roll value: 358
		Start timestamp: 1687266933495
		Finish timestamp: 1687266933696

	Sensor record
		Azimuth value: 31
		Pitch value: -51
		Roll value: 6
		Start timestamp: 1687266933697
		Finish timestamp: 1687266933698

	Sensor record
		Azimuth value: 58
		Pitch value: -71
		Roll value: 45
		Start timestamp: 1687266933699
		Finish timestamp: 1687266933897

	Sensor record
		Azimuth value: 159
		Pitch value: -45
		Roll value: 159
		Start timestamp: 1687266933898
		Finish timestamp: 1687266934099

	Sensor record
		Azimuth value: 156
		Pitch value: -15
		Roll value: 165
		Start timestamp: 1687266934100
		Finish timestamp: 1687266934301

	Sensor record
		Azimuth value: 156
		Pitch value: -16
		Roll value: 163
		Start timestamp: 1687266934302
		Finish timestamp: 1687266934502

	Sensor record
		Azimuth value: 155
		Pitch value: -17
		Roll value: 165
		Start timestamp: 1687266934503
		Finish timestamp: 1687266934504

	Sensor record
		Azimuth value: 156
		Pitch value: -24
		Roll value: 164
		Start timestamp: 1687266934505
		Finish timestamp: 1687266934704

	Sensor record
		Azimuth value: 154
		Pitch value: -41
		Roll value: 160
		Start timestamp: 1687266934705
		Finish timestamp: 1687266934907

	Sensor record
		Azimuth value: 111
		Pitch value: -75
		Roll value: 108
		Start timestamp: 1687266934908
		Finish timestamp: 1687266935107

	Sensor record
		Azimuth value: 19
		Pitch value: -51
		Roll value: 4
		Start timestamp: 1687266935108
		Finish timestamp: 1687266935310

	Sensor record
		Azimuth value: 15
		Pitch value: -21
		Roll value: 350
		Start timestamp: 1687266935311
		Finish timestamp: 1687266935311

	Sensor record
		Azimuth value: 19
		Pitch value: -23
		Roll value: 345
		Start timestamp: 1687266935312
		Finish timestamp: 1687266935511

	Sensor record
		Azimuth value: 20
		Pitch value: -26
		Roll value: 343
		Start timestamp: 1687266935512
		Finish timestamp: 1687266935713

	Sensor record
		Azimuth value: 21
		Pitch value: -26
		Roll value: 343
		Start timestamp: 1687266935714
		Finish timestamp: 1687266936116

	Sensor record
		Azimuth value: 21
		Pitch value: -26
		Roll value: 344
		Start timestamp: 1687266936117
		Finish timestamp: 1687266936118

	Sensor record
		Azimuth value: 22
		Pitch value: -26
		Roll value: 344
		Start timestamp: 1687266936119
		Finish timestamp: 1687266936318

	Sensor record
		Azimuth value: 21
		Pitch value: -26
		Roll value: 344
		Start timestamp: 1687266936319
		Finish timestamp: 1687266936925

	Sensor record
		Azimuth value: 22
		Pitch value: -26
		Roll value: 344
		Start timestamp: 1687266936926
		Finish timestamp: 1687266937124

	Sensor record
		Azimuth value: 22
		Pitch value: -25
		Roll value: 344
		Start timestamp: 1687266937125
		Finish timestamp: 1687266937326

	Sensor record
		Azimuth value: 22
		Pitch value: -26
		Roll value: 344
		Start timestamp: 1687266937327
		Finish timestamp: 1687266937730

	Sensor record
		Azimuth value: 21
		Pitch value: -29
		Roll value: 344
		Start timestamp: 1687266937731
		Finish timestamp: 1687266937731

	Sensor record
		Azimuth value: 21
		Pitch value: -28
		Roll value: 344
		Start timestamp: 1687266937732
		Finish timestamp: 1687266937931

	Sensor record
		Azimuth value: 22
		Pitch value: -28
		Roll value: 344
		Start timestamp: 1687266937932
		Finish timestamp: 1687266938134

	Sensor record
		Azimuth value: 22
		Pitch value: -29
		Roll value: 345
		Start timestamp: 1687266938135
		Finish timestamp: 1687266938336

	Sensor record
		Azimuth value: 21
		Pitch value: -30
		Roll value: 346
		Start timestamp: 1687266938337
		Finish timestamp: 1687266938538

	Sensor record
		Azimuth value: 22
		Pitch value: -32
		Roll value: 348
		Start timestamp: 1687266938539
		Finish timestamp: 1687266938541

	Sensor record
		Azimuth value: 21
		Pitch value: -34
		Roll value: 349
		Start timestamp: 1687266938542
		Finish timestamp: 1687266938738

	Sensor record
		Azimuth value: 21
		Pitch value: -36
		Roll value: 350
		Start timestamp: 1687266938739
		Finish timestamp: 1687266938945

	Sensor record
		Azimuth value: 21
		Pitch value: -38
		Roll value: 351
		Start timestamp: 1687266938946
		Finish timestamp: 1687266939143

	Sensor record
		Azimuth value: 30
		Pitch value: -50
		Roll value: 5
		Start timestamp: 1687266939144
		Finish timestamp: 1687266939345

	Sensor record
		Azimuth value: 159
		Pitch value: -59
		Roll value: 151
		Start timestamp: 1687266939346
		Finish timestamp: 1687266939347

	Sensor record
		Azimuth value: 159
		Pitch value: -22
		Roll value: 172
		Start timestamp: 1687266939348
		Finish timestamp: 1687266939551

	Sensor record
		Azimuth value: 155
		Pitch value: -21
		Roll value: 168
		Start timestamp: 1687266939552
		Finish timestamp: 1687266939747

	Sensor record
		Azimuth value: 154
		Pitch value: -20
		Roll value: 169
		Start timestamp: 1687266939748
		Finish timestamp: 1687266939950

	Sensor record
		Azimuth value: 155
		Pitch value: -21
		Roll value: 171
		Start timestamp: 1687266939951
		Finish timestamp: 1687266940151

	Sensor record
		Azimuth value: 152
		Pitch value: -41
		Roll value: 161
		Start timestamp: 1687266940152
		Finish timestamp: 1687266940152

	Sensor record
		Azimuth value: 113
		Pitch value: -76
		Roll value: 111
		Start timestamp: 1687266940153
		Finish timestamp: 1687266940356

	Sensor record
		Azimuth value: 9
		Pitch value: -43
		Roll value: 349
		Start timestamp: 1687266940357
		Finish timestamp: 1687266940554

	Sensor record
		Azimuth value: 16
		Pitch value: -19
		Roll value: 344
		Start timestamp: 1687266940555
		Finish timestamp: 1687266940756

	Sensor record
		Azimuth value: 18
		Pitch value: -24
		Roll value: 340
		Start timestamp: 1687266940757
		Finish timestamp: 1687266940959

	Sensor record
		Azimuth value: 18
		Pitch value: -23
		Roll value: 341
		Start timestamp: 1687266940960
		Finish timestamp: 1687266940961

	Sensor record
		Azimuth value: 19
		Pitch value: -23
		Roll value: 342
		Start timestamp: 1687266940962
		Finish timestamp: 1687266941361

	Sensor record
		Azimuth value: 20
		Pitch value: -24
		Roll value: 342
		Start timestamp: 1687266941362
		Finish timestamp: 1687266941562

	Sensor record
		Azimuth value: 20
		Pitch value: -25
		Roll value: 343
		Start timestamp: 1687266941563
		Finish timestamp: 1687266941966

	Sensor record
		Azimuth value: 20
		Pitch value: -24
		Roll value: 343
		Start timestamp: 1687266941967
		Finish timestamp: 1687266942168

	Sensor record
		Azimuth value: 21
		Pitch value: -24
		Roll value: 343
		Start timestamp: 1687266942169
		Finish timestamp: 1687266942371

	Sensor record
		Azimuth value: 21
		Pitch value: -23
		Roll value: 343
		Start timestamp: 1687266942372
		Finish timestamp: 1687266942572

	Sensor record
		Azimuth value: 21
		Pitch value: -24
		Roll value: 343
		Start timestamp: 1687266942573
		Finish timestamp: 1687266942573

	Sensor record
		Azimuth value: 21
		Pitch value: -23
		Roll value: 343
		Start timestamp: 1687266942574
		Finish timestamp: 1687266943176

	Sensor record
		Azimuth value: 22
		Pitch value: -24
		Roll value: 344
		Start timestamp: 1687266943177
		Finish timestamp: 1687266943580

	Sensor record
		Azimuth value: 22
		Pitch value: -25
		Roll value: 345
		Start timestamp: 1687266943581
		Finish timestamp: 1687266943782

	Sensor record
		Azimuth value: 22
		Pitch value: -26
		Roll value: 346
		Start timestamp: 1687266943783
		Finish timestamp: 1687266943983

	Sensor record
		Azimuth value: 22
		Pitch value: -28
		Roll value: 346
		Start timestamp: 1687266943984
		Finish timestamp: 1687266944186

	Sensor record
		Azimuth value: 23
		Pitch value: -29
		Roll value: 348
		Start timestamp: 1687266944187
		Finish timestamp: 1687266944189

	Sensor record
		Azimuth value: 27
		Pitch value: -39
		Roll value: 357
		Start timestamp: 1687266944190
		Finish timestamp: 1687266944388

	Sensor record
		Azimuth value: 73
		Pitch value: -67
		Roll value: 51
		Start timestamp: 1687266944389
		Finish timestamp: 1687266944596

	Sensor record
		Azimuth value: 155
		Pitch value: -39
		Roll value: 152
		Start timestamp: 1687266944597
		Finish timestamp: 1687266944790

	Sensor record
		Azimuth value: 147
		Pitch value: -14
		Roll value: 173
		Start timestamp: 1687266944791
		Finish timestamp: 1687266944992

	Sensor record
		Azimuth value: 146
		Pitch value: -16
		Roll value: 170
		Start timestamp: 1687266944993
		Finish timestamp: 1687266944992

	Sensor record
		Azimuth value: 147
		Pitch value: -15
		Roll value: 168
		Start timestamp: 1687266944993
		Finish timestamp: 1687266945193

	Sensor record
		Azimuth value: 147
		Pitch value: -16
		Roll value: 168
		Start timestamp: 1687266945194
		Finish timestamp: 1687266945397

	Sensor record
		Azimuth value: 147
		Pitch value: -18
		Roll value: 167
		Start timestamp: 1687266945398
		Finish timestamp: 1687266945598

	Sensor record
		Azimuth value: 141
		Pitch value: -39
		Roll value: 152
		Start timestamp: 1687266945599
		Finish timestamp: 1687266945799

	Sensor record
		Azimuth value: 60
		Pitch value: -65
		Roll value: 50
		Start timestamp: 1687266945800
		Finish timestamp: 1687266945801

	Sensor record
		Azimuth value: 34
		Pitch value: -26
		Roll value: 358
		Start timestamp: 1687266945802
		Finish timestamp: 1687266946000

	Sensor record
		Azimuth value: 47
		Pitch value: -15
		Roll value: 351
		Start timestamp: 1687266946001
		Finish timestamp: 1687266946202

	Sensor record
		Azimuth value: 47
		Pitch value: -18
		Roll value: 354
		Start timestamp: 1687266946203
		Finish timestamp: 1687266946410

	Sensor record
		Azimuth value: 35
		Pitch value: -17
		Roll value: 344
		Start timestamp: 1687266946411
		Finish timestamp: 1687266946625

	Sensor record
		Azimuth value: 47
		Pitch value: -22
		Roll value: 342
		Start timestamp: 1687266946626
		Finish timestamp: 1687266946635

	Sensor record
		Azimuth value: 46
		Pitch value: -28
		Roll value: 341
		Start timestamp: 1687266946636
		Finish timestamp: 1687266946855

	Sensor record
		Azimuth value: 42
		Pitch value: -37
		Roll value: 338
		Start timestamp: 1687266946856

