
ANALYSIS OF ALL INSTRUCTIONS

	Instruction
		Name: clock_gettime
		Minimum duration: 188
		Maximum duration: 1862
		Average duration: 619.8545454545455
		Variance: 117306.85157024795
		Number measurements: 55
		List measurements: [1236, 209, 211, 211, 531, 188, 247, 221, 207, 315, 287, 202, 197, 820, 598, 1308, 522, 516, 555, 1862, 738, 567, 678, 530, 512, 517, 770, 810, 566, 591, 541, 635, 642, 730, 1035, 544, 624, 1377, 1702, 542, 494, 573, 498, 563, 633, 523, 533, 552, 535, 516, 755, 818, 512, 869, 624]

	Instruction
		Name: epoll_pwait
		Minimum duration: 204
		Maximum duration: 4132
		Average duration: 1798
		Variance: 2582772.0
		Number measurements: 6
		List measurements: [3894, 1390, 204, 606, 4132, 562]

	Instruction
		Name: futex
		Minimum duration: 267
		Maximum duration: 876
		Average duration: 616
		Variance: 65774.0
		Number measurements: 3
		List measurements: [267, 705, 876]

	Instruction
		Name: gettimeofday
		Minimum duration: 187
		Maximum duration: 732
		Average duration: 402.75
		Variance: 42113.4375
		Number measurements: 8
		List measurements: [187, 208, 229, 196, 559, 553, 732, 558]

	Instruction
		Name: getuid
		Minimum duration: 196
		Maximum duration: 991
		Average duration: 498.8
		Variance: 83139.76
		Number measurements: 5
		List measurements: [196, 220, 991, 540, 547]

	Instruction
		Name: ioctl
		Minimum duration: 571
		Maximum duration: 1298
		Average duration: 962.6666666666666
		Variance: 73768.88888888889
		Number measurements: 6
		List measurements: [1248, 571, 1113, 1298, 753, 793]

	Instruction
		Name: read
		Minimum duration: 183
		Maximum duration: 2863
		Average duration: 655.9166666666666
		Variance: 466595.5763888888
		Number measurements: 12
		List measurements: [183, 2863, 277, 214, 362, 601, 697, 552, 547, 525, 536, 514]

	Instruction
		Name: recvfrom
		Minimum duration: 194
		Maximum duration: 2259
		Average duration: 682.875
		Variance: 389719.359375
		Number measurements: 8
		List measurements: [274, 194, 487, 257, 643, 620, 2259, 729]

	Instruction
		Name: write
		Minimum duration: 215
		Maximum duration: 3755
		Average duration: 1479
		Variance: 1763130.8
		Number measurements: 5
		List measurements: [215, 541, 2202, 3755, 682]

