
LIST OF ALL SENSOR TEXT RECORDS

	Sensor record
		Azimuth value: north
		Pitch value: east
		Roll value: north
		Start timestamp: 1680004488425
		Finish timestamp: 1680004488529

	Sensor record
		Azimuth value: north
		Pitch value: north
		Roll value: north
		Start timestamp: 1680004488530
		Finish timestamp: 1680004490401

	Sensor record
		Azimuth value: west
		Pitch value: north
		Roll value: north
		Start timestamp: 1680004490402
		Finish timestamp: 1680004490588

	Sensor record
		Azimuth value: west
		Pitch value: north
		Roll value: west
		Start timestamp: 1680004490589
		Finish timestamp: 1680004490774

	Sensor record
		Azimuth value: north
		Pitch value: north
		Roll value: west
		Start timestamp: 1680004490775
		Finish timestamp: 1680004491000

	Sensor record
		Azimuth value: west
		Pitch value: north
		Roll value: west
		Start timestamp: 1680004491001
		Finish timestamp: 1680004491186

	Sensor record
		Azimuth value: south
		Pitch value: north
		Roll value: east
		Start timestamp: 1680004491187
		Finish timestamp: 1680004491912

	Sensor record
		Azimuth value: west
		Pitch value: north
		Roll value: south
		Start timestamp: 1680004491913
		Finish timestamp: 1680004492085

	Sensor record
		Azimuth value: northwest
		Pitch value: north
		Roll value: west
		Start timestamp: 1680004492086
		Finish timestamp: 1680004492276

	Sensor record
		Azimuth value: north
		Pitch value: north
		Roll value: west
		Start timestamp: 1680004492277
		Finish timestamp: 1680004493077

	Sensor record
		Azimuth value: north
		Pitch value: east
		Roll value: north
		Start timestamp: 1680004493078
		Finish timestamp: 1680004493264

	Sensor record
		Azimuth value: north
		Pitch value: north
		Roll value: north
		Start timestamp: 1680004493265
		Finish timestamp: 1680004493583

	Sensor record
		Azimuth value: east
		Pitch value: north
		Roll value: east
		Start timestamp: 1680004493584
		Finish timestamp: 1680004494368

	Sensor record
		Azimuth value: east
		Pitch value: north
		Roll value: north
		Start timestamp: 1680004494369
		Finish timestamp: 1680004494575

	Sensor record
		Azimuth value: north
		Pitch value: north
		Roll value: west
		Start timestamp: 1680004494576
		Finish timestamp: 1680004495269

	Sensor record
		Azimuth value: north
		Pitch value: east
		Roll value: north
		Start timestamp: 1680004495270
		Finish timestamp: 1680004495865

	Sensor record
		Azimuth value: north
		Pitch value: east
		Roll value: east
		Start timestamp: 1680004495866
		Finish timestamp: 1680004496577

	Sensor record
		Azimuth value: east
		Pitch value: east
		Roll value: east
		Start timestamp: 1680004496578
		Finish timestamp: 1680004496990

	Sensor record
		Azimuth value: north
		Pitch value: east
		Roll value: east
		Start timestamp: 1680004496991
		Finish timestamp: 1680004497363

	Sensor record
		Azimuth value: north
		Pitch value: northeast
		Roll value: north
		Start timestamp: 1680004497364
		Finish timestamp: 1680004497586

	Sensor record
		Azimuth value: east
		Pitch value: northeast
		Roll value: northeast
		Start timestamp: 1680004497587
		Finish timestamp: 1680004497774

	Sensor record
		Azimuth value: east
		Pitch value: northeast
		Roll value: east
		Start timestamp: 1680004497775
		Finish timestamp: 1680004497909

	Sensor record
		Azimuth value: south
		Pitch value: northeast
		Roll value: east
		Start timestamp: 1680004497910
		Finish timestamp: 1680004498077

	Sensor record
		Azimuth value: west
		Pitch value: north
		Roll value: south
		Start timestamp: 1680004498078
		Finish timestamp: 1680004498487

	Sensor record
		Azimuth value: north
		Pitch value: north
		Roll value: west
		Start timestamp: 1680004498488
		Finish timestamp: 1680004498675

	Sensor record
		Azimuth value: north
		Pitch value: northeast
		Roll value: north
		Start timestamp: 1680004498676
		Finish timestamp: 1680004498863

	Sensor record
		Azimuth value: north
		Pitch value: northeast
		Roll value: east
		Start timestamp: 1680004498864
		Finish timestamp: 1680004499274

	Sensor record
		Azimuth value: east
		Pitch value: northeast
		Roll value: east
		Start timestamp: 1680004499275
		Finish timestamp: 1680004499982

	Sensor record
		Azimuth value: north
		Pitch value: northeast
		Roll value: east
		Start timestamp: 1680004499983
		Finish timestamp: 1680004500172

	Sensor record
		Azimuth value: east
		Pitch value: north
		Roll value: south
		Start timestamp: 1680004500173
		Finish timestamp: 1680004500357

	Sensor record
		Azimuth value: south
		Pitch value: north
		Roll value: west
		Start timestamp: 1680004500358
		Finish timestamp: 1680004500772

	Sensor record
		Azimuth value: west
		Pitch value: north
		Roll value: west
		Start timestamp: 1680004500773
		Finish timestamp: 1680004501087

	Sensor record
		Azimuth value: west
		Pitch value: north
		Roll value: north
		Start timestamp: 1680004501088
		Finish timestamp: 1680004501277

	Sensor record
		Azimuth value: north
		Pitch value: east
		Roll value: north
		Start timestamp: 1680004501278
		Finish timestamp: 1680004501859

	Sensor record
		Azimuth value: north
		Pitch value: north
		Roll value: north
		Start timestamp: 1680004501860
		Finish timestamp: 1680004502267

	Sensor record
		Azimuth value: north
		Pitch value: north
		Roll value: west
		Start timestamp: 1680004502268
		Finish timestamp: 1680004502403

	Sensor record
		Azimuth value: west
		Pitch value: north
		Roll value: west
		Start timestamp: 1680004502404
		Finish timestamp: 1680004502588

	Sensor record
		Azimuth value: west
		Pitch value: north
		Roll value: south
		Start timestamp: 1680004502589
		Finish timestamp: 1680004502772

	Sensor record
		Azimuth value: south
		Pitch value: north
		Roll value: south
		Start timestamp: 1680004502773
		Finish timestamp: 1680004502997

	Sensor record
		Azimuth value: south
		Pitch value: northwest
		Roll value: south
		Start timestamp: 1680004502998
		Finish timestamp: 1680004503184

	Sensor record
		Azimuth value: south
		Pitch value: west
		Roll value: south
		Start timestamp: 1680004503185
		Finish timestamp: 1680004503378

	Sensor record
		Azimuth value: south
		Pitch value: northwest
		Roll value: south
		Start timestamp: 1680004503379
		Finish timestamp: 1680004503579

	Sensor record
		Azimuth value: south
		Pitch value: north
		Roll value: south
		Start timestamp: 1680004503580
		Finish timestamp: 1680004503764

	Sensor record
		Azimuth value: north
		Pitch value: north
		Roll value: north
		Start timestamp: 1680004503765
		Finish timestamp: 1680004503904

	Sensor record
		Azimuth value: north
		Pitch value: east
		Roll value: north
		Start timestamp: 1680004503905
		Finish timestamp: 1680004504494

	Sensor record
		Azimuth value: north
		Pitch value: north
		Roll value: north
		Start timestamp: 1680004504495
		Finish timestamp: 1680004505074

	Sensor record
		Azimuth value: south
		Pitch value: north
		Roll value: east
		Start timestamp: 1680004505075
		Finish timestamp: 1680004505582

	Sensor record
		Azimuth value: west
		Pitch value: east
		Roll value: north
		Start timestamp: 1680004505583
		Finish timestamp: 1680004505768

	Sensor record
		Azimuth value: north
		Pitch value: east
		Roll value: west
		Start timestamp: 1680004505769
		Finish timestamp: 1680004505993

	Sensor record
		Azimuth value: west
		Pitch value: north
		Roll value: south
		Start timestamp: 1680004505994
		Finish timestamp: 1680004506180

	Sensor record
		Azimuth value: west
		Pitch value: west
		Roll value: south
		Start timestamp: 1680004506181
		Finish timestamp: 1680004506365

	Sensor record
		Azimuth value: west
		Pitch value: west
		Roll value: west
		Start timestamp: 1680004506366
		Finish timestamp: 1680004506497

	Sensor record
		Azimuth value: west
		Pitch value: east
		Roll value: north
		Start timestamp: 1680004506498
		Finish timestamp: 1680004506685

	Sensor record
		Azimuth value: west
		Pitch value: east
		Roll value: west
		Start timestamp: 1680004506686
		Finish timestamp: 1680004506873

	Sensor record
		Azimuth value: north
		Pitch value: east
		Roll value: west
		Start timestamp: 1680004506874
		Finish timestamp: 1680004507078

	Sensor record
		Azimuth value: west
		Pitch value: north
		Roll value: south
		Start timestamp: 1680004507079
		Finish timestamp: 1680004507266

	Sensor record
		Azimuth value: west
		Pitch value: west
		Roll value: south
		Start timestamp: 1680004507267
		Finish timestamp: 1680004507678

	Sensor record
		Azimuth value: west
		Pitch value: west
		Roll value: west
		Start timestamp: 1680004507679
		Finish timestamp: 1680004507871

	Sensor record
		Azimuth value: northwest
		Pitch value: west
		Roll value: west
		Start timestamp: 1680004507872
		Finish timestamp: 1680004507995

	Sensor record
		Azimuth value: north
		Pitch value: west
		Roll value: west
		Start timestamp: 1680004507996
		Finish timestamp: 1680004508199

	Sensor record
		Azimuth value: north
		Pitch value: east
		Roll value: north
		Start timestamp: 1680004508200
		Finish timestamp: 1680004508990

	Sensor record
		Azimuth value: north
		Pitch value: north
		Roll value: north
		Start timestamp: 1680004508991
		Finish timestamp: 1680004509370

	Sensor record
		Azimuth value: north
		Pitch value: north
		Roll value: east
		Start timestamp: 1680004509371
		Finish timestamp: 1680004509680

	Sensor record
		Azimuth value: east
		Pitch value: north
		Roll value: east
		Start timestamp: 1680004509681
		Finish timestamp: 1680004510485

	Sensor record
		Azimuth value: north
		Pitch value: north
		Roll value: east
		Start timestamp: 1680004510486
		Finish timestamp: 1680004510676

	Sensor record
		Azimuth value: west
		Pitch value: north
		Roll value: north
		Start timestamp: 1680004510677
		Finish timestamp: 1680004510870

	Sensor record
		Azimuth value: west
		Pitch value: north
		Roll value: west
		Start timestamp: 1680004510871
		Finish timestamp: 1680004511181

	Sensor record
		Azimuth value: north
		Pitch value: east
		Roll value: north
		Start timestamp: 1680004511182
		Finish timestamp: 1680004511589

	Sensor record
		Azimuth value: north
		Pitch value: north
		Roll value: north
		Start timestamp: 1680004511590
		Finish timestamp: 1680004512824

	Sensor record
		Azimuth value: west
		Pitch value: north
		Roll value: north
		Start timestamp: 1680004512825
		Finish timestamp: 1680004513204

	Sensor record
		Azimuth value: west
		Pitch value: northeast
		Roll value: north
		Start timestamp: 1680004513205
		Finish timestamp: 1680004513387

	Sensor record
		Azimuth value: west
		Pitch value: north
		Roll value: north
		Start timestamp: 1680004513388
		Finish timestamp: 1680004514136

	Sensor record
		Azimuth value: north
		Pitch value: north
		Roll value: north
		Start timestamp: 1680004514137
		Finish timestamp: 1680004514508

	Sensor record
		Azimuth value: west
		Pitch value: north
		Roll value: north
		Start timestamp: 1680004514509
		Finish timestamp: 1680004515632

	Sensor record
		Azimuth value: north
		Pitch value: north
		Roll value: east
		Start timestamp: 1680004515633
		Finish timestamp: 1680004516010

	Sensor record
		Azimuth value: north
		Pitch value: north
		Roll value: northeast
		Start timestamp: 1680004516011
		Finish timestamp: 1680004516193

	Sensor record
		Azimuth value: west
		Pitch value: north
		Roll value: west
		Start timestamp: 1680004516194
		Finish timestamp: 1680004516387

	Sensor record
		Azimuth value: west
		Pitch value: east
		Roll value: north
		Start timestamp: 1680004516388
		Finish timestamp: 1680004517318

	Sensor record
		Azimuth value: west
		Pitch value: north
		Roll value: north
		Start timestamp: 1680004517319
		Finish timestamp: 1680004517693

	Sensor record
		Azimuth value: east
		Pitch value: north
		Roll value: south
		Start timestamp: 1680004517694
		Finish timestamp: 1680004518253

	Sensor record
		Azimuth value: east
		Pitch value: west
		Roll value: south
		Start timestamp: 1680004518254
		Finish timestamp: 1680004518443

	Sensor record
		Azimuth value: east
		Pitch value: west
		Roll value: east
		Start timestamp: 1680004518444
		Finish timestamp: 1680004518627

	Sensor record
		Azimuth value: west
		Pitch value: northeast
		Roll value: north
		Start timestamp: 1680004518628
		Finish timestamp: 1680004518817

	Sensor record
		Azimuth value: west
		Pitch value: east
		Roll value: north
		Start timestamp: 1680004518818

