
ANALYSIS OF ALL INSTRUCTIONS

	Instruction
		Name: clock_gettime
		Minimum duration: 163
		Maximum duration: 9816
		Average duration: 656.4383202099738
		Variance: 875264.91286227
		Number measurements: 381
		List measurements: [1649, 527, 578, 1357, 593, 503, 507, 502, 605, 514, 1209, 542, 228, 545, 1117, 326, 215, 181, 206, 179, 199, 173, 193, 187, 195, 203, 194, 170, 214, 178, 194, 200, 191, 212, 191, 182, 202, 182, 192, 205, 559, 483, 674, 575, 441, 518, 463, 629, 473, 490, 459, 502, 504, 538, 503, 560, 460, 553, 490, 532, 834, 669, 624, 947, 683, 585, 712, 751, 243, 215, 208, 195, 196, 464, 2408, 593, 2818, 300, 273, 215, 1037, 210, 209, 237, 195, 192, 191, 192, 663, 684, 599, 255, 291, 206, 199, 194, 197, 217, 225, 198, 199, 195, 209, 195, 197, 193, 210, 190, 241, 594, 1078, 590, 733, 1276, 640, 536, 805, 968, 632, 661, 752, 583, 590, 1042, 607, 558, 631, 569, 2543, 757, 591, 665, 602, 891, 617, 706, 604, 684, 822, 834, 606, 570, 609, 632, 738, 608, 655, 673, 949, 702, 826, 548, 557, 547, 693, 278, 255, 802, 708, 469, 523, 914, 425, 439, 543, 465, 474, 515, 451, 481, 526, 486, 494, 677, 592, 730, 1216, 713, 580, 525, 571, 800, 931, 1068, 719, 619, 586, 587, 608, 549, 364, 773, 679, 444, 509, 462, 552, 602, 673, 593, 546, 524, 1119, 1713, 698, 491, 800, 657, 630, 498, 339, 327, 9816, 584, 559, 498, 512, 479, 594, 915, 1237, 804, 190, 1037, 219, 227, 555, 207, 331, 287, 202, 197, 421, 170, 290, 543, 358, 346, 293, 3384, 202, 452, 1512, 201, 208, 231, 497, 203, 573, 1644, 194, 218, 194, 189, 3999, 219, 245, 244, 204, 163, 186, 242, 779, 210, 184, 222, 180, 173, 191, 211, 191, 190, 252, 349, 252, 211, 201, 206, 267, 242, 218, 222, 177, 249, 200, 282, 251, 228, 226, 229, 704, 297, 321, 509, 3318, 1015, 1447, 683, 998, 265, 1730, 519, 425, 1208, 699, 507, 552, 522, 893, 1001, 732, 517, 568, 633, 551, 761, 678, 716, 834, 6134, 6094, 505, 500, 843, 671, 592, 431, 562, 562, 251, 882, 249, 557, 603, 191, 531, 600, 190, 196, 283, 181, 827, 954, 624, 199, 838, 585, 264, 277, 450, 479, 597, 9020, 716, 582, 679, 1159, 482, 274, 4885, 370, 300, 322, 242, 257, 818, 687, 573, 806, 583, 716, 4431, 721, 4026, 798, 644, 177, 636, 1104, 273, 564]

	Instruction
		Name: close
		Minimum duration: 197
		Maximum duration: 1108
		Average duration: 466.6666666666667
		Variance: 81468.7222222222
		Number measurements: 12
		List measurements: [679, 640, 1108, 637, 735, 519, 201, 197, 210, 204, 204, 266]

	Instruction
		Name: connect
		Minimum duration: 199
		Maximum duration: 1264
		Average duration: 532.7272727272727
		Variance: 117684.74380165288
		Number measurements: 11
		List measurements: [597, 1082, 603, 636, 478, 249, 199, 237, 305, 210, 1264]

	Instruction
		Name: epoll_pwait
		Minimum duration: 199
		Maximum duration: 200439
		Average duration: 140293.6913580247
		Variance: 6976500850.781283
		Number measurements: 81
		List measurements: [516, 1151, 92108, 198678, 199427, 198592, 199546, 199933, 197361, 199712, 103509, 20200, 55498, 1111, 823, 311, 209, 139333, 195552, 199323, 198009, 198892, 164809, 2954, 43731, 199, 214, 785, 586, 555, 824, 96525, 196361, 198451, 199548, 199224, 198416, 198340, 198908, 197872, 200427, 199474, 198665, 199766, 200396, 200046, 200007, 197983, 197430, 197313, 200076, 195420, 183546, 200121, 148509, 1124, 1628, 4434, 12573, 197722, 198019, 193878, 199408, 199850, 199525, 200210, 199701, 184772, 197667, 199536, 199070, 41201, 9928, 117800, 197850, 197453, 200200, 197529, 196802, 200439, 198195]

	Instruction
		Name: faccessat
		Minimum duration: 464
		Maximum duration: 992
		Average duration: 728
		Variance: 69696.0
		Number measurements: 2
		List measurements: [464, 992]

	Instruction
		Name: fcntl
		Minimum duration: 176
		Maximum duration: 1214
		Average duration: 618.5833333333334
		Variance: 122139.90972222223
		Number measurements: 12
		List measurements: [875, 533, 1130, 786, 491, 919, 597, 176, 1214, 245, 199, 258]

	Instruction
		Name: fstat
		Minimum duration: 239
		Maximum duration: 1844
		Average duration: 741
		Variance: 334977.6
		Number measurements: 5
		List measurements: [716, 1844, 594, 239, 312]

	Instruction
		Name: futex
		Minimum duration: 174
		Maximum duration: 13196
		Average duration: 855.2980132450331
		Variance: 2567677.003903337
		Number measurements: 151
		List measurements: [568, 550, 228, 263, 262, 651, 1027, 610, 579, 571, 631, 1009, 617, 599, 699, 578, 570, 775, 620, 578, 633, 653, 656, 288, 239, 4000, 2880, 259, 257, 778, 2078, 1041, 697, 473, 237, 206, 238, 874, 260, 216, 268, 254, 620, 252, 231, 203, 195, 200, 211, 193, 193, 190, 176, 174, 192, 203, 215, 198, 232, 694, 538, 596, 492, 464, 325, 208, 211, 6606, 880, 671, 499, 543, 5311, 1784, 857, 2320, 587, 655, 630, 499, 485, 682, 5991, 285, 1274, 605, 314, 218, 177, 222, 234, 13196, 395, 253, 897, 238, 4185, 1293, 616, 551, 926, 984, 589, 1155, 574, 539, 506, 538, 722, 595, 520, 476, 476, 480, 494, 475, 499, 483, 475, 503, 473, 550, 488, 512, 792, 728, 534, 1207, 1438, 344, 194, 199, 259, 584, 566, 256, 534, 513, 353, 391, 451, 248, 253, 10814, 193, 925, 272, 668, 299, 634, 640]

	Instruction
		Name: getppid
		Minimum duration: 193
		Maximum duration: 1056
		Average duration: 518
		Variance: 78316.0
		Number measurements: 11
		List measurements: [918, 519, 1056, 760, 614, 275, 193, 282, 325, 224, 532]

	Instruction
		Name: getsockopt
		Minimum duration: 513
		Maximum duration: 513
		Average duration: 513
		Variance: 0.0
		Number measurements: 1
		List measurements: [513]

	Instruction
		Name: gettimeofday
		Minimum duration: 187
		Maximum duration: 7662
		Average duration: 716.05
		Variance: 1304367.4475000002
		Number measurements: 40
		List measurements: [495, 514, 233, 575, 610, 689, 649, 568, 620, 607, 555, 850, 587, 697, 529, 266, 236, 187, 191, 257, 226, 237, 7662, 557, 720, 762, 665, 274, 275, 604, 808, 512, 899, 565, 284, 678, 1393, 1099, 227, 280]

	Instruction
		Name: getuid
		Minimum duration: 188
		Maximum duration: 3558
		Average duration: 811.952380952381
		Variance: 638546.7120181406
		Number measurements: 21
		List measurements: [1005, 1308, 835, 793, 276, 427, 442, 1478, 246, 207, 249, 358, 188, 2385, 534, 526, 512, 799, 495, 430, 3558]

	Instruction
		Name: ioctl
		Minimum duration: 251
		Maximum duration: 84908
		Average duration: 4824.607843137255
		Variance: 264625597.846213
		Number measurements: 51
		List measurements: [976, 764, 724, 10436, 788, 1121, 752, 556, 716, 473, 669, 468, 865, 441, 4062, 7451, 995, 701, 697, 1406, 2507, 991, 587, 740, 555, 1293, 556, 6503, 593, 2164, 561, 657, 558, 1144, 593, 1103, 527, 776, 519, 84908, 378, 426, 275, 332, 251, 83748, 686, 14168, 424, 1366, 1105]

	Instruction
		Name: openat
		Minimum duration: 849
		Maximum duration: 849
		Average duration: 849
		Variance: 0.0
		Number measurements: 1
		List measurements: [849]

	Instruction
		Name: read
		Minimum duration: 168
		Maximum duration: 8471
		Average duration: 1288.9722222222222
		Variance: 4070076.8603395056
		Number measurements: 36
		List measurements: [548, 522, 538, 686, 757, 601, 8471, 775, 733, 3130, 522, 1363, 189, 209, 168, 207, 226, 284, 225, 2248, 486, 630, 495, 656, 500, 5886, 707, 1730, 522, 469, 757, 628, 567, 8435, 935, 598]

	Instruction
		Name: recvfrom
		Minimum duration: 185
		Maximum duration: 7413
		Average duration: 712.1801242236024
		Variance: 738174.5327726555
		Number measurements: 161
		List measurements: [679, 576, 225, 289, 229, 665, 559, 379, 282, 663, 531, 666, 800, 728, 420, 294, 254, 605, 873, 897, 1011, 779, 677, 546, 612, 1652, 7256, 1026, 534, 531, 308, 868, 986, 794, 1814, 2032, 598, 824, 247, 641, 296, 270, 684, 674, 493, 302, 369, 7413, 1973, 682, 892, 401, 242, 371, 1470, 185, 3222, 211, 2259, 626, 231, 257, 229, 1891, 657, 619, 293, 325, 1871, 868, 678, 570, 594, 578, 489, 319, 684, 695, 327, 581, 720, 631, 571, 885, 718, 296, 270, 353, 334, 722, 690, 454, 327, 246, 332, 263, 460, 271, 217, 230, 655, 608, 653, 797, 598, 708, 295, 271, 784, 1190, 1114, 609, 296, 360, 976, 261, 746, 511, 472, 1437, 333, 1073, 527, 346, 368, 314, 286, 246, 387, 393, 325, 282, 341, 306, 768, 624, 697, 742, 634, 647, 324, 557, 797, 221, 570, 568, 1335, 608, 759, 808, 232, 220, 810, 895, 973, 596, 331, 239, 656, 623, 428]

	Instruction
		Name: sendto
		Minimum duration: 203
		Maximum duration: 869
		Average duration: 512.3333333333334
		Variance: 89023.55555555556
		Number measurements: 9
		List measurements: [869, 848, 809, 851, 270, 300, 219, 203, 242]

	Instruction
		Name: socket
		Minimum duration: 213
		Maximum duration: 2848
		Average duration: 680.2727272727273
		Variance: 494816.0165289257
		Number measurements: 11
		List measurements: [641, 588, 630, 636, 392, 247, 213, 2848, 607, 385, 296]

	Instruction
		Name: write
		Minimum duration: 210
		Maximum duration: 2360
		Average duration: 960.5
		Variance: 505135.0
		Number measurements: 8
		List measurements: [2360, 1064, 456, 773, 210, 264, 1794, 763]

	Instruction
		Name: writev
		Minimum duration: 399
		Maximum duration: 9194
		Average duration: 3379.6666666666665
		Variance: 16906837.555555556
		Number measurements: 3
		List measurements: [9194, 399, 546]

