
LIST OF ALL SENSOR TEXT RECORDS

	Sensor record
		Azimuth value: north
		Pitch value: east
		Roll value: north
		Start timestamp: 1683990140070
		Finish timestamp: 1683990145489

	Sensor record
		Azimuth value: east
		Pitch value: east
		Roll value: north
		Start timestamp: 1683990145490
		Finish timestamp: 1683990145690

	Sensor record
		Azimuth value: north
		Pitch value: east
		Roll value: north
		Start timestamp: 1683990145691
		Finish timestamp: 1683990146094

	Sensor record
		Azimuth value: north
		Pitch value: north
		Roll value: north
		Start timestamp: 1683990146095
		Finish timestamp: 1683990146498

	Sensor record
		Azimuth value: east
		Pitch value: north
		Roll value: north
		Start timestamp: 1683990146499
		Finish timestamp: 1683990146907

	Sensor record
		Azimuth value: north
		Pitch value: north
		Roll value: north
		Start timestamp: 1683990146908
		Finish timestamp: 1683990147711

	Sensor record
		Azimuth value: north
		Pitch value: east
		Roll value: north
		Start timestamp: 1683990147712
		Finish timestamp: 1683990183210

	Sensor record
		Azimuth value: north
		Pitch value: north
		Roll value: north
		Start timestamp: 1683990183211
		Finish timestamp: 1683990184921

	Sensor record
		Azimuth value: south
		Pitch value: north
		Roll value: south
		Start timestamp: 1683990184922
		Finish timestamp: 1683990199920

	Sensor record
		Azimuth value: east
		Pitch value: north
		Roll value: east
		Start timestamp: 1683990199921
		Finish timestamp: 1683990200107

	Sensor record
		Azimuth value: north
		Pitch value: north
		Roll value: north
		Start timestamp: 1683990200108
		Finish timestamp: 1683990201319

	Sensor record
		Azimuth value: north
		Pitch value: east
		Roll value: north
		Start timestamp: 1683990201320
		Finish timestamp: 1683990201823

	Sensor record
		Azimuth value: east
		Pitch value: east
		Roll value: north
		Start timestamp: 1683990201824
		Finish timestamp: 1683990214611

	Sensor record
		Azimuth value: northeast
		Pitch value: east
		Roll value: north
		Start timestamp: 1683990214612
		Finish timestamp: 1683990214811

	Sensor record
		Azimuth value: east
		Pitch value: east
		Roll value: north
		Start timestamp: 1683990214812
		Finish timestamp: 1683990215115

	Sensor record
		Azimuth value: northeast
		Pitch value: east
		Roll value: north
		Start timestamp: 1683990215116
		Finish timestamp: 1683990215317

	Sensor record
		Azimuth value: north
		Pitch value: east
		Roll value: north
		Start timestamp: 1683990215318
		Finish timestamp: 1683990228327

	Sensor record
		Azimuth value: east
		Pitch value: east
		Roll value: north
		Start timestamp: 1683990228328
		Finish timestamp: 1683990228607

	Sensor record
		Azimuth value: southeast
		Pitch value: east
		Roll value: north
		Start timestamp: 1683990228608
		Finish timestamp: 1683990228921

	Sensor record
		Azimuth value: south
		Pitch value: east
		Roll value: north
		Start timestamp: 1683990228922
		Finish timestamp: 1683990241693

	Sensor record
		Azimuth value: east
		Pitch value: east
		Roll value: north
		Start timestamp: 1683990241694
		Finish timestamp: 1683990242664

	Sensor record
		Azimuth value: north
		Pitch value: east
		Roll value: north
		Start timestamp: 1683990242665

