
LIST OF ALL SEQUENCES FOR EACH INSTRUCTION

	Instruction
		Name: clock_gettime
		Next: [clock_gettime, gettimeofday, getuid, ioctl, prctl, read, write]

	Instruction
		Name: close
		Next: [mprotect]

	Instruction
		Name: epoll_pwait
		Next: [read, recvfrom]

	Instruction
		Name: fstat
		Next: [mmap]

	Instruction
		Name: futex
		Next: [clock_gettime, futex, getuid, write]

	Instruction
		Name: gettimeofday
		Next: [clock_gettime, read]

	Instruction
		Name: getuid
		Next: [epoll_pwait, gettimeofday, getuid, ioctl, prctl, writev]

	Instruction
		Name: ioctl
		Next: [clock_gettime, getuid, ioctl, mprotect, write]

	Instruction
		Name: mmap
		Next: [prctl]

	Instruction
		Name: mprotect
		Next: [clock_gettime, mmap, mprotect, munmap]

	Instruction
		Name: munmap
		Next: [close, ioctl, prctl]

	Instruction
		Name: openat
		Next: [mprotect, openat, readlinkat]

	Instruction
		Name: prctl
		Next: [clock_gettime, mprotect, munmap, openat]

	Instruction
		Name: read
		Next: [clock_gettime, getuid, recvfrom]

	Instruction
		Name: readlinkat
		Next: [fstat]

	Instruction
		Name: recvfrom
		Next: [clock_gettime, recvfrom]

	Instruction
		Name: write
		Next: [clock_gettime, futex, getuid, ioctl, write]

	Instruction
		Name: writev
		Next: [clock_gettime, futex]

