
LIST OF ALL SENSOR NUMBER RECORDS

	Sensor record
		Azimuth value: 0
		Pitch value: -69
		Roll value: 0
		Start timestamp: 1682861008203
		Finish timestamp: 1682861008216

	Sensor record
		Azimuth value: 346
		Pitch value: -66
		Roll value: 351
		Start timestamp: 1682861008217
		Finish timestamp: 1682861008218

	Sensor record
		Azimuth value: 341
		Pitch value: -57
		Roll value: 354
		Start timestamp: 1682861008219
		Finish timestamp: 1682861008225

	Sensor record
		Azimuth value: 330
		Pitch value: -50
		Roll value: 348
		Start timestamp: 1682861008226
		Finish timestamp: 1682861008410

	Sensor record
		Azimuth value: 335
		Pitch value: -41
		Roll value: 0
		Start timestamp: 1682861008411
		Finish timestamp: 1682861008613

	Sensor record
		Azimuth value: 336
		Pitch value: -26
		Roll value: 12
		Start timestamp: 1682861008614
		Finish timestamp: 1682861008894

	Sensor record
		Azimuth value: 337
		Pitch value: -20
		Roll value: 13
		Start timestamp: 1682861008895
		Finish timestamp: 1682861009098

	Sensor record
		Azimuth value: 347
		Pitch value: -29
		Roll value: 16
		Start timestamp: 1682861009099
		Finish timestamp: 1682861009205

	Sensor record
		Azimuth value: 358
		Pitch value: -29
		Roll value: 16
		Start timestamp: 1682861009206
		Finish timestamp: 1682861009402

	Sensor record
		Azimuth value: 358
		Pitch value: -29
		Roll value: 17
		Start timestamp: 1682861009403
		Finish timestamp: 1682861009677

	Sensor record
		Azimuth value: 356
		Pitch value: -31
		Roll value: 18
		Start timestamp: 1682861009678
		Finish timestamp: 1682861009926

	Sensor record
		Azimuth value: 358
		Pitch value: -40
		Roll value: 20
		Start timestamp: 1682861009927

