
LIST OF ALL SENSOR TEXT RECORDS

	Sensor record
		Azimuth value: north
		Pitch value: east
		Roll value: north
		Start timestamp: 1685193084114
		Finish timestamp: 1685193087005

	Sensor record
		Azimuth value: north
		Pitch value: north
		Roll value: north
		Start timestamp: 1685193087006
		Finish timestamp: 1685193087648

	Sensor record
		Azimuth value: east
		Pitch value: west
		Roll value: south
		Start timestamp: 1685193087649
		Finish timestamp: 1685193088052

	Sensor record
		Azimuth value: east
		Pitch value: west
		Roll value: east
		Start timestamp: 1685193088053
		Finish timestamp: 1685193088252

	Sensor record
		Azimuth value: northeast
		Pitch value: west
		Roll value: east
		Start timestamp: 1685193088253
		Finish timestamp: 1685193088468

	Sensor record
		Azimuth value: north
		Pitch value: east
		Roll value: north
		Start timestamp: 1685193088469
		Finish timestamp: 1685193088658

	Sensor record
		Azimuth value: north
		Pitch value: north
		Roll value: north
		Start timestamp: 1685193088659
		Finish timestamp: 1685193088858

	Sensor record
		Azimuth value: north
		Pitch value: northeast
		Roll value: north
		Start timestamp: 1685193088859
		Finish timestamp: 1685193089058

	Sensor record
		Azimuth value: north
		Pitch value: east
		Roll value: north
		Start timestamp: 1685193089059
		Finish timestamp: 1685193090473

	Sensor record
		Azimuth value: north
		Pitch value: north
		Roll value: north
		Start timestamp: 1685193090474
		Finish timestamp: 1685193091485

	Sensor record
		Azimuth value: north
		Pitch value: east
		Roll value: north
		Start timestamp: 1685193091486
		Finish timestamp: 1685193092085

	Sensor record
		Azimuth value: north
		Pitch value: east
		Roll value: east
		Start timestamp: 1685193092086
		Finish timestamp: 1685193093295

	Sensor record
		Azimuth value: north
		Pitch value: east
		Roll value: north
		Start timestamp: 1685193093296
		Finish timestamp: 1685193093497

	Sensor record
		Azimuth value: west
		Pitch value: east
		Roll value: north
		Start timestamp: 1685193093498
		Finish timestamp: 1685193093499

	Sensor record
		Azimuth value: north
		Pitch value: east
		Roll value: north
		Start timestamp: 1685193093500

