
LIST OF ALL CORRECTLY USED ALERTS

	Alert record
		Alert: True
		Start timestamp: 1685193083796
		Finish timestamp: 1685193087649

	Alert record
		Alert: False
		Start timestamp: 1685193087650
		Finish timestamp: 1685193088052

	Alert record
		Alert: True
		Start timestamp: 1685193088053
		Finish timestamp: 1685193088470

	Alert record
		Alert: False
		Start timestamp: 1685193088471
		Finish timestamp: 1685193088658

	Alert record
		Alert: True
		Start timestamp: 1685193088659

LIST OF ALL AZIMUTH ALERTS

	Alert record
		Alert: False
		Start timestamp: 1685193083796

LIST OF ALL PITCH ALERTS

	Alert record
		Alert: False
		Start timestamp: 1685193083796
		Finish timestamp: 1685193088470

	Alert record
		Alert: True
		Start timestamp: 1685193088471
		Finish timestamp: 1685193088658

	Alert record
		Alert: False
		Start timestamp: 1685193088659

LIST OF ALL ROLL ALERTS

	Alert record
		Alert: False
		Start timestamp: 1685193083796
		Finish timestamp: 1685193087649

	Alert record
		Alert: True
		Start timestamp: 1685193087650
		Finish timestamp: 1685193088052

	Alert record
		Alert: False
		Start timestamp: 1685193088053

