
LIST OF ALL SENSOR NUMBER RECORDS

	Sensor record
		Azimuth value: 0
		Pitch value: 2
		Roll value: 0
		Start timestamp: 1684058569274
		Finish timestamp: 1684058569296

	Sensor record
		Azimuth value: 0
		Pitch value: 2
		Roll value: 359
		Start timestamp: 1684058569297
		Finish timestamp: 1684058569892

	Sensor record
		Azimuth value: 359
		Pitch value: 2
		Roll value: 0
		Start timestamp: 1684058569893
		Finish timestamp: 1684058570697

	Sensor record
		Azimuth value: 0
		Pitch value: 2
		Roll value: 359
		Start timestamp: 1684058570698
		Finish timestamp: 1684058571503

	Sensor record
		Azimuth value: 359
		Pitch value: 2
		Roll value: 0
		Start timestamp: 1684058571504
		Finish timestamp: 1684058571912

	Sensor record
		Azimuth value: 0
		Pitch value: 2
		Roll value: 359
		Start timestamp: 1684058571913
		Finish timestamp: 1684058572310

	Sensor record
		Azimuth value: 359
		Pitch value: 2
		Roll value: 0
		Start timestamp: 1684058572311
		Finish timestamp: 1684058573925

	Sensor record
		Azimuth value: 0
		Pitch value: 2
		Roll value: 359
		Start timestamp: 1684058573926
		Finish timestamp: 1684058574528

	Sensor record
		Azimuth value: 359
		Pitch value: 2
		Roll value: 0
		Start timestamp: 1684058574529
		Finish timestamp: 1684058575164

	Sensor record
		Azimuth value: 0
		Pitch value: 2
		Roll value: 359
		Start timestamp: 1684058575165
		Finish timestamp: 1684058575337

	Sensor record
		Azimuth value: 359
		Pitch value: 2
		Roll value: 0
		Start timestamp: 1684058575338
		Finish timestamp: 1684058578564

	Sensor record
		Azimuth value: 0
		Pitch value: 2
		Roll value: 359
		Start timestamp: 1684058578565
		Finish timestamp: 1684058581588

	Sensor record
		Azimuth value: 359
		Pitch value: 2
		Roll value: 0
		Start timestamp: 1684058581589
		Finish timestamp: 1684058581791

	Sensor record
		Azimuth value: 0
		Pitch value: 2
		Roll value: 359
		Start timestamp: 1684058581792
		Finish timestamp: 1684058581992

	Sensor record
		Azimuth value: 359
		Pitch value: 2
		Roll value: 0
		Start timestamp: 1684058581993
		Finish timestamp: 1684058582799

	Sensor record
		Azimuth value: 0
		Pitch value: 2
		Roll value: 0
		Start timestamp: 1684058582800
		Finish timestamp: 1684058582800

	Sensor record
		Azimuth value: 0
		Pitch value: 2
		Roll value: 359
		Start timestamp: 1684058582801
		Finish timestamp: 1684058584814

	Sensor record
		Azimuth value: 359
		Pitch value: 2
		Roll value: 0
		Start timestamp: 1684058584815
		Finish timestamp: 1684058585017

	Sensor record
		Azimuth value: 0
		Pitch value: 2
		Roll value: 359
		Start timestamp: 1684058585018
		Finish timestamp: 1684058586835

	Sensor record
		Azimuth value: 359
		Pitch value: 2
		Roll value: 0
		Start timestamp: 1684058586836
		Finish timestamp: 1684058588447

	Sensor record
		Azimuth value: 0
		Pitch value: 2
		Roll value: 359
		Start timestamp: 1684058588448
		Finish timestamp: 1684058588851

	Sensor record
		Azimuth value: 359
		Pitch value: 2
		Roll value: 0
		Start timestamp: 1684058588852
		Finish timestamp: 1684058589657

	Sensor record
		Azimuth value: 0
		Pitch value: 2
		Roll value: 359
		Start timestamp: 1684058589658
		Finish timestamp: 1684058590062

	Sensor record
		Azimuth value: 359
		Pitch value: 2
		Roll value: 0
		Start timestamp: 1684058590063
		Finish timestamp: 1684058590263

	Sensor record
		Azimuth value: 0
		Pitch value: 2
		Roll value: 359
		Start timestamp: 1684058590264
		Finish timestamp: 1684058590868

	Sensor record
		Azimuth value: 359
		Pitch value: 2
		Roll value: 0
		Start timestamp: 1684058590869
		Finish timestamp: 1684058593894

	Sensor record
		Azimuth value: 0
		Pitch value: 2
		Roll value: 359
		Start timestamp: 1684058593895
		Finish timestamp: 1684058594095

	Sensor record
		Azimuth value: 359
		Pitch value: 2
		Roll value: 0
		Start timestamp: 1684058594096

