
LIST OF ALL SENSOR NUMBER RECORDS

	Sensor record
		Azimuth value: 0
		Pitch value: 2
		Roll value: 0
		Start timestamp: 1684053489797
		Finish timestamp: 1684053489983

	Sensor record
		Azimuth value: 0
		Pitch value: 2
		Roll value: 359
		Start timestamp: 1684053489984
		Finish timestamp: 1684053489989

	Sensor record
		Azimuth value: 1
		Pitch value: 2
		Roll value: 359
		Start timestamp: 1684053489990
		Finish timestamp: 1684053490185

	Sensor record
		Azimuth value: 2
		Pitch value: 3
		Roll value: 359
		Start timestamp: 1684053490186
		Finish timestamp: 1684053490386

	Sensor record
		Azimuth value: 3
		Pitch value: 3
		Roll value: 358
		Start timestamp: 1684053490387
		Finish timestamp: 1684053490588

	Sensor record
		Azimuth value: 4
		Pitch value: 5
		Roll value: 2
		Start timestamp: 1684053490589
		Finish timestamp: 1684053490790

	Sensor record
		Azimuth value: 3
		Pitch value: 5
		Roll value: 10
		Start timestamp: 1684053490791
		Finish timestamp: 1684053490800

	Sensor record
		Azimuth value: 2
		Pitch value: 3
		Roll value: 18
		Start timestamp: 1684053490801
		Finish timestamp: 1684053490995

	Sensor record
		Azimuth value: 5
		Pitch value: -14
		Roll value: 19
		Start timestamp: 1684053490996
		Finish timestamp: 1684053491192

	Sensor record
		Azimuth value: 356
		Pitch value: -39
		Roll value: 7
		Start timestamp: 1684053491193
		Finish timestamp: 1684053491394

	Sensor record
		Azimuth value: 355
		Pitch value: -28
		Roll value: 10
		Start timestamp: 1684053491395
		Finish timestamp: 1684053491598

	Sensor record
		Azimuth value: 355
		Pitch value: -4
		Roll value: 16
		Start timestamp: 1684053491599
		Finish timestamp: 1684053491608

	Sensor record
		Azimuth value: 356
		Pitch value: 3
		Roll value: 18
		Start timestamp: 1684053491609
		Finish timestamp: 1684053491801

	Sensor record
		Azimuth value: 355
		Pitch value: 6
		Roll value: 15
		Start timestamp: 1684053491802
		Finish timestamp: 1684053492000

	Sensor record
		Azimuth value: 356
		Pitch value: 5
		Roll value: 8
		Start timestamp: 1684053492001
		Finish timestamp: 1684053492203

	Sensor record
		Azimuth value: 356
		Pitch value: 4
		Roll value: 4
		Start timestamp: 1684053492204
		Finish timestamp: 1684053492404

	Sensor record
		Azimuth value: 354
		Pitch value: 3
		Roll value: 0
		Start timestamp: 1684053492405
		Finish timestamp: 1684053492421

	Sensor record
		Azimuth value: 351
		Pitch value: 3
		Roll value: 0
		Start timestamp: 1684053492422
		Finish timestamp: 1684053493216

	Sensor record
		Azimuth value: 351
		Pitch value: 2
		Roll value: 0
		Start timestamp: 1684053493217
		Finish timestamp: 1684053494823

	Sensor record
		Azimuth value: 351
		Pitch value: 2
		Roll value: 359
		Start timestamp: 1684053494824
		Finish timestamp: 1684053494829

	Sensor record
		Azimuth value: 3
		Pitch value: 2
		Roll value: 358
		Start timestamp: 1684053494830
		Finish timestamp: 1684053495025

	Sensor record
		Azimuth value: 15
		Pitch value: -6
		Roll value: 359
		Start timestamp: 1684053495026
		Finish timestamp: 1684053495227

	Sensor record
		Azimuth value: 22
		Pitch value: -25
		Roll value: 8
		Start timestamp: 1684053495228
		Finish timestamp: 1684053495434

	Sensor record
		Azimuth value: 8
		Pitch value: -62
		Roll value: 0
		Start timestamp: 1684053495435
		Finish timestamp: 1684053495630

	Sensor record
		Azimuth value: 343
		Pitch value: -77
		Roll value: 331
		Start timestamp: 1684053495631
		Finish timestamp: 1684053495649

	Sensor record
		Azimuth value: 296
		Pitch value: -73
		Roll value: 280
		Start timestamp: 1684053495650
		Finish timestamp: 1684053495831

	Sensor record
		Azimuth value: 300
		Pitch value: -55
		Roll value: 284
		Start timestamp: 1684053495832
		Finish timestamp: 1684053496034

	Sensor record
		Azimuth value: 298
		Pitch value: -20
		Roll value: 274
		Start timestamp: 1684053496035
		Finish timestamp: 1684053496239

	Sensor record
		Azimuth value: 298
		Pitch value: 11
		Roll value: 255
		Start timestamp: 1684053496240
		Finish timestamp: 1684053496438

	Sensor record
		Azimuth value: 296
		Pitch value: -1
		Roll value: 257
		Start timestamp: 1684053496439
		Finish timestamp: 1684053496445

	Sensor record
		Azimuth value: 302
		Pitch value: -51
		Roll value: 308
		Start timestamp: 1684053496446
		Finish timestamp: 1684053496639

	Sensor record
		Azimuth value: 321
		Pitch value: -50
		Roll value: 339
		Start timestamp: 1684053496640
		Finish timestamp: 1684053496841

	Sensor record
		Azimuth value: 333
		Pitch value: -39
		Roll value: 351
		Start timestamp: 1684053496842
		Finish timestamp: 1684053497042

	Sensor record
		Azimuth value: 339
		Pitch value: -21
		Roll value: 355
		Start timestamp: 1684053497043
		Finish timestamp: 1684053497244

	Sensor record
		Azimuth value: 345
		Pitch value: -4
		Roll value: 356
		Start timestamp: 1684053497245
		Finish timestamp: 1684053497264

	Sensor record
		Azimuth value: 347
		Pitch value: -1
		Roll value: 356
		Start timestamp: 1684053497265
		Finish timestamp: 1684053497446

	Sensor record
		Azimuth value: 346
		Pitch value: 2
		Roll value: 356
		Start timestamp: 1684053497447
		Finish timestamp: 1684053497647

	Sensor record
		Azimuth value: 344
		Pitch value: 2
		Roll value: 358
		Start timestamp: 1684053497648
		Finish timestamp: 1684053497849

	Sensor record
		Azimuth value: 343
		Pitch value: 2
		Roll value: 358
		Start timestamp: 1684053497850
		Finish timestamp: 1684053498456

	Sensor record
		Azimuth value: 343
		Pitch value: 2
		Roll value: 359
		Start timestamp: 1684053498457
		Finish timestamp: 1684053498654

	Sensor record
		Azimuth value: 343
		Pitch value: 2
		Roll value: 0
		Start timestamp: 1684053498655
		Finish timestamp: 1684053499461

	Sensor record
		Azimuth value: 343
		Pitch value: 2
		Roll value: 1
		Start timestamp: 1684053499462

