
ANALYSIS OF ALL INSTRUCTIONS

	Instruction
		Name: clock_gettime
		Minimum duration: 161
		Maximum duration: 13898
		Average duration: 824.1210191082803
		Variance: 2201581.4821696617
		Number measurements: 628
		List measurements: [481, 1030, 3139, 205, 235, 925, 303, 321, 204, 209, 185, 221, 175, 193, 184, 211, 199, 187, 195, 172, 171, 170, 169, 169, 170, 224, 213, 168, 208, 176, 366, 230, 211, 756, 343, 269, 212, 201, 193, 210, 200, 194, 193, 5536, 195, 161, 224, 186, 186, 188, 237, 206, 214, 197, 180, 182, 181, 214, 227, 182, 811, 13898, 825, 684, 500, 463, 2149, 412, 442, 234, 245, 606, 461, 711, 749, 902, 528, 913, 278, 307, 210, 593, 1089, 712, 605, 682, 279, 710, 708, 270, 10578, 434, 480, 501, 791, 955, 738, 645, 635, 712, 647, 284, 513, 172, 3082, 4971, 9254, 271, 221, 238, 233, 216, 220, 214, 211, 208, 605, 538, 601, 929, 542, 556, 669, 660, 601, 264, 383, 293, 268, 615, 520, 672, 457, 427, 517, 487, 240, 170, 169, 200, 198, 222, 210, 202, 718, 1206, 278, 209, 697, 771, 4147, 650, 546, 201, 540, 483, 495, 419, 444, 463, 662, 567, 514, 482, 524, 668, 832, 676, 1887, 702, 267, 593, 206, 187, 201, 823, 530, 182, 3066, 194, 184, 193, 184, 182, 180, 172, 204, 213, 268, 1435, 339, 225, 730, 761, 224, 274, 202, 259, 271, 233, 229, 229, 250, 194, 199, 188, 186, 185, 251, 216, 409, 627, 272, 186, 662, 4149, 513, 808, 579, 420, 601, 510, 646, 1130, 889, 841, 663, 897, 912, 1208, 2063, 387, 371, 222, 206, 10165, 595, 556, 615, 688, 193, 2021, 603, 610, 574, 2734, 674, 638, 710, 552, 612, 1101, 610, 8111, 8953, 515, 446, 581, 563, 258, 236, 202, 207, 528, 246, 468, 222, 790, 300, 276, 237, 220, 236, 220, 214, 283, 726, 2548, 885, 197, 354, 308, 270, 301, 12355, 656, 632, 633, 488, 488, 489, 610, 8155, 585, 582, 198, 186, 788, 577, 2050, 912, 207, 5053, 590, 1014, 278, 538, 505, 473, 526, 483, 524, 543, 595, 1460, 615, 629, 663, 572, 525, 817, 1148, 622, 6522, 266, 220, 222, 202, 190, 704, 986, 780, 738, 836, 722, 2788, 617, 632, 542, 491, 452, 421, 1109, 1695, 710, 669, 7905, 189, 179, 255, 205, 1594, 751, 1170, 474, 466, 554, 485, 516, 564, 1387, 601, 648, 1287, 790, 818, 552, 579, 704, 768, 692, 1294, 245, 251, 250, 218, 232, 256, 249, 196, 192, 198, 205, 197, 186, 815, 906, 2301, 780, 610, 682, 617, 629, 696, 578, 292, 295, 1916, 297, 1364, 1134, 1584, 1811, 1551, 1094, 658, 1457, 292, 308, 374, 7914, 206, 1300, 441, 627, 481, 663, 618, 538, 772, 901, 658, 902, 246, 231, 218, 261, 268, 306, 390, 290, 210, 211, 632, 749, 5033, 1710, 1088, 1003, 3345, 2665, 669, 562, 535, 563, 501, 527, 1295, 5463, 735, 585, 463, 364, 293, 308, 226, 513, 557, 508, 541, 519, 545, 776, 944, 1308, 1203, 1323, 1225, 2794, 664, 882, 645, 896, 578, 695, 1257, 2083, 790, 1512, 1206, 1529, 624, 733, 251, 564, 235, 1100, 309, 246, 189, 239, 260, 186, 193, 2134, 1879, 10408, 281, 423, 251, 4551, 847, 756, 700, 588, 908, 245, 277, 264, 288, 241, 561, 3646, 382, 217, 341, 319, 309, 960, 1217, 722, 590, 296, 214, 222, 670, 665, 290, 285, 236, 230, 696, 773, 269, 215, 237, 211, 238, 201, 726, 1135, 2545, 674, 540, 335, 273, 256, 700, 541, 496, 508, 2493, 1560, 251, 507, 573, 230, 7649, 242, 209, 210, 857, 326, 264, 246, 585, 642, 550, 487, 281, 196, 274, 254, 197, 230, 236, 230, 199, 209, 194, 194, 194, 194, 4877, 287, 221, 221, 1633, 1685, 609, 626, 671, 585, 866, 607, 598, 548, 437, 552, 482, 485, 754, 524, 445, 483, 719, 529, 1355, 443, 531, 232, 183, 186, 269, 216, 482, 207, 174, 176, 175, 175, 175, 183, 171, 174, 177, 171, 7181]

	Instruction
		Name: epoll_pwait
		Minimum duration: 220
		Maximum duration: 186074
		Average duration: 48958.29113924051
		Variance: 4124195350.1304274
		Number measurements: 79
		List measurements: [185058, 183428, 178976, 186074, 185739, 184026, 12710, 221, 20943, 940, 254, 120603, 11776, 440, 126034, 6002, 649, 110927, 3310, 247, 130487, 3161, 220, 148589, 7535, 1402, 82255, 9625, 591, 110654, 10654, 347, 131642, 826, 269, 96541, 9276, 578, 61717, 10849, 461, 105444, 10242, 2936, 98812, 7811, 666, 168870, 658, 247, 102874, 261, 1008, 103204, 6539, 252, 100876, 6721, 781, 111738, 3734, 312, 26369, 4402, 2595, 89875, 3610, 480, 132399, 536, 613, 154015, 232, 368, 130969, 5978, 501, 137089, 7652]

	Instruction
		Name: futex
		Minimum duration: 161
		Maximum duration: 16442
		Average duration: 950.363315696649
		Variance: 2409182.1678253375
		Number measurements: 567
		List measurements: [1771, 1147, 1462, 614, 219, 231, 4073, 656, 841, 780, 661, 2571, 489, 475, 182, 214, 542, 514, 773, 622, 494, 521, 412, 432, 510, 520, 626, 560, 6204, 774, 628, 601, 1533, 296, 6521, 652, 243, 198, 186, 290, 555, 502, 505, 8076, 242, 536, 593, 609, 537, 615, 1076, 806, 979, 635, 276, 299, 345, 598, 654, 606, 631, 361, 513, 409, 359, 398, 333, 310, 4329, 596, 376, 713, 741, 811, 740, 856, 720, 953, 790, 1456, 752, 704, 611, 685, 609, 1577, 594, 2462, 562, 581, 681, 705, 856, 756, 807, 1741, 329, 682, 1078, 261, 215, 379, 241, 206, 201, 3250, 266, 221, 667, 687, 546, 702, 1271, 296, 6413, 207, 238, 195, 274, 229, 399, 850, 884, 562, 504, 645, 522, 568, 776, 610, 642, 1646, 316, 872, 1598, 525, 1180, 619, 588, 668, 527, 1172, 1075, 546, 500, 430, 512, 507, 391, 278, 206, 258, 2656, 828, 623, 543, 635, 1097, 681, 553, 583, 734, 650, 553, 954, 567, 610, 445, 253, 549, 264, 198, 289, 237, 307, 1021, 1079, 305, 286, 607, 297, 760, 181, 191, 207, 1740, 731, 577, 452, 1372, 259, 199, 290, 1039, 641, 3270, 561, 295, 252, 521, 629, 517, 526, 1057, 736, 766, 640, 664, 767, 1009, 1108, 621, 725, 1204, 793, 649, 667, 800, 649, 1383, 1226, 1001, 654, 496, 679, 884, 10540, 15875, 1177, 252, 214, 369, 1579, 207, 237, 3158, 1470, 604, 300, 247, 240, 227, 281, 761, 903, 16442, 869, 725, 667, 552, 6097, 631, 489, 920, 623, 1042, 1595, 274, 1243, 314, 251, 421, 259, 242, 243, 870, 380, 263, 198, 214, 208, 6631, 1020, 1268, 291, 242, 201, 200, 835, 1224, 3619, 863, 806, 672, 696, 1865, 3423, 1208, 260, 231, 239, 753, 1610, 689, 827, 489, 281, 229, 229, 627, 1256, 634, 340, 752, 520, 229, 740, 682, 770, 520, 644, 596, 968, 704, 322, 648, 313, 2325, 701, 790, 699, 691, 840, 1665, 691, 1206, 236, 635, 926, 603, 671, 716, 666, 245, 975, 582, 1190, 8938, 286, 200, 319, 561, 357, 816, 2871, 687, 3736, 1700, 672, 743, 831, 2514, 1175, 5114, 986, 1322, 599, 472, 912, 6627, 1724, 260, 592, 1798, 825, 720, 1019, 489, 469, 452, 1309, 2467, 594, 496, 970, 980, 2105, 1420, 787, 846, 499, 581, 1637, 369, 678, 335, 668, 305, 294, 670, 378, 663, 362, 325, 305, 241, 607, 256, 10934, 288, 11390, 3141, 1635, 753, 1635, 274, 1534, 781, 690, 854, 788, 1093, 2298, 976, 267, 198, 218, 212, 920, 903, 589, 495, 523, 478, 592, 776, 210, 163, 171, 201, 200, 184, 161, 183, 178, 674, 6534, 680, 862, 317, 246, 1082, 684, 1192, 759, 822, 947, 227, 195, 434, 313, 208, 194, 233, 197, 325, 698, 594, 1194, 831, 708, 1278, 981, 275, 438, 300, 775, 4501, 767, 715, 1242, 743, 448, 558, 553, 521, 951, 784, 899, 719, 691, 685, 705, 5299, 606, 1060, 585, 580, 659, 258, 282, 229, 569, 736, 956, 668, 740, 434, 284, 465, 1418, 297, 687, 684, 939, 786, 480, 265, 525, 3984, 204, 189, 191, 772, 180, 210, 4152, 661, 253, 668, 1053, 225, 538, 539, 441, 545, 654, 663, 604, 266, 313, 645, 1627, 636, 998, 1175, 568, 645, 885, 673, 651, 644, 541, 498, 317, 193, 187, 197, 174, 178, 179, 1084, 2987, 745, 551, 523, 775, 540, 260, 588, 498, 513, 571, 603, 625, 510, 304]

	Instruction
		Name: gettimeofday
		Minimum duration: 179
		Maximum duration: 1906
		Average duration: 566.89898989899
		Variance: 109708.81807978779
		Number measurements: 99
		List measurements: [359, 677, 611, 268, 262, 540, 935, 603, 233, 209, 549, 439, 434, 622, 321, 512, 696, 651, 181, 543, 281, 209, 644, 613, 641, 232, 635, 577, 839, 190, 778, 556, 586, 531, 674, 542, 525, 281, 219, 229, 773, 741, 579, 664, 1311, 1624, 596, 573, 532, 237, 213, 194, 476, 696, 550, 975, 1823, 521, 661, 607, 915, 804, 1160, 275, 614, 853, 533, 491, 1022, 822, 525, 208, 565, 194, 204, 215, 239, 1048, 200, 418, 710, 633, 653, 203, 211, 546, 481, 1906, 1225, 536, 792, 204, 211, 575, 569, 556, 654, 201, 179]

	Instruction
		Name: getuid
		Minimum duration: 224
		Maximum duration: 9514
		Average duration: 960.2916666666666
		Variance: 3308476.2065972225
		Number measurements: 24
		List measurements: [229, 9514, 288, 1253, 256, 224, 1001, 476, 661, 234, 585, 475, 533, 755, 260, 1376, 256, 1194, 321, 1194, 499, 497, 246, 720]

	Instruction
		Name: ioctl
		Minimum duration: 224
		Maximum duration: 9342
		Average duration: 943.04
		Variance: 3063196.2783999997
		Number measurements: 25
		List measurements: [832, 324, 657, 741, 240, 232, 586, 403, 224, 313, 9342, 258, 304, 737, 615, 519, 1940, 483, 729, 969, 697, 297, 472, 801, 861]

	Instruction
		Name: madvise
		Minimum duration: 1781
		Maximum duration: 1781
		Average duration: 1781
		Variance: 0.0
		Number measurements: 1
		List measurements: [1781]

	Instruction
		Name: read
		Minimum duration: 184
		Maximum duration: 16031
		Average duration: 868.4520547945206
		Variance: 3617867.1792081064
		Number measurements: 73
		List measurements: [548, 243, 204, 226, 1164, 562, 516, 229, 221, 482, 3796, 1887, 189, 223, 205, 195, 220, 184, 839, 1369, 415, 601, 494, 578, 595, 852, 268, 504, 16031, 244, 565, 611, 558, 927, 605, 494, 548, 562, 859, 197, 754, 588, 2793, 269, 229, 851, 257, 839, 527, 413, 254, 1007, 873, 604, 256, 318, 242, 1225, 948, 600, 1068, 546, 510, 3417, 296, 191, 204, 196, 1333, 524, 552, 513, 190]

	Instruction
		Name: recvfrom
		Minimum duration: 197
		Maximum duration: 11391
		Average duration: 888.8248175182482
		Variance: 1819106.042303799
		Number measurements: 137
		List measurements: [657, 580, 633, 700, 735, 1996, 210, 206, 223, 615, 612, 547, 217, 673, 1124, 849, 609, 689, 698, 266, 326, 256, 364, 663, 726, 763, 11391, 659, 909, 506, 282, 209, 278, 208, 200, 299, 323, 509, 206, 236, 260, 610, 491, 5260, 678, 659, 524, 4002, 6064, 215, 745, 705, 284, 197, 203, 278, 220, 668, 300, 294, 707, 776, 357, 376, 290, 644, 602, 1058, 223, 239, 1197, 1580, 712, 490, 256, 275, 249, 564, 695, 741, 373, 245, 673, 648, 743, 608, 560, 368, 481, 555, 1969, 500, 719, 1741, 6793, 1377, 3565, 779, 417, 428, 1435, 596, 652, 1526, 881, 4091, 303, 706, 776, 1262, 696, 877, 325, 734, 715, 286, 348, 1051, 261, 493, 524, 561, 734, 552, 261, 605, 3004, 650, 653, 786, 727, 635, 1057, 766, 259, 684, 915]

	Instruction
		Name: rt_sigprocmask
		Minimum duration: 2669
		Maximum duration: 2669
		Average duration: 2669
		Variance: 0.0
		Number measurements: 1
		List measurements: [2669]

	Instruction
		Name: write
		Minimum duration: 174
		Maximum duration: 10912
		Average duration: 872.2929292929293
		Variance: 1961274.9545964699
		Number measurements: 99
		List measurements: [664, 558, 917, 738, 288, 223, 534, 607, 499, 419, 190, 251, 814, 555, 505, 683, 218, 222, 189, 798, 219, 265, 249, 291, 4391, 468, 1074, 7840, 518, 634, 661, 1027, 246, 193, 236, 347, 324, 668, 509, 689, 640, 515, 603, 699, 228, 998, 569, 517, 300, 1818, 729, 1764, 874, 233, 232, 1665, 10912, 439, 1268, 360, 524, 2361, 265, 239, 3961, 674, 1010, 703, 491, 1332, 468, 1456, 1022, 1382, 917, 396, 848, 294, 281, 1303, 1322, 244, 268, 561, 631, 1379, 554, 548, 559, 233, 265, 251, 715, 537, 1142, 524, 249, 174, 190]

