
LIST OF ALL TERMINATED INSTRUCTIONS

	Instruction
		Name: ioctl
		Pid: 31863
		Spid: 31863
		Status: Finished
		Start: 1685713247937106
		Finish: 1685713247943943
		Duration: 6837
		Return Value: 0

	Instruction
		Name: clock_gettime
		Pid: 31863
		Spid: 31863
		Status: Finished
		Start: 1685713247945181
		Finish: 1685713247946035
		Duration: 854
		Return Value: 0

	Instruction
		Name: ioctl
		Pid: 31863
		Spid: 31863
		Status: Finished
		Start: 1685713247947353
		Finish: 1685713247948253
		Duration: 900
		Return Value: 0

	Instruction
		Name: clock_gettime
		Pid: 31863
		Spid: 31863
		Status: Finished
		Start: 1685713247949306
		Finish: 1685713247950047
		Duration: 741
		Return Value: 0

	Instruction
		Name: clock_gettime
		Pid: 31863
		Spid: 31863
		Status: Finished
		Start: 1685713247950189
		Finish: 1685713247950890
		Duration: 701
		Return Value: 0

	Instruction
		Name: clock_gettime
		Pid: 31863
		Spid: 31863
		Status: Finished
		Start: 1685713247951305
		Finish: 1685713247952104
		Duration: 799
		Return Value: 0

	Instruction
		Name: clock_gettime
		Pid: 31863
		Spid: 31863
		Status: Finished
		Start: 1685713247952192
		Finish: 1685713247953020
		Duration: 828
		Return Value: 0

	Instruction
		Name: clock_gettime
		Pid: 31863
		Spid: 31863
		Status: Finished
		Start: 1685713247954031
		Finish: 1685713247955194
		Duration: 1163
		Return Value: 0

	Instruction
		Name: clock_gettime
		Pid: 31863
		Spid: 31863
		Status: Finished
		Start: 1685713247955301
		Finish: 1685713247958187
		Duration: 2886
		Return Value: 0

	Instruction
		Name: clock_gettime
		Pid: 31863
		Spid: 31863
		Status: Finished
		Start: 1685713247958571
		Finish: 1685713247960341
		Duration: 1770
		Return Value: 0

	Instruction
		Name: clock_gettime
		Pid: 31863
		Spid: 31863
		Status: Finished
		Start: 1685713247960487
		Finish: 1685713247964062
		Duration: 3575
		Return Value: 0

	Instruction
		Name: clock_gettime
		Pid: 31863
		Spid: 31863
		Status: Finished
		Start: 1685713247964661
		Finish: 1685713247965526
		Duration: 865
		Return Value: 0

	Instruction
		Name: clock_gettime
		Pid: 31863
		Spid: 31863
		Status: Finished
		Start: 1685713247965607
		Finish: 1685713247966857
		Duration: 1250
		Return Value: 0

	Instruction
		Name: clock_gettime
		Pid: 31863
		Spid: 31863
		Status: Finished
		Start: 1685713247967211
		Finish: 1685713247967918
		Duration: 707
		Return Value: 0

	Instruction
		Name: clock_gettime
		Pid: 31863
		Spid: 31863
		Status: Finished
		Start: 1685713247967999
		Finish: 1685713247968883
		Duration: 884
		Return Value: 0

	Instruction
		Name: clock_gettime
		Pid: 31863
		Spid: 31863
		Status: Finished
		Start: 1685713247969390
		Finish: 1685713247970208
		Duration: 818
		Return Value: 0

	Instruction
		Name: clock_gettime
		Pid: 31863
		Spid: 31863
		Status: Finished
		Start: 1685713247970296
		Finish: 1685713247971059
		Duration: 763
		Return Value: 0

	Instruction
		Name: clock_gettime
		Pid: 31863
		Spid: 31863
		Status: Finished
		Start: 1685713247971372
		Finish: 1685713247972099
		Duration: 727
		Return Value: 0

	Instruction
		Name: close
		Pid: 31973
		Spid: 31973
		Status: Finished
		Start: 1685713272044614
		Finish: 1685713272044778
		Duration: 164
		Return Value: 0

	Instruction
		Name: mprotect
		Pid: 31973
		Spid: 31973
		Status: Finished
		Start: 1685713272044864
		Finish: 1685713272045054
		Duration: 190
		Return Value: 0

	Instruction
		Name: mprotect
		Pid: 31973
		Spid: 31973
		Status: Finished
		Start: 1685713272045137
		Finish: 1685713272045812
		Duration: 675
		Return Value: 0

	Instruction
		Name: mprotect
		Pid: 31973
		Spid: 31973
		Status: Finished
		Start: 1685713272046027
		Finish: 1685713272046624
		Duration: 597
		Return Value: 0

	Instruction
		Name: mprotect
		Pid: 31973
		Spid: 31973
		Status: Finished
		Start: 1685713272046734
		Finish: 1685713272046963
		Duration: 229
		Return Value: 0

	Instruction
		Name: munmap
		Pid: 31973
		Spid: 31973
		Status: Finished
		Start: 1685713272047053
		Finish: 1685713272047231
		Duration: 178
		Return Value: 0

	Instruction
		Name: prctl
		Pid: 31973
		Spid: 31973
		Status: Finished
		Start: 1685713272047341
		Finish: 1685713272047502
		Duration: 161
		Return Value: 1

	Instruction
		Name: clock_gettime
		Pid: 31973
		Spid: 31973
		Status: Finished
		Start: 1685713272053193
		Finish: 1685713272053411
		Duration: 218
		Return Value: 0

	Instruction
		Name: write
		Pid: 31973
		Spid: 31973
		Status: Finished
		Start: 1685713272053539
		Finish: 1685713272054035
		Duration: 496
		Return Value: 8

	Instruction
		Name: futex
		Pid: 31973
		Spid: 31973
		Status: Finished
		Start: 1685713272054202
		Finish: 1685713272054598
		Duration: 396
		Return Value: 1

	Instruction
		Name: futex
		Pid: 31973
		Spid: 31973
		Status: Finished
		Start: 1685713272054644
		Finish: 1685713272054874
		Duration: 230
		Return Value: 18446744073709551605

	Instruction
		Name: write
		Pid: 31973
		Spid: 31973
		Status: Finished
		Start: 1685713272054965
		Finish: 1685713272055170
		Duration: 205
		Return Value: 8

	Instruction
		Name: futex
		Pid: 31973
		Spid: 31973
		Status: Finished
		Start: 1685713272055212
		Finish: 1685713272077839
		Duration: 22627
		Return Value: 0

	Instruction
		Name: clock_gettime
		Pid: 31973
		Spid: 31973
		Status: Finished
		Start: 1685713272078210
		Finish: 1685713272078982
		Duration: 772
		Return Value: 0

	Instruction
		Name: clock_gettime
		Pid: 31973
		Spid: 31973
		Status: Finished
		Start: 1685713272079140
		Finish: 1685713272079747
		Duration: 607
		Return Value: 0

	Instruction
		Name: clock_gettime
		Pid: 31973
		Spid: 31973
		Status: Finished
		Start: 1685713272079886
		Finish: 1685713272080621
		Duration: 735
		Return Value: 0

	Instruction
		Name: read
		Pid: 31973
		Spid: 31973
		Status: Finished
		Start: 1685713272080704
		Finish: 1685713272081570
		Duration: 866
		Return Value: 48

	Instruction
		Name: getuid
		Pid: 31973
		Spid: 31973
		Status: Finished
		Start: 1685713272081721
		Finish: 1685713272082672
		Duration: 951
		Return Value: 10333

	Instruction
		Name: epoll_pwait
		Pid: 31973
		Spid: 31973
		Status: Finished
		Start: 1685713272082814
		Finish: 1685713272084245
		Duration: 1431
		Return Value: 1

	Instruction
		Name: read
		Pid: 31973
		Spid: 31973
		Status: Finished
		Start: 1685713272084340
		Finish: 1685713272085334
		Duration: 994
		Return Value: 8

	Instruction
		Name: clock_gettime
		Pid: 31973
		Spid: 31973
		Status: Finished
		Start: 1685713272085524
		Finish: 1685713272087320
		Duration: 1796
		Return Value: 0

	Instruction
		Name: clock_gettime
		Pid: 31973
		Spid: 31973
		Status: Finished
		Start: 1685713272087509
		Finish: 1685713272089170
		Duration: 1661
		Return Value: 0

	Instruction
		Name: gettimeofday
		Pid: 31973
		Spid: 31973
		Status: Finished
		Start: 1685713272089546
		Finish: 1685713272090613
		Duration: 1067
		Return Value: 0

	Instruction
		Name: read
		Pid: 31973
		Spid: 31973
		Status: Finished
		Start: 1685713272090742
		Finish: 1685713272096993
		Duration: 6251
		Return Value: 48

	Instruction
		Name: ioctl
		Pid: 31973
		Spid: 31973
		Status: Finished
		Start: 1685713272097418
		Finish: 1685713272098253
		Duration: 835
		Return Value: 0

	Instruction
		Name: clock_gettime
		Pid: 31973
		Spid: 31973
		Status: Finished
		Start: 1685713272098473
		Finish: 1685713272103273
		Duration: 4800
		Return Value: 0

	Instruction
		Name: read
		Pid: 31973
		Spid: 31973
		Status: Finished
		Start: 1685713272103448
		Finish: 1685713272106831
		Duration: 3383
		Return Value: 48

	Instruction
		Name: getuid
		Pid: 31973
		Spid: 31973
		Status: Finished
		Start: 1685713272109196
		Finish: 1685713272110322
		Duration: 1126
		Return Value: 10333

	Instruction
		Name: epoll_pwait
		Pid: 31973
		Spid: 31973
		Status: Finished
		Start: 1685713272110490
		Finish: 1685713272111234
		Duration: 744
		Return Value: 0

	Instruction
		Name: clock_gettime
		Pid: 31973
		Spid: 31973
		Status: Finished
		Start: 1685713272111296
		Finish: 1685713272111851
		Duration: 555
		Return Value: 0

	Instruction
		Name: clock_gettime
		Pid: 31973
		Spid: 31973
		Status: Finished
		Start: 1685713272112045
		Finish: 1685713272114319
		Duration: 2274
		Return Value: 0

	Instruction
		Name: gettimeofday
		Pid: 31973
		Spid: 31973
		Status: Finished
		Start: 1685713272114440
		Finish: 1685713272115360
		Duration: 920
		Return Value: 0

	Instruction
		Name: read
		Pid: 31973
		Spid: 31973
		Status: Finished
		Start: 1685713272115433
		Finish: 1685713272116070
		Duration: 637
		Return Value: 48

	Instruction
		Name: clock_gettime
		Pid: 31973
		Spid: 31973
		Status: Finished
		Start: 1685713272118751
		Finish: 1685713272119631
		Duration: 880
		Return Value: 0

	Instruction
		Name: clock_gettime
		Pid: 31973
		Spid: 31973
		Status: Finished
		Start: 1685713272119723
		Finish: 1685713272126427
		Duration: 6704
		Return Value: 0

	Instruction
		Name: clock_gettime
		Pid: 31973
		Spid: 31973
		Status: Finished
		Start: 1685713272127001
		Finish: 1685713272128126
		Duration: 1125
		Return Value: 0

	Instruction
		Name: clock_gettime
		Pid: 31973
		Spid: 31973
		Status: Finished
		Start: 1685713272128293
		Finish: 1685713272128803
		Duration: 510
		Return Value: 0

	Instruction
		Name: clock_gettime
		Pid: 31973
		Spid: 31973
		Status: Finished
		Start: 1685713272129555
		Finish: 1685713272130167
		Duration: 612
		Return Value: 0

	Instruction
		Name: clock_gettime
		Pid: 31973
		Spid: 31973
		Status: Finished
		Start: 1685713272130234
		Finish: 1685713272130780
		Duration: 546
		Return Value: 0

	Instruction
		Name: clock_gettime
		Pid: 31973
		Spid: 31973
		Status: Finished
		Start: 1685713272130960
		Finish: 1685713272131706
		Duration: 746
		Return Value: 0

	Instruction
		Name: clock_gettime
		Pid: 31973
		Spid: 31973
		Status: Finished
		Start: 1685713272131794
		Finish: 1685713272132337
		Duration: 543
		Return Value: 0

	Instruction
		Name: clock_gettime
		Pid: 31973
		Spid: 31973
		Status: Finished
		Start: 1685713272132469
		Finish: 1685713272136274
		Duration: 3805
		Return Value: 0

	Instruction
		Name: clock_gettime
		Pid: 31973
		Spid: 31973
		Status: Finished
		Start: 1685713272140187
		Finish: 1685713272141275
		Duration: 1088
		Return Value: 0

	Instruction
		Name: clock_gettime
		Pid: 31973
		Spid: 31973
		Status: Finished
		Start: 1685713272141659
		Finish: 1685713272145700
		Duration: 4041
		Return Value: 0

	Instruction
		Name: clock_gettime
		Pid: 31973
		Spid: 31973
		Status: Finished
		Start: 1685713272145812
		Finish: 1685713272146549
		Duration: 737
		Return Value: 0

	Instruction
		Name: clock_gettime
		Pid: 31973
		Spid: 31973
		Status: Finished
		Start: 1685713272146765
		Finish: 1685713272147134
		Duration: 369
		Return Value: 0

	Instruction
		Name: clock_gettime
		Pid: 31973
		Spid: 31973
		Status: Finished
		Start: 1685713272147192
		Finish: 1685713272147613
		Duration: 421
		Return Value: 0

	Instruction
		Name: clock_gettime
		Pid: 31973
		Spid: 31973
		Status: Finished
		Start: 1685713272147805
		Finish: 1685713272148307
		Duration: 502
		Return Value: 0

	Instruction
		Name: clock_gettime
		Pid: 31973
		Spid: 31973
		Status: Finished
		Start: 1685713272148448
		Finish: 1685713272153396
		Duration: 4948
		Return Value: 0

	Instruction
		Name: clock_gettime
		Pid: 31973
		Spid: 31973
		Status: Finished
		Start: 1685713272155821
		Finish: 1685713272158207
		Duration: 2386
		Return Value: 0

	Instruction
		Name: clock_gettime
		Pid: 31973
		Spid: 31973
		Status: Finished
		Start: 1685713272158308
		Finish: 1685713272159058
		Duration: 750
		Return Value: 0

	Instruction
		Name: clock_gettime
		Pid: 31973
		Spid: 31973
		Status: Finished
		Start: 1685713272159547
		Finish: 1685713272160373
		Duration: 826
		Return Value: 0

	Instruction
		Name: clock_gettime
		Pid: 31973
		Spid: 31973
		Status: Finished
		Start: 1685713272160447
		Finish: 1685713272161187
		Duration: 740
		Return Value: 0

	Instruction
		Name: clock_gettime
		Pid: 31973
		Spid: 31973
		Status: Finished
		Start: 1685713272161351
		Finish: 1685713272161974
		Duration: 623
		Return Value: 0

	Instruction
		Name: clock_gettime
		Pid: 31973
		Spid: 31973
		Status: Finished
		Start: 1685713272162046
		Finish: 1685713272164272
		Duration: 2226
		Return Value: 0

	Instruction
		Name: clock_gettime
		Pid: 31973
		Spid: 31973
		Status: Finished
		Start: 1685713272165359
		Finish: 1685713272166445
		Duration: 1086
		Return Value: 0

	Instruction
		Name: clock_gettime
		Pid: 31973
		Spid: 31973
		Status: Finished
		Start: 1685713272172453
		Finish: 1685713272173865
		Duration: 1412
		Return Value: 0

	Instruction
		Name: clock_gettime
		Pid: 31973
		Spid: 31973
		Status: Finished
		Start: 1685713272174046
		Finish: 1685713272175023
		Duration: 977
		Return Value: 0

	Instruction
		Name: clock_gettime
		Pid: 31973
		Spid: 31973
		Status: Finished
		Start: 1685713272175116
		Finish: 1685713272175735
		Duration: 619
		Return Value: 0

	Instruction
		Name: clock_gettime
		Pid: 31973
		Spid: 31973
		Status: Finished
		Start: 1685713272176446
		Finish: 1685713272177203
		Duration: 757
		Return Value: 0

	Instruction
		Name: clock_gettime
		Pid: 31973
		Spid: 31973
		Status: Finished
		Start: 1685713272177273
		Finish: 1685713272177868
		Duration: 595
		Return Value: 0

	Instruction
		Name: clock_gettime
		Pid: 31973
		Spid: 31973
		Status: Finished
		Start: 1685713272178103
		Finish: 1685713272178694
		Duration: 591
		Return Value: 0

	Instruction
		Name: clock_gettime
		Pid: 31973
		Spid: 31973
		Status: Finished
		Start: 1685713272178771
		Finish: 1685713272179309
		Duration: 538
		Return Value: 0

	Instruction
		Name: clock_gettime
		Pid: 31973
		Spid: 31973
		Status: Finished
		Start: 1685713272179608
		Finish: 1685713272180393
		Duration: 785
		Return Value: 0

	Instruction
		Name: clock_gettime
		Pid: 31973
		Spid: 31973
		Status: Finished
		Start: 1685713272180461
		Finish: 1685713272181100
		Duration: 639
		Return Value: 0

	Instruction
		Name: clock_gettime
		Pid: 31973
		Spid: 31973
		Status: Finished
		Start: 1685713272181327
		Finish: 1685713272182163
		Duration: 836
		Return Value: 0

	Instruction
		Name: clock_gettime
		Pid: 31973
		Spid: 31973
		Status: Finished
		Start: 1685713272182248
		Finish: 1685713272183269
		Duration: 1021
		Return Value: 0

	Instruction
		Name: clock_gettime
		Pid: 31973
		Spid: 31973
		Status: Finished
		Start: 1685713272183424
		Finish: 1685713272185145
		Duration: 1721
		Return Value: 0

	Instruction
		Name: clock_gettime
		Pid: 31973
		Spid: 31973
		Status: Finished
		Start: 1685713272185253
		Finish: 1685713272186705
		Duration: 1452
		Return Value: 0

	Instruction
		Name: clock_gettime
		Pid: 31973
		Spid: 31973
		Status: Finished
		Start: 1685713272186950
		Finish: 1685713272191231
		Duration: 4281
		Return Value: 0

	Instruction
		Name: clock_gettime
		Pid: 31973
		Spid: 31973
		Status: Finished
		Start: 1685713272191339
		Finish: 1685713272192137
		Duration: 798
		Return Value: 0

	Instruction
		Name: clock_gettime
		Pid: 31973
		Spid: 31973
		Status: Finished
		Start: 1685713272192356
		Finish: 1685713272193707
		Duration: 1351
		Return Value: 0

	Instruction
		Name: clock_gettime
		Pid: 31973
		Spid: 31973
		Status: Finished
		Start: 1685713272193803
		Finish: 1685713272194811
		Duration: 1008
		Return Value: 0

	Instruction
		Name: clock_gettime
		Pid: 31973
		Spid: 31973
		Status: Finished
		Start: 1685713272195020
		Finish: 1685713272195685
		Duration: 665
		Return Value: 0

	Instruction
		Name: clock_gettime
		Pid: 31973
		Spid: 31973
		Status: Finished
		Start: 1685713272195769
		Finish: 1685713272196966
		Duration: 1197
		Return Value: 0

	Instruction
		Name: clock_gettime
		Pid: 31973
		Spid: 31973
		Status: Finished
		Start: 1685713272197333
		Finish: 1685713272197929
		Duration: 596
		Return Value: 0

	Instruction
		Name: clock_gettime
		Pid: 31973
		Spid: 31973
		Status: Finished
		Start: 1685713272198021
		Finish: 1685713272198732
		Duration: 711
		Return Value: 0

	Instruction
		Name: clock_gettime
		Pid: 31973
		Spid: 31973
		Status: Finished
		Start: 1685713272198895
		Finish: 1685713272204758
		Duration: 5863
		Return Value: 0

	Instruction
		Name: clock_gettime
		Pid: 31973
		Spid: 31973
		Status: Finished
		Start: 1685713272204883
		Finish: 1685713272205619
		Duration: 736
		Return Value: 0

	Instruction
		Name: clock_gettime
		Pid: 31973
		Spid: 31973
		Status: Finished
		Start: 1685713272205873
		Finish: 1685713272206919
		Duration: 1046
		Return Value: 0

	Instruction
		Name: clock_gettime
		Pid: 31973
		Spid: 31973
		Status: Finished
		Start: 1685713272207022
		Finish: 1685713272208655
		Duration: 1633
		Return Value: 0

	Instruction
		Name: clock_gettime
		Pid: 31973
		Spid: 31973
		Status: Finished
		Start: 1685713272208861
		Finish: 1685713272209733
		Duration: 872
		Return Value: 0

	Instruction
		Name: clock_gettime
		Pid: 31973
		Spid: 31973
		Status: Finished
		Start: 1685713272209823
		Finish: 1685713272210487
		Duration: 664
		Return Value: 0

	Instruction
		Name: clock_gettime
		Pid: 31973
		Spid: 31973
		Status: Finished
		Start: 1685713272210716
		Finish: 1685713272211628
		Duration: 912
		Return Value: 0

	Instruction
		Name: clock_gettime
		Pid: 31973
		Spid: 31973
		Status: Finished
		Start: 1685713272211737
		Finish: 1685713272212379
		Duration: 642
		Return Value: 0

	Instruction
		Name: clock_gettime
		Pid: 31973
		Spid: 31973
		Status: Finished
		Start: 1685713272212566
		Finish: 1685713272213182
		Duration: 616
		Return Value: 0

	Instruction
		Name: clock_gettime
		Pid: 31973
		Spid: 31973
		Status: Finished
		Start: 1685713272213287
		Finish: 1685713272214281
		Duration: 994
		Return Value: 0

	Instruction
		Name: clock_gettime
		Pid: 31973
		Spid: 31973
		Status: Finished
		Start: 1685713272214581
		Finish: 1685713272215256
		Duration: 675
		Return Value: 0

	Instruction
		Name: clock_gettime
		Pid: 31973
		Spid: 31973
		Status: Finished
		Start: 1685713272215376
		Finish: 1685713272215881
		Duration: 505
		Return Value: 0

LIST OF ALL NOT TERMINATED INSTRUCTIONS

