
LIST OF ALL SEQUENCES FOR EACH INSTRUCTION

	Instruction
		Name: clock_gettime
		Next: [clock_gettime, gettimeofday, ioctl, read, write]

	Instruction
		Name: close
		Next: [mprotect]

	Instruction
		Name: epoll_pwait
		Next: [clock_gettime, read]

	Instruction
		Name: futex
		Next: [clock_gettime, futex, write]

	Instruction
		Name: gettimeofday
		Next: [read]

	Instruction
		Name: getuid
		Next: [epoll_pwait]

	Instruction
		Name: ioctl
		Next: [clock_gettime]

	Instruction
		Name: mprotect
		Next: [mprotect, munmap]

	Instruction
		Name: munmap
		Next: [prctl]

	Instruction
		Name: prctl
		Next: [clock_gettime]

	Instruction
		Name: read
		Next: [clock_gettime, getuid, ioctl]

	Instruction
		Name: write
		Next: [futex]

