
LIST OF ALL CORRECTLY USED ALERTS

	Alert record
		Alert: True
		Start timestamp: 1679573062374
		Finish timestamp: 1679573065832

	Alert record
		Alert: False
		Start timestamp: 1679573065833
		Finish timestamp: 1679573066972

	Alert record
		Alert: True
		Start timestamp: 1679573066973
		Finish timestamp: 1679573070334

	Alert record
		Alert: False
		Start timestamp: 1679573070335
		Finish timestamp: 1679573071118

	Alert record
		Alert: True
		Start timestamp: 1679573071119
		Finish timestamp: 1679573072424

	Alert record
		Alert: False
		Start timestamp: 1679573072425
		Finish timestamp: 1679573072612

	Alert record
		Alert: True
		Start timestamp: 1679573072613
		Finish timestamp: 1679573077517

	Alert record
		Alert: False
		Start timestamp: 1679573077518
		Finish timestamp: 1679573077834

	Alert record
		Alert: True
		Start timestamp: 1679573077835
		Finish timestamp: 1679573078808

	Alert record
		Alert: False
		Start timestamp: 1679573078809
		Finish timestamp: 1679573079013

	Alert record
		Alert: True
		Start timestamp: 1679573079014
		Finish timestamp: 1679573080286

	Alert record
		Alert: False
		Start timestamp: 1679573080287
		Finish timestamp: 1679573080513

	Alert record
		Alert: True
		Start timestamp: 1679573080514

LIST OF ALL AZIMUTH ALERTS

	Alert record
		Alert: False
		Start timestamp: 1679573062374
		Finish timestamp: 1679573065832

	Alert record
		Alert: True
		Start timestamp: 1679573065833
		Finish timestamp: 1679573066972

	Alert record
		Alert: False
		Start timestamp: 1679573066973
		Finish timestamp: 1679573070334

	Alert record
		Alert: True
		Start timestamp: 1679573070335
		Finish timestamp: 1679573071118

	Alert record
		Alert: False
		Start timestamp: 1679573071119
		Finish timestamp: 1679573077517

	Alert record
		Alert: True
		Start timestamp: 1679573077518
		Finish timestamp: 1679573077719

	Alert record
		Alert: False
		Start timestamp: 1679573077720
		Finish timestamp: 1679573080286

	Alert record
		Alert: True
		Start timestamp: 1679573080287
		Finish timestamp: 1679573080513

	Alert record
		Alert: False
		Start timestamp: 1679573080514

LIST OF ALL PITCH ALERTS

	Alert record
		Alert: False
		Start timestamp: 1679573062374

LIST OF ALL ROLL ALERTS

	Alert record
		Alert: False
		Start timestamp: 1679573062374
		Finish timestamp: 1679573072424

	Alert record
		Alert: True
		Start timestamp: 1679573072425
		Finish timestamp: 1679573072612

	Alert record
		Alert: False
		Start timestamp: 1679573072613
		Finish timestamp: 1679573077519

	Alert record
		Alert: True
		Start timestamp: 1679573077520
		Finish timestamp: 1679573077834

	Alert record
		Alert: False
		Start timestamp: 1679573077835
		Finish timestamp: 1679573078808

	Alert record
		Alert: True
		Start timestamp: 1679573078809
		Finish timestamp: 1679573079013

	Alert record
		Alert: False
		Start timestamp: 1679573079014

