1684070548110@DebuggableApplications: #AudioRecorder#
1684070548112@DebuggableApplications: #Progetto Android#
1684070548135@DeveloperOptions: adb: #true# devops: #true#
1684070548140@Ptracer: #started#
1684070548154@UsbChecker: ischarg: #false# usbcharg: #false# accharg: #false#
1684070550129@SensorListener: #firstcalibrationdone#
1684070550129@SensorListener: #deviceiscorrectlyused#
1684070550269@SensorListener: #calibrationdone#
1684070550370@SensorListener: Texts: Azimuth #NORTH# Pitch #EAST# Roll #NORTH#
1684070550371@SensorListener: Numbers: Azimuth #0# Pitch #-32# Roll #0#
1684070550470@SensorListener: Numbers: Azimuth #323# Pitch #-52# Roll #294#
1684070550471@SensorListener: Texts: Azimuth #NORTH# Pitch #EAST# Roll #WEST#
1684070550472@SensorListener: #deviceiscorrectlyused#
1684070550671@SensorListener: Numbers: Azimuth #322# Pitch #-18# Roll #299#
1684070550672@SensorListener: Numbers: Azimuth #303# Pitch #-7# Roll #314#
1684070550673@SensorListener: Texts: Azimuth #WEST# Pitch #EAST# Roll #WEST#
1684070550673@SensorListener: #deviceiscorrectlyused#
1684070550876@SensorListener: Numbers: Azimuth #296# Pitch#-17# Roll #326#
1684070550876@SensorListener: Texts: Azimuth #WEST# Pitch #EAST# Roll #NORTH#
1684070550876@SensorListener: #deviceiscorrectlyused#
1684070551132@SensorListener: Numbers: Azimuth #309# Pitch #-30# Roll #328#
1684070551279@SensorListener: Numbers: Azimuth #318# Pitch #-33# Roll #328#
1684070551280@SensorListener: Texts: Azimuth #NORTH# Pitch #EAST# Roll #NORTH#
1684070551281@SensorListener: #deviceiscorrectlyused#
1684070551478@SensorListener: Numbers: Azimuth #321# Pitch #-30# Roll #328#
1684070551480@SensorListener: Numbers: Azimuth #323# Pitch #-24# Roll #333#
1684070551680@SensorListener: Numbers: Azimuth #325# Pitch #-23# Roll #338#
1684070551880@SensorListener: Numbers: Azimuth #318# Pitch #-37# Roll #328#
1684070552083@SensorListener: Numbers: Azimuth #297# Pitch #-38# Roll #324#
1684070552083@SensorListener: Texts: Azimuth #WEST# Pitch #EAST# Roll #NORTH#
1684070552084@SensorListener: #deviceiscorrectlyused#
1684070552290@SensorListener: Numbers: Azimuth #283# Pitch #-30# Roll #332#
1684070552290@SensorListener: Numbers: Azimuth #290# Pitch #-52# Roll #340#
1684070552291@SensorListener: Texts: Azimuth #WEST# Pitch #NORTH# Roll #NORTH#
1684070552291@SensorListener: #deviceiscorrectlyused#
1684070552487@SensorListener: Numbers: Azimuth #275# Pitch #-47# Roll #354#
1684070552687@SensorListener: Numbers: Azimuth #254# Pitch #8# Roll #336#
1684070552688@SensorListener: Texts: Azimuth #WEST# Pitch #EAST# Roll #NORTH#
1684070552689@SensorListener: #deviceiscorrectlyused#
1684070552890@SensorListener: Numbers: Azimuth #304# Pitch #4# Roll #333#
1684070553094@SensorListener: Numbers: Azimuth #310# Pitch #11# Roll #339#
1684070553096@SensorListener: Numbers: Azimuth #318# Pitch #-12# Roll #340#
1684070553096@SensorListener: Texts: Azimuth #NORTH# Pitch #EAST# Roll #NORTH#
1684070553097@SensorListener: #deviceiscorrectlyused#
1684070553293@SensorListener: Numbers: Azimuth #296# Pitch #-20# Roll #331#
1684070553293@SensorListener: Texts: Azimuth #WEST# Pitch #EAST# Roll #NORTH#
1684070553293@SensorListener: #deviceiscorrectlyused#
1684070553496@SensorListener: Numbers: Azimuth #294# Pitch #-25# Roll #327#
1684070553720@SensorListener: Numbers: Azimuth #294# Pitch #-28# Roll #323#
1684070553898@SensorListener: Numbers: Azimuth #293# Pitch #-30# Roll #324#
1684070553899@SensorListener: Numbers: Azimuth #294# Pitch #-27# Roll #326#
1684070554101@SensorListener: Numbers: Azimuth #296# Pitch #-33# Roll #327#
1684070554302@SensorListener: Numbers: Azimuth #294# Pitch #-36# Roll #329#
1684070554504@SensorListener: Numbers: Azimuth #292# Pitch #-40# Roll #330#
1684070554705@SensorListener: Numbers: Azimuth #295# Pitch #-41# Roll #330#
1684070554707@SensorListener: Numbers: Azimuth #295# Pitch #-40# Roll #328#
1684070554991@SensorListener: Numbers: Azimuth #295# Pitch #-37# Roll #324#
1684070555368@SensorListener: Numbers: Azimuth #300# Pitch #-38# Roll #324#
1684070555369@SensorListener: Numbers: Azimuth #297# Pitch #-42# Roll #325#
1684070555411@SensorListener: Numbers: Azimuth #296# Pitch #-42# Roll #324#
1684070555613@SensorListener: Numbers: Azimuth #298# Pitch #-43# Roll #323#
1684070555812@SensorListener: Numbers: Azimuth #299# Pitch #-45# Roll #323#
1684070555813@SensorListener: Texts: Azimuth #WEST# Pitch #NORTHEAST# Roll #NORTH#
1684070555813@SensorListener: #deviceiscorrectlyused#
1684070556096@SensorListener: Numbers: Azimuth #300# Pitch #-45# Roll #323#
1684070556314@SensorListener: Numbers: Azimuth #301# Pitch #-44# Roll #323#
1684070556315@SensorListener: Texts: Azimuth #WEST# Pitch #EAST# Roll #NORTH#
1684070556315@SensorListener: #deviceiscorrectlyused#
1684070556412@SensorListener: Numbers: Azimuth #304# Pitch #-44# Roll #323#
1684070556600@SensorListener: Numbers: Azimuth #302# Pitch #-46# Roll #323#
1684070556602@SensorListener: Texts: Azimuth #WEST# Pitch #NORTH# Roll #NORTH#
1684070556603@SensorListener: #deviceiscorrectlyused#
1684070556801@SensorListener: Numbers: Azimuth #278# Pitch #-26# Roll #313#
1684070556802@SensorListener: Texts: Azimuth #WEST# Pitch #NORTH# Roll #WEST#
1684070556802@SensorListener: #deviceiscorrectlyused#
1684070557105@SensorListener: Numbers: Azimuth #264# Pitch #-30# Roll #308#
1684070557306@SensorListener: Numbers: Azimuth #279# Pitch #-30# Roll #355#
1684070557307@SensorListener: Texts: Azimuth #WEST# Pitch #EAST# Roll #NORTH#
1684070557308@SensorListener: #deviceiscorrectlyused#
1684070557411@SensorListener: Numbers: Azimuth #288# Pitch #-39# Roll #63#
1684070557411@SensorListener: Texts: Azimuth #WEST# Pitch #EAST# Roll #EAST#
1684070557411@SensorListener: #deviceiscorrectlyused#
1684070557608@SensorListener: Numbers: Azimuth #311# Pitch #-10# Roll #124#
1684070557811@SensorListener: Numbers: Azimuth #338# Pitch #-5# Roll #144#
1684070557812@SensorListener: Texts: Azimuth #NORTH# Pitch #WEST# Roll #SOUTH#
1684070557813@SensorListener: #azimuthok#
1684070557814@SensorListener: #pitchalert#
1684070557815@SensorListener: #rollalert#
1684070558111@SensorListener: Numbers: Azimuth #343# Pitch #-28# Roll #144#
1684070558314@SensorListener: Numbers: Azimuth #285# Pitch #-55# Roll #82#
1684070558315@SensorListener: Texts: Azimuth #WEST# Pitch #WEST# Roll #EAST#
1684070558316@SensorListener: #deviceiscorrectlyused#
1684070558595@SensorListener: Numbers: Azimuth #204# Pitch #-16# Roll #346#
1684070558596@SensorListener: Texts: Azimuth #SOUTH# Pitch #EAST# Roll #NORTH#
1684070558597@SensorListener: #azimuthalert#
1684070558597@SensorListener: #pitchalert#
1684070558598@SensorListener: #rollok#
1684070558797@SensorListener: Numbers: Azimuth #264# Pitch #-17# Roll #330#
1684070558797@SensorListener: Texts: Azimuth #WEST# Pitch #EAST# Roll #NORTH#
1684070558797@SensorListener: #deviceiscorrectlyused#
1684070558911@SensorListener: Numbers: Azimuth #276# Pitch #4# Roll #324#
1684070559100@SensorListener: Numbers: Azimuth #309# Pitch #-22# Roll #334#
1684070559302@SensorListener: Numbers: Azimuth #275# Pitch #-43# Roll #324#
1684070559608@SensorListener: Numbers: Azimuth #247# Pitch #-49# Roll #315#
1684070559608@SensorListener: Texts: Azimuth #WEST# Pitch #EAST# Roll #NORTHWEST#
1684070559608@SensorListener: #deviceiscorrectlyused#
1684070559809@SensorListener: Numbers: Azimuth #265# Pitch #-9# Roll #327#
1684070559810@SensorListener: Texts: Azimuth #WEST# Pitch #EAST# Roll #NORTH#
1684070559810@SensorListener: #deviceiscorrectlyused#
1684070559913@SensorListener: Numbers: Azimuth #294# Pitch #8# Roll #338#
1684070560112@SensorListener: Numbers: Azimuth #298# Pitch #9# Roll #351#
1684070560317@SensorListener: Numbers: Azimuth #297# Pitch #-24# Roll #325#
1684070560621@SensorListener: Numbers: Azimuth #279# Pitch #-20# Roll #352#
1684070560817@SensorListener: Numbers: Azimuth #248# Pitch #9# Roll #338#
1684070560918@SensorListener: Numbers: Azimuth #296# Pitch #-1# Roll #333#
1684070561099@SensorListener: Numbers: Azimuth #293# Pitch #-42# Roll #337#
1684070561301@SensorListener: Numbers: Azimuth #270# Pitch #-24# Roll #4#
1684070561604@SensorListener: Numbers: Azimuth #261# Pitch #-39# Roll #7#
1684070561807@SensorListener: Numbers: Azimuth #276# Pitch #-68# Roll #15#
1684070561807@SensorListener: Texts: Azimuth #WEST# Pitch #NORTH# Roll #NORTH#
1684070561807@SensorListener: #deviceiscorrectlyused#
1684070561915@SensorListener: Numbers: Azimuth #320# Pitch #-58# Roll #92#
1684070561916@SensorListener: Texts: Azimuth #NORTH# Pitch #NORTH# Roll #EAST#
1684070561917@SensorListener: #deviceiscorrectlyused#
1684070562109@SensorListener: Numbers: Azimuth #328# Pitch #-35# Roll #131#
1684070562312@SensorListener: Numbers: Azimuth #335# Pitch #-32# Roll #130#
1684070562611@SensorListener: Numbers: Azimuth #175# Pitch #-32# Roll #348#
1684070562612@SensorListener: Texts: Azimuth #SOUTH# Pitch #EAST# Roll #NORTH#
1684070562612@SensorListener: #azimuthalert#
1684070562612@SensorListener: #pitchok#
1684070562613@SensorListener: #rollok#
1684070562819@SensorListener: Numbers: Azimuth #239# Pitch #-9# Roll #316#
1684070562821@SensorListener: Texts: Azimuth #WEST# Pitch #EAST# Roll #NORTH#
1684070562823@SensorListener: #deviceiscorrectlyused#
1684070562914@SensorListener: Numbers: Azimuth #274# Pitch #-15# Roll #316#
1684070563119@SensorListener: Numbers: Azimuth #260# Pitch #-20# Roll #309#
1684070563127@SensorListener: Texts: Azimuth #WEST# Pitch #EAST# Roll #WEST#
1684070563133@SensorListener: #deviceiscorrectlyused#
1684070563319@SensorListener: Numbers: Azimuth #249# Pitch #-21# Roll #307#
1684070563601@SensorListener: Numbers: Azimuth #250# Pitch #-26# Roll #307#
1684070563802@SensorListener: Numbers: Azimuth #251# Pitch #-28# Roll #308#
1684070563915@SensorListener: Numbers: Azimuth #251# Pitch #-27# Roll #309#
1684070564104@SensorListener: Numbers: Azimuth #252# Pitch #-27# Roll #313#
1684070564310@SensorListener: Numbers: Azimuth #253# Pitch #-30# Roll #313#
1684070564614@SensorListener: Numbers: Azimuth #253# Pitch #-31# Roll #314#
1684070564816@SensorListener: Numbers: Azimuth #256# Pitch #-33# Roll #314#
1684070564919@SensorListener: Numbers: Azimuth #263# Pitch #-39# Roll #312#
1684070565066@AppManagement: #onpause#
