1688555140815@DebuggableApplications: #MyCalc#
1688555140815@DebuggableApplications: #AudioRecorder#
1688555140836@DeveloperOptions: adb: #true# devops: #true#
1688555140842@Ptracer: #started#
1688555140851@AppManagement: #onresume#
1688555141147@UsbChecker: ischarg: #false# usbcharg: #false# accharg: #false#
1688555142831@SensorListener: #firstcalibrationdone#
1688555142831@SensorListener: #deviceiscorrectlyused#
1688555143021@SensorListener: #calibrationdone#
1688555143058@SensorListener: Texts: Azimuth #NORTH# Pitch #EAST# Roll #NORTH#
1688555143058@SensorListener: Numbers: Azimuth #0# Pitch #-43# Roll #0#
1688555143124@SensorListener: Numbers: Azimuth #16# Pitch #-50# Roll #7#
1688555143124@SensorListener: Texts: Azimuth #NORTH# Pitch #NORTH# Roll #NORTH#
1688555143124@SensorListener: #deviceiscorrectlyused#
1688555143321@SensorListener: Numbers: Azimuth #54# Pitch #-71# Roll #45#
1688555143321@SensorListener: Texts: Azimuth #EAST# Pitch #NORTH# Roll #NORTHEAST#
1688555143322@SensorListener: #deviceiscorrectlyused#
1688555143525@SensorListener: Numbers: Azimuth #196# Pitch #-65# Roll #202#
1688555143526@SensorListener: Texts: Azimuth #SOUTH# Pitch #NORTH# Roll #SOUTH#
1688555143528@SensorListener: #azimuthalert#
1688555143531@SensorListener: #pitchok#
1688555143532@SensorListener: #rollalert#
1688555143825@SensorListener: Numbers: Azimuth #182# Pitch #-39# Roll #196#
1688555143826@SensorListener: Texts: Azimuth #SOUTH# Pitch #WEST# Roll #SOUTH#
1688555143826@SensorListener: #azimuthalert#
1688555143826@SensorListener: #pitchok#
1688555143827@SensorListener: #rollalert#
1688555144027@SensorListener: Numbers: Azimuth #171# Pitch #-57# Roll #187#
1688555144027@SensorListener: Texts: Azimuth #SOUTH# Pitch #NORTH# Roll #SOUTH#
1688555144027@SensorListener: #azimuthalert#
1688555144028@SensorListener: #pitchok#
1688555144028@SensorListener: #rollalert#
1688555144127@SensorListener: Numbers: Azimuth #166# Pitch #-68# Roll #180#
1688555144312@SensorListener: Numbers: Azimuth #31# Pitch #-82# Roll #47#
1688555144315@SensorListener: Texts: Azimuth #NORTH# Pitch #NORTH# Roll #EAST#
1688555144315@SensorListener: #deviceiscorrectlyused#
1688555144512@SensorListener: Numbers: Azimuth #11# Pitch #-58# Roll #10#
1688555144515@SensorListener: Texts: Azimuth #NORTH# Pitch #NORTH# Roll #NORTH#
1688555144515@SensorListener: #deviceiscorrectlyused#
1688555144815@SensorListener: Numbers: Azimuth #11# Pitch #-66# Roll #354#
1688555145016@SensorListener: Numbers: Azimuth #242# Pitch #-73# Roll #227#
1688555145018@SensorListener: Texts: Azimuth #WEST# Pitch #NORTH# Roll #WEST#
1688555145018@SensorListener: #deviceiscorrectlyused#
1688555145125@SensorListener: Numbers: Azimuth #204# Pitch #-21# Roll #212#
1688555145125@SensorListener: Texts: Azimuth #SOUTH# Pitch #WEST# Roll #SOUTH#
1688555145126@SensorListener: #azimuthalert#
1688555145126@SensorListener: #pitchok#
1688555145126@SensorListener: #rollalert#
1688555145328@SensorListener: Numbers: Azimuth #198# Pitch #-18# Roll #216#
1688555145525@SensorListener: Numbers: Azimuth #181# Pitch #-24# Roll #210#
1688555145863@SensorListener: Numbers: Azimuth #182# Pitch #-42# Roll #205#
1688555145893@AppManagement: #onpause#
