1688223414020@DebuggableApplications: #MyCalc#
1688223414020@DebuggableApplications: #AudioRecorder#
1688223414042@AppManagement: #onresume#
1688223414046@DeveloperOptions: adb: #true# devops: #true#
1688223414055@Ptracer: #started#
1688223414085@UsbChecker: ischarg: #false# usbcharg: #false# accharg: #false#
1688223416042@SensorListener: #firstcalibrationdone#
1688223416042@SensorListener: #deviceiscorrectlyused#
1688223416156@SensorListener: #calibrationdone#
1688223416194@SensorListener: Texts: Azimuth #NORTH# Pitch #EAST# Roll #NORTH#
1688223416194@SensorListener: Numbers: Azimuth #0# Pitch #2# Roll #0#
1688223416350@SensorListener: Numbers: Azimuth #359# Pitch #2# Roll #0#
1688223416753@SensorListener: Numbers: Azimuth #0# Pitch #2# Roll #359#
1688223416957@SensorListener: Numbers: Azimuth #0# Pitch #2# Roll #0#
1688223417158@SensorListener: Numbers: Azimuth #359# Pitch #2# Roll #0#
1688223417562@SensorListener: Numbers: Azimuth #0# Pitch #2# Roll #359#
1688223417768@SensorListener: Numbers: Azimuth #359# Pitch #2# Roll #0#
1688223419377@SensorListener: Numbers: Azimuth #0# Pitch #2# Roll #0#
1688223419577@SensorListener: Numbers: Azimuth #359# Pitch #2# Roll #0#
1688223419982@SensorListener: Numbers: Azimuth #0# Pitch #2# Roll #0#
1688223420183@SensorListener: Numbers: Azimuth #359# Pitch #2# Roll #0#
1688223420385@SensorListener: Numbers: Azimuth #0# Pitch #2# Roll #0#
1688223420587@SensorListener: Numbers: Azimuth #0# Pitch #2# Roll #359#
1688223420990@SensorListener: Numbers: Azimuth #0# Pitch #2# Roll #0#
1688223421192@SensorListener: Numbers: Azimuth #0# Pitch #2# Roll #359#
1688223421394@SensorListener: Numbers: Azimuth #359# Pitch #2# Roll #0#
1688223421596@SensorListener: Numbers: Azimuth #0# Pitch #2# Roll #359#
1688223422215@SensorListener: Numbers: Azimuth #359# Pitch #2# Roll #0#
1688223435918@SensorListener: Numbers: Azimuth #0# Pitch #2# Roll #358#
1688223435920@SensorListener: Numbers: Azimuth #357# Pitch #4# Roll #358#
1688223436120@SensorListener: Numbers: Azimuth #17# Pitch #-24# Roll #12#
1688223436322@SensorListener: Numbers: Azimuth #68# Pitch #-56# Roll #67#
1688223436323@SensorListener: Texts: Azimuth #EAST# Pitch #EAST# Roll #EAST#
1688223436325@SensorListener: #deviceiscorrectlyused#
1688223436523@SensorListener: Numbers: Azimuth #154# Pitch #-46# Roll #150#
1688223436524@SensorListener: Texts: Azimuth #SOUTH# Pitch #NORTH# Roll #SOUTH#
1688223436525@SensorListener: #azimuthalert#
1688223436526@SensorListener: #pitchok#
1688223436526@SensorListener: #rollalert#
1688223436724@SensorListener: Numbers: Azimuth #190# Pitch #-31# Roll #166#
1688223436725@SensorListener: Texts: Azimuth #SOUTH# Pitch #WEST# Roll #SOUTH#
1688223436725@SensorListener: #azimuthalert#
1688223436726@SensorListener: #pitchok#
1688223436727@SensorListener: #rollalert#
1688223436728@SensorListener: Numbers: Azimuth #204# Pitch #-33# Roll #171#
1688223436925@SensorListener: Numbers: Azimuth #194# Pitch #-71# Roll #169#
1688223436926@SensorListener: Texts: Azimuth #SOUTH# Pitch #NORTH# Roll #SOUTH#
1688223436926@SensorListener: #azimuthalert#
1688223436926@SensorListener: #pitchok#
1688223436927@SensorListener: #rollalert#
1688223437127@SensorListener: Numbers: Azimuth #8# Pitch #-80# Roll #2#
1688223437128@SensorListener: Texts: Azimuth #NORTH# Pitch #NORTH# Roll #NORTH#
1688223437130@SensorListener: #deviceiscorrectlyused#
1688223437329@SensorListener: Numbers: Azimuth #10# Pitch #-33# Roll #7#
1688223437329@SensorListener: Texts: Azimuth #NORTH# Pitch #EAST# Roll #NORTH#
1688223437329@SensorListener: #deviceiscorrectlyused#
1688223437532@SensorListener: Numbers: Azimuth #10# Pitch #-4# Roll #16#
1688223437533@SensorListener: Numbers: Azimuth #11# Pitch #3# Roll #15#
1688223437734@SensorListener: Numbers: Azimuth #5# Pitch #4# Roll #17#
1688223437937@SensorListener: Numbers: Azimuth #2# Pitch #3# Roll #14#
1688223438136@SensorListener: Numbers: Azimuth #1# Pitch #1# Roll #0#
1688223438337@SensorListener: Numbers: Azimuth #2# Pitch #0# Roll #359#
1688223438541@SensorListener: Numbers: Azimuth #1# Pitch #0# Roll #0#
1688223438742@SensorListener: Numbers: Azimuth #357# Pitch #0# Roll #0#
1688223439146@SensorListener: Numbers: Azimuth #357# Pitch #1# Roll #0#
1688223439147@SensorListener: Numbers: Azimuth #357# Pitch #2# Roll #0#
1688223443381@SensorListener: Numbers: Azimuth #357# Pitch #3# Roll #0#
1688223443583@SensorListener: Numbers: Azimuth #353# Pitch #10# Roll #12#
1688223443787@SensorListener: Numbers: Azimuth #345# Pitch #-17# Roll #334#
1688223443987@SensorListener: Numbers: Azimuth #1# Pitch #-27# Roll #332#
1688223443988@SensorListener: Numbers: Azimuth #342# Pitch #-17# Roll #339#
1688223444193@SensorListener: Numbers: Azimuth #331# Pitch #-34# Roll #339#
1688223444398@SensorListener: Numbers: Azimuth #327# Pitch #-36# Roll #343#
1688223444597@SensorListener: Numbers: Azimuth #330# Pitch #-38# Roll #345#
