1688555893492@DebuggableApplications: #MyCalc#
1688555893492@DebuggableApplications: #AudioRecorder#
1688555893514@DeveloperOptions: adb: #true# devops: #true#
1688555893517@AppManagement: #onresume#
1688555893521@Ptracer: #started#
1688555893551@UsbChecker: ischarg: #false# usbcharg: #false# accharg: #false#
1688555895509@SensorListener: #firstcalibrationdone#
1688555895509@SensorListener: #deviceiscorrectlyused#
1688555895668@SensorListener: #calibrationdone#
1688555895691@SensorListener: Texts: Azimuth #NORTH# Pitch #NORTH# Roll #NORTH#
1688555895691@SensorListener: Numbers: Azimuth #0# Pitch #-51# Roll #0#
1688555895692@SensorListener: Numbers: Azimuth #9# Pitch #-50# Roll #2#
1688555895869@SensorListener: Numbers: Azimuth #24# Pitch #-71# Roll #21#
1688555896072@SensorListener: Numbers: Azimuth #166# Pitch #-47# Roll #173#
1688555896073@SensorListener: Texts: Azimuth #SOUTH# Pitch #NORTH# Roll #SOUTH#
1688555896074@SensorListener: #azimuthalert#
1688555896075@SensorListener: #pitchok#
1688555896075@SensorListener: #rollalert#
1688555896274@SensorListener: Numbers: Azimuth #161# Pitch #-17# Roll #180#
1688555896274@SensorListener: Texts: Azimuth #SOUTH# Pitch #WEST# Roll #SOUTH#
1688555896275@SensorListener: #azimuthalert#
1688555896275@SensorListener: #pitchok#
1688555896275@SensorListener: #rollalert#
1688555896475@SensorListener: Numbers: Azimuth #163# Pitch #-18# Roll #181#
1688555896476@SensorListener: Numbers: Azimuth #164# Pitch #-27# Roll #176#
1688555896676@SensorListener: Numbers: Azimuth #168# Pitch #-30# Roll #174#
1688555896881@SensorListener: Numbers: Azimuth #168# Pitch #-56# Roll #170#
1688555896882@SensorListener: Texts: Azimuth #SOUTH# Pitch #NORTH# Roll #SOUTH#
1688555896883@SensorListener: #azimuthalert#
1688555896883@SensorListener: #pitchok#
1688555896884@SensorListener: #rollalert#
1688555897081@SensorListener: Numbers: Azimuth #106# Pitch #-83# Roll #105#
1688555897081@SensorListener: Texts: Azimuth #EAST# Pitch #NORTH# Roll #EAST#
1688555897083@SensorListener: #deviceiscorrectlyused#
1688555897283@SensorListener: Numbers: Azimuth #10# Pitch #-59# Roll #3#
1688555897284@SensorListener: Texts: Azimuth #NORTH# Pitch #NORTH# Roll #NORTH#
1688555897285@SensorListener: #deviceiscorrectlyused#
1688555897287@SensorListener: Numbers: Azimuth #7# Pitch #-44# Roll #357#
1688555897287@SensorListener: Texts: Azimuth #NORTH# Pitch #EAST# Roll #NORTH#
1688555897288@SensorListener: #deviceiscorrectlyused#
1688555897483@SensorListener: Numbers: Azimuth #19# Pitch #-62# Roll #10#
1688555897484@SensorListener: Texts: Azimuth #NORTH# Pitch #NORTH# Roll #NORTH#
1688555897484@SensorListener: #deviceiscorrectlyused#
1688555897685@SensorListener: Numbers: Azimuth #166# Pitch #-63# Roll #167#
1688555897686@SensorListener: Texts: Azimuth #SOUTH# Pitch #NORTH# Roll #SOUTH#
1688555897686@SensorListener: #azimuthalert#
1688555897687@SensorListener: #pitchok#
1688555897687@SensorListener: #rollalert#
1688555897886@SensorListener: Numbers: Azimuth #165# Pitch #-43# Roll #169#
1688555897887@SensorListener: Texts: Azimuth #SOUTH# Pitch #WEST# Roll #SOUTH#
1688555897887@SensorListener: #azimuthalert#
1688555897888@SensorListener: #pitchok#
1688555897888@SensorListener: #rollalert#
1688555898091@SensorListener: Numbers: Azimuth #171# Pitch #-41# Roll #176#
1688555898096@SensorListener: Numbers: Azimuth #167# Pitch #-42# Roll #177#
1688555898336@SensorListener: Numbers: Azimuth #168# Pitch #-44# Roll #180#
1688555898385@AppManagement: #onpause#
