1683982319975@DebuggableApplications: #Progetto Android#
1683982319992@DeveloperOptions: adb: #true# devops: #true#
1683982319999@UsbChecker: ischarg: #false# usbcharg: #false# accharg: #false#
1683982320002@Ptracer: #started#
1683982321993@SensorListener: #firstcalibrationdone#
1683982321993@SensorListener: #deviceiscorrectlyused#
1683982321994@SensorListener: #calibrationdone#
1683982322005@SensorListener: Texts: Azimuth #NORTH# Pitch #EAST# Roll #NORTH#
1683982322005@SensorListener: Numbers: Azimuth #0# Pitch #-40# Roll #0#
1683982322460@SensorListener: Numbers: Azimuth #359# Pitch #-40# Roll #0#
1683982322469@SensorListener: Numbers: Azimuth #0# Pitch #-40# Roll #0#
1683982322509@SensorListener: Numbers: Azimuth #1# Pitch #-40# Roll #1#
1683982322704@SensorListener: Numbers: Azimuth #0# Pitch #-40# Roll #355#
1683982322904@SensorListener: Numbers: Azimuth #357# Pitch #-39# Roll #348#
1683982323186@SensorListener: Numbers: Azimuth #347# Pitch #-38# Roll #344#
1683982323387@SensorListener: Numbers: Azimuth #345# Pitch #-38# Roll #344#
1683982323501@SensorListener: Numbers: Azimuth #344# Pitch #-24# Roll #350#
1683982323690@SensorListener: Numbers: Azimuth #332# Pitch #-15# Roll #7#
1683982323893@SensorListener: Numbers: Azimuth #317# Pitch #-2# Roll #12#
1683982324195@SensorListener: Numbers: Azimuth #316# Pitch #-2# Roll #11#
1683982324397@SensorListener: Numbers: Azimuth #323# Pitch #-2# Roll #9#
1683982324900@SensorListener: Numbers: Azimuth #323# Pitch #-1# Roll #9#
1683982325403@SensorListener: Numbers: Azimuth #323# Pitch #0# Roll #8#
1683982326000@SensorListener: Numbers: Azimuth #323# Pitch #0# Roll #7#
1683982326190@SensorListener: Numbers: Azimuth #323# Pitch #1# Roll #7#
1683982326897@SensorListener: Numbers: Azimuth #327# Pitch #1# Roll #7#
1683982327000@SensorListener: Numbers: Azimuth #333# Pitch #3# Roll #15#
1683982327200@SensorListener: Numbers: Azimuth #338# Pitch #3# Roll #22#
1683982327401@SensorListener: Numbers: Azimuth #341# Pitch #2# Roll #15#
1683982327703@SensorListener: Numbers: Azimuth #342# Pitch #1# Roll #8#
1683982327905@SensorListener: Numbers: Azimuth #343# Pitch #0# Roll #4#
1683982328000@SensorListener: Numbers: Azimuth #342# Pitch #0# Roll #5#
1683982328696@SensorListener: Numbers: Azimuth #342# Pitch #0# Roll #6#
1683982328896@SensorListener: Numbers: Azimuth #342# Pitch #1# Roll #6#
1683982329002@SensorListener: Numbers: Azimuth #342# Pitch #1# Roll #7#
1683982330001@SensorListener: Numbers: Azimuth #342# Pitch #2# Roll #8#
1683982330205@SensorListener: Numbers: Azimuth #343# Pitch #4# Roll #21#
1683982330405@SensorListener: Numbers: Azimuth #347# Pitch #-11# Roll #12#
1683982330687@SensorListener: Numbers: Azimuth #346# Pitch #-20# Roll #354#
1683982330889@SensorListener: Numbers: Azimuth #334# Pitch #-35# Roll #334#
1683982331003@SensorListener: Numbers: Azimuth #338# Pitch #-21# Roll #321#
1683982331191@SensorListener: Numbers: Azimuth #359# Pitch #-24# Roll #353#
1683982331394@SensorListener: Numbers: Azimuth #335# Pitch #-29# Roll #355#
1683982331696@SensorListener: Numbers: Azimuth #328# Pitch #-29# Roll #2#
1683982331901@SensorListener: Numbers: Azimuth #325# Pitch #-32# Roll #1#
1683982332002@SensorListener: Numbers: Azimuth #325# Pitch #-32# Roll #2#
1683982332199@SensorListener: Numbers: Azimuth #326# Pitch #-30# Roll #1#
1683982332401@SensorListener: Numbers: Azimuth #327# Pitch #-26# Roll #359#
1683982332704@SensorListener: Numbers: Azimuth #328# Pitch #-25# Roll #358#
1683982332906@SensorListener: Numbers: Azimuth #325# Pitch #-18# Roll #354#
1683982333001@SensorListener: Numbers: Azimuth #324# Pitch #-18# Roll #356#
1683982333188@SensorListener: Numbers: Azimuth #320# Pitch #-18# Roll #359#
1683982333389@SensorListener: Numbers: Azimuth #317# Pitch #-20# Roll #359#
1683982333693@SensorListener: Numbers: Azimuth #318# Pitch #-25# Roll #3#
1683982333894@SensorListener: Numbers: Azimuth #313# Pitch #-31# Roll #6#
1683982333895@SensorListener: Texts: Azimuth #WEST# Pitch #EAST# Roll #NORTH#
1683982333896@SensorListener: #deviceiscorrectlyused#
1683982334002@SensorListener: Numbers: Azimuth #309# Pitch #-33# Roll #7#
1683982334196@SensorListener: Numbers: Azimuth #308# Pitch #-33# Roll #8#
1683982334399@SensorListener: Numbers: Azimuth #311# Pitch #-34# Roll #8#
1683982334702@SensorListener: Numbers: Azimuth #312# Pitch #-33# Roll #9#
1683982334903@SensorListener: Numbers: Azimuth #311# Pitch #-33# Roll #8#
1683982335000@SensorListener: Numbers: Azimuth #312# Pitch #-33# Roll #5#
1683982335210@SensorListener: Numbers: Azimuth #316# Pitch #-32# Roll #4#
1683982335211@SensorListener: Texts: Azimuth #NORTH# Pitch #EAST# Roll #NORTH#
1683982335211@SensorListener: #deviceiscorrectlyused#
1683982335407@SensorListener: Numbers: Azimuth #317# Pitch #-30# Roll #359#
1683982335688@SensorListener: Numbers: Azimuth #323# Pitch #-31# Roll #357#
1683982335891@SensorListener: Numbers: Azimuth #329# Pitch #-32# Roll #358#
1683982336001@SensorListener: Numbers: Azimuth #333# Pitch #-43# Roll #6#
1683982336193@SensorListener: Numbers: Azimuth #332# Pitch #-51# Roll #13#
1683982336193@SensorListener: Texts: Azimuth #NORTH# Pitch #NORTH# Roll #NORTH#
1683982336194@SensorListener: #deviceiscorrectlyused#
1683982336395@SensorListener: Numbers: Azimuth #335# Pitch #-50# Roll #14#
1683982336699@SensorListener: Numbers: Azimuth #337# Pitch #-49# Roll #13#
1683982336898@SensorListener: Numbers: Azimuth #338# Pitch #-49# Roll #13#
1683982337201@SensorListener: Numbers: Azimuth #338# Pitch #-48# Roll #12#
1683982337402@SensorListener: Numbers: Azimuth #337# Pitch #-48# Roll #11#
1683982337705@SensorListener: Numbers: Azimuth #337# Pitch #-47# Roll #11#
1683982337906@SensorListener: Numbers: Azimuth #336# Pitch #-46# Roll #10#
1683982338189@SensorListener: Numbers: Azimuth #335# Pitch #-45# Roll #9#
1683982338190@SensorListener: Texts: Azimuth #NORTH# Pitch #NORTHEAST# Roll #NORTH#
1683982338190@SensorListener: #deviceiscorrectlyused#
1683982338391@SensorListener: Numbers: Azimuth #336# Pitch #-44# Roll #9#
1683982338392@SensorListener: Texts: Azimuth #NORTH# Pitch #EAST# Roll #NORTH#
1683982338392@SensorListener: #deviceiscorrectlyused#
1683982338693@SensorListener: Numbers: Azimuth #336# Pitch #-43# Roll #8#
1683982338896@SensorListener: Numbers: Azimuth #335# Pitch #-43# Roll #8#
1683982339197@SensorListener: Numbers: Azimuth #335# Pitch #-44# Roll #7#
1683982339398@SensorListener: Numbers: Azimuth #336# Pitch #-44# Roll #7#
1683982339503@SensorListener: Numbers: Azimuth #337# Pitch #-45# Roll #7#
1683982339504@SensorListener: Texts: Azimuth #NORTH# Pitch #NORTHEAST# Roll #NORTH#
1683982339505@SensorListener: #deviceiscorrectlyused#
1683982339701@SensorListener: Numbers: Azimuth #338# Pitch #-45# Roll #7#
1683982340206@SensorListener: Numbers: Azimuth #337# Pitch #-45# Roll #6#
1683982340407@SensorListener: Numbers: Azimuth #337# Pitch #-44# Roll #6#
1683982340408@SensorListener: Texts: Azimuth #NORTH# Pitch #EAST# Roll #NORTH#
1683982340409@SensorListener: #deviceiscorrectlyused#
1683982340500@SensorListener: Numbers: Azimuth #335# Pitch #-43# Roll #4#
1683982340689@SensorListener: Numbers: Azimuth #334# Pitch #-42# Roll #3#
1683982341396@SensorListener: Numbers: Azimuth #334# Pitch #-42# Roll #4#
1683982341501@SensorListener: Numbers: Azimuth #335# Pitch #-42# Roll #4#
1683982341698@SensorListener: Numbers: Azimuth #336# Pitch #-43# Roll #5#
1683982341903@SensorListener: Numbers: Azimuth #336# Pitch #-42# Roll #4#
1683982342202@SensorListener: Numbers: Azimuth #336# Pitch #-43# Roll #4#
1683982342403@SensorListener: Numbers: Azimuth #336# Pitch #-42# Roll #5#
1683982342685@SensorListener: Numbers: Azimuth #335# Pitch #-41# Roll #5#
1683982342887@SensorListener: Numbers: Azimuth #335# Pitch #-41# Roll #6#
1683982343190@SensorListener: Numbers: Azimuth #336# Pitch #-41# Roll #6#
1683982343392@SensorListener: Numbers: Azimuth #333# Pitch #-43# Roll #2#
1683982343500@SensorListener: Numbers: Azimuth #318# Pitch #-36# Roll #351#
1683982343695@SensorListener: Numbers: Azimuth #305# Pitch #-33# Roll #356#
1683982343696@SensorListener: Texts: Azimuth #WEST# Pitch #EAST# Roll #NORTH#
1683982343696@SensorListener: #deviceiscorrectlyused#
1683982343896@SensorListener: Numbers: Azimuth #298# Pitch #-34# Roll #10#
1683982344198@SensorListener: Numbers: Azimuth #317# Pitch #-19# Roll #30#
1683982344198@SensorListener: Texts: Azimuth #NORTH# Pitch #EAST# Roll #NORTH#
1683982344199@SensorListener: #deviceiscorrectlyused#
1683982344400@SensorListener: Numbers: Azimuth #341# Pitch #-17# Roll #54#
1683982344402@SensorListener: Texts: Azimuth #NORTH# Pitch #EAST# Roll #EAST#
1683982344403@SensorListener: #deviceiscorrectlyused#
1683982344501@SensorListener: Numbers: Azimuth #342# Pitch #-19# Roll #65#
1683982344704@SensorListener: Numbers: Azimuth #339# Pitch #-36# Roll #63#
1683982344904@SensorListener: Numbers: Azimuth #312# Pitch #-45# Roll #35#
1683982344904@SensorListener: Texts: Azimuth #WEST# Pitch #NORTHEAST# Roll #NORTH#
1683982344905@SensorListener: #deviceiscorrectlyused#
1683982345188@SensorListener: Numbers: Azimuth #307# Pitch #-55# Roll #14#
1683982345189@SensorListener: Texts: Azimuth #WEST# Pitch #NORTH# Roll #NORTH#
1683982345190@SensorListener: #deviceiscorrectlyused#
1683982345387@SensorListener: Numbers: Azimuth #297# Pitch #-56# Roll #1#
1683982345500@SensorListener: Numbers: Azimuth #298# Pitch #-57# Roll #6#
1683982345691@SensorListener: Numbers: Azimuth #305# Pitch #-41# Roll #22#
1683982345692@SensorListener: Texts: Azimuth #WEST# Pitch #EAST# Roll #NORTH#
1683982345693@SensorListener: #deviceiscorrectlyused#
1683982345892@SensorListener: Numbers: Azimuth #307# Pitch #-30# Roll #33#
1683982346195@SensorListener: Numbers: Azimuth #301# Pitch #-52# Roll #26#
1683982346195@SensorListener: Texts: Azimuth #WEST# Pitch #NORTH# Roll #NORTH#
1683982346196@SensorListener: #deviceiscorrectlyused#
1683982346398@SensorListener: Numbers: Azimuth #295# Pitch #-55# Roll #13#
1683982346503@SensorListener: Numbers: Azimuth #309# Pitch #-57# Roll #17#
1683982346698@SensorListener: Numbers: Azimuth #312# Pitch #-58# Roll #19#
1683982346900@SensorListener: Numbers: Azimuth #313# Pitch #-55# Roll #20#
1683982347203@SensorListener: Numbers: Azimuth #322# Pitch #-39# Roll #30#
1683982347204@SensorListener: Texts: Azimuth #NORTH# Pitch #EAST# Roll #NORTH#
1683982347204@SensorListener: #deviceiscorrectlyused#
1683982347404@SensorListener: Numbers: Azimuth #321# Pitch #-28# Roll #36#
1683982347501@SensorListener: Numbers: Azimuth #316# Pitch #-22# Roll #43#
1683982347686@SensorListener: Numbers: Azimuth #304# Pitch #-20# Roll #48#
1683982347687@SensorListener: Texts: Azimuth #WEST# Pitch #EAST# Roll #EAST#
1683982347687@SensorListener: #deviceiscorrectlyused#
1683982347893@SensorListener: Numbers: Azimuth #296# Pitch #-19# Roll #53#
1683982348191@SensorListener: Numbers: Azimuth #304# Pitch #-22# Roll #70#
1683982348392@SensorListener: Numbers: Azimuth #306# Pitch #-38# Roll #75#
1683982348500@SensorListener: Numbers: Azimuth #270# Pitch #-49# Roll #34#
1683982348501@SensorListener: Texts: Azimuth #WEST# Pitch #NORTH# Roll #NORTH#
1683982348501@SensorListener: #deviceiscorrectlyused#
1683982348695@SensorListener: Numbers: Azimuth #288# Pitch #-47# Roll #28#
1683982348897@SensorListener: Numbers: Azimuth #297# Pitch #-51# Roll #30#
1683982349199@SensorListener: Numbers: Azimuth #301# Pitch #-50# Roll #30#
1683982349400@SensorListener: Numbers: Azimuth #302# Pitch #-45# Roll #30#
1683982349401@SensorListener: Texts: Azimuth #WEST# Pitch #NORTHEAST# Roll #NORTH#
1683982349401@SensorListener: #deviceiscorrectlyused#
1683982349501@SensorListener: Numbers: Azimuth #301# Pitch #-44# Roll #30#
1683982349502@SensorListener: Texts: Azimuth #WEST# Pitch #EAST# Roll #NORTH#
1683982349503@SensorListener: #deviceiscorrectlyused#
1683982349704@SensorListener: Numbers: Azimuth #303# Pitch #-43# Roll #31#
1683982349904@SensorListener: Numbers: Azimuth #302# Pitch #-42# Roll #31#
1683982350187@SensorListener: Numbers: Azimuth #302# Pitch #-42# Roll #29#
1683982350389@SensorListener: Numbers: Azimuth #303# Pitch #-43# Roll #29#
1683982350691@SensorListener: Numbers: Azimuth #304# Pitch #-44# Roll #28#
1683982350893@SensorListener: Numbers: Azimuth #305# Pitch #-44# Roll #28#
1683982351000@SensorListener: Numbers: Azimuth #305# Pitch #-45# Roll #28#
1683982351001@SensorListener: Texts: Azimuth #WEST# Pitch #NORTHEAST# Roll #NORTH#
1683982351001@SensorListener: #deviceiscorrectlyused#
1683982351397@SensorListener: Numbers: Azimuth #305# Pitch #-46# Roll #28#
1683982351398@SensorListener: Texts: Azimuth #WEST# Pitch #NORTH# Roll #NORTH#
1683982351398@SensorListener: #deviceiscorrectlyused#
1683982351699@SensorListener: Numbers: Azimuth #306# Pitch #-46# Roll #28#
1683982351901@SensorListener: Numbers: Azimuth #307# Pitch #-46# Roll #28#
1683982352203@SensorListener: Numbers: Azimuth #306# Pitch #-47# Roll #28#
1683982352405@SensorListener: Numbers: Azimuth #307# Pitch #-47# Roll #29#
1683982352687@SensorListener: Numbers: Azimuth #306# Pitch #-46# Roll #29#
1683982352888@SensorListener: Numbers: Azimuth #305# Pitch #-46# Roll #29#
1683982353000@SensorListener: Numbers: Azimuth #306# Pitch #-46# Roll #29#
1683982353696@SensorListener: Numbers: Azimuth #307# Pitch #-46# Roll #30#
1683982353897@SensorListener: Numbers: Azimuth #306# Pitch #-46# Roll #29#
1683982354002@SensorListener: Numbers: Azimuth #307# Pitch #-47# Roll #29#
1683982354402@SensorListener: Numbers: Azimuth #308# Pitch #-47# Roll #29#
1683982354907@SensorListener: Numbers: Azimuth #308# Pitch #-47# Roll #30#
1683982355002@SensorListener: Numbers: Azimuth #306# Pitch #-47# Roll #30#
1683982355187@SensorListener: Numbers: Azimuth #306# Pitch #-46# Roll #29#
1683982356004@SensorListener: Numbers: Azimuth #306# Pitch #-47# Roll #29#
1683982356197@SensorListener: Numbers: Azimuth #307# Pitch #-47# Roll #28#
1683982357002@SensorListener: Numbers: Azimuth #307# Pitch #-46# Roll #29#
1683982357204@SensorListener: Numbers: Azimuth #305# Pitch #-46# Roll #29#
1683982357406@SensorListener: Numbers: Azimuth #306# Pitch #-46# Roll #29#
1683982357890@SensorListener: Numbers: Azimuth #306# Pitch #-46# Roll #30#
1683982358001@SensorListener: Numbers: Azimuth #306# Pitch #-46# Roll #29#
1683982358193@SensorListener: Numbers: Azimuth #307# Pitch #-46# Roll #29#
1683982358394@SensorListener: Numbers: Azimuth #307# Pitch #-47# Roll #29#
1683982358699@SensorListener: Numbers: Azimuth #308# Pitch #-47# Roll #29#
1683982358898@SensorListener: Numbers: Azimuth #307# Pitch #-46# Roll #29#
1683982359000@SensorListener: Numbers: Azimuth #308# Pitch #-47# Roll #30#
1683982359201@SensorListener: Numbers: Azimuth #306# Pitch #-46# Roll #30#
1683982359403@SensorListener: Numbers: Azimuth #307# Pitch #-46# Roll #30#
1683982359706@SensorListener: Numbers: Azimuth #307# Pitch #-47# Roll #30#
1683982359908@SensorListener: Numbers: Azimuth #307# Pitch #-47# Roll #31#
1683982360002@SensorListener: Numbers: Azimuth #308# Pitch #-47# Roll #30#
1683982360189@SensorListener: Numbers: Azimuth #309# Pitch #-47# Roll #30#
1683982360896@SensorListener: Numbers: Azimuth #309# Pitch #-47# Roll #31#
1683982361001@SensorListener: Numbers: Azimuth #308# Pitch #-47# Roll #31#
1683982361198@SensorListener: Numbers: Azimuth #307# Pitch #-46# Roll #31#
1683982361399@SensorListener: Numbers: Azimuth #307# Pitch #-47# Roll #31#
1683982361701@SensorListener: Numbers: Azimuth #308# Pitch #-47# Roll #31#
1683982362001@SensorListener: Numbers: Azimuth #307# Pitch #-47# Roll #30#
1683982362205@SensorListener: Numbers: Azimuth #309# Pitch #-47# Roll #30#
1683982362408@SensorListener: Numbers: Azimuth #308# Pitch #-47# Roll #30#
1683982362892@SensorListener: Numbers: Azimuth #309# Pitch #-47# Roll #31#
1683982363193@SensorListener: Numbers: Azimuth #307# Pitch #-47# Roll #30#
1683982363395@SensorListener: Numbers: Azimuth #306# Pitch #-47# Roll #29#
1683982363503@SensorListener: Numbers: Azimuth #307# Pitch #-47# Roll #30#
1683982363899@SensorListener: Numbers: Azimuth #306# Pitch #-47# Roll #29#
1683982364201@SensorListener: Numbers: Azimuth #307# Pitch #-47# Roll #29#
1683982364403@SensorListener: Numbers: Azimuth #308# Pitch #-47# Roll #29#
1683982364500@SensorListener: Numbers: Azimuth #307# Pitch #-47# Roll #29#
1683982364687@SensorListener: Numbers: Azimuth #306# Pitch #-46# Roll #28#
1683982364887@SensorListener: Numbers: Azimuth #307# Pitch #-36# Roll #24#
1683982364887@SensorListener: Texts: Azimuth #WEST# Pitch #EAST# Roll #NORTH#
1683982364888@SensorListener: #deviceiscorrectlyused#
1683982365190@SensorListener: Numbers: Azimuth #324# Pitch #-37# Roll #27#
1683982365190@SensorListener: Texts: Azimuth #NORTH# Pitch #EAST# Roll #NORTH#
1683982365190@SensorListener: #deviceiscorrectlyused#
1683982365395@SensorListener: Numbers: Azimuth #332# Pitch #-21# Roll #32#
1683982365500@SensorListener: Numbers: Azimuth #335# Pitch #-10# Roll #42#
1683982365695@SensorListener: Numbers: Azimuth #335# Pitch #-4# Roll #29#
1683982365899@SensorListener: Numbers: Azimuth #339# Pitch #-5# Roll #10#
1683982366198@SensorListener: Numbers: Azimuth #337# Pitch #-4# Roll #10#
1683982366705@SensorListener: Numbers: Azimuth #337# Pitch #-3# Roll #10#
1683982367186@SensorListener: Numbers: Azimuth #337# Pitch #-1# Roll #9#
1683982367388@SensorListener: Numbers: Azimuth #337# Pitch #0# Roll #9#
1683982367500@SensorListener: Numbers: Azimuth #337# Pitch #0# Roll #8#
1683982368193@SensorListener: Numbers: Azimuth #337# Pitch #1# Roll #8#
1683982369888@SensorListener: Numbers: Azimuth #337# Pitch #1# Roll #7#
1683982370190@SensorListener: Numbers: Azimuth #337# Pitch #1# Roll #8#
1683982371905@SensorListener: Numbers: Azimuth #337# Pitch #1# Roll #7#
1683982372186@SensorListener: Numbers: Azimuth #337# Pitch #1# Roll #8#
1683982372389@SensorListener: Numbers: Azimuth #337# Pitch #1# Roll #7#
1683982372691@SensorListener: Numbers: Azimuth #337# Pitch #1# Roll #8#
1683982373094@SensorListener: Numbers: Azimuth #337# Pitch #1# Roll #7#
1683982373698@SensorListener: Numbers: Azimuth #337# Pitch #1# Roll #8#
1683982374687@SensorListener: Numbers: Azimuth #337# Pitch #1# Roll #7#
1683982374890@SensorListener: Numbers: Azimuth #338# Pitch #4# Roll #22#
1683982375000@SensorListener: Numbers: Azimuth #1# Pitch #-35# Roll #44#
1683982375193@SensorListener: Numbers: Azimuth #300# Pitch #-86# Roll #348#
1683982375194@SensorListener: Texts: Azimuth #WEST# Pitch #NORTH# Roll #NORTH#
1683982375194@SensorListener: #deviceiscorrectlyused#
1683982375395@SensorListener: Numbers: Azimuth #269# Pitch #-53# Roll #286#
1683982375395@SensorListener: Texts: Azimuth #WEST# Pitch #NORTH# Roll #WEST#
1683982375396@SensorListener: #deviceiscorrectlyused#
1683982375697@SensorListener: Numbers: Azimuth #298# Pitch #-23# Roll #295#
1683982375900@SensorListener: Numbers: Azimuth #312# Pitch #-11# Roll #314#
1683982376001@SensorListener: Numbers: Azimuth #304# Pitch #-9# Roll #337#
1683982376002@SensorListener: Texts: Azimuth #WEST# Pitch #EAST# Roll #NORTH#
1683982376003@SensorListener: #deviceiscorrectlyused#
1683982376200@SensorListener: Numbers: Azimuth #299# Pitch #-12# Roll #351#
1683982376402@SensorListener: Numbers: Azimuth #301# Pitch #-5# Roll #9#
1683982376704@SensorListener: Numbers: Azimuth #309# Pitch #-13# Roll #32#
1683982376905@SensorListener: Numbers: Azimuth #301# Pitch #-31# Roll #30#
1683982377001@SensorListener: Numbers: Azimuth #288# Pitch #-18# Roll #9#
1683982377188@SensorListener: Numbers: Azimuth #320# Pitch #-10# Roll #17#
1683982377188@SensorListener: Texts: Azimuth #NORTH# Pitch #EAST# Roll #NORTH#
1683982377189@SensorListener: #deviceiscorrectlyused#
1683982377390@SensorListener: Numbers: Azimuth #331# Pitch #0# Roll #31#
1683982377694@SensorListener: Numbers: Azimuth #334# Pitch #0# Roll #35#
1683982377895@SensorListener: Numbers: Azimuth #336# Pitch #-1# Roll #28#
1683982378001@SensorListener: Numbers: Azimuth #331# Pitch #-1# Roll #15#
1683982378197@SensorListener: Numbers: Azimuth #333# Pitch #0# Roll #11#
1683982378398@SensorListener: Numbers: Azimuth #329# Pitch #0# Roll #2#
1683982378700@SensorListener: Numbers: Azimuth #328# Pitch #0# Roll #3#
1683982379206@SensorListener: Numbers: Azimuth #328# Pitch #0# Roll #4#
1683982379410@SensorListener: Numbers: Azimuth #328# Pitch #0# Roll #5#
1683982379587@SensorListener: Numbers: Azimuth #328# Pitch #0# Roll #6#
1683982379788@SensorListener: Numbers: Azimuth #328# Pitch #1# Roll #6#
1683982379990@SensorListener: Numbers: Azimuth #328# Pitch #1# Roll #7#
1683982382188@SensorListener: Numbers: Azimuth #328# Pitch #1# Roll #8#
1683982385193@SensorListener: Numbers: Azimuth #328# Pitch #1# Roll #7#
1683982404018@AppManagement: #onpause#
