1688221197870@DebuggableApplications: #MyCalc#
1688221197870@DebuggableApplications: #AudioRecorder#
1688221197891@AppManagement: #onresume#
1688221197896@DeveloperOptions: adb: #true# devops: #true#
1688221197896@Ptracer: #started#
1688221197940@UsbChecker: ischarg: #false# usbcharg: #false# accharg: #false#
1688221199884@SensorListener: #firstcalibrationdone#
1688221199884@SensorListener: #deviceiscorrectlyused#
1688221200032@SensorListener: #calibrationdone#
1688221200072@SensorListener: Texts: Azimuth #NORTH# Pitch #EAST# Roll #NORTH#
1688221200073@SensorListener: Numbers: Azimuth #0# Pitch #-30# Roll #0#
1688221200231@SensorListener: Numbers: Azimuth #351# Pitch #-25# Roll #358#
1688221200245@SensorListener: Numbers: Azimuth #344# Pitch #-10# Roll #343#
1688221200434@SensorListener: Numbers: Azimuth #334# Pitch #-4# Roll #338#
1688221200634@SensorListener: Numbers: Azimuth #336# Pitch #-4# Roll #331#
1688221200835@SensorListener: Numbers: Azimuth #337# Pitch #-5# Roll #327#
1688221201037@SensorListener: Numbers: Azimuth #337# Pitch #-4# Roll #326#
1688221201239@SensorListener: Numbers: Azimuth #337# Pitch #-3# Roll #325#
1688221201440@SensorListener: Numbers: Azimuth #337# Pitch #-2# Roll #325#
1688221201645@SensorListener: Numbers: Azimuth #337# Pitch #0# Roll #323#
1688221201846@SensorListener: Numbers: Azimuth #337# Pitch #0# Roll #322#
1688221201848@SensorListener: Numbers: Azimuth #338# Pitch #1# Roll #321#
1688221202045@SensorListener: Numbers: Azimuth #338# Pitch #2# Roll #320#
1688221204064@SensorListener: Numbers: Azimuth #338# Pitch #3# Roll #320#
1688221205879@SensorListener: Numbers: Azimuth #338# Pitch #2# Roll #320#
1688221206685@SensorListener: Numbers: Azimuth #338# Pitch #3# Roll #320#
1688221209914@SensorListener: Numbers: Azimuth #338# Pitch #2# Roll #320#
1688221210115@SensorListener: Numbers: Azimuth #338# Pitch #3# Roll #320#
1688221216570@SensorListener: Numbers: Azimuth #337# Pitch #2# Roll #322#
1688221216772@SensorListener: Numbers: Azimuth #1# Pitch #-31# Roll #342#
1688221216974@SensorListener: Numbers: Azimuth #75# Pitch #-54# Roll #57#
1688221216974@SensorListener: Texts: Azimuth #EAST# Pitch #EAST# Roll #EAST#
1688221216974@SensorListener: #deviceiscorrectlyused#
1688221217177@SensorListener: Numbers: Azimuth #142# Pitch #-35# Roll #121#
1688221217178@SensorListener: Texts: Azimuth #SOUTH# Pitch #EAST# Roll #EAST#
1688221217178@SensorListener: #azimuthalert#
1688221217179@SensorListener: #pitchok#
1688221217179@SensorListener: #rollok#
1688221217181@SensorListener: Numbers: Azimuth #166# Pitch #-24# Roll #125#
1688221217378@SensorListener: Numbers: Azimuth #170# Pitch #-34# Roll #137#
1688221217379@SensorListener: Texts: Azimuth #SOUTH# Pitch #WEST# Roll #SOUTH#
1688221217380@SensorListener: #azimuthalert#
1688221217381@SensorListener: #pitchalert#
1688221217383@SensorListener: #rollalert#
1688221217582@SensorListener: Numbers: Azimuth #194# Pitch #-61# Roll #165#
1688221217583@SensorListener: Texts: Azimuth #SOUTH# Pitch #NORTH# Roll #SOUTH#
1688221217583@SensorListener: #azimuthalert#
1688221217583@SensorListener: #pitchok#
1688221217584@SensorListener: #rollalert#
1688221217780@SensorListener: Numbers: Azimuth #221# Pitch #-81# Roll #201#
1688221217983@SensorListener: Numbers: Azimuth #292# Pitch #-37# Roll #271#
1688221217984@SensorListener: Texts: Azimuth #WEST# Pitch #NORTH# Roll #WEST#
1688221217985@SensorListener: #deviceiscorrectlyused#
1688221217986@SensorListener: Numbers: Azimuth #303# Pitch #-4# Roll #304#
1688221218186@SensorListener: Numbers: Azimuth #288# Pitch #1# Roll #311#
1688221218387@SensorListener: Numbers: Azimuth #294# Pitch #-6# Roll #313#
1688221218588@SensorListener: Numbers: Azimuth #295# Pitch #-17# Roll #321#
1688221218589@SensorListener: Texts: Azimuth #WEST# Pitch #EAST# Roll #NORTH#
1688221218590@SensorListener: #deviceiscorrectlyused#
1688221218790@SensorListener: Numbers: Azimuth #293# Pitch #-36# Roll #327#
1688221218792@SensorListener: Numbers: Azimuth #297# Pitch #-38# Roll #333#
1688221218993@SensorListener: Numbers: Azimuth #295# Pitch #-14# Roll #317#
1688221219193@SensorListener: Numbers: Azimuth #320# Pitch #-9# Roll #320#
1688221219193@SensorListener: Texts: Azimuth #NORTH# Pitch #EAST# Roll #NORTH#
1688221219194@SensorListener: #deviceiscorrectlyused#
1688221219395@SensorListener: Numbers: Azimuth #306# Pitch #-28# Roll #336#
1688221219396@SensorListener: Texts: Azimuth #WEST# Pitch #EAST# Roll #NORTH#
1688221219396@SensorListener: #deviceiscorrectlyused#
1688221219596@SensorListener: Numbers: Azimuth #293# Pitch #-30# Roll #328#
1688221219598@SensorListener: Numbers: Azimuth #311# Pitch #-37# Roll #329#
1688221219797@SensorListener: Numbers: Azimuth #319# Pitch #-42# Roll #328#
1688221219797@SensorListener: Texts: Azimuth #NORTH# Pitch #EAST# Roll #NORTH#
1688221219798@SensorListener: #deviceiscorrectlyused#
1688221220044@SensorListener: Numbers: Azimuth #319# Pitch #-53# Roll #325#
1688221220045@SensorListener: Texts: Azimuth #NORTH# Pitch #NORTH# Roll #NORTH#
1688221220047@SensorListener: #deviceiscorrectlyused#
