1684850067530@DebuggableApplications: #AudioRecorder#
1684850067532@DebuggableApplications: #Progetto Android#
1684850067532@DebuggableApplications: #Amaze Debug#
1684850067534@DebuggableApplications: #Open Camera#
1684850067536@GnuDebugger_GDB: Debugger found
1684850067559@DeveloperOptions: adb: #true# devops: #true#
1684850067569@Ptracer: #started#
1684850067570@Ptracer: #error#
1684850067594@UsbChecker: ischarg: #true# usbcharg: #true# accharg: #false#
1684850069556@SensorListener: #firstcalibrationdone#
1684850069556@SensorListener: #deviceiscorrectlyused#
1684850069747@SensorListener: #calibrationdone#
1684850069810@SensorListener: Texts: Azimuth #NORTH# Pitch #EAST# Roll #NORTH#
1684850069810@SensorListener: Numbers: Azimuth #0# Pitch #-10# Roll #0#
1684850069948@SensorListener: Numbers: Azimuth #0# Pitch #-9# Roll #1#
1684850070151@SensorListener: Numbers: Azimuth #0# Pitch #-9# Roll #2#
1684850070351@SensorListener: Numbers: Azimuth #0# Pitch #-9# Roll #3#
1684850070553@SensorListener: Numbers: Azimuth #1# Pitch #-8# Roll #4#
1684850070755@SensorListener: Numbers: Azimuth #1# Pitch #-8# Roll #5#
1684850070957@SensorListener: Numbers: Azimuth #2# Pitch #-8# Roll #5#
1684850070959@SensorListener: Numbers: Azimuth #3# Pitch #-8# Roll #6#
1684850071158@SensorListener: Numbers: Azimuth #3# Pitch #-8# Roll #7#
1684850071562@SensorListener: Numbers: Azimuth #4# Pitch #-9# Roll #8#
1684850071763@SensorListener: Numbers: Azimuth #4# Pitch #-9# Roll #9#
1684850071765@SensorListener: Numbers: Azimuth #5# Pitch #-10# Roll #9#
1684850071966@SensorListener: Numbers: Azimuth #5# Pitch #-10# Roll #10#
1684850072167@SensorListener: Numbers: Azimuth #5# Pitch #-11# Roll #10#
1684850072369@SensorListener: Numbers: Azimuth #4# Pitch #-11# Roll #11#
1684850072569@SensorListener: Numbers: Azimuth #4# Pitch #-12# Roll #11#
1684850072570@SensorListener: Numbers: Azimuth #5# Pitch #-12# Roll #11#
1684850072772@SensorListener: Numbers: Azimuth #5# Pitch #-12# Roll #12#
1684850072974@SensorListener: Numbers: Azimuth #5# Pitch #-13# Roll #12#
1684850073177@SensorListener: Numbers: Azimuth #5# Pitch #-14# Roll #12#
1684850073378@SensorListener: Numbers: Azimuth #4# Pitch #-15# Roll #13#
1684850073379@SensorListener: Numbers: Azimuth #4# Pitch #-16# Roll #13#
1684850073579@SensorListener: Numbers: Azimuth #3# Pitch #-16# Roll #13#
1684850073981@SensorListener: Numbers: Azimuth #4# Pitch #-16# Roll #13#
1684850074184@SensorListener: Numbers: Azimuth #5# Pitch #-16# Roll #13#
1684850074385@SensorListener: Numbers: Azimuth #6# Pitch #-17# Roll #13#
1684850074991@SensorListener: Numbers: Azimuth #7# Pitch #-17# Roll #13#
1684850075192@SensorListener: Numbers: Azimuth #7# Pitch #-17# Roll #11#
1684850075393@SensorListener: Numbers: Azimuth #8# Pitch #-16# Roll #10#
1684850075597@SensorListener: Numbers: Azimuth #9# Pitch #-15# Roll #8#
1684850075798@SensorListener: Numbers: Azimuth #8# Pitch #-16# Roll #6#
1684850075800@SensorListener: Numbers: Azimuth #7# Pitch #-17# Roll #6#
1684850076000@SensorListener: Numbers: Azimuth #6# Pitch #-18# Roll #7#
1684850076200@SensorListener: Numbers: Azimuth #5# Pitch #-17# Roll #7#
1684850076404@SensorListener: Numbers: Azimuth #4# Pitch #-17# Roll #6#
1684850076806@SensorListener: Numbers: Azimuth #5# Pitch #-16# Roll #6#
1684850077412@SensorListener: Numbers: Azimuth #6# Pitch #-16# Roll #6#
1684850077815@SensorListener: Numbers: Azimuth #6# Pitch #-18# Roll #7#
1684850078016@SensorListener: Numbers: Azimuth #0# Pitch #-23# Roll #6#
1684850078218@SensorListener: Numbers: Azimuth #355# Pitch #-27# Roll #359#
1684850078218@SensorListener: Numbers: Azimuth #2# Pitch #-32# Roll #357#
1684850078419@SensorListener: Numbers: Azimuth #5# Pitch #-32# Roll #358#
1684850078823@SensorListener: Numbers: Azimuth #5# Pitch #-32# Roll #359#
1684850079029@SensorListener: Numbers: Azimuth #5# Pitch #-32# Roll #358#
1684850079030@SensorListener: Numbers: Azimuth #5# Pitch #-33# Roll #358#
1684850079226@SensorListener: Numbers: Azimuth #6# Pitch #-33# Roll #358#
1684850079428@SensorListener: Numbers: Azimuth #9# Pitch #-32# Roll #359#
1684850079631@SensorListener: Numbers: Azimuth #12# Pitch #-32# Roll #0#
1684850079831@SensorListener: Numbers: Azimuth #13# Pitch #-32# Roll #0#
1684850079832@SensorListener: Numbers: Azimuth #14# Pitch #-32# Roll #1#
1684850080033@SensorListener: Numbers: Azimuth #13# Pitch #-31# Roll #0#
1684850080234@SensorListener: Numbers: Azimuth #14# Pitch #-30# Roll #359#
1684850080437@SensorListener: Numbers: Azimuth #17# Pitch #-29# Roll #359#
1684850080638@SensorListener: Numbers: Azimuth #18# Pitch #-29# Roll #358#
1684850080639@SensorListener: Numbers: Azimuth #17# Pitch #-30# Roll #358#
1684850080841@SensorListener: Numbers: Azimuth #15# Pitch #-30# Roll #357#
1684850081041@SensorListener: Numbers: Azimuth #12# Pitch #-30# Roll #355#
1684850081245@SensorListener: Numbers: Azimuth #5# Pitch #-29# Roll #350#
1684850081444@SensorListener: Numbers: Azimuth #4# Pitch #-32# Roll #350#
1684850081446@SensorListener: Numbers: Azimuth #358# Pitch #-37# Roll #348#
1684850081647@SensorListener: Numbers: Azimuth #354# Pitch #-42# Roll #349#
1684850081850@SensorListener: Numbers: Azimuth #350# Pitch #-39# Roll #350#
1684850082050@SensorListener: Numbers: Azimuth #350# Pitch #-39# Roll #352#
1684850082251@SensorListener: Numbers: Azimuth #350# Pitch #-37# Roll #354#
1684850082252@SensorListener: Numbers: Azimuth #352# Pitch #-37# Roll #354#
1684850082500@SensorListener: Numbers: Azimuth #352# Pitch #-37# Roll #355#
1684850082656@SensorListener: Numbers: Azimuth #353# Pitch #-37# Roll #355#
1684850082951@AppManagement: #onpause#
