1682328494042@DebuggableApplications: #Progetto Android#
1682328494064@DeveloperOptions: adb: #true# devops: #true#
1682328494077@UsbChecker: ischarg: #false# usbcharg: #false# accharg: #false#
1682328494124@Ptracer: #started#
1682328496059@SensorListener: #firstcalibrationdone#
1682328496059@SensorListener: #deviceiscorrectlyused#
1682328496155@SensorListener: #calibrationdone#
1682328496192@SensorListener: Texts: Azimuth #NORTH# Pitch #EAST# Roll #NORTH#
1682328496195@SensorListener: Numbers: Azimuth #0# Pitch #-42# Roll #0#
1682328496353@SensorListener: Numbers: Azimuth #351# Pitch #-42# Roll #357#
1682328496558@SensorListener: Numbers: Azimuth #353# Pitch #-44# Roll #4#
1682328496857@SensorListener: Numbers: Azimuth #5# Pitch #-48# Roll #13#
1682328496859@SensorListener: Texts: Azimuth #NORTH# Pitch #NORTH# Roll #NORTH#
1682328496861@SensorListener: #deviceiscorrectlyused#
1682328497057@SensorListener: Numbers: Azimuth #16# Pitch #-55# Roll #13#
1682328497155@SensorListener: Numbers: Azimuth #52# Pitch #-66# Roll #48#
1682328497156@SensorListener: Texts: Azimuth #EAST# Pitch #NORTH# Roll #EAST#
1682328497157@SensorListener: #deviceiscorrectlyused#
1682328497338@SensorListener: Numbers: Azimuth #51# Pitch #-62# Roll #36#
1682328497339@SensorListener: Texts: Azimuth #EAST# Pitch #NORTH# Roll #NORTH#
1682328497340@SensorListener: #deviceiscorrectlyused#
1682328497540@SensorListener: Numbers: Azimuth #34# Pitch #-52# Roll #18#
1682328497541@SensorListener: Texts: Azimuth #NORTH# Pitch #NORTH# Roll #NORTH#
1682328497542@SensorListener: #deviceiscorrectlyused#
1682328497843@SensorListener: Numbers: Azimuth #16# Pitch #-39# Roll #7#
1682328497844@SensorListener: Texts: Azimuth #NORTH# Pitch #EAST# Roll #NORTH#
1682328497845@SensorListener: #deviceiscorrectlyused#
1682328498045@SensorListener: Numbers: Azimuth #12# Pitch #-30# Roll #9#
1682328498154@SensorListener: Numbers: Azimuth #11# Pitch #-23# Roll #27#
1682328498347@SensorListener: Numbers: Azimuth #1# Pitch #-8# Roll #41#
1682328498548@SensorListener: Numbers: Azimuth #350# Pitch #3# Roll #44#
1682328498856@SensorListener: Numbers: Azimuth #347# Pitch #2# Roll #38#
1682328499053@SensorListener: Numbers: Azimuth #348# Pitch #2# Roll #19#
1682328499154@SensorListener: Numbers: Azimuth #352# Pitch #1# Roll #20#
1682328500041@SensorListener: Numbers: Azimuth #352# Pitch #1# Roll #19#
1682328500154@SensorListener: Numbers: Azimuth #352# Pitch #2# Roll #19#
1682328519846@SensorListener: Numbers: Azimuth #352# Pitch #2# Roll #18#
1682328520048@SensorListener: Numbers: Azimuth #0# Pitch #5# Roll #38#
1682328520157@SensorListener: Numbers: Azimuth #15# Pitch #-41# Roll #49#
1682328520158@SensorListener: Texts: Azimuth #NORTH# Pitch #EAST# Roll #EAST#
1682328520159@SensorListener: #deviceiscorrectlyused#
1682328520354@SensorListener: Numbers: Azimuth #288# Pitch #-62# Roll #318#
1682328520354@SensorListener: Texts: Azimuth #WEST# Pitch #NORTH# Roll #NORTH#
1682328520354@SensorListener: #deviceiscorrectlyused#
1682328520555@SensorListener: Numbers: Azimuth #291# Pitch #-31# Roll #288#
1682328520556@SensorListener: Texts: Azimuth #WEST# Pitch #NORTH# Roll #WEST#
1682328520557@SensorListener: #deviceiscorrectlyused#
1682328520854@SensorListener: Numbers: Azimuth #321# Pitch #-43# Roll #314#
1682328520855@SensorListener: Texts: Azimuth #NORTH# Pitch #NORTH# Roll #WEST#
1682328520855@SensorListener: #deviceiscorrectlyused#
1682328521063@SensorListener: Numbers: Azimuth #167# Pitch #-41# Roll #105#
1682328521063@SensorListener: Texts: Azimuth #SOUTH# Pitch #NORTH# Roll #EAST#
1682328521064@SensorListener: #azimuthalert#
1682328521064@SensorListener: #pitchok#
1682328521064@SensorListener: #rollok#
1682328521154@SensorListener: Numbers: Azimuth #175# Pitch #-48# Roll #136#
1682328521155@SensorListener: Texts: Azimuth #SOUTH# Pitch #NORTH# Roll #SOUTH#
1682328521156@SensorListener: #azimuthalert#
1682328521157@SensorListener: #pitchok#
1682328521157@SensorListener: #rollalert#
1682328521341@SensorListener: Numbers: Azimuth #286# Pitch #-52# Roll #225#
1682328521342@SensorListener: Texts: Azimuth #WEST# Pitch #NORTH# Roll #SOUTHWEST#
1682328521344@SensorListener: #azimuthok#
1682328521348@SensorListener: #pitchok#
1682328521350@SensorListener: #rollalert#
1682328521542@SensorListener: Numbers: Azimuth #2# Pitch #-23# Roll #277#
1682328521545@SensorListener: Texts: Azimuth #NORTH# Pitch #NORTH# Roll #WEST#
1682328521549@SensorListener: #deviceiscorrectlyused#
1682328521844@SensorListener: Numbers: Azimuth #39# Pitch #-23# Roll #329#
1682328521845@SensorListener: Texts: Azimuth #NORTH# Pitch #EAST# Roll #NORTH#
1682328521847@SensorListener: #deviceiscorrectlyused#
1682328522046@SensorListener: Numbers: Azimuth #19# Pitch #-18# Roll #349#
1682328522156@SensorListener: Numbers: Azimuth #16# Pitch #-28# Roll #3#
1682328522349@SensorListener: Numbers: Azimuth #7# Pitch #-47# Roll #17#
1682328522350@SensorListener: Texts: Azimuth #NORTH# Pitch #NORTH# Roll #NORTH#
1682328522351@SensorListener: #deviceiscorrectlyused#
1682328522551@SensorListener: Numbers: Azimuth #33# Pitch #-54# Roll #40#
1682328522853@SensorListener: Numbers: Azimuth #44# Pitch #-46# Roll #45#
1682328522854@SensorListener: Texts: Azimuth #NORTH# Pitch #NORTH# Roll #NORTHEAST#
1682328522855@SensorListener: #deviceiscorrectlyused#
1682328523056@SensorListener: Numbers: Azimuth #46# Pitch #-16# Roll #29#
1682328523057@SensorListener: Texts: Azimuth #EAST# Pitch #EAST# Roll #NORTH#
1682328523058@SensorListener: #deviceiscorrectlyused#
1682328523155@SensorListener: Numbers: Azimuth #66# Pitch #0# Roll #42#
1682328523356@SensorListener: Numbers: Azimuth #61# Pitch #-6# Roll #43#
1682328523558@SensorListener: Numbers: Azimuth #59# Pitch #-6# Roll #26#
1682328523843@SensorListener: Numbers: Azimuth #60# Pitch #-5# Roll #12#
1682328524041@SensorListener: Numbers: Azimuth #59# Pitch #-5# Roll #12#
1682328524153@SensorListener: Numbers: Azimuth #59# Pitch #-5# Roll #13#
1682328524346@SensorListener: Numbers: Azimuth #59# Pitch #-4# Roll #13#
1682328524548@SensorListener: Numbers: Azimuth #59# Pitch #-2# Roll #15#
1682328524848@SensorListener: Numbers: Azimuth #59# Pitch #0# Roll #17#
1682328525155@SensorListener: Numbers: Azimuth #59# Pitch #1# Roll #18#
1682328525554@SensorListener: Numbers: Azimuth #59# Pitch #1# Roll #19#
1682328525858@SensorListener: Numbers: Azimuth #59# Pitch #2# Roll #19#
1682328526154@SensorListener: Numbers: Azimuth #59# Pitch #3# Roll #23#
1682328526346@SensorListener: Numbers: Azimuth #63# Pitch #8# Roll #64#
1682328526348@SensorListener: Texts: Azimuth #EAST# Pitch #EAST# Roll #EAST#
1682328526350@SensorListener: #deviceiscorrectlyused#
1682328526544@SensorListener: Numbers: Azimuth #81# Pitch #-30# Roll #79#
1682328526847@SensorListener: Numbers: Azimuth #325# Pitch #-76# Roll #263#
1682328526848@SensorListener: Texts: Azimuth #NORTH# Pitch #EAST# Roll #WEST#
1682328526848@SensorListener: #deviceiscorrectlyused#
1682328527047@SensorListener: Numbers: Azimuth #2# Pitch #-39# Roll #277#
1682328527152@SensorListener: Numbers: Azimuth #54# Pitch #-24# Roll #282#
1682328527153@SensorListener: Texts: Azimuth #EAST# Pitch #EAST# Roll #WEST#
1682328527153@SensorListener: #deviceiscorrectlyused#
1682328527351@SensorListener: Numbers: Azimuth #198# Pitch #-65# Roll #62#
1682328527353@SensorListener: Texts: Azimuth #SOUTH# Pitch #EAST# Roll #EAST#
1682328527354@SensorListener: #azimuthalert#
1682328527354@SensorListener: #pitchok#
1682328527354@SensorListener: #rollok#
1682328527553@SensorListener: Numbers: Azimuth #228# Pitch #-39# Roll #134#
1682328527555@SensorListener: Texts: Azimuth #WEST# Pitch #EAST# Roll #EAST#
1682328527556@SensorListener: #deviceiscorrectlyused#
1682328527855@SensorListener: Numbers: Azimuth #236# Pitch #-47# Roll #170#
1682328527855@SensorListener: Texts: Azimuth #WEST# Pitch #NORTH# Roll #SOUTH#
1682328527856@SensorListener: #azimuthok#
1682328527857@SensorListener: #pitchok#
1682328527857@SensorListener: #rollalert#
1682328528058@SensorListener: Numbers: Azimuth #309# Pitch #-71# Roll #245#
1682328528058@SensorListener: Texts: Azimuth #WEST# Pitch #NORTH# Roll #WEST#
1682328528059@SensorListener: #deviceiscorrectlyused#
1682328528154@SensorListener: Numbers: Azimuth #4# Pitch #-49# Roll #259#
1682328528155@SensorListener: Texts: Azimuth #NORTH# Pitch #NORTH# Roll #WEST#
1682328528155@SensorListener: #deviceiscorrectlyused#
1682328528359@SensorListener: Numbers: Azimuth #29# Pitch #-46# Roll #249#
1682328528561@SensorListener: Numbers: Azimuth #64# Pitch #-52# Roll #328#
1682328528561@SensorListener: Texts: Azimuth #EAST# Pitch #NORTH# Roll #NORTH#
1682328528562@SensorListener: #deviceiscorrectlyused#
1682328528842@SensorListener: Numbers: Azimuth #65# Pitch #-49# Roll #325#
1682328529045@SensorListener: Numbers: Azimuth #39# Pitch #-29# Roll #343#
1682328529046@SensorListener: Texts: Azimuth #NORTH# Pitch #EAST# Roll #NORTH#
1682328529047@SensorListener: #deviceiscorrectlyused#
1682328529152@SensorListener: Numbers: Azimuth #40# Pitch #-30# Roll #8#
1682328529347@SensorListener: Numbers: Azimuth #29# Pitch #-47# Roll #32#
1682328529349@SensorListener: Texts: Azimuth #NORTH# Pitch #NORTH# Roll #NORTH#
1682328529350@SensorListener: #deviceiscorrectlyused#
1682328529551@SensorListener: Numbers: Azimuth #12# Pitch #-68# Roll #36#
1682328529851@SensorListener: Numbers: Azimuth #249# Pitch #-62# Roll #308#
1682328529851@SensorListener: Texts: Azimuth #WEST# Pitch #NORTH# Roll #WEST#
1682328529851@SensorListener: #deviceiscorrectlyused#
1682328530054@SensorListener: Numbers: Azimuth #206# Pitch #-26# Roll #293#
1682328530057@SensorListener: Texts: Azimuth #SOUTH# Pitch #NORTH# Roll #WEST#
1682328530057@SensorListener: #azimuthalert#
1682328530058@SensorListener: #pitchok#
1682328530059@SensorListener: #rollok#
1682328530153@SensorListener: Numbers: Azimuth #211# Pitch #-39# Roll #303#
1682328530357@SensorListener: Numbers: Azimuth #302# Pitch #-48# Roll #12#
1682328530358@SensorListener: Texts: Azimuth #WEST# Pitch #NORTH# Roll #NORTH#
1682328530359@SensorListener: #deviceiscorrectlyused#
1682328530558@SensorListener: Numbers: Azimuth #29# Pitch #-1# Roll #36#
1682328530558@SensorListener: Texts: Azimuth #NORTH# Pitch #EAST# Roll #NORTH#
1682328530559@SensorListener: #deviceiscorrectlyused#
1682328530840@SensorListener: Numbers: Azimuth #45# Pitch #-9# Roll #52#
1682328530841@SensorListener: Texts: Azimuth #NORTHEAST# Pitch #EAST# Roll #EAST#
1682328530842@SensorListener: #deviceiscorrectlyused#
1682328531041@SensorListener: Numbers: Azimuth #357# Pitch #-55# Roll #52#
1682328531042@SensorListener: Texts: Azimuth #NORTH# Pitch #EAST# Roll #EAST#
1682328531043@SensorListener: #deviceiscorrectlyused#
1682328531349@SensorListener: Numbers: Azimuth #205# Pitch #-51# Roll #299#
1682328531350@SensorListener: Texts: Azimuth #SOUTH# Pitch #EAST# Roll #WEST#
1682328531351@SensorListener: #azimuthalert#
1682328531351@SensorListener: #pitchok#
1682328531352@SensorListener: #rollok#
1682328531546@SensorListener: Numbers: Azimuth #168# Pitch #-16# Roll #291#
1682328531654@SensorListener: Numbers: Azimuth #161# Pitch #-37# Roll #277#
1682328531847@SensorListener: Numbers: Azimuth #306# Pitch #-52# Roll #13#
1682328531847@SensorListener: Texts: Azimuth #WEST# Pitch #NORTH# Roll #NORTH#
1682328531848@SensorListener: #deviceiscorrectlyused#
1682328532050@SensorListener: Numbers: Azimuth #24# Pitch #-28# Roll #8#
1682328532051@SensorListener: Texts: Azimuth #NORTH# Pitch #EAST# Roll #NORTH#
1682328532051@SensorListener: #deviceiscorrectlyused#
1682328532354@SensorListener: Numbers: Azimuth #34# Pitch #-29# Roll #1#
1682328532554@SensorListener: Numbers: Azimuth #0# Pitch #-36# Roll #349#
1682328532653@SensorListener: Numbers: Azimuth #356# Pitch #-39# Roll #347#
1682328532856@SensorListener: Numbers: Azimuth #3# Pitch #-33# Roll #345#
1682328533058@SensorListener: Numbers: Azimuth #7# Pitch #-28# Roll #347#
1682328533345@SensorListener: Numbers: Azimuth #19# Pitch #-10# Roll #350#
1682328533545@SensorListener: Numbers: Azimuth #36# Pitch #15# Roll #359#
1682328533654@SensorListener: Numbers: Azimuth #35# Pitch #0# Roll #23#
1682328533845@SensorListener: Numbers: Azimuth #5# Pitch #-20# Roll #18#
1682328534047@SensorListener: Numbers: Azimuth #348# Pitch #-28# Roll #1#
1682328534349@SensorListener: Numbers: Azimuth #355# Pitch #-45# Roll #2#
1682328534350@SensorListener: Texts: Azimuth #NORTH# Pitch #NORTHEAST# Roll #NORTH#
1682328534350@SensorListener: #deviceiscorrectlyused#
1682328534553@SensorListener: Numbers: Azimuth #6# Pitch #-47# Roll #9#
1682328534554@SensorListener: Texts: Azimuth #NORTH# Pitch #NORTH# Roll #NORTH#
1682328534557@SensorListener: #deviceiscorrectlyused#
1682328534653@SensorListener: Numbers: Azimuth #18# Pitch #-33# Roll #15#
1682328534653@SensorListener: Texts: Azimuth #NORTH# Pitch #EAST# Roll #NORTH#
1682328534653@SensorListener: #deviceiscorrectlyused#
1682328534853@SensorListener: Numbers: Azimuth #40# Pitch #-9# Roll #25#
1682328535055@SensorListener: Numbers: Azimuth #58# Pitch #-4# Roll #41#
1682328535056@SensorListener: Texts: Azimuth #EAST# Pitch #EAST# Roll #NORTH#
1682328535057@SensorListener: #deviceiscorrectlyused#
1682328535357@SensorListener: Numbers: Azimuth #56# Pitch #-3# Roll #44#
1682328535559@SensorListener: Numbers: Azimuth #60# Pitch #-3# Roll #21#
1682328535655@SensorListener: Numbers: Azimuth #61# Pitch #-3# Roll #9#
1682328535843@SensorListener: Numbers: Azimuth #57# Pitch #-2# Roll #10#
1682328536351@SensorListener: Numbers: Azimuth #57# Pitch #-2# Roll #11#
1682328536654@SensorListener: Numbers: Azimuth #57# Pitch #0# Roll #14#
1682328536849@SensorListener: Numbers: Azimuth #57# Pitch #0# Roll #16#
1682328537051@SensorListener: Numbers: Azimuth #57# Pitch #1# Roll #17#
1682328537353@SensorListener: Numbers: Azimuth #57# Pitch #1# Roll #18#
1682328537655@SensorListener: Numbers: Azimuth #57# Pitch #2# Roll #18#
1682328537858@SensorListener: Numbers: Azimuth #57# Pitch #2# Roll #19#
1682328541366@SensorListener: Numbers: Azimuth #59# Pitch #3# Roll #21#
1682328541567@SensorListener: Numbers: Azimuth #65# Pitch #6# Roll #29#
1682328541769@SensorListener: Numbers: Azimuth #83# Pitch #-7# Roll #45#
1682328541770@SensorListener: Texts: Azimuth #EAST# Pitch #EAST# Roll #NORTHEAST#
1682328541771@SensorListener: #deviceiscorrectlyused#
1682328541971@SensorListener: Numbers: Azimuth #97# Pitch #-48# Roll #46#
1682328541971@SensorListener: Texts: Azimuth #EAST# Pitch #EAST# Roll #EAST#
1682328541971@SensorListener: #deviceiscorrectlyused#
1682328541975@SensorListener: Numbers: Azimuth #35# Pitch #-54# Roll #310#
1682328541975@SensorListener: Texts: Azimuth #NORTH# Pitch #EAST# Roll #WEST#
1682328541975@SensorListener: #deviceiscorrectlyused#
1682328542172@SensorListener: Numbers: Azimuth #19# Pitch #-20# Roll #309#
1682328542379@SensorListener: Numbers: Azimuth #43# Pitch #-14# Roll #342#
1682328542389@SensorListener: Texts: Azimuth #NORTH# Pitch #EAST# Roll #NORTH#
1682328542389@SensorListener: #deviceiscorrectlyused#
1682328542578@SensorListener: Numbers: Azimuth #31# Pitch #-15# Roll #0#
1682328542827@SensorListener: Numbers: Azimuth #25# Pitch #-12# Roll #12#
1682328542834@SensorListener: Numbers: Azimuth #24# Pitch #-18# Roll #3#
1682328542980@SensorListener: Numbers: Azimuth #35# Pitch #-22# Roll #5#
1682328543175@AppManagement: #onpause#
1682328543557@AppManagement: #onresume#
1682328544075@SensorListener: Numbers: Azimuth #96# Pitch #0# Roll #18#
1682328544075@SensorListener: Texts: Azimuth #EAST# Pitch #EAST# Roll #NORTH#
1682328544080@SensorListener: #deviceiscorrectlyused#
1682328544086@SensorListener: Numbers: Azimuth #6# Pitch #-20# Roll#19#
1682328544087@SensorListener: Texts: Azimuth #NORTH# Pitch #EAST# Roll #NORTH#
1682328544087@SensorListener: #deviceiscorrectlyused#
1682328544230@SensorListener: Numbers: Azimuth #5# Pitch #-22# Roll #22#
1682328544432@SensorListener: Numbers: Azimuth #7# Pitch #-23# Roll #22#
1682328544632@SensorListener: Numbers: Azimuth #13# Pitch #-26# Roll #28#
1682328544837@SensorListener: Numbers: Azimuth #12# Pitch #-33# Roll #37#
1682328544841@SensorListener: Numbers: Azimuth #3# Pitch #-34# Roll #36#
1682328545036@SensorListener: Numbers: Azimuth #355# Pitch #-37# Roll #25#
1682328545239@SensorListener: Numbers: Azimuth #347# Pitch #-20# Roll #10#
1682328545440@SensorListener: Numbers: Azimuth #341# Pitch #-16# Roll #29#
1682328545642@SensorListener: Numbers: Azimuth #6# Pitch #-13# Roll #43#
1682328545651@SensorListener: Numbers: Azimuth #23# Pitch #-4# Roll #49#
1682328545652@SensorListener: Texts: Azimuth #NORTH# Pitch #EAST# Roll #EAST#
1682328545654@SensorListener: #deviceiscorrectlyused#
1682328545846@SensorListener: Numbers: Azimuth #29# Pitch #0# Roll #47#
1682328546045@SensorListener: Numbers: Azimuth #30# Pitch #0# Roll #32#
1682328546046@SensorListener: Texts: Azimuth #NORTH# Pitch #EAST# Roll #NORTH#
1682328546047@SensorListener: #deviceiscorrectlyused#
1682328546246@SensorListener: Numbers: Azimuth #34# Pitch #1# Roll #29#
1682328546447@SensorListener: Numbers: Azimuth #33# Pitch #1# Roll #24#
1682328546451@SensorListener: Numbers: Azimuth #30# Pitch #1# Roll #19#
1682328546649@SensorListener: Numbers: Azimuth #27# Pitch #1# Roll #19#
1682328546852@SensorListener: Numbers: Azimuth #8# Pitch #1# Roll #19#
1682328547866@SensorListener: Numbers: Azimuth #8# Pitch #2# Roll #19#
1682328547884@AppManagement: #onpause#
