1688221925714@DebuggableApplications: #MyCalc#
1688221925714@DebuggableApplications: #AudioRecorder#
1688221925748@DeveloperOptions: adb: #true# devops: #true#
1688221925751@Ptracer: #started#
1688221925753@AppManagement: #onresume#
1688221925811@UsbChecker: ischarg: #false# usbcharg: #false# accharg: #false#
1688221927735@SensorListener: #firstcalibrationdone#
1688221927735@SensorListener: #deviceiscorrectlyused#
1688221927880@SensorListener: #calibrationdone#
1688221927917@SensorListener: Texts: Azimuth #NORTH# Pitch #EAST# Roll #NORTH#
1688221927918@SensorListener: Numbers: Azimuth #0# Pitch #3# Roll #0#
1688221928081@SensorListener: Numbers: Azimuth #0# Pitch #3# Roll #359#
1688221928283@SensorListener: Numbers: Azimuth #0# Pitch #2# Roll #359#
1688221969434@SensorListener: Numbers: Azimuth #0# Pitch #3# Roll #359#
1688221969635@SensorListener: Numbers: Azimuth #0# Pitch #2# Roll #359#
1688221970253@SensorListener: Numbers: Azimuth #0# Pitch #3# Roll #359#
1688221970445@SensorListener: Numbers: Azimuth #0# Pitch #2# Roll #359#
1688221970644@SensorListener: Numbers: Azimuth #0# Pitch #3# Roll #359#
1688221977504@SensorListener: Numbers: Azimuth #0# Pitch #2# Roll #359#
1688221978754@SensorListener: Numbers: Azimuth #0# Pitch #3# Roll #359#
1688222017608@SensorListener: Numbers: Azimuth #359# Pitch #3# Roll #0#
1688222017809@SensorListener: Numbers: Azimuth #359# Pitch #8# Roll #358#
1688222017810@SensorListener: Numbers: Azimuth #357# Pitch #-13# Roll #342#
1688222018011@SensorListener: Numbers: Azimuth #307# Pitch #-68# Roll #287#
1688222018012@SensorListener: Texts: Azimuth #WEST# Pitch #EAST# Roll #WEST#
1688222018014@SensorListener: #deviceiscorrectlyused#
1688222018213@SensorListener: Numbers: Azimuth #237# Pitch #-44# Roll #202#
1688222018214@SensorListener: Texts: Azimuth #WEST# Pitch #WEST# Roll #SOUTH#
1688222018215@SensorListener: #azimuthok#
1688222018216@SensorListener: #pitchalert#
1688222018217@SensorListener: #rollalert#
1688222018414@SensorListener: Numbers: Azimuth #235# Pitch #-33# Roll #190#
1688222018616@SensorListener: Numbers: Azimuth #241# Pitch #-41# Roll #191#
1688222018618@SensorListener: Numbers: Azimuth #276# Pitch #-67# Roll #242#
1688222018618@SensorListener: Texts: Azimuth #WEST# Pitch #WEST# Roll #WEST#
1688222018619@SensorListener: #deviceiscorrectlyused#
1688222018817@SensorListener: Numbers: Azimuth #349# Pitch #-36# Roll #342#
1688222018818@SensorListener: Texts: Azimuth #NORTH# Pitch #EAST# Roll #NORTH#
1688222018818@SensorListener: #azimuthok#
1688222018819@SensorListener: #pitchalert#
1688222018819@SensorListener: #rollok#
1688222019019@SensorListener: Numbers: Azimuth #11# Pitch #0# Roll #356#
1688222019220@SensorListener: Numbers: Azimuth #3# Pitch #12# Roll #355#
1688222019428@SensorListener: Numbers: Azimuth #12# Pitch #1# Roll #351#
1688222019430@SensorListener: Numbers: Azimuth #18# Pitch #9# Roll #352#
1688222019627@SensorListener: Numbers: Azimuth #22# Pitch #3# Roll #356#
1688222019831@SensorListener: Numbers: Azimuth #20# Pitch #0# Roll #353#
1688222020087@SensorListener: Numbers: Azimuth #20# Pitch #-9# Roll #352#
1688222020116@AppManagement: #onpause#
