1688221295971@DebuggableApplications: #MyCalc#
1688221295971@DebuggableApplications: #AudioRecorder#
1688221295988@DeveloperOptions: adb: #true# devops: #true#
1688221295996@AppManagement: #onresume#
1688221295999@Ptracer: #started#
1688221296024@UsbChecker: ischarg: #false# usbcharg: #false# accharg: #false#
1688221297985@SensorListener: #firstcalibrationdone#
1688221297985@SensorListener: #deviceiscorrectlyused#
1688221298000@SensorListener: #calibrationdone#
1688221298023@SensorListener: Texts: Azimuth #NORTH# Pitch #EAST# Roll #NORTH#
1688221298024@SensorListener: Numbers: Azimuth #0# Pitch #-20# Roll #0#
1688221298025@SensorListener: Numbers: Azimuth #7# Pitch #-9# Roll #353#
1688221298203@SensorListener: Numbers: Azimuth #19# Pitch #-11# Roll #353#
1688221298403@SensorListener: Numbers: Azimuth #18# Pitch #-11# Roll #352#
1688221298604@SensorListener: Numbers: Azimuth #17# Pitch #-9# Roll #350#
1688221298807@SensorListener: Numbers: Azimuth #17# Pitch #-9# Roll #349#
1688221299009@SensorListener: Numbers: Azimuth #17# Pitch #-10# Roll #349#
1688221299210@SensorListener: Numbers: Azimuth #17# Pitch #-10# Roll #348#
1688221299619@SensorListener: Numbers: Azimuth #17# Pitch #-11# Roll #348#
1688221300019@SensorListener: Numbers: Azimuth #17# Pitch #-12# Roll #348#
1688221300422@SensorListener: Numbers: Azimuth #17# Pitch #-13# Roll #348#
1688221300423@SensorListener: Numbers: Azimuth #18# Pitch #-17# Roll #350#
1688221300623@SensorListener: Numbers: Azimuth #18# Pitch #-23# Roll #351#
1688221300823@SensorListener: Numbers: Azimuth #15# Pitch #-22# Roll #354#
1688221301025@SensorListener: Numbers: Azimuth #11# Pitch #-10# Roll #354#
1688221301243@SensorListener: Numbers: Azimuth #23# Pitch #-20# Roll #7#
1688221301246@SensorListener: Numbers: Azimuth #14# Pitch #-38# Roll #0#
1688221301429@SensorListener: Numbers: Azimuth #13# Pitch #-64# Roll #7#
1688221301429@SensorListener: Texts: Azimuth #NORTH# Pitch #NORTH# Roll #NORTH#
1688221301430@SensorListener: #deviceiscorrectlyused#
1688221301633@SensorListener: Numbers: Azimuth #354# Pitch #-79# Roll #2#
1688221301833@SensorListener: Numbers: Azimuth #170# Pitch #-53# Roll #189#
1688221301834@SensorListener: Texts: Azimuth #SOUTH# Pitch #NORTH# Roll #SOUTH#
1688221301834@SensorListener: #azimuthalert#
1688221301835@SensorListener: #pitchok#
1688221301835@SensorListener: #rollalert#
1688221302035@SensorListener: Numbers: Azimuth #146# Pitch #-30# Roll #182#
1688221302036@SensorListener: Texts: Azimuth #SOUTH# Pitch #WEST# Roll #SOUTH#
1688221302037@SensorListener: #azimuthalert#
1688221302038@SensorListener: #pitchok#
1688221302041@SensorListener: #rollalert#
1688221302042@SensorListener: Numbers: Azimuth #141# Pitch #-32# Roll #178#
1688221302235@SensorListener: Numbers: Azimuth #142# Pitch #-33# Roll #179#
1688221302452@SensorListener: Numbers: Azimuth #128# Pitch #-51# Roll #162#
1688221302453@SensorListener: Texts: Azimuth #EAST# Pitch #NORTH# Roll #SOUTH#
1688221302454@SensorListener: #azimuthok#
1688221302454@SensorListener: #pitchok#
1688221302455@SensorListener: #rollalert#
1688221302638@SensorListener: Numbers: Azimuth #68# Pitch #-73# Roll #93#
1688221302639@SensorListener: Texts: Azimuth #EAST# Pitch #NORTH# Roll #EAST#
1688221302639@SensorListener: #deviceiscorrectlyused#
1688221302841@SensorListener: Numbers: Azimuth #12# Pitch #-53# Roll #30#
1688221302842@SensorListener: Texts: Azimuth #NORTH# Pitch #NORTH# Roll #NORTH#
1688221302843@SensorListener: #deviceiscorrectlyused#
1688221302844@SensorListener: Numbers: Azimuth #2# Pitch #-25# Roll #29#
1688221302845@SensorListener: Texts: Azimuth #NORTH# Pitch #EAST# Roll #NORTH#
1688221302845@SensorListener: #deviceiscorrectlyused#
1688221303043@SensorListener: Numbers: Azimuth #353# Pitch #-20# Roll #37#
1688221303246@SensorListener: Numbers: Azimuth #343# Pitch #-31# Roll #45#
1688221303247@SensorListener: Texts: Azimuth #NORTH# Pitch #EAST# Roll #NORTHEAST#
1688221303247@SensorListener: #deviceiscorrectlyused#
1688221303447@SensorListener: Numbers: Azimuth #342# Pitch #-43# Roll #55#
1688221303448@SensorListener: Texts: Azimuth #NORTH# Pitch #EAST# Roll #EAST#
1688221303449@SensorListener: #deviceiscorrectlyused#
1688221303648@SensorListener: Numbers: Azimuth #347# Pitch #-63# Roll #68#
1688221303649@SensorListener: Numbers: Azimuth #101# Pitch #-73# Roll #187#
1688221303650@SensorListener: Texts: Azimuth #EAST# Pitch #NORTH# Roll #SOUTH#
1688221303650@SensorListener: #azimuthok#
1688221303650@SensorListener: #pitchok#
1688221303651@SensorListener: #rollalert#
1688221303849@SensorListener: Numbers: Azimuth #117# Pitch #-39# Roll #212#
1688221303850@SensorListener: Texts: Azimuth #EAST# Pitch #WEST# Roll #SOUTH#
1688221303850@SensorListener: #azimuthok#
1688221303851@SensorListener: #pitchok#
1688221303852@SensorListener: #rollalert#
1688221304051@SensorListener: Numbers: Azimuth #109# Pitch #-32# Roll #208#
1688221304258@SensorListener: Numbers: Azimuth #108# Pitch #-35# Roll #207#
1688221304462@SensorListener: Numbers: Azimuth #83# Pitch #-70# Roll #167#
1688221304463@SensorListener: Texts: Azimuth #EAST# Pitch #NORTH# Roll #SOUTH#
1688221304464@SensorListener: #azimuthok#
1688221304465@SensorListener: #pitchok#
1688221304466@SensorListener: #rollalert#
1688221304468@SensorListener: Numbers: Azimuth #15# Pitch #-70# Roll #90#
1688221304469@SensorListener: Texts: Azimuth #NORTH# Pitch #NORTH# Roll #EAST#
1688221304470@SensorListener: #deviceiscorrectlyused#
1688221304660@SensorListener: Numbers: Azimuth #354# Pitch #-51# Roll #65#
1688221304857@SensorListener: Numbers: Azimuth #354# Pitch #-41# Roll #58#
1688221305063@SensorListener: Numbers: Azimuth #354# Pitch #-46# Roll #58#
1688221305262@SensorListener: Numbers: Azimuth #353# Pitch #-47# Roll #59#
1688221305262@SensorListener: Numbers: Azimuth #352# Pitch #-38# Roll #54#
1688221305464@SensorListener: Numbers: Azimuth #0# Pitch #-36# Roll #46#
1688221305665@SensorListener: Numbers: Azimuth #0# Pitch #-35# Roll #33#
1688221305666@SensorListener: Texts: Azimuth #NORTH# Pitch #EAST# Roll #NORTH#
1688221305666@SensorListener: #deviceiscorrectlyused#
1688221305868@SensorListener: Numbers: Azimuth #11# Pitch #-36# Roll #29#
1688221306069@SensorListener: Numbers: Azimuth #26# Pitch #-28# Roll #30#
1688221306069@SensorListener: Numbers: Azimuth #48# Pitch #-21# Roll #39#
1688221306070@SensorListener: Texts: Azimuth #EAST# Pitch #EAST# Roll #NORTH#
1688221306070@SensorListener: #deviceiscorrectlyused#
1688221306270@SensorListener: Numbers: Azimuth #58# Pitch #-12# Roll #60#
1688221306271@SensorListener: Texts: Azimuth #EAST# Pitch #EAST# Roll #EAST#
1688221306272@SensorListener: #deviceiscorrectlyused#
1688221306473@SensorListener: Numbers: Azimuth #58# Pitch #-4# Roll #52#
1688221306673@SensorListener: Numbers: Azimuth #62# Pitch #4# Roll #40#
1688221306673@SensorListener: Texts: Azimuth #EAST# Pitch #EAST# Roll #NORTH#
1688221306674@SensorListener: #deviceiscorrectlyused#
1688221306880@SensorListener: Numbers: Azimuth #59# Pitch #7# Roll #38#
1688221306881@SensorListener: Numbers: Azimuth #57# Pitch #1# Roll #36#
1688221307077@SensorListener: Numbers: Azimuth #60# Pitch #0# Roll #15#
1688221307280@SensorListener: Numbers: Azimuth #53# Pitch #0# Roll #5#
1688221307480@SensorListener: Numbers: Azimuth #44# Pitch #0# Roll #4#
1688221307481@SensorListener: Texts: Azimuth #NORTH# Pitch #EAST# Roll #NORTH#
1688221307481@SensorListener: #deviceiscorrectlyused#
1688221307681@SensorListener: Numbers: Azimuth #44# Pitch #0# Roll #3#
1688221308287@SensorListener: Numbers: Azimuth #44# Pitch #1# Roll #3#
1688221308489@SensorListener: Numbers: Azimuth #44# Pitch #2# Roll #2#
1688221322329@SensorListener: Numbers: Azimuth #44# Pitch #3# Roll #2#
1688221322331@SensorListener: Numbers: Azimuth #44# Pitch #9# Roll #10#
1688221322409@SensorListener: Numbers: Azimuth #56# Pitch #-9# Roll #354#
1688221322410@SensorListener: Texts: Azimuth #EAST# Pitch #EAST# Roll #NORTH#
1688221322412@SensorListener: #deviceiscorrectlyused#
1688221322609@SensorListener: Numbers: Azimuth #68# Pitch #-35# Roll #354#
1688221322815@SensorListener: Numbers: Azimuth #42# Pitch #-36# Roll #342#
1688221322816@SensorListener: Texts: Azimuth #NORTH# Pitch #EAST# Roll #NORTH#
1688221322817@SensorListener: #deviceiscorrectlyused#
1688221323013@SensorListener: Numbers: Azimuth #32# Pitch #-40# Roll #338#
1688221323014@SensorListener: Numbers: Azimuth #30# Pitch #-34# Roll #346#
1688221323215@SensorListener: Numbers: Azimuth #6# Pitch #-27# Roll #349#
1688221323421@SensorListener: Numbers: Azimuth #9# Pitch #-27# Roll #355#
1688221323622@SensorListener: Numbers: Azimuth #6# Pitch #-38# Roll #350#
1688221323822@SensorListener: Numbers: Azimuth #20# Pitch #-40# Roll #352#
1688221323823@SensorListener: Numbers: Azimuth #22# Pitch #-44# Roll #353#
1688221324040@SensorListener: Numbers: Azimuth #24# Pitch #-47# Roll #354#
1688221324043@SensorListener: Texts: Azimuth #NORTH# Pitch #NORTH# Roll #NORTH#
1688221324044@SensorListener: #deviceiscorrectlyused#
1688221324235@SensorListener: Numbers: Azimuth #24# Pitch #-45# Roll #353#
1688221324241@SensorListener: Texts: Azimuth #NORTH# Pitch #NORTHEAST# Roll #NORTH#
1688221324246@SensorListener: #deviceiscorrectlyused#
1688221324370@AppManagement: #onpause#
