1688220736442@DebuggableApplications: #MyCalc#
1688220736442@DebuggableApplications: #AudioRecorder#
1688220736462@Ptracer: #started#
1688220736465@AppManagement: #onresume#
1688220736463@DeveloperOptions: adb: #true# devops: #true#
1688220736769@UsbChecker: ischarg: #false# usbcharg: #false# accharg: #false#
1688220738457@SensorListener: #firstcalibrationdone#
1688220738457@SensorListener: #deviceiscorrectlyused#
1688220738588@SensorListener: #calibrationdone#
1688220738604@SensorListener: Texts: Azimuth #NORTH# Pitch #EAST# Roll #NORTH#
1688220738607@SensorListener: Numbers: Azimuth #0# Pitch #-33# Roll #0#
1688220738791@SensorListener: Numbers: Azimuth #357# Pitch #-29# Roll #11#
1688220738993@SensorListener: Numbers: Azimuth #354# Pitch #-31# Roll #20#
1688220738994@SensorListener: Numbers: Azimuth #336# Pitch #-23# Roll #23#
1688220739194@SensorListener: Numbers: Azimuth #328# Pitch #-8# Roll #20#
1688220739395@SensorListener: Numbers: Azimuth #344# Pitch #-25# Roll #46#
1688220739396@SensorListener: Texts: Azimuth #NORTH# Pitch #EAST# Roll #EAST#
1688220739396@SensorListener: #deviceiscorrectlyused#
1688220739597@SensorListener: Numbers: Azimuth #357# Pitch #-45# Roll #79#
1688220739800@SensorListener: Numbers: Azimuth #25# Pitch #-49# Roll #146#
1688220739801@SensorListener: Texts: Azimuth #NORTH# Pitch #NORTH# Roll #SOUTH#
1688220739801@SensorListener: #azimuthok#
1688220739801@SensorListener: #pitchok#
1688220739802@SensorListener: #rollalert#
1688220739802@SensorListener: Numbers: Azimuth #41# Pitch #-23# Roll #194#
1688220739803@SensorListener: Texts: Azimuth #NORTH# Pitch #WEST# Roll #SOUTH#
1688220739803@SensorListener: #azimuthok#
1688220739803@SensorListener: #pitchok#
1688220739803@SensorListener: #rollalert#
1688220740000@SensorListener: Numbers: Azimuth #34# Pitch #-8# Roll #204#
1688220740203@SensorListener: Numbers: Azimuth #29# Pitch #-6# Roll #203#
1688220740404@SensorListener: Numbers: Azimuth #22# Pitch #-22# Roll #191#
1688220740606@SensorListener: Numbers: Azimuth #337# Pitch #-58# Roll #140#
1688220740607@SensorListener: Texts: Azimuth #NORTH# Pitch #NORTH# Roll #SOUTH#
1688220740607@SensorListener: #azimuthok#
1688220740607@SensorListener: #pitchok#
1688220740608@SensorListener: #rollalert#
1688220740611@SensorListener: Numbers: Azimuth #277# Pitch #-58# Roll #43#
1688220740611@SensorListener: Texts: Azimuth #WEST# Pitch #NORTH# Roll #NORTH#
1688220740611@SensorListener: #deviceiscorrectlyused#
1688220740811@SensorListener: Numbers: Azimuth #308# Pitch #-36# Roll #26#
1688220740812@SensorListener: Texts: Azimuth #WEST# Pitch #EAST# Roll #NORTH#
1688220740814@SensorListener: #deviceiscorrectlyused#
1688220741009@SensorListener: Numbers: Azimuth #315# Pitch #-22# Roll #35#
1688220741009@SensorListener: Texts: Azimuth #NORTHWEST# Pitch #EAST# Roll #NORTH#
1688220741010@SensorListener: #deviceiscorrectlyused#
1688220741224@SensorListener: Numbers: Azimuth #308# Pitch #-9# Roll #41#
1688220741224@SensorListener: Texts: Azimuth #WEST# Pitch #EAST# Roll #NORTH#
1688220741225@SensorListener: #deviceiscorrectlyused#
1688220741416@SensorListener: Numbers: Azimuth #307# Pitch #-8# Roll #51#
1688220741417@SensorListener: Texts: Azimuth #WEST# Pitch #EAST# Roll #EAST#
1688220741419@SensorListener: #deviceiscorrectlyused#
1688220741422@SensorListener: Numbers: Azimuth #314# Pitch #-20# Roll #65#
1688220741615@SensorListener: Numbers: Azimuth #299# Pitch #-13# Roll #57#
1688220741817@SensorListener: Numbers: Azimuth #317# Pitch #-22# Roll #64#
1688220741818@SensorListener: Texts: Azimuth #NORTH# Pitch #EAST# Roll #EAST#
1688220741818@SensorListener: #deviceiscorrectlyused#
1688220742018@SensorListener: Numbers: Azimuth #313# Pitch #-44# Roll #73#
1688220742019@SensorListener: Texts: Azimuth #WEST# Pitch #EAST# Roll #EAST#
1688220742019@SensorListener: #deviceiscorrectlyused#
1688220742222@SensorListener: Numbers: Azimuth #307# Pitch #-54# Roll #73#
1688220742228@SensorListener: Numbers: Azimuth #296# Pitch #-49# Roll #58#
1688220742420@SensorListener: Numbers: Azimuth #291# Pitch #-17# Roll #34#
1688220742420@SensorListener: Texts: Azimuth #WEST# Pitch #EAST# Roll #NORTH#
1688220742421@SensorListener: #deviceiscorrectlyused#
1688220742623@SensorListener: Numbers: Azimuth #316# Pitch #-8# Roll #35#
1688220742623@SensorListener: Texts: Azimuth #NORTH# Pitch #EAST# Roll #NORTH#
1688220742624@SensorListener: #deviceiscorrectlyused#
1688220742824@SensorListener: Numbers: Azimuth #313# Pitch #-5# Roll #42#
1688220742824@SensorListener: Texts: Azimuth #WEST# Pitch #EAST# Roll #NORTH#
1688220742825@SensorListener: #deviceiscorrectlyused#
1688220743026@SensorListener: Numbers: Azimuth #305# Pitch #-13# Roll #59#
1688220743027@SensorListener: Texts: Azimuth #WEST# Pitch #EAST# Roll #EAST#
1688220743028@SensorListener: #deviceiscorrectlyused#
1688220743029@SensorListener: Numbers: Azimuth #289# Pitch #-13# Roll #62#
1688220743230@SensorListener: Numbers: Azimuth #287# Pitch #-19# Roll #63#
1688220743430@SensorListener: Numbers: Azimuth #290# Pitch #-33# Roll #66#
1688220743632@SensorListener: Numbers: Azimuth #293# Pitch #-50# Roll #67#
1688220743836@SensorListener: Numbers: Azimuth #298# Pitch #-65# Roll #62#
1688220743838@SensorListener: Numbers: Azimuth #306# Pitch #-78# Roll #60#
1688220744035@SensorListener: Numbers: Azimuth #288# Pitch #-77# Roll #41#
1688220744035@SensorListener: Texts: Azimuth #WEST# Pitch #NORTH# Roll #NORTH#
1688220744036@SensorListener: #deviceiscorrectlyused#
1688220744237@SensorListener: Numbers: Azimuth #297# Pitch #-71# Roll #38#
1688220744439@SensorListener: Numbers: Azimuth #310# Pitch #-59# Roll #51#
1688220744440@SensorListener: Texts: Azimuth #WEST# Pitch #NORTH# Roll #EAST#
1688220744441@SensorListener: #deviceiscorrectlyused#
1688220744641@SensorListener: Numbers: Azimuth #294# Pitch #-48# Roll #57#
1688220744642@SensorListener: Numbers: Azimuth #281# Pitch #-37# Roll #49#
1688220744843@SensorListener: Numbers: Azimuth #314# Pitch #-45# Roll #59#
1688220745043@SensorListener: Numbers: Azimuth #309# Pitch #-48# Roll #63#
1688220745245@SensorListener: Numbers: Azimuth #311# Pitch #-60# Roll #67#
1688220745447@SensorListener: Numbers: Azimuth #300# Pitch #-61# Roll #64#
1688220745447@SensorListener: Numbers: Azimuth #304# Pitch #-60# Roll #69#
1688220745648@SensorListener: Numbers: Azimuth #310# Pitch #-50# Roll #66#
1688220745851@SensorListener: Numbers: Azimuth #328# Pitch #-37# Roll #73#
1688220745851@SensorListener: Texts: Azimuth #NORTH# Pitch #NORTH# Roll #EAST#
1688220745851@SensorListener: #deviceiscorrectlyused#
1688220746053@SensorListener: Numbers: Azimuth #338# Pitch #-25# Roll #71#
1688220746255@SensorListener: Numbers: Azimuth #337# Pitch #-11# Roll #52#
1688220746258@SensorListener: Numbers: Azimuth #341# Pitch #-10# Roll #56#
1688220746459@SensorListener: Numbers: Azimuth #340# Pitch #-5# Roll #58#
1688220746659@SensorListener: Numbers: Azimuth #340# Pitch #0# Roll #66#
1688220746861@SensorListener: Numbers: Azimuth #325# Pitch #1# Roll #57#
1688220747062@SensorListener: Numbers: Azimuth #318# Pitch #1# Roll #48#
1688220747063@SensorListener: Numbers: Azimuth #313# Pitch #1# Roll #42#
1688220747064@SensorListener: Texts: Azimuth #WEST# Pitch #EAST# Roll #NORTH#
1688220747064@SensorListener: #deviceiscorrectlyused#
1688220747264@SensorListener: Numbers: Azimuth #311# Pitch #1# Roll #41#
1688220747464@SensorListener: Numbers: Azimuth #310# Pitch #1# Roll #40#
1688220747665@SensorListener: Numbers: Azimuth #312# Pitch #1# Roll #39#
1688220747868@SensorListener: Numbers: Azimuth #312# Pitch #2# Roll #36#
1688220747869@SensorListener: Numbers: Azimuth #313# Pitch #2# Roll #32#
1688220748069@SensorListener: Numbers: Azimuth #313# Pitch #1# Roll #28#
1688220748272@SensorListener: Numbers: Azimuth #316# Pitch #1# Roll #28#
1688220748272@SensorListener: Texts: Azimuth #NORTH# Pitch #EAST# Roll #NORTH#
1688220748273@SensorListener: #deviceiscorrectlyused#
1688220748472@SensorListener: Numbers: Azimuth #323# Pitch #1# Roll #28#
1688220748674@SensorListener: Numbers: Azimuth #325# Pitch #1# Roll #28#
1688220749077@SensorListener: Numbers: Azimuth #330# Pitch #2# Roll #26#
1688220749280@SensorListener: Numbers: Azimuth #346# Pitch #3# Roll #28#
1688220749482@SensorListener: Numbers: Azimuth #352# Pitch #4# Roll #44#
1688220749483@SensorListener: Numbers: Azimuth #0# Pitch #-10# Roll #60#
1688220749483@SensorListener: Texts: Azimuth #NORTH# Pitch #EAST# Roll #EAST#
1688220749484@SensorListener: #deviceiscorrectlyused#
1688220749684@SensorListener: Numbers: Azimuth #331# Pitch #-42# Roll #19#
1688220749686@SensorListener: Texts: Azimuth #NORTH# Pitch #EAST# Roll #NORTH#
1688220749688@SensorListener: #deviceiscorrectlyused#
1688220749886@SensorListener: Numbers: Azimuth #336# Pitch #-42# Roll #347#
1688220750086@SensorListener: Numbers: Azimuth #29# Pitch #-49# Roll #16#
1688220750087@SensorListener: Texts: Azimuth #NORTH# Pitch #NORTH# Roll #NORTH#
1688220750087@SensorListener: #deviceiscorrectlyused#
1688220750288@SensorListener: Numbers: Azimuth #15# Pitch #-55# Roll #6#
1688220750289@SensorListener: Numbers: Azimuth #1# Pitch #-42# Roll #349#
1688220750289@SensorListener: Texts: Azimuth #NORTH# Pitch #EAST# Roll #NORTH#
1688220750289@SensorListener: #deviceiscorrectlyused#
1688220750491@SensorListener: Numbers: Azimuth #267# Pitch #-64# Roll #244#
1688220750492@SensorListener: Texts: Azimuth #WEST# Pitch #EAST# Roll #WEST#
1688220750493@SensorListener: #deviceiscorrectlyused#
1688220750695@SensorListener: Numbers: Azimuth #265# Pitch #-26# Roll #212#
1688220750695@SensorListener: Texts: Azimuth #WEST# Pitch #WEST# Roll #SOUTH#
1688220750696@SensorListener: #azimuthok#
1688220750697@SensorListener: #pitchalert#
1688220750697@SensorListener: #rollalert#
1688220750895@SensorListener: Numbers: Azimuth #262# Pitch #4# Roll #237#
1688220750897@SensorListener: Texts: Azimuth #WEST# Pitch #WEST# Roll #WEST#
1688220750899@SensorListener: #deviceiscorrectlyused#
1688220751097@SensorListener: Numbers: Azimuth #239# Pitch #-4# Roll #248#
1688220751100@SensorListener: Numbers: Azimuth #227# Pitch #-26# Roll #234#
1688220751297@SensorListener: Numbers: Azimuth #218# Pitch #-51# Roll #225#
1688220751298@SensorListener: Texts: Azimuth #SOUTH# Pitch #WEST# Roll #SOUTHWEST#
1688220751299@SensorListener: #azimuthalert#
1688220751300@SensorListener: #pitchok#
1688220751300@SensorListener: #rollalert#
1688220751498@SensorListener: Numbers: Azimuth #340# Pitch #-64# Roll #348#
1688220751498@SensorListener: Texts: Azimuth #NORTH# Pitch #NORTH# Roll #NORTH#
1688220751498@SensorListener: #deviceiscorrectlyused#
1688220751700@SensorListener: Numbers: Azimuth #341# Pitch #-40# Roll #11#
1688220751701@SensorListener: Texts: Azimuth #NORTH# Pitch #EAST# Roll #NORTH#
1688220751702@SensorListener: #deviceiscorrectlyused#
1688220751904@SensorListener: Numbers: Azimuth #351# Pitch #-36# Roll #32#
1688220751905@SensorListener: Numbers: Azimuth #341# Pitch #-39# Roll #40#
1688220752104@SensorListener: Numbers: Azimuth #342# Pitch #-39# Roll #45#
1688220752105@SensorListener: Texts: Azimuth #NORTH# Pitch #EAST# Roll #NORTHEAST#
1688220752106@SensorListener: #deviceiscorrectlyused#
1688220752305@SensorListener: Numbers: Azimuth #3# Pitch #-35# Roll #40#
1688220752305@SensorListener: Texts: Azimuth #NORTH# Pitch #EAST# Roll #NORTH#
1688220752306@SensorListener: #deviceiscorrectlyused#
1688220752507@SensorListener: Numbers: Azimuth #20# Pitch #-54# Roll #37#
1688220752507@SensorListener: Texts: Azimuth #NORTH# Pitch #NORTH# Roll #NORTH#
1688220752508@SensorListener: #deviceiscorrectlyused#
1688220752708@SensorListener: Numbers: Azimuth #17# Pitch #-73# Roll #6#
1688220752709@SensorListener: Numbers: Azimuth #237# Pitch #-77# Roll #210#
1688220752711@SensorListener: Texts: Azimuth #WEST# Pitch #NORTH# Roll #SOUTH#
1688220752711@SensorListener: #azimuthok#
1688220752711@SensorListener: #pitchok#
1688220752712@SensorListener: #rollalert#
1688220752910@SensorListener: Numbers: Azimuth #221# Pitch #-26# Roll #186#
1688220752911@SensorListener: Texts: Azimuth #SOUTH# Pitch #WEST# Roll #SOUTH#
1688220752911@SensorListener: #azimuthalert#
1688220752911@SensorListener: #pitchok#
1688220752912@SensorListener: #rollalert#
1688220753117@SensorListener: Numbers: Azimuth #257# Pitch #2# Roll #196#
1688220753118@SensorListener: Texts: Azimuth #WEST# Pitch #WEST# Roll #SOUTH#
1688220753119@SensorListener: #azimuthok#
1688220753120@SensorListener: #pitchok#
1688220753122@SensorListener: #rollalert#
1688220753315@SensorListener: Numbers: Azimuth #263# Pitch #0# Roll #201#
1688220753516@SensorListener: Numbers: Azimuth #254# Pitch #-38# Roll #200#
1688220753517@SensorListener: Numbers: Azimuth #244# Pitch #-76# Roll #209#
1688220753517@SensorListener: Texts: Azimuth #WEST# Pitch #NORTH# Roll #SOUTH#
1688220753518@SensorListener: #azimuthok#
1688220753520@SensorListener: #pitchok#
1688220753520@SensorListener: #rollalert#
1688220753719@SensorListener: Numbers: Azimuth #16# Pitch #-63# Roll #355#
1688220753720@SensorListener: Texts: Azimuth #NORTH# Pitch #NORTH# Roll #NORTH#
1688220753721@SensorListener: #deviceiscorrectlyused#
1688220753922@SensorListener: Numbers: Azimuth #17# Pitch #-40# Roll #11#
1688220753924@SensorListener: Texts: Azimuth #NORTH# Pitch #EAST# Roll #NORTH#
1688220753925@SensorListener: #deviceiscorrectlyused#
1688220754121@SensorListener: Numbers: Azimuth #18# Pitch #-45# Roll #9#
1688220754122@SensorListener: Texts: Azimuth #NORTH# Pitch #NORTHEAST# Roll #NORTH#
1688220754123@SensorListener: #deviceiscorrectlyused#
1688220754324@SensorListener: Numbers: Azimuth #32# Pitch #-49# Roll #12#
1688220754325@SensorListener: Texts: Azimuth #NORTH# Pitch #NORTH# Roll #NORTH#
1688220754326@SensorListener: #deviceiscorrectlyused#
1688220754326@SensorListener: Numbers: Azimuth #31# Pitch #-46# Roll #13#
1688220754524@SensorListener: Numbers: Azimuth #30# Pitch #-44# Roll #16#
1688220754525@SensorListener: Texts: Azimuth #NORTH# Pitch #EAST# Roll #NORTH#
1688220754525@SensorListener: #deviceiscorrectlyused#
1688220754725@SensorListener: Numbers: Azimuth #23# Pitch #-40# Roll #27#
1688220754928@SensorListener: Numbers: Azimuth #338# Pitch #-32# Roll #22#
1688220755130@SensorListener: Numbers: Azimuth #340# Pitch #-34# Roll #16#
1688220755131@SensorListener: Numbers: Azimuth #353# Pitch #-30# Roll #24#
1688220755332@SensorListener: Numbers: Azimuth #347# Pitch #-34# Roll #7#
1688220755534@SensorListener: Numbers: Azimuth #356# Pitch #-24# Roll #16#
1688220755747@SensorListener: Numbers: Azimuth #329# Pitch #-34# Roll #3#
1688220755937@SensorListener: Numbers: Azimuth #318# Pitch #-29# Roll #2#
1688220755940@SensorListener: Numbers: Azimuth #322# Pitch #-36# Roll #15#
1688220756145@SensorListener: Numbers: Azimuth #310# Pitch #-30# Roll #14#
1688220756149@SensorListener: Texts: Azimuth #WEST# Pitch #EAST# Roll #NORTH#
1688220756151@SensorListener: #deviceiscorrectlyused#
1688220756343@SensorListener: Numbers: Azimuth #329# Pitch #-30# Roll #29#
1688220756344@SensorListener: Texts: Azimuth #NORTH# Pitch #EAST# Roll #NORTH#
1688220756344@SensorListener: #deviceiscorrectlyused#
1688220756543@SensorListener: Numbers: Azimuth #336# Pitch #-26# Roll #36#
1688220756743@SensorListener: Numbers: Azimuth #336# Pitch #-28# Roll #37#
1688220756744@SensorListener: Numbers: Azimuth #335# Pitch #-25# Roll #34#
1688220756944@SensorListener: Numbers: Azimuth #339# Pitch #-20# Roll #39#
1688220757146@SensorListener: Numbers: Azimuth #332# Pitch #-22# Roll #24#
1688220757348@SensorListener: Numbers: Azimuth #341# Pitch #-22# Roll #25#
1688220757549@SensorListener: Numbers: Azimuth #340# Pitch #-24# Roll #28#
1688220757550@SensorListener: Numbers: Azimuth #337# Pitch #-28# Roll #27#
1688220757751@SensorListener: Numbers: Azimuth #331# Pitch #-30# Roll #26#
1688220757954@SensorListener: Numbers: Azimuth #324# Pitch #-33# Roll #26#
1688220758154@SensorListener: Numbers: Azimuth #324# Pitch #-34# Roll #26#
1688220758358@SensorListener: Numbers: Azimuth #327# Pitch #-31# Roll #28#
1688220758361@SensorListener: Numbers: Azimuth #329# Pitch #-32# Roll #31#
1688220758559@SensorListener: Numbers: Azimuth #332# Pitch #-25# Roll #40#
1688220758760@SensorListener: Numbers: Azimuth #327# Pitch #-16# Roll #36#
1688220758962@SensorListener: Numbers: Azimuth #327# Pitch #-9# Roll #35#
1688220759163@SensorListener: Numbers: Azimuth #327# Pitch #-9# Roll #37#
1688220759164@SensorListener: Numbers: Azimuth #326# Pitch #-11# Roll #37#
1688220759366@SensorListener: Numbers: Azimuth #326# Pitch #-11# Roll #38#
1688220759567@SensorListener: Numbers: Azimuth #326# Pitch #-12# Roll #39#
1688220759770@SensorListener: Numbers: Azimuth #326# Pitch #-13# Roll #39#
1688220759971@SensorListener: Numbers: Azimuth #327# Pitch #-13# Roll #40#
1688220759974@SensorListener: Numbers: Azimuth #327# Pitch #-15# Roll #41#
1688220760173@SensorListener: Numbers: Azimuth #327# Pitch #-14# Roll #41#
1688220760374@SensorListener: Numbers: Azimuth #326# Pitch #-13# Roll #41#
1688220760576@SensorListener: Numbers: Azimuth #327# Pitch #-14# Roll #42#
1688220761183@SensorListener: Numbers: Azimuth #327# Pitch #-14# Roll #43#
1688220761786@SensorListener: Numbers: Azimuth #327# Pitch #-15# Roll #43#
1688220762189@SensorListener: Numbers: Azimuth #327# Pitch #-14# Roll #43#
1688220762391@SensorListener: Numbers: Azimuth #328# Pitch #-14# Roll #43#
1688220762796@SensorListener: Numbers: Azimuth #328# Pitch #-14# Roll #42#
1688220762996@SensorListener: Numbers: Azimuth #328# Pitch #-15# Roll #42#
1688220763198@SensorListener: Numbers: Azimuth #326# Pitch #0# Roll #27#
1688220763199@SensorListener: Numbers: Azimuth #329# Pitch #6# Roll #13#
1688220763400@SensorListener: Numbers: Azimuth #331# Pitch #12# Roll #15#
1688220763605@SensorListener: Numbers: Azimuth #335# Pitch #11# Roll #15#
1688220763803@SensorListener: Numbers: Azimuth #339# Pitch #7# Roll #11#
1688220764006@SensorListener: Numbers: Azimuth #348# Pitch #-6# Roll #9#
1688220764008@SensorListener: Numbers: Azimuth #354# Pitch #-19# Roll #13#
1688220764207@SensorListener: Numbers: Azimuth #355# Pitch #-14# Roll #30#
1688220764409@SensorListener: Numbers: Azimuth #344# Pitch #-15# Roll #29#
1688220764611@SensorListener: Numbers: Azimuth #349# Pitch #-13# Roll #22#
1688220764813@SensorListener: Numbers: Azimuth #2# Pitch #-17# Roll #27#
1688220764815@SensorListener: Numbers: Azimuth #357# Pitch #-9# Roll #16#
1688220765014@SensorListener: Numbers: Azimuth #6# Pitch #-12# Roll #19#
1688220765215@SensorListener: Numbers: Azimuth #5# Pitch #-12# Roll #23#
1688220765417@SensorListener: Numbers: Azimuth #4# Pitch #-12# Roll #23#
1688220765619@SensorListener: Numbers: Azimuth #4# Pitch #-11# Roll #23#
1688220765619@SensorListener: Numbers: Azimuth #4# Pitch #-12# Roll #24#
1688220765819@SensorListener: Numbers: Azimuth #4# Pitch #-11# Roll #25#
1688220766226@SensorListener: Numbers: Azimuth #4# Pitch #-11# Roll #26#
1688220766828@SensorListener: Numbers: Azimuth #5# Pitch #-11# Roll #26#
1688220767030@SensorListener: Numbers: Azimuth #4# Pitch #-11# Roll #26#
1688220767232@SensorListener: Numbers: Azimuth #4# Pitch #-11# Roll #27#
1688220767635@SensorListener: Numbers: Azimuth #4# Pitch #-11# Roll #28#
1688220767838@SensorListener: Numbers: Azimuth #6# Pitch #-12# Roll #28#
1688220768040@SensorListener: Numbers: Azimuth #7# Pitch #-12# Roll #29#
1688220768644@SensorListener: Numbers: Azimuth #7# Pitch #-11# Roll #29#
1688220769657@SensorListener: Numbers: Azimuth #7# Pitch #-11# Roll #30#
1688220770258@SensorListener: Numbers: Azimuth #8# Pitch #-12# Roll #30#
1688220771064@SensorListener: Numbers: Azimuth #8# Pitch #-18# Roll #35#
1688220771267@SensorListener: Numbers: Azimuth #3# Pitch #-23# Roll #33#
1688220771268@SensorListener: Numbers: Azimuth #3# Pitch #-24# Roll #29#
1688220771472@SensorListener: Numbers: Azimuth #0# Pitch #-17# Roll #23#
1688220771675@SensorListener: Numbers: Azimuth #7# Pitch #-22# Roll #25#
1688220771875@SensorListener: Numbers: Azimuth #7# Pitch #-26# Roll #27#
1688220772155@SensorListener: Numbers: Azimuth #3# Pitch #-30# Roll #27#
1688220772160@SensorListener: Numbers: Azimuth #5# Pitch #-36# Roll #27#
