1688371587113@DebuggableApplications: #MyCalc#
1688371587113@DebuggableApplications: #AudioRecorder#
1688371587133@DeveloperOptions: adb: #true# devops: #true#
1688371587137@AppManagement: #onresume#
1688371587142@Ptracer: #started#
1688371587173@UsbChecker: ischarg: #false# usbcharg: #false# accharg: #false#
1688371589129@SensorListener: #firstcalibrationdone#
1688371589129@SensorListener: #deviceiscorrectlyused#
1688371589156@SensorListener: #calibrationdone#
1688371589196@SensorListener: Texts: Azimuth #NORTH# Pitch #EAST# Roll #NORTH#
1688371589197@SensorListener: Numbers: Azimuth #0# Pitch #-10# Roll #0#
1688371589357@SensorListener: Numbers: Azimuth #347# Pitch #-29# Roll #336#
1688371589557@SensorListener: Numbers: Azimuth #349# Pitch #-50# Roll #323#
1688371589557@SensorListener: Texts: Azimuth #NORTH# Pitch #NORTH# Roll #NORTH#
1688371589557@SensorListener: #deviceiscorrectlyused#
1688371589760@SensorListener: Numbers: Azimuth #326# Pitch #-60# Roll #297#
1688371589761@SensorListener: Texts: Azimuth #NORTH# Pitch #NORTH# Roll #WEST#
1688371589762@SensorListener: #deviceiscorrectlyused#
1688371589763@SensorListener: Numbers: Azimuth #336# Pitch #-66# Roll #296#
1688371589962@SensorListener: Numbers: Azimuth #341# Pitch #-75# Roll #301#
1688371590162@SensorListener: Numbers: Azimuth #142# Pitch #-72# Roll #98#
1688371590163@SensorListener: Texts: Azimuth #SOUTH# Pitch #NORTH# Roll #EAST#
1688371590163@SensorListener: #azimuthalert#
1688371590163@SensorListener: #pitchok#
1688371590164@SensorListener: #rollok#
1688371590364@SensorListener: Numbers: Azimuth #135# Pitch #-34# Roll #126#
1688371590364@SensorListener: Texts: Azimuth #SOUTHEAST# Pitch #NORTH# Roll #EAST#
1688371590365@SensorListener: #azimuthalert#
1688371590365@SensorListener: #pitchok#
1688371590365@SensorListener: #rollok#
1688371590830@SensorListener: Numbers: Azimuth #124# Pitch #-24# Roll #129#
1688371590830@SensorListener: Texts: Azimuth #EAST# Pitch #NORTH# Roll #EAST#
1688371590831@SensorListener: #deviceiscorrectlyused#
1688371590831@SensorListener: Numbers: Azimuth #265# Pitch #-74# Roll #263#
1688371590832@SensorListener: Texts: Azimuth #WEST# Pitch #NORTH# Roll #WEST#
1688371590832@SensorListener: #deviceiscorrectlyused#
1688371590867@SensorListener: Numbers: Azimuth #344# Pitch #-37# Roll #293#
1688371590869@SensorListener: Texts: Azimuth #NORTH# Pitch #NORTH# Roll #WEST#
1688371590870@SensorListener: #deviceiscorrectlyused#
1688371591071@SensorListener: Numbers: Azimuth #1# Pitch #-20# Roll #306#
1688371591273@SensorListener: Numbers: Azimuth #347# Pitch #-13# Roll #313#
1688371591557@SensorListener: Numbers: Azimuth #343# Pitch #-40# Roll #343#
1688371591560@SensorListener: Texts: Azimuth #NORTH# Pitch #EAST# Roll #NORTH#
1688371591575@SensorListener: #deviceiscorrectlyused#
1688371591758@SensorListener: Numbers: Azimuth #328# Pitch #-43# Roll #348#
1688371591870@SensorListener: Numbers: Azimuth #328# Pitch #-41# Roll #347#
1688371592060@SensorListener: Numbers: Azimuth #332# Pitch #-45# Roll #351#
1688371592060@SensorListener: Texts: Azimuth #NORTH# Pitch #NORTHEAST# Roll #NORTH#
1688371592060@SensorListener: #deviceiscorrectlyused#
1688371592270@SensorListener: Numbers: Azimuth #329# Pitch #-57# Roll #0#
1688371592271@SensorListener: Texts: Azimuth #NORTH# Pitch #NORTH# Roll #NORTH#
1688371592271@SensorListener: #deviceiscorrectlyused#
1688371592565@SensorListener: Numbers: Azimuth #55# Pitch #-85# Roll #106#
1688371592565@SensorListener: Texts: Azimuth #EAST# Pitch #NORTH# Roll #EAST#
1688371592566@SensorListener: #deviceiscorrectlyused#
1688371592767@SensorListener: Numbers: Azimuth #104# Pitch #-46# Roll #162#
1688371592768@SensorListener: Texts: Azimuth #EAST# Pitch #NORTH# Roll #SOUTH#
1688371592770@SensorListener: #azimuthok#
1688371592771@SensorListener: #pitchok#
1688371592772@SensorListener: #rollalert#
1688371592870@SensorListener: Numbers: Azimuth #88# Pitch #-31# Roll #141#
1688371592871@SensorListener: Texts: Azimuth #EAST# Pitch #WEST# Roll #SOUTH#
1688371592872@SensorListener: #azimuthok#
1688371592873@SensorListener: #pitchok#
1688371592874@SensorListener: #rollalert#
1688371593068@SensorListener: Numbers: Azimuth #153# Pitch #-75# Roll #173#
1688371593069@SensorListener: Texts: Azimuth #SOUTH# Pitch #NORTH# Roll #SOUTH#
1688371593070@SensorListener: #azimuthalert#
1688371593071@SensorListener: #pitchok#
1688371593071@SensorListener: #rollalert#
1688371593271@SensorListener: Numbers: Azimuth #214# Pitch #-75# Roll #199#
1688371593572@SensorListener: Numbers: Azimuth #70# Pitch #-84# Roll #8#
1688371593573@SensorListener: Texts: Azimuth #EAST# Pitch #NORTH# Roll #NORTH#
1688371593574@SensorListener: #deviceiscorrectlyused#
1688371593776@SensorListener: Numbers: Azimuth #36# Pitch #-66# Roll #290#
1688371593777@SensorListener: Texts: Azimuth #NORTH# Pitch #NORTH# Roll #WEST#
1688371593777@SensorListener: #deviceiscorrectlyused#
1688371594056@SensorListener: Numbers: Azimuth #32# Pitch #-28# Roll #286#
1688371594258@SensorListener: Numbers: Azimuth #5# Pitch #-41# Roll #290#
1688371594369@SensorListener: Numbers: Azimuth #340# Pitch #-47# Roll #280#
1688371595011@SensorListener: Numbers: Azimuth #353# Pitch #-51# Roll #283#
1688371595012@SensorListener: Numbers: Azimuth #2# Pitch #-50# Roll #286#
1688371595067@SensorListener: Numbers: Azimuth #2# Pitch #-50# Roll #288#
1688371595268@SensorListener: Numbers: Azimuth #2# Pitch #-51# Roll #289#
1688371595371@SensorListener: Numbers: Azimuth #3# Pitch #-52# Roll #290#
1688371595710@SensorListener: Numbers: Azimuth #7# Pitch #-50# Roll #296#
1688371595771@SensorListener: Numbers: Azimuth #8# Pitch #-51# Roll #298#
1688371596054@SensorListener: Numbers: Azimuth #9# Pitch #-51# Roll #300#
1688371596563@SensorListener: Numbers: Azimuth #10# Pitch #-52# Roll #302#
1688371596567@SensorListener: Numbers: Azimuth #11# Pitch #-56# Roll #301#
1688371596574@SensorListener: Numbers: Azimuth #14# Pitch #-58# Roll #302#
1688371596806@SensorListener: Numbers: Azimuth #12# Pitch #-61# Roll #300#
1688371597165@SensorListener: Numbers: Azimuth #13# Pitch #-61# Roll #297#
1688371597262@SensorListener: Numbers: Azimuth #13# Pitch #-62# Roll #294#
1688371597369@SensorListener: Numbers: Azimuth #18# Pitch #-58# Roll #298#
1688371597564@SensorListener: Numbers: Azimuth #20# Pitch #-61# Roll #303#
1688371597766@SensorListener: Numbers: Azimuth #29# Pitch #-32# Roll #320#
1688371597767@SensorListener: Texts: Azimuth #NORTH# Pitch #EAST# Roll #NORTH#
1688371597768@SensorListener: #deviceiscorrectlyused#
1688371598067@SensorListener: Numbers: Azimuth #22# Pitch #-28# Roll #334#
1688371598275@SensorListener: Numbers: Azimuth #359# Pitch #-35# Roll #337#
1688371598368@SensorListener: Numbers: Azimuth #0# Pitch #-46# Roll #349#
1688371598369@SensorListener: Texts: Azimuth #NORTH# Pitch #NORTH# Roll #NORTH#
1688371598369@SensorListener: #deviceiscorrectlyused#
1688371598553@SensorListener: Numbers: Azimuth #352# Pitch #-72# Roll #346#
1688371598754@SensorListener: Numbers: Azimuth #155# Pitch #-54# Roll #135#
1688371598754@SensorListener: Texts: Azimuth #SOUTH# Pitch #NORTH# Roll #SOUTHEAST#
1688371598755@SensorListener: #azimuthalert#
1688371598755@SensorListener: #pitchok#
1688371598756@SensorListener: #rollalert#
1688371599056@SensorListener: Numbers: Azimuth #177# Pitch #-36# Roll #116#
1688371599057@SensorListener: Texts: Azimuth #SOUTH# Pitch #NORTH# Roll #EAST#
1688371599058@SensorListener: #azimuthalert#
1688371599059@SensorListener: #pitchok#
1688371599060@SensorListener: #rollok#
1688371599258@SensorListener: Numbers: Azimuth #177# Pitch #-52# Roll #106#
1688371599368@SensorListener: Numbers: Azimuth #99# Pitch #-77# Roll #27#
1688371599368@SensorListener: Texts: Azimuth #EAST# Pitch #NORTH# Roll #NORTH#
1688371599368@SensorListener: #deviceiscorrectlyused#
1688371599561@SensorListener: Numbers: Azimuth #36# Pitch #-37# Roll #322#
1688371599562@SensorListener: Texts: Azimuth #NORTH# Pitch #EAST# Roll #NORTH#
1688371599563@SensorListener: #deviceiscorrectlyused#
1688371599762@SensorListener: Numbers: Azimuth #30# Pitch #-15# Roll #318#
1688371600066@SensorListener: Numbers: Azimuth #351# Pitch #-33# Roll #321#
1688371600266@SensorListener: Numbers: Azimuth #322# Pitch #-50# Roll #319#
1688371600266@SensorListener: Texts: Azimuth #NORTH# Pitch #NORTH# Roll #NORTH#
1688371600266@SensorListener: #deviceiscorrectlyused#
1688371600374@SensorListener: Numbers: Azimuth #322# Pitch #-63# Roll #325#
1688371600574@SensorListener: Numbers: Azimuth #322# Pitch #-50# Roll #326#
1688371600774@SensorListener: Numbers: Azimuth #329# Pitch #-46# Roll #326#
1688371601056@SensorListener: Numbers: Azimuth #333# Pitch #-44# Roll #328#
1688371601057@SensorListener: Texts: Azimuth #NORTH# Pitch #EAST# Roll #NORTH#
1688371601057@SensorListener: #deviceiscorrectlyused#
1688371601258@SensorListener: Numbers: Azimuth #334# Pitch #-29# Roll #323#
1688371601369@SensorListener: Numbers: Azimuth #349# Pitch #-21# Roll #305#
1688371601370@SensorListener: Texts: Azimuth #NORTH# Pitch #EAST# Roll #WEST#
1688371601370@SensorListener: #deviceiscorrectlyused#
1688371601562@SensorListener: Numbers: Azimuth #356# Pitch #-48# Roll #285#
1688371601763@SensorListener: Numbers: Azimuth #294# Pitch #-63# Roll #235#
1688371601764@SensorListener: Texts: Azimuth #WEST# Pitch #EAST# Roll #WEST#
1688371601765@SensorListener: #deviceiscorrectlyused#
1688371602065@SensorListener: Numbers: Azimuth #227# Pitch #-63# Roll #189#
1688371602065@SensorListener: Texts: Azimuth #WEST# Pitch #NORTH# Roll #SOUTH#
1688371602065@SensorListener: #azimuthok#
1688371602066@SensorListener: #pitchok#
1688371602066@SensorListener: #rollalert#
1688371602267@SensorListener: Numbers: Azimuth #201# Pitch #-55# Roll #131#
1688371602267@SensorListener: Texts: Azimuth #SOUTH# Pitch #NORTH# Roll #EAST#
1688371602267@SensorListener: #azimuthalert#
1688371602267@SensorListener: #pitchok#
1688371602268@SensorListener: #rollok#
1688371602370@SensorListener: Numbers: Azimuth #197# Pitch #-47# Roll #120#
1688371602571@SensorListener: Numbers: Azimuth #194# Pitch #-55# Roll #121#
1688371602772@SensorListener: Numbers: Azimuth #213# Pitch #-85# Roll #139#
1688371602772@SensorListener: Texts: Azimuth #SOUTH# Pitch #NORTH# Roll #SOUTH#
1688371602773@SensorListener: #azimuthalert#
1688371602773@SensorListener: #pitchok#
1688371602773@SensorListener: #rollalert#
1688371603073@SensorListener: Numbers: Azimuth #34# Pitch #-32# Roll #320#
1688371603073@SensorListener: Texts: Azimuth #NORTH# Pitch #EAST# Roll #NORTH#
1688371603074@SensorListener: #deviceiscorrectlyused#
1688371603274@SensorListener: Numbers: Azimuth #35# Pitch #-9# Roll #317#
1688371603369@SensorListener: Numbers: Azimuth #29# Pitch #-10# Roll #319#
1688371603557@SensorListener: Numbers: Azimuth #22# Pitch #-4# Roll #315#
1688371603559@SensorListener: Texts: Azimuth #NORTH# Pitch #EAST# Roll #NORTHWEST#
1688371603560@SensorListener: #deviceiscorrectlyused#
1688371603760@SensorListener: Numbers: Azimuth #22# Pitch #-5# Roll #314#
1688371603761@SensorListener: Texts: Azimuth #NORTH# Pitch #EAST# Roll #WEST#
1688371603762@SensorListener: #deviceiscorrectlyused#
1688371604065@SensorListener: Numbers: Azimuth #22# Pitch #-6# Roll #312#
1688371604264@SensorListener: Numbers: Azimuth #22# Pitch #-21# Roll #311#
1688371604370@SensorListener: Numbers: Azimuth #23# Pitch #-31# Roll #305#
1688371604567@SensorListener: Numbers: Azimuth #17# Pitch #-34# Roll #302#
1688371604768@SensorListener: Numbers: Azimuth #17# Pitch #-41# Roll #302#
1688371605131@AppManagement: #onpause#
1688371606649@AppManagement: #onresume#
1688371607062@SensorListener: Numbers: Azimuth #44# Pitch #0# Roll #309#
1688371607266@SensorListener: Numbers: Azimuth #313# Pitch #-41# Roll #308#
1688371607266@SensorListener: Texts: Azimuth #WEST# Pitch #EAST# Roll #WEST#
1688371607267@SensorListener: #deviceiscorrectlyused#
1688371607669@SensorListener: Numbers: Azimuth #313# Pitch #-41# Roll #310#
1688371607870@SensorListener: Numbers: Azimuth #307# Pitch #-41# Roll #310#
1688371607872@SensorListener: Numbers: Azimuth #273# Pitch #-40# Roll #302#
1688371608073@SensorListener: Numbers: Azimuth #259# Pitch #-31# Roll #306#
1688371608272@SensorListener: Numbers: Azimuth #248# Pitch #-24# Roll #318#
1688371608272@SensorListener: Texts: Azimuth #WEST# Pitch #EAST# Roll #NORTH#
1688371608273@SensorListener: #deviceiscorrectlyused#
1688371608475@SensorListener: Numbers: Azimuth #250# Pitch #-32# Roll #332#
1688371608677@SensorListener: Numbers: Azimuth #265# Pitch #-37# Roll #350#
1688371608678@SensorListener: Numbers: Azimuth #277# Pitch #-35# Roll #354#
1688371608878@SensorListener: Numbers: Azimuth #278# Pitch #-23# Roll #351#
1688371609080@SensorListener: Numbers: Azimuth #275# Pitch #-12# Roll #335#
1688371609281@SensorListener: Numbers: Azimuth #282# Pitch #-11# Roll #336#
1688371609484@SensorListener: Numbers: Azimuth #287# Pitch #0# Roll #330#
1688371609485@SensorListener: Numbers: Azimuth #293# Pitch #0# Roll #328#
1688371609684@SensorListener: Numbers: Azimuth #296# Pitch #0# Roll #326#
1688371609887@SensorListener: Numbers: Azimuth #303# Pitch #0# Roll #321#
1688371610089@SensorListener: Numbers: Azimuth #315# Pitch #0# Roll #311#
1688371610090@SensorListener: Texts: Azimuth #NORTHWEST# Pitch #EAST# Roll #WEST#
1688371610090@SensorListener: #deviceiscorrectlyused#
1688371610293@SensorListener: Numbers: Azimuth #323# Pitch #0# Roll #311#
1688371610294@SensorListener: Texts: Azimuth #NORTH# Pitch #EAST# Roll #WEST#
1688371610295@SensorListener: #deviceiscorrectlyused#
1688371610693@SensorListener: Numbers: Azimuth #324# Pitch #1# Roll #311#
1688371610894@SensorListener: Numbers: Azimuth #325# Pitch #1# Roll #311#
1688371611097@SensorListener: Numbers: Azimuth #325# Pitch #2# Roll #310#
1688371616744@SensorListener: Numbers: Azimuth #324# Pitch #2# Roll #310#
1688371616746@SensorListener: Numbers: Azimuth #323# Pitch #2# Roll #310#
1688371622191@SensorListener: Numbers: Azimuth #320# Pitch #2# Roll #310#
1688371622394@SensorListener: Numbers: Azimuth #320# Pitch #3# Roll #311#
1688371622397@SensorListener: Numbers: Azimuth #319# Pitch #5# Roll #311#
1688371622595@SensorListener: Numbers: Azimuth #313# Pitch #6# Roll #319#
1688371622595@SensorListener: Texts: Azimuth #WEST# Pitch #EAST# Roll #NORTH#
1688371622596@SensorListener: #deviceiscorrectlyused#
1688371622798@SensorListener: Numbers: Azimuth #317# Pitch #7# Roll #323#
1688371622799@SensorListener: Texts: Azimuth #NORTH# Pitch #EAST# Roll #NORTH#
1688371622800@SensorListener: #deviceiscorrectlyused#
1688371622997@SensorListener: Numbers: Azimuth #317# Pitch #-10# Roll #313#
1688371622998@SensorListener: Texts: Azimuth #NORTH# Pitch #EAST# Roll #WEST#
1688371622998@SensorListener: #deviceiscorrectlyused#
1688371623200@SensorListener: Numbers: Azimuth #300# Pitch #-30# Roll #287#
1688371623201@SensorListener: Texts: Azimuth #WEST# Pitch #EAST# Roll #WEST#
1688371623202@SensorListener: #deviceiscorrectlyused#
1688371623203@SensorListener: Numbers: Azimuth #285# Pitch #-29# Roll #259#
1688371623401@SensorListener: Numbers: Azimuth #285# Pitch #-22# Roll #262#
1688371623606@SensorListener: Numbers: Azimuth #277# Pitch #2# Roll #291#
1688371623804@SensorListener: Numbers: Azimuth #245# Pitch #-1# Roll #298#
1688371624006@SensorListener: Numbers: Azimuth #241# Pitch #-33# Roll #278#
1688371624007@SensorListener: Numbers: Azimuth #215# Pitch #-57# Roll #252#
1688371624008@SensorListener: Texts: Azimuth #SOUTH# Pitch #EAST# Roll #WEST#
1688371624009@SensorListener: #azimuthalert#
1688371624010@SensorListener: #pitchok#
1688371624010@SensorListener: #rollok#
1688371624208@SensorListener: Numbers: Azimuth #150# Pitch #-70# Roll #166#
1688371624209@SensorListener: Texts: Azimuth #SOUTH# Pitch #NORTH# Roll #SOUTH#
1688371624209@SensorListener: #azimuthalert#
1688371624210@SensorListener: #pitchok#
1688371624210@SensorListener: #rollalert#
1688371624416@SensorListener: Numbers: Azimuth #117# Pitch #-55# Roll #131#
1688371624417@SensorListener: Texts: Azimuth #EAST# Pitch #NORTH# Roll #EAST#
1688371624418@SensorListener: #deviceiscorrectlyused#
1688371624612@SensorListener: Numbers: Azimuth #111# Pitch #-51# Roll #124#
1688371625077@SensorListener: Numbers: Azimuth #155# Pitch #-68# Roll #165#
1688371625078@SensorListener: Texts: Azimuth #SOUTH# Pitch #NORTH# Roll #SOUTH#
1688371625078@SensorListener: #azimuthalert#
1688371625078@SensorListener: #pitchok#
1688371625079@SensorListener: #rollalert#
1688371625079@SensorListener: Numbers: Azimuth #327# Pitch #-43# Roll #337#
1688371625080@SensorListener: Texts: Azimuth #NORTH# Pitch #EAST# Roll #NORTH#
1688371625080@SensorListener: #deviceiscorrectlyused#
1688371625117@SensorListener: Numbers: Azimuth #288# Pitch #-16# Roll #345#
1688371625117@SensorListener: Texts: Azimuth #WEST# Pitch #EAST# Roll #NORTH#
1688371625117@SensorListener: #deviceiscorrectlyused#
1688371625319@SensorListener: Numbers: Azimuth #267# Pitch #-17# Roll #333#
1688371625522@SensorListener: Numbers: Azimuth #263# Pitch #-24# Roll #326#
1688371625803@SensorListener: Numbers: Azimuth #269# Pitch #-27# Roll #324#
1688371626005@SensorListener: Numbers: Azimuth #277# Pitch #-26# Roll #323#
1688371626117@SensorListener: Numbers: Azimuth #287# Pitch #-14# Roll #331#
1688371626309@SensorListener: Numbers: Azimuth #282# Pitch #-12# Roll #331#
1688371626512@SensorListener: Numbers: Azimuth #284# Pitch #-10# Roll #331#
1688371626813@SensorListener: Numbers: Azimuth #284# Pitch #-10# Roll #332#
1688371627015@SensorListener: Numbers: Azimuth #284# Pitch #-10# Roll #328#
1688371627118@SensorListener: Numbers: Azimuth #288# Pitch #-12# Roll #332#
1688371627316@SensorListener: Numbers: Azimuth #300# Pitch #-6# Roll #317#
1688371627519@SensorListener: Numbers: Azimuth #317# Pitch #-8# Roll #320#
1688371627520@SensorListener: Texts: Azimuth #NORTH# Pitch #EAST# Roll #NORTH#
1688371627521@SensorListener: #deviceiscorrectlyused#
1688371627821@SensorListener: Numbers: Azimuth #301# Pitch #-10# Roll #314#
1688371627821@SensorListener: Texts: Azimuth #WEST# Pitch #EAST# Roll #WEST#
1688371627822@SensorListener: #deviceiscorrectlyused#
1688371628024@SensorListener: Numbers: Azimuth #300# Pitch #-12# Roll #314#
1688371628304@SensorListener: Numbers: Azimuth #302# Pitch #-14# Roll #313#
1688371628506@SensorListener: Numbers: Azimuth #302# Pitch #-18# Roll #311#
1688371628617@SensorListener: Numbers: Azimuth #303# Pitch #-26# Roll #312#
1688371628814@SensorListener: Numbers: Azimuth #300# Pitch #-9# Roll #312#
1688371629012@SensorListener: Numbers: Azimuth #304# Pitch #-9# Roll #316#
1688371629012@SensorListener: Texts: Azimuth #WEST# Pitch #EAST# Roll #NORTH#
1688371629013@SensorListener: #deviceiscorrectlyused#
1688371629314@SensorListener: Numbers: Azimuth #303# Pitch #-8# Roll #315#
1688371629315@SensorListener: Texts: Azimuth #WEST# Pitch #EAST# Roll #NORTHWEST#
1688371629315@SensorListener: #deviceiscorrectlyused#
1688371629515@SensorListener: Numbers: Azimuth #304# Pitch #-8# Roll #315#
1688371629618@SensorListener: Numbers: Azimuth #304# Pitch #-8# Roll #314#
1688371629619@SensorListener: Texts: Azimuth #WEST# Pitch #EAST# Roll #WEST#
1688371629620@SensorListener: #deviceiscorrectlyused#
1688371629818@SensorListener: Numbers: Azimuth #304# Pitch #-7# Roll #313#
1688371630019@SensorListener: Numbers: Azimuth #304# Pitch #-6# Roll #312#
1688371630321@SensorListener: Numbers: Azimuth #303# Pitch #-6# Roll #311#
1688371630523@SensorListener: Numbers: Azimuth #304# Pitch #-6# Roll #311#
1688371630618@SensorListener: Numbers: Azimuth #304# Pitch #-5# Roll #311#
1688371631010@SensorListener: Numbers: Azimuth #303# Pitch #-6# Roll #311#
1688371631310@SensorListener: Numbers: Azimuth #302# Pitch #-12# Roll #310#
1688371631513@SensorListener: Numbers: Azimuth #309# Pitch #-49# Roll #319#
1688371631513@SensorListener: Texts: Azimuth #WEST# Pitch #NORTH# Roll #NORTH#
1688371631514@SensorListener: #deviceiscorrectlyused#
1688371631616@SensorListener: Numbers: Azimuth #89# Pitch #-79# Roll #102#
1688371631617@SensorListener: Texts: Azimuth #EAST# Pitch #NORTH# Roll #EAST#
1688371631618@SensorListener: #deviceiscorrectlyused#
1688371631815@SensorListener: Numbers: Azimuth #107# Pitch #-44# Roll #112#
1688371632017@SensorListener: Numbers: Azimuth #131# Pitch #-38# Roll #122#
1688371632319@SensorListener: Numbers: Azimuth #138# Pitch #-49# Roll #132#
1688371632319@SensorListener: Texts: Azimuth #SOUTH# Pitch #NORTH# Roll #EAST#
1688371632320@SensorListener: #azimuthalert#
1688371632320@SensorListener: #pitchok#
1688371632320@SensorListener: #rollok#
1688371632522@SensorListener: Numbers: Azimuth #198# Pitch #-88# Roll #195#
1688371632523@SensorListener: Texts: Azimuth #SOUTH# Pitch #NORTH# Roll #SOUTH#
1688371632523@SensorListener: #azimuthalert#
1688371632524@SensorListener: #pitchok#
1688371632524@SensorListener: #rollalert#
1688371632617@SensorListener: Numbers: Azimuth #304# Pitch #-50# Roll #307#
1688371632618@SensorListener: Texts: Azimuth #WEST# Pitch #NORTH# Roll #WEST#
1688371632620@SensorListener: #deviceiscorrectlyused#
1688371632803@SensorListener: Numbers: Azimuth #306# Pitch #-13# Roll #302#
1688371633004@SensorListener: Numbers: Azimuth #307# Pitch #1# Roll #306#
1688371633307@SensorListener: Numbers: Azimuth #305# Pitch #1# Roll #303#
1688371633511@SensorListener: Numbers: Azimuth #294# Pitch #-48# Roll #290#
1688371633617@SensorListener: Numbers: Azimuth #292# Pitch #-72# Roll #285#
1688371633813@SensorListener: Numbers: Azimuth #156# Pitch #-71# Roll #152#
1688371633814@SensorListener: Texts: Azimuth #SOUTH# Pitch #NORTH# Roll #SOUTH#
1688371633815@SensorListener: #azimuthalert#
1688371633815@SensorListener: #pitchok#
1688371633816@SensorListener: #rollalert#
1688371634014@SensorListener: Numbers: Azimuth #146# Pitch #-25# Roll #135#
1688371634014@SensorListener: Texts: Azimuth #SOUTH# Pitch #NORTH# Roll #SOUTHEAST#
1688371634014@SensorListener: #azimuthalert#
1688371634015@SensorListener: #pitchok#
1688371634015@SensorListener: #rollalert#
1688371634315@SensorListener: Numbers: Azimuth #160# Pitch #-18# Roll #129#
1688371634316@SensorListener: Texts: Azimuth #SOUTH# Pitch #NORTH# Roll #EAST#
1688371634316@SensorListener: #azimuthalert#
1688371634317@SensorListener: #pitchok#
1688371634317@SensorListener: #rollok#
1688371634517@SensorListener: Numbers: Azimuth #165# Pitch #-30# Roll #136#
1688371634518@SensorListener: Texts: Azimuth #SOUTH# Pitch #WEST# Roll #SOUTH#
1688371634518@SensorListener: #azimuthalert#
1688371634519@SensorListener: #pitchok#
1688371634519@SensorListener: #rollalert#
1688371634619@SensorListener: Numbers: Azimuth #234# Pitch #-74# Roll #221#
1688371634619@SensorListener: Texts: Azimuth #WEST# Pitch #NORTH# Roll #SOUTH#
1688371634620@SensorListener: #azimuthok#
1688371634620@SensorListener: #pitchok#
1688371634622@SensorListener: #rollalert#
1688371634820@SensorListener: Numbers: Azimuth #287# Pitch #-46# Roll #292#
1688371634820@SensorListener: Texts: Azimuth #WEST# Pitch #NORTH# Roll #WEST#
1688371634821@SensorListener: #deviceiscorrectlyused#
1688371635025@SensorListener: Numbers: Azimuth #287# Pitch #-27# Roll #305#
1688371635304@SensorListener: Numbers: Azimuth #299# Pitch #-24# Roll #306#
1688371635508@SensorListener: Numbers: Azimuth #305# Pitch #-26# Roll #306#
1688371635616@SensorListener: Numbers: Azimuth #306# Pitch #-26# Roll #307#
1688371635809@SensorListener: Numbers: Azimuth #306# Pitch #-27# Roll #308#
1688371636013@SensorListener: Numbers: Azimuth #306# Pitch #-28# Roll #309#
1688371636516@SensorListener: Numbers: Azimuth #307# Pitch #-28# Roll #311#
1688371636817@SensorListener: Numbers: Azimuth #307# Pitch #-28# Roll #312#
1688371637023@SensorListener: Numbers: Azimuth #308# Pitch #-28# Roll #313#
1688371637622@SensorListener: Numbers: Azimuth #308# Pitch #-29# Roll #313#
1688371639320@SensorListener: Numbers: Azimuth #308# Pitch #-30# Roll #312#
1688371639520@SensorListener: Numbers: Azimuth #306# Pitch #-29# Roll #307#
1688371639803@SensorListener: Numbers: Azimuth #306# Pitch #-25# Roll #307#
1688371640006@SensorListener: Numbers: Azimuth #305# Pitch #-24# Roll #309#
1688371640118@SensorListener: Numbers: Azimuth #305# Pitch #-28# Roll #309#
1688371640307@SensorListener: Numbers: Azimuth #302# Pitch #-33# Roll #308#
1688371640510@SensorListener: Numbers: Azimuth #303# Pitch #-36# Roll #309#
1688371640811@SensorListener: Numbers: Azimuth #303# Pitch #-46# Roll #308#
1688371641014@SensorListener: Numbers: Azimuth #305# Pitch #-60# Roll #309#
1688371641130@SensorListener: Numbers: Azimuth #298# Pitch #-80# Roll #306#
1688371641316@SensorListener: Numbers: Azimuth #118# Pitch #-62# Roll #121#
1688371641317@SensorListener: Texts: Azimuth #EAST# Pitch #NORTH# Roll #EAST#
1688371641318@SensorListener: #deviceiscorrectlyused#
1688371641518@SensorListener: Numbers: Azimuth #126# Pitch #-43# Roll #125#
1688371641820@SensorListener: Numbers: Azimuth #132# Pitch #-30# Roll #130#
1688371642022@SensorListener: Numbers: Azimuth #134# Pitch #-36# Roll #130#
1688371642116@SensorListener: Numbers: Azimuth #163# Pitch #-83# Roll #160#
1688371642117@SensorListener: Texts: Azimuth #SOUTH# Pitch #NORTH# Roll #SOUTH#
1688371642117@SensorListener: #azimuthalert#
1688371642117@SensorListener: #pitchok#
1688371642118@SensorListener: #rollalert#
1688371642305@SensorListener: Numbers: Azimuth #308# Pitch #-38# Roll #313#
1688371642309@SensorListener: Texts: Azimuth #WEST# Pitch #NORTH# Roll #WEST#
1688371642310@SensorListener: #deviceiscorrectlyused#
1688371642506@SensorListener: Numbers: Azimuth #306# Pitch #-15# Roll #315#
1688371642506@SensorListener: Texts: Azimuth #WEST# Pitch #NORTH# Roll #NORTHWEST#
1688371642507@SensorListener: #deviceiscorrectlyused#
1688371642809@SensorListener: Numbers: Azimuth #304# Pitch #-5# Roll #310#
1688371642810@SensorListener: Texts: Azimuth #WEST# Pitch #NORTH# Roll #WEST#
1688371642811@SensorListener: #deviceiscorrectlyused#
1688371643010@SensorListener: Numbers: Azimuth #308# Pitch #-7# Roll #310#
1688371643117@SensorListener: Numbers: Azimuth #312# Pitch #-45# Roll #312#
1688371643314@SensorListener: Numbers: Azimuth #314# Pitch #-51# Roll #314#
1688371643515@SensorListener: Numbers: Azimuth #308# Pitch #-49# Roll #312#
1688371643815@SensorListener: Numbers: Azimuth #307# Pitch #-40# Roll #311#
1688371644025@SensorListener: Numbers: Azimuth #305# Pitch #-34# Roll #309#
1688371644118@SensorListener: Numbers: Azimuth #310# Pitch #-35# Roll #310#
1688371644622@SensorListener: Numbers: Azimuth #308# Pitch #-36# Roll #309#
1688371644856@SensorListener: Numbers: Azimuth #308# Pitch #-39# Roll #308#
1688371644873@SensorListener: Numbers: Azimuth #308# Pitch #-42# Roll #308#
