1684850117006@DebuggableApplications: #AudioRecorder#
1684850117009@DebuggableApplications: #Progetto Android#
1684850117009@DebuggableApplications: #Amaze Debug#
1684850117012@DebuggableApplications: #Open Camera#
1684850117017@GnuDebugger_GDB: Debugger found
1684850117034@DeveloperOptions: adb: #true# devops: #true#
1684850117038@Ptracer: #started#
1684850117053@UsbChecker: ischarg: #false# usbcharg: #false# accharg: #false#
1684850119031@SensorListener: #firstcalibrationdone#
1684850119031@SensorListener: #deviceiscorrectlyused#
1684850119049@SensorListener: #calibrationdone#
1684850119127@SensorListener: Texts: Azimuth #NORTH# Pitch #EAST# Roll #NORTH#
1684850119128@SensorListener: Numbers: Azimuth #0# Pitch #-41# Roll #0#
1684850119246@SensorListener: Numbers: Azimuth#359# Pitch #-37# Roll #357#
1684850119447@SensorListener: Numbers: Azimuth #358# Pitch #-37# Roll #354#
1684850119749@SensorListener: Numbers: Azimuth #358# Pitch #-36# Roll #353#
1684850120048@SensorListener: Numbers: Azimuth #359# Pitch #-35# Roll #354#
1684850120234@SensorListener: Numbers: Azimuth #358# Pitch #-34# Roll #355#
1684850120435@SensorListener: Numbers: Azimuth #357# Pitch #-33# Roll #356#
1684850120737@SensorListener: Numbers: Azimuth #356# Pitch #-31# Roll #359#
1684850120939@SensorListener: Numbers: Azimuth #354# Pitch #-30# Roll #3#
1684850121049@SensorListener: Numbers: Azimuth #357# Pitch #-31# Roll #15#
1684850121242@SensorListener: Numbers: Azimuth #358# Pitch #-36# Roll #28#
1684850121445@SensorListener: Numbers: Azimuth #1# Pitch #-40# Roll #40#
1684850121747@SensorListener: Numbers: Azimuth #354# Pitch #-39# Roll #36#
1684850121949@SensorListener: Numbers: Azimuth #349# Pitch #-38# Roll #21#
1684850122050@SensorListener: Numbers: Azimuth #0# Pitch #-39# Roll #16#
1684850122250@SensorListener: Numbers: Azimuth #9# Pitch #-40# Roll #19#
1684850122452@SensorListener: Numbers: Azimuth #17# Pitch #-45# Roll #26#
1684850122453@SensorListener: Texts: Azimuth #NORTH# Pitch #NORTHEAST# Roll #NORTH#
1684850122454@SensorListener: #deviceiscorrectlyused#
1684850122735@SensorListener: Numbers: Azimuth #23# Pitch #-48# Roll #33#
1684850122736@SensorListener: Texts: Azimuth #NORTH# Pitch #NORTH# Roll #NORTH#
1684850122737@SensorListener: #deviceiscorrectlyused#
1684850122936@SensorListener: Numbers: Azimuth #6# Pitch #-47# Roll #3#
1684850123048@SensorListener: Numbers: Azimuth #359# Pitch #-33# Roll #345#
1684850123049@SensorListener: Texts: Azimuth #NORTH# Pitch #EAST# Roll #NORTH#
1684850123050@SensorListener: #deviceiscorrectlyused#
1684850123238@SensorListener: Numbers: Azimuth #347# Pitch #-37# Roll #322#
1684850123440@SensorListener: Numbers: Azimuth #317# Pitch #-53# Roll #277#
1684850123441@SensorListener: Texts: Azimuth #NORTH# Pitch #EAST# Roll #WEST#
1684850123442@SensorListener: #deviceiscorrectlyused#
1684850123747@SensorListener: Numbers: Azimuth #238# Pitch #-34# Roll #185#
1684850123747@SensorListener: Texts: Azimuth #WEST# Pitch #WEST# Roll #SOUTH#
1684850123764@SensorListener: #azimuthok#
1684850123766@SensorListener: #pitchalert#
1684850123766@SensorListener: #rollalert#
1684850123948@SensorListener: Numbers: Azimuth #252# Pitch #-5# Roll #170#
1684850124049@SensorListener: Numbers: Azimuth #258# Pitch #-8# Roll #176#
1684850124248@SensorListener: Numbers: Azimuth #255# Pitch #-22# Roll #188#
1684850124449@SensorListener: Numbers: Azimuth #270# Pitch #-52# Roll #235#
1684850124450@SensorListener: Texts: Azimuth #WEST# Pitch #WEST# Roll #WEST#
1684850124450@SensorListener: #deviceiscorrectlyused#
1684850124751@SensorListener: Numbers: Azimuth #328# Pitch #-47# Roll #319#
1684850124752@SensorListener: Texts: Azimuth #NORTH# Pitch #NORTH# Roll #NORTH#
1684850124752@SensorListener: #deviceiscorrectlyused#
1684850124953@SensorListener: Numbers: Azimuth #348# Pitch#-31# Roll #344#
1684850124954@SensorListener: Texts: Azimuth #NORTH# Pitch #EAST# Roll #NORTH#
1684850124955@SensorListener: #deviceiscorrectlyused#
1684850125047@SensorListener: Numbers: Azimuth #349# Pitch #-16# Roll #7#
1684850125236@SensorListener: Numbers: Azimuth #348# Pitch #0# Roll #5#
1684850125438@SensorListener: Numbers: Azimuth #354# Pitch #-2# Roll #4#
1684850125740@SensorListener: Numbers: Azimuth #359# Pitch #-30# Roll #7#
1684850125968@SensorListener: Numbers: Azimuth #2# Pitch #-46# Roll #20#
1684850125969@SensorListener: Texts: Azimuth #NORTH# Pitch #NORTH# Roll #NORTH#
1684850125970@SensorListener: #deviceiscorrectlyused#
1684850126097@SensorListener: Numbers: Azimuth #5# Pitch #-51# Roll #29#
1684850126293@SensorListener: Numbers: Azimuth #7# Pitch #-54# Roll #34#
1684850126479@SensorListener: Numbers: Azimuth #358# Pitch #-54# Roll #22#
1684850126755@SensorListener: Numbers: Azimuth #355# Pitch #-51# Roll #11#
1684850126951@SensorListener: Numbers: Azimuth #358# Pitch #-40# Roll #4#
1684850126952@SensorListener: Texts: Azimuth #NORTH# Pitch #EAST# Roll #NORTH#
1684850126953@SensorListener: #deviceiscorrectlyused#
1684850127049@SensorListener: Numbers: Azimuth #0# Pitch #-37# Roll #6#
1684850127252@SensorListener: Numbers: Azimuth #358# Pitch #-40# Roll #2#
1684850127456@SensorListener: Numbers: Azimuth #357# Pitch #-41# Roll #355#
1684850127738@SensorListener: Numbers: Azimuth #359# Pitch #-41# Roll #355#
1684850127940@SensorListener: Numbers: Azimuth #0# Pitch #-42# Roll #358#
1684850128048@SensorListener: Numbers: Azimuth #0# Pitch #-41# Roll #1#
1684850128303@SensorListener: Numbers: Azimuth #358# Pitch #-41# Roll #1#
1684850128476@SensorListener: Numbers: Azimuth #358# Pitch #-42# Roll #2#
1684850132577@SensorListener: Numbers: Azimuth #357# Pitch #-41# Roll #1#
1684850132578@SensorListener: Numbers: Azimuth #357# Pitch #-39# Roll #359#
1684850132580@SensorListener: Numbers: Azimuth #358# Pitch #-39# Roll #359#
1684850132582@SensorListener: Numbers: Azimuth #357# Pitch #-38# Roll #357#
1684850132584@SensorListener: Numbers: Azimuth #355# Pitch #-37# Roll #355#
1684850132585@SensorListener: Numbers: Azimuth #354# Pitch #-38# Roll #353#
1684850132587@SensorListener: Numbers: Azimuth #353# Pitch #-38# Roll #351#
1684850132588@SensorListener: Numbers: Azimuth #354# Pitch #-39# Roll#352#
1684850132590@SensorListener: Numbers: Azimuth #354# Pitch #-38# Roll #352#
1684850132591@SensorListener: Numbers: Azimuth #354# Pitch #-38# Roll #353#
1684850132592@SensorListener: Numbers: Azimuth #353# Pitch #-38# Roll #352#
1684850132594@SensorListener: Numbers: Azimuth #353# Pitch #-39# Roll #352#
1684850132595@SensorListener: Numbers: Azimuth #353# Pitch #-39# Roll #353#
1684850132597@SensorListener: Numbers: Azimuth #356# Pitch #-39# Roll #357#
1684850132598@SensorListener: Numbers: Azimuth #354# Pitch #-39# Roll #358#
1684850132599@SensorListener: Numbers: Azimuth #353# Pitch #-40# Roll #357#
1684850132601@SensorListener: Numbers: Azimuth #353# Pitch #-40# Roll #356#
1684850132602@SensorListener: Numbers: Azimuth #351# Pitch #-40# Roll #351#
1684850132610@SensorListener: Numbers: Azimuth #348# Pitch #-43# Roll #346#
1684850132613@SensorListener: Numbers: Azimuth #345# Pitch #-45# Roll #343#
1684850132614@SensorListener: Texts: Azimuth #NORTH# Pitch #NORTHEAST# Roll #NORTH#
1684850132615@SensorListener: #deviceiscorrectlyused#
1684850132750@SensorListener: Numbers: Azimuth #346# Pitch #-45# Roll #344#
1684850132941@SensorListener: Numbers: Azimuth #349# Pitch #-43# Roll #348#
1684850132942@SensorListener: Texts: Azimuth #NORTH# Pitch #EAST# Roll #NORTH#
1684850132943@SensorListener: #deviceiscorrectlyused#
1684850133248@SensorListener: Numbers: Azimuth #347# Pitch #-43# Roll #347#
1684850133447@SensorListener: Numbers: Azimuth #348# Pitch #-43# Roll #348#
1684850133560@SensorListener: Numbers: Azimuth #351# Pitch #-41# Roll #353#
1684850133786@SensorListener: Numbers: Azimuth #351# Pitch #-39# Roll #357#
1684850133961@SensorListener: Numbers: Azimuth #352# Pitch #-40# Roll #357#
1684850134252@SensorListener: Numbers: Azimuth #353# Pitch #-41# Roll #358#
1684850134455@SensorListener: Numbers: Azimuth #354# Pitch #-41# Roll #0#
1684850134549@SensorListener: Numbers: Azimuth #355# Pitch #-40# Roll #1#
1684850134738@SensorListener: Numbers: Azimuth #357# Pitch #-38# Roll #3#
1684850134939@SensorListener: Numbers: Azimuth #358# Pitch #-33# Roll #5#
1684850135269@SensorListener: Numbers: Azimuth #357# Pitch #-30# Roll #4#
1684850135471@SensorListener: Numbers: Azimuth #352# Pitch #-34# Roll #1#
1684850135683@SensorListener: Numbers: Azimuth #353# Pitch #-35# Roll #1#
1684850135807@SensorListener: Numbers: Azimuth #353# Pitch #-35# Roll #0#
1684850136031@SensorListener: Numbers: Azimuth #354# Pitch #-35# Roll #0#
1684850136262@SensorListener: Numbers: Azimuth #353# Pitch #-35# Roll #0#
1684850136452@SensorListener: Numbers: Azimuth #353# Pitch #-36# Roll #358#
1684850136550@SensorListener: Numbers: Azimuth #353# Pitch #-36# Roll #359#
1684850136954@SensorListener: Numbers: Azimuth #354# Pitch #-36# Roll #359#
1684850137267@SensorListener: Numbers: Azimuth #353# Pitch #-35# Roll #358#
1684850137438@SensorListener: Numbers: Azimuth #351# Pitch #-34# Roll #357#
1684850137550@SensorListener: Numbers: Azimuth #349# Pitch #-34# Roll #358#
1684850137745@SensorListener: Numbers: Azimuth #350# Pitch #-34# Roll #358#
1684850138726@SensorListener: Numbers: Azimuth #352# Pitch #-34# Roll #358#
1684850138727@SensorListener: Numbers: Azimuth #351# Pitch #-34# Roll #357#
1684850138730@SensorListener: Numbers: Azimuth #350# Pitch #-34# Roll #356#
1684850138732@SensorListener: Numbers: Azimuth #349# Pitch #-33# Roll #356#
1684850138811@SensorListener: Numbers: Azimuth #350# Pitch #-33# Roll #357#
1684850139030@SensorListener: Numbers: Azimuth #351# Pitch #-32# Roll #357#
1684850139277@SensorListener: Numbers: Azimuth #352# Pitch #-32# Roll #358#
1684850139441@SensorListener: Numbers: Azimuth #354# Pitch #-32# Roll #358#
1684850139589@SensorListener: Numbers: Azimuth #354# Pitch #-32# Roll #359#
1684850139773@SensorListener: Numbers: Azimuth #355# Pitch #-32# Roll #359#
1684850139962@SensorListener: Numbers: Azimuth #355# Pitch #-33# Roll #359#
1684850140600@SensorListener: Numbers: Azimuth #354# Pitch #-34# Roll #358#
1684850140970@SensorListener: Numbers: Azimuth #351# Pitch #-37# Roll #356#
1684850140973@SensorListener: Numbers: Azimuth #349# Pitch #-36# Roll #357#
1684850141377@SensorListener: Numbers: Azimuth #350# Pitch #-36# Roll #357#
1684850141452@SensorListener: Numbers: Azimuth #351# Pitch #-35# Roll #358#
1684850141738@SensorListener: Numbers: Azimuth #353# Pitch #-34# Roll #358#
1684850141947@SensorListener: Numbers: Azimuth #353# Pitch #-35# Roll #357#
1684850142077@SensorListener: Numbers: Azimuth #352# Pitch #-34# Roll #357#
1684850142253@SensorListener: Numbers: Azimuth #352# Pitch #-35# Roll #357#
1684850146202@SensorListener: Numbers: Azimuth #353# Pitch #-35# Roll #357#
1684850146204@SensorListener: Numbers: Azimuth #353# Pitch #-36# Roll #357#
1684850146207@SensorListener: Numbers: Azimuth #353# Pitch #-37# Roll #358#
1684850146210@SensorListener: Numbers: Azimuth #354# Pitch #-38# Roll #358#
1684850146211@SensorListener: Numbers: Azimuth #355# Pitch #-38# Roll #359#
1684850146212@SensorListener: Numbers: Azimuth #356# Pitch #-40# Roll #0#
1684850146212@SensorListener: Numbers: Azimuth #359# Pitch #-43# Roll #0#
1684850146213@SensorListener: Numbers: Azimuth #4# Pitch #-45# Roll #1#
1684850146213@SensorListener: Texts: Azimuth #NORTH# Pitch #NORTHEAST# Roll #NORTH#
1684850146214@SensorListener: #deviceiscorrectlyused#
1684850146215@SensorListener: Numbers: Azimuth #9# Pitch #-45# Roll #5#
1684850146215@SensorListener: Numbers: Azimuth #16# Pitch #-44# Roll #12#
1684850146216@SensorListener: Texts: Azimuth #NORTH# Pitch #EAST# Roll #NORTH#
1684850146216@SensorListener: #deviceiscorrectlyused#
1684850146217@SensorListener: Numbers: Azimuth #21# Pitch #-42# Roll #17#
1684850146219@SensorListener: Numbers: Azimuth #19# Pitch #-40# Roll #15#
1684850146219@SensorListener: Numbers: Azimuth #17# Pitch #-39# Roll #17#
1684850146220@SensorListener: Numbers: Azimuth #19# Pitch #-40# Roll #21#
1684850146221@SensorListener: Numbers: Azimuth #21# Pitch #-40# Roll #23#
1684850146222@SensorListener: Numbers: Azimuth #22# Pitch #-41# Roll #25#
1684850146234@SensorListener: Numbers:Azimuth #26# Pitch #-42# Roll #26#
1684850146440@SensorListener: Numbers: Azimuth #28# Pitch #-41# Roll #24#
1684850146753@SensorListener: Numbers: Azimuth #26# Pitch #-41# Roll #22#
1684850146964@SensorListener: Numbers: Azimuth #25# Pitch #-41# Roll #24#
1684850147064@SensorListener: Numbers: Azimuth #25# Pitch #-41# Roll #25#
1684850147261@SensorListener: Numbers: Azimuth #25# Pitch #-41# Roll #22#
1684850147461@SensorListener: Numbers: Azimuth #23# Pitch #-41# Roll #22#
1684850147762@SensorListener: Numbers: Azimuth #19# Pitch #-41# Roll #19#
1684850148399@SensorListener: Numbers: Azimuth #14# Pitch #-44# Roll #16#
1684850148400@SensorListener: Numbers: Azimuth #10# Pitch #-45# Roll #15#
1684850148401@SensorListener: Texts: Azimuth #NORTH# Pitch #NORTHEAST# Roll #NORTH#
1684850148401@SensorListener: #deviceiscorrectlyused#
1684850148402@SensorListener: Numbers: Azimuth #5# Pitch #-45# Roll #14#
1684850148453@SensorListener: Numbers: Azimuth #2# Pitch #-44# Roll #12#
1684850148453@SensorListener: Texts: Azimuth #NORTH# Pitch #EAST# Roll #NORTH#
1684850148454@SensorListener: #deviceiscorrectlyused#
1684850149136@SensorListener: Numbers: Azimuth #1# Pitch #-42# Roll #9#
1684850149137@SensorListener: Numbers: Azimuth #1# Pitch #-39# Roll #7#
1684850149140@SensorListener: Numbers: Azimuth #358# Pitch #-39# Roll #5#
1684850149367@SensorListener: Numbers: Azimuth #356# Pitch #-40# Roll #3#
1684850149719@SensorListener: Numbers: Azimuth #356# Pitch #-41# Roll #2#
1684850149952@SensorListener: Numbers: Azimuth #354# Pitch #-41# Roll #1#
1684850150073@SensorListener: Numbers: Azimuth #353# Pitch #-40# Roll #359#
1684850150269@SensorListener: Numbers: Azimuth #352# Pitch #-40# Roll #357#
1684850150463@SensorListener: Numbers: Azimuth #352# Pitch #-40# Roll #355#
1684850150966@SensorListener: Numbers: Azimuth #351# Pitch #-40# Roll #354#
1684850152208@SensorListener: Numbers: Azimuth #352# Pitch #-41# Roll #354#
1684850152209@SensorListener: Numbers: Azimuth #351# Pitch #-40# Roll #355#
1684850152210@SensorListener: Numbers: Azimuth #351# Pitch #-40# Roll #354#
1684850153558@SensorListener: Numbers: Azimuth #351# Pitch #-41# Roll #354#
1684850153559@SensorListener: Numbers: Azimuth #352# Pitch #-41# Roll #354#
1684850153559@SensorListener: Numbers: Azimuth #351# Pitch #-40# Roll #354#
1684850153560@SensorListener: Numbers: Azimuth #352# Pitch #-40# Roll #354#
1684850153739@SensorListener: Numbers: Azimuth #351# Pitch #-40# Roll #354#
1684850153959@SensorListener: Numbers: Azimuth #350# Pitch #-41# Roll #353#
1684850154242@SensorListener: Numbers: Azimuth #348# Pitch #-40# Roll #349#
1684850154445@SensorListener: Numbers: Azimuth #350# Pitch #-39# Roll #352#
1684850154548@SensorListener: Numbers: Azimuth #352# Pitch #-39# Roll #356#
1684850154749@SensorListener: Numbers: Azimuth #353# Pitch #-42# Roll #359#
1684850154949@SensorListener: Numbers: Azimuth #351# Pitch #-41# Roll #358#
1684850155252@SensorListener: Numbers: Azimuth #351# Pitch #-42# Roll #357#
1684850155482@SensorListener: Numbers: Azimuth #350# Pitch #-42# Roll #356#
1684850155840@SensorListener: Numbers: Azimuth #351# Pitch #-41# Roll #357#
1684850155946@SensorListener: Numbers: Azimuth #350# Pitch #-41# Roll #356#
1684850156259@SensorListener: Numbers: Azimuth #351# Pitch #-39# Roll #358#
1684850156467@SensorListener: Numbers: Azimuth #355# Pitch #-37# Roll #3#
1684850156567@SensorListener: Numbers: Azimuth #355# Pitch #-36# Roll #4#
1684850156799@SensorListener: Numbers: Azimuth #355# Pitch #-36# Roll #3#
1684850156951@SensorListener: Numbers: Azimuth #356# Pitch #-37# Roll #3#
1684850160671@SensorListener: Numbers: Azimuth #355# Pitch #-37# Roll #3#
1684850160673@SensorListener: Numbers: Azimuth #350# Pitch #-43# Roll #356#
1684850160674@SensorListener: Numbers: Azimuth #355# Pitch #-41# Roll #357#
1684850160677@SensorListener: Numbers: Azimuth #356# Pitch #-42# Roll #357#
1684850160681@SensorListener: Numbers: Azimuth #356# Pitch #-43# Roll #358#
1684850160682@SensorListener: Numbers: Azimuth #356# Pitch #-44# Roll #359#
1684850160683@SensorListener: Numbers: Azimuth #356# Pitch #-46# Roll #0#
1684850160684@SensorListener: Texts: Azimuth #NORTH# Pitch #NORTH# Roll#NORTH#
1684850160684@SensorListener: #deviceiscorrectlyused#
1684850160685@SensorListener: Numbers: Azimuth #356# Pitch #-46# Roll #1#
1684850160685@SensorListener: Numbers: Azimuth #358# Pitch #-46# Roll #5#
1684850160686@SensorListener: Numbers: Azimuth #356# Pitch #-46# Roll #6#
1684850160686@SensorListener: Numbers: Azimuth #355# Pitch #-45# Roll #5#
1684850160687@SensorListener: Texts: Azimuth #NORTH# Pitch #NORTHEAST# Roll #NORTH#
1684850160687@SensorListener: #deviceiscorrectlyused#
1684850160687@SensorListener: Numbers: Azimuth #355# Pitch #-46# Roll #4#
1684850160688@SensorListener:Texts: Azimuth #NORTH# Pitch #NORTH# Roll #NORTH#
1684850160688@SensorListener: #deviceiscorrectlyused#
1684850160689@SensorListener: Numbers: Azimuth #356# Pitch #-46# Roll #4#
1684850160689@SensorListener: Numbers: Azimuth #356# Pitch #-45# Roll #3#
1684850160689@SensorListener: Texts: Azimuth #NORTH# Pitch #NORTHEAST# Roll #NORTH#
1684850160690@SensorListener: #deviceiscorrectlyused#
1684850160690@SensorListener: Numbers: Azimuth #356# Pitch #-45# Roll #2#
1684850160691@SensorListener: Numbers: Azimuth #355# Pitch #-45# Roll #0#
1684850160691@SensorListener: Numbers: Azimuth #355# Pitch #-44# Roll #359#
1684850160692@SensorListener: Texts: Azimuth #NORTH# Pitch #EAST# Roll #NORTH#
1684850160692@SensorListener: #deviceiscorrectlyused#
1684850160693@SensorListener: Numbers: Azimuth #354#Pitch #-43# Roll #358#
1684850160820@SensorListener: Numbers: Azimuth #353# Pitch #-43# Roll #357#
1684850160981@SensorListener: Numbers: Azimuth #352# Pitch #-41# Roll #354#
1684850161179@SensorListener: Numbers: Azimuth #350# Pitch #-44# Roll #350#
1684850161180@SensorListener: Numbers: Azimuth #350# Pitch #-48# Roll #348#
1684850161180@SensorListener: Texts: Azimuth #NORTH# Pitch #NORTH# Roll #NORTH#
1684850161181@SensorListener: #deviceiscorrectlyused#
1684850161400@SensorListener: Numbers:Azimuth #354# Pitch #-46# Roll #352#
1684850161585@SensorListener: Numbers: Azimuth #354# Pitch #-45# Roll #355#
1684850161586@SensorListener: Texts: Azimuth #NORTH# Pitch #NORTHEAST# Roll #NORTH#
1684850161587@SensorListener: #deviceiscorrectlyused#
1684850161786@SensorListener: Numbers: Azimuth #354# Pitch #-44# Roll #356#
1684850161787@SensorListener: Texts: Azimuth #NORTH# Pitch #EAST# Roll #NORTH#
1684850161788@SensorListener: #deviceiscorrectlyused#
1684850161987@SensorListener: Numbers: Azimuth #356# Pitch #-43# Roll #358#
1684850161988@SensorListener: Numbers: Azimuth #1# Pitch #-45# Roll #6#
1684850161989@SensorListener: Texts: Azimuth #NORTH# Pitch #NORTHEAST# Roll #NORTH#
1684850161989@SensorListener: #deviceiscorrectlyused#
1684850162227@SensorListener: Numbers: Azimuth #359# Pitch #-45# Roll #9#
1684850162597@SensorListener: Numbers: Azimuth #358# Pitch #-45# Roll #8#
1684850162599@SensorListener: Numbers: Azimuth #359# Pitch #-45# Roll #7#
1684850163003@SensorListener: Numbers: Azimuth #357# Pitch #-45# Roll #7#
1684850163004@SensorListener: Numbers: Azimuth #356# Pitch #-45# Roll #5#
1684850163006@SensorListener: Numbers: Azimuth #357# Pitch #-45# Roll #4#
1684850163319@SensorListener: Numbers: Azimuth #358# Pitch #-45# Roll #4#
1684850163655@SensorListener: Numbers: Azimuth #358# Pitch #-45# Roll #5#
1684850163816@SensorListener: Numbers: Azimuth #357# Pitch #-45# Roll #5#
1684850164035@SensorListener: Numbers: Azimuth #357# Pitch #-44# Roll #5#
1684850164035@SensorListener: Texts: Azimuth #NORTH# Pitch #EAST# Roll #NORTH#
1684850164036@SensorListener: #deviceiscorrectlyused#
1684850164206@SensorListener: Numbers: Azimuth #357# Pitch #-44# Roll #4#
1684850164408@SensorListener: Numbers: Azimuth #358# Pitch #-44# Roll #3#
1684850165113@SensorListener: Numbers: Azimuth #357# Pitch #-44# Roll #2#
1684850165223@SensorListener: Numbers: Azimuth #358# Pitch #-43# Roll #2#
1684850165470@SensorListener: Numbers: Azimuth #0# Pitch #-42# Roll #7#
1684850165626@SensorListener: Numbers: Azimuth #354# Pitch #-43# Roll #7#
1684850165845@SensorListener: Numbers: Azimuth #354# Pitch #-43# Roll #6#
1684850166030@SensorListener: Numbers: Azimuth #354# Pitch #-42# Roll #4#
1684850166031@SensorListener: Numbers: Azimuth #354# Pitch #-42# Roll #3#
1684850166291@SensorListener: Numbers: Azimuth #355# Pitch #-42# Roll #2#
1684850166435@SensorListener: Numbers: Azimuth #356# Pitch #-41# Roll #4#
1684850166626@SensorListener: Numbers: Azimuth #356# Pitch #-41# Roll #6#
1684850166829@SensorListener: Numbers: Azimuth #354# Pitch #-41# Roll #6#
1684850166831@SensorListener: Numbers: Azimuth #355# Pitch #-41# Roll #5#
1684850167105@SensorListener: Numbers: Azimuth #356# Pitch #-41# Roll #5#
1684850167283@SensorListener: Numbers: Azimuth #355# Pitch #-42# Roll #4#
1684850167446@SensorListener: Numbers: Azimuth #353# Pitch #-44# Roll #0#
1684850167666@SensorListener: Numbers: Azimuth #358# Pitch #-44# Roll #0#
1684850167669@SensorListener: Numbers: Azimuth #358# Pitch #-43# Roll #0#
1684850168039@SensorListener: Numbers: Azimuth #357# Pitch #-43# Roll #1#
1684850168644@SensorListener: Numbers: Azimuth #356# Pitch #-42# Roll #0#
1684850169450@SensorListener: Numbers: Azimuth #357# Pitch #-42# Roll #1#
1684850169654@SensorListener: Numbers: Azimuth #356# Pitch #-42# Roll #1#
1684850169855@SensorListener: Numbers: Azimuth #357# Pitch #-42# Roll #2#
1684850170139@SensorListener: Numbers: Azimuth #357# Pitch #-42# Roll #3#
1684850170143@SensorListener: Numbers: Azimuth #356# Pitch #-43# Roll #3#
1684850170476@SensorListener: Numbers: Azimuth #357# Pitch #-43# Roll #3#
1684850170665@SensorListener: Numbers: Azimuth #356# Pitch #-43# Roll #3#
1684850170862@SensorListener: Numbers: Azimuth #357# Pitch #-43# Roll #3#
1684850171065@SensorListener: Numbers: Azimuth #357# Pitch #-43# Roll #4#
1684850171467@SensorListener: Numbers: Azimuth #356# Pitch #-43# Roll #3#
1684850171718@SensorListener: Numbers: Azimuth #356# Pitch #-42# Roll #3#
1684850171719@SensorListener: Numbers: Azimuth #357# Pitch #-42# Roll #3#
1684850171969@SensorListener: Numbers: Azimuth #356# Pitch #-42# Roll #3#
1684850172486@SensorListener: Numbers: Azimuth #357# Pitch #-42# Roll #2#
1684850172487@SensorListener: Numbers: Azimuth #357# Pitch #-41# Roll #2#
1684850172880@SensorListener: Numbers: Azimuth #356# Pitch #-41# Roll #359#
1684850173084@SensorListener: Numbers: Azimuth #352# Pitch #-40# Roll #351#
1684850173345@SensorListener: Numbers: Azimuth #350# Pitch #-40# Roll #348#
1684850173346@SensorListener: Numbers: Azimuth #349# Pitch #-40# Roll #347#
1684850173498@SensorListener: Numbers: Azimuth #349# Pitch #-41# Roll #348#
1684850173709@SensorListener: Numbers: Azimuth #350# Pitch #-39# Roll #351#
1684850174090@SensorListener: Numbers: Azimuth #349# Pitch #-39# Roll #350#
1684850174091@SensorListener: Numbers: Azimuth #350# Pitch #-38# Roll #352#
1684850174291@SensorListener: Numbers: Azimuth #351# Pitch #-35# Roll #355#
1684850174493@SensorListener: Numbers: Azimuth #351# Pitch #-34# Roll #355#
1684850174695@SensorListener: Numbers: Azimuth #352# Pitch #-34# Roll #355#
1684850174937@SensorListener: Numbers: Azimuth #353# Pitch #-32# Roll #357#
1684850174938@SensorListener: Numbers: Azimuth #355# Pitch #-30# Roll #359#
1684850175125@SensorListener: Numbers: Azimuth #357# Pitch #-28# Roll #1#
1684850175317@SensorListener: Numbers: Azimuth #359# Pitch #-27# Roll #2#
1684850175532@SensorListener: Numbers: Azimuth #358# Pitch #-31# Roll #359#
1684850175705@SensorListener: Numbers: Azimuth #356# Pitch #-33# Roll #354#
1684850175706@SensorListener: Numbers: Azimuth #356# Pitch #-34# Roll #357#
1684850175909@SensorListener: Numbers: Azimuth #358# Pitch #-29# Roll #2#
1684850176706@SensorListener: Numbers: Azimuth #0# Pitch #-28# Roll #2#
1684850176708@SensorListener: Numbers: Azimuth #0# Pitch #-30# Roll #1#
1684850176708@SensorListener: Numbers: Azimuth #0# Pitch #-31# Roll #1#
1684850176737@SensorListener: Numbers: Azimuth #359# Pitch #-32# Roll #0#
1684850176970@SensorListener: Numbers: Azimuth #359# Pitch #-33# Roll #359#
1684850177638@SensorListener: Numbers: Azimuth #359# Pitch #-34# Roll #359#
1684850177639@SensorListener: Numbers: Azimuth #359# Pitch #-35# Roll #359#
1684850177641@SensorListener: Numbers: Azimuth #1# Pitch #-35# Roll #1#
1684850177642@SensorListener: Numbers: Azimuth #2# Pitch #-36# Roll #2#
1684850177737@SensorListener: Numbers: Azimuth #4# Pitch #-36# Roll #4#
1684850177954@SensorListener: Numbers: Azimuth #8# Pitch #-37# Roll #5#
1684850178142@SensorListener: Numbers: Azimuth #11# Pitch #-39# Roll #9#
1684850178145@SensorListener: Numbers: Azimuth #18# Pitch #-42# Roll #17#
1684850178328@SensorListener: Numbers: Azimuth #22# Pitch #-43# Roll #23#
1684850178527@SensorListener: Numbers: Azimuth #26# Pitch #-42# Roll #25#
1684850178730@SensorListener: Numbers: Azimuth #24# Pitch #-42# Roll #19#
1684850178934@SensorListener: Numbers: Azimuth #15# Pitch #-46# Roll #10#
1684850178935@SensorListener: Texts: Azimuth #NORTH# Pitch #NORTH# Roll #NORTH#
1684850178936@SensorListener: #deviceiscorrectlyused#
1684850178937@SensorListener: Numbers: Azimuth #357# Pitch #-46# Roll #0#
1684850179146@SensorListener: Numbers: Azimuth #350# Pitch #-47# Roll #353#
1684850179355@SensorListener: Numbers: Azimuth #346# Pitch #-47# Roll #348#
1684850179540@SensorListener: Numbers: Azimuth #349# Pitch #-48# Roll #350#
1684850179763@SensorListener: Numbers: Azimuth #351# Pitch #-46# Roll #354#
1684850179765@SensorListener: Numbers: Azimuth #353# Pitch #-42# Roll #359#
1684850179766@SensorListener: Texts: Azimuth #NORTH# Pitch #EAST# Roll #NORTH#
1684850179767@SensorListener: #deviceiscorrectlyused#
1684850179971@SensorListener: Numbers: Azimuth #353# Pitch #-40# Roll #0#
1684850180164@SensorListener: Numbers: Azimuth #355# Pitch #-40# Roll #1#
1684850180546@SensorListener: Numbers: Azimuth #354# Pitch #-40# Roll #1#
1684850181153@SensorListener: Numbers: Azimuth #355# Pitch #-40# Roll #2#
1684850181351@SensorListener: Numbers: Azimuth #353# Pitch #-40# Roll #1#
1684850181353@SensorListener: Numbers: Azimuth #354# Pitch #-40# Roll #1#
1684850181588@SensorListener: Numbers: Azimuth #354# Pitch #-39# Roll #1#
1684850181961@SensorListener: Numbers: Azimuth #355# Pitch #-38# Roll #1#
1684850183818@SensorListener: Numbers: Azimuth #355# Pitch #-39# Roll #0#
1684850183818@SensorListener: Numbers: Azimuth #355# Pitch #-39# Roll #359#
1684850183819@SensorListener: Numbers: Azimuth #356# Pitch #-39# Roll #358#
1684850183819@SensorListener: Numbers: Azimuth #357# Pitch #-39# Roll #358#
1684850183820@SensorListener: Numbers: Azimuth #0# Pitch #-38# Roll #1#
1684850183820@SensorListener: Numbers: Azimuth #5# Pitch #-40# Roll #8#
1684850183821@SensorListener: Numbers: Azimuth #6# Pitch #-41# Roll #11#
1684850183821@SensorListener: Numbers: Azimuth #7# Pitch #-41# Roll #10#
1684850183889@AppManagement: #onpause#
