1688556737997@DebuggableApplications: #MyCalc#
1688556737997@DebuggableApplications: #AudioRecorder#
1688556738029@DeveloperOptions: adb: #true# devops: #true#
1688556738032@Ptracer: #started#
1688556738034@AppManagement: #onresume#
1688556738319@UsbChecker: ischarg: #false# usbcharg: #false# accharg: #false#
1688556740019@SensorListener: #firstcalibrationdone#
1688556740019@SensorListener: #deviceiscorrectlyused#
1688556740213@SensorListener: #calibrationdone#
1688556740299@SensorListener: Texts: Azimuth #NORTH# Pitch #EAST# Roll #NORTH#
1688556740301@SensorListener: Numbers: Azimuth #0# Pitch #-10# Roll #0#
1688556740412@SensorListener: Numbers: Azimuth #17# Pitch #-5# Roll #5#
1688556740614@SensorListener: Numbers: Azimuth #12# Pitch #-16# Roll #13#
1688556740615@SensorListener: Numbers: Azimuth #8# Pitch #-23# Roll #14#
1688556740816@SensorListener: Numbers: Azimuth #9# Pitch #-24# Roll #15#
1688556741017@SensorListener: Numbers: Azimuth #10# Pitch #-27# Roll #16#
1688556741220@SensorListener: Numbers: Azimuth #9# Pitch #-36# Roll #18#
1688556741421@SensorListener: Numbers: Azimuth #10# Pitch #-40# Roll #18#
1688556741423@SensorListener: Numbers: Azimuth #12# Pitch #-40# Roll #18#
1688556741622@SensorListener: Numbers: Azimuth #13# Pitch #-41# Roll #19#
1688556741825@SensorListener: Numbers: Azimuth #13# Pitch #-42# Roll #19#
1688556742026@SensorListener: Numbers: Azimuth #14# Pitch #-43# Roll #20#
1688556742227@SensorListener: Numbers: Azimuth #15# Pitch #-44# Roll #21#
1688556742229@SensorListener: Numbers: Azimuth #16# Pitch #-45# Roll #22#
1688556742229@SensorListener: Texts: Azimuth #NORTH# Pitch #NORTHEAST# Roll #NORTH#
1688556742230@SensorListener: #deviceiscorrectlyused#
1688556742429@SensorListener: Numbers: Azimuth #17# Pitch #-46# Roll #23#
1688556742430@SensorListener: Texts: Azimuth #NORTH# Pitch #NORTH# Roll #NORTH#
1688556742430@SensorListener: #deviceiscorrectlyused#
1688556742631@SensorListener: Numbers: Azimuth #18# Pitch #-47# Roll #24#
1688556742832@SensorListener: Numbers: Azimuth #19# Pitch #-49# Roll #25#
1688556743036@SensorListener: Numbers: Azimuth #19# Pitch #-51# Roll #26#
1688556743038@SensorListener: Numbers: Azimuth #22# Pitch #-53# Roll #27#
1688556743237@SensorListener: Numbers: Azimuth #26# Pitch #-58# Roll #30#
1688556743438@SensorListener: Numbers: Azimuth #29# Pitch #-63# Roll #34#
1688556743643@SensorListener: Numbers: Azimuth #30# Pitch #-66# Roll #37#
1688556743842@SensorListener: Numbers: Azimuth #34# Pitch #-70# Roll #42#
1688556743843@SensorListener: Numbers: Azimuth #41# Pitch #-74# Roll #50#
1688556743844@SensorListener: Texts: Azimuth #NORTH# Pitch #NORTH# Roll #EAST#
1688556743845@SensorListener: #deviceiscorrectlyused#
1688556744045@SensorListener: Numbers: Azimuth #102# Pitch #-80# Roll #113#
1688556744045@SensorListener: Texts: Azimuth #EAST# Pitch #NORTH# Roll #EAST#
1688556744046@SensorListener: #deviceiscorrectlyused#
1688556744244@SensorListener: Numbers: Azimuth #145# Pitch #-68# Roll #165#
1688556744244@SensorListener: Texts: Azimuth #SOUTH# Pitch #NORTH# Roll #SOUTH#
1688556744245@SensorListener: #azimuthalert#
1688556744245@SensorListener: #pitchok#
1688556744245@SensorListener: #rollalert#
1688556744463@SensorListener: Numbers: Azimuth #144# Pitch #-49# Roll #171#
1688556744651@SensorListener: Numbers: Azimuth #133# Pitch #-30# Roll #171#
1688556744652@SensorListener: Texts: Azimuth #EAST# Pitch #WEST# Roll #SOUTH#
1688556744653@SensorListener: #azimuthok#
1688556744656@SensorListener: #pitchok#
1688556744673@SensorListener: #rollalert#
1688556744674@SensorListener: Numbers: Azimuth #122# Pitch #-25# Roll #171#
1688556744850@SensorListener: Numbers: Azimuth #117# Pitch #-30# Roll #161#
1688556745051@SensorListener: Numbers: Azimuth #117# Pitch #-38# Roll #151#
1688556745253@SensorListener: Numbers: Azimuth #111# Pitch #-52# Roll #132#
1688556745253@SensorListener: Texts: Azimuth #EAST# Pitch #WEST# Roll #EAST#
1688556745254@SensorListener: #deviceiscorrectlyused#
1688556745456@SensorListener: Numbers: Azimuth #89# Pitch #-62# Roll #98#
1688556745458@SensorListener: Numbers: Azimuth #65# Pitch #-60# Roll #71#
1688556745657@SensorListener: Numbers: Azimuth #46# Pitch #-51# Roll #54#
1688556745858@SensorListener: Numbers: Azimuth #33# Pitch #-48# Roll #54#
1688556745859@SensorListener: Texts: Azimuth #NORTH# Pitch #WEST# Roll #EAST#
1688556745859@SensorListener: #deviceiscorrectlyused#
1688556746061@SensorListener: Numbers: Azimuth #29# Pitch #-50# Roll #56#
1688556746262@SensorListener: Numbers: Azimuth #30# Pitch #-53# Roll #60#
1688556746263@SensorListener: Numbers: Azimuth #35# Pitch #-58# Roll #65#
1688556746465@SensorListener: Numbers: Azimuth #45# Pitch #-62# Roll #75#
1688556746466@SensorListener: Texts: Azimuth #NORTHEAST# Pitch #WEST# Roll #EAST#
1688556746467@SensorListener: #deviceiscorrectlyused#
1688556746666@SensorListener: Numbers: Azimuth #64# Pitch #-66# Roll #95#
1688556746667@SensorListener: Texts: Azimuth #EAST# Pitch #WEST# Roll #EAST#
1688556746668@SensorListener: #deviceiscorrectlyused#
1688556746866@SensorListener: Numbers: Azimuth #93# Pitch #-66# Roll #133#
1688556747070@SensorListener: Numbers: Azimuth #117# Pitch #-51# Roll #159#
1688556747073@SensorListener: Texts: Azimuth #EAST# Pitch #NORTH# Roll #SOUTH#
1688556747074@SensorListener: #azimuthok#
1688556747078@SensorListener: #pitchok#
1688556747079@SensorListener: #rollalert#
1688556747087@SensorListener: Numbers: Azimuth #119# Pitch #-41# Roll #157#
1688556747088@SensorListener: Texts: Azimuth #EAST# Pitch #WEST# Roll #SOUTH#
1688556747088@SensorListener: #azimuthok#
1688556747089@SensorListener: #pitchok#
1688556747098@SensorListener: #rollalert#
1688556747272@SensorListener: Numbers: Azimuth #102# Pitch #-54# Roll #121#
1688556747272@SensorListener: Texts: Azimuth #EAST# Pitch #WEST# Roll #EAST#
1688556747273@SensorListener: #deviceiscorrectlyused#
1688556747472@SensorListener: Numbers: Azimuth #58# Pitch #-56# Roll #48#
1688556747673@SensorListener: Numbers: Azimuth #48# Pitch #-36# Roll #20#
1688556747674@SensorListener: Texts: Azimuth #EAST# Pitch #EAST# Roll #NORTH#
1688556747674@SensorListener: #azimuthok#
1688556747674@SensorListener: #pitchalert#
1688556747674@SensorListener: #rollok#
1688556747876@SensorListener: Numbers: Azimuth #47# Pitch #-12# Roll #16#
1688556747879@SensorListener: Numbers: Azimuth #40# Pitch #-21# Roll #20#
1688556747880@SensorListener: Texts: Azimuth #NORTH# Pitch #EAST# Roll #NORTH#
1688556747881@SensorListener: #deviceiscorrectlyused#
1688556748078@SensorListener: Numbers: Azimuth #36# Pitch #-25# Roll #22#
1688556748278@SensorListener: Numbers: Azimuth #35# Pitch #-18# Roll #6#
1688556748483@SensorListener: Numbers: Azimuth #40# Pitch #-28# Roll #4#
1688556748684@SensorListener: Numbers: Azimuth #44# Pitch #-21# Roll #0#
1688556748687@SensorListener: Numbers: Azimuth #44# Pitch #-22# Roll #2#
1688556748894@SensorListener: Numbers: Azimuth #45# Pitch #-23# Roll #5#
1688556748894@SensorListener: Texts: Azimuth #NORTHEAST# Pitch #EAST# Roll #NORTH#
1688556748894@SensorListener: #deviceiscorrectlyused#
1688556749085@SensorListener: Numbers: Azimuth #49# Pitch #-23# Roll #13#
1688556749086@SensorListener: Texts: Azimuth #EAST# Pitch #EAST# Roll #NORTH#
1688556749088@SensorListener: #deviceiscorrectlyused#
1688556749288@SensorListener: Numbers: Azimuth #63# Pitch #-17# Roll #24#
1688556749491@SensorListener: Numbers: Azimuth #77# Pitch #-13# Roll #32#
1688556749493@SensorListener: Numbers: Azimuth #79# Pitch #-5# Roll #36#
1688556749691@SensorListener: Numbers: Azimuth #82# Pitch #-2# Roll #39#
1688556749893@SensorListener: Numbers: Azimuth #85# Pitch #0# Roll #41#
1688556750095@SensorListener: Numbers: Azimuth #87# Pitch #0# Roll #40#
1688556750296@SensorListener: Numbers: Azimuth #87# Pitch #0# Roll #35#
1688556750296@SensorListener: Numbers: Azimuth #87# Pitch #0# Roll #24#
1688556750497@SensorListener: Numbers: Azimuth #88# Pitch #0# Roll #10#
1688556750701@SensorListener: Numbers: Azimuth #88# Pitch #0# Roll #7#
1688556750901@SensorListener: Numbers: Azimuth #87# Pitch #0# Roll #6#
1688556751102@SensorListener: Numbers: Azimuth #87# Pitch #0# Roll #5#
1688556751103@SensorListener: Numbers: Azimuth #87# Pitch #0# Roll #0#
1688556752118@SensorListener: Numbers: Azimuth #87# Pitch #1# Roll #359#
1688556752546@SensorListener: Numbers: Azimuth #87# Pitch #2# Roll #359#
1688556752918@SensorListener: Numbers: Azimuth #87# Pitch #2# Roll #358#
1688556792979@SensorListener: Numbers: Azimuth #87# Pitch #3# Roll #359#
1688556792983@SensorListener: Numbers: Azimuth #86# Pitch #8# Roll #10#
1688556793180@SensorListener: Numbers: Azimuth #107# Pitch #-35# Roll #334#
1688556793383@SensorListener: Numbers: Azimuth #73# Pitch #-50# Roll #308#
1688556793384@SensorListener: Texts: Azimuth #EAST# Pitch #EAST# Roll #WEST#
1688556793385@SensorListener: #deviceiscorrectlyused#
1688556793584@SensorListener: Numbers: Azimuth #69# Pitch #-32# Roll #322#
1688556793585@SensorListener: Texts: Azimuth #EAST# Pitch #EAST# Roll #NORTH#
1688556793586@SensorListener: #deviceiscorrectlyused#
1688556793799@SensorListener: Numbers: Azimuth #67# Pitch #-36# Roll #334#
1688556793804@SensorListener: Numbers: Azimuth #64# Pitch #-36# Roll #343#
1688556793990@SensorListener: Numbers: Azimuth #66# Pitch #-40# Roll #346#
1688556794206@SensorListener: Numbers: Azimuth #67# Pitch #-46# Roll #344#
1688556794207@SensorListener: Texts: Azimuth #EAST# Pitch #NORTH# Roll #NORTH#
1688556794208@SensorListener: #deviceiscorrectlyused#
1688556794405@AppManagement: #onpause#
