1679573060354@DebuggableApplications: #Progetto Android Training#
1679573060354@DebuggableApplications: #Progetto Android#
1679573060379@DeveloperOptions: adb: #true# devops: #true#
1679573060391@Ptracer: #started#
1679573060415@AppManagement: #onresume#
1679573060673@UsbChecker: ischarg: #false# usbcharg: #false# accharg: #false#
1679573062374@SensorListener: #firstcalibrationdone#
1679573062374@SensorListener: #deviceiscorrectlyused#
1679573062515@SensorListener: #calibrationdone#
1679573062664@SensorListener: Texts: Azimuth #NORTH# Pitch #EAST# Roll #NORTH#
1679573062664@SensorListener: Numbers: Azimuth #0# Pitch #-27# Roll #0#
1679573062695@SensorListener: Numbers: Azimuth #6# Pitch #-31# Roll #3#
1679573062867@SensorListener: Numbers: Azimuth #13# Pitch #-41# Roll #10#
1679573062986@SensorListener: Numbers: Azimuth #353# Pitch #-56# Roll #6#
1679573062987@SensorListener: Texts: Azimuth #NORTH# Pitch #NORTH# Roll #NORTH#
1679573062988@SensorListener: #deviceiscorrectlyused#
1679573063210@SensorListener: Numbers: Azimuth #328# Pitch #-52# Roll #357#
1679573063362@SensorListener: Numbers: Azimuth #319# Pitch #-34# Roll #329#
1679573063363@SensorListener: Texts: Azimuth #NORTH# Pitch #EAST# Roll #NORTH#
1679573063370@SensorListener: #deviceiscorrectlyused#
1679573063588@SensorListener: Numbers: Azimuth #10# Pitch #-20# Roll #318#
1679573063733@SensorListener: Numbers: Azimuth #23# Pitch #-18# Roll #319#
1679573063971@SensorListener: Numbers: Azimuth #26# Pitch #-33# Roll #322#
1679573064109@SensorListener: Numbers: Azimuth #9# Pitch #-19# Roll #316#
1679573064333@SensorListener: Numbers: Azimuth #349# Pitch #-21# Roll #312#
1679573064333@SensorListener: Texts: Azimuth #NORTH# Pitch #EAST# Roll #WEST#
1679573064334@SensorListener: #deviceiscorrectlyused#
1679573064485@SensorListener: Numbers: Azimuth #346# Pitch #-23# Roll #330#
1679573064486@SensorListener: Texts: Azimuth #NORTH# Pitch #EAST# Roll #NORTH#
1679573064487@SensorListener: #deviceiscorrectlyused#
1679573064708@SensorListener: Numbers: Azimuth #320# Pitch #-23# Roll #331#
1679573064861@SensorListener: Numbers: Azimuth #302# Pitch #-24# Roll #331#
1679573064862@SensorListener: Texts: Azimuth #WEST# Pitch #EAST# Roll #NORTH#
1679573064864@SensorListener: #deviceiscorrectlyused#
1679573065082@SensorListener: Numbers: Azimuth #311# Pitch #-32# Roll #346#
1679573065232@SensorListener: Numbers: Azimuth #341# Pitch #-33# Roll #343#
1679573065233@SensorListener: Texts: Azimuth #NORTH# Pitch #EAST# Roll #NORTH#
1679573065233@SensorListener: #deviceiscorrectlyused#
1679573065456@SensorListener: Numbers: Azimuth #7# Pitch #-56# Roll #309#
1679573065456@SensorListener: Texts: Azimuth #NORTH# Pitch #EAST# Roll #WEST#
1679573065456@SensorListener: #deviceiscorrectlyused#
1679573065605@SensorListener: Numbers: Azimuth #9# Pitch #-84# Roll #273#
1679573065831@SensorListener: Numbers: Azimuth #191# Pitch #-60# Roll #76#
1679573065832@SensorListener: Texts: Azimuth #SOUTH# Pitch #EAST# Roll #EAST#
1679573065833@SensorListener: #azimuthalert#
1679573065834@SensorListener: #pitchok#
1679573065834@SensorListener: #rollok#
1679573065981@SensorListener: Numbers: Azimuth #213# Pitch #-45# Roll #56#
1679573066205@SensorListener: Numbers: Azimuth #208# Pitch #-67# Roll #48#
1679573066355@SensorListener: Numbers: Azimuth #204# Pitch #-64# Roll #60#
1679573066593@SensorListener: Numbers: Azimuth #193# Pitch #-67# Roll #43#
1679573066594@SensorListener: Texts: Azimuth #SOUTH# Pitch #NORTH# Roll #NORTH#
1679573066596@SensorListener: #azimuthalert#
1679573066600@SensorListener: #pitchok#
1679573066600@SensorListener: #rollok#
1679573066733@SensorListener: Numbers: Azimuth #138# Pitch #-66# Roll #347#
1679573066963@SensorListener: Numbers: Azimuth #70# Pitch #-66# Roll #276#
1679573066965@SensorListener: Texts: Azimuth #EAST# Pitch #NORTH# Roll #WEST#
1679573066973@SensorListener: #deviceiscorrectlyused#
1679573067104@SensorListener: Numbers: Azimuth #54# Pitch #-69# Roll #238#
1679573067328@SensorListener: Numbers: Azimuth #42# Pitch #-66# Roll #239#
1679573067328@SensorListener: Texts: Azimuth #NORTH# Pitch #NORTH# Roll #WEST#
1679573067328@SensorListener: #deviceiscorrectlyused#
1679573067517@SensorListener: Numbers: Azimuth #46# Pitch #-62# Roll #279#
1679573067518@SensorListener: Texts: Azimuth #EAST# Pitch #NORTH# Roll #WEST#
1679573067518@SensorListener: #deviceiscorrectlyused#
1679573067704@SensorListener: Numbers: Azimuth #37# Pitch #-54# Roll #285#
1679573067704@SensorListener: Texts: Azimuth #NORTH# Pitch #NORTH# Roll #WEST#
1679573067704@SensorListener: #deviceiscorrectlyused#
1679573067928@SensorListener: Numbers: Azimuth #34# Pitch #-41# Roll #301#
1679573068116@SensorListener: Numbers: Azimuth #23# Pitch #-45# Roll #304#
1679573068304@SensorListener: Numbers: Azimuth #19# Pitch #-40# Roll #317#
1679573068304@SensorListener: Texts: Azimuth #NORTH# Pitch #EAST# Roll #NORTH#
1679573068305@SensorListener: #deviceiscorrectlyused#
1679573068518@SensorListener: Numbers: Azimuth #357# Pitch #-55# Roll #315#
1679573068520@SensorListener: Texts: Azimuth #NORTH# Pitch #EAST# Roll #NORTHWEST#
1679573068520@SensorListener: #deviceiscorrectlyused#
1679573068698@SensorListener: Numbers: Azimuth #325# Pitch #-49# Roll #299#
1679573068699@SensorListener: Texts: Azimuth #NORTH# Pitch #EAST# Roll #WEST#
1679573068700@SensorListener: #deviceiscorrectlyused#
1679573068833@SensorListener: Numbers: Azimuth #323# Pitch #-44# Roll #294#
1679573069014@SensorListener: Numbers: Azimuth #335# Pitch #-45# Roll #316#
1679573069015@SensorListener: Texts: Azimuth #NORTH# Pitch #NORTHEAST# Roll #NORTH#
1679573069016@SensorListener: #deviceiscorrectlyused#
1679573069202@SensorListener: Numbers: Azimuth #329# Pitch #-38# Roll #336#
1679573069202@SensorListener: Texts: Azimuth #NORTH# Pitch #EAST# Roll #NORTH#
1679573069202@SensorListener: #deviceiscorrectlyused#
1679573069426@SensorListener: Numbers: Azimuth #315# Pitch #-28# Roll #349#
1679573069426@SensorListener: Texts: Azimuth #NORTHWEST# Pitch #EAST# Roll #NORTH#
1679573069426@SensorListener: #deviceiscorrectlyused#
1679573069614@SensorListener: Numbers: Azimuth #312# Pitch #-38# Roll #0#
1679573069615@SensorListener: Texts: Azimuth #WEST# Pitch #EAST# Roll #NORTH#
1679573069615@SensorListener: #deviceiscorrectlyused#
1679573069802@SensorListener: Numbers: Azimuth #296# Pitch #-33# Roll #1#
1679573070006@SensorListener: Numbers: Azimuth #293# Pitch #-47# Roll #4#
1679573070006@SensorListener: Texts: Azimuth #WEST# Pitch #NORTH# Roll #NORTH#
1679573070007@SensorListener: #deviceiscorrectlyused#
1679573070194@SensorListener: Numbers: Azimuth #261# Pitch #-63# Roll #351#
1679573070333@SensorListener: Numbers: Azimuth #190# Pitch #-70# Roll #302#
1679573070334@SensorListener: Texts: Azimuth #SOUTH# Pitch #NORTH# Roll #WEST#
1679573070335@SensorListener: #azimuthalert#
1679573070336@SensorListener: #pitchok#
1679573070337@SensorListener: #rollok#
1679573070513@SensorListener: Numbers: Azimuth #153# Pitch #-68# Roll #279#
1679573070700@SensorListener: Numbers: Azimuth #140# Pitch #-68# Roll #275#
1679573070924@SensorListener: Numbers: Azimuth #185# Pitch #-69# Roll #322#
1679573070925@SensorListener: Texts: Azimuth #SOUTH# Pitch #NORTH# Roll #NORTH#
1679573070926@SensorListener: #azimuthalert#
1679573070926@SensorListener: #pitchok#
1679573070927@SensorListener: #rollok#
1679573071113@SensorListener: Numbers: Azimuth #242# Pitch #-59# Roll #6#
1679573071116@SensorListener: Texts: Azimuth #WEST# Pitch #NORTH# Roll #NORTH#
1679573071119@SensorListener: #deviceiscorrectlyused#
1679573071298@SensorListener: Numbers: Azimuth #265# Pitch #-36# Roll #10#
1679573071299@SensorListener: Texts: Azimuth #WEST# Pitch #EAST# Roll #NORTH#
1679573071300@SensorListener: #deviceiscorrectlyused#
1679573071505@SensorListener: Numbers: Azimuth #301# Pitch #-12# Roll #358#
1679573071691@SensorListener: Numbers: Azimuth #319# Pitch #-12# Roll #2#
1679573071692@SensorListener: Texts: Azimuth #NORTH# Pitch #EAST# Roll #NORTH#
1679573071692@SensorListener: #deviceiscorrectlyused#
1679573071834@SensorListener: Numbers: Azimuth #318# Pitch #-26# Roll #16#
1679573072017@SensorListener: Numbers: Azimuth #295# Pitch #-56# Roll #10#
1679573072020@SensorListener: Texts: Azimuth #WEST# Pitch #NORTH# Roll #NORTH#
1679573072021@SensorListener: #deviceiscorrectlyused#
1679573072198@SensorListener: Numbers: Azimuth #234# Pitch #-78# Roll #334#
1679573072423@SensorListener: Numbers: Azimuth #29# Pitch #-88# Roll #139#
1679573072423@SensorListener: Texts: Azimuth #NORTH# Pitch #NORTH# Roll #SOUTH#
1679573072424@SensorListener: #azimuthok#
1679573072425@SensorListener: #pitchok#
1679573072425@SensorListener: #rollalert#
1679573072610@SensorListener: Numbers: Azimuth #291# Pitch #-70# Roll #36#
1679573072611@SensorListener: Texts: Azimuth #WEST# Pitch #NORTH# Roll #NORTH#
1679573072613@SensorListener: #deviceiscorrectlyused#
1679573072796@SensorListener: Numbers: Azimuth #293# Pitch #-55# Roll #30#
1679573073020@SensorListener: Numbers: Azimuth #302# Pitch #-48# Roll #35#
1679573073208@SensorListener: Numbers: Azimuth #304# Pitch #-37# Roll #33#
1679573073208@SensorListener: Texts: Azimuth #WEST# Pitch #EAST# Roll #NORTH#
1679573073208@SensorListener: #deviceiscorrectlyused#
1679573073333@SensorListener: Numbers: Azimuth #300# Pitch #-26# Roll #355#
1679573073509@SensorListener: Numbers: Azimuth #328# Pitch #-28# Roll #336#
1679573073516@SensorListener: Texts: Azimuth #NORTH# Pitch #EAST# Roll #NORTH#
1679573073518@SensorListener: #deviceiscorrectlyused#
1679573073694@SensorListener: Numbers: Azimuth #334# Pitch #-26# Roll #330#
1679573073921@SensorListener: Numbers: Azimuth #332# Pitch #-25# Roll #326#
1679573074190@SensorListener: Numbers: Azimuth #336# Pitch #-26# Roll #325#
1679573074334@SensorListener: #calibrationdone#
1679573074337@SensorListener: Texts: Azimuth #NORTH# Pitch #EAST# Roll #NORTH#
1679573074338@SensorListener: Numbers: Azimuth #0# Pitch #-27# Roll #0#
1679573074533@SensorListener: Numbers: Azimuth #4# Pitch #-37# Roll #357#
1679573074706@SensorListener: Numbers: Azimuth #356# Pitch #-46# Roll #351#
1679573074707@SensorListener: Texts: Azimuth #NORTH# Pitch #NORTH# Roll #NORTH#
1679573074708@SensorListener: #deviceiscorrectlyused#
1679573074837@SensorListener: Numbers: Azimuth #347# Pitch #-53# Roll #343#
1679573075005@SensorListener: Numbers: Azimuth #329# Pitch #-46# Roll #336#
1679573075194@SensorListener: Numbers: Azimuth #322# Pitch #-43# Roll #325#
1679573075194@SensorListener: Texts: Azimuth #NORTH# Pitch #EAST# Roll #NORTH#
1679573075195@SensorListener: #deviceiscorrectlyused#
1679573075417@SensorListener: Numbers: Azimuth #347# Pitch #-32# Roll #6#
1679573075606@SensorListener: Numbers: Azimuth #345# Pitch #-28# Roll #3#
1679573075795@SensorListener: Numbers: Azimuth #18# Pitch #-44# Roll #34#
1679573076016@SensorListener: Numbers: Azimuth #355# Pitch #-52# Roll #27#
1679573076016@SensorListener: Texts: Azimuth #NORTH# Pitch #NORTH# Roll #NORTH#
1679573076017@SensorListener: #deviceiscorrectlyused#
1679573076203@SensorListener: Numbers: Azimuth #345# Pitch #-64# Roll #10#
1679573076342@SensorListener: Numbers: Azimuth #50# Pitch #-81# Roll #56#
1679573076343@SensorListener: Texts: Azimuth #EAST# Pitch #NORTH# Roll #EAST#
1679573076343@SensorListener: #deviceiscorrectlyused#
1679573076525@SensorListener: Numbers: Azimuth #19# Pitch #-71# Roll #27#
1679573076525@SensorListener: Texts: Azimuth #NORTH# Pitch #NORTH# Roll #NORTH#
1679573076526@SensorListener: #deviceiscorrectlyused#
1679573076710@SensorListener: Numbers: Azimuth #350# Pitch #-44# Roll #354#
1679573076712@SensorListener: Texts: Azimuth #NORTH# Pitch #EAST# Roll #NORTH#
1679573076716@SensorListener: #deviceiscorrectlyused#
1679573076915@SensorListener: Numbers: Azimuth #352# Pitch #-36# Roll #353#
1679573077103@SensorListener: Numbers: Azimuth #351# Pitch #-68# Roll #354#
1679573077105@SensorListener: Texts: Azimuth #NORTH# Pitch #NORTH# Roll #NORTH#
1679573077106@SensorListener: #deviceiscorrectlyused#
1679573077290@SensorListener: Numbers: Azimuth #1# Pitch #-84# Roll #23#
1679573077517@SensorListener: Numbers: Azimuth #153# Pitch #-69# Roll #181#
1679573077517@SensorListener: Texts: Azimuth #SOUTH# Pitch #NORTH# Roll #SOUTH#
1679573077518@SensorListener: #azimuthalert#
1679573077519@SensorListener: #pitchok#
1679573077520@SensorListener: #rollalert#
1679573077712@SensorListener: Numbers: Azimuth #126# Pitch #-75# Roll #173#
1679573077714@SensorListener: Texts: Azimuth #EAST# Pitch #NORTH# Roll #SOUTH#
1679573077720@SensorListener: #azimuthok#
1679573077721@SensorListener: #pitchok#
1679573077722@SensorListener: #rollalert#
1679573077833@SensorListener: Numbers: Azimuth #289# Pitch #-40# Roll #339#
1679573077834@SensorListener: Texts: Azimuth #WEST# Pitch #EAST# Roll #NORTH#
1679573077835@SensorListener: #deviceiscorrectlyused#
1679573078022@SensorListener: Numbers: Azimuth #315# Pitch #-24# Roll #340#
1679573078034@SensorListener: Texts: Azimuth #NORTHWEST# Pitch #EAST# Roll #NORTH#
1679573078038@SensorListener: #deviceiscorrectlyused#
1679573078208@SensorListener: Numbers: Azimuth #116# Pitch #-54# Roll #349#
1679573078209@SensorListener: Texts: Azimuth #EAST# Pitch #NORTH# Roll #NORTH#
1679573078209@SensorListener: #deviceiscorrectlyused#
1679573078415@SensorListener: Numbers: Azimuth #106# Pitch #-79# Roll #353#
1679573078600@SensorListener: Numbers: Azimuth #105# Pitch #-85# Roll #13#
1679573078788@SensorListener: Numbers: Azimuth #274# Pitch #-81# Roll #191#
1679573078793@SensorListener: Texts: Azimuth #WEST# Pitch #NORTH# Roll #SOUTH#
1679573078795@SensorListener: #azimuthok#
1679573078796@SensorListener: #pitchok#
1679573078809@SensorListener: #rollalert#
1679573079013@SensorListener: Numbers: Azimuth #116# Pitch #-70# Roll #62#
1679573079013@SensorListener: Texts: Azimuth #EAST# Pitch #NORTH# Roll #EAST#
1679573079014@SensorListener: #deviceiscorrectlyused#
1679573079199@SensorListener: Numbers: Azimuth #74# Pitch #-21# Roll #44#
1679573079200@SensorListener: Texts: Azimuth #EAST# Pitch #EAST# Roll #NORTH#
1679573079200@SensorListener: #deviceiscorrectlyused#
1679573079333@SensorListener: Numbers: Azimuth #54# Pitch #-45# Roll #58#
1679573079334@SensorListener: Texts: Azimuth #EAST# Pitch #EAST# Roll #EAST#
1679573079334@SensorListener: #deviceiscorrectlyused#
1679573079520@SensorListener: Numbers: Azimuth #51# Pitch #-47# Roll #50#
1679573079704@SensorListener: Numbers: Azimuth #23# Pitch #-52# Roll #37#
1679573079705@SensorListener: Texts: Azimuth #NORTH# Pitch #NORTH# Roll #NORTH#
1679573079705@SensorListener: #deviceiscorrectlyused#
1679573079912@SensorListener: Numbers: Azimuth #346# Pitch #-73# Roll #12#
1679573080099@SensorListener: Numbers: Azimuth #250# Pitch #-72# Roll #291#
1679573080100@SensorListener: Texts: Azimuth #WEST# Pitch #NORTH# Roll #WEST#
1679573080101@SensorListener: #deviceiscorrectlyused#
1679573080285@SensorListener: Numbers: Azimuth #220# Pitch #-58# Roll #274#
1679573080286@SensorListener: Texts: Azimuth #SOUTH# Pitch #NORTH# Roll #WEST#
1679573080287@SensorListener: #azimuthalert#
1679573080287@SensorListener: #pitchok#
1679573080288@SensorListener: #rollok#
1679573080512@SensorListener: Numbers: Azimuth #234# Pitch #-64# Roll #288#
1679573080513@SensorListener: Texts: Azimuth #WEST# Pitch #NORTH# Roll #WEST#
1679573080514@SensorListener: #deviceiscorrectlyused#
1679573080700@SensorListener: Numbers: Azimuth #332# Pitch #-67# Roll #14#
1679573080703@SensorListener: Texts: Azimuth #NORTH# Pitch #NORTH# Roll #NORTH#
1679573080704@SensorListener: #deviceiscorrectlyused#
1679573080834@SensorListener: Numbers: Azimuth #12# Pitch #-35# Roll #25#
1679573080835@SensorListener: Texts: Azimuth #NORTH# Pitch #EAST# Roll #NORTH#
1679573080837@SensorListener: #deviceiscorrectlyused#
1679573081016@SensorListener: Numbers: Azimuth #60# Pitch #-26# Roll #24#
1679573081016@SensorListener: Texts: Azimuth #EAST# Pitch #EAST# Roll #NORTH#
1679573081016@SensorListener: #deviceiscorrectlyused#
1679573081204@SensorListener: Numbers: Azimuth #51# Pitch #-34# Roll #3#
1679573081428@SensorListener: Numbers: Azimuth #68# Pitch #-15# Roll #11#
1679573081616@SensorListener: Numbers: Azimuth #80# Pitch #-13# Roll #16#
1679573081831@SensorListener: Numbers: Azimuth #78# Pitch #-25# Roll #2#
1679573082020@SensorListener: Numbers: Azimuth #86# Pitch #-32# Roll #357#
1679573082275@SensorListener: Numbers: Azimuth #89# Pitch #-36# Roll #357#
1679573082336@SensorListener: Numbers: Azimuth #91# Pitch #-34# Roll #356#
1679573082403@AppManagement: #onpause#
