1683989414460@DebuggableApplications: #Progetto Android#
1683989414479@DeveloperOptions: adb: #true# devops: #true#
1683989414485@Ptracer: #started#
1683989414495@UsbChecker: ischarg: #false# usbcharg: #false# accharg: #false#
1683989416478@SensorListener:#firstcalibrationdone#
1683989416478@SensorListener: #deviceiscorrectlyused#
1683989416674@SensorListener: #calibrationdone#
1683989416689@SensorListener: Texts: Azimuth #NORTH# Pitch #EAST# Roll #NORTH#
1683989416690@SensorListener: Numbers: Azimuth #0# Pitch #-24# Roll #0#
1683989416977@SensorListener: Numbers: Azimuth #359# Pitch #-22# Roll #3#
1683989417178@SensorListener: Numbers: Azimuth #0# Pitch #-23# Roll #8#
1683989417280@SensorListener: Numbers: Azimuth #359# Pitch #-23# Roll #6#
1683989417483@SensorListener: Numbers: Azimuth #0# Pitch #-24# Roll #4#
1683989417683@SensorListener: Numbers: Azimuth #358# Pitch #-27# Roll #359#
1683989417964@SensorListener: Numbers: Azimuth #352# Pitch #-31# Roll #347#
1683989418167@SensorListener: Numbers: Azimuth #348# Pitch #-26# Roll #339#
1683989418470@SensorListener: Numbers: Azimuth #356# Pitch #-14# Roll #6#
1683989418670@SensorListener: Numbers: Azimuth #354# Pitch #-17# Roll #13#
1683989418780@SensorListener: Numbers: Azimuth #357# Pitch #-13# Roll #15#
1683989418973@SensorListener: Numbers: Azimuth #1# Pitch #-6# Roll #14#
1683989419177@SensorListener: Numbers: Azimuth #1# Pitch #-7# Roll #12#
1683989419478@SensorListener: Numbers: Azimuth #1# Pitch #-12# Roll #6#
1683989419679@SensorListener: Numbers: Azimuth #3# Pitch #-14# Roll #4#
1683989419779@SensorListener: Numbers: Azimuth #359# Pitch #-13# Roll #5#
1683989419981@SensorListener: Numbers: Azimuth #358# Pitch #-14# Roll #3#
1683989420184@SensorListener: Numbers: Azimuth #358# Pitch #-19# Roll #1#
1683989420465@SensorListener: Numbers: Azimuth #357# Pitch #-18# Roll #2#
1683989420667@SensorListener: Numbers: Azimuth #357# Pitch #-16# Roll #2#
1683989420780@SensorListener: Numbers: Azimuth #356# Pitch #-16# Roll #2#
1683989420970@SensorListener: Numbers: Azimuth #353# Pitch #-17# Roll #2#
1683989421171@SensorListener: Numbers: Azimuth #354# Pitch #-16# Roll #7#
1683989421476@SensorListener: Numbers: Azimuth #348# Pitch #-14# Roll #9#
1683989421676@SensorListener: Numbers: Azimuth #342# Pitch #-14# Roll #6#
1683989421781@SensorListener: Numbers: Azimuth #341# Pitch #-16# Roll #4#
1683989421978@SensorListener: Numbers: Azimuth #340# Pitch #-16# Roll #6#
1683989422180@SensorListener: Numbers: Azimuth #339# Pitch #-12# Roll #13#
1683989422482@SensorListener: Numbers: Azimuth #333# Pitch #-12# Roll #13#
1683989422683@SensorListener: Numbers: Azimuth #333# Pitch #-12# Roll #23#
1683989422780@SensorListener: Numbers: Azimuth #339# Pitch #-10# Roll #24#
1683989422967@SensorListener: Numbers: Azimuth #342# Pitch #-10# Roll #24#
1683989423185@SensorListener: Numbers: Azimuth #341# Pitch #-10# Roll #23#
1683989423472@SensorListener: Numbers: Azimuth #341# Pitch #-9# Roll #22#
1683989423673@SensorListener: Numbers: Azimuth #340# Pitch #-10# Roll #21#
1683989423975@SensorListener: Numbers: Azimuth #340# Pitch #-9# Roll #20#
1683989424179@SensorListener: Numbers: Azimuth #341# Pitch #-9# Roll #20#
1683989424479@SensorListener: Numbers: Azimuth #341# Pitch #-8# Roll #20#
1683989424680@SensorListener: Numbers: Azimuth #341# Pitch #-9# Roll #19#
1683989424780@SensorListener: Numbers: Azimuth #341# Pitch #-13# Roll #12#
1683989424983@SensorListener: Numbers: Azimuth #356# Pitch #-14# Roll #3#
1683989425184@SensorListener: Numbers: Azimuth #357# Pitch #-19# Roll #336#
1683989425470@SensorListener: Numbers: Azimuth #324# Pitch #-45# Roll #283#
1683989425471@SensorListener: Texts: Azimuth #NORTH# Pitch #EAST# Roll #WEST#
1683989425471@SensorListener: #deviceiscorrectlyused#
1683989425671@SensorListener: Numbers: Azimuth #254# Pitch #-27# Roll #193#
1683989425672@SensorListener: Texts: Azimuth #WEST# Pitch #WEST# Roll #SOUTH#
1683989425673@SensorListener: #azimuthok#
1683989425674@SensorListener: #pitchalert#
1683989425675@SensorListener: #rollalert#
1683989425779@SensorListener: Numbers: Azimuth #277# Pitch #-1# Roll #182#
1683989425972@SensorListener: Numbers: Azimuth #276# Pitch #3# Roll #180#
1683989426175@SensorListener: Numbers: Azimuth #270# Pitch #-10# Roll #208#
1683989426479@SensorListener: Numbers: Azimuth #277# Pitch #-36# Roll #268#
1683989426482@SensorListener: Texts: Azimuth #WEST# Pitch #WEST# Roll #WEST#
1683989426482@SensorListener: #deviceiscorrectlyused#
1683989426677@SensorListener: Numbers: Azimuth #315# Pitch #-32# Roll #349#
1683989426678@SensorListener: Texts: Azimuth #NORTHWEST# Pitch #EAST# Roll #NORTH#
1683989426679@SensorListener: #azimuthok#
1683989426679@SensorListener: #pitchalert#
1683989426680@SensorListener: #rollok#
1683989426780@SensorListener: Numbers: Azimuth #342# Pitch #-22# Roll #0#
1683989426781@SensorListener: Texts: Azimuth #NORTH# Pitch #EAST# Roll #NORTH#
1683989426781@SensorListener: #deviceiscorrectlyused#
1683989426982@SensorListener: Numbers: Azimuth #6# Pitch #-18# Roll #8#
1683989427182@SensorListener: Numbers: Azimuth #21# Pitch #-28# Roll #9#
1683989427484@SensorListener: Numbers: Azimuth #25# Pitch #-46# Roll #355#
1683989427485@SensorListener: Texts: Azimuth #NORTH# Pitch #NORTH# Roll #NORTH#
1683989427486@SensorListener: #deviceiscorrectlyused#
1683989427686@SensorListener: Numbers: Azimuth #270# Pitch #-69# Roll #235#
1683989427687@SensorListener: Texts: Azimuth #WEST# Pitch #NORTH# Roll #WEST#
1683989427688@SensorListener: #deviceiscorrectlyused#
1683989427781@SensorListener: Numbers: Azimuth #238# Pitch #-27# Roll #178#
1683989427782@SensorListener: Texts: Azimuth #WEST# Pitch #WEST# Roll #SOUTH#
1683989427782@SensorListener: #azimuthok#
1683989427783@SensorListener: #pitchok#
1683989427785@SensorListener: #rollalert#
1683989427967@SensorListener: Numbers: Azimuth #263# Pitch #-3# Roll #175#
1683989428169@SensorListener: Numbers: Azimuth #264# Pitch #0# Roll #178#
1683989428473@SensorListener: Numbers: Azimuth #264# Pitch #-5# Roll #182#
1683989428675@SensorListener: Numbers: Azimuth #264# Pitch #-52# Roll #253#
1683989428677@SensorListener: Texts: Azimuth #WEST# Pitch #WEST# Roll #WEST#
1683989428678@SensorListener: #deviceiscorrectlyused#
1683989428779@SensorListener: Numbers: Azimuth #342# Pitch #-45# Roll #335#
1683989428780@SensorListener: Texts: Azimuth #NORTH# Pitch #NORTHEAST# Roll #NORTH#
1683989428781@SensorListener: #deviceiscorrectlyused#
1683989428977@SensorListener: Numbers: Azimuth #1# Pitch #-30# Roll #357#
1683989428978@SensorListener: Texts: Azimuth #NORTH# Pitch #EAST# Roll #NORTH#
1683989428978@SensorListener: #deviceiscorrectlyused#
1683989429178@SensorListener: Numbers: Azimuth #5# Pitch #-12# Roll #8#
1683989429481@SensorListener: Numbers: Azimuth #10# Pitch #-20# Roll #3#
1683989429681@SensorListener: Numbers: Azimuth #6# Pitch #-52# Roll #347#
1683989429682@SensorListener: Texts: Azimuth #NORTH# Pitch #NORTH# Roll #NORTH#
1683989429683@SensorListener: #deviceiscorrectlyused#
1683989429966@SensorListener: Numbers: Azimuth #307# Pitch #-74# Roll #274#
1683989429967@SensorListener: Texts: Azimuth #WEST# Pitch #NORTH# Roll #WEST#
1683989429968@SensorListener: #deviceiscorrectlyused#
1683989430177@SensorListener: Numbers: Azimuth #271# Pitch #-58# Roll #220#
1683989430179@SensorListener: Texts: Azimuth #WEST# Pitch #NORTH# Roll #SOUTH#
1683989430180@SensorListener: #azimuthok#
1683989430186@SensorListener: #pitchok#
1683989430187@SensorListener: #rollalert#
1683989430280@SensorListener: Numbers: Azimuth #226# Pitch #-3# Roll #161#
1683989430281@SensorListener: Texts: Azimuth #WEST# Pitch #WEST# Roll #SOUTH#
1683989430281@SensorListener: #azimuthok#
1683989430282@SensorListener: #pitchok#
1683989430283@SensorListener: #rollalert#
1683989430471@SensorListener: Numbers: Azimuth #267# Pitch #-3# Roll #168#
1683989430672@SensorListener: Numbers: Azimuth #269# Pitch #1# Roll #169#
1683989430973@SensorListener: Numbers: Azimuth #271# Pitch #5# Roll #168#
1683989431176@SensorListener: Numbers: Azimuth #269# Pitch #-20# Roll #200#
1683989431280@SensorListener: Numbers: Azimuth #301# Pitch #-59# Roll #289#
1683989431281@SensorListener: Texts: Azimuth #WEST# Pitch #WEST# Roll #WEST#
1683989431281@SensorListener: #deviceiscorrectlyused#
1683989431478@SensorListener: Numbers: Azimuth #325# Pitch #-44# Roll #354#
1683989431479@SensorListener: Texts: Azimuth #NORTH# Pitch #EAST# Roll #NORTH#
1683989431479@SensorListener: #azimuthok#
1683989431480@SensorListener: #pitchalert#
1683989431481@SensorListener: #rollok#
1683989431679@SensorListener: Numbers: Azimuth #316# Pitch #-37# Roll #8#
1683989431981@SensorListener: Numbers: Azimuth #317# Pitch #-55# Roll #12#
1683989431982@SensorListener: Texts: Azimuth #NORTH# Pitch #NORTH# Roll #NORTH#
1683989431982@SensorListener: #deviceiscorrectlyused#
1683989432183@SensorListener: Numbers: Azimuth #341# Pitch #-76# Roll #33#
1683989432280@SensorListener: Numbers: Azimuth #135# Pitch #-76# Roll #184#
1683989432280@SensorListener: Texts: Azimuth #SOUTHEAST# Pitch #NORTH# Roll #SOUTH#
1683989432281@SensorListener: #azimuthalert#
1683989432282@SensorListener: #pitchok#
1683989432283@SensorListener: #rollalert#
1683989432466@SensorListener: Numbers: Azimuth #140# Pitch #-54# Roll #180#
1683989432467@SensorListener: Texts:Azimuth #SOUTH# Pitch #NORTH# Roll #SOUTH#
1683989432470@SensorListener: #azimuthalert#
1683989432476@SensorListener: #pitchok#
1683989432477@SensorListener: #rollalert#
1683989432667@SensorListener:Numbers: Azimuth #142# Pitch #-39# Roll #183#
1683989432667@SensorListener: Texts: Azimuth #SOUTH# Pitch #WEST# Roll #SOUTH#
1683989432668@SensorListener: #azimuthalert#
1683989432668@SensorListener:#pitchok#
1683989432668@SensorListener: #rollalert#
1683989432970@SensorListener: Numbers: Azimuth #141# Pitch #-29# Roll #185#
1683989433172@SensorListener: Numbers: Azimuth #141# Pitch #-3# Roll #181#
1683989433280@SensorListener: Numbers: Azimuth #159# Pitch #2# Roll #177#
1683989433475@SensorListener: Numbers: Azimuth #178# Pitch #-20# Roll #184#
1683989433677@SensorListener: Numbers: Azimuth #199# Pitch #-60# Roll #204#
1683989433677@SensorListener: Texts: Azimuth #SOUTH# Pitch #NORTH# Roll #SOUTH#
1683989433678@SensorListener: #azimuthalert#
1683989433678@SensorListener: #pitchok#
1683989433686@SensorListener: #rollalert#
1683989433977@SensorListener: Numbers: Azimuth #337# Pitch #-62# Roll #350#
1683989433978@SensorListener: Texts: Azimuth #NORTH# Pitch #NORTH# Roll #NORTH#
1683989433978@SensorListener: #deviceiscorrectlyused#
1683989434181@SensorListener: Numbers: Azimuth #337# Pitch #-12# Roll #3#
1683989434182@SensorListener: Texts: Azimuth #NORTH# Pitch #EAST# Roll #NORTH#
1683989434183@SensorListener: #deviceiscorrectlyused#
1683989434281@SensorListener: Numbers: Azimuth #303# Pitch #-29# Roll #2#
1683989434282@SensorListener: Texts: Azimuth #WEST# Pitch #EAST# Roll #NORTH#
1683989434283@SensorListener: #deviceiscorrectlyused#
1683989434485@SensorListener: Numbers: Azimuth #307# Pitch #-76# Roll #354#
1683989434486@SensorListener: Texts: Azimuth #WEST# Pitch #NORTH# Roll #NORTH#
1683989434487@SensorListener: #deviceiscorrectlyused#
1683989434685@SensorListener: Numbers: Azimuth #139# Pitch #-66# Roll #171#
1683989434686@SensorListener: Texts: Azimuth #SOUTH# Pitch #NORTH# Roll #SOUTH#
1683989434687@SensorListener: #azimuthalert#
1683989434688@SensorListener: #pitchok#
1683989434689@SensorListener: #rollalert#
1683989434966@SensorListener: Numbers: Azimuth #143# Pitch #-40# Roll #170#
1683989434967@SensorListener: Texts: Azimuth #SOUTH# Pitch #WEST# Roll #SOUTH#
1683989434968@SensorListener: #azimuthalert#
1683989434969@SensorListener: #pitchok#
1683989434969@SensorListener: #rollalert#
1683989435167@SensorListener: Numbers: Azimuth #148# Pitch #-4# Roll #174#
1683989435280@SensorListener: Numbers: Azimuth #161# Pitch #4# Roll #178#
1683989435470@SensorListener: Numbers: Azimuth #165# Pitch #6# Roll #180#
1683989435671@SensorListener: Numbers: Azimuth #166# Pitch #4# Roll #182#
1683989435975@SensorListener: Numbers: Azimuth #170# Pitch #-6# Roll #185#
1683989436181@SensorListener: Numbers: Azimuth #173# Pitch #-19# Roll #192#
1683989436300@SensorListener: Numbers: Azimuth #200# Pitch #-46# Roll #218#
1683989436301@SensorListener: Texts: Azimuth #SOUTH# Pitch #NORTH# Roll #SOUTH#
1683989436301@SensorListener: #azimuthalert#
1683989436302@SensorListener: #pitchok#
1683989436303@SensorListener: #rollalert#
1683989436479@SensorListener: Numbers: Azimuth #282# Pitch #-64# Roll #306#
1683989436480@SensorListener: Texts: Azimuth #WEST# Pitch #NORTH# Roll #WEST#
1683989436481@SensorListener: #deviceiscorrectlyused#
1683989436680@SensorListener: Numbers: Azimuth #280# Pitch #-50# Roll #334#
1683989436680@SensorListener: Texts: Azimuth #WEST# Pitch #NORTH# Roll #NORTH#
1683989436681@SensorListener: #deviceiscorrectlyused#
1683989436984@SensorListener: Numbers: Azimuth #297# Pitch #-36# Roll #351#
1683989436985@SensorListener: Texts: Azimuth #WEST# Pitch #EAST# Roll #NORTH#
1683989436986@SensorListener: #deviceiscorrectlyused#
1683989437186@SensorListener: Numbers: Azimuth #303# Pitch #-30# Roll #1#
1683989437283@SensorListener: Numbers: Azimuth #305# Pitch #-38# Roll #0#
1683989437468@SensorListener: Numbers: Azimuth #295# Pitch #-69# Roll #346#
1683989437469@SensorListener: Texts: Azimuth #WEST# Pitch #NORTH# Roll #NORTH#
1683989437470@SensorListener: #deviceiscorrectlyused#
1683989437671@SensorListener: Numbers: Azimuth #156# Pitch #-78# Roll #199#
1683989437672@SensorListener: Texts: Azimuth #SOUTH# Pitch #NORTH# Roll #SOUTH#
1683989437672@SensorListener: #azimuthalert#
1683989437672@SensorListener: #pitchok#
1683989437673@SensorListener: #rollalert#
1683989437972@SensorListener: Numbers: Azimuth #142# Pitch #-34# Roll #168#
1683989437973@SensorListener: Texts: Azimuth #SOUTH# Pitch #WEST# Roll #SOUTH#
1683989437976@SensorListener: #azimuthalert#
1683989437978@SensorListener: #pitchok#
1683989437978@SensorListener: #rollalert#
1683989438173@SensorListener: Numbers: Azimuth #160# Pitch #-13# Roll #175#
1683989438280@SensorListener: Numbers: Azimuth #167# Pitch #-3# Roll #181#
1683989438477@SensorListener: Numbers: Azimuth #174# Pitch #-1# Roll #181#
1683989438677@SensorListener: Numbers: Azimuth #174# Pitch #-1# Roll #182#
1683989438980@SensorListener: Numbers: Azimuth #174# Pitch #0# Roll #183#
1683989439182@SensorListener: Numbers: Azimuth #174# Pitch #-1# Roll #183#
1683989439280@SensorListener: Numbers: Azimuth #176# Pitch #-9# Roll #185#
1683989439484@SensorListener: Numbers: Azimuth #175# Pitch #-12# Roll #185#
1683989439686@SensorListener: Numbers: Azimuth #174# Pitch #-10# Roll #185#
1683989439968@SensorListener: Numbers: Azimuth #177# Pitch #-14# Roll #186#
1683989440171@SensorListener: Numbers: Azimuth #190# Pitch #-35# Roll #198#
1683989440280@SensorListener: Numbers: Azimuth #332# Pitch #-65# Roll #335#
1683989440281@SensorListener: Texts: Azimuth #NORTH# Pitch #NORTH# Roll #NORTH#
1683989440282@SensorListener: #deviceiscorrectlyused#
1683989440473@SensorListener: Numbers: Azimuth #332# Pitch #-21# Roll #356#
1683989440475@SensorListener: Texts: Azimuth #NORTH# Pitch #EAST# Roll #NORTH#
1683989440478@SensorListener: #deviceiscorrectlyused#
1683989440675@SensorListener: Numbers: Azimuth #321# Pitch #-20# Roll #355#
1683989440976@SensorListener: Numbers: Azimuth #307# Pitch #-62# Roll #333#
1683989440977@SensorListener: Texts: Azimuth #WEST# Pitch #NORTH# Roll #NORTH#
1683989440977@SensorListener: #deviceiscorrectlyused#
1683989441177@SensorListener: Numbers: Azimuth #164# Pitch #-41# Roll #169#
1683989441178@SensorListener: Texts: Azimuth #SOUTH# Pitch #WEST# Roll #SOUTH#
1683989441178@SensorListener: #azimuthalert#
1683989441178@SensorListener: #pitchok#
1683989441178@SensorListener: #rollalert#
1683989441278@SensorListener: Numbers: Azimuth #180# Pitch #-1# Roll #164#
1683989441483@SensorListener: Numbers: Azimuth #199# Pitch #1# Roll #169#
1683989441682@SensorListener: Numbers: Azimuth #207# Pitch #-2# Roll #172#
1683989441963@SensorListener: Numbers: Azimuth #216# Pitch #-6# Roll #174#
1683989442165@SensorListener: Numbers: Azimuth #227# Pitch #-27# Roll #183#
1683989442166@SensorListener: Texts: Azimuth #WEST# Pitch #WEST# Roll #SOUTH#
1683989442166@SensorListener: #azimuthok#
1683989442166@SensorListener: #pitchok#
1683989442166@SensorListener: #rollalert#
1683989442470@SensorListener: Numbers: Azimuth #254# Pitch #-62# Roll #225#
1683989442471@SensorListener: Texts: Azimuth #WEST# Pitch #WEST# Roll #SOUTHWEST#
1683989442472@SensorListener: #azimuthok#
1683989442472@SensorListener: #pitchok#
1683989442473@SensorListener: #rollalert#
1683989442671@SensorListener: Numbers: Azimuth #351# Pitch #-40# Roll #353#
1683989442671@SensorListener: Texts: Azimuth #NORTH# Pitch #EAST# Roll #NORTH#
1683989442672@SensorListener: #azimuthok#
1683989442672@SensorListener: #pitchalert#
1683989442673@SensorListener: #rollok#
1683989442782@SensorListener: Numbers: Azimuth #341# Pitch #-18# Roll #6#
1683989442974@SensorListener: Numbers: Azimuth #335# Pitch #-59# Roll #4#
1683989442975@SensorListener: Texts: Azimuth #NORTH# Pitch #NORTH# Roll #NORTH#
1683989442977@SensorListener: #deviceiscorrectlyused#
1683989443175@SensorListener: Numbers: Azimuth #164# Pitch #-80# Roll #183#
1683989443175@SensorListener: Texts: Azimuth #SOUTH# Pitch #NORTH# Roll #SOUTH#
1683989443175@SensorListener: #azimuthalert#
1683989443176@SensorListener: #pitchok#
1683989443176@SensorListener: #rollalert#
1683989443477@SensorListener: Numbers: Azimuth #163# Pitch #-18# Roll #161#
1683989443478@SensorListener: Texts: Azimuth #SOUTH# Pitch #WEST# Roll #SOUTH#
1683989443478@SensorListener: #azimuthalert#
1683989443478@SensorListener: #pitchok#
1683989443479@SensorListener: #rollalert#
1683989443679@SensorListener: Numbers: Azimuth #188# Pitch #2# Roll #166#
1683989443780@SensorListener: Numbers: Azimuth #205# Pitch #-32# Roll #181#
1683989443984@SensorListener: Numbers: Azimuth #354# Pitch #-73# Roll #347#
1683989443985@SensorListener: Texts: Azimuth #NORTH# Pitch #NORTH# Roll #NORTH#
1683989443985@SensorListener: #deviceiscorrectlyused#
1683989444183@SensorListener: Numbers: Azimuth #326# Pitch #-55# Roll #352#
1683989444467@SensorListener: Numbers: Azimuth #322# Pitch #-35# Roll #359#
1683989444468@SensorListener: Texts: Azimuth #NORTH# Pitch #EAST# Roll #NORTH#
1683989444472@SensorListener: #deviceiscorrectlyused#
1683989444669@SensorListener: Numbers: Azimuth #289# Pitch #-26# Roll #355#
1683989444669@SensorListener: Texts: Azimuth #WEST# Pitch #EAST# Roll #NORTH#
1683989444670@SensorListener: #deviceiscorrectlyused#
1683989444786@SensorListener: Numbers: Azimuth #292# Pitch #-28# Roll #357#
1683989445004@SensorListener: Numbers: Azimuth #292# Pitch #-32# Roll #358#
1683989445173@SensorListener: Numbers: Azimuth #287# Pitch #-37# Roll #358#
1683989445452@AppManagement: #onpause#
