1678798752457 AppManagement: onResume
1678798752340 DeveloperOptions: adb: true devops: true
1678798752312 DebuggableApplications: Progetto Android
1678798753230 UsbChecker: ischarg: true usbcharg: false accharg: true
1678798754329 SensorListener: Device is correctly used
1678798754393 SensorListener: Calibration done
1678798754477 SensorListener: Texts: Azimuth NORTH Pitch NORTH Roll NORTH
1678798754478 SensorListener: Numbers: Azimuth 0 Pitch -51 Roll 0
1678798754750 SensorListener: Numbers: Azimuth 357 Pitch -52 Roll 357
1678798754765 SensorListener: Numbers: Azimuth 349 Pitch -55 Roll 346
1678798754983 SensorListener: Numbers: Azimuth 336 Pitch -55 Roll 335
1678798755153 SensorListener: Numbers: Azimuth 327 Pitch -56 Roll 330
1678798755340 SensorListener: Numbers: Azimuth 325 Pitch -57 Roll 330
1678798755472 SensorListener: Numbers: Azimuth 336 Pitch -55 Roll 343
1678798755658 SensorListener: Numbers: Azimuth 352 Pitch -58 Roll 356
1678798755844 SensorListener: Numbers: Azimuth 359 Pitch -56 Roll 5
1678798756068 SensorListener: Numbers: Azimuth 3 Pitch -56 Roll 9
1678798756255 SensorListener: Numbers: Azimuth 1 Pitch -56 Roll 7
1678798756482 SensorListener: Numbers: Azimuth 356 Pitch -59 Roll 0
1678798756667 SensorListener: Numbers: Azimuth 348 Pitch -62 Roll 350
1678798756855 SensorListener: Numbers: Azimuth 338 Pitch -63 Roll 337
1678798756966 SensorListener: Numbers: Azimuth 330 Pitch -62 Roll 327
1678798757155 SensorListener: Numbers: Azimuth 333 Pitch -62 Roll 328
1678798757342 SensorListener: Numbers: Azimuth 344 Pitch -65 Roll 339
1678798757566 SensorListener: Numbers: Azimuth 355 Pitch -66 Roll 352
1678798757753 SensorListener: Numbers: Azimuth 2 Pitch -63 Roll 6
1678798757978 SensorListener: Numbers: Azimuth 3 Pitch -56 Roll 11
1678798758165 SensorListener: Numbers: Azimuth 2 Pitch -54 Roll 12
1678798758353 SensorListener: Numbers: Azimuth 2 Pitch -52 Roll 13
1678798758464 SensorListener: Numbers: Azimuth 1 Pitch -53 Roll 11
1678798758651 SensorListener: Numbers: Azimuth 352 Pitch -56 Roll 358
1678798758839 SensorListener: Numbers: Azimuth 335 Pitch -61 Roll 335
1678798759067 SensorListener: Numbers: Azimuth 322 Pitch -58 Roll 316
1678798759251 SensorListener: Numbers: Azimuth 316 Pitch -50 Roll 305
1678798759252 SensorListener: Texts: Azimuth NORTH Pitch NORTH Roll WEST
1678798759253 SensorListener: Device is correctly used
1678798759475 SensorListener: Numbers: Azimuth 316 Pitch -43 Roll 303
1678798759663 SensorListener: Numbers: Azimuth 318 Pitch -39 Roll 308
1678798759850 SensorListener: Numbers: Azimuth 322 Pitch -40 Roll 322
1678798759850 SensorListener: Texts: Azimuth NORTH Pitch EAST Roll NORTH
1678798759851 SensorListener: Device is correctly used
1678798759981 SensorListener: Numbers: Azimuth 326 Pitch -43 Roll 339
1678798760169 SensorListener: Numbers: Azimuth 331 Pitch -44 Roll 352
1678798760357 SensorListener: Numbers: Azimuth 342 Pitch -44 Roll 2
1678798760569 SensorListener: Numbers: Azimuth 348 Pitch -42 Roll 7
1678798760749 SensorListener: Numbers: Azimuth 346 Pitch -44 Roll 359
1678798760973 SensorListener: Numbers: Azimuth 329 Pitch -46 Roll 328
1678798760974 SensorListener: Texts: Azimuth NORTH Pitch NORTH Roll NORTH
1678798760975 SensorListener: Device is correctly used
1678798761161 SensorListener: Numbers: Azimuth 328 Pitch -40 Roll 315
1678798761162 SensorListener: Texts: Azimuth NORTH Pitch NORTH Roll NORTHWEST
1678798761163 SensorListener: Device is correctly used
1678798761350 SensorListener: Numbers: Azimuth 330 Pitch -33 Roll 316
1678798761351 SensorListener: Texts: Azimuth NORTH Pitch EAST Roll NORTH
1678798761352 SensorListener: Device is correctly used
1678798761478 SensorListener: Numbers: Azimuth 339 Pitch -34 Roll 333
1678798761666 SensorListener: Numbers: Azimuth 338 Pitch -27 Roll 341
1678798761854 SensorListener: Numbers: Azimuth 342 Pitch -17 Roll 347
1678798762060 SensorListener: Numbers: Azimuth 348 Pitch -7 Roll 354
1678798762246 SensorListener: Numbers: Azimuth 352 Pitch 0 Roll 356
1678798762470 SensorListener: Numbers: Azimuth 356 Pitch 3 Roll 2
1678798762657 SensorListener: Numbers: Azimuth 355 Pitch -1 Roll 8
1678798762846 SensorListener: Numbers: Azimuth 356 Pitch -1 Roll 349
1678798762977 SensorListener: Numbers: Azimuth 354 Pitch -1 Roll 348
1678798762984 GnuDebugger_GDB: Debugger found
