1682863017074@DebuggableApplications: #Progetto Android#
1682863017095@DeveloperOptions: adb: #true# devops: #true#
1682863017109@UsbChecker: ischarg: #false# usbcharg: #false# accharg: #false#
1682863017111@Ptracer: #started#
1682863019093@SensorListener:#firstcalibrationdone#
1682863019093@SensorListener: #deviceiscorrectlyused#
1682863019135@SensorListener: #calibrationdone#
1682863019150@SensorListener: Texts: Azimuth #NORTH# Pitch #EAST# Roll #NORTH#
1682863019151@SensorListener: Numbers: Azimuth #0# Pitch #-18# Roll #0#
1682863019339@SensorListener: Numbers: Azimuth #0# Pitch #-18# Roll #359#
1682863019943@SensorListener: Numbers: Azimuth #0# Pitch #-19# Roll #359#
1682863020548@SensorListener: Numbers: Azimuth #359# Pitch #-20# Roll #359#
1682863020749@SensorListener: Numbers: Azimuth #359# Pitch #-21# Roll #357#
1682863020952@SensorListener: Numbers: Azimuth #358# Pitch #-22# Roll #356#
1682863020970@SensorListener: Numbers: Azimuth #357# Pitch #-22# Roll #356#
1682863021356@SensorListener: Numbers: Azimuth #357# Pitch #-23# Roll #354#
1682863021556@SensorListener: Numbers: Azimuth #355# Pitch #-22# Roll #351#
1682863021759@SensorListener: Numbers: Azimuth #354# Pitch #-22# Roll #351#
1682863021775@SensorListener: Numbers: Azimuth #351# Pitch #-22# Roll #350#
1682863021960@SensorListener: Numbers: Azimuth #348# Pitch #-22# Roll #345#
1682863022163@SensorListener: Numbers: Azimuth #350# Pitch #-22# Roll #348#
1682863022363@SensorListener: Numbers: Azimuth #350# Pitch #-20# Roll #349#
1682863022565@SensorListener: Numbers: Azimuth #349# Pitch #-23# Roll #347#
1682863022569@SensorListener: Numbers: Azimuth #350# Pitch #-25# Roll #348#
1682863022767@SensorListener: Numbers: Azimuth #351# Pitch #-28# Roll #349#
1682863022969@SensorListener: Numbers: Azimuth #352# Pitch #-34# Roll #348#
1682863023171@SensorListener: Numbers: Azimuth #352# Pitch #-41# Roll #348#
1682863023372@SensorListener: Numbers: Azimuth #353# Pitch #-45# Roll #347#
1682863023372@SensorListener: Texts: Azimuth #NORTH# Pitch #NORTHEAST# Roll #NORTH#
1682863023373@SensorListener: #deviceiscorrectlyused#
1682863023377@SensorListener: Numbers: Azimuth #353# Pitch #-52# Roll #345#
1682863023377@SensorListener: Texts: Azimuth #NORTH# Pitch #NORTH# Roll #NORTH#
1682863023388@SensorListener:#deviceiscorrectlyused#
1682863023575@SensorListener: Numbers: Azimuth #354# Pitch #-59# Roll #345#
1682863023776@SensorListener: Numbers: Azimuth #353# Pitch #-71# Roll #344#
1682863023976@SensorListener: Numbers: Azimuth #354# Pitch #-81# Roll #345#
1682863024178@SensorListener: Numbers: Azimuth #358# Pitch #-85# Roll #348#
1682863024204@SensorListener: Numbers: Azimuth #285# Pitch #-88# Roll #275#
1682863024205@SensorListener: Texts: Azimuth #WEST# Pitch #NORTH# Roll #WEST#
1682863024205@SensorListener: #deviceiscorrectlyused#
1682863024381@SensorListener: Numbers: Azimuth #198# Pitch #-82# Roll #186#
1682863024381@SensorListener: Texts: Azimuth #SOUTH# Pitch #NORTH# Roll #SOUTH#
1682863024382@SensorListener: #azimuthalert#
1682863024382@SensorListener: #pitchok#
1682863024383@SensorListener: #rollalert#
1682863024582@SensorListener: Numbers: Azimuth #188# Pitch #-76# Roll #175#
1682863024786@SensorListener: Numbers: Azimuth #189# Pitch #-71# Roll #174#
1682863024986@SensorListener: Numbers: Azimuth #194# Pitch #-75# Roll #178#
1682863025001@SensorListener: Numbers: Azimuth #207# Pitch #-83# Roll #194#
1682863025187@SensorListener: Numbers: Azimuth #349# Pitch #-70# Roll #335#
1682863025188@SensorListener: Texts: Azimuth #NORTH# Pitch #NORTH# Roll #NORTH#
1682863025188@SensorListener: #deviceiscorrectlyused#
1682863025389@SensorListener: Numbers: Azimuth #1# Pitch #-49# Roll #346#
1682863025596@SensorListener: Numbers: Azimuth #5# Pitch #-35# Roll #352#
1682863025596@SensorListener: Texts: Azimuth #NORTH# Pitch #EAST# Roll #NORTH#
1682863025598@SensorListener: #deviceiscorrectlyused#
1682863025794@SensorListener: Numbers: Azimuth #4# Pitch #-26# Roll #356#
1682863025798@SensorListener: Numbers: Azimuth #359# Pitch #-27# Roll #356#
1682863026006@SensorListener: Numbers: Azimuth #0# Pitch #-28# Roll #357#
1682863026209@SensorListener: Numbers: Azimuth #1# Pitch #-32# Roll #0#
1682863026246@AppManagement: #onpause#
