1682243139200@DebuggableApplications: #Progetto Android#
1682243139218@DeveloperOptions: adb: #true# devops: #true#
1682243139220@Ptracer: #started#
1682243139232@UsbChecker: ischarg: #false# usbcharg: #false# accharg: #false#
1682243141213@SensorListener: #firstcalibrationdone#
1682243141213@SensorListener: #deviceiscorrectlyused#
1682243141231@SensorListener: #calibrationdone#
1682243141311@SensorListener: Texts: Azimuth #NORTH# Pitch #NORTH# Roll #NORTH#
1682243141311@SensorListener: Numbers: Azimuth #0# Pitch #-58# Roll #0#
1682243141433@SensorListener: Numbers: Azimuth #356# Pitch #-58# Roll #354#
1682243141634@SensorListener: Numbers: Azimuth #347# Pitch #-54# Roll #342#
1682243142099@SensorListener: Numbers: Azimuth #341# Pitch #-50# Roll #334#
1682243142105@SensorListener: Numbers: Azimuth #339# Pitch #-41# Roll #331#
1682243142107@SensorListener: Texts: Azimuth #NORTH# Pitch #EAST# Roll #NORTH#
1682243142110@SensorListener: #deviceiscorrectlyused#
1682243142176@SensorListener: Numbers: Azimuth #335# Pitch #-32# Roll #327#
1682243142341@SensorListener: Numbers: Azimuth #335# Pitch #-30# Roll #330#
1682243142544@SensorListener: Numbers: Azimuth #347# Pitch #-44# Roll #354#
1682243142826@SensorListener: Numbers: Azimuth #343# Pitch #-49# Roll #14#
1682243142828@SensorListener: Texts: Azimuth #NORTH# Pitch #NORTH# Roll #NORTH#
1682243142829@SensorListener: #deviceiscorrectlyused#
1682243143027@SensorListener: Numbers: Azimuth #348# Pitch #-42# Roll #23#
1682243143028@SensorListener: Texts: Azimuth #NORTH# Pitch #EAST# Roll #NORTH#
1682243143028@SensorListener: #deviceiscorrectlyused#
1682243143140@SensorListener: Numbers: Azimuth #350# Pitch #-35# Roll #10#
1682243143330@SensorListener: Numbers: Azimuth #352# Pitch #-45# Roll #356#
1682243143331@SensorListener: Texts: Azimuth #NORTH# Pitch #NORTHEAST# Roll #NORTH#
1682243143332@SensorListener: #deviceiscorrectlyused#
1682243143530@SensorListener: Numbers: Azimuth #338# Pitch #-36# Roll #312#
1682243143531@SensorListener: Texts: Azimuth #NORTH# Pitch #NORTHEAST# Roll #WEST#
1682243143533@SensorListener: #deviceiscorrectlyused#
1682243143835@SensorListener: Numbers: Azimuth #331# Pitch #-25# Roll #294#
1682243144037@SensorListener: Numbers: Azimuth #338# Pitch #-23# Roll #303#
1682243144139@SensorListener: Numbers: Azimuth #344# Pitch #-26# Roll #325#
1682243144139@SensorListener: Texts: Azimuth #NORTH# Pitch #EAST# Roll #NORTH#
1682243144140@SensorListener: #deviceiscorrectlyused#
1682243144343@SensorListener: Numbers: Azimuth #339# Pitch #-40# Roll #350#
1682243144539@SensorListener: Numbers: Azimuth #330# Pitch #-45# Roll #15#
1682243144539@SensorListener: Texts: Azimuth #NORTH# Pitch #NORTHEAST# Roll #NORTH#
1682243144539@SensorListener: #deviceiscorrectlyused#
1682243144841@SensorListener: Numbers: Azimuth #329# Pitch #-41# Roll #26#
1682243144841@SensorListener: Texts: Azimuth #NORTH# Pitch #EAST# Roll #NORTH#
1682243144842@SensorListener: #deviceiscorrectlyused#
1682243145044@SensorListener: Numbers: Azimuth #327# Pitch #-44# Roll #26#
1682243145325@SensorListener: Numbers: Azimuth #325# Pitch #-49# Roll #18#
1682243145325@SensorListener: Texts: Azimuth #NORTH# Pitch #NORTH# Roll #NORTH#
1682243145325@SensorListener: #deviceiscorrectlyused#
1682243145528@SensorListener: Numbers: Azimuth #320# Pitch #-49# Roll #10#
1682243145643@SensorListener: Numbers: Azimuth #311# Pitch #-44# Roll #358#
1682243145643@SensorListener: Texts: Azimuth #WEST# Pitch #EAST# Roll #NORTH#
1682243145644@SensorListener: #deviceiscorrectlyused#
1682243145830@SensorListener: Numbers: Azimuth #302# Pitch #-32# Roll #346#
1682243146031@SensorListener: Numbers: Azimuth #297# Pitch #-29# Roll #341#
1682243146335@SensorListener: Numbers: Azimuth #292# Pitch #-46# Roll #347#
1682243146336@SensorListener: Texts: Azimuth #WEST# Pitch #NORTH# Roll #NORTH#
1682243146336@SensorListener: #deviceiscorrectlyused#
1682243146538@SensorListener: Numbers: Azimuth #282# Pitch #-54# Roll #349#
1682243146640@SensorListener: Numbers: Azimuth #271# Pitch #-62# Roll #354#
1682243146839@SensorListener: Numbers: Azimuth #266# Pitch #-65# Roll #1#
1682243147040@SensorListener: Numbers: Azimuth #264# Pitch #-72# Roll #6#
1682243147343@SensorListener: Numbers: Azimuth #264# Pitch #-74# Roll #12#
1682243147545@SensorListener: Numbers: Azimuth #267# Pitch #-74# Roll #19#
1682243147640@SensorListener: Numbers: Azimuth #276# Pitch #-77# Roll #32#
1682243147827@SensorListener: Numbers: Azimuth #278# Pitch #-77# Roll #43#
1682243148029@SensorListener: Numbers: Azimuth #271# Pitch #-65# Roll #41#
1682243148332@SensorListener: Numbers: Azimuth #282# Pitch #-45# Roll #48#
1682243148333@SensorListener: Texts: Azimuth #WEST# Pitch #NORTH# Roll #EAST#
1682243148334@SensorListener: #deviceiscorrectlyused#
1682243148533@SensorListener: Numbers: Azimuth #277# Pitch #-32# Roll #42#
1682243148533@SensorListener: Texts: Azimuth #WEST# Pitch #EAST# Roll #NORTH#
1682243148534@SensorListener: #deviceiscorrectlyused#
1682243148639@SensorListener: Numbers: Azimuth #291# Pitch #-35# Roll #30#
1682243148839@SensorListener: Numbers: Azimuth #308# Pitch #-34# Roll #29#
1682243149038@SensorListener: Numbers: Azimuth #319# Pitch #-26# Roll #25#
1682243149039@SensorListener: Texts: Azimuth #NORTH# Pitch #EAST# Roll #NORTH#
1682243149040@SensorListener: #deviceiscorrectlyused#
1682243149341@SensorListener: Numbers: Azimuth #323# Pitch #-13# Roll #21#
1682243149544@SensorListener: Numbers: Azimuth #324# Pitch #-7# Roll #25#
1682243149640@SensorListener: Numbers: Azimuth #320# Pitch #-1# Roll #26#
1682243149847@SensorListener: Numbers: Azimuth #320# Pitch #1# Roll #27#
1682243150044@SensorListener: Numbers: Azimuth #320# Pitch #-1# Roll #22#
1682243150327@SensorListener: Numbers: Azimuth #322# Pitch #-2# Roll #3#
1682243150530@SensorListener: Numbers: Azimuth #318# Pitch #-2# Roll #353#
1682243150643@SensorListener: Numbers: Azimuth #315# Pitch #-2# Roll #353#
1682243150644@SensorListener: Texts: Azimuth #NORTHWEST# Pitch #EAST# Roll #NORTH#
1682243150644@SensorListener: #deviceiscorrectlyused#
1682243150833@SensorListener: Numbers: Azimuth #315# Pitch #-1# Roll #353#
1682243151541@SensorListener: Numbers: Azimuth #315# Pitch #0# Roll #352#
1682243151839@SensorListener: Numbers: Azimuth #315# Pitch #1# Roll #351#
1682243153332@SensorListener: Numbers: Azimuth #315# Pitch #2# Roll #351#
1682243154040@SensorListener: Numbers: Azimuth #314# Pitch #5# Roll #358#
1682243154041@SensorListener: Texts: Azimuth #WEST# Pitch #EAST# Roll #NORTH#
1682243154041@SensorListener: #deviceiscorrectlyused#
1682243154342@SensorListener: Numbers: Azimuth #327# Pitch #-5# Roll #18#
1682243154343@SensorListener: Texts: Azimuth #NORTH# Pitch #EAST# Roll #NORTH#
1682243154344@SensorListener: #deviceiscorrectlyused#
1682243154547@SensorListener: Numbers: Azimuth #329# Pitch #-27# Roll #11#
1682243154639@SensorListener: Numbers: Azimuth #313# Pitch #-40# Roll #341#
1682243154639@SensorListener: Texts: Azimuth #WEST# Pitch #EAST# Roll #NORTH#
1682243154639@SensorListener: #deviceiscorrectlyused#
1682243154829@SensorListener: Numbers: Azimuth #305# Pitch #-28# Roll #308#
1682243154830@SensorListener: Texts: Azimuth #WEST# Pitch #EAST# Roll #WEST#
1682243154831@SensorListener: #deviceiscorrectlyused#
1682243155027@SensorListener: Numbers: Azimuth #320# Pitch #-23# Roll #335#
1682243155028@SensorListener: Texts: Azimuth #NORTH# Pitch #EAST# Roll #NORTH#
1682243155028@SensorListener: #deviceiscorrectlyused#
1682243155330@SensorListener: Numbers: Azimuth #324# Pitch #-15# Roll #4#
1682243155533@SensorListener: Numbers: Azimuth #332# Pitch #-3# Roll #9#
1682243155641@SensorListener: Numbers: Azimuth #333# Pitch #3# Roll #6#
1682243155836@SensorListener: Numbers: Azimuth #330# Pitch #2# Roll #1#
1682243156036@SensorListener: Numbers: Azimuth #329# Pitch #1# Roll #358#
1682243156339@SensorListener: Numbers: Azimuth #329# Pitch #1# Roll #353#
1682243156540@SensorListener: Numbers: Azimuth #326# Pitch #0# Roll #349#
1682243156639@SensorListener: Numbers: Azimuth #322# Pitch #1# Roll #349#
1682243156842@SensorListener: Numbers: Azimuth #320# Pitch #1# Roll #349#
1682243157327@SensorListener: Numbers: Azimuth #320# Pitch #1# Roll #350#
1682243158032@SensorListener: Numbers: Azimuth #320# Pitch #1# Roll #351#
1682243158536@SensorListener: Numbers: Azimuth #320# Pitch #2# Roll #351#
1682243161139@SensorListener: Numbers: Azimuth #319# Pitch #4# Roll #0#
1682243161340@SensorListener: Numbers: Azimuth #319# Pitch #6# Roll #12#
1682243161542@SensorListener: Numbers: Azimuth #325# Pitch #-10# Roll #13#
1682243161843@SensorListener: Numbers: Azimuth #312# Pitch #-43# Roll #351#
1682243161844@SensorListener: Texts: Azimuth #WEST# Pitch #EAST# Roll #NORTH#
1682243161844@SensorListener: #deviceiscorrectlyused#
1682243162046@SensorListener: Numbers: Azimuth #285# Pitch #-44# Roll #302#
1682243162046@SensorListener: Texts: Azimuth #WEST# Pitch #EAST# Roll #WEST#
1682243162047@SensorListener: #deviceiscorrectlyused#
1682243162144@SensorListener: Numbers: Azimuth #284# Pitch #-27# Roll #279#
1682243162328@SensorListener: Numbers: Azimuth #286# Pitch #-22# Roll #289#
1682243162532@SensorListener: Numbers: Azimuth #304# Pitch #-46# Roll #323#
1682243162533@SensorListener: Texts: Azimuth #WEST# Pitch #NORTH# Roll #NORTH#
1682243162534@SensorListener: #deviceiscorrectlyused#
1682243162833@SensorListener: Numbers: Azimuth #328# Pitch #-38# Roll #6#
1682243162834@SensorListener: Texts: Azimuth #NORTH# Pitch #EAST# Roll #NORTH#
1682243162834@SensorListener: #deviceiscorrectlyused#
1682243163035@SensorListener: Numbers: Azimuth #340# Pitch #-23# Roll #18#
1682243163138@SensorListener: Numbers: Azimuth #349# Pitch #-29# Roll #33#
1682243163340@SensorListener: Numbers: Azimuth #357# Pitch #-50# Roll #28#
1682243163341@SensorListener: Texts: Azimuth #NORTH# Pitch #NORTH# Roll #NORTH#
1682243163341@SensorListener: #deviceiscorrectlyused#
1682243163540@SensorListener: Numbers: Azimuth #353# Pitch #-47# Roll #316#
1682243163840@SensorListener: Numbers: Azimuth #356# Pitch #-9# Roll #325#
1682243163840@SensorListener: Texts: Azimuth #NORTH# Pitch #EAST# Roll #NORTH#
1682243163840@SensorListener: #deviceiscorrectlyused#
1682243164043@SensorListener: Numbers: Azimuth #333# Pitch #-2# Roll #328#
1682243164138@SensorListener: Numbers: Azimuth #324# Pitch #-22# Roll #319#
1682243164325@SensorListener: Numbers: Azimuth #321# Pitch #-55# Roll #318#
1682243164325@SensorListener: Texts: Azimuth #NORTH# Pitch #NORTH# Roll #NORTH#
1682243164325@SensorListener: #deviceiscorrectlyused#
1682243164526@SensorListener: Numbers: Azimuth #340# Pitch #-72# Roll #341#
1682243164830@SensorListener: Numbers: Azimuth #4# Pitch #-62# Roll #19#
1682243165030@SensorListener: Numbers: Azimuth #326# Pitch #-38# Roll #347#
1682243165030@SensorListener: Texts: Azimuth #NORTH# Pitch #EAST# Roll #NORTH#
1682243165030@SensorListener: #deviceiscorrectlyused#
1682243165145@SensorListener: Numbers: Azimuth #325# Pitch #-38# Roll #338#
1682243165335@SensorListener: Numbers: Azimuth #339# Pitch #-48# Roll #331#
1682243165336@SensorListener: Texts: Azimuth #NORTH# Pitch #NORTH# Roll #NORTH#
1682243165338@SensorListener: #deviceiscorrectlyused#
1682243165537@SensorListener: Numbers: Azimuth #349# Pitch #-44# Roll #328#
1682243165538@SensorListener: Texts: Azimuth #NORTH# Pitch #EAST# Roll #NORTH#
1682243165543@SensorListener: #deviceiscorrectlyused#
1682243165838@SensorListener: Numbers: Azimuth #351# Pitch #-16# Roll #348#
1682243166040@SensorListener: Numbers: Azimuth #331# Pitch #0# Roll #354#
1682243166140@SensorListener: Numbers: Azimuth #328# Pitch #-1# Roll #351#
1682243166341@SensorListener: Numbers: Azimuth #325# Pitch #-2# Roll #348#
1682243166543@SensorListener: Numbers: Azimuth #323# Pitch #-2# Roll #348#
1682243167027@SensorListener: Numbers: Azimuth #323# Pitch #-1# Roll #348#
1682243167140@SensorListener: Numbers: Azimuth #323# Pitch #0# Roll #349#
1682243167334@SensorListener: Numbers: Azimuth #323# Pitch #0# Roll #350#
1682243167834@SensorListener: Numbers: Azimuth #323# Pitch #1# Roll #351#
1682243168842@SensorListener: Numbers: Azimuth #323# Pitch #2# Roll #351#
1682243174045@SensorListener: Numbers: Azimuth #322# Pitch #5# Roll #6#
1682243174328@SensorListener: Numbers: Azimuth #313# Pitch #-32# Roll #352#
1682243174328@SensorListener: Texts: Azimuth #WEST# Pitch #EAST# Roll #NORTH#
1682243174328@SensorListener: #deviceiscorrectlyused#
1682243174530@SensorListener: Numbers: Azimuth #283# Pitch #-25# Roll #296#
1682243174531@SensorListener: Texts: Azimuth #WEST# Pitch #EAST# Roll #WEST#
1682243174531@SensorListener: #deviceiscorrectlyused#
1682243174640@SensorListener: Numbers: Azimuth #297# Pitch #-7# Roll #310#
1682243174834@SensorListener: Numbers: Azimuth #288# Pitch #-12# Roll #337#
1682243174835@SensorListener: Texts: Azimuth #WEST# Pitch #EAST# Roll #NORTH#
1682243174836@SensorListener: #deviceiscorrectlyused#
1682243175034@SensorListener: Numbers: Azimuth #290# Pitch #-29# Roll #2#
1682243175336@SensorListener: Numbers: Azimuth #295# Pitch #4# Roll #12#
1682243175539@SensorListener: Numbers: Azimuth #293# Pitch #-11# Roll #28#
1682243175640@SensorListener: Numbers: Azimuth #283# Pitch #-33# Roll #29#
1682243175842@SensorListener: Numbers: Azimuth #270# Pitch #-42# Roll #15#
1682243176042@SensorListener: Numbers: Azimuth #273# Pitch #-54# Roll #14#
1682243176042@SensorListener: Texts: Azimuth #WEST# Pitch #NORTH# Roll #NORTH#
1682243176043@SensorListener: #deviceiscorrectlyused#
1682243176325@SensorListener: Numbers: Azimuth #265# Pitch #-49# Roll #7#
1682243176527@SensorListener: Numbers: Azimuth #274# Pitch #-38# Roll #19#
1682243176528@SensorListener: Texts: Azimuth #WEST# Pitch #EAST# Roll #NORTH#
1682243176528@SensorListener: #deviceiscorrectlyused#
1682243176639@SensorListener: Numbers: Azimuth #272# Pitch #-46# Roll #30#
1682243176639@SensorListener: Texts: Azimuth #WEST# Pitch #NORTH# Roll #NORTH#
1682243176639@SensorListener: #deviceiscorrectlyused#
1682243176829@SensorListener: Numbers: Azimuth #258# Pitch #-53# Roll #19#
1682243177038@SensorListener: Numbers: Azimuth #260# Pitch #-51# Roll #6#
1682243177334@SensorListener: Numbers: Azimuth #277# Pitch #-40# Roll #2#
1682243177335@SensorListener: Texts: Azimuth #WEST# Pitch #EAST# Roll #NORTH#
1682243177336@SensorListener: #deviceiscorrectlyused#
1682243177536@SensorListener: Numbers: Azimuth #286# Pitch #-22# Roll #4#
1682243177642@SensorListener: Numbers: Azimuth #277# Pitch #-24# Roll #7#
1682243177838@SensorListener: Numbers: Azimuth #277# Pitch #-26# Roll #9#
1682243178039@SensorListener: Numbers: Azimuth #279# Pitch #-27# Roll #10#
1682243178341@SensorListener: Numbers: Azimuth #280# Pitch #-27# Roll #11#
1682243178543@SensorListener: Numbers: Azimuth #281# Pitch #-27# Roll #11#
1682243178639@SensorListener: Numbers: Azimuth #280# Pitch #-29# Roll #10#
1682243178825@SensorListener: Numbers: Azimuth #285# Pitch #-36# Roll #15#
1682243179027@SensorListener: Numbers: Azimuth #295# Pitch #-53# Roll #31#
1682243179027@SensorListener: Texts: Azimuth #WEST# Pitch #NORTH# Roll #NORTH#
1682243179029@SensorListener: #deviceiscorrectlyused#
1682243179229@SensorListener: Numbers: Azimuth #270# Pitch #-46# Roll #17#
1682243179428@SensorListener: Numbers: Azimuth #286# Pitch #-52# Roll #39#
1682243179630@SensorListener: Numbers: Azimuth #281# Pitch #-38# Roll #54#
1682243179631@SensorListener: Texts: Azimuth #WEST# Pitch #NORTH# Roll #EAST#
1682243179631@SensorListener: #deviceiscorrectlyused#
1682243179832@SensorListener: Numbers: Azimuth #254# Pitch #-9# Roll #29#
1682243179833@SensorListener: Texts: Azimuth #WEST# Pitch #EAST# Roll #NORTH#
1682243179834@SensorListener: #deviceiscorrectlyused#
1682243180034@SensorListener: Numbers: Azimuth #284# Pitch #-18# Roll #34#
1682243180235@SensorListener: Numbers: Azimuth #275# Pitch #-41# Roll #30#
1682243180437@SensorListener: Numbers: Azimuth #260# Pitch #-45# Roll #17#
1682243180438@SensorListener: Texts: Azimuth #WEST# Pitch #NORTHEAST# Roll #NORTH#
1682243180439@SensorListener: #deviceiscorrectlyused#
1682243180644@SensorListener: Numbers: Azimuth #249# Pitch #-51# Roll #357#
1682243180646@SensorListener: Texts: Azimuth #WEST# Pitch #NORTH# Roll #NORTH#
1682243180647@SensorListener: #deviceiscorrectlyused#
1682243180840@SensorListener: Numbers: Azimuth #269# Pitch #-55# Roll #3#
1682243181042@SensorListener: Numbers: Azimuth #303# Pitch #-43# Roll #25#
1682243181043@SensorListener: Texts: Azimuth #WEST# Pitch #EAST# Roll #NORTH#
1682243181043@SensorListener: #deviceiscorrectlyused#
1682243181245@SensorListener: Numbers: Azimuth #324# Pitch #-24# Roll #37#
1682243181245@SensorListener: Texts: Azimuth #NORTH# Pitch #EAST# Roll #NORTH#
1682243181246@SensorListener: #deviceiscorrectlyused#
1682243181445@SensorListener: Numbers: Azimuth #313# Pitch #-8# Roll #43#
1682243181446@SensorListener: Texts: Azimuth #WEST# Pitch #EAST# Roll #NORTH#
1682243181447@SensorListener: #deviceiscorrectlyused#
1682243181647@SensorListener: Numbers: Azimuth #303# Pitch #-17# Roll #55#
1682243181647@SensorListener: Texts: Azimuth #WEST# Pitch #EAST# Roll #EAST#
1682243181648@SensorListener: #deviceiscorrectlyused#
1682243181849@SensorListener: Numbers: Azimuth #290# Pitch #-43# Roll #43#
1682243181849@SensorListener: Texts: Azimuth #WEST# Pitch #EAST# Roll #NORTH#
1682243181849@SensorListener: #deviceiscorrectlyused#
1682243182052@SensorListener: Numbers: Azimuth #281# Pitch #-43# Roll #21#
1682243182253@SensorListener: Numbers: Azimuth #269# Pitch #-52# Roll #357#
1682243182253@SensorListener: Texts: Azimuth #WEST# Pitch #NORTH# Roll #NORTH#
1682243182254@SensorListener: #deviceiscorrectlyused#
1682243182455@SensorListener: Numbers: Azimuth #258# Pitch #-56# Roll #338#
1682243182840@SensorListener: Numbers: Azimuth #239# Pitch #-58# Roll #316#
1682243183041@SensorListener: Numbers: Azimuth #228# Pitch #-57# Roll #300#
1682243183041@SensorListener: Texts: Azimuth #WEST# Pitch #NORTH# Roll #WEST#
1682243183041@SensorListener: #deviceiscorrectlyused#
1682243183140@SensorListener: Numbers: Azimuth #238# Pitch #-55# Roll #306#
1682243183344@SensorListener: Numbers: Azimuth #290# Pitch #-47# Roll #7#
1682243183345@SensorListener: Texts: Azimuth #WEST# Pitch #NORTH# Roll #NORTH#
1682243183345@SensorListener: #deviceiscorrectlyused#
1682243183546@SensorListener: Numbers: Azimuth #298# Pitch #-23# Roll #47#
1682243183546@SensorListener: Texts: Azimuth #WEST# Pitch #NORTH# Roll #EAST#
1682243183547@SensorListener: #deviceiscorrectlyused#
1682243183830@SensorListener: Numbers: Azimuth #293# Pitch #-26# Roll #58#
1682243184030@SensorListener: Numbers: Azimuth #302# Pitch #-41# Roll #73#
1682243184142@SensorListener: Numbers: Azimuth #343# Pitch #-69# Roll #121#
1682243184142@SensorListener: Texts: Azimuth #NORTH# Pitch #NORTH# Roll #EAST#
1682243184143@SensorListener: #deviceiscorrectlyused#
1682243184335@SensorListener: Numbers: Azimuth #36# Pitch #-52# Roll #193#
1682243184337@SensorListener: Texts: Azimuth #NORTH# Pitch #NORTH# Roll #SOUTH#
1682243184338@SensorListener: #azimuthok#
1682243184338@SensorListener: #pitchok#
1682243184339@SensorListener: #rollalert#
1682243184536@SensorListener: Numbers: Azimuth #34# Pitch #-55# Roll #194#
1682243184838@SensorListener: Numbers: Azimuth #353# Pitch #-65# Roll #144#
1682243185038@SensorListener: Numbers: Azimuth #305# Pitch #-41# Roll #72#
1682243185039@SensorListener: Texts: Azimuth #WEST# Pitch #NORTH# Roll #EAST#
1682243185040@SensorListener: #deviceiscorrectlyused#
1682243185141@SensorListener: Numbers: Azimuth #276# Pitch #-17# Roll #23#
1682243185141@SensorListener: Texts: Azimuth #WEST# Pitch #EAST# Roll #NORTH#
1682243185142@SensorListener: #deviceiscorrectlyused#
1682243185345@SensorListener: Numbers: Azimuth #299# Pitch #-37# Roll #18#
1682243185543@SensorListener: Numbers: Azimuth #282# Pitch #-42# Roll #5#
1682243185827@SensorListener: Numbers: Azimuth #281# Pitch #-38# Roll #3#
1682243186027@SensorListener: Numbers: Azimuth #284# Pitch #-38# Roll #5#
1682243186138@SensorListener: Numbers: Azimuth #285# Pitch #-38# Roll #5#
1682243186330@SensorListener: Numbers: Azimuth #283# Pitch #-37# Roll #2#
1682243186532@SensorListener: Numbers: Azimuth #283# Pitch #-38# Roll #3#
1682243186834@SensorListener: Numbers: Azimuth #283# Pitch #-37# Roll #3#
1682243187036@SensorListener: Numbers: Azimuth #282# Pitch #-36# Roll #3#
1682243187142@SensorListener: Numbers: Azimuth #285# Pitch #-43# Roll #7#
1682243187340@SensorListener: Numbers: Azimuth #273# Pitch #-41# Roll #16#
1682243187540@SensorListener: Numbers: Azimuth #267# Pitch #-32# Roll #35#
1682243187698@SensorListener: Numbers: Azimuth #282# Pitch #-41# Roll #53#
1682243187699@SensorListener: Texts: Azimuth #WEST# Pitch #EAST# Roll #EAST#
1682243187700@SensorListener: #deviceiscorrectlyused#
1682243187900@SensorListener: Numbers: Azimuth #275# Pitch #-75# Roll #57#
1682243188106@SensorListener: Numbers: Azimuth #56# Pitch #-73# Roll #210#
1682243188106@SensorListener: Texts: Azimuth #EAST# Pitch #NORTH# Roll #SOUTH#
1682243188107@SensorListener: #azimuthok#
1682243188108@SensorListener: #pitchok#
1682243188109@SensorListener: #rollalert#
1682243188303@SensorListener: Numbers: Azimuth #48# Pitch #-62# Roll #203#
1682243188505@SensorListener: Numbers: Azimuth #33# Pitch #-65# Roll #195#
1682243188506@SensorListener: Texts: Azimuth #NORTH# Pitch #NORTH# Roll #SOUTH#
1682243188506@SensorListener: #azimuthok#
1682243188507@SensorListener: #pitchok#
1682243188507@SensorListener: #rollalert#
1682243188706@SensorListener: Numbers: Azimuth #307# Pitch #-63# Roll #108#
1682243188707@SensorListener: Texts: Azimuth #WEST# Pitch #NORTH# Roll #EAST#
1682243188707@SensorListener: #deviceiscorrectlyused#
1682243188908@SensorListener: Numbers: Azimuth #282# Pitch #-34# Roll #77#
1682243189109@SensorListener: Numbers: Azimuth #286# Pitch #-16# Roll #61#
1682243189311@SensorListener: Numbers: Azimuth #288# Pitch #-9# Roll #42#
1682243189311@SensorListener: Texts: Azimuth #WEST# Pitch #EAST# Roll #NORTH#
1682243189311@SensorListener: #deviceiscorrectlyused#
1682243189513@SensorListener: Numbers: Azimuth #285# Pitch #-22# Roll #35#
1682243189715@SensorListener: Numbers: Azimuth #263# Pitch #-43# Roll #5#
1682243189917@SensorListener: Numbers: Azimuth #253# Pitch #-53# Roll #343#
1682243189917@SensorListener: Texts: Azimuth #WEST# Pitch #NORTH# Roll #NORTH#
1682243189918@SensorListener: #deviceiscorrectlyused#
1682243190117@SensorListener: Numbers: Azimuth #248# Pitch #-55# Roll #325#
1682243190320@SensorListener: Numbers: Azimuth #249# Pitch #-63# Roll #308#
1682243190321@SensorListener: Texts: Azimuth #WEST# Pitch #NORTH# Roll #WEST#
1682243190321@SensorListener: #deviceiscorrectlyused#
1682243190521@SensorListener: Numbers: Azimuth #264# Pitch #-71# Roll #316#
1682243190522@SensorListener: Texts: Azimuth #WEST# Pitch #NORTH# Roll #NORTH#
1682243190524@SensorListener: #deviceiscorrectlyused#
1682243190723@SensorListener: Numbers: Azimuth #329# Pitch #-51# Roll #36#
1682243190723@SensorListener: Texts: Azimuth #NORTH# Pitch #NORTH# Roll #NORTH#
1682243190723@SensorListener: #deviceiscorrectlyused#
1682243190925@SensorListener: Numbers: Azimuth #342# Pitch #-40# Roll #48#
1682243190926@SensorListener: Texts: Azimuth #NORTH# Pitch #NORTH# Roll #EAST#
1682243190926@SensorListener: #deviceiscorrectlyused#
1682243191139@SensorListener: Numbers: Azimuth #343# Pitch #-40# Roll #50#
1682243191332@SensorListener: Numbers: Azimuth #334# Pitch #-46# Roll #47#
1682243191534@SensorListener: Numbers: Azimuth #308# Pitch #-58# Roll #25#
1682243191535@SensorListener: Texts: Azimuth #WEST# Pitch #NORTH# Roll #NORTH#
1682243191536@SensorListener: #deviceiscorrectlyused#
1682243191837@SensorListener: Numbers: Azimuth #275# Pitch #-57# Roll #353#
1682243192038@SensorListener: Numbers: Azimuth #236# Pitch #-56# Roll #317#
1682243192140@SensorListener: Numbers: Azimuth #235# Pitch #-56# Roll #295#
1682243192141@SensorListener: Texts: Azimuth #WEST# Pitch #NORTH# Roll #WEST#
1682243192142@SensorListener: #deviceiscorrectlyused#
1682243192341@SensorListener: Numbers: Azimuth #238# Pitch #-60# Roll #291#
1682243192542@SensorListener: Numbers: Azimuth #289# Pitch #-80# Roll #347#
1682243192543@SensorListener: Texts: Azimuth #WEST# Pitch #NORTH# Roll #NORTH#
1682243192543@SensorListener: #deviceiscorrectlyused#
1682243192844@SensorListener: Numbers: Azimuth #269# Pitch #-77# Roll #336#
1682243193048@SensorListener: Numbers: Azimuth #291# Pitch #-76# Roll #354#
1682243193328@SensorListener: Numbers: Azimuth #313# Pitch #-36# Roll #17#
1682243193329@SensorListener: Texts: Azimuth #WEST# Pitch #EAST# Roll #NORTH#
1682243193330@SensorListener: #deviceiscorrectlyused#
1682243193529@SensorListener: Numbers: Azimuth #310# Pitch #-9# Roll #7#
1682243193640@SensorListener: Numbers: Azimuth #304# Pitch #-10# Roll #8#
1682243193834@SensorListener: Numbers: Azimuth #296# Pitch #-16# Roll #1#
1682243194035@SensorListener: Numbers: Azimuth #302# Pitch #-19# Roll #358#
1682243194337@SensorListener: Numbers: Azimuth #302# Pitch #-21# Roll #358#
1682243194556@SensorListener: Numbers: Azimuth #303# Pitch #-22# Roll #356#
1682243194639@SensorListener: Numbers: Azimuth #303# Pitch #-27# Roll #357#
1682243194853@SensorListener: Numbers: Azimuth #296# Pitch #-41# Roll #345#
1682243195047@SensorListener: Numbers: Azimuth #290# Pitch #-41# Roll #325#
1682243195325@SensorListener: Numbers: Azimuth #289# Pitch #-22# Roll #327#
1682243195546@SensorListener: Numbers: Azimuth #286# Pitch #-22# Roll #331#
1682243195661@SensorListener: Numbers: Azimuth #289# Pitch #-25# Roll #335#
1682243195830@SensorListener: Numbers: Azimuth #296# Pitch #-25# Roll #338#
1682243196061@SensorListener: Numbers: Azimuth #294# Pitch #-25# Roll #339#
1682243196080@AppManagement: #onpause#
1682243197023@AppManagement: #onresume#
1682243197487@SensorListener: Numbers: Azimuth #61# Pitch #0# Roll #350#
1682243197488@SensorListener: Texts: Azimuth #EAST# Pitch #EAST# Roll #NORTH#
1682243197488@SensorListener: #deviceiscorrectlyused#
1682243197663@SensorListener: Numbers: Azimuth #325# Pitch #-39# Roll #341#
1682243197664@SensorListener: Texts: Azimuth #NORTH# Pitch #EAST# Roll #NORTH#
1682243197666@SensorListener: #deviceiscorrectlyused#
1682243197864@SensorListener: Numbers: Azimuth #324# Pitch #-39# Roll #341#
1682243198064@SensorListener: Numbers: Azimuth #324# Pitch #-40# Roll #343#
1682243198266@SensorListener: Numbers: Azimuth #314# Pitch #-31# Roll #353#
1682243198267@SensorListener: Texts: Azimuth #WEST# Pitch #EAST# Roll #NORTH#
1682243198270@SensorListener: #deviceiscorrectlyused#
1682243198470@SensorListener: Numbers: Azimuth #290# Pitch #-33# Roll #347#
1682243198671@SensorListener: Numbers: Azimuth #294# Pitch #-43# Roll #348#
1682243198872@SensorListener: Numbers: Azimuth #324# Pitch #-39# Roll #357#
1682243198874@SensorListener: Texts: Azimuth #NORTH# Pitch #EAST# Roll #NORTH#
1682243198874@SensorListener: #deviceiscorrectlyused#
1682243199074@SensorListener: Numbers: Azimuth #332# Pitch #-39# Roll #4#
1682243199277@SensorListener: Numbers: Azimuth #329# Pitch #-39# Roll #5#
1682243199477@SensorListener: Numbers: Azimuth #330# Pitch #-38# Roll #5#
1682243199842@SensorListener: Numbers: Azimuth #330# Pitch #-37# Roll #5#
1682243200044@SensorListener: Numbers: Azimuth #331# Pitch #-36# Roll #5#
1682243200139@SensorListener: Numbers: Azimuth #331# Pitch #-37# Roll #5#
1682243200325@SensorListener: Numbers: Azimuth #332# Pitch #-37# Roll #6#
1682243200529@SensorListener: Numbers: Azimuth #331# Pitch #-35# Roll #4#
1682243200830@SensorListener: Numbers: Azimuth #330# Pitch #-36# Roll #5#
1682243201038@SensorListener: Numbers: Azimuth #329# Pitch #-35# Roll #3#
1682243201141@SensorListener: Numbers: Azimuth #327# Pitch #-37# Roll #359#
1682243201334@SensorListener: Numbers: Azimuth #320# Pitch #-40# Roll #349#
1682243201540@SensorListener: Numbers: Azimuth #309# Pitch #-37# Roll #340#
1682243201541@SensorListener: Texts: Azimuth #WEST# Pitch #EAST# Roll #NORTH#
1682243201541@SensorListener: #deviceiscorrectlyused#
1682243201840@SensorListener: Numbers: Azimuth #291# Pitch #-29# Roll #351#
1682243202045@SensorListener: Numbers: Azimuth #271# Pitch #-38# Roll #342#
1682243202139@SensorListener: Numbers: Azimuth #274# Pitch #-35# Roll #352#
1682243202343@SensorListener: Numbers: Azimuth #275# Pitch #-31# Roll #3#
1682243202545@SensorListener: Numbers: Azimuth #271# Pitch #-29# Roll #12#
1682243202827@SensorListener: Numbers: Azimuth #269# Pitch #-19# Roll #21#
1682243203031@SensorListener: Numbers: Azimuth #286# Pitch #-16# Roll #28#
1682243203140@SensorListener: Numbers: Azimuth #311# Pitch #-21# Roll #50#
1682243203141@SensorListener: Texts: Azimuth #WEST# Pitch #EAST# Roll #EAST#
1682243203142@SensorListener: #deviceiscorrectlyused#
1682243203332@SensorListener: Numbers: Azimuth #312# Pitch #-32# Roll #59#
1682243203535@SensorListener: Numbers: Azimuth #316# Pitch #-58# Roll #73#
1682243203536@SensorListener: Texts: Azimuth #NORTH# Pitch #EAST# Roll #EAST#
1682243203536@SensorListener: #deviceiscorrectlyused#
1682243203843@SensorListener: Numbers: Azimuth #53# Pitch #-75# Roll #183#
1682243203855@SensorListener: Texts: Azimuth #EAST# Pitch #NORTH# Roll #SOUTH#
1682243203861@SensorListener: #azimuthok#
1682243203861@SensorListener: #pitchok#
1682243203862@SensorListener: #rollalert#
1682243204038@SensorListener: Numbers: Azimuth #73# Pitch #-70# Roll #208#
1682243204139@SensorListener: Numbers: Azimuth #305# Pitch #-70# Roll #69#
1682243204139@SensorListener: Texts: Azimuth #WEST# Pitch #NORTH# Roll #EAST#
1682243204139@SensorListener: #deviceiscorrectlyused#
1682243204339@SensorListener: Numbers: Azimuth #292# Pitch #-25# Roll #45#
1682243204340@SensorListener: Texts: Azimuth #WEST# Pitch #NORTH# Roll #NORTHEAST#
1682243204340@SensorListener: #deviceiscorrectlyused#
1682243204543@SensorListener: Numbers: Azimuth #306# Pitch #-20# Roll #32#
1682243204544@SensorListener: Texts: Azimuth #WEST# Pitch #EAST# Roll #NORTH#
1682243204544@SensorListener: #deviceiscorrectlyused#
1682243204844@SensorListener: Numbers: Azimuth #316# Pitch #-20# Roll #32#
1682243204844@SensorListener: Texts: Azimuth #NORTH# Pitch #EAST# Roll #NORTH#
1682243204844@SensorListener: #deviceiscorrectlyused#
1682243205046@SensorListener: Numbers: Azimuth #317# Pitch #-20# Roll #31#
1682243205139@SensorListener: Numbers: Azimuth #316# Pitch #-20# Roll #30#
1682243205328@SensorListener: Numbers: Azimuth #315# Pitch #-32# Roll #25#
1682243205329@SensorListener: Texts: Azimuth #NORTHWEST# Pitch #EAST# Roll #NORTH#
1682243205331@SensorListener: #deviceiscorrectlyused#
1682243205530@SensorListener: Numbers: Azimuth #303# Pitch #-43# Roll #18#
1682243205530@SensorListener: Texts: Azimuth #WEST# Pitch #EAST# Roll #NORTH#
1682243205530@SensorListener: #deviceiscorrectlyused#
1682243205832@SensorListener: Numbers: Azimuth #302# Pitch #-44# Roll #17#
1682243206036@SensorListener: Numbers: Azimuth #291# Pitch #-51# Roll #4#
1682243206036@SensorListener: Texts: Azimuth #WEST# Pitch #NORTH# Roll #NORTH#
1682243206037@SensorListener: #deviceiscorrectlyused#
1682243206139@SensorListener: Numbers: Azimuth #285# Pitch #-52# Roll #352#
1682243206340@SensorListener: Numbers: Azimuth #297# Pitch #-48# Roll #0#
1682243206540@SensorListener: Numbers: Azimuth #296# Pitch #-36# Roll #10#
1682243206541@SensorListener: Texts: Azimuth #WEST# Pitch #EAST# Roll #NORTH#
1682243206541@SensorListener: #deviceiscorrectlyused#
1682243206841@SensorListener: Numbers: Azimuth #279# Pitch #-51# Roll #16#
1682243206844@SensorListener: Texts: Azimuth #WEST# Pitch #NORTH# Roll #NORTH#
1682243206844@SensorListener: #deviceiscorrectlyused#
1682243207044@SensorListener: Numbers: Azimuth #293# Pitch #-40# Roll #28#
1682243207044@SensorListener: Texts: Azimuth #WEST# Pitch #EAST# Roll #NORTH#
1682243207045@SensorListener: #deviceiscorrectlyused#
1682243207325@SensorListener: Numbers: Azimuth #311# Pitch #-45# Roll #40#
1682243207326@SensorListener: Texts: Azimuth #WEST# Pitch #NORTHEAST# Roll #NORTH#
1682243207327@SensorListener: #deviceiscorrectlyused#
1682243207526@SensorListener: Numbers: Azimuth #296# Pitch #-51# Roll #28#
1682243207526@SensorListener: Texts: Azimuth #WEST# Pitch #NORTH# Roll #NORTH#
1682243207526@SensorListener: #deviceiscorrectlyused#
1682243207639@SensorListener: Numbers: Azimuth #306# Pitch #-52# Roll #31#
1682243207830@SensorListener: Numbers: Azimuth #308# Pitch #-52# Roll #33#
1682243208031@SensorListener: Numbers: Azimuth #310# Pitch #-51# Roll #34#
1682243208336@SensorListener: Numbers: Azimuth #309# Pitch #-51# Roll #34#
1682243208540@SensorListener: Numbers: Azimuth #310# Pitch #-52# Roll #32#
1682243208639@SensorListener: Numbers: Azimuth #306# Pitch #-45# Roll #24#
1682243208641@SensorListener: Texts: Azimuth #WEST# Pitch #NORTHEAST# Roll #NORTH#
1682243208642@SensorListener: #deviceiscorrectlyused#
1682243208836@SensorListener: Numbers: Azimuth #311# Pitch #-44# Roll #26#
1682243208837@SensorListener: Texts: Azimuth #WEST# Pitch #EAST# Roll #NORTH#
1682243208837@SensorListener: #deviceiscorrectlyused#
1682243209039@SensorListener: Numbers: Azimuth #310# Pitch #-45# Roll #26#
1682243209039@SensorListener: Texts: Azimuth #WEST# Pitch #NORTHEAST# Roll #NORTH#
1682243209040@SensorListener: #deviceiscorrectlyused#
1682243209342@SensorListener: Numbers: Azimuth #311# Pitch #-44# Roll #25#
1682243209343@SensorListener: Texts: Azimuth #WEST# Pitch #EAST# Roll #NORTH#
1682243209344@SensorListener: #deviceiscorrectlyused#
1682243209543@SensorListener: Numbers: Azimuth #311# Pitch #-45# Roll #26#
1682243209543@SensorListener: Texts: Azimuth #WEST# Pitch #NORTHEAST# Roll #NORTH#
1682243209544@SensorListener: #deviceiscorrectlyused#
1682243209639@SensorListener: Numbers: Azimuth #313# Pitch #-46# Roll #29#
1682243209639@SensorListener: Texts: Azimuth #WEST# Pitch #NORTH# Roll #NORTH#
1682243209640@SensorListener: #deviceiscorrectlyused#
1682243209827@SensorListener: Numbers: Azimuth #312# Pitch #-46# Roll #29#
1682243210028@SensorListener: Numbers: Azimuth #313# Pitch #-47# Roll #29#
1682243210330@SensorListener: Numbers: Azimuth #313# Pitch #-46# Roll #29#
1682243210532@SensorListener: Numbers: Azimuth #313# Pitch #-47# Roll #29#
1682243210641@SensorListener: Numbers: Azimuth #314# Pitch #-47# Roll #30#
1682243211541@SensorListener: Numbers: Azimuth #315# Pitch #-48# Roll #30#
1682243211542@SensorListener: Texts: Azimuth #NORTHWEST# Pitch #NORTH# Roll #NORTH#
1682243211542@SensorListener: #deviceiscorrectlyused#
1682243211644@SensorListener: Numbers: Azimuth #314# Pitch #-48# Roll #30#
1682243211645@SensorListener: Texts: Azimuth #WEST# Pitch #NORTH# Roll #NORTH#
1682243211646@SensorListener: #deviceiscorrectlyused#
1682243212327@SensorListener: Numbers: Azimuth #314# Pitch #-47# Roll #30#
1682243212529@SensorListener: Numbers: Azimuth #314# Pitch #-47# Roll #29#
1682243212639@SensorListener: Numbers: Azimuth #310# Pitch #-44# Roll #21#
1682243212639@SensorListener: Texts: Azimuth #WEST# Pitch #EAST# Roll #NORTH#
1682243212640@SensorListener: #deviceiscorrectlyused#
1682243212833@SensorListener: Numbers: Azimuth #314# Pitch #-44# Roll #23#
1682243213035@SensorListener: Numbers: Azimuth #315# Pitch #-45# Roll #23#
1682243213036@SensorListener: Texts: Azimuth #NORTHWEST# Pitch #NORTHEAST# Roll #NORTH#
1682243213037@SensorListener: #deviceiscorrectlyused#
1682243213339@SensorListener: Numbers: Azimuth #316# Pitch #-44# Roll #24#
1682243213340@SensorListener: Texts: Azimuth #NORTH# Pitch #EAST# Roll #NORTH#
1682243213340@SensorListener: #deviceiscorrectlyused#
1682243213541@SensorListener: Numbers: Azimuth #316# Pitch #-45# Roll #24#
1682243213542@SensorListener: Texts: Azimuth #NORTH# Pitch #NORTHEAST# Roll #NORTH#
1682243213542@SensorListener: #deviceiscorrectlyused#
1682243213639@SensorListener: Numbers: Azimuth #316# Pitch #-45# Roll #23#
1682243213840@SensorListener: Numbers: Azimuth #316# Pitch #-45# Roll #24#
1682243214043@SensorListener: Numbers: Azimuth #316# Pitch #-44# Roll #23#
1682243214046@SensorListener: Texts: Azimuth #NORTH# Pitch #EAST# Roll #NORTH#
1682243214050@SensorListener: #deviceiscorrectlyused#
1682243214344@SensorListener: Numbers: Azimuth #316# Pitch #-45# Roll #23#
1682243214344@SensorListener: Texts: Azimuth #NORTH# Pitch #NORTHEAST# Roll #NORTH#
1682243214344@SensorListener: #deviceiscorrectlyused#
1682243214545@SensorListener: Numbers: Azimuth #316# Pitch #-44# Roll #23#
1682243214545@SensorListener: Texts: Azimuth #NORTH# Pitch #EAST# Roll #NORTH#
1682243214546@SensorListener: #deviceiscorrectlyused#
1682243215051@SensorListener: Numbers: Azimuth #316# Pitch #-45# Roll #23#
1682243215052@SensorListener: Texts: Azimuth #NORTH# Pitch #NORTHEAST# Roll #NORTH#
1682243215052@SensorListener: #deviceiscorrectlyused#
1682243215537@SensorListener: Numbers: Azimuth #315# Pitch #-45# Roll #23#
1682243215538@SensorListener: Texts: Azimuth #NORTHWEST# Pitch #NORTHEAST# Roll #NORTH#
1682243215539@SensorListener: #deviceiscorrectlyused#
1682243215639@SensorListener: Numbers: Azimuth #316# Pitch #-45# Roll #23#
1682243215640@SensorListener: Texts: Azimuth #NORTH# Pitch #NORTHEAST# Roll #NORTH#
1682243215640@SensorListener: #deviceiscorrectlyused#
1682243216826@SensorListener: Numbers: Azimuth #315# Pitch #-45# Roll #22#
1682243216827@SensorListener: Texts: Azimuth #NORTHWEST# Pitch #NORTHEAST# Roll #NORTH#
1682243216828@SensorListener: #deviceiscorrectlyused#
1682243217532@SensorListener: Numbers: Azimuth #315# Pitch #-45# Roll #23#
1682243217642@SensorListener: Numbers: Azimuth #315# Pitch #-45# Roll #22#
1682243218339@SensorListener: Numbers: Azimuth #316# Pitch #-45# Roll #22#
1682243218340@SensorListener: Texts: Azimuth #NORTH# Pitch #NORTHEAST# Roll #NORTH#
1682243218341@SensorListener: #deviceiscorrectlyused#
1682243219045@SensorListener: Numbers: Azimuth #315# Pitch #-45# Roll #21#
1682243219046@SensorListener: Texts: Azimuth #NORTHWEST# Pitch #NORTHEAST# Roll #NORTH#
1682243219047@SensorListener: #deviceiscorrectlyused#
1682243219327@SensorListener: Numbers: Azimuth #317# Pitch #-48# Roll #20#
1682243219328@SensorListener: Texts: Azimuth #NORTH# Pitch #NORTH# Roll #NORTH#
1682243219328@SensorListener: #deviceiscorrectlyused#
1682243219529@SensorListener: Numbers: Azimuth #314# Pitch #-56# Roll #12#
1682243219529@SensorListener: Texts: Azimuth #WEST# Pitch #NORTH# Roll #NORTH#
1682243219530@SensorListener: #deviceiscorrectlyused#
1682243219830@SensorListener: Numbers: Azimuth #305# Pitch #-59# Roll #5#
1682243220031@SensorListener: Numbers: Azimuth #309# Pitch #-62# Roll #10#
1682243220140@SensorListener: Numbers: Azimuth #312# Pitch #-60# Roll #12#
1682243220336@SensorListener: Numbers: Azimuth #312# Pitch #-59# Roll #12#
1682243220536@SensorListener: Numbers: Azimuth #312# Pitch #-58# Roll #12#
1682243220838@SensorListener: Numbers: Azimuth #311# Pitch #-58# Roll #10#
1682243221040@SensorListener: Numbers: Azimuth #307# Pitch #-36# Roll #0#
1682243221041@SensorListener: Texts: Azimuth #WEST# Pitch #EAST# Roll #NORTH#
1682243221043@SensorListener: #deviceiscorrectlyused#
1682243221138@SensorListener: Numbers: Azimuth #315# Pitch #-32# Roll #18#
1682243221139@SensorListener: Texts: Azimuth #NORTHWEST# Pitch #EAST# Roll #NORTH#
1682243221140@SensorListener: #deviceiscorrectlyused#
1682243221344@SensorListener: Numbers: Azimuth #303# Pitch #-32# Roll #37#
1682243221344@SensorListener: Texts: Azimuth #WEST# Pitch #EAST# Roll #NORTH#
1682243221345@SensorListener: #deviceiscorrectlyused#
1682243221545@SensorListener: Numbers: Azimuth #307# Pitch #-42# Roll #57#
1682243221545@SensorListener: Texts: Azimuth #WEST# Pitch #EAST# Roll #EAST#
1682243221545@SensorListener: #deviceiscorrectlyused#
1682243221827@SensorListener: Numbers: Azimuth #311# Pitch #-44# Roll #70#
1682243222028@SensorListener: Numbers: Azimuth #313# Pitch #-49# Roll #77#
1682243222139@SensorListener: Numbers: Azimuth #311# Pitch #-59# Roll #73#
1682243222331@SensorListener: Numbers: Azimuth #333# Pitch #-65# Roll #91#
1682243222332@SensorListener: Texts: Azimuth #NORTH# Pitch #EAST# Roll #EAST#
1682243222332@SensorListener: #deviceiscorrectlyused#
1682243222536@SensorListener: Numbers: Azimuth #31# Pitch #-70# Roll #153#
1682243222536@SensorListener: Texts: Azimuth #NORTH# Pitch #NORTH# Roll #SOUTH#
1682243222537@SensorListener: #azimuthok#
1682243222538@SensorListener: #pitchok#
1682243222538@SensorListener: #rollalert#
1682243222836@SensorListener: Numbers: Azimuth #64# Pitch #-62# Roll #195#
1682243222837@SensorListener: Texts: Azimuth #EAST# Pitch #NORTH# Roll #SOUTH#
1682243222838@SensorListener: #azimuthok#
1682243222838@SensorListener: #pitchok#
1682243222839@SensorListener: #rollalert#
1682243223038@SensorListener: Numbers: Azimuth #69# Pitch #-64# Roll #208#
1682243223139@SensorListener: Numbers: Azimuth #76# Pitch #-74# Roll #218#
1682243223340@SensorListener: Numbers: Azimuth #96# Pitch #-76# Roll #238#
1682243223341@SensorListener: Texts: Azimuth #EAST# Pitch #NORTH# Roll #WEST#
1682243223342@SensorListener: #deviceiscorrectlyused#
1682243223542@SensorListener: Numbers: Azimuth #92# Pitch #-58# Roll #231#
1682243223843@SensorListener: Numbers: Azimuth #89# Pitch #-52# Roll #231#
1682243224046@SensorListener: Numbers: Azimuth #90# Pitch #-56# Roll #235#
1682243224139@SensorListener: Numbers: Azimuth #92# Pitch #-71# Roll #235#
1682243224329@SensorListener: Numbers: Azimuth #307# Pitch #-83# Roll #82#
1682243224329@SensorListener: Texts: Azimuth #WEST# Pitch #NORTH# Roll #EAST#
1682243224330@SensorListener: #deviceiscorrectlyused#
1682243224530@SensorListener: Numbers: Azimuth #285# Pitch #-51# Roll #49#
1682243224836@SensorListener: Numbers: Azimuth #288# Pitch #-21# Roll #31#
1682243224837@SensorListener: Texts: Azimuth #WEST# Pitch #EAST# Roll #NORTH#
1682243224839@SensorListener: #deviceiscorrectlyused#
1682243225035@SensorListener: Numbers: Azimuth #294# Pitch #-20# Roll #35#
1682243225140@SensorListener: Numbers: Azimuth #298# Pitch #-23# Roll #45#
1682243225141@SensorListener: Texts: Azimuth #WEST# Pitch #EAST# Roll #NORTHEAST#
1682243225142@SensorListener: #deviceiscorrectlyused#
1682243225337@SensorListener: Numbers: Azimuth #304# Pitch #-34# Roll #56#
1682243225338@SensorListener: Texts: Azimuth #WEST# Pitch #EAST# Roll #EAST#
1682243225339@SensorListener: #deviceiscorrectlyused#
1682243225538@SensorListener: Numbers: Azimuth #319# Pitch #-46# Roll #81#
1682243225539@SensorListener: Texts: Azimuth #NORTH# Pitch #EAST# Roll #EAST#
1682243225540@SensorListener: #deviceiscorrectlyused#
1682243225840@SensorListener: Numbers: Azimuth #320# Pitch #-54# Roll #92#
1682243226042@SensorListener: Numbers: Azimuth #344# Pitch #-67# Roll #120#
1682243226139@SensorListener: Numbers: Azimuth #56# Pitch #-64# Roll #197#
1682243226140@SensorListener: Texts: Azimuth #EAST# Pitch #NORTH# Roll #SOUTH#
1682243226140@SensorListener: #azimuthok#
1682243226141@SensorListener: #pitchok#
1682243226141@SensorListener: #rollalert#
1682243226325@SensorListener: Numbers: Azimuth #70# Pitch #-46# Roll #217#
1682243226527@SensorListener: Numbers: Azimuth #73# Pitch #-47# Roll #218#
1682243226829@SensorListener: Numbers: Azimuth #357# Pitch #-75# Roll #118#
1682243226830@SensorListener: Texts: Azimuth #NORTH# Pitch #NORTH# Roll #EAST#
1682243226830@SensorListener: #deviceiscorrectlyused#
1682243227032@SensorListener: Numbers: Azimuth #312# Pitch #-44# Roll #57#
1682243227034@SensorListener: Texts: Azimuth #WEST# Pitch #NORTH# Roll #EAST#
1682243227034@SensorListener: #deviceiscorrectlyused#
1682243227139@SensorListener: Numbers: Azimuth #311# Pitch #-23# Roll #21#
1682243227140@SensorListener: Texts: Azimuth #WEST# Pitch #EAST# Roll #NORTH#
1682243227140@SensorListener: #deviceiscorrectlyused#
1682243227335@SensorListener: Numbers: Azimuth #316# Pitch #-35# Roll #9#
1682243227335@SensorListener: Texts: Azimuth #NORTH# Pitch #EAST# Roll #NORTH#
1682243227336@SensorListener: #deviceiscorrectlyused#
1682243227536@SensorListener: Numbers: Azimuth #303# Pitch #-35# Roll #346#
1682243227536@SensorListener: Texts: Azimuth #WEST# Pitch #EAST# Roll #NORTH#
1682243227538@SensorListener: #deviceiscorrectlyused#
1682243227839@SensorListener: Numbers: Azimuth #319# Pitch #-36# Roll #343#
1682243227840@SensorListener: Texts: Azimuth #NORTH# Pitch #EAST# Roll #NORTH#
1682243227843@SensorListener: #deviceiscorrectlyused#
1682243228040@SensorListener: Numbers: Azimuth #327# Pitch #-37# Roll #347#
1682243228139@SensorListener: Numbers: Azimuth #327# Pitch #-37# Roll #349#
1682243228342@SensorListener: Numbers: Azimuth #328# Pitch #-44# Roll #352#
1682243228545@SensorListener: Numbers: Azimuth #307# Pitch #-53# Roll #356#
1682243228546@SensorListener: Texts: Azimuth #WEST# Pitch #NORTH# Roll #NORTH#
1682243228546@SensorListener: #deviceiscorrectlyused#
1682243228826@SensorListener: Numbers: Azimuth #271# Pitch #-48# Roll #349#
1682243229029@SensorListener: Numbers: Azimuth #270# Pitch #-56# Roll #352#
1682243229139@SensorListener: Numbers: Azimuth #269# Pitch #-57# Roll #358#
1682243229331@SensorListener: Numbers: Azimuth #282# Pitch #-46# Roll #14#
1682243229533@SensorListener: Numbers: Azimuth #280# Pitch #-33# Roll #21#
1682243229533@SensorListener: Texts: Azimuth #WEST# Pitch #EAST# Roll #NORTH#
1682243229534@SensorListener: #deviceiscorrectlyused#
1682243229835@SensorListener: Numbers: Azimuth #274# Pitch #-27# Roll #20#
1682243230036@SensorListener: Numbers: Azimuth #275# Pitch #-11# Roll #11#
1682243230139@SensorListener: Numbers: Azimuth #285# Pitch #-11# Roll #3#
1682243230340@SensorListener: Numbers: Azimuth #306# Pitch #-13# Roll #4#
1682243230541@SensorListener: Numbers: Azimuth #310# Pitch #-10# Roll #0#
1682243230844@SensorListener: Numbers: Azimuth #312# Pitch #-11# Roll #0#
1682243231044@SensorListener: Numbers: Azimuth #316# Pitch #-12# Roll #1#
1682243231044@SensorListener: Texts: Azimuth #NORTH# Pitch #EAST# Roll #NORTH#
1682243231045@SensorListener: #deviceiscorrectlyused#
1682243231329@SensorListener: Numbers: Azimuth #318# Pitch #-14# Roll #5#
1682243231529@SensorListener: Numbers: Azimuth #315# Pitch #-29# Roll #359#
1682243231530@SensorListener: Texts: Azimuth #NORTHWEST# Pitch #EAST# Roll #NORTH#
1682243231532@SensorListener: #deviceiscorrectlyused#
1682243231639@SensorListener: Numbers: Azimuth #299# Pitch #-32# Roll #347#
1682243231640@SensorListener: Texts: Azimuth #WEST# Pitch #EAST# Roll #NORTH#
1682243231641@SensorListener: #deviceiscorrectlyused#
1682243231832@SensorListener: Numbers: Azimuth #299# Pitch #-36# Roll #349#
1682243232034@SensorListener: Numbers: Azimuth #298# Pitch #-38# Roll #348#
1682243232337@SensorListener: Numbers: Azimuth #301# Pitch #-38# Roll #348#
1682243232539@SensorListener: Numbers: Azimuth #305# Pitch #-41# Roll #351#
1682243232647@SensorListener: Numbers: Azimuth #315# Pitch #-43# Roll #354#
1682243232648@SensorListener: Texts: Azimuth #NORTHWEST# Pitch #EAST# Roll #NORTH#
1682243232649@SensorListener: #deviceiscorrectlyused#
1682243232840@SensorListener: Numbers: Azimuth #320# Pitch #-46# Roll #354#
1682243232841@SensorListener: Texts: Azimuth #NORTH# Pitch #NORTH# Roll #NORTH#
1682243232842@SensorListener: #deviceiscorrectlyused#
1682243233043@SensorListener: Numbers: Azimuth #325# Pitch #-52# Roll #355#
1682243233176@AppManagement: #onpause#
