1682252164270@DebuggableApplications: #Progetto Android#
1682252164290@DeveloperOptions: adb: #true# devops: #true#
1682252164302@Ptracer: #started#
1682252164372@UsbChecker: ischarg: #false# usbcharg: #false# accharg: #false#
1682252166290@SensorListener: #firstcalibrationdone#
1682252166290@SensorListener: #deviceiscorrectlyused#
1682252166335@SensorListener: #calibrationdone#
1682252166440@SensorListener: Texts: Azimuth #NORTH# Pitch #EAST# Roll #NORTH#
1682252166440@SensorListener: Numbers: Azimuth #0# Pitch #-26# Roll #0#
1682252166536@SensorListener: Numbers: Azimuth #359# Pitch #-26# Roll #359#
1682252166941@SensorListener: Numbers: Azimuth #0# Pitch #-27# Roll #0#
1682252167141@SensorListener: Numbers: Azimuth #359# Pitch #-27# Roll #0#
1682252167343@SensorListener: Numbers: Azimuth #0# Pitch #-28# Roll #0#
1682252167552@SensorListener: Numbers: Azimuth #0# Pitch #-28# Roll #1#
1682252168151@SensorListener: Numbers: Azimuth #0# Pitch #-29# Roll #1#
1682252168352@SensorListener: Numbers: Azimuth #0# Pitch #-29# Roll #0#
1682252168356@SensorListener: Numbers: Azimuth #0# Pitch #-27# Roll #1#
1682252168552@SensorListener: Numbers: Azimuth #357# Pitch #-28# Roll #354#
1682252168755@SensorListener: Numbers: Azimuth #1# Pitch #-24# Roll #4#
1682252168956@SensorListener: Numbers: Azimuth #349# Pitch #-35# Roll #0#
1682252169158@SensorListener: Numbers: Azimuth #340# Pitch #-45# Roll #2#
1682252169158@SensorListener: Texts: Azimuth #NORTH# Pitch #NORTHEAST# Roll #NORTH#
1682252169159@SensorListener: #deviceiscorrectlyused#
1682252169168@SensorListener: Numbers: Azimuth #340# Pitch #-41# Roll #6#
1682252169168@SensorListener: Texts: Azimuth #NORTH# Pitch #EAST# Roll #NORTH#
1682252169169@SensorListener: #deviceiscorrectlyused#
1682252169359@SensorListener: Numbers: Azimuth #343# Pitch #-41# Roll #10#
1682252169562@SensorListener: Numbers: Azimuth #343# Pitch #-34# Roll #8#
1682252169763@SensorListener: Numbers: Azimuth #342# Pitch #-33# Roll #6#
1682252169965@SensorListener: Numbers: Azimuth #334# Pitch #-23# Roll #1#
1682252169975@SensorListener: Numbers: Azimuth #330# Pitch #-16# Roll #359#
1682252170167@SensorListener: Numbers: Azimuth #328# Pitch #-5# Roll #359#
1682252170370@SensorListener: Numbers: Azimuth #331# Pitch #-4# Roll #359#
1682252170569@SensorListener: Numbers: Azimuth #333# Pitch #0# Roll #359#
1682252171378@SensorListener: Numbers: Azimuth #333# Pitch #0# Roll #0#
1682252171780@SensorListener: Numbers: Azimuth #333# Pitch #1# Roll #0#
1682252183156@AppManagement: #onpause#
