1683991806157@DebuggableApplications: #Progetto Android#
1683991806204@Ptracer: #started#
1683991806214@DeveloperOptions: adb: #true# devops: #true#
1683991806216@UsbChecker: ischarg: #true# usbcharg: #true# accharg: #false#
1683991808187@SensorListener: #firstcalibrationdone#
1683991808187@SensorListener: #deviceiscorrectlyused#
1683991808272@SensorListener: #calibrationdone#
1683991808331@SensorListener: Texts: Azimuth #NORTH# Pitch #EAST# Roll #NORTH#
1683991808332@SensorListener: Numbers: Azimuth #0# Pitch #2# Roll #0#
1683991808475@SensorListener: Numbers: Azimuth #0# Pitch #2# Roll #359#
1683991810490@SensorListener: Numbers: Azimuth #359# Pitch #2# Roll #0#
1683991811297@SensorListener: Numbers: Azimuth #0# Pitch #2# Roll #359#
1683991812104@SensorListener: Numbers: Azimuth #359# Pitch #2# Roll #0#
1683991813114@SensorListener: Numbers: Azimuth #0# Pitch #2# Roll #359#
1683991814524@SensorListener: Numbers: Azimuth #359# Pitch #2# Roll #0#
1683991814929@SensorListener: Numbers: Azimuth #0# Pitch #2# Roll #358#
1683991814948@SensorListener: Numbers: Azimuth #8# Pitch #3# Roll #357#
1683991815129@SensorListener: Numbers: Azimuth #20# Pitch #10# Roll #330#
1683991815333@SensorListener: Numbers: Azimuth #352# Pitch #8# Roll #317#
1683991815532@SensorListener: Numbers: Azimuth #346# Pitch #-8# Roll #330#
1683991815734@SensorListener: Numbers: Azimuth #358# Pitch #-18# Roll #342#
1683991815738@SensorListener: Numbers: Azimuth #14# Pitch #-20# Roll #3#
1683991815938@SensorListener: Numbers: Azimuth #28# Pitch #-19# Roll #26#
1683991816138@SensorListener: Numbers: Azimuth #18# Pitch #-24# Roll #356#
1683991816340@SensorListener: Numbers: Azimuth #8# Pitch #-11# Roll #325#
1683991816542@SensorListener: Numbers: Azimuth #350# Pitch #-4# Roll #319#
1683991816553@SensorListener: Numbers: Azimuth #338# Pitch #-12# Roll #335#
1683991816743@SensorListener: Numbers: Azimuth #336# Pitch #-23# Roll #348#
1683991816945@SensorListener: Numbers: Azimuth #354# Pitch #-21# Roll #3#
1683991817150@SensorListener: Numbers: Azimuth #2# Pitch #-19# Roll #342#
1683991817370@SensorListener: Numbers: Azimuth #354# Pitch #-6# Roll #324#
1683991817379@SensorListener: Numbers: Azimuth #336# Pitch #-4# Roll #326#
1683991817550@SensorListener: Numbers: Azimuth #332# Pitch #-20# Roll #342#
1683991817751@SensorListener: Numbers: Azimuth #347# Pitch #-12# Roll #347#
1683991817954@SensorListener: Numbers: Azimuth #8# Pitch #-3# Roll #336#
1683991818155@SensorListener: Numbers: Azimuth #357# Pitch #1# Roll #339#
1683991818163@SensorListener: Numbers: Azimuth #351# Pitch #5# Roll #343#
1683991818357@SensorListener: Numbers: Azimuth #346# Pitch #7# Roll #348#
1683991818559@SensorListener: Numbers: Azimuth #346# Pitch #6# Roll #354#
1683991818760@SensorListener: Numbers: Azimuth #347# Pitch #5# Roll #358#
1683991818966@SensorListener: Numbers: Azimuth #347# Pitch #4# Roll #358#
1683991819163@SensorListener: Numbers: Azimuth #350# Pitch #4# Roll #358#
1683991819366@SensorListener: Numbers: Azimuth #357# Pitch #3# Roll #358#
1683991819567@SensorListener: Numbers: Azimuth #1# Pitch #3# Roll #0#
1683991819768@SensorListener: Numbers: Azimuth #2# Pitch #3# Roll #0#
1683991819774@SensorListener: Numbers: Azimuth #2# Pitch #4# Roll #0#
1683991819969@SensorListener: Numbers: Azimuth #2# Pitch #3# Roll #0#
1683991820171@SensorListener: Numbers: Azimuth #1# Pitch #3# Roll #0#
1683991820639@SensorListener: Numbers: Azimuth #0# Pitch #3# Roll #0#
1683991820880@SensorListener: Numbers: Azimuth #0# Pitch #2# Roll #0#
1683991825379@SensorListener: Numbers: Azimuth #0# Pitch #2# Roll #359#
1683991826178@SensorListener: Numbers: Azimuth #0# Pitch #2# Roll #0#
1683991826366@SensorListener: Numbers: Azimuth #0# Pitch #2# Roll #359#
1683991826568@SensorListener: Numbers: Azimuth #0# Pitch #2# Roll #0#
1683991827071@SensorListener: Numbers: Azimuth #0# Pitch #2# Roll #359#
1683991827178@SensorListener: Numbers: Azimuth #0# Pitch #2# Roll #0#
1683991827745@JavaDebugWireProtocol_JDWP: Debugger found
1683991828187@SensorListener: Numbers: Azimuth #0# Pitch #2# Roll #359#
1683991828363@SensorListener: Numbers: Azimuth #0# Pitch #2# Roll #0#
1683991829178@SensorListener: Numbers: Azimuth #0# Pitch #2# Roll #359#
1683991829371@SensorListener: Numbers: Azimuth #0# Pitch #2# Roll #0#
1683991830076@SensorListener: Numbers: Azimuth #0# Pitch #2# Roll #359#
1683991830863@SensorListener: Numbers: Azimuth #0# Pitch #2# Roll #0#
1683991831368@SensorListener: Numbers: Azimuth #0# Pitch #2# Roll #359#
1683991831569@SensorListener: Numbers: Azimuth #0# Pitch #2# Roll #0#
1683991831871@SensorListener: Numbers: Azimuth #0# Pitch #2# Roll #359#
1683991832377@SensorListener: Numbers: Azimuth #0# Pitch #2# Roll #0#
1683991834180@SensorListener: Numbers: Azimuth #0# Pitch #3# Roll #359#
1683991834395@SensorListener: Numbers: Azimuth #8# Pitch #6# Roll #345#
1683991834601@SensorListener: Numbers: Azimuth #39# Pitch #-34# Roll #24#
1683991834878@SensorListener: Numbers: Azimuth #31# Pitch #-25# Roll #1#
1683991835081@SensorListener: Numbers: Azimuth #40# Pitch #-35# Roll #295#
1683991835082@SensorListener: Texts: Azimuth #NORTH# Pitch #EAST# Roll #WEST#
1683991835082@SensorListener: #deviceiscorrectlyused#
1683991835178@SensorListener: Numbers: Azimuth #11# Pitch #-24# Roll #203#
1683991835180@SensorListener: Texts: Azimuth #NORTH# Pitch #WEST# Roll #SOUTH#
1683991835180@SensorListener: #azimuthok#
1683991835181@SensorListener: #pitchalert#
1683991835182@SensorListener: #rollalert#
1683991835382@SensorListener: Numbers: Azimuth #352# Pitch #-3# Roll #182#
1683991835583@SensorListener: Numbers: Azimuth #355# Pitch #-4# Roll #181#
1683991835868@SensorListener: Numbers: Azimuth #2# Pitch #-14# Roll #202#
1683991836069@SensorListener: Numbers: Azimuth #55# Pitch #-31# Roll #264#
1683991836069@SensorListener: Texts: Azimuth #EAST# Pitch #WEST# Roll #WEST#
1683991836069@SensorListener: #deviceiscorrectlyused#
1683991836372@SensorListener: Numbers: Azimuth #56# Pitch #-25# Roll #313#
1683991836572@SensorListener: Numbers: Azimuth #54# Pitch #-16# Roll #339#
1683991836573@SensorListener: Texts: Azimuth #EAST# Pitch #EAST# Roll #NORTH#
1683991836574@SensorListener: #azimuthok#
1683991836575@SensorListener: #pitchalert#
1683991836575@SensorListener: #rollok#
1683991836678@SensorListener: Numbers: Azimuth #50# Pitch #-6# Roll #351#
1683991836876@SensorListener: Numbers: Azimuth #47# Pitch #-6# Roll #353#
1683991837078@SensorListener: Numbers: Azimuth #49# Pitch #-7# Roll #355#
1683991837380@SensorListener: Numbers: Azimuth #49# Pitch #-8# Roll #356#
1683991837580@SensorListener: Numbers: Azimuth #50# Pitch #-8# Roll #356#
1683991837864@SensorListener: Numbers: Azimuth #51# Pitch #-9# Roll #359#
1683991838066@SensorListener: Numbers: Azimuth #51# Pitch #-8# Roll #2#
1683991838369@SensorListener: Numbers: Azimuth #53# Pitch #-7# Roll #4#
1683991838568@SensorListener: Numbers: Azimuth #53# Pitch #-7# Roll #3#
1683991838677@SensorListener: Numbers: Azimuth #53# Pitch #-7# Roll #2#
1683991838872@SensorListener: Numbers: Azimuth #51# Pitch #-7# Roll #1#
1683991839074@SensorListener: Numbers: Azimuth #48# Pitch #-7# Roll #1#
1683991839377@SensorListener: Numbers: Azimuth #49# Pitch #-7# Roll #1#
1683991839883@SensorListener: Numbers: Azimuth #49# Pitch #-7# Roll #2#
1683991845384@SensorListener: Numbers: Azimuth #49# Pitch #-7# Roll #1#
1683991847807@SensorListener: Numbers: Azimuth #48# Pitch #-8# Roll #0#
1683991847828@SensorListener: Numbers: Azimuth #47# Pitch #-12# Roll #341#
1683991848008@SensorListener: Numbers: Azimuth #43# Pitch #-25# Roll #308#
1683991848009@SensorListener: Texts: Azimuth #NORTH# Pitch #EAST# Roll #WEST#
1683991848010@SensorListener: #deviceiscorrectlyused#
1683991848211@SensorListener: Numbers: Azimuth #19# Pitch #-37# Roll #228#
1683991848411@SensorListener: Numbers: Azimuth #8# Pitch #-19# Roll #193#
1683991848412@SensorListener: Texts: Azimuth #NORTH# Pitch #WEST# Roll #SOUTH#
1683991848413@SensorListener: #azimuthok#
1683991848414@SensorListener: #pitchalert#
1683991848415@SensorListener: #rollalert#
1683991848615@SensorListener: Numbers: Azimuth #8# Pitch #-18# Roll #199#
1683991848646@SensorListener: Numbers: Azimuth #52# Pitch #-31# Roll #251#
1683991848646@SensorListener: Texts: Azimuth #EAST# Pitch #WEST# Roll #WEST#
1683991848646@SensorListener: #deviceiscorrectlyused#
1683991848814@SensorListener: Numbers: Azimuth #79# Pitch #-21# Roll #314#
1683991849015@SensorListener: Numbers: Azimuth #61# Pitch #-16# Roll #338#
1683991849015@SensorListener: Texts: Azimuth #EAST# Pitch #EAST# Roll #NORTH#
1683991849015@SensorListener: #azimuthok#
1683991849016@SensorListener: #pitchalert#
1683991849016@SensorListener: #rollok#
1683991849218@SensorListener: Numbers: Azimuth #55# Pitch #-9# Roll #350#
1683991849420@SensorListener: Numbers: Azimuth #56# Pitch #-3# Roll #0#
1683991849437@SensorListener: Numbers: Azimuth #56# Pitch #-4# Roll #359#
1683991849620@SensorListener: Numbers: Azimuth #54# Pitch #-4# Roll #358#
1683991849823@SensorListener: Numbers: Azimuth #55# Pitch #-5# Roll #358#
1683991850229@SensorListener: Numbers: Azimuth #55# Pitch #-4# Roll #357#
1683991850242@SensorListener: Numbers: Azimuth #55# Pitch #-3# Roll #356#
1683991851034@SensorListener: Numbers: Azimuth #55# Pitch #-3# Roll #355#
1683991852847@SensorListener: Numbers: Azimuth #55# Pitch #-3# Roll #354#
1683991853856@SensorListener: Numbers: Azimuth #54# Pitch #-3# Roll #354#
1683991854462@SensorListener: Numbers: Azimuth #54# Pitch #-3# Roll #355#
1683991854664@SensorListener: Numbers: Azimuth #54# Pitch #-3# Roll #354#
1683991855068@SensorListener: Numbers: Azimuth #54# Pitch #-4# Roll #354#
1683991855672@SensorListener: Numbers: Azimuth #54# Pitch #-5# Roll #354#
1683991855873@SensorListener: Numbers: Azimuth #54# Pitch #-5# Roll #353#
1683991856479@SensorListener: Numbers: Azimuth #54# Pitch #-6# Roll #352#
1683991856682@SensorListener: Numbers: Azimuth #49# Pitch #-27# Roll #332#
1683991856709@SensorListener: Numbers: Azimuth #35# Pitch #-36# Roll #291#
1683991856710@SensorListener: Texts: Azimuth #NORTH# Pitch #EAST# Roll #WEST#
1683991856710@SensorListener: #deviceiscorrectlyused#
1683991856883@SensorListener: Numbers: Azimuth #8# Pitch #-33# Roll #224#
1683991856884@SensorListener: Texts: Azimuth #NORTH# Pitch #WEST# Roll #SOUTH#
1683991856885@SensorListener: #azimuthok#
1683991856886@SensorListener: #pitchalert#
1683991856887@SensorListener: #rollalert#
1683991857084@SensorListener: Numbers: Azimuth #3# Pitch #-19# Roll #189#
1683991857286@SensorListener: Numbers: Azimuth #3# Pitch #-9# Roll #186#
1683991857488@SensorListener: Numbers: Azimuth #3# Pitch #-8# Roll #186#
1683991857519@SensorListener: Numbers: Azimuth #4# Pitch #-12# Roll #191#
1683991857964@SensorListener: Numbers: Azimuth #31# Pitch #-28# Roll #233#
1683991857965@SensorListener: Texts: Azimuth #NORTH# Pitch #WEST# Roll #WEST#
1683991857965@SensorListener: #deviceiscorrectlyused#
1683991857980@SensorListener: Numbers: Azimuth #85# Pitch #-21# Roll #309#
1683991857981@SensorListener: Texts: Azimuth #EAST# Pitch #WEST# Roll #WEST#
1683991857981@SensorListener: #deviceiscorrectlyused#
1683991858459@SensorListener: Numbers: Azimuth #51# Pitch #-15# Roll #324#
1683991858463@SensorListener: Texts: Azimuth #EAST# Pitch #EAST# Roll #NORTH#
1683991858464@SensorListener: #azimuthok#
1683991858465@SensorListener: #pitchalert#
1683991858466@SensorListener: #rollok#
1683991858487@SensorListener: Numbers: Azimuth #53# Pitch #-22# Roll #332#
1683991858658@SensorListener: Numbers: Azimuth #55# Pitch #-6# Roll #350#
1683991858859@SensorListener: Numbers: Azimuth #56# Pitch #-6# Roll #350#
1683991859665@SensorListener: Numbers: Azimuth #56# Pitch #-7# Roll #350#
1683991860270@SensorListener: Numbers: Azimuth #56# Pitch #-7# Roll #351#
1683991860473@SensorListener: Numbers: Azimuth #55# Pitch #-7# Roll #351#
1683991860674@SensorListener: Numbers: Azimuth #55# Pitch #-8# Roll #351#
1683991861280@SensorListener: Numbers: Azimuth #55# Pitch #-8# Roll #352#
1683991861482@SensorListener: Numbers: Azimuth #56# Pitch #-8# Roll #353#
1683991861684@SensorListener: Numbers: Azimuth #56# Pitch #-8# Roll #354#
1683991861893@SensorListener: Numbers: Azimuth #56# Pitch #-8# Roll #355#
1683991862087@SensorListener: Numbers: Azimuth #56# Pitch #-9# Roll #355#
1683991862287@SensorListener: Numbers: Azimuth #56# Pitch #-9# Roll #356#
1683991862489@SensorListener: Numbers: Azimuth #56# Pitch #-9# Roll #357#
1683991862729@SensorListener: Numbers: Azimuth #56# Pitch #-9# Roll #358#
1683991863098@SensorListener: Numbers: Azimuth #56# Pitch #-9# Roll #357#
1683991864225@SensorListener: Numbers: Azimuth #56# Pitch #-8# Roll #356#
1683991864245@SensorListener: Numbers: Azimuth #56# Pitch #-8# Roll #355#
1683991864427@SensorListener: Numbers: Azimuth #58# Pitch #-7# Roll #354#
1683991864628@SensorListener: Numbers: Azimuth #59# Pitch #-8# Roll #352#
1683991864829@SensorListener: Numbers: Azimuth #56# Pitch #-19# Roll #333#
1683991865030@SensorListener: Numbers: Azimuth #51# Pitch #-35# Roll #303#
1683991865031@SensorListener: Texts: Azimuth #EAST# Pitch #EAST# Roll #WEST#
1683991865031@SensorListener: #deviceiscorrectlyused#
1683991865042@SensorListener: Numbers: Azimuth #36# Pitch #-43# Roll#267#
1683991865042@SensorListener: Texts: Azimuth #NORTH# Pitch #EAST# Roll #WEST#
1683991865043@SensorListener: #deviceiscorrectlyused#
1683991865233@SensorListener: Numbers: Azimuth #17# Pitch #-37# Roll #217#
1683991865234@SensorListener: Texts: Azimuth #NORTH# Pitch #WEST# Roll #SOUTH#
1683991865236@SensorListener: #azimuthok#
1683991865236@SensorListener: #pitchalert#
1683991865237@SensorListener: #rollalert#
1683991865435@SensorListener: Numbers: Azimuth #5# Pitch #-21# Roll #189#
1683991865638@SensorListener: Numbers: Azimuth #4# Pitch #-11# Roll #186#
1683991865838@SensorListener: Numbers: Azimuth #4# Pitch #-11# Roll #187#
1683991865860@SensorListener: Numbers: Azimuth #14# Pitch #-25# Roll #203#
1683991866040@SensorListener: Numbers: Azimuth #41# Pitch #-40# Roll #245#
1683991866041@SensorListener: Texts: Azimuth #NORTH# Pitch #WEST# Roll #WEST#
1683991866041@SensorListener: #deviceiscorrectlyused#
1683991866242@SensorListener: Numbers: Azimuth #81# Pitch #-33# Roll #307#
1683991866243@SensorListener: Texts: Azimuth #EAST# Pitch #WEST# Roll #WEST#
1683991866244@SensorListener: #deviceiscorrectlyused#
1683991866443@SensorListener: Numbers: Azimuth #72# Pitch #-17# Roll #335#
1683991866444@SensorListener: Texts: Azimuth #EAST# Pitch #EAST# Roll #NORTH#
1683991866445@SensorListener: #azimuthok#
1683991866446@SensorListener: #pitchalert#
1683991866447@SensorListener: #rollok#
1683991866647@SensorListener: Numbers: Azimuth #64# Pitch #-11# Roll #339#
1683991866667@SensorListener: Numbers: Azimuth #62# Pitch #-12# Roll #343#
1683991866849@SensorListener: Numbers: Azimuth #62# Pitch #-10# Roll #346#
1683991867048@SensorListener: Numbers: Azimuth #61# Pitch #-10# Roll #346#
1683991867250@SensorListener: Numbers: Azimuth #62# Pitch #-10# Roll #347#
1683991867451@SensorListener: Numbers: Azimuth #62# Pitch #-10# Roll #348#
1683991867655@SensorListener: Numbers: Azimuth #62# Pitch #-10# Roll #349#
1683991868055@SensorListener: Numbers: Azimuth #62# Pitch #-9# Roll #349#
1683991868379@SensorListener: Numbers: Azimuth #62# Pitch #-9# Roll #350#
1683991868782@SensorListener: Numbers: Azimuth #62# Pitch #-9# Roll #351#
1683991869005@SensorListener: Numbers: Azimuth #61# Pitch #-9# Roll #351#
1683991869187@SensorListener: Numbers: Azimuth #61# Pitch #-8# Roll #351#
1683991869992@SensorListener: Numbers: Azimuth #61# Pitch #-8# Roll #352#
1683991870658@SensorListener: Numbers: Azimuth #61# Pitch #-9# Roll #353#
1683991870840@SensorListener: Numbers: Azimuth #62# Pitch #-9# Roll #356#
1683991871042@SensorListener: Numbers: Azimuth #63# Pitch #-8# Roll #3#
1683991871244@SensorListener: Numbers: Azimuth #64# Pitch #-9# Roll #0#
1683991871447@SensorListener: Numbers: Azimuth #63# Pitch #-10# Roll #354#
1683991871469@SensorListener: Numbers: Azimuth #65# Pitch #-15# Roll #344#
1683991871646@SensorListener: Numbers: Azimuth #61# Pitch #-27# Roll #313#
1683991871646@SensorListener: Texts: Azimuth #EAST# Pitch #EAST# Roll #WEST#
1683991871647@SensorListener: #deviceiscorrectlyused#
1683991871849@SensorListener: Numbers: Azimuth #45# Pitch #-34# Roll#255#
1683991871849@SensorListener: Texts: Azimuth #NORTHEAST# Pitch #EAST# Roll #WEST#
1683991871850@SensorListener: #deviceiscorrectlyused#
1683991872050@SensorListener: Numbers: Azimuth #23# Pitch#-21# Roll #200#
1683991872051@SensorListener: Texts: Azimuth #NORTH# Pitch #WEST# Roll #SOUTH#
1683991872052@SensorListener: #azimuthok#
1683991872053@SensorListener: #pitchalert#
1683991872054@SensorListener: #rollalert#
1683991872252@SensorListener: Numbers: Azimuth #13# Pitch #-1# Roll #182#
1683991872273@SensorListener: Numbers: Azimuth #7# Pitch #-2# Roll #186#
1683991872454@SensorListener: Numbers: Azimuth #13# Pitch #-13# Roll #201#
1683991872655@SensorListener: Numbers: Azimuth #42# Pitch #-29# Roll #248#
1683991872655@SensorListener: Texts: Azimuth #NORTH# Pitch #WEST# Roll #WEST#
1683991872655@SensorListener: #deviceiscorrectlyused#
1683991872857@SensorListener: Numbers: Azimuth #58# Pitch #-25# Roll #295#
1683991872858@SensorListener: Texts: Azimuth #EAST# Pitch #WEST# Roll #WEST#
1683991872859@SensorListener: #deviceiscorrectlyused#
1683991873066@SensorListener: Numbers: Azimuth #56# Pitch #-17# Roll #317#
1683991873070@SensorListener: Texts: Azimuth #EAST# Pitch #EAST# Roll #NORTH#
1683991873071@SensorListener: #azimuthok#
1683991873076@SensorListener: #pitchalert#
1683991873077@SensorListener: #rollok#
1683991873090@SensorListener: Numbers: Azimuth #56# Pitch #-8# Roll #331#
1683991873261@SensorListener: Numbers: Azimuth #54# Pitch #-4# Roll #329#
1683991873462@SensorListener: Numbers: Azimuth #52# Pitch #-1# Roll #326#
1683991873663@SensorListener: Numbers: Azimuth #48# Pitch #2# Roll #325#
1683991873866@SensorListener: Numbers: Azimuth #45# Pitch #5# Roll #325#
1683991873867@SensorListener: Texts: Azimuth #NORTHEAST# Pitch #EAST# Roll #NORTH#
1683991873868@SensorListener: #deviceiscorrectlyused#
1683991873890@SensorListener: Numbers: Azimuth #41# Pitch #2# Roll #328#
1683991873891@SensorListener: Texts: Azimuth #NORTH# Pitch #EAST# Roll #NORTH#
1683991873891@SensorListener: #deviceiscorrectlyused#
1683991874068@SensorListener: Numbers: Azimuth #38# Pitch #2# Roll #330#
1683991874270@SensorListener: Numbers: Azimuth #33# Pitch #2# Roll #344#
1683991874471@SensorListener: Numbers: Azimuth #31# Pitch #2# Roll #356#
1683991874673@SensorListener: Numbers: Azimuth #30# Pitch #2# Roll #356#
1683991875077@SensorListener: Numbers: Azimuth #30# Pitch #2# Roll #357#
1683991875614@SensorListener: Numbers: Azimuth #30# Pitch #2# Roll #358#
1683991875707@SensorListener: Numbers: Azimuth #30# Pitch #2# Roll #359#
1683991875839@AppManagement: #onpause#
