1682865149291@DebuggableApplications: #Progetto Android#
1682865149307@DeveloperOptions: adb: #true# devops: #true#
1682865149315@Ptracer: #started#
1682865149330@UsbChecker: ischarg: #false# usbcharg: #false# accharg: #false#
1682865151303@SensorListener:#firstcalibrationdone#
1682865151303@SensorListener: #deviceiscorrectlyused#
1682865151364@SensorListener: #calibrationdone#
1682865151405@SensorListener: Texts: Azimuth #NORTH# Pitch #NORTH# Roll #NORTH#
1682865151421@SensorListener: Numbers: Azimuth #0# Pitch #-48# Roll #0#
1682865151440@SensorListener: Numbers: Azimuth #349# Pitch #-50# Roll #354#
1682865151565@SensorListener: Numbers: Azimuth#345# Pitch #-53# Roll #354#
1682865151767@SensorListener: Numbers: Azimuth #351# Pitch #-56# Roll #2#
1682865151969@SensorListener: Numbers: Azimuth #8# Pitch #-56# Roll #18#
1682865152170@SensorListener: Numbers: Azimuth #23# Pitch #-57# Roll #31#
1682865152176@SensorListener: Numbers: Azimuth #36# Pitch #-55# Roll #41#
1682865152373@SensorListener: Numbers: Azimuth #49# Pitch #-54# Roll #51#
1682865152374@SensorListener: Texts: Azimuth #EAST# Pitch #NORTH# Roll #EAST#
1682865152374@SensorListener: #deviceiscorrectlyused#
1682865152575@SensorListener: Numbers: Azimuth #53# Pitch #-54# Roll #56#
1682865152777@SensorListener: Numbers: Azimuth #55# Pitch #-59# Roll #59#
1682865152976@SensorListener: Numbers: Azimuth #55# Pitch #-65# Roll #57#
1682865152981@SensorListener: Numbers: Azimuth #52# Pitch #-66# Roll #54#
1682865153179@SensorListener: Numbers: Azimuth #41# Pitch #-68# Roll #43#
1682865153180@SensorListener: Texts: Azimuth #NORTH# Pitch #NORTH# Roll #NORTH#
1682865153181@SensorListener: #deviceiscorrectlyused#
1682865153379@SensorListener: Numbers: Azimuth #13# Pitch #-65# Roll #11#
1682865153582@SensorListener: Numbers: Azimuth #2# Pitch #-60# Roll #1#
1682865153785@SensorListener: Numbers: Azimuth #14# Pitch #-55# Roll #14#
1682865153791@SensorListener: Numbers: Azimuth #10# Pitch #-51# Roll #18#
1682865153984@SensorListener: Numbers: Azimuth #4# Pitch #-44# Roll #3#
1682865153984@SensorListener: Texts: Azimuth #NORTH# Pitch #EAST# Roll #NORTH#
1682865153985@SensorListener: #deviceiscorrectlyused#
1682865154187@SensorListener: Numbers: Azimuth #359# Pitch #-38# Roll #359#
1682865154389@SensorListener: Numbers: Azimuth #2# Pitch #-41# Roll #2#
1682865154589@SensorListener: Numbers: Azimuth #355# Pitch #-39# Roll #359#
1682865154596@SensorListener: Numbers: Azimuth #357# Pitch #-25# Roll #16#
1682865154793@SensorListener: Numbers: Azimuth #351# Pitch #-12# Roll #27#
1682865154994@SensorListener: Numbers: Azimuth #348# Pitch #-6# Roll #31#
1682865155194@SensorListener: Numbers: Azimuth #347# Pitch #-3# Roll #30#
1682865155397@SensorListener: Numbers: Azimuth #346# Pitch #0# Roll #24#
1682865155413@SensorListener: Numbers: Azimuth #344# Pitch #0# Roll #21#
1682865155598@SensorListener: Numbers: Azimuth #345# Pitch #0# Roll #21#
1682865156409@SensorListener: Numbers: Azimuth #345# Pitch #0# Roll #20#
1682865156607@SensorListener: Numbers: Azimuth #345# Pitch #1# Roll #20#
1682865157211@SensorListener: Numbers: Azimuth #345# Pitch #2# Roll #20#
1682865159230@SensorListener: Numbers: Azimuth #346# Pitch #6# Roll #26#
1682865159431@SensorListener: Numbers: Azimuth #359# Pitch #6# Roll #51#
1682865159431@SensorListener: Texts: Azimuth #NORTH# Pitch #EAST# Roll #EAST#
1682865159432@SensorListener: #deviceiscorrectlyused#
1682865159438@SensorListener: Numbers: Azimuth #9# Pitch #-20# Roll#45#
1682865159439@SensorListener: Texts: Azimuth #NORTH# Pitch #EAST# Roll #NORTHEAST#
1682865159439@SensorListener: #deviceiscorrectlyused#
1682865159636@SensorListener: Numbers: Azimuth #310# Pitch #-66# Roll #341#
1682865159640@SensorListener: Texts: Azimuth #WEST# Pitch #NORTH# Roll #NORTH#
1682865159641@SensorListener: #deviceiscorrectlyused#
1682865159835@SensorListener: Numbers: Azimuth #319# Pitch #-46# Roll #318#
1682865159836@SensorListener: Texts: Azimuth #NORTH# Pitch #NORTH# Roll #NORTH#
1682865159837@SensorListener: #deviceiscorrectlyused#
1682865160038@SensorListener: Numbers: Azimuth #331# Pitch #-33# Roll #344#
1682865160042@SensorListener: Texts: Azimuth #NORTH# Pitch #EAST# Roll #NORTH#
1682865160043@SensorListener: #deviceiscorrectlyused#
1682865160237@SensorListener: Numbers: Azimuth #324# Pitch #-17# Roll #6#
1682865160241@SensorListener: Numbers: Azimuth #318# Pitch #-20# Roll #16#
1682865160475@SensorListener: Numbers: Azimuth #311# Pitch #-27# Roll #20#
1682865160483@SensorListener: Texts: Azimuth #WEST# Pitch #EAST# Roll #NORTH#
1682865160484@SensorListener: #deviceiscorrectlyused#
1682865160648@SensorListener: Numbers: Azimuth #316# Pitch #-41# Roll #24#
1682865160654@SensorListener: Texts: Azimuth #NORTH# Pitch #EAST# Roll #NORTH#
1682865160666@SensorListener: #deviceiscorrectlyused#
1682865160855@SensorListener: Numbers: Azimuth #328# Pitch #-44# Roll #25#
1682865161115@SensorListener: Numbers: Azimuth #331# Pitch #-45# Roll #23#
1682865161117@SensorListener: Texts: Azimuth #NORTH# Pitch #NORTHEAST# Roll #NORTH#
1682865161118@SensorListener: #deviceiscorrectlyused#
1682865161137@SensorListener: Numbers: Azimuth #330# Pitch #-48# Roll #21#
1682865161138@SensorListener: Texts: Azimuth #NORTH# Pitch #NORTH# Roll #NORTH#
1682865161139@SensorListener: #deviceiscorrectlyused#
