1688371779790@DebuggableApplications: #MyCalc#
1688371779790@DebuggableApplications: #AudioRecorder#
1688371779811@DeveloperOptions: adb: #true# devops: #true#
1688371779815@AppManagement: #onresume#
1688371779824@Ptracer: #started#
1688371780130@UsbChecker: ischarg: #false# usbcharg: #false# accharg: #false#
1688371781807@SensorListener: #firstcalibrationdone#
1688371781807@SensorListener: #deviceiscorrectlyused#
1688371781932@SensorListener: #calibrationdone#
1688371781972@SensorListener: Texts: Azimuth #NORTH# Pitch #NORTH# Roll #NORTH#
1688371781973@SensorListener: Numbers: Azimuth #0# Pitch #-52# Roll #0#
1688371782136@SensorListener: Numbers: Azimuth #357# Pitch #-25# Roll #341#
1688371782141@SensorListener: Texts: Azimuth #NORTH# Pitch #EAST# Roll #NORTH#
1688371782143@SensorListener: #deviceiscorrectlyused#
1688371782335@SensorListener: Numbers: Azimuth #358# Pitch #-17# Roll #342#
1688371782336@SensorListener: Numbers: Azimuth #355# Pitch #-19# Roll #332#
1688371782537@SensorListener: Numbers: Azimuth #359# Pitch #-34# Roll #331#
1688371783001@SensorListener: Numbers: Azimuth #20# Pitch #-70# Roll #356#
1688371783002@SensorListener: Texts: Azimuth #NORTH# Pitch #NORTH# Roll #NORTH#
1688371783002@SensorListener: #deviceiscorrectlyused#
1688371783002@SensorListener: Numbers: Azimuth #115# Pitch #-40# Roll #116#
1688371783003@SensorListener: Texts: Azimuth #EAST# Pitch #NORTH# Roll #EAST#
1688371783003@SensorListener: #deviceiscorrectlyused#
1688371783040@SensorListener: Numbers: Azimuth #124# Pitch #-22# Roll #98#
1688371783244@SensorListener: Numbers: Azimuth #122# Pitch #-31# Roll #28#
1688371783245@SensorListener: Texts: Azimuth #EAST# Pitch #EAST# Roll #NORTH#
1688371783246@SensorListener: #deviceiscorrectlyused#
1688371783451@SensorListener: Numbers: Azimuth #83# Pitch #-14# Roll #359#
1688371783728@SensorListener: Numbers: Azimuth #64# Pitch #-15# Roll #7#
1688371783930@SensorListener: Numbers: Azimuth #51# Pitch #-20# Roll #12#
1688371784047@SensorListener: Numbers: Azimuth #33# Pitch #-20# Roll #359#
1688371784048@SensorListener: Texts: Azimuth #NORTH# Pitch #EAST# Roll #NORTH#
1688371784049@SensorListener: #deviceiscorrectlyused#
1688371784237@SensorListener: Numbers: Azimuth #17# Pitch #-48# Roll #334#
1688371784240@SensorListener: Texts: Azimuth #NORTH# Pitch #NORTH# Roll #NORTH#
1688371784241@SensorListener: #deviceiscorrectlyused#
1688371784434@SensorListener: Numbers: Azimuth #352# Pitch #-74# Roll #332#
1688371784741@SensorListener: Numbers: Azimuth #242# Pitch #-65# Roll #229#
1688371784741@SensorListener: Texts: Azimuth #WEST# Pitch #NORTH# Roll #WEST#
1688371784742@SensorListener: #deviceiscorrectlyused#
1688371784938@SensorListener: Numbers: Azimuth #224# Pitch #-35# Roll #237#
1688371784938@SensorListener: Texts: Azimuth #SOUTH# Pitch #NORTH# Roll #WEST#
1688371784939@SensorListener: #azimuthalert#
1688371784939@SensorListener: #pitchok#
1688371784939@SensorListener: #rollok#
1688371785046@SensorListener: Numbers: Azimuth #229# Pitch #-31# Roll #234#
1688371785047@SensorListener: Texts: Azimuth #WEST# Pitch #NORTH# Roll #WEST#
1688371785047@SensorListener: #deviceiscorrectlyused#
1688371785361@SensorListener: Numbers: Azimuth #269# Pitch #-68# Roll #264#
1688371785444@SensorListener: Numbers: Azimuth #46# Pitch #-17# Roll #47#
1688371785445@SensorListener: Texts: Azimuth #EAST# Pitch #NORTH# Roll #EAST#
1688371785445@SensorListener: #deviceiscorrectlyused#
1688371785745@SensorListener: Numbers: Azimuth #71# Pitch #-5# Roll #60#
1688371785947@SensorListener: Numbers: Azimuth #83# Pitch #-11# Roll #66#
1688371786230@SensorListener: Numbers: Azimuth #85# Pitch #-1# Roll #64#
1688371786434@SensorListener: Numbers: Azimuth #91# Pitch #5# Roll #62#
1688371786543@SensorListener: Numbers: Azimuth #92# Pitch #2# Roll #65#
1688371786736@SensorListener: Numbers: Azimuth #94# Pitch #1# Roll #63#
1688371786936@SensorListener: Numbers: Azimuth #93# Pitch #0# Roll #61#
1688371787241@SensorListener: Numbers: Azimuth #94# Pitch #0# Roll #62#
1688371787543@SensorListener: Numbers: Azimuth #94# Pitch #0# Roll #63#
1688371787743@SensorListener: Numbers: Azimuth #94# Pitch #1# Roll #65#
1688371787947@SensorListener: Numbers: Azimuth #94# Pitch #1# Roll #66#
1688371788252@SensorListener: Numbers: Azimuth #94# Pitch #2# Roll #67#
1688371788448@SensorListener: Numbers: Azimuth #94# Pitch #2# Roll #68#
1688371788932@SensorListener: Numbers: Azimuth #94# Pitch #2# Roll #69#
1688371796437@SensorListener: Numbers: Azimuth #94# Pitch #3# Roll #71#
1688371796542@SensorListener: Numbers: Azimuth #92# Pitch #6# Roll #80#
1688371796740@SensorListener: Numbers: Azimuth #98# Pitch #-40# Roll #106#
1688371796940@SensorListener: Numbers: Azimuth #209# Pitch #-65# Roll #230#
1688371796941@SensorListener: Texts: Azimuth #SOUTH# Pitch #NORTH# Roll #WEST#
1688371796941@SensorListener: #azimuthalert#
1688371796942@SensorListener: #pitchok#
1688371796942@SensorListener: #rollok#
1688371797243@SensorListener: Numbers: Azimuth #257# Pitch #-27# Roll #236#
1688371797244@SensorListener: Texts: Azimuth #WEST# Pitch #NORTH# Roll #WEST#
1688371797245@SensorListener: #deviceiscorrectlyused#
1688371797446@SensorListener: Numbers: Azimuth #267# Pitch #-38# Roll #235#
1688371797730@SensorListener: Numbers: Azimuth #163# Pitch #-76# Roll #137#
1688371797730@SensorListener: Texts: Azimuth #SOUTH# Pitch #NORTH# Roll #SOUTH#
1688371797730@SensorListener: #azimuthalert#
1688371797731@SensorListener: #pitchok#
1688371797731@SensorListener: #rollalert#
1688371797930@SensorListener: Numbers: Azimuth #98# Pitch #-55# Roll #73#
1688371797931@SensorListener: Texts: Azimuth #EAST# Pitch #NORTH# Roll #EAST#
1688371797932@SensorListener: #deviceiscorrectlyused#
1688371798041@SensorListener: Numbers: Azimuth #72# Pitch #-42# Roll #32#
1688371798042@SensorListener: Texts: Azimuth #EAST# Pitch #EAST# Roll #NORTH#
1688371798042@SensorListener: #deviceiscorrectlyused#
1688371798233@SensorListener: Numbers: Azimuth #53# Pitch #-35# Roll #5#
1688371798433@SensorListener: Numbers: Azimuth #40# Pitch #-31# Roll #351#
1688371798433@SensorListener: Texts: Azimuth #NORTH# Pitch #EAST# Roll #NORTH#
1688371798434@SensorListener: #deviceiscorrectlyused#
1688371798738@SensorListener: Numbers: Azimuth #30# Pitch #-16# Roll #338#
1688371798937@SensorListener: Numbers: Azimuth #24# Pitch #-5# Roll #351#
1688371799042@SensorListener: Numbers: Azimuth #41# Pitch #-17# Roll #49#
1688371799043@SensorListener: Texts: Azimuth #NORTH# Pitch #EAST# Roll #EAST#
1688371799044@SensorListener: #deviceiscorrectlyused#
1688371799242@SensorListener: Numbers: Azimuth #77# Pitch #-2# Roll #70#
1688371799243@SensorListener: Texts: Azimuth #EAST# Pitch #EAST# Roll #EAST#
1688371799245@SensorListener: #deviceiscorrectlyused#
1688371799441@SensorListener: Numbers: Azimuth #103# Pitch #-23# Roll #93#
1688371799744@SensorListener: Numbers: Azimuth #148# Pitch #-61# Roll #149#
1688371799744@SensorListener: Texts: Azimuth #SOUTH# Pitch #NORTH# Roll #SOUTH#
1688371799745@SensorListener: #azimuthalert#
1688371799746@SensorListener: #pitchok#
1688371799746@SensorListener: #rollalert#
1688371799946@SensorListener: Numbers: Azimuth #224# Pitch #-56# Roll #210#
1688371800044@SensorListener: Numbers: Azimuth #249# Pitch #-38# Roll #227#
1688371800045@SensorListener: Texts: Azimuth #WEST# Pitch #NORTH# Roll #WEST#
1688371800047@SensorListener: #deviceiscorrectlyused#
1688371800229@SensorListener: Numbers: Azimuth #258# Pitch #-33# Roll #230#
1688371800436@SensorListener: Numbers: Azimuth #267# Pitch #-39# Roll #242#
1688371800732@SensorListener: Numbers: Azimuth #341# Pitch #-59# Roll #322#
1688371800732@SensorListener: Texts: Azimuth #NORTH# Pitch #NORTH# Roll #NORTH#
1688371800732@SensorListener: #deviceiscorrectlyused#
1688371800935@SensorListener: Numbers: Azimuth #40# Pitch #-33# Roll #51#
1688371800936@SensorListener: Texts: Azimuth #NORTH# Pitch #NORTH# Roll #EAST#
1688371800937@SensorListener: #deviceiscorrectlyused#
1688371801041@SensorListener: Numbers: Azimuth #74# Pitch #-33# Roll #59#
1688371801041@SensorListener: Texts: Azimuth #EAST# Pitch #NORTH# Roll #EAST#
1688371801042@SensorListener: #deviceiscorrectlyused#
1688371801240@SensorListener: Numbers: Azimuth #73# Pitch #-36# Roll #55#
1688371801440@SensorListener: Numbers: Azimuth #47# Pitch #-30# Roll #11#
1688371801440@SensorListener: Texts: Azimuth #EAST# Pitch #EAST# Roll #NORTH#
1688371801440@SensorListener: #deviceiscorrectlyused#
1688371801742@SensorListener: Numbers: Azimuth #48# Pitch #-17# Roll #57#
1688371801743@SensorListener: Texts: Azimuth #EAST# Pitch #EAST# Roll #EAST#
1688371801743@SensorListener: #deviceiscorrectlyused#
1688371801944@SensorListener: Numbers: Azimuth #93# Pitch #-21# Roll #86#
1688371802043@SensorListener: Numbers: Azimuth #104# Pitch #-15# Roll #81#
1688371802247@SensorListener: Numbers: Azimuth #110# Pitch #-1# Roll #74#
1688371802453@SensorListener: Numbers: Azimuth #108# Pitch #3# Roll #72#
1688371802730@SensorListener: Numbers: Azimuth #107# Pitch #2# Roll #73#
1688371802931@SensorListener: Numbers: Azimuth #107# Pitch #8# Roll #72#
1688371803041@SensorListener: Numbers: Azimuth #108# Pitch #8# Roll #71#
1688371803237@SensorListener: Numbers: Azimuth #107# Pitch #8# Roll #70#
1688371803436@SensorListener: Numbers: Azimuth #105# Pitch #7# Roll #71#
1688371803737@SensorListener: Numbers: Azimuth #105# Pitch #9# Roll #70#
1688371803941@SensorListener: Numbers: Azimuth #103# Pitch #9# Roll #71#
1688371804042@SensorListener: Numbers: Azimuth #101# Pitch #-27# Roll #86#
1688371804243@SensorListener: Numbers: Azimuth #156# Pitch #-63# Roll #154#
1688371804243@SensorListener: Texts: Azimuth #SOUTH# Pitch #NORTH# Roll #SOUTH#
1688371804243@SensorListener: #azimuthalert#
1688371804246@SensorListener: #pitchok#
1688371804247@SensorListener: #rollalert#
1688371804445@SensorListener: Numbers: Azimuth #211# Pitch #-36# Roll #211#
1688371804450@SensorListener: Texts: Azimuth #SOUTH# Pitch #WEST# Roll #SOUTH#
1688371804453@SensorListener: #azimuthalert#
1688371804454@SensorListener: #pitchok#
1688371804455@SensorListener: #rollalert#
1688371804726@SensorListener: Numbers: Azimuth #247# Pitch #-26# Roll #222#
1688371804727@SensorListener: Texts: Azimuth #WEST# Pitch #WEST# Roll #SOUTH#
1688371804727@SensorListener: #azimuthok#
1688371804727@SensorListener: #pitchok#
1688371804728@SensorListener: #rollalert#
1688371805009@SensorListener: Numbers: Azimuth #265# Pitch #-14# Roll #237#
1688371805009@SensorListener: Texts: Azimuth #WEST# Pitch #WEST# Roll #WEST#
1688371805010@SensorListener: #deviceiscorrectlyused#
1688371805042@SensorListener: Numbers: Azimuth #269# Pitch #-27# Roll #235#
1688371805231@SensorListener: Numbers: Azimuth #254# Pitch #-68# Roll #233#
1688371805434@SensorListener: Numbers: Azimuth #81# Pitch #-69# Roll #65#
1688371805435@SensorListener: Texts: Azimuth #EAST# Pitch #WEST# Roll #EAST#
1688371805436@SensorListener: #deviceiscorrectlyused#
1688371805745@SensorListener: Numbers: Azimuth #83# Pitch #-18# Roll #77#
1688371805939@SensorListener: Numbers: Azimuth #93# Pitch #-25# Roll #68#
1688371806041@SensorListener: Numbers: Azimuth #70# Pitch #-27# Roll #2#
1688371806042@SensorListener: Texts: Azimuth #EAST# Pitch #EAST# Roll #NORTH#
1688371806042@SensorListener: #azimuthok#
1688371806042@SensorListener: #pitchalert#
1688371806042@SensorListener: #rollok#
1688371806241@SensorListener: Numbers: Azimuth #32# Pitch #-1# Roll #39#
1688371806241@SensorListener: Texts: Azimuth #NORTH# Pitch #EAST# Roll #NORTH#
1688371806242@SensorListener: #deviceiscorrectlyused#
1688371806447@SensorListener: Numbers: Azimuth #27# Pitch #0# Roll #61#
1688371806448@SensorListener: Texts: Azimuth #NORTH# Pitch #EAST# Roll #EAST#
1688371806448@SensorListener: #deviceiscorrectlyused#
1688371806744@SensorListener: Numbers: Azimuth #21# Pitch #-14# Roll #55#
1688371806949@SensorListener: Numbers: Azimuth #21# Pitch #-29# Roll #52#
1688371807043@SensorListener: Numbers: Azimuth #19# Pitch #-33# Roll #50#
1688371807234@SensorListener: Numbers: Azimuth #19# Pitch #-34# Roll #49#
1688371807434@SensorListener: Numbers: Azimuth #28# Pitch #-40# Roll #48#
1688371807615@AppManagement: #onpause#
