1691402018647@DebuggableApplications: #MyCalc#
1691402018650@DebuggableApplications: #AudioRecorder#
1691402018675@DeveloperOptions: adb: #false# devops: #true#
1691402018692@Ptracer: #started#
1691402018699@UsbChecker: ischarg: #false# usbcharg: #false# accharg: #false#
1691402020669@SensorListener: #firstcalibrationdone#
1691402020669@SensorListener: #deviceiscorrectlyused#
1691402020800@SensorListener: #calibrationdone#
1691402020871@SensorListener: Texts: Azimuth #NORTH# Pitch #EAST# Roll #NORTH#
1691402020871@SensorListener: Numbers: Azimuth #0# Pitch #3# Roll #0#
1691402021008@SensorListener: Numbers: Azimuth #0# Pitch #3# Roll #359#
1691402022996@SensorListener: Numbers: Azimuth #359# Pitch #3# Roll #0#
1691402023399@SensorListener: Numbers: Azimuth #0# Pitch #3# Roll #359#
1691402023672@SensorListener: Numbers: Azimuth #359# Pitch #3# Roll #0#
1691402024006@SensorListener: Numbers: Azimuth #0# Pitch #3# Roll #359#
1691402024811@SensorListener: Numbers: Azimuth #359# Pitch #3# Roll #0#
1691402025215@SensorListener: Numbers: Azimuth #0# Pitch #3# Roll #359#
1691402026687@SensorListener: Numbers: Azimuth #359# Pitch #3# Roll #0#
1691402026840@SensorListener: Numbers: Azimuth #0# Pitch #3# Roll #359#
1691402029369@SensorListener: Numbers: Azimuth #359# Pitch #3# Roll #0#
1691402029474@SensorListener: Numbers: Azimuth #0# Pitch #3# Roll #359#
1691402032080@SensorListener: Numbers: Azimuth #359# Pitch #3# Roll #0#
1691402032506@AppManagement: #onpause#
