1682775440930@DebuggableApplications: #Progetto Android#
1682775440952@DeveloperOptions: adb: #true# devops: #true#
1682775440957@Ptracer: #started#
1682775440964@UsbChecker: ischarg: #true# usbcharg: #false# accharg: #true#
1682775442947@SensorListener: #firstcalibrationdone#
1682775442947@SensorListener: #deviceiscorrectlyused#
1682775443000@SensorListener: #calibrationdone#
1682775443030@SensorListener: Texts: Azimuth #NORTH# Pitch #NORTH# Roll #NORTH#
1682775443031@SensorListener: Numbers: Azimuth #0# Pitch #-48# Roll #0#
1682775443203@SensorListener: Numbers: Azimuth #354# Pitch #-53# Roll #11#
1682775443409@SensorListener: Numbers: Azimuth #12# Pitch #-59# Roll #33#
1682775443415@SensorListener: Numbers: Azimuth #29# Pitch #-56# Roll #46#
1682775443415@SensorListener: Texts: Azimuth #NORTH# Pitch #NORTH# Roll #EAST#
1682775443416@SensorListener: #deviceiscorrectlyused#
1682775443608@SensorListener: Numbers: Azimuth #38# Pitch #-50# Roll #50#
1682775443829@SensorListener: Numbers: Azimuth #34# Pitch #-42# Roll #41#
1682775443829@SensorListener: Texts: Azimuth #NORTH# Pitch #EAST# Roll #NORTH#
1682775443830@SensorListener: #deviceiscorrectlyused#
1682775444010@SensorListener: Numbers: Azimuth #18# Pitch #-39# Roll #21#
1682775444218@SensorListener: Numbers: Azimuth #12# Pitch #-38# Roll #13#
1682775444287@SensorListener: Numbers: Azimuth #10# Pitch #-40# Roll #10#
1682775444424@SensorListener: Numbers: Azimuth #7# Pitch #-42# Roll #12#
1682775444696@SensorListener: Numbers: Azimuth #6# Pitch #-42# Roll #15#
1682775444886@SensorListener: Numbers: Azimuth #3# Pitch #-43# Roll #14#
1682775444955@AppManagement: #onpause#
