1685273176351@DebuggableApplications: #MyCalc#
1685273176354@DebuggableApplications: #AudioRecorder#
1685273176356@DebuggableApplications: #Progetto Android#
1685273176391@DeveloperOptions: adb: #true# devops: #true#
1685273176397@Ptracer: #started#
1685273176414@UsbChecker: ischarg: #false# usbcharg: #false# accharg: #false#
1685273178378@SensorListener: #firstcalibrationdone#
1685273178378@SensorListener: #deviceiscorrectlyused#
1685273178430@SensorListener: #calibrationdone#
1685273178469@SensorListener: Texts: Azimuth #NORTH# Pitch #NORTHEAST# Roll #NORTH#
1685273178472@SensorListener: Numbers: Azimuth #0# Pitch #-45# Roll#0#
1685273178633@SensorListener: Numbers: Azimuth #359# Pitch #-42# Roll #358#
1685273178634@SensorListener: Texts: Azimuth #NORTH# Pitch #EAST# Roll #NORTH#
1685273178636@SensorListener: #deviceiscorrectlyused#
1685273178835@SensorListener: Numbers: Azimuth #359# Pitch #-41# Roll #356#
1685273178836@SensorListener: Numbers: Azimuth #358# Pitch #-40# Roll #355#
1685273179039@SensorListener: Numbers: Azimuth #359# Pitch #-41# Roll #356#
1685273179238@SensorListener: Numbers: Azimuth #359# Pitch #-42# Roll #356#
1685273179438@SensorListener: Numbers: Azimuth #0# Pitch #-42# Roll #357#
1685273179640@SensorListener: Numbers: Azimuth #1# Pitch #-47# Roll #358#
1685273179641@SensorListener: Texts: Azimuth #NORTH# Pitch #NORTH# Roll #NORTH#
1685273179642@SensorListener: #deviceiscorrectlyused#
1685273179644@SensorListener: Numbers: Azimuth #359# Pitch #-44# Roll #357#
1685273179645@SensorListener: Texts: Azimuth #NORTH# Pitch #EAST# Roll #NORTH#
1685273179646@SensorListener: #deviceiscorrectlyused#
1685273179842@SensorListener: Numbers: Azimuth #356# Pitch #-36# Roll #13#
1685273180043@SensorListener: Numbers: Azimuth #352# Pitch #-35# Roll #29#
1685273180245@SensorListener: Numbers: Azimuth #0# Pitch #-34# Roll #37#
1685273180469@SensorListener: Numbers: Azimuth #13# Pitch #-39# Roll #60#
1685273180470@SensorListener: Texts: Azimuth #NORTH# Pitch #EAST# Roll #EAST#
1685273180471@SensorListener: #deviceiscorrectlyused#
1685273180669@SensorListener: Numbers: Azimuth #353# Pitch #-35# Roll #47#
1685273180992@SensorListener: Numbers: Azimuth #319# Pitch #-20# Roll #354#
1685273180993@SensorListener: Texts: Azimuth #NORTH# Pitch #EAST# Roll #NORTH#
1685273180993@SensorListener: #deviceiscorrectlyused#
1685273181154@SensorListener: Numbers: Azimuth #4# Pitch #-27# Roll #342#
1685273181252@SensorListener: Numbers: Azimuth #30# Pitch #-31# Roll #348#
1685273181438@SensorListener: Numbers: Azimuth #22# Pitch #-37# Roll #332#
1685273181639@SensorListener: Numbers: Azimuth #13# Pitch #-39# Roll #330#
1685273181964@SensorListener: Numbers: Azimuth #10# Pitch #-44# Roll #327#
1685273182199@SensorListener: Numbers: Azimuth #11# Pitch #-45# Roll #331#
1685273182200@SensorListener: Texts: Azimuth #NORTH# Pitch #NORTHEAST# Roll #NORTH#
1685273182207@SensorListener: #deviceiscorrectlyused#
1685273182303@SensorListener: Numbers: Azimuth #12# Pitch #-50# Roll #331#
1685273182304@SensorListener: Texts: Azimuth #NORTH# Pitch #NORTH# Roll #NORTH#
1685273182305@SensorListener: #deviceiscorrectlyused#
1685273182481@SensorListener: Numbers: Azimuth #14# Pitch #-50# Roll #336#
1685273182727@SensorListener: Numbers: Azimuth #14# Pitch #-45# Roll #339#
1685273182727@SensorListener: Texts: Azimuth #NORTH# Pitch #NORTHEAST# Roll #NORTH#
1685273182728@SensorListener: #deviceiscorrectlyused#
1685273182962@SensorListener: Numbers: Azimuth #19# Pitch #-43# Roll #339#
1685273182965@SensorListener: Texts: Azimuth #NORTH# Pitch #EAST# Roll #NORTH#
1685273182970@SensorListener: #deviceiscorrectlyused#
1685273183160@SensorListener: Numbers: Azimuth #20# Pitch #-44# Roll #338#
1685273183339@SensorListener: Numbers: Azimuth #19# Pitch #-44# Roll #337#
1685273183471@SensorListener: Numbers: Azimuth #21# Pitch #-44# Roll #337#
1685273183659@SensorListener: Numbers: Azimuth #20# Pitch #-46# Roll #337#
1685273183660@SensorListener: Texts: Azimuth #NORTH# Pitch #NORTH# Roll #NORTH#
1685273183661@SensorListener: #deviceiscorrectlyused#
1685273183938@SensorListener: Numbers: Azimuth #23# Pitch #-45# Roll #340#
1685273183938@SensorListener: Texts: Azimuth #NORTH# Pitch #NORTHEAST# Roll #NORTH#
1685273183939@SensorListener: #deviceiscorrectlyused#
1685273184141@SensorListener: Numbers: Azimuth #23# Pitch #-45# Roll #342#
1685273184252@SensorListener: Numbers: Azimuth #14# Pitch #-48# Roll #336#
1685273184252@SensorListener: Texts: Azimuth #NORTH# Pitch #NORTH# Roll #NORTH#
1685273184253@SensorListener: #deviceiscorrectlyused#
1685273184441@SensorListener: Numbers: Azimuth #4# Pitch #-52# Roll #326#
1685273184780@SensorListener: Numbers: Azimuth #13# Pitch #-48# Roll #334#
1685273185010@SensorListener: Numbers: Azimuth #14# Pitch #-42# Roll #340#
1685273185011@SensorListener: Texts: Azimuth #NORTH# Pitch #EAST# Roll #NORTH#
1685273185012@SensorListener: #deviceiscorrectlyused#
1685273185149@SensorListener: Numbers: Azimuth #16# Pitch #-41# Roll #343#
1685273185251@SensorListener: Numbers: Azimuth #19# Pitch #-41# Roll #345#
1685273185451@SensorListener: Numbers: Azimuth #26# Pitch #-42# Roll #348#
1685273185653@SensorListener: Numbers: Azimuth #28# Pitch #-44# Roll #348#
1685273185954@SensorListener: Numbers: Azimuth #27# Pitch #-45# Roll #347#
1685273185955@SensorListener: Texts: Azimuth #NORTH# Pitch #NORTHEAST# Roll #NORTH#
1685273185957@SensorListener: #deviceiscorrectlyused#
1685273186328@SensorListener: Numbers: Azimuth #26# Pitch #-45# Roll #346#
1685273186713@SensorListener: Numbers: Azimuth #28# Pitch #-49# Roll #346#
1685273186713@SensorListener: Texts: Azimuth #NORTH# Pitch #NORTH# Roll #NORTH#
1685273186713@SensorListener: #deviceiscorrectlyused#
1685273186818@SensorListener: Numbers: Azimuth #28# Pitch #-52# Roll #347#
1685273187048@SensorListener: Numbers: Azimuth #24# Pitch #-52# Roll #346#
1685273187221@SensorListener: Numbers: Azimuth #27# Pitch #-49# Roll #350#
1685273187567@SensorListener: Numbers: Azimuth #21# Pitch #-54# Roll #345#
1685273187760@SensorListener: Numbers: Azimuth #20# Pitch #-54# Roll #345#
1685273187764@SensorListener: Numbers: Azimuth #25# Pitch #-54# Roll #351#
1685273187978@SensorListener: Numbers: Azimuth #18# Pitch #-56# Roll #348#
1685273188271@SensorListener: Numbers: Azimuth #20# Pitch #-53# Roll #349#
1685273188511@SensorListener: Numbers: Azimuth #20# Pitch #-49# Roll #347#
1685273188652@SensorListener: Numbers: Azimuth #21# Pitch #-49# Roll #344#
1685273188866@SensorListener: Numbers: Azimuth #25# Pitch #-50# Roll #346#
1685273188956@SensorListener: Numbers: Azimuth #25# Pitch #-47# Roll #347#
1685273189142@SensorListener: Numbers: Azimuth #27# Pitch #-47# Roll #348#
1685273189457@SensorListener: Numbers: Azimuth #28# Pitch #-49# Roll #347#
1685273189663@SensorListener: Numbers: Azimuth #29# Pitch #-45# Roll #351#
1685273189663@SensorListener: Texts: Azimuth #NORTH# Pitch #NORTHEAST# Roll #NORTH#
1685273189665@SensorListener: #deviceiscorrectlyused#
1685273189780@SensorListener: Numbers: Azimuth #24# Pitch #-46# Roll #348#
1685273189781@SensorListener: Texts: Azimuth #NORTH# Pitch #NORTH# Roll #NORTH#
1685273189782@SensorListener: #deviceiscorrectlyused#
1685273190001@SensorListener: Numbers: Azimuth #26# Pitch #-46# Roll #347#
1685273190161@SensorListener: Numbers: Azimuth #26# Pitch #-45# Roll #347#
1685273190161@SensorListener: Texts: Azimuth #NORTH# Pitch #NORTHEAST# Roll #NORTH#
1685273190161@SensorListener: #deviceiscorrectlyused#
1685273190461@SensorListener: Numbers: Azimuth #26# Pitch #-44# Roll #348#
1685273190461@SensorListener: Texts: Azimuth #NORTH# Pitch #EAST# Roll #NORTH#
1685273190462@SensorListener: #deviceiscorrectlyused#
1685273190662@SensorListener: Numbers: Azimuth #27# Pitch #-44# Roll #349#
1685273190826@SensorListener: Numbers: Azimuth #26# Pitch #-45# Roll #348#
1685273190833@SensorListener: Texts: Azimuth #NORTH# Pitch #NORTHEAST# Roll #NORTH#
1685273190842@SensorListener: #deviceiscorrectlyused#
1685273190942@SensorListener: Numbers: Azimuth #26# Pitch #-44# Roll #347#
1685273190947@SensorListener: Texts: Azimuth #NORTH# Pitch #EAST# Roll #NORTH#
1685273190947@SensorListener: #deviceiscorrectlyused#
1685273191142@SensorListener: Numbers: Azimuth #27# Pitch #-43# Roll #347#
1685273191519@SensorListener: Numbers: Azimuth #27# Pitch #-44# Roll #349#
1685273191644@SensorListener: Numbers: Azimuth #24# Pitch #-44# Roll #349#
1685273191752@SensorListener: Numbers: Azimuth #23# Pitch #-45# Roll #349#
1685273191754@SensorListener: Texts: Azimuth #NORTH# Pitch #NORTHEAST# Roll #NORTH#
1685273191757@SensorListener: #deviceiscorrectlyused#
1685273192170@SensorListener: Numbers: Azimuth #26# Pitch #-47# Roll #351#
1685273192170@SensorListener: Texts: Azimuth #NORTH# Pitch #NORTH# Roll #NORTH#
1685273192171@SensorListener: #deviceiscorrectlyused#
1685273192474@SensorListener: Numbers: Azimuth #22# Pitch #-49# Roll #352#
1685273192664@SensorListener: Numbers: Azimuth #21# Pitch #-49# Roll #351#
1685273192893@SensorListener: Numbers: Azimuth #23# Pitch #-48# Roll #352#
1685273192970@SensorListener: Numbers: Azimuth #20# Pitch #-47# Roll #347#
1685273193165@SensorListener: Numbers: Azimuth #22# Pitch #-47# Roll #346#
1685273193467@SensorListener: Numbers: Azimuth #26# Pitch #-46# Roll #347#
1685273193655@SensorListener: Numbers: Azimuth #27# Pitch #-43# Roll #347#
1685273193656@SensorListener: Texts: Azimuth #NORTH# Pitch #EAST# Roll #NORTH#
1685273193657@SensorListener: #deviceiscorrectlyused#
1685273193755@SensorListener: Numbers: Azimuth #29# Pitch #-44# Roll #348#
1685273193959@SensorListener: Numbers: Azimuth #29# Pitch #-43# Roll #349#
1685273194160@SensorListener: Numbers: Azimuth #25# Pitch #-44# Roll #348#
1685273194487@SensorListener: Numbers: Azimuth #29# Pitch #-44# Roll #349#
1685273194692@SensorListener: Numbers: Azimuth #30# Pitch #-42# Roll #349#
1685273194803@SensorListener: Numbers: Azimuth #28# Pitch #-42# Roll #348#
1685273194958@SensorListener: Numbers: Azimuth #29# Pitch #-44# Roll #347#
1685273195171@SensorListener: Numbers: Azimuth #29# Pitch #-43# Roll #347#
1685273195507@SensorListener: Numbers: Azimuth #29# Pitch #-43# Roll #348#
1685273195672@SensorListener: Numbers: Azimuth #28# Pitch #-42# Roll #348#
1685273195789@SensorListener: Numbers: Azimuth #28# Pitch #-44# Roll #349#
1685273195991@SensorListener: Numbers: Azimuth #25# Pitch #-45# Roll #348#
1685273195991@SensorListener: Texts: Azimuth #NORTH# Pitch #NORTHEAST# Roll #NORTH#
1685273195991@SensorListener: #deviceiscorrectlyused#
1685273196171@SensorListener: Numbers: Azimuth #24# Pitch #-46# Roll #345#
1685273196172@SensorListener: Texts: Azimuth #NORTH# Pitch #NORTH# Roll #NORTH#
1685273196173@SensorListener: #deviceiscorrectlyused#
1685273196448@SensorListener: Numbers: Azimuth #23# Pitch #-47# Roll #344#
1685273196715@SensorListener: Numbers: Azimuth #22# Pitch #-49# Roll #343#
1685273196756@SensorListener: Numbers: Azimuth #20# Pitch #-50# Roll #341#
1685273196958@SensorListener: Numbers: Azimuth #22# Pitch #-50# Roll #344#
1685273197176@SensorListener: Numbers: Azimuth #16# Pitch #-50# Roll #336#
1685273197485@SensorListener: Numbers: Azimuth #32# Pitch #-47# Roll #346#
1685273197660@SensorListener: Numbers: Azimuth #28# Pitch #-44# Roll #346#
1685273197661@SensorListener: Texts: Azimuth #NORTH# Pitch #EAST# Roll #NORTH#
1685273197661@SensorListener: #deviceiscorrectlyused#
1685273198125@SensorListener: Numbers: Azimuth #25# Pitch #-44# Roll #346#
1685273198163@SensorListener: Numbers: Azimuth #25# Pitch #-43# Roll #347#
1685273198281@SensorListener: Numbers: Azimuth #25# Pitch #-35# Roll #348#
1685273198763@SensorListener: Numbers: Azimuth #29# Pitch #-29# Roll #346#
1685273198765@SensorListener: Numbers: Azimuth #36# Pitch #-31# Roll #344#
1685273199841@SensorListener: Numbers: Azimuth #37# Pitch #-32# Roll #342#
1685273199845@SensorListener: Numbers: Azimuth #41# Pitch #-31# Roll #345#
1685273199847@SensorListener: Numbers: Azimuth #43# Pitch #-28# Roll #347#
1685273199851@SensorListener: Numbers: Azimuth #45# Pitch #-29# Roll #347#
1685273199852@SensorListener: Texts: Azimuth #NORTHEAST# Pitch #EAST# Roll #NORTH#
1685273199853@SensorListener: #deviceiscorrectlyused#
1685273199858@SensorListener: Numbers: Azimuth #46# Pitch #-31# Roll #345#
1685273199859@SensorListener: Texts: Azimuth #EAST# Pitch #EAST# Roll #NORTH#
1685273199860@SensorListener: #deviceiscorrectlyused#
1685273199979@SensorListener: Numbers: Azimuth #50# Pitch #-33# Roll #345#
1685273200725@SensorListener: Numbers: Azimuth #49# Pitch #-35# Roll #344#
1685273200727@SensorListener: Numbers: Azimuth #49# Pitch #-36# Roll #344#
1685273200729@SensorListener: Numbers: Azimuth #48# Pitch #-37# Roll #344#
1685273200730@SensorListener: Numbers: Azimuth #45# Pitch #-38# Roll #342#
1685273200731@SensorListener: Texts: Azimuth #NORTHEAST# Pitch #EAST# Roll#NORTH#
1685273200731@SensorListener: #deviceiscorrectlyused#
1685273200951@SensorListener: Numbers: Azimuth #43# Pitch #-39# Roll #342#
1685273200957@SensorListener: Texts: Azimuth #NORTH# Pitch #EAST# Roll #NORTH#
1685273200959@SensorListener: #deviceiscorrectlyused#
1685273201148@SensorListener: Numbers: Azimuth #42# Pitch #-39# Roll #342#
1685273201259@SensorListener: Numbers: Azimuth #41# Pitch #-39# Roll #343#
1685273201455@SensorListener: Numbers: Azimuth #42# Pitch #-39# Roll #343#
1685273201690@SensorListener: Numbers: Azimuth #41# Pitch #-40# Roll #343#
1685273201956@SensorListener: Numbers: Azimuth #40# Pitch #-41# Roll #343#
1685273202160@SensorListener: Numbers: Azimuth #39# Pitch #-41# Roll #343#
1685273202702@SensorListener: Numbers: Azimuth #38# Pitch #-41# Roll #343#
1685273203271@SensorListener: Numbers: Azimuth #39# Pitch #-41# Roll #344#
1685273203461@SensorListener: Numbers: Azimuth #41# Pitch #-40# Roll #346#
1685273203659@SensorListener: Numbers: Azimuth #41# Pitch #-39# Roll #347#
1685273203947@SensorListener: Numbers: Azimuth #44# Pitch #-33# Roll #359#
1685273204150@SensorListener: Numbers: Azimuth #21# Pitch #-22# Roll #350#
1685273204257@SensorListener: Numbers: Azimuth #20# Pitch #-21# Roll #340#
1685273204453@SensorListener: Numbers: Azimuth #25# Pitch #-16# Roll #334#
1685273204654@SensorListener: Numbers: Azimuth #32# Pitch #-8# Roll #339#
1685273204935@SensorListener: Numbers: Azimuth #41# Pitch #4# Roll #348#
1685273205147@SensorListener: Numbers: Azimuth #50# Pitch #1# Roll #356#
1685273205147@SensorListener: Texts: Azimuth #EAST# Pitch #EAST# Roll #NORTH#
1685273205147@SensorListener: #deviceiscorrectlyused#
1685273205252@SensorListener: Numbers: Azimuth #58# Pitch #1# Roll #353#
1685273206197@SensorListener: Numbers: Azimuth #58# Pitch #2# Roll #353#
1685273206454@SensorListener: Numbers: Azimuth #58# Pitch #2# Roll #354#
1685273240373@SensorListener: Numbers: Azimuth #58# Pitch #3# Roll #354#
1685273240375@SensorListener: Numbers: Azimuth #58# Pitch #3# Roll #355#
1685273240383@SensorListener: Numbers: Azimuth #56# Pitch #3# Roll #356#
1685273240574@SensorListener: Numbers: Azimuth #55# Pitch #0# Roll #358#
1685273240938@SensorListener: Numbers: Azimuth #53# Pitch #-11# Roll #1#
1685273240940@SensorListener: Numbers: Azimuth #51# Pitch #-30# Roll #358#
1685273240943@SensorListener: Numbers: Azimuth #49# Pitch #-36# Roll #354#
1685273241138@SensorListener: Numbers: Azimuth #43# Pitch #-40# Roll #355#
1685273241139@SensorListener: Texts: Azimuth #NORTH# Pitch #EAST# Roll #NORTH#
1685273241139@SensorListener: #deviceiscorrectlyused#
1685273241316@SensorListener: Numbers: Azimuth #33# Pitch #-43# Roll #351#
1685273241581@SensorListener: Numbers: Azimuth #28# Pitch #-46# Roll #348#
1685273241581@SensorListener: Texts: Azimuth #NORTH# Pitch #NORTH# Roll #NORTH#
1685273241582@SensorListener: #deviceiscorrectlyused#
1685273241734@SensorListener: Numbers: Azimuth #17# Pitch #-43# Roll #339#
1685273241734@SensorListener: Texts: Azimuth #NORTH# Pitch #EAST# Roll #NORTH#
1685273241735@SensorListener: #deviceiscorrectlyused#
1685273241736@SensorListener: Numbers: Azimuth #15# Pitch#-45# Roll #338#
1685273241737@SensorListener: Texts: Azimuth #NORTH# Pitch #NORTHEAST# Roll #NORTH#
1685273241738@SensorListener: #deviceiscorrectlyused#
1685273241924@SensorListener: Numbers: Azimuth #12# Pitch #-45# Roll #335#
1685273242204@SensorListener: Numbers: Azimuth #10# Pitch #-45# Roll #333#
1685273242315@SensorListener: Numbers: Azimuth #9# Pitch #-46# Roll #332#
1685273242318@SensorListener: Texts: Azimuth #NORTH# Pitch #NORTH# Roll #NORTH#
1685273242319@SensorListener: #deviceiscorrectlyused#
1685273242548@SensorListener: Numbers: Azimuth #7# Pitch #-47# Roll #332#
1685273242556@SensorListener: Numbers: Azimuth #8# Pitch #-46# Roll #333#
1685273242847@SensorListener: Numbers: Azimuth #7# Pitch #-47# Roll #332#
1685273243042@SensorListener: Numbers: Azimuth #7# Pitch #-48# Roll #333#
1685273243509@SensorListener: Numbers: Azimuth #7# Pitch #-47# Roll #332#
1685273243744@SensorListener: Numbers: Azimuth #8# Pitch #-47# Roll #333#
1685273243846@SensorListener: Numbers: Azimuth #7# Pitch #-46# Roll #332#
1685273244026@SensorListener: Numbers: Azimuth #5# Pitch #-47# Roll #332#
1685273244265@SensorListener: Numbers: Azimuth #5# Pitch #-48# Roll #332#
1685273244598@SensorListener: Numbers: Azimuth #6# Pitch #-48# Roll #334#
1685273244761@SensorListener: Numbers: Azimuth #6# Pitch #-50# Roll #335#
1685273245064@SensorListener: Numbers: Azimuth #5# Pitch #-50# Roll #335#
1685273245065@SensorListener: Numbers: Azimuth #5# Pitch #-52# Roll #336#
1685273245220@SensorListener: Numbers: Azimuth #3# Pitch #-52# Roll #336#
1685273245539@SensorListener: Numbers: Azimuth #4# Pitch #-52# Roll #336#
1685273245750@SensorListener: Numbers: Azimuth #3# Pitch #-51# Roll #337#
1685273245862@SensorListener: Numbers: Azimuth #3# Pitch #-50# Roll #336#
1685273246114@SensorListener: Numbers: Azimuth #4# Pitch #-49# Roll #335#
1685273246217@SensorListener: Numbers: Azimuth #6# Pitch #-48# Roll #336#
1685273246531@SensorListener: Numbers: Azimuth #6# Pitch #-47# Roll #336#
1685273246784@SensorListener: Numbers: Azimuth #7# Pitch #-47# Roll #336#
1685273246833@SensorListener: Numbers: Azimuth #8# Pitch #-48# Roll #337#
1685273247040@SensorListener: Numbers: Azimuth #6# Pitch #-47# Roll #336#
1685273247337@SensorListener: Numbers: Azimuth #8# Pitch #-47# Roll #338#
1685273247710@SensorListener: Numbers: Azimuth #7# Pitch #-47# Roll #339#
1685273247985@SensorListener: Numbers: Azimuth #8# Pitch #-46# Roll #338#
1685273247987@SensorListener: Numbers: Azimuth #9# Pitch #-46# Roll #339#
1685273248050@SensorListener: Numbers: Azimuth #8# Pitch #-47# Roll #339#
1685273248225@SensorListener: Numbers: Azimuth #6# Pitch #-47# Roll #337#
1685273248583@SensorListener: Numbers: Azimuth #9# Pitch #-46# Roll #338#
1685273248821@SensorListener: Numbers: Azimuth #9# Pitch #-49# Roll #338#
1685273249041@SensorListener: Numbers: Azimuth #8# Pitch #-49# Roll #338#
1685273249221@SensorListener: Numbers: Azimuth #8# Pitch #-50# Roll #339#
1685273249542@SensorListener: Numbers: Azimuth #6# Pitch #-49# Roll #336#
1685273249748@SensorListener: Numbers: Azimuth #7# Pitch #-48# Roll #338#
1685273249844@SensorListener: Numbers: Azimuth #6# Pitch #-47# Roll #338#
1685273250030@SensorListener: Numbers: Azimuth #11# Pitch #-49# Roll #341#
1685273250293@SensorListener: Numbers: Azimuth #12# Pitch #-51# Roll #344#
1685273250533@SensorListener: Numbers: Azimuth #10# Pitch #-51# Roll #343#
1685273250727@SensorListener: Numbers: Azimuth #8# Pitch #-53# Roll #343#
1685273250824@SensorListener: Numbers: Azimuth #351# Pitch #-57# Roll #324#
1685273251008@SensorListener: Numbers: Azimuth #8# Pitch #-58# Roll #310#
1685273251009@SensorListener: Texts: Azimuth #NORTH# Pitch #NORTH# Roll #WEST#
1685273251009@SensorListener: #deviceiscorrectlyused#
1685273251210@SensorListener: Numbers: Azimuth #281# Pitch #-63# Roll #207#
1685273251211@SensorListener: Texts: Azimuth #WEST# Pitch #NORTH# Roll #SOUTH#
1685273251212@SensorListener: #azimuthok#
1685273251213@SensorListener: #pitchok#
1685273251213@SensorListener: #rollalert#
1685273251513@SensorListener: Numbers: Azimuth #257# Pitch #1# Roll #154#
1685273251514@SensorListener: Texts: Azimuth #WEST# Pitch #WEST# Roll #SOUTH#
1685273251515@SensorListener: #azimuthok#
1685273251516@SensorListener: #pitchok#
1685273251524@SensorListener: #rollalert#
1685273251715@SensorListener: Numbers: Azimuth #329# Pitch #5# Roll #169#
1685273251715@SensorListener: Texts: Azimuth #NORTH# Pitch #WEST# Roll #SOUTH#
1685273251715@SensorListener: #azimuthok#
1685273251716@SensorListener: #pitchok#
1685273251716@SensorListener: #rollalert#
1685273251818@SensorListener: Numbers: Azimuth #3# Pitch #-39# Roll #226#
1685273251818@SensorListener: Texts: Azimuth #NORTH# Pitch #WEST# Roll #WEST#
1685273251818@SensorListener: #deviceiscorrectlyused#
1685273252028@SensorListener: Numbers: Azimuth #64# Pitch #-48# Roll #335#
1685273252028@SensorListener: Texts: Azimuth #EAST# Pitch #NORTH# Roll #NORTH#
1685273252029@SensorListener: #deviceiscorrectlyused#
1685273252219@SensorListener: Numbers: Azimuth #75# Pitch #-28# Roll #337#
1685273252220@SensorListener: Texts: Azimuth #EAST# Pitch #EAST# Roll #NORTH#
1685273252221@SensorListener:#deviceiscorrectlyused#
1685273252520@SensorListener: Numbers: Azimuth #69# Pitch #-35# Roll #342#
1685273252722@SensorListener: Numbers: Azimuth #70# Pitch #-41# Roll #341#
1685273253005@SensorListener: Numbers: Azimuth #73# Pitch #-42# Roll #338#
1685273253207@SensorListener: Numbers: Azimuth #65# Pitch #-28# Roll #337#
1685273253318@SensorListener: Numbers: Azimuth #62# Pitch #-34# Roll #333#
1685273253509@SensorListener: Numbers: Azimuth #53# Pitch #-32# Roll #350#
1685273253712@SensorListener: Numbers: Azimuth #30# Pitch #-26# Roll #350#
1685273253712@SensorListener: Texts: Azimuth #NORTH# Pitch #EAST# Roll #NORTH#
1685273253713@SensorListener: #deviceiscorrectlyused#
1685273254014@SensorListener: Numbers: Azimuth #17# Pitch #-32# Roll #345#
1685273254216@SensorListener: Numbers: Azimuth #17# Pitch #-34# Roll #343#
1685273254318@SensorListener: Numbers: Azimuth #10# Pitch #-39# Roll #340#
1685273254518@SensorListener: Numbers: Azimuth #12# Pitch #-42# Roll #339#
1685273254720@SensorListener: Numbers: Azimuth #12# Pitch #-45# Roll #337#
1685273254720@SensorListener: Texts: Azimuth #NORTH# Pitch #NORTHEAST# Roll #NORTH#
1685273254720@SensorListener: #deviceiscorrectlyused#
1685273255021@SensorListener: Numbers: Azimuth #6# Pitch #-38# Roll #324#
1685273255021@SensorListener: Texts: Azimuth #NORTH# Pitch #EAST# Roll #NORTH#
1685273255021@SensorListener: #deviceiscorrectlyused#
1685273255224@SensorListener: Numbers: Azimuth #24# Pitch #-39# Roll #325#
1685273255318@SensorListener: Numbers: Azimuth #41# Pitch #-36# Roll #349#
1685273255508@SensorListener: Numbers: Azimuth #7# Pitch #-28# Roll #8#
1685273255709@SensorListener: Numbers: Azimuth #191# Pitch #-41# Roll #162#
1685273255709@SensorListener: Texts: Azimuth #SOUTH# Pitch #WEST# Roll #SOUTH#
1685273255710@SensorListener: #azimuthalert#
1685273255711@SensorListener: #pitchalert#
1685273255711@SensorListener: #rollalert#
1685273256011@SensorListener: Numbers: Azimuth #102# Pitch #10# Roll #180#
1685273256015@SensorListener: Texts: Azimuth #EAST# Pitch #WEST# Roll #SOUTH#
1685273256016@SensorListener: #azimuthok#
1685273256016@SensorListener: #pitchok#
1685273256017@SensorListener: #rollalert#
1685273256212@SensorListener: Numbers: Azimuth #90# Pitch #-3# Roll #171#
1685273256317@SensorListener: Numbers: Azimuth #75# Pitch #-50# Roll #105#
1685273256317@SensorListener: Texts: Azimuth #EAST# Pitch #WEST# Roll #EAST#
1685273256318@SensorListener: #deviceiscorrectlyused#
1685273256514@SensorListener: Numbers: Azimuth #15# Pitch #-26# Roll #25#
1685273256514@SensorListener: Texts: Azimuth #NORTH# Pitch #EAST# Roll #NORTH#
1685273256515@SensorListener: #azimuthok#
1685273256515@SensorListener: #pitchalert#
1685273256515@SensorListener: #rollok#
1685273256717@SensorListener: Numbers: Azimuth #59# Pitch #-30# Roll #12#
1685273256717@SensorListener: Texts: Azimuth #EAST# Pitch #EAST# Roll #NORTH#
1685273256718@SensorListener: #deviceiscorrectlyused#
1685273257021@SensorListener: Numbers: Azimuth #58# Pitch #-57# Roll #351#
1685273257021@SensorListener: Texts: Azimuth #EAST# Pitch #NORTH# Roll #NORTH#
1685273257022@SensorListener: #deviceiscorrectlyused#
1685273257221@SensorListener: Numbers: Azimuth #27# Pitch #-43# Roll #356#
1685273257221@SensorListener: Texts: Azimuth #NORTH# Pitch #EAST# Roll #NORTH#
1685273257221@SensorListener: #deviceiscorrectlyused#
1685273257319@SensorListener: Numbers: Azimuth #44# Pitch #-31# Roll #21#
1685273257524@SensorListener: Numbers: Azimuth #49# Pitch #-32# Roll #22#
1685273257525@SensorListener: Texts: Azimuth #EAST# Pitch #EAST# Roll #NORTH#
1685273257525@SensorListener: #deviceiscorrectlyused#
1685273257725@SensorListener: Numbers: Azimuth #57# Pitch #-31# Roll #9#
1685273258012@SensorListener: Numbers: Azimuth #64# Pitch #-27# Roll #356#
1685273258210@SensorListener: Numbers: Azimuth #56# Pitch #-34# Roll #354#
1685273258375@SensorListener: Numbers: Azimuth #62# Pitch #-50# Roll #356#
1685273258375@SensorListener: Texts: Azimuth #EAST# Pitch #NORTH# Roll #NORTH#
1685273258376@SensorListener: #deviceiscorrectlyused#
1685273258617@SensorListener: Numbers: Azimuth #66# Pitch #-50# Roll #354#
1685273258678@AppManagement: #onpause#
