1684058665411@DebuggableApplications: #AudioRecorder#
1684058665414@DebuggableApplications: #Progetto Android#
1684058665435@DeveloperOptions: adb: #true# devops: #true#
1684058665438@UsbChecker: ischarg: #true# usbcharg: #true# accharg: #false#
1684058665448@Ptracer: #started#
1684058667433@SensorListener: #firstcalibrationdone#
1684058667433@SensorListener: #deviceiscorrectlyused#
1684058667541@SensorListener: #calibrationdone#
1684058667712@SensorListener: Texts: Azimuth #NORTH# Pitch #EAST# Roll #NORTH#
1684058667715@SensorListener: Numbers: Azimuth #0# Pitch #2# Roll #0#
1684058667762@SensorListener:Numbers: Azimuth #359# Pitch #2# Roll #0#
1684058668039@SensorListener: Numbers: Azimuth #0# Pitch #2# Roll #359#
1684058671397@SensorListener: Numbers: Azimuth #359# Pitch #2# Roll #0#
1684058671618@SensorListener: Numbers: Azimuth #0# Pitch #2# Roll #359#
1684058671777@SensorListener: Numbers: Azimuth #359# Pitch #2# Roll #0#
1684058672588@SensorListener: Numbers: Azimuth #0# Pitch #2# Roll #359#
1684058673401@SensorListener: Numbers: Azimuth #359# Pitch #2# Roll #0#
1684058673594@SensorListener: Numbers: Azimuth #0# Pitch #2# Roll #359#
1684058675608@SensorListener: Numbers: Azimuth #0# Pitch #5# Roll #17#
1684058675812@SensorListener: Numbers: Azimuth #14# Pitch #0# Roll #31#
1684058675813@SensorListener: Numbers: Azimuth #15# Pitch #-43# Roll #34#
1684058676012@SensorListener: Numbers: Azimuth #6# Pitch #-54# Roll #9#
1684058676013@SensorListener: Texts: Azimuth #NORTH# Pitch #NORTH# Roll #NORTH#
1684058676014@SensorListener: #deviceiscorrectlyused#
1684058676214@SensorListener: Numbers: Azimuth #338# Pitch #-50# Roll #331#
1684058676415@SensorListener: Numbers: Azimuth #333# Pitch #-33# Roll #322#
1684058676416@SensorListener: Texts: Azimuth #NORTH# Pitch #EAST# Roll #NORTH#
1684058676417@SensorListener: #deviceiscorrectlyused#
1684058676619@SensorListener: Numbers: Azimuth #336# Pitch #-20# Roll #335#
1684058676622@SensorListener: Numbers: Azimuth #336# Pitch #-20# Roll #354#
1684058676823@SensorListener: Numbers: Azimuth #334# Pitch #-22# Roll #9#
1684058677024@SensorListener: Numbers: Azimuth #332# Pitch #-22# Roll #14#
1684058677225@SensorListener: Numbers: Azimuth #335# Pitch #-19# Roll #15#
1684058677425@SensorListener: Numbers: Azimuth #346# Pitch #-15# Roll #20#
1684058677426@SensorListener: Numbers: Azimuth #352# Pitch #-2# Roll #28#
1684058677627@SensorListener: Numbers: Azimuth #358# Pitch #6# Roll #31#
1684058677828@SensorListener: Numbers: Azimuth #0# Pitch #0# Roll #30#
1684058678031@SensorListener: Numbers: Azimuth #0# Pitch #-4# Roll #28#
1684058678232@SensorListener: Numbers: Azimuth #4# Pitch #0# Roll #28#
1684058678233@SensorListener: Numbers: Azimuth #5# Pitch #0# Roll #33#
1684058678435@SensorListener: Numbers: Azimuth #7# Pitch #0# Roll #39#
1684058678637@SensorListener: Numbers: Azimuth #6# Pitch #2# Roll #36#
1684058678838@SensorListener: Numbers: Azimuth #7# Pitch #2# Roll #20#
1684058679039@SensorListener: Numbers: Azimuth #6# Pitch #2# Roll #14#
1684058679041@SensorListener: Numbers: Azimuth #5# Pitch #2# Roll #13#
1684058679505@SensorListener: Numbers: Azimuth #5# Pitch #2# Roll #12#
1684058679505@SensorListener: Numbers: Azimuth #6# Pitch #1# Roll #5#
1684058679545@SensorListener: Numbers: Azimuth #4# Pitch #1# Roll #5#
1684058680231@SensorListener: Numbers: Azimuth #4# Pitch #1# Roll #4#
1684058680438@SensorListener: Numbers: Azimuth #4# Pitch #1# Roll #3#
1684058680548@SensorListener: Numbers: Azimuth #4# Pitch #2# Roll #2#
1684058680735@SensorListener: Numbers: Azimuth #4# Pitch #2# Roll #1#
1684058680938@SensorListener: Numbers: Azimuth #4# Pitch #2# Roll #0#
1684058685739@SensorListener: Numbers: Azimuth #2# Pitch #2# Roll #0#
1684058695942@SensorListener: Numbers: Azimuth #2# Pitch #2# Roll #359#
1684058696243@SensorListener: Numbers: Azimuth #4# Pitch #6# Roll #8#
1684058696446@SensorListener: Numbers: Azimuth #21# Pitch #3# Roll #8#
1684058696545@SensorListener: Numbers: Azimuth #358# Pitch #-28# Roll #332#
1684058696730@SensorListener: Numbers: Azimuth #356# Pitch #-27# Roll #317#
1684058696931@SensorListener: Numbers: Azimuth #343# Pitch #-20# Roll #324#
1684058697234@SensorListener: Numbers: Azimuth #340# Pitch #-17# Roll #335#
1684058697433@SensorListener: Numbers: Azimuth #331# Pitch #-14# Roll #352#
1684058697546@SensorListener: Numbers: Azimuth #329# Pitch #-25# Roll #353#
1684058697737@SensorListener: Numbers: Azimuth #339# Pitch #-23# Roll #1#
1684058697938@SensorListener: Numbers: Azimuth #344# Pitch #-32# Roll #1#
1684058698241@SensorListener: Numbers: Azimuth #350# Pitch #-40# Roll #0#
1684058698452@SensorListener: Numbers: Azimuth #347# Pitch #-44# Roll #352#
1684058698650@SensorListener: Numbers: Azimuth #350# Pitch #-43# Roll #347#
1684058698745@SensorListener: Numbers: Azimuth #356# Pitch #-40# Roll #349#
1684058698948@SensorListener: Numbers: Azimuth #357# Pitch #-36# Roll #352#
1684058699235@SensorListener: Numbers: Azimuth #356# Pitch #-35# Roll #357#
1684058699430@SensorListener: Numbers: Azimuth #354# Pitch #-30# Roll #1#
1684058699544@SensorListener: Numbers: Azimuth #352# Pitch #-14# Roll #10#
1684058699739@SensorListener: Numbers: Azimuth #347# Pitch #-16# Roll #10#
1684058699936@SensorListener: Numbers: Azimuth #338# Pitch #-29# Roll #358#
1684058700242@SensorListener: Numbers: Azimuth #354# Pitch #-32# Roll #359#
1684058700399@AppManagement: #onpause#
1684058701034@AppManagement: #onresume#
1684058701492@SensorListener: Numbers: Azimuth #90# Pitch #0# Roll #359#
1684058701493@SensorListener: Texts: Azimuth #EAST# Pitch #EAST# Roll #NORTH#
1684058701501@SensorListener: #deviceiscorrectlyused#
1684058701734@SensorListener: Numbers: Azimuth #351# Pitch #-25# Roll #352#
1684058701739@SensorListener: Texts: Azimuth #NORTH# Pitch #EAST# Roll #NORTH#
1684058701747@SensorListener: #deviceiscorrectlyused#
1684058701935@SensorListener: Numbers: Azimuth #351# Pitch #-26# Roll #352#
1684058702240@SensorListener: Numbers: Azimuth #352# Pitch #-24# Roll #353#
1684058702439@SensorListener: Numbers: Azimuth #354# Pitch #-18# Roll #357#
1684058702545@SensorListener: Numbers: Azimuth #354# Pitch #-14# Roll #0#
1684058702743@SensorListener: Numbers: Azimuth #358# Pitch #-10# Roll #2#
1684058702943@SensorListener: Numbers: Azimuth #359# Pitch #-13# Roll #3#
1684058703456@SensorListener: Numbers: Azimuth #359# Pitch #-14# Roll #7#
1684058703459@SensorListener: Numbers: Azimuth #0# Pitch #-12# Roll #8#
1684058703549@SensorListener: Numbers: Azimuth #1# Pitch #-14# Roll #6#
1684058703751@SensorListener: Numbers: Azimuth #4# Pitch #-15# Roll #6#
1684058703955@SensorListener: Numbers: Azimuth #4# Pitch #-15# Roll #5#
1684058704235@SensorListener: Numbers: Azimuth #5# Pitch #-15# Roll #6#
1684058704437@SensorListener: Numbers: Azimuth #5# Pitch #-14# Roll #6#
1684058704548@SensorListener: Numbers: Azimuth #5# Pitch #-12# Roll #5#
1684058704739@SensorListener: Numbers: Azimuth #6# Pitch #-11# Roll #6#
1684058704940@SensorListener: Numbers: Azimuth #6# Pitch #-11# Roll #7#
1684058705244@SensorListener: Numbers: Azimuth #6# Pitch #-12# Roll #7#
1684058705449@SensorListener: Numbers: Azimuth #6# Pitch #-9# Roll #6#
1684058705545@SensorListener: Numbers: Azimuth #7# Pitch #-10# Roll #7#
1684058705747@SensorListener: Numbers: Azimuth #7# Pitch #-13# Roll #7#
1684058705951@SensorListener: Numbers: Azimuth #7# Pitch #-12# Roll #4#
1684058706232@SensorListener: Numbers: Azimuth #12# Pitch #-12# Roll #4#
1684058706435@SensorListener: Numbers: Azimuth #11# Pitch #-12# Roll #4#
1684058706546@SensorListener: Numbers: Azimuth #10# Pitch #-14# Roll #6#
1684058706735@SensorListener: Numbers: Azimuth #8# Pitch #-12# Roll #3#
1684058707240@SensorListener: Numbers: Azimuth #8# Pitch #-13# Roll #2#
1684058707443@SensorListener: Numbers: Azimuth #8# Pitch #-13# Roll #4#
1684058707546@SensorListener: Numbers: Azimuth #7# Pitch #-12# Roll #4#
1684058708104@SensorListener: Numbers: Azimuth #6# Pitch #-14# Roll #1#
1684058708254@SensorListener: Numbers: Azimuth #8# Pitch #-13# Roll #2#
1684058708455@SensorListener: Numbers: Azimuth #9# Pitch #-13# Roll #2#
1684058708545@SensorListener: Numbers: Azimuth #8# Pitch #-14# Roll #0#
1684058708932@SensorListener: Numbers: Azimuth #7# Pitch #-22# Roll #356#
1684058709234@SensorListener: Numbers: Azimuth #4# Pitch #-36# Roll #352#
1684058709435@SensorListener: Numbers: Azimuth #344# Pitch #-38# Roll #328#
1684058709546@SensorListener: Numbers: Azimuth #337# Pitch #-30# Roll #328#
1684058709844@SensorListener: Numbers: Azimuth #330# Pitch #-31# Roll #325#
1684058709940@SensorListener: Numbers: Azimuth #335# Pitch #-30# Roll #328#
1684058710242@SensorListener: Numbers: Azimuth #341# Pitch #-27# Roll #336#
1684058710447@SensorListener: Numbers: Azimuth #347# Pitch #-26# Roll #345#
1684058710544@SensorListener: Numbers: Azimuth #355# Pitch #-20# Roll #357#
1684058710727@SensorListener: Numbers: Azimuth #359# Pitch #-18# Roll #4#
1684058711058@SensorListener: Numbers: Azimuth #0# Pitch #-16# Roll #10#
1684058711231@SensorListener: Numbers: Azimuth #358# Pitch #-17# Roll #10#
1684058711433@SensorListener: Numbers: Azimuth #357# Pitch #-17# Roll #9#
1684058711545@SensorListener: Numbers: Azimuth #357# Pitch #-19# Roll #8#
1684058711736@SensorListener: Numbers: Azimuth #356# Pitch #-18# Roll #5#
1684058711939@SensorListener: Numbers: Azimuth #354# Pitch #-17# Roll #359#
1684058712239@SensorListener: Numbers: Azimuth #351# Pitch #-16# Roll #354#
1684058712441@SensorListener: Numbers: Azimuth #351# Pitch #-15# Roll #353#
1684058712545@SensorListener: Numbers: Azimuth #352# Pitch #-14# Roll #354#
1684058712744@SensorListener: Numbers: Azimuth #353# Pitch #-14# Roll #355#
1684058712946@SensorListener: Numbers: Azimuth #356# Pitch #-15# Roll #357#
1684058713231@SensorListener: Numbers: Azimuth #359# Pitch #-16# Roll #358#
1684058713432@SensorListener: Numbers: Azimuth #1# Pitch #-15# Roll #0#
1684058713735@SensorListener: Numbers: Azimuth #2# Pitch #-14# Roll #0#
1684058713940@SensorListener: Numbers: Azimuth #1# Pitch #-14# Roll #0#
1684058714240@SensorListener: Numbers: Azimuth #2# Pitch #-14# Roll #0#
1684058714743@SensorListener: Numbers: Azimuth #2# Pitch #-15# Roll #0#
1684058714947@SensorListener: Numbers: Azimuth #2# Pitch #-15# Roll #1#
1684058715046@SensorListener: Numbers: Azimuth #2# Pitch #-16# Roll #1#
1684058715248@SensorListener: Numbers: Azimuth #3# Pitch #-16# Roll #1#
1684058715449@SensorListener: Numbers: Azimuth #3# Pitch #-16# Roll #2#
1684058715732@SensorListener: Numbers: Azimuth #4# Pitch #-18# Roll #3#
1684058716032@SensorListener: Numbers: Azimuth #4# Pitch #-17# Roll #3#
1684058716058@SensorListener: Numbers: Azimuth #5# Pitch #-17# Roll #4#
1684058716238@SensorListener: Numbers: Azimuth #5# Pitch #-15# Roll #5#
1684058716439@SensorListener: Numbers: Azimuth #8# Pitch #-11# Roll #19#
1684058716741@SensorListener: Numbers: Azimuth #11# Pitch #-1# Roll #23#
1684058716942@SensorListener: Numbers: Azimuth #16# Pitch #3# Roll #17#
1684058717045@SensorListener: Numbers: Azimuth #24# Pitch #3# Roll #5#
1684058717244@SensorListener: Numbers: Azimuth #25# Pitch #2# Roll #358#
1684058717446@SensorListener: Numbers: Azimuth #23# Pitch #2# Roll #358#
1684058718046@SensorListener: Numbers: Azimuth #23# Pitch #2# Roll #359#
1684058719048@SensorListener: Numbers: Azimuth #23# Pitch #2# Roll #0#
1684058728699@AppManagement: #onpause#
