1688221765953@DebuggableApplications: #MyCalc#
1688221765953@DebuggableApplications: #AudioRecorder#
1688221765976@AppManagement: #onresume#
1688221765976@DeveloperOptions: adb: #true# devops: #true#
1688221765980@Ptracer: #started#
1688221766173@UsbChecker: ischarg: #false# usbcharg: #false# accharg: #false#
1688221767975@SensorListener: #firstcalibrationdone#
1688221767975@SensorListener: #deviceiscorrectlyused#
1688221768121@SensorListener: #calibrationdone#
1688221768157@SensorListener: Texts: Azimuth #NORTH# Pitch #EAST# Roll #NORTH#
1688221768159@SensorListener: Numbers: Azimuth #0# Pitch #2# Roll #0#
1688221768320@SensorListener: Numbers: Azimuth #359# Pitch #2# Roll #0#
1688221768523@SensorListener: Numbers: Azimuth #0# Pitch #2# Roll #359#
1688221770743@SensorListener: Numbers: Azimuth #359# Pitch #2# Roll #0#
1688221770943@SensorListener: Numbers: Azimuth #0# Pitch #2# Roll #359#
1688221775181@SensorListener: Numbers: Azimuth #359# Pitch #2# Roll #0#
1688221776998@SensorListener: Numbers: Azimuth #0# Pitch #2# Roll #359#
1688221777197@SensorListener: Numbers: Azimuth #359# Pitch #2# Roll #0#
1688221777400@SensorListener: Numbers: Azimuth #0# Pitch #2# Roll #359#
1688221778207@SensorListener: Numbers: Azimuth #359# Pitch #2# Roll #0#
1688221778407@SensorListener: Numbers: Azimuth #0# Pitch #2# Roll #359#
1688221778811@SensorListener: Numbers: Azimuth #359# Pitch #2# Roll #0#
1688221780022@SensorListener: Numbers: Azimuth #0# Pitch #2# Roll #359#
1688221781436@SensorListener: Numbers: Azimuth #359# Pitch #2# Roll #0#
1688221781635@SensorListener: Numbers: Azimuth #0# Pitch #2# Roll #359#
1688221782646@SensorListener: Numbers: Azimuth #359# Pitch #2# Roll #0#
1688221782847@SensorListener: Numbers: Azimuth #356# Pitch #7# Roll #23#
1688221783048@SensorListener: Numbers: Azimuth #2# Pitch #-39# Roll #19#
1688221783048@SensorListener: Numbers: Azimuth #159# Pitch #-59# Roll #168#
1688221783048@SensorListener: Texts: Azimuth #SOUTH# Pitch #NORTH# Roll #SOUTH#
1688221783049@SensorListener: #azimuthalert#
1688221783049@SensorListener: #pitchok#
1688221783050@SensorListener: #rollalert#
1688221783249@SensorListener: Numbers: Azimuth #189# Pitch #-27# Roll #166#
1688221783250@SensorListener: Texts: Azimuth #SOUTH# Pitch #WEST# Roll #SOUTH#
1688221783250@SensorListener: #azimuthalert#
1688221783250@SensorListener: #pitchok#
1688221783251@SensorListener: #rollalert#
1688221783456@SensorListener: Numbers: Azimuth #188# Pitch #-16# Roll #164#
1688221783670@SensorListener: Numbers: Azimuth #188# Pitch #-32# Roll #166#
1688221783856@SensorListener: Numbers: Azimuth #17# Pitch #-61# Roll #11#
1688221783856@SensorListener: Texts: Azimuth #NORTH# Pitch #NORTH# Roll #NORTH#
1688221783858@SensorListener: #deviceiscorrectlyused#
1688221783863@SensorListener: Numbers: Azimuth #355# Pitch #-36# Roll #342#
1688221783864@SensorListener: Texts: Azimuth #NORTH# Pitch #EAST# Roll #NORTH#
1688221783864@SensorListener: #deviceiscorrectlyused#
1688221784056@SensorListener: Numbers: Azimuth #357# Pitch #-33# Roll #346#
1688221784259@SensorListener: Numbers: Azimuth #342# Pitch #-31# Roll #356#
1688221784464@SensorListener: Numbers: Azimuth #331# Pitch #-36# Roll #354#
1688221784670@SensorListener: Numbers: Azimuth #333# Pitch #-34# Roll #354#
1688221784671@SensorListener: Numbers: Azimuth #336# Pitch #-35# Roll #352#
1688221784858@AppManagement: #onpause#
