1688221114871@DebuggableApplications: #MyCalc#
1688221114871@DebuggableApplications: #AudioRecorder#
1688221114894@DeveloperOptions: adb: #true# devops: #true#
1688221114899@AppManagement: #onresume#
1688221114900@Ptracer: #started#
1688221115080@UsbChecker: ischarg: #false# usbcharg: #false# accharg: #false#
1688221116892@SensorListener: #firstcalibrationdone#
1688221116892@SensorListener: #deviceiscorrectlyused#
1688221117035@SensorListener: #calibrationdone#
1688221117075@SensorListener: Texts: Azimuth #NORTH# Pitch #EAST# Roll #NORTH#
1688221117084@SensorListener: Numbers: Azimuth #0# Pitch #3# Roll #0#
1688221117235@SensorListener: Numbers: Azimuth #359# Pitch #7# Roll #5#
1688221117437@SensorListener: Numbers: Azimuth #1# Pitch #6# Roll #15#
1688221117438@SensorListener: Numbers: Azimuth #8# Pitch #-39# Roll #19#
1688221117639@SensorListener: Numbers: Azimuth #18# Pitch #-59# Roll #18#
1688221117640@SensorListener: Texts: Azimuth #NORTH# Pitch #NORTH# Roll #NORTH#
1688221117641@SensorListener: #deviceiscorrectlyused#
1688221117839@SensorListener: Numbers: Azimuth #127# Pitch #-79# Roll #113#
1688221117840@SensorListener: Texts: Azimuth #EAST# Pitch #NORTH# Roll #EAST#
1688221117840@SensorListener: #deviceiscorrectlyused#
1688221118047@SensorListener: Numbers: Azimuth #185# Pitch #-58# Roll #161#
1688221118048@SensorListener: Texts: Azimuth #SOUTH# Pitch #NORTH# Roll #SOUTH#
1688221118048@SensorListener: #azimuthalert#
1688221118049@SensorListener: #pitchok#
1688221118049@SensorListener: #rollalert#
1688221118243@SensorListener: Numbers: Azimuth #199# Pitch #-49# Roll #168#
1688221118244@SensorListener: Numbers: Azimuth #209# Pitch #-41# Roll #180#
1688221118244@SensorListener: Texts: Azimuth #SOUTH# Pitch #WEST# Roll #SOUTH#
1688221118245@SensorListener: #azimuthalert#
1688221118247@SensorListener: #pitchok#
1688221118247@SensorListener: #rollalert#
1688221118446@SensorListener: Numbers: Azimuth #236# Pitch #-56# Roll #213#
1688221118450@SensorListener: Texts: Azimuth #WEST# Pitch #NORTH# Roll #SOUTH#
1688221118451@SensorListener: #azimuthok#
1688221118452@SensorListener: #pitchok#
1688221118453@SensorListener: #rollalert#
1688221118648@SensorListener: Numbers: Azimuth #331# Pitch #-62# Roll #334#
1688221118648@SensorListener: Texts: Azimuth #NORTH# Pitch #NORTH# Roll #NORTH#
1688221118649@SensorListener: #deviceiscorrectlyused#
1688221118850@SensorListener: Numbers: Azimuth #356# Pitch #-32# Roll #8#
1688221118851@SensorListener: Texts: Azimuth #NORTH# Pitch #EAST# Roll #NORTH#
1688221118852@SensorListener: #deviceiscorrectlyused#
1688221119053@SensorListener: Numbers: Azimuth #5# Pitch #-12# Roll #18#
1688221119054@SensorListener: Numbers: Azimuth #6# Pitch #-2# Roll #21#
1688221119253@SensorListener: Numbers: Azimuth #3# Pitch #0# Roll #14#
1688221119455@SensorListener: Numbers: Azimuth #358# Pitch #-21# Roll #0#
1688221119657@SensorListener: Numbers: Azimuth #339# Pitch #-46# Roll #326#
1688221119658@SensorListener: Texts: Azimuth #NORTH# Pitch #NORTH# Roll #NORTH#
1688221119658@SensorListener: #deviceiscorrectlyused#
1688221119869@SensorListener: Numbers: Azimuth #333# Pitch #-40# Roll #315#
1688221119871@SensorListener: Texts: Azimuth #NORTH# Pitch #NORTH# Roll #NORTHWEST#
1688221119872@SensorListener: #deviceiscorrectlyused#
1688221119873@SensorListener: Numbers: Azimuth #313# Pitch #-35# Roll #281#
1688221119873@SensorListener: Texts: Azimuth #WEST# Pitch #NORTH# Roll #WEST#
1688221119874@SensorListener: #deviceiscorrectlyused#
1688221120062@SensorListener: Numbers: Azimuth #296# Pitch #-22# Roll #257#
1688221120261@SensorListener: Numbers: Azimuth #282# Pitch #-21# Roll #262#
1688221120462@SensorListener: Numbers: Azimuth #286# Pitch #-28# Roll #265#
1688221120665@SensorListener: Numbers: Azimuth #294# Pitch #-42# Roll #280#
1688221120667@SensorListener: Numbers: Azimuth #321# Pitch #-51# Roll #318#
1688221120668@SensorListener: Texts: Azimuth #NORTH# Pitch #NORTH# Roll #NORTH#
1688221120669@SensorListener: #deviceiscorrectlyused#
1688221120867@SensorListener: Numbers: Azimuth #350# Pitch #-48# Roll #353#
1688221121067@SensorListener: Numbers: Azimuth #352# Pitch #-23# Roll #1#
1688221121067@SensorListener: Texts: Azimuth #NORTH# Pitch #EAST# Roll #NORTH#
1688221121068@SensorListener: #deviceiscorrectlyused#
1688221121269@SensorListener: Numbers: Azimuth #353# Pitch #-9# Roll #10#
1688221121471@SensorListener: Numbers: Azimuth #355# Pitch #0# Roll #9#
1688221121472@SensorListener: Numbers: Azimuth #356# Pitch #2# Roll #9#
1688221121678@SensorListener: Numbers: Azimuth #356# Pitch #3# Roll #9#
1688221121875@SensorListener: Numbers: Azimuth #356# Pitch #2# Roll #9#
1688221122077@SensorListener: Numbers: Azimuth #357# Pitch #1# Roll #3#
1688221122279@SensorListener: Numbers: Azimuth #357# Pitch #1# Roll #0#
1688221122280@SensorListener: Numbers: Azimuth #354# Pitch #1# Roll #359#
1688221122884@SensorListener: Numbers: Azimuth #344# Pitch #1# Roll #359#
1688221123085@SensorListener: Numbers: Azimuth #348# Pitch #2# Roll #359#
1688221123086@SensorListener: Numbers: Azimuth #349# Pitch #2# Roll #0#
1688221123287@SensorListener: Numbers: Azimuth #345# Pitch #2# Roll #0#
1688221123488@SensorListener: Numbers: Azimuth #342# Pitch #2# Roll #359#
1688221123689@SensorListener: Numbers: Azimuth #342# Pitch #3# Roll #359#
1688221123893@SensorListener: Numbers: Azimuth #340# Pitch #2# Roll #359#
1688221123893@SensorListener: Numbers: Azimuth #338# Pitch #2# Roll #359#
1688221156978@SensorListener: Numbers: Azimuth #338# Pitch #4# Roll #1#
1688221157177@SensorListener: Numbers: Azimuth #337# Pitch #4# Roll #16#
1688221157378@SensorListener: Numbers: Azimuth #339# Pitch #-39# Roll #356#
1688221157584@SensorListener: Numbers: Azimuth #329# Pitch #-28# Roll #324#
1688221157782@SensorListener: Numbers: Azimuth #336# Pitch #-18# Roll #333#
1688221157784@SensorListener: Numbers: Azimuth #316# Pitch #-35# Roll #323#
1688221157983@SensorListener: Numbers: Azimuth #310# Pitch #-33# Roll #347#
1688221157984@SensorListener: Texts: Azimuth #WEST# Pitch #EAST# Roll #NORTH#
1688221157984@SensorListener: #deviceiscorrectlyused#
1688221158185@SensorListener: Numbers: Azimuth #311# Pitch #-63# Roll #349#
1688221158186@SensorListener: Texts: Azimuth #WEST# Pitch #NORTH# Roll #NORTH#
1688221158186@SensorListener: #deviceiscorrectlyused#
1688221158387@SensorListener: Numbers: Azimuth #119# Pitch #-68# Roll #166#
1688221158387@SensorListener: Texts: Azimuth #EAST# Pitch #NORTH# Roll #SOUTH#
1688221158388@SensorListener: #azimuthok#
1688221158388@SensorListener: #pitchok#
1688221158388@SensorListener: #rollalert#
1688221158589@SensorListener: Numbers: Azimuth #119# Pitch #-52# Roll #158#
1688221158590@SensorListener: Numbers: Azimuth #120# Pitch #-51# Roll #162#
1688221158790@SensorListener: Numbers: Azimuth #356# Pitch #-83# Roll #29#
1688221158791@SensorListener: Texts: Azimuth #NORTH# Pitch #NORTH# Roll #NORTH#
1688221158792@SensorListener: #deviceiscorrectlyused#
1688221158994@SensorListener: Numbers: Azimuth #350# Pitch #-23# Roll #359#
1688221158994@SensorListener: Texts: Azimuth #NORTH# Pitch #EAST# Roll #NORTH#
1688221158995@SensorListener: #deviceiscorrectlyused#
1688221159195@SensorListener: Numbers: Azimuth #336# Pitch #-34# Roll #5#
1688221159395@SensorListener: Numbers: Azimuth #318# Pitch #-85# Roll #348#
1688221159396@SensorListener: Texts: Azimuth #NORTH# Pitch #NORTH# Roll #NORTH#
1688221159396@SensorListener: #deviceiscorrectlyused#
1688221159397@SensorListener: Numbers: Azimuth #138# Pitch #-65# Roll #171#
1688221159397@SensorListener: Texts: Azimuth #SOUTH# Pitch #NORTH# Roll #SOUTH#
1688221159397@SensorListener: #azimuthalert#
1688221159397@SensorListener: #pitchok#
1688221159398@SensorListener: #rollalert#
1688221159598@SensorListener: Numbers: Azimuth #135# Pitch #-70# Roll #170#
1688221159599@SensorListener: Texts: Azimuth #SOUTHEAST# Pitch #NORTH# Roll #SOUTH#
1688221159600@SensorListener: #azimuthalert#
1688221159603@SensorListener: #pitchok#
1688221159604@SensorListener: #rollalert#
1688221159799@SensorListener: Numbers: Azimuth #353# Pitch #-70# Roll #2#
1688221159806@SensorListener: Texts: Azimuth #NORTH# Pitch #NORTH# Roll #NORTH#
1688221159808@SensorListener: #deviceiscorrectlyused#
1688221160002@SensorListener: Numbers: Azimuth #3# Pitch #-13# Roll #8#
1688221160004@SensorListener: Texts: Azimuth #NORTH# Pitch #EAST# Roll #NORTH#
1688221160004@SensorListener: #deviceiscorrectlyused#
1688221160205@SensorListener: Numbers: Azimuth #359# Pitch #-13# Roll #6#
1688221160206@SensorListener: Numbers: Azimuth #347# Pitch #-26# Roll #4#
1688221160481@SensorListener: Numbers: Azimuth #352# Pitch #-31# Roll #3#
