1688556595678@DebuggableApplications: #MyCalc#
1688556595678@DebuggableApplications: #AudioRecorder#
1688556595699@DeveloperOptions: adb: #true# devops: #true#
1688556595703@AppManagement: #onresume#
1688556595707@Ptracer: #started#
1688556596028@UsbChecker: ischarg: #false# usbcharg: #false# accharg: #false#
1688556597699@SensorListener: #firstcalibrationdone#
1688556597699@SensorListener: #deviceiscorrectlyused#
1688556597819@SensorListener: #calibrationdone#
1688556597856@SensorListener: Texts: Azimuth #NORTH# Pitch #EAST# Roll #NORTH#
1688556597857@SensorListener: Numbers: Azimuth #0# Pitch #-31# Roll #0#
1688556598019@SensorListener: Numbers: Azimuth #358# Pitch #-25# Roll #351#
1688556598021@SensorListener: Numbers: Azimuth #355# Pitch #-55# Roll #342#
1688556598022@SensorListener: Texts: Azimuth #NORTH# Pitch #NORTH# Roll #NORTH#
1688556598023@SensorListener: #deviceiscorrectlyused#
1688556598220@SensorListener: Numbers: Azimuth #187# Pitch #-80# Roll #153#
1688556598221@SensorListener: Texts: Azimuth #SOUTH# Pitch #NORTH# Roll #SOUTH#
1688556598221@SensorListener: #azimuthalert#
1688556598221@SensorListener: #pitchok#
1688556598222@SensorListener: #rollalert#
1688556598423@SensorListener: Numbers: Azimuth #210# Pitch #-24# Roll #167#
1688556598424@SensorListener: Texts: Azimuth #SOUTH# Pitch #WEST# Roll #SOUTH#
1688556598425@SensorListener: #azimuthalert#
1688556598428@SensorListener: #pitchok#
1688556598430@SensorListener: #rollalert#
1688556598624@SensorListener: Numbers: Azimuth #218# Pitch #-7# Roll #169#
1688556598826@SensorListener: Numbers: Azimuth #213# Pitch #-25# Roll #167#
1688556598826@SensorListener: Numbers: Azimuth #214# Pitch #-47# Roll #162#
1688556598826@SensorListener: Texts: Azimuth #SOUTH# Pitch #NORTH# Roll #SOUTH#
1688556598827@SensorListener: #azimuthalert#
1688556598827@SensorListener: #pitchok#
1688556598828@SensorListener: #rollalert#
1688556599031@SensorListener: Numbers: Azimuth #233# Pitch #-87# Roll #183#
1688556599035@SensorListener: Texts: Azimuth #WEST# Pitch #NORTH# Roll #SOUTH#
1688556599042@SensorListener: #azimuthok#
1688556599042@SensorListener: #pitchok#
1688556599043@SensorListener: #rollalert#
1688556599228@SensorListener: Numbers: Azimuth #13# Pitch #-56# Roll #345#
1688556599228@SensorListener: Texts: Azimuth #NORTH# Pitch #NORTH# Roll #NORTH#
1688556599229@SensorListener: #deviceiscorrectlyused#
1688556599433@SensorListener: Numbers: Azimuth #20# Pitch #-29# Roll #328#
1688556599434@SensorListener: Texts: Azimuth #NORTH# Pitch #EAST# Roll #NORTH#
1688556599435@SensorListener: #deviceiscorrectlyused#
1688556599632@SensorListener: Numbers: Azimuth #25# Pitch #-29# Roll #318#
1688556599634@SensorListener: Numbers: Azimuth #356# Pitch #-63# Roll #280#
1688556599634@SensorListener: Texts: Azimuth #NORTH# Pitch #EAST# Roll #WEST#
1688556599635@SensorListener: #deviceiscorrectlyused#
1688556599835@SensorListener: Numbers: Azimuth #291# Pitch #-43# Roll #201#
1688556599836@SensorListener: Texts: Azimuth #WEST# Pitch #WEST# Roll #SOUTH#
1688556599837@SensorListener: #azimuthok#
1688556599838@SensorListener: #pitchalert#
1688556599843@SensorListener: #rollalert#
1688556600037@SensorListener: Numbers: Azimuth #269# Pitch #-21# Roll #191#
1688556600238@SensorListener: Numbers: Azimuth #266# Pitch #-28# Roll #184#
1688556600456@SensorListener: Numbers: Azimuth #254# Pitch #-36# Roll #176#
1688556600457@SensorListener: Numbers: Azimuth #257# Pitch #-40# Roll #172#
1688556600656@AppManagement: #onpause#
