1683989671866@DebuggableApplications: #Progetto Android#
1683989671895@DeveloperOptions: adb: #true# devops: #true#
1683989671898@Ptracer: #started#
1683989671913@UsbChecker: ischarg: #false# usbcharg: #false# accharg: #false#
1683989673887@SensorListener: #firstcalibrationdone#
1683989673887@SensorListener: #deviceiscorrectlyused#
1683989673934@SensorListener: #calibrationdone#
1683989673967@SensorListener: Texts: Azimuth #NORTH# Pitch #EAST# Roll #NORTH#
1683989673968@SensorListener: Numbers: Azimuth #0# Pitch #-31# Roll #0#
1683989674135@SensorListener: Numbers: Azimuth #359# Pitch #-31# Roll #0#
1683989674537@SensorListener: Numbers: Azimuth #359# Pitch #-30# Roll #0#
1683989675141@SensorListener: Numbers: Azimuth #359# Pitch #-29# Roll #359#
1683989675950@SensorListener: Numbers: Azimuth #359# Pitch #-28# Roll #359#
1683989676757@SensorListener: Numbers: Azimuth #359# Pitch #-29# Roll #359#
1683989676774@SensorListener: Numbers: Azimuth #357# Pitch #-31# Roll #356#
1683989676955@SensorListener: Numbers: Azimuth #353# Pitch #-34# Roll #345#
1683989677157@SensorListener: Numbers: Azimuth #350# Pitch #-46# Roll #323#
1683989677158@SensorListener: Texts: Azimuth #NORTH# Pitch #NORTH# Roll #NORTH#
1683989677159@SensorListener: #deviceiscorrectlyused#
1683989677359@SensorListener: Numbers: Azimuth #247# Pitch #-58# Roll #205#
1683989677360@SensorListener: Texts: Azimuth #WEST# Pitch #NORTH# Roll #SOUTH#
1683989677360@SensorListener: #azimuthok#
1683989677361@SensorListener: #pitchok#
1683989677362@SensorListener: #rollalert#
1683989677561@SensorListener: Numbers: Azimuth #260# Pitch #-24# Roll #185#
1683989677561@SensorListener: Texts: Azimuth #WEST# Pitch #WEST# Roll #SOUTH#
1683989677564@SensorListener: #azimuthok#
1683989677565@SensorListener: #pitchok#
1683989677566@SensorListener: #rollalert#
1683989677607@SensorListener: Numbers: Azimuth #263# Pitch #-8# Roll #179#
1683989678027@SensorListener: Numbers: Azimuth #262# Pitch #-23# Roll #193#
1683989678118@SensorListener: Numbers: Azimuth #275# Pitch #-49# Roll #237#
1683989678119@SensorListener: Texts: Azimuth #WEST# Pitch #WEST# Roll #WEST#
1683989678120@SensorListener: #deviceiscorrectlyused#
1683989678268@SensorListener: Numbers: Azimuth #323# Pitch #-50# Roll #303#
1683989678270@SensorListener: Texts: Azimuth #NORTH# Pitch #WEST# Roll #WEST#
1683989678285@SensorListener: #deviceiscorrectlyused#
1683989678470@SensorListener: Numbers: Azimuth #343# Pitch #-30# Roll #349#
1683989678471@SensorListener: Texts: Azimuth #NORTH# Pitch #EAST# Roll #NORTH#
1683989678475@SensorListener: #azimuthok#
1683989678477@SensorListener: #pitchalert#
1683989678478@SensorListener: #rollok#
1683989678751@SensorListener: Numbers: Azimuth #353# Pitch #-23# Roll #358#
1683989678954@SensorListener: Numbers: Azimuth #3# Pitch #-16# Roll #0#
1683989679071@SensorListener: Numbers: Azimuth #7# Pitch #-15# Roll #1#
1683989679257@SensorListener: Numbers: Azimuth #7# Pitch #-14# Roll #2#
1683989679458@SensorListener: Numbers: Azimuth #5# Pitch #-14# Roll #2#
1683989679766@SensorListener: Numbers: Azimuth #4# Pitch #-14# Roll #2#
1683989679962@SensorListener: Numbers: Azimuth #3# Pitch #-15# Roll #1#
1683989680067@SensorListener: Numbers: Azimuth #1# Pitch #-24# Roll #355#
1683989680268@SensorListener: Numbers: Azimuth #346# Pitch #-53# Roll #326#
1683989680269@SensorListener: Texts: Azimuth #NORTH# Pitch #NORTH# Roll #NORTH#
1683989680270@SensorListener: #deviceiscorrectlyused#
1683989680467@SensorListener: Numbers: Azimuth #211# Pitch #-44# Roll #177#
1683989680467@SensorListener: Texts: Azimuth #SOUTH# Pitch #WEST# Roll #SOUTH#
1683989680468@SensorListener: #azimuthalert#
1683989680468@SensorListener: #pitchok#
1683989680468@SensorListener: #rollalert#
1683989680768@SensorListener: Numbers: Azimuth #253# Pitch #-14# Roll #181#
1683989680768@SensorListener: Texts: Azimuth #WEST# Pitch #WEST# Roll #SOUTH#
1683989680769@SensorListener: #azimuthok#
1683989680769@SensorListener: #pitchok#
1683989680769@SensorListener: #rollalert#
1683989680970@SensorListener: Numbers: Azimuth #252# Pitch #-10# Roll #181#
1683989681256@SensorListener: Numbers: Azimuth #252# Pitch #-11# Roll #178#
1683989681456@SensorListener: Numbers: Azimuth #251# Pitch #-25# Roll #185#
1683989681568@SensorListener: Numbers: Azimuth #264# Pitch #-49# Roll #215#
1683989681568@SensorListener: Texts: Azimuth #WEST# Pitch #NORTH# Roll #SOUTH#
1683989681569@SensorListener: #azimuthok#
1683989681569@SensorListener: #pitchok#
1683989681569@SensorListener: #rollalert#
1683989681758@SensorListener: Numbers: Azimuth #328# Pitch #-54# Roll #307#
1683989681758@SensorListener: Texts: Azimuth#NORTH# Pitch #NORTH# Roll #WEST#
1683989681759@SensorListener: #deviceiscorrectlyused#
1683989681959@SensorListener: Numbers: Azimuth #347# Pitch #-33# Roll #337#
1683989681960@SensorListener: Texts: Azimuth #NORTH# Pitch #EAST# Roll #NORTH#
1683989681962@SensorListener: #deviceiscorrectlyused#
1683989682261@SensorListener: Numbers: Azimuth #351# Pitch #-28# Roll #345#
1683989682464@SensorListener: Numbers: Azimuth #354# Pitch #-31# Roll #348#
1683989682567@SensorListener: Numbers: Azimuth #0# Pitch #-49# Roll #351#
1683989682568@SensorListener: Texts: Azimuth #NORTH# Pitch #NORTH# Roll #NORTH#
1683989682568@SensorListener: #deviceiscorrectlyused#
1683989682766@SensorListener: Numbers: Azimuth #8# Pitch #-54# Roll #353#
1683989682967@SensorListener: Numbers: Azimuth #10# Pitch #-45# Roll #357#
1683989682968@SensorListener: Texts: Azimuth #NORTH# Pitch #NORTHEAST# Roll #NORTH#
1683989682969@SensorListener: #deviceiscorrectlyused#
1683989683269@SensorListener: Numbers: Azimuth #8# Pitch #-38# Roll #357#
1683989683269@SensorListener: Texts: Azimuth #NORTH# Pitch #EAST# Roll #NORTH#
1683989683270@SensorListener: #deviceiscorrectlyused#
1683989683471@SensorListener: Numbers: Azimuth #5# Pitch #-39# Roll #357#
1683989683565@SensorListener: Numbers: Azimuth #6# Pitch #-35# Roll #358#
1683989683753@SensorListener: Numbers: Azimuth #359# Pitch #-49# Roll #350#
1683989683754@SensorListener: Texts: Azimuth #NORTH# Pitch #NORTH# Roll #NORTH#
1683989683754@SensorListener: #deviceiscorrectlyused#
1683989683957@SensorListener: Numbers: Azimuth #316# Pitch #-75# Roll #299#
1683989683958@SensorListener: Texts: Azimuth #NORTH# Pitch #NORTH# Roll #WEST#
1683989683959@SensorListener: #deviceiscorrectlyused#
1683989684258@SensorListener: Numbers: Azimuth #206# Pitch #-44# Roll #169#
1683989684259@SensorListener: Texts: Azimuth #SOUTH# Pitch #WEST# Roll #SOUTH#
1683989684259@SensorListener: #azimuthalert#
1683989684260@SensorListener: #pitchok#
1683989684263@SensorListener: #rollalert#
1683989684460@SensorListener: Numbers: Azimuth #241# Pitch #-16# Roll #174#
1683989684460@SensorListener: Texts: Azimuth #WEST# Pitch #WEST# Roll #SOUTH#
1683989684461@SensorListener: #azimuthok#
1683989684464@SensorListener: #pitchok#
1683989684466@SensorListener: #rollalert#
1683989684567@SensorListener: Numbers: Azimuth #240# Pitch #-10# Roll #175#
1683989684762@SensorListener: Numbers: Azimuth #240# Pitch #-11# Roll #175#
1683989684964@SensorListener: Numbers: Azimuth #240# Pitch #-22# Roll#178#
1683989685269@SensorListener: Numbers: Azimuth #241# Pitch #-31# Roll #182#
1683989685469@SensorListener: Numbers: Azimuth #277# Pitch #-67# Roll #239#
1683989685470@SensorListener: Texts: Azimuth #WEST# Pitch #WEST# Roll #WEST#
1683989685470@SensorListener: #deviceiscorrectlyused#
1683989685566@SensorListener: Numbers: Azimuth #351# Pitch #-36# Roll #340#
1683989685567@SensorListener: Texts: Azimuth #NORTH# Pitch #EAST# Roll #NORTH#
1683989685567@SensorListener: #azimuthok#
1683989685567@SensorListener: #pitchalert#
1683989685567@SensorListener: #rollok#
1683989685771@SensorListener: Numbers: Azimuth #5# Pitch #-20# Roll #348#
1683989685971@SensorListener: Numbers: Azimuth #8# Pitch #-8# Roll #352#
1683989686254@SensorListener: Numbers: Azimuth #349# Pitch #-17# Roll #346#
1683989686458@SensorListener: Numbers: Azimuth #319# Pitch #-25# Roll #339#
