
LIST OF ALL CORRECTLY USED ALERTS

	Alert record
		Alert: True
		Start timestamp: 1683989338276
		Finish timestamp: 1683989348454

	Alert record
		Alert: False
		Start timestamp: 1683989348455
		Finish timestamp: 1683989348655

	Alert record
		Alert: True
		Start timestamp: 1683989348656
		Finish timestamp: 1683989351154

	Alert record
		Alert: False
		Start timestamp: 1683989351155
		Finish timestamp: 1683989351658

	Alert record
		Alert: True
		Start timestamp: 1683989351659
		Finish timestamp: 1683989355353

	Alert record
		Alert: False
		Start timestamp: 1683989355354
		Finish timestamp: 1683989356156

	Alert record
		Alert: True
		Start timestamp: 1683989356157
		Finish timestamp: 1683989356362

	Alert record
		Alert: False
		Start timestamp: 1683989356363
		Finish timestamp: 1683989357144

	Alert record
		Alert: True
		Start timestamp: 1683989357145
		Finish timestamp: 1683989358656

	Alert record
		Alert: False
		Start timestamp: 1683989358657
		Finish timestamp: 1683989359345

	Alert record
		Alert: True
		Start timestamp: 1683989359346
		Finish timestamp: 1683989359647

	Alert record
		Alert: False
		Start timestamp: 1683989359648
		Finish timestamp: 1683989360149

	Alert record
		Alert: True
		Start timestamp: 1683989360150
		Finish timestamp: 1683989360958

	Alert record
		Alert: False
		Start timestamp: 1683989360959
		Finish timestamp: 1683989361864

	Alert record
		Alert: True
		Start timestamp: 1683989361865
		Finish timestamp: 1683989362146

	Alert record
		Alert: False
		Start timestamp: 1683989362147
		Finish timestamp: 1683989362854

	Alert record
		Alert: True
		Start timestamp: 1683989362855
		Finish timestamp: 1683989363459

	Alert record
		Alert: False
		Start timestamp: 1683989363460
		Finish timestamp: 1683989364647

	Alert record
		Alert: True
		Start timestamp: 1683989364648
		Finish timestamp: 1683989365657

	Alert record
		Alert: False
		Start timestamp: 1683989365658
		Finish timestamp: 1683989366865

	Alert record
		Alert: True
		Start timestamp: 1683989366866
		Finish timestamp: 1683989367147

	Alert record
		Alert: False
		Start timestamp: 1683989367148
		Finish timestamp: 1683989367861

	Alert record
		Alert: True
		Start timestamp: 1683989367862
		Finish timestamp: 1683989367961

	Alert record
		Alert: False
		Start timestamp: 1683989367962
		Finish timestamp: 1683989369165

	Alert record
		Alert: True
		Start timestamp: 1683989369166
		Finish timestamp: 1683989369370

	Alert record
		Alert: False
		Start timestamp: 1683989369371
		Finish timestamp: 1683989369851

	Alert record
		Alert: True
		Start timestamp: 1683989369852
		Finish timestamp: 1683989370151

	Alert record
		Alert: False
		Start timestamp: 1683989370152
		Finish timestamp: 1683989371362

	Alert record
		Alert: True
		Start timestamp: 1683989371363
		Finish timestamp: 1683989371643

	Alert record
		Alert: False
		Start timestamp: 1683989371644
		Finish timestamp: 1683989373197

	Alert record
		Alert: True
		Start timestamp: 1683989373198

LIST OF ALL AZIMUTH ALERTS

	Alert record
		Alert: False
		Start timestamp: 1683989338276

LIST OF ALL PITCH ALERTS

	Alert record
		Alert: False
		Start timestamp: 1683989338276
		Finish timestamp: 1683989355353

	Alert record
		Alert: True
		Start timestamp: 1683989355354
		Finish timestamp: 1683989355652

	Alert record
		Alert: False
		Start timestamp: 1683989355653
		Finish timestamp: 1683989356362

	Alert record
		Alert: True
		Start timestamp: 1683989356363
		Finish timestamp: 1683989357144

	Alert record
		Alert: False
		Start timestamp: 1683989357145
		Finish timestamp: 1683989359647

	Alert record
		Alert: True
		Start timestamp: 1683989359648
		Finish timestamp: 1683989360149

	Alert record
		Alert: False
		Start timestamp: 1683989360150
		Finish timestamp: 1683989362146

	Alert record
		Alert: True
		Start timestamp: 1683989362147
		Finish timestamp: 1683989362854

	Alert record
		Alert: False
		Start timestamp: 1683989362855
		Finish timestamp: 1683989367147

	Alert record
		Alert: True
		Start timestamp: 1683989367148
		Finish timestamp: 1683989367861

	Alert record
		Alert: False
		Start timestamp: 1683989367862
		Finish timestamp: 1683989367961

	Alert record
		Alert: True
		Start timestamp: 1683989367962
		Finish timestamp: 1683989369165

	Alert record
		Alert: False
		Start timestamp: 1683989369166
		Finish timestamp: 1683989369370

	Alert record
		Alert: True
		Start timestamp: 1683989369371
		Finish timestamp: 1683989369851

	Alert record
		Alert: False
		Start timestamp: 1683989369852
		Finish timestamp: 1683989371643

	Alert record
		Alert: True
		Start timestamp: 1683989371644
		Finish timestamp: 1683989373197

	Alert record
		Alert: False
		Start timestamp: 1683989373198

LIST OF ALL ROLL ALERTS

	Alert record
		Alert: False
		Start timestamp: 1683989338276
		Finish timestamp: 1683989348454

	Alert record
		Alert: True
		Start timestamp: 1683989348455
		Finish timestamp: 1683989348655

	Alert record
		Alert: False
		Start timestamp: 1683989348656
		Finish timestamp: 1683989351154

	Alert record
		Alert: True
		Start timestamp: 1683989351155
		Finish timestamp: 1683989351658

	Alert record
		Alert: False
		Start timestamp: 1683989351659
		Finish timestamp: 1683989355356

	Alert record
		Alert: True
		Start timestamp: 1683989355357
		Finish timestamp: 1683989356156

	Alert record
		Alert: False
		Start timestamp: 1683989356157
		Finish timestamp: 1683989358656

	Alert record
		Alert: True
		Start timestamp: 1683989358657
		Finish timestamp: 1683989359345

	Alert record
		Alert: False
		Start timestamp: 1683989359346
		Finish timestamp: 1683989360958

	Alert record
		Alert: True
		Start timestamp: 1683989360959
		Finish timestamp: 1683989361864

	Alert record
		Alert: False
		Start timestamp: 1683989361865
		Finish timestamp: 1683989363459

	Alert record
		Alert: True
		Start timestamp: 1683989363460
		Finish timestamp: 1683989364647

	Alert record
		Alert: False
		Start timestamp: 1683989364648
		Finish timestamp: 1683989365657

	Alert record
		Alert: True
		Start timestamp: 1683989365658
		Finish timestamp: 1683989366865

	Alert record
		Alert: False
		Start timestamp: 1683989366866
		Finish timestamp: 1683989367961

	Alert record
		Alert: True
		Start timestamp: 1683989367962
		Finish timestamp: 1683989369165

	Alert record
		Alert: False
		Start timestamp: 1683989369166
		Finish timestamp: 1683989370151

	Alert record
		Alert: True
		Start timestamp: 1683989370152
		Finish timestamp: 1683989371362

	Alert record
		Alert: False
		Start timestamp: 1683989371363

