
LIST OF ALL SENSOR NUMBER RECORDS

	Sensor record
		Azimuth value: 0
		Pitch value: -61
		Roll value: 0
		Start timestamp: 1683989338474
		Finish timestamp: 1683989338501

	Sensor record
		Azimuth value: 356
		Pitch value: -61
		Roll value: 355
		Start timestamp: 1683989338502
		Finish timestamp: 1683989338911

	Sensor record
		Azimuth value: 349
		Pitch value: -63
		Roll value: 347
		Start timestamp: 1683989338912
		Finish timestamp: 1683989338916

	Sensor record
		Azimuth value: 337
		Pitch value: -61
		Roll value: 339
		Start timestamp: 1683989338917
		Finish timestamp: 1683989338955

	Sensor record
		Azimuth value: 331
		Pitch value: -60
		Roll value: 334
		Start timestamp: 1683989338956
		Finish timestamp: 1683989339155

	Sensor record
		Azimuth value: 331
		Pitch value: -59
		Roll value: 334
		Start timestamp: 1683989339156
		Finish timestamp: 1683989339355

	Sensor record
		Azimuth value: 325
		Pitch value: -60
		Roll value: 329
		Start timestamp: 1683989339356
		Finish timestamp: 1683989339658

	Sensor record
		Azimuth value: 322
		Pitch value: -56
		Roll value: 325
		Start timestamp: 1683989339659
		Finish timestamp: 1683989339859

	Sensor record
		Azimuth value: 331
		Pitch value: -44
		Roll value: 338
		Start timestamp: 1683989339860
		Finish timestamp: 1683989339954

	Sensor record
		Azimuth value: 334
		Pitch value: -39
		Roll value: 347
		Start timestamp: 1683989339955
		Finish timestamp: 1683989340142

	Sensor record
		Azimuth value: 338
		Pitch value: -28
		Roll value: 1
		Start timestamp: 1683989340143
		Finish timestamp: 1683989340343

	Sensor record
		Azimuth value: 337
		Pitch value: -25
		Roll value: 8
		Start timestamp: 1683989340344
		Finish timestamp: 1683989340646

	Sensor record
		Azimuth value: 338
		Pitch value: -21
		Roll value: 15
		Start timestamp: 1683989340647
		Finish timestamp: 1683989340849

	Sensor record
		Azimuth value: 336
		Pitch value: -16
		Roll value: 12
		Start timestamp: 1683989340850
		Finish timestamp: 1683989340954

	Sensor record
		Azimuth value: 335
		Pitch value: -29
		Roll value: 1
		Start timestamp: 1683989340955
		Finish timestamp: 1683989341151

	Sensor record
		Azimuth value: 338
		Pitch value: -41
		Roll value: 355
		Start timestamp: 1683989341152
		Finish timestamp: 1683989341352

	Sensor record
		Azimuth value: 326
		Pitch value: -45
		Roll value: 341
		Start timestamp: 1683989341353
		Finish timestamp: 1683989341654

	Sensor record
		Azimuth value: 313
		Pitch value: -40
		Roll value: 337
		Start timestamp: 1683989341655
		Finish timestamp: 1683989341856

	Sensor record
		Azimuth value: 304
		Pitch value: -33
		Roll value: 353
		Start timestamp: 1683989341857
		Finish timestamp: 1683989342139

	Sensor record
		Azimuth value: 295
		Pitch value: -19
		Roll value: 9
		Start timestamp: 1683989342140
		Finish timestamp: 1683989342340

	Sensor record
		Azimuth value: 297
		Pitch value: -10
		Roll value: 13
		Start timestamp: 1683989342341
		Finish timestamp: 1683989342454

	Sensor record
		Azimuth value: 298
		Pitch value: -5
		Roll value: 19
		Start timestamp: 1683989342455
		Finish timestamp: 1683989342646

	Sensor record
		Azimuth value: 301
		Pitch value: -23
		Roll value: 22
		Start timestamp: 1683989342647
		Finish timestamp: 1683989342844

	Sensor record
		Azimuth value: 284
		Pitch value: -42
		Roll value: 9
		Start timestamp: 1683989342845
		Finish timestamp: 1683989343150

	Sensor record
		Azimuth value: 271
		Pitch value: -52
		Roll value: 358
		Start timestamp: 1683989343151
		Finish timestamp: 1683989343348

	Sensor record
		Azimuth value: 259
		Pitch value: -56
		Roll value: 341
		Start timestamp: 1683989343349
		Finish timestamp: 1683989343454

	Sensor record
		Azimuth value: 251
		Pitch value: -55
		Roll value: 328
		Start timestamp: 1683989343455
		Finish timestamp: 1683989343651

	Sensor record
		Azimuth value: 250
		Pitch value: -49
		Roll value: 326
		Start timestamp: 1683989343652
		Finish timestamp: 1683989343852

	Sensor record
		Azimuth value: 263
		Pitch value: -41
		Roll value: 341
		Start timestamp: 1683989343853
		Finish timestamp: 1683989344155

	Sensor record
		Azimuth value: 277
		Pitch value: -18
		Roll value: 14
		Start timestamp: 1683989344156
		Finish timestamp: 1683989344358

	Sensor record
		Azimuth value: 276
		Pitch value: -5
		Roll value: 21
		Start timestamp: 1683989344359
		Finish timestamp: 1683989344453

	Sensor record
		Azimuth value: 287
		Pitch value: -29
		Roll value: 40
		Start timestamp: 1683989344454
		Finish timestamp: 1683989344640

	Sensor record
		Azimuth value: 283
		Pitch value: -56
		Roll value: 42
		Start timestamp: 1683989344641
		Finish timestamp: 1683989344840

	Sensor record
		Azimuth value: 290
		Pitch value: -61
		Roll value: 36
		Start timestamp: 1683989344841
		Finish timestamp: 1683989345143

	Sensor record
		Azimuth value: 354
		Pitch value: -54
		Roll value: 92
		Start timestamp: 1683989345144
		Finish timestamp: 1683989345345

	Sensor record
		Azimuth value: 315
		Pitch value: -41
		Roll value: 75
		Start timestamp: 1683989345346
		Finish timestamp: 1683989345454

	Sensor record
		Azimuth value: 250
		Pitch value: -31
		Roll value: 20
		Start timestamp: 1683989345455
		Finish timestamp: 1683989345651

	Sensor record
		Azimuth value: 276
		Pitch value: 0
		Roll value: 16
		Start timestamp: 1683989345652
		Finish timestamp: 1683989345856

	Sensor record
		Azimuth value: 285
		Pitch value: -46
		Roll value: 28
		Start timestamp: 1683989345857
		Finish timestamp: 1683989346152

	Sensor record
		Azimuth value: 272
		Pitch value: -60
		Roll value: 48
		Start timestamp: 1683989346153
		Finish timestamp: 1683989346357

	Sensor record
		Azimuth value: 261
		Pitch value: -21
		Roll value: 16
		Start timestamp: 1683989346358
		Finish timestamp: 1683989346454

	Sensor record
		Azimuth value: 288
		Pitch value: -46
		Roll value: 17
		Start timestamp: 1683989346455
		Finish timestamp: 1683989346658

	Sensor record
		Azimuth value: 247
		Pitch value: -47
		Roll value: 347
		Start timestamp: 1683989346659
		Finish timestamp: 1683989346859

	Sensor record
		Azimuth value: 234
		Pitch value: -46
		Roll value: 318
		Start timestamp: 1683989346860
		Finish timestamp: 1683989347140

	Sensor record
		Azimuth value: 230
		Pitch value: -45
		Roll value: 306
		Start timestamp: 1683989347141
		Finish timestamp: 1683989347342

	Sensor record
		Azimuth value: 227
		Pitch value: -63
		Roll value: 297
		Start timestamp: 1683989347343
		Finish timestamp: 1683989347454

	Sensor record
		Azimuth value: 304
		Pitch value: -79
		Roll value: 18
		Start timestamp: 1683989347455
		Finish timestamp: 1683989347644

	Sensor record
		Azimuth value: 323
		Pitch value: -37
		Roll value: 42
		Start timestamp: 1683989347645
		Finish timestamp: 1683989347847

	Sensor record
		Azimuth value: 287
		Pitch value: -27
		Roll value: 45
		Start timestamp: 1683989347848
		Finish timestamp: 1683989348148

	Sensor record
		Azimuth value: 280
		Pitch value: -36
		Roll value: 69
		Start timestamp: 1683989348149
		Finish timestamp: 1683989348352

	Sensor record
		Azimuth value: 280
		Pitch value: -51
		Roll value: 72
		Start timestamp: 1683989348353
		Finish timestamp: 1683989348453

	Sensor record
		Azimuth value: 62
		Pitch value: -64
		Roll value: 218
		Start timestamp: 1683989348454
		Finish timestamp: 1683989348653

	Sensor record
		Azimuth value: 65
		Pitch value: -41
		Roll value: 235
		Start timestamp: 1683989348654
		Finish timestamp: 1683989348854

	Sensor record
		Azimuth value: 63
		Pitch value: -48
		Roll value: 245
		Start timestamp: 1683989348855
		Finish timestamp: 1683989349157

	Sensor record
		Azimuth value: 243
		Pitch value: -82
		Roll value: 49
		Start timestamp: 1683989349158
		Finish timestamp: 1683989349359

	Sensor record
		Azimuth value: 259
		Pitch value: -18
		Roll value: 39
		Start timestamp: 1683989349360
		Finish timestamp: 1683989349454

	Sensor record
		Azimuth value: 294
		Pitch value: -1
		Roll value: 26
		Start timestamp: 1683989349455
		Finish timestamp: 1683989349642

	Sensor record
		Azimuth value: 348
		Pitch value: -33
		Roll value: 24
		Start timestamp: 1683989349643
		Finish timestamp: 1683989349842

	Sensor record
		Azimuth value: 313
		Pitch value: -68
		Roll value: 359
		Start timestamp: 1683989349843
		Finish timestamp: 1683989350149

	Sensor record
		Azimuth value: 330
		Pitch value: -74
		Roll value: 15
		Start timestamp: 1683989350150
		Finish timestamp: 1683989350347

	Sensor record
		Azimuth value: 9
		Pitch value: -59
		Roll value: 47
		Start timestamp: 1683989350348
		Finish timestamp: 1683989350454

	Sensor record
		Azimuth value: 10
		Pitch value: -37
		Roll value: 44
		Start timestamp: 1683989350455
		Finish timestamp: 1683989350649

	Sensor record
		Azimuth value: 5
		Pitch value: -30
		Roll value: 61
		Start timestamp: 1683989350650
		Finish timestamp: 1683989350853

	Sensor record
		Azimuth value: 354
		Pitch value: -43
		Roll value: 74
		Start timestamp: 1683989350854
		Finish timestamp: 1683989351152

	Sensor record
		Azimuth value: 59
		Pitch value: -77
		Roll value: 149
		Start timestamp: 1683989351153
		Finish timestamp: 1683989351355

	Sensor record
		Azimuth value: 107
		Pitch value: -53
		Roll value: 206
		Start timestamp: 1683989351356
		Finish timestamp: 1683989351458

	Sensor record
		Azimuth value: 90
		Pitch value: -66
		Roll value: 191
		Start timestamp: 1683989351459
		Finish timestamp: 1683989351657

	Sensor record
		Azimuth value: 346
		Pitch value: -51
		Roll value: 69
		Start timestamp: 1683989351658
		Finish timestamp: 1683989351860

	Sensor record
		Azimuth value: 345
		Pitch value: -9
		Roll value: 357
		Start timestamp: 1683989351861
		Finish timestamp: 1683989352144

	Sensor record
		Azimuth value: 355
		Pitch value: -6
		Roll value: 353
		Start timestamp: 1683989352145
		Finish timestamp: 1683989352343

	Sensor record
		Azimuth value: 351
		Pitch value: -19
		Roll value: 352
		Start timestamp: 1683989352344
		Finish timestamp: 1683989352453

	Sensor record
		Azimuth value: 329
		Pitch value: -35
		Roll value: 339
		Start timestamp: 1683989352454
		Finish timestamp: 1683989352646

	Sensor record
		Azimuth value: 320
		Pitch value: -29
		Roll value: 331
		Start timestamp: 1683989352647
		Finish timestamp: 1683989352849

	Sensor record
		Azimuth value: 330
		Pitch value: -30
		Roll value: 334
		Start timestamp: 1683989352850
		Finish timestamp: 1683989353150

	Sensor record
		Azimuth value: 331
		Pitch value: -31
		Roll value: 335
		Start timestamp: 1683989353151
		Finish timestamp: 1683989353355

	Sensor record
		Azimuth value: 335
		Pitch value: -35
		Roll value: 335
		Start timestamp: 1683989353356
		Finish timestamp: 1683989353458

	Sensor record
		Azimuth value: 337
		Pitch value: -38
		Roll value: 336
		Start timestamp: 1683989353459
		Finish timestamp: 1683989353660

	Sensor record
		Azimuth value: 337
		Pitch value: -41
		Roll value: 336
		Start timestamp: 1683989353661
		Finish timestamp: 1683989353859

	Sensor record
		Azimuth value: 337
		Pitch value: -43
		Roll value: 337
		Start timestamp: 1683989353860
		Finish timestamp: 1683989354143

	Sensor record
		Azimuth value: 338
		Pitch value: -43
		Roll value: 337
		Start timestamp: 1683989354144
		Finish timestamp: 1683989354341

	Sensor record
		Azimuth value: 338
		Pitch value: -40
		Roll value: 338
		Start timestamp: 1683989354342
		Finish timestamp: 1683989354668

	Sensor record
		Azimuth value: 343
		Pitch value: -37
		Roll value: 343
		Start timestamp: 1683989354669
		Finish timestamp: 1683989354903

	Sensor record
		Azimuth value: 341
		Pitch value: -27
		Roll value: 359
		Start timestamp: 1683989354904
		Finish timestamp: 1683989354969

	Sensor record
		Azimuth value: 355
		Pitch value: -29
		Roll value: 26
		Start timestamp: 1683989354970
		Finish timestamp: 1683989355148

	Sensor record
		Azimuth value: 41
		Pitch value: -38
		Roll value: 83
		Start timestamp: 1683989355149
		Finish timestamp: 1683989355349

	Sensor record
		Azimuth value: 66
		Pitch value: -29
		Roll value: 150
		Start timestamp: 1683989355350
		Finish timestamp: 1683989355650

	Sensor record
		Azimuth value: 45
		Pitch value: -8
		Roll value: 170
		Start timestamp: 1683989355651
		Finish timestamp: 1683989355852

	Sensor record
		Azimuth value: 43
		Pitch value: -5
		Roll value: 169
		Start timestamp: 1683989355853
		Finish timestamp: 1683989355953

	Sensor record
		Azimuth value: 43
		Pitch value: -17
		Roll value: 150
		Start timestamp: 1683989355954
		Finish timestamp: 1683989356155

	Sensor record
		Azimuth value: 31
		Pitch value: -37
		Roll value: 95
		Start timestamp: 1683989356156
		Finish timestamp: 1683989356360

	Sensor record
		Azimuth value: 3
		Pitch value: -33
		Roll value: 33
		Start timestamp: 1683989356361
		Finish timestamp: 1683989356639

	Sensor record
		Azimuth value: 358
		Pitch value: -34
		Roll value: 16
		Start timestamp: 1683989356640
		Finish timestamp: 1683989356840

	Sensor record
		Azimuth value: 353
		Pitch value: -33
		Roll value: 1
		Start timestamp: 1683989356841
		Finish timestamp: 1683989356955

	Sensor record
		Azimuth value: 350
		Pitch value: -32
		Roll value: 347
		Start timestamp: 1683989356956
		Finish timestamp: 1683989357143

	Sensor record
		Azimuth value: 350
		Pitch value: -49
		Roll value: 337
		Start timestamp: 1683989357144
		Finish timestamp: 1683989357344

	Sensor record
		Azimuth value: 338
		Pitch value: -59
		Roll value: 334
		Start timestamp: 1683989357345
		Finish timestamp: 1683989357648

	Sensor record
		Azimuth value: 341
		Pitch value: -70
		Roll value: 334
		Start timestamp: 1683989357649
		Finish timestamp: 1683989357849

	Sensor record
		Azimuth value: 28
		Pitch value: -83
		Roll value: 18
		Start timestamp: 1683989357850
		Finish timestamp: 1683989357953

	Sensor record
		Azimuth value: 119
		Pitch value: -62
		Roll value: 102
		Start timestamp: 1683989357954
		Finish timestamp: 1683989358152

	Sensor record
		Azimuth value: 115
		Pitch value: -41
		Roll value: 110
		Start timestamp: 1683989358153
		Finish timestamp: 1683989358352

	Sensor record
		Azimuth value: 90
		Pitch value: -44
		Roll value: 103
		Start timestamp: 1683989358353
		Finish timestamp: 1683989358655

	Sensor record
		Azimuth value: 108
		Pitch value: -23
		Roll value: 150
		Start timestamp: 1683989358656
		Finish timestamp: 1683989358858

	Sensor record
		Azimuth value: 88
		Pitch value: -2
		Roll value: 174
		Start timestamp: 1683989358859
		Finish timestamp: 1683989358954

	Sensor record
		Azimuth value: 77
		Pitch value: 2
		Roll value: 178
		Start timestamp: 1683989358955
		Finish timestamp: 1683989359140

	Sensor record
		Azimuth value: 74
		Pitch value: -4
		Roll value: 156
		Start timestamp: 1683989359141
		Finish timestamp: 1683989359343

	Sensor record
		Azimuth value: 65
		Pitch value: -28
		Roll value: 104
		Start timestamp: 1683989359344
		Finish timestamp: 1683989359645

	Sensor record
		Azimuth value: 31
		Pitch value: -36
		Roll value: 38
		Start timestamp: 1683989359646
		Finish timestamp: 1683989359845

	Sensor record
		Azimuth value: 359
		Pitch value: -30
		Roll value: 349
		Start timestamp: 1683989359846
		Finish timestamp: 1683989359954

	Sensor record
		Azimuth value: 357
		Pitch value: -32
		Roll value: 357
		Start timestamp: 1683989359955
		Finish timestamp: 1683989360148

	Sensor record
		Azimuth value: 4
		Pitch value: -47
		Roll value: 22
		Start timestamp: 1683989360149
		Finish timestamp: 1683989360752

	Sensor record
		Azimuth value: 33
		Pitch value: -62
		Roll value: 74
		Start timestamp: 1683989360753
		Finish timestamp: 1683989360765

	Sensor record
		Azimuth value: 35
		Pitch value: -63
		Roll value: 94
		Start timestamp: 1683989360766
		Finish timestamp: 1683989360953

	Sensor record
		Azimuth value: 66
		Pitch value: -61
		Roll value: 125
		Start timestamp: 1683989360954
		Finish timestamp: 1683989360957

	Sensor record
		Azimuth value: 92
		Pitch value: -41
		Roll value: 160
		Start timestamp: 1683989360958
		Finish timestamp: 1683989361421

	Sensor record
		Azimuth value: 96
		Pitch value: -12
		Roll value: 172
		Start timestamp: 1683989361422
		Finish timestamp: 1683989361434

	Sensor record
		Azimuth value: 91
		Pitch value: -6
		Roll value: 169
		Start timestamp: 1683989361435
		Finish timestamp: 1683989361458

	Sensor record
		Azimuth value: 85
		Pitch value: -3
		Roll value: 169
		Start timestamp: 1683989361459
		Finish timestamp: 1683989361661

	Sensor record
		Azimuth value: 74
		Pitch value: -9
		Roll value: 159
		Start timestamp: 1683989361662
		Finish timestamp: 1683989361862

	Sensor record
		Azimuth value: 57
		Pitch value: -40
		Roll value: 86
		Start timestamp: 1683989361863
		Finish timestamp: 1683989362145

	Sensor record
		Azimuth value: 6
		Pitch value: -39
		Roll value: 33
		Start timestamp: 1683989362146
		Finish timestamp: 1683989362346

	Sensor record
		Azimuth value: 357
		Pitch value: -34
		Roll value: 15
		Start timestamp: 1683989362347
		Finish timestamp: 1683989362458

	Sensor record
		Azimuth value: 344
		Pitch value: -27
		Roll value: 351
		Start timestamp: 1683989362459
		Finish timestamp: 1683989362648

	Sensor record
		Azimuth value: 340
		Pitch value: -29
		Roll value: 341
		Start timestamp: 1683989362649
		Finish timestamp: 1683989362852

	Sensor record
		Azimuth value: 2
		Pitch value: -51
		Roll value: 2
		Start timestamp: 1683989362853
		Finish timestamp: 1683989363155

	Sensor record
		Azimuth value: 10
		Pitch value: -67
		Roll value: 35
		Start timestamp: 1683989363156
		Finish timestamp: 1683989363364

	Sensor record
		Azimuth value: 48
		Pitch value: -70
		Roll value: 92
		Start timestamp: 1683989363365
		Finish timestamp: 1683989363458

	Sensor record
		Azimuth value: 80
		Pitch value: -57
		Roll value: 142
		Start timestamp: 1683989363459
		Finish timestamp: 1683989363657

	Sensor record
		Azimuth value: 84
		Pitch value: -21
		Roll value: 165
		Start timestamp: 1683989363658
		Finish timestamp: 1683989363861

	Sensor record
		Azimuth value: 70
		Pitch value: -5
		Roll value: 175
		Start timestamp: 1683989363862
		Finish timestamp: 1683989364162

	Sensor record
		Azimuth value: 67
		Pitch value: 1
		Roll value: 188
		Start timestamp: 1683989364163
		Finish timestamp: 1683989364365

	Sensor record
		Azimuth value: 63
		Pitch value: -9
		Roll value: 194
		Start timestamp: 1683989364366
		Finish timestamp: 1683989364646

	Sensor record
		Azimuth value: 48
		Pitch value: -45
		Roll value: 134
		Start timestamp: 1683989364647
		Finish timestamp: 1683989364847

	Sensor record
		Azimuth value: 329
		Pitch value: -54
		Roll value: 21
		Start timestamp: 1683989364848
		Finish timestamp: 1683989364960

	Sensor record
		Azimuth value: 331
		Pitch value: -24
		Roll value: 344
		Start timestamp: 1683989364961
		Finish timestamp: 1683989365150

	Sensor record
		Azimuth value: 352
		Pitch value: -37
		Roll value: 7
		Start timestamp: 1683989365151
		Finish timestamp: 1683989365352

	Sensor record
		Azimuth value: 20
		Pitch value: -71
		Roll value: 64
		Start timestamp: 1683989365353
		Finish timestamp: 1683989365655

	Sensor record
		Azimuth value: 101
		Pitch value: -58
		Roll value: 180
		Start timestamp: 1683989365656
		Finish timestamp: 1683989365856

	Sensor record
		Azimuth value: 90
		Pitch value: -21
		Roll value: 195
		Start timestamp: 1683989365857
		Finish timestamp: 1683989365964

	Sensor record
		Azimuth value: 73
		Pitch value: -5
		Roll value: 191
		Start timestamp: 1683989365965
		Finish timestamp: 1683989366158

	Sensor record
		Azimuth value: 71
		Pitch value: -3
		Roll value: 187
		Start timestamp: 1683989366159
		Finish timestamp: 1683989366360

	Sensor record
		Azimuth value: 71
		Pitch value: -7
		Roll value: 175
		Start timestamp: 1683989366361
		Finish timestamp: 1683989366662

	Sensor record
		Azimuth value: 70
		Pitch value: -19
		Roll value: 155
		Start timestamp: 1683989366663
		Finish timestamp: 1683989366864

	Sensor record
		Azimuth value: 60
		Pitch value: -42
		Roll value: 124
		Start timestamp: 1683989366865
		Finish timestamp: 1683989366958

	Sensor record
		Azimuth value: 14
		Pitch value: -48
		Roll value: 51
		Start timestamp: 1683989366959
		Finish timestamp: 1683989367146

	Sensor record
		Azimuth value: 351
		Pitch value: -37
		Roll value: 356
		Start timestamp: 1683989367147
		Finish timestamp: 1683989367347

	Sensor record
		Azimuth value: 343
		Pitch value: -27
		Roll value: 336
		Start timestamp: 1683989367348
		Finish timestamp: 1683989367650

	Sensor record
		Azimuth value: 347
		Pitch value: -42
		Roll value: 352
		Start timestamp: 1683989367651
		Finish timestamp: 1683989367858

	Sensor record
		Azimuth value: 68
		Pitch value: -76
		Roll value: 83
		Start timestamp: 1683989367859
		Finish timestamp: 1683989367959

	Sensor record
		Azimuth value: 122
		Pitch value: -44
		Roll value: 185
		Start timestamp: 1683989367960
		Finish timestamp: 1683989368155

	Sensor record
		Azimuth value: 91
		Pitch value: -21
		Roll value: 189
		Start timestamp: 1683989368156
		Finish timestamp: 1683989368357

	Sensor record
		Azimuth value: 81
		Pitch value: -2
		Roll value: 183
		Start timestamp: 1683989368358
		Finish timestamp: 1683989368658

	Sensor record
		Azimuth value: 80
		Pitch value: -1
		Roll value: 181
		Start timestamp: 1683989368659
		Finish timestamp: 1683989368860

	Sensor record
		Azimuth value: 81
		Pitch value: -4
		Roll value: 178
		Start timestamp: 1683989368861
		Finish timestamp: 1683989368960

	Sensor record
		Azimuth value: 81
		Pitch value: -17
		Roll value: 165
		Start timestamp: 1683989368961
		Finish timestamp: 1683989369163

	Sensor record
		Azimuth value: 70
		Pitch value: -51
		Roll value: 123
		Start timestamp: 1683989369164
		Finish timestamp: 1683989369365

	Sensor record
		Azimuth value: 358
		Pitch value: -36
		Roll value: 359
		Start timestamp: 1683989369366
		Finish timestamp: 1683989369646

	Sensor record
		Azimuth value: 346
		Pitch value: -27
		Roll value: 349
		Start timestamp: 1683989369647
		Finish timestamp: 1683989369849

	Sensor record
		Azimuth value: 0
		Pitch value: -48
		Roll value: 8
		Start timestamp: 1683989369850
		Finish timestamp: 1683989369959

	Sensor record
		Azimuth value: 30
		Pitch value: -72
		Roll value: 65
		Start timestamp: 1683989369960
		Finish timestamp: 1683989370150

	Sensor record
		Azimuth value: 111
		Pitch value: -62
		Roll value: 174
		Start timestamp: 1683989370151
		Finish timestamp: 1683989370353

	Sensor record
		Azimuth value: 109
		Pitch value: -23
		Roll value: 195
		Start timestamp: 1683989370354
		Finish timestamp: 1683989370656

	Sensor record
		Azimuth value: 80
		Pitch value: -11
		Roll value: 181
		Start timestamp: 1683989370657
		Finish timestamp: 1683989370857

	Sensor record
		Azimuth value: 68
		Pitch value: -11
		Roll value: 176
		Start timestamp: 1683989370858
		Finish timestamp: 1683989370959

	Sensor record
		Azimuth value: 67
		Pitch value: -15
		Roll value: 167
		Start timestamp: 1683989370960
		Finish timestamp: 1683989371160

	Sensor record
		Azimuth value: 66
		Pitch value: -24
		Roll value: 149
		Start timestamp: 1683989371161
		Finish timestamp: 1683989371361

	Sensor record
		Azimuth value: 53
		Pitch value: -45
		Roll value: 104
		Start timestamp: 1683989371362
		Finish timestamp: 1683989371642

	Sensor record
		Azimuth value: 20
		Pitch value: -39
		Roll value: 34
		Start timestamp: 1683989371643
		Finish timestamp: 1683989371845

	Sensor record
		Azimuth value: 20
		Pitch value: -36
		Roll value: 20
		Start timestamp: 1683989371846
		Finish timestamp: 1683989371959

	Sensor record
		Azimuth value: 18
		Pitch value: -33
		Roll value: 9
		Start timestamp: 1683989371960
		Finish timestamp: 1683989372147

	Sensor record
		Azimuth value: 8
		Pitch value: -31
		Roll value: 354
		Start timestamp: 1683989372148
		Finish timestamp: 1683989372351

	Sensor record
		Azimuth value: 2
		Pitch value: -24
		Roll value: 352
		Start timestamp: 1683989372352
		Finish timestamp: 1683989372657

	Sensor record
		Azimuth value: 358
		Pitch value: -24
		Roll value: 351
		Start timestamp: 1683989372658
		Finish timestamp: 1683989372854

	Sensor record
		Azimuth value: 359
		Pitch value: -34
		Roll value: 354
		Start timestamp: 1683989372855
		Finish timestamp: 1683989372961

	Sensor record
		Azimuth value: 9
		Pitch value: -38
		Roll value: 356
		Start timestamp: 1683989372962
		Finish timestamp: 1683989373195

	Sensor record
		Azimuth value: 9
		Pitch value: -45
		Roll value: 356
		Start timestamp: 1683989373196
		Finish timestamp: 1683989373358

	Sensor record
		Azimuth value: 8
		Pitch value: -50
		Roll value: 354
		Start timestamp: 1683989373359

