
ANALYSIS OF ALL INSTRUCTIONS

	Instruction
		Name: clock_gettime
		Minimum duration: 144
		Maximum duration: 18231
		Average duration: 956.2943989071039
		Variance: 2422140.1927008675
		Number measurements: 1464
		List measurements: [821, 6538, 1468, 257, 216, 243, 244, 277, 848, 721, 1331, 2819, 621, 675, 649, 609, 565, 534, 7748, 571, 975, 1824, 1281, 687, 561, 1601, 633, 628, 2733, 840, 564, 2022, 517, 697, 619, 554, 626, 7008, 656, 534, 618, 3621, 675, 1004, 670, 2362, 1449, 1115, 1073, 855, 690, 3743, 257, 470, 908, 593, 2623, 497, 570, 533, 635, 1198, 5221, 774, 739, 1222, 569, 972, 1173, 1064, 1314, 2217, 1147, 540, 1205, 585, 616, 483, 484, 468, 3973, 473, 6774, 6936, 597, 916, 971, 11330, 4002, 9210, 1297, 3636, 6715, 7077, 14711, 1963, 680, 2656, 3236, 2945, 3495, 7169, 10913, 892, 698, 784, 763, 1538, 10307, 659, 480, 762, 1789, 4635, 861, 3213, 3132, 15079, 548, 1050, 4073, 1249, 802, 866, 837, 1186, 1549, 746, 2082, 1908, 483, 275, 231, 212, 5306, 643, 1495, 3686, 741, 943, 3699, 2560, 787, 960, 1063, 895, 902, 1293, 864, 2900, 330, 3318, 964, 2364, 790, 5036, 5374, 1251, 7716, 926, 762, 648, 655, 623, 584, 625, 534, 4546, 5199, 1841, 11360, 7551, 2156, 781, 773, 1107, 1073, 1627, 727, 1356, 2431, 695, 830, 768, 1205, 1247, 1113, 3213, 1781, 1467, 2705, 2063, 7387, 1808, 680, 651, 1678, 2264, 782, 800, 7235, 802, 1154, 1466, 3870, 1773, 3243, 4669, 18231, 819, 1169, 2142, 719, 650, 701, 3653, 873, 828, 1019, 639, 2452, 817, 684, 1585, 664, 881, 1244, 1140, 1592, 742, 765, 658, 3576, 761, 677, 724, 2349, 1756, 1680, 883, 673, 1013, 1564, 774, 374, 294, 3352, 3920, 1428, 3083, 662, 2609, 7760, 14839, 1710, 2357, 913, 693, 717, 533, 637, 3636, 4936, 3230, 704, 666, 598, 617, 636, 634, 1120, 703, 1165, 887, 1753, 1061, 790, 794, 618, 839, 1355, 1098, 575, 1111, 842, 1954, 707, 636, 806, 598, 1685, 556, 1657, 710, 808, 861, 646, 1422, 973, 800, 696, 769, 799, 735, 803, 1507, 936, 841, 1272, 668, 904, 638, 743, 1246, 1272, 662, 1910, 645, 673, 658, 1427, 838, 991, 932, 702, 791, 1104, 748, 698, 750, 1305, 906, 625, 772, 985, 787, 625, 658, 1168, 635, 965, 819, 1570, 753, 747, 890, 847, 1148, 714, 777, 1231, 830, 711, 577, 798, 887, 668, 762, 840, 783, 1012, 646, 673, 775, 669, 724, 884, 1532, 759, 643, 656, 615, 662, 652, 652, 598, 650, 2404, 1054, 648, 1127, 716, 724, 679, 668, 793, 759, 773, 719, 793, 726, 741, 654, 1310, 921, 1107, 1089, 688, 988, 680, 697, 665, 651, 774, 752, 701, 678, 894, 678, 637, 1153, 1214, 761, 859, 700, 682, 889, 662, 526, 630, 821, 626, 876, 650, 686, 604, 638, 658, 643, 821, 570, 550, 563, 564, 556, 570, 455, 552, 787, 522, 541, 685, 907, 776, 630, 733, 524, 508, 563, 558, 1415, 621, 1095, 3543, 597, 545, 598, 887, 585, 566, 842, 1117, 578, 754, 1399, 677, 587, 634, 613, 633, 517, 1486, 611, 589, 998, 675, 605, 593, 562, 652, 627, 663, 1613, 636, 863, 629, 519, 582, 518, 553, 533, 550, 494, 606, 540, 885, 689, 567, 542, 593, 539, 596, 540, 592, 762, 1334, 624, 558, 1645, 648, 558, 597, 573, 854, 581, 574, 566, 590, 600, 552, 573, 2382, 1150, 618, 574, 1477, 650, 568, 503, 461, 1125, 617, 627, 584, 526, 537, 564, 1113, 620, 548, 510, 558, 537, 630, 556, 1609, 599, 539, 646, 610, 594, 567, 541, 537, 577, 584, 565, 528, 534, 533, 568, 976, 723, 560, 616, 725, 921, 599, 528, 572, 657, 14379, 646, 515, 595, 579, 568, 626, 532, 5668, 1142, 1466, 560, 528, 928, 319, 206, 186, 196, 181, 176, 181, 174, 234, 177, 186, 177, 195, 561, 533, 923, 378, 222, 212, 253, 236, 195, 197, 202, 252, 256, 706, 574, 804, 925, 782, 818, 768, 656, 708, 620, 563, 624, 570, 720, 572, 747, 558, 1199, 761, 551, 552, 520, 634, 886, 553, 544, 549, 533, 519, 506, 541, 509, 521, 533, 589, 597, 1228, 718, 531, 512, 508, 499, 1667, 638, 541, 511, 623, 557, 528, 539, 1758, 563, 1039, 577, 643, 581, 575, 1679, 531, 736, 554, 1373, 604, 546, 521, 544, 614, 520, 677, 1328, 545, 529, 525, 2844, 545, 521, 291, 703, 594, 442, 570, 499, 1073, 575, 572, 670, 546, 530, 578, 591, 545, 543, 914, 557, 574, 1134, 874, 1823, 835, 562, 830, 613, 555, 478, 2167, 613, 547, 551, 529, 588, 564, 1026, 546, 895, 695, 638, 568, 499, 506, 519, 516, 527, 489, 530, 868, 596, 584, 624, 635, 707, 559, 615, 800, 511, 706, 962, 606, 628, 920, 1149, 554, 1148, 906, 595, 217, 173, 176, 178, 195, 311, 214, 181, 178, 173, 176, 190, 171, 173, 241, 206, 336, 189, 178, 961, 456, 643, 558, 507, 601, 298, 206, 184, 205, 188, 203, 174, 175, 170, 180, 190, 179, 237, 246, 3819, 567, 672, 572, 1396, 373, 1224, 1546, 271, 3083, 6146, 529, 623, 248, 252, 901, 251, 543, 217, 678, 522, 573, 500, 480, 1463, 512, 681, 529, 500, 452, 232, 195, 200, 182, 901, 267, 582, 349, 567, 3351, 725, 660, 1174, 1119, 327, 1314, 833, 522, 234, 209, 288, 324, 697, 2095, 1052, 611, 704, 1142, 680, 558, 648, 609, 565, 554, 549, 1164, 575, 551, 543, 583, 829, 1968, 709, 1438, 1786, 730, 677, 2080, 1931, 6328, 766, 3404, 4066, 734, 324, 3526, 622, 2052, 597, 493, 241, 467, 560, 486, 936, 327, 216, 239, 228, 192, 192, 195, 357, 391, 259, 190, 185, 297, 202, 189, 188, 247, 591, 278, 201, 238, 192, 193, 505, 472, 459, 652, 544, 465, 465, 535, 661, 584, 602, 592, 552, 637, 468, 486, 560, 1003, 459, 1643, 444, 453, 481, 449, 226, 222, 192, 196, 178, 243, 231, 200, 178, 176, 638, 734, 888, 1539, 822, 549, 481, 508, 442, 486, 221, 210, 179, 178, 177, 176, 190, 179, 179, 204, 179, 193, 495, 235, 200, 201, 177, 175, 177, 182, 191, 174, 181, 177, 184, 198, 177, 173, 164, 193, 182, 188, 183, 182, 194, 178, 172, 174, 181, 199, 181, 181, 186, 263, 179, 168, 180, 181, 185, 234, 201, 515, 206, 507, 585, 552, 486, 530, 494, 446, 443, 528, 481, 1377, 648, 463, 439, 482, 516, 598, 734, 1933, 296, 186, 184, 195, 172, 932, 518, 467, 562, 447, 473, 804, 623, 526, 832, 498, 504, 507, 436, 8255, 9908, 492, 622, 961, 612, 8275, 274, 187, 185, 174, 174, 184, 179, 178, 180, 190, 181, 181, 220, 184, 195, 181, 175, 181, 177, 192, 190, 183, 204, 200, 181, 175, 179, 178, 191, 213, 520, 203, 1596, 2769, 637, 548, 469, 4783, 277, 599, 366, 754, 762, 633, 315, 258, 237, 280, 444, 479, 918, 1951, 824, 2094, 446, 519, 498, 551, 515, 511, 569, 521, 561, 2239, 1621, 614, 4894, 2448, 844, 834, 1112, 4161, 577, 531, 874, 599, 11093, 582, 1475, 997, 547, 488, 486, 484, 518, 468, 483, 472, 485, 506, 910, 532, 488, 506, 490, 488, 478, 459, 513, 1138, 4705, 605, 483, 512, 480, 477, 484, 512, 679, 736, 569, 603, 555, 4832, 913, 521, 500, 510, 1008, 581, 176, 153, 147, 149, 335, 155, 155, 168, 157, 171, 153, 253, 154, 150, 253, 153, 154, 147, 162, 152, 146, 146, 282, 206, 148, 145, 146, 144, 581, 1172, 1143, 700, 695, 487, 527, 495, 532, 547, 1356, 564, 567, 559, 973, 555, 672, 487, 603, 674, 902, 548, 515, 512, 482, 621, 475, 506, 477, 451, 539, 545, 445, 477, 651, 454, 615, 1423, 376, 264, 192, 297, 216, 183, 185, 178, 181, 195, 180, 178, 166, 187, 202, 179, 198, 180, 186, 175, 175, 174, 196, 201, 177, 175, 203, 179, 189, 175, 180, 182, 176, 192, 182, 180, 188, 202, 179, 178, 177, 173, 192, 178, 178, 176, 1131, 268, 192, 183, 215, 209, 206, 193, 186, 181, 194, 176, 185, 178, 178, 189, 177, 178, 177, 191, 177, 175, 5806, 234, 217, 214, 250, 195, 314, 256, 304, 12559, 181, 158, 154, 153, 167, 256, 273, 189, 214, 187, 220, 206, 177, 208, 198, 235, 176, 180, 179, 172, 201, 577, 8173, 927, 452, 498, 851, 552, 630, 515, 802, 488, 596, 487, 874, 576, 565, 535, 518, 506, 581, 643, 539, 509, 596, 1094, 664, 519, 522, 500, 723, 514, 492, 496, 533, 859, 507, 552, 522, 8513, 569, 509, 744, 500, 513, 505, 491, 488, 493, 548, 1372, 329, 639, 534, 607, 524, 1171, 1042, 547, 552, 624, 538, 605, 534, 564, 523, 867, 530, 1096, 276, 537, 205, 461, 573, 207, 265, 300, 203, 524, 652, 1458, 179, 259, 552, 471, 1006, 646, 554, 529, 960, 598, 1052, 616, 1449, 570, 654, 542, 514, 607, 602, 1095, 556, 616, 624, 621, 512, 517, 596, 618, 813, 1375, 711, 558, 548, 651, 517, 534, 518, 547, 516, 7685, 1006, 602, 592, 676, 683]

	Instruction
		Name: close
		Minimum duration: 547
		Maximum duration: 1808
		Average duration: 959.6666666666666
		Variance: 190509.11111111112
		Number measurements: 9
		List measurements: [659, 703, 1808, 1532, 973, 549, 547, 1225, 641]

	Instruction
		Name: connect
		Minimum duration: 617
		Maximum duration: 4299
		Average duration: 2458
		Variance: 3389281.0
		Number measurements: 2
		List measurements: [4299, 617]

	Instruction
		Name: dup
		Minimum duration: 557
		Maximum duration: 1140
		Average duration: 818
		Variance: 58508.666666666664
		Number measurements: 3
		List measurements: [1140, 557, 757]

	Instruction
		Name: epoll_ctl
		Minimum duration: 624
		Maximum duration: 1848
		Average duration: 1064.3333333333333
		Variance: 308634.88888888893
		Number measurements: 3
		List measurements: [624, 721, 1848]

	Instruction
		Name: epoll_pwait
		Minimum duration: 186
		Maximum duration: 3359
		Average duration: 839.6666666666666
		Variance: 468533.888888889
		Number measurements: 18
		List measurements: [265, 665, 616, 662, 677, 779, 529, 669, 528, 523, 739, 691, 3359, 725, 186, 1701, 1086, 714]

	Instruction
		Name: fcntl
		Minimum duration: 519
		Maximum duration: 12550
		Average duration: 2970.2
		Variance: 22946273.359999996
		Number measurements: 5
		List measurements: [12550, 579, 527, 676, 519]

	Instruction
		Name: fstat
		Minimum duration: 256
		Maximum duration: 7548
		Average duration: 2461.25
		Variance: 8797496.6875
		Number measurements: 4
		List measurements: [7548, 1408, 256, 633]

	Instruction
		Name: futex
		Minimum duration: 152
		Maximum duration: 23347
		Average duration: 990.8605577689243
		Variance: 3788332.7494801674
		Number measurements: 251
		List measurements: [765, 675, 679, 944, 961, 224, 600, 617, 682, 607, 493, 538, 494, 506, 501, 538, 505, 484, 460, 1039, 663, 511, 570, 531, 496, 549, 498, 505, 465, 536, 509, 503, 519, 500, 489, 528, 554, 536, 579, 1592, 981, 1130, 1963, 684, 799, 562, 6096, 515, 496, 529, 5032, 930, 618, 713, 608, 1286, 1377, 236, 178, 173, 181, 161, 161, 159, 169, 172, 160, 159, 159, 159, 168, 159, 160, 158, 160, 165, 160, 158, 159, 168, 162, 182, 3028, 764, 4874, 4059, 3507, 742, 640, 2392, 700, 1763, 2847, 570, 1254, 1241, 23347, 639, 639, 698, 546, 559, 551, 536, 474, 687, 706, 195, 193, 2756, 586, 470, 551, 339, 545, 441, 437, 430, 480, 442, 442, 427, 432, 583, 453, 423, 423, 425, 459, 638, 578, 431, 438, 208, 229, 254, 608, 778, 545, 9596, 585, 533, 458, 511, 573, 965, 1371, 199, 245, 636, 957, 738, 518, 570, 524, 2494, 643, 569, 453, 535, 457, 521, 855, 838, 540, 468, 2743, 3099, 1657, 859, 507, 497, 208, 202, 1726, 3543, 328, 7742, 3473, 177, 152, 1339, 2584, 690, 1048, 7708, 10571, 609, 545, 446, 514, 519, 536, 549, 632, 1230, 874, 519, 593, 564, 582, 640, 175, 204, 340, 503, 458, 534, 603, 698, 573, 1216, 554, 1210, 239, 204, 492, 613, 648, 465, 3303, 865, 707, 259, 190, 2204, 998, 571, 573, 587, 493, 593, 539, 196, 4430, 255, 545, 792, 573, 630, 226, 200, 184, 176, 555, 519, 557, 659, 504, 843, 842]

	Instruction
		Name: getppid
		Minimum duration: 769
		Maximum duration: 840
		Average duration: 804.5
		Variance: 1260.25
		Number measurements: 2
		List measurements: [840, 769]

	Instruction
		Name: getsockopt
		Minimum duration: 550
		Maximum duration: 550
		Average duration: 550
		Variance: 0.0
		Number measurements: 1
		List measurements: [550]

	Instruction
		Name: gettimeofday
		Minimum duration: 173
		Maximum duration: 13198
		Average duration: 1079.741935483871
		Variance: 5214309.610822061
		Number measurements: 31
		List measurements: [13198, 1690, 177, 539, 613, 646, 791, 499, 548, 716, 676, 542, 590, 642, 473, 549, 527, 612, 514, 522, 749, 3387, 621, 947, 173, 182, 174, 555, 803, 312, 505]

	Instruction
		Name: getuid
		Minimum duration: 172
		Maximum duration: 9102
		Average duration: 1588.4411764705883
		Variance: 3297947.4230103805
		Number measurements: 34
		List measurements: [770, 9102, 2667, 930, 2734, 805, 5275, 1232, 395, 736, 516, 304, 270, 592, 601, 2482, 566, 798, 4604, 1227, 550, 608, 546, 497, 1029, 1125, 1682, 3557, 172, 173, 1163, 2741, 535, 3023]

	Instruction
		Name: ioctl
		Minimum duration: 205
		Maximum duration: 8033
		Average duration: 1655.0967741935483
		Variance: 3534049.571279917
		Number measurements: 31
		List measurements: [885, 440, 977, 5831, 675, 609, 281, 205, 1553, 1184, 1527, 1284, 1817, 927, 485, 803, 2327, 954, 1531, 1360, 2028, 697, 8033, 4080, 208, 6718, 684, 922, 784, 405, 1094]

	Instruction
		Name: mmap
		Minimum duration: 692
		Maximum duration: 2532
		Average duration: 1348
		Variance: 703658.6666666666
		Number measurements: 3
		List measurements: [2532, 820, 692]

	Instruction
		Name: mprotect
		Minimum duration: 493
		Maximum duration: 2852
		Average duration: 1086.5833333333333
		Variance: 613362.0763888889
		Number measurements: 12
		List measurements: [2054, 903, 493, 554, 656, 2852, 627, 622, 822, 626, 2289, 541]

	Instruction
		Name: munmap
		Minimum duration: 627
		Maximum duration: 627
		Average duration: 627
		Variance: 0.0
		Number measurements: 1
		List measurements: [627]

	Instruction
		Name: openat
		Minimum duration: 623
		Maximum duration: 1231
		Average duration: 927.25
		Variance: 84711.1875
		Number measurements: 4
		List measurements: [1231, 1205, 623, 650]

	Instruction
		Name: prctl
		Minimum duration: 514
		Maximum duration: 562
		Average duration: 538
		Variance: 576.0
		Number measurements: 2
		List measurements: [514, 562]

	Instruction
		Name: read
		Minimum duration: 169
		Maximum duration: 1861
		Average duration: 696.5135135135135
		Variance: 113359.9795471147
		Number measurements: 37
		List measurements: [530, 500, 571, 561, 536, 584, 536, 525, 898, 638, 453, 558, 533, 736, 791, 574, 716, 543, 694, 538, 1400, 575, 1861, 1006, 763, 642, 745, 751, 181, 169, 174, 612, 447, 723, 1168, 1135, 1404]

	Instruction
		Name: recvfrom
		Minimum duration: 198
		Maximum duration: 3170
		Average duration: 865.3157894736842
		Variance: 662485.5844875347
		Number measurements: 19
		List measurements: [583, 212, 198, 1136, 3043, 270, 941, 3170, 1059, 590, 564, 204, 601, 601, 974, 676, 567, 522, 530]

	Instruction
		Name: rt_sigprocmask
		Minimum duration: 168
		Maximum duration: 268
		Average duration: 216.75
		Variance: 1629.6875
		Number measurements: 4
		List measurements: [268, 188, 168, 243]

	Instruction
		Name: sched_yield
		Minimum duration: 857
		Maximum duration: 13147
		Average duration: 3433.2727272727275
		Variance: 14288092.561983472
		Number measurements: 11
		List measurements: [2381, 1722, 1075, 1573, 1253, 857, 1393, 1626, 8986, 13147, 3753]

	Instruction
		Name: sendto
		Minimum duration: 1707
		Maximum duration: 1707
		Average duration: 1707
		Variance: 0.0
		Number measurements: 1
		List measurements: [1707]

	Instruction
		Name: socket
		Minimum duration: 687
		Maximum duration: 2320
		Average duration: 1503.5
		Variance: 666672.25
		Number measurements: 2
		List measurements: [2320, 687]

	Instruction
		Name: write
		Minimum duration: 185
		Maximum duration: 2733
		Average duration: 737.3333333333334
		Variance: 380080.48888888885
		Number measurements: 15
		List measurements: [743, 618, 698, 912, 586, 574, 748, 263, 185, 754, 1409, 253, 222, 362, 2733]

	Instruction
		Name: writev
		Minimum duration: 381
		Maximum duration: 2323
		Average duration: 971
		Variance: 368128.5714285714
		Number measurements: 7
		List measurements: [1262, 2323, 381, 840, 573, 668, 750]

