------------------ SYSCALL ENTRY START ------------------
PID: 21060
SPID: 21060
Timestamp: 1691396676592968
Syscall = clock_gettime (113)
------------------ SYSCALL ENTRY STOP ------------------
------------------ SYSCALL EXIT START ------------------
PID: 21060
SPID: 21060
Timestamp: 1691396676594714
Return value: 000000000000000000
------------------ SYSCALL EXIT STOP ------------------
------------------ SYSCALL ENTRY START ------------------
PID: 21060
SPID: 21060
Timestamp: 1691396676594916
Syscall = fcntl (25)
------------------ SYSCALL ENTRY STOP ------------------
------------------ SYSCALL EXIT START ------------------
PID: 21060
SPID: 21060
Timestamp: 1691396676595398
Return value: 0x0000000000000067
------------------ SYSCALL EXIT STOP ------------------
------------------ SYSCALL ENTRY START ------------------
PID: 21060
SPID: 21060
Timestamp: 1691396676595566
Syscall = close (57)
------------------ SYSCALL ENTRY STOP ------------------
------------------ SYSCALL EXIT START ------------------
PID: 21060
SPID: 21060
Timestamp: 1691396676595821
Return value: 000000000000000000
------------------ SYSCALL EXIT STOP ------------------
------------------ SYSCALL ENTRY START ------------------
PID: 21060
SPID: 21060
Timestamp: 1691396676595868
Syscall = ioctl (29)
------------------ SYSCALL ENTRY STOP ------------------
------------------ SYSCALL EXIT START ------------------
PID: 21060
SPID: 21060
Timestamp: 1691396676596082
Return value: 000000000000000000
------------------ SYSCALL EXIT STOP ------------------
------------------ SYSCALL ENTRY START ------------------
PID: 21060
SPID: 21060
Timestamp: 1691396676596344
Syscall = clock_gettime (113)
------------------ SYSCALL ENTRY STOP ------------------
------------------ SYSCALL EXIT START ------------------
PID: 21060
SPID: 21060
Timestamp: 1691396676596586
Return value: 000000000000000000
------------------ SYSCALL EXIT STOP ------------------
------------------ SYSCALL ENTRY START ------------------
PID: 21060
SPID: 21060
Timestamp: 1691396676596630
Syscall = read (63)
------------------ SYSCALL ENTRY STOP ------------------
------------------ SYSCALL EXIT START ------------------
PID: 21060
SPID: 21060
Timestamp: 1691396676596860
Return value: 0x0000000000000030
------------------ SYSCALL EXIT STOP ------------------
------------------ SYSCALL ENTRY START ------------------
PID: 21060
SPID: 21060
Timestamp: 1691396676596927
Syscall = getuid (174)
------------------ SYSCALL ENTRY STOP ------------------
------------------ SYSCALL EXIT START ------------------
PID: 21060
SPID: 21060
Timestamp: 1691396676597126
Return value: 0x000000000000287c
------------------ SYSCALL EXIT STOP ------------------
------------------ SYSCALL ENTRY START ------------------
PID: 21060
SPID: 21060
Timestamp: 1691396676597202
Syscall = epoll_pwait (22)
------------------ SYSCALL ENTRY STOP ------------------
------------------ SYSCALL EXIT START ------------------
PID: 21060
SPID: 21060
Timestamp: 1691396676597404
Return value: 0x0000000000000001
------------------ SYSCALL EXIT STOP ------------------
------------------ SYSCALL ENTRYSTART ------------------
PID: 21060
SPID: 21060
Timestamp: 1691396676597433
Syscall = read (63)
------------------ SYSCALL ENTRY STOP ------------------
------------------ SYSCALL EXIT START ------------------
PID: 21060
SPID: 21060
Timestamp: 1691396676597618
Return value: 0x0000000000000008
------------------ SYSCALL EXIT STOP ------------------
------------------ SYSCALL ENTRY START ------------------
PID: 21060
SPID: 21060
Timestamp: 1691396676597761
Syscall = clock_gettime (113)
------------------ SYSCALL ENTRY STOP ------------------
------------------ SYSCALL EXIT START ------------------
PID: 21169
SPID: 21169
Timestamp: 1691396698304646
Return value: 0x0000000000000008
------------------ SYSCALL EXIT STOP ------------------
------------------ SYSCALL ENTRY START ------------------
PID: 21169
SPID: 21169
Timestamp: 1691396698304716
Syscall = sendto (206)
------------------ SYSCALL ENTRY STOP ------------------
------------------ SYSCALL EXIT START ------------------
PID: 21169
SPID: 21169
Timestamp: 1691396698305083
Return value: 0x0000000000000018
------------------ SYSCALL EXIT STOP ------------------
------------------ SYSCALL ENTRY START ------------------
PID: 21169
SPID: 21169
Timestamp: 1691396698305148
Syscall = recvfrom (207)
------------------ SYSCALL ENTRY STOP ------------------
------------------ SYSCALL EXIT START ------------------
PID: 21169
SPID: 21169
Timestamp: 1691396698305398
Return value: 0xfffffffffffffff5
------------------ SYSCALL EXIT STOP ------------------
------------------ SYSCALL ENTRY START ------------------
PID: 21169
SPID: 21169
Timestamp: 1691396698305449
Syscall = clock_gettime (113)
------------------ SYSCALL ENTRY STOP ------------------
------------------ SYSCALL EXIT START ------------------
PID: 21169
SPID: 21169
Timestamp: 1691396698305659
Return value: 000000000000000000
------------------ SYSCALL EXIT STOP ------------------
------------------ SYSCALL ENTRY START ------------------
PID: 21169
SPID: 21169
Timestamp: 1691396698305726
Syscall = clock_gettime (113)
------------------ SYSCALL ENTRY STOP ------------------
------------------ SYSCALL EXIT START ------------------
PID: 21169
SPID: 21169
Timestamp: 1691396698305926
Return value: 000000000000000000
------------------ SYSCALL EXIT STOP ------------------
------------------ SYSCALL ENTRY START ------------------
PID: 21169
SPID: 21169
Timestamp: 1691396698305962
Syscall = gettimeofday (169)
------------------ SYSCALL ENTRY STOP ------------------
------------------ SYSCALL EXIT START ------------------
PID: 21169
SPID: 21169
Timestamp: 1691396698306176
Return value: 000000000000000000
------------------ SYSCALL EXIT STOP ------------------
------------------ SYSCALL ENTRY START ------------------
PID: 21169
SPID: 21169
Timestamp: 1691396698306211
Syscall = read (63)
------------------ SYSCALL ENTRY STOP ------------------
------------------ SYSCALL EXIT START ------------------
PID: 21169
SPID: 21169
Timestamp: 1691396698306402
Return value: 0x0000000000000030
------------------ SYSCALL EXIT STOP ------------------
------------------ SYSCALL ENTRY START ------------------
PID: 21169
SPID: 21169
Timestamp: 1691396698306813
Syscall = clock_gettime (113)
------------------ SYSCALL ENTRY STOP ------------------
------------------ SYSCALL EXIT START ------------------
PID: 21169
SPID: 21169
Timestamp: 1691396698307305
Return value: 000000000000000000
------------------ SYSCALL EXIT STOP ------------------
------------------ SYSCALL ENTRY START ------------------
PID: 21169
SPID: 21169
Timestamp: 1691396698307382
Syscall = getuid (174)
------------------ SYSCALL ENTRY STOP ------------------
------------------ SYSCALL EXIT START ------------------
PID: 21169
SPID: 21169
Timestamp: 1691396698309893
Return value: 0x000000000000287c
------------------ SYSCALL EXIT STOP ------------------
------------------ SYSCALL ENTRY START ------------------
PID: 21169
SPID: 21169
Timestamp: 1691396698309958
Syscall = writev (66)
------------------ SYSCALL ENTRY STOP ------------------
------------------ SYSCALL EXIT START ------------------
PID: 21169
SPID: 21169
Timestamp: 1691396698311290
Return value: 0x0000000000000041
------------------ SYSCALL EXIT STOP ------------------
------------------ SYSCALL ENTRY START ------------------
PID: 21169
SPID: 21169
Timestamp: 1691396698311385
Syscall = futex (98)
------------------ SYSCALL ENTRY STOP ------------------
------------------ SYSCALL EXIT START ------------------
PID: 21169
SPID: 21169
Timestamp: 1691396698311712
Return value: 0x0000000000000001
------------------ SYSCALL EXIT STOP ------------------
------------------ SYSCALL ENTRY START ------------------
PID: 21169
SPID: 21169
Timestamp: 1691396698312184
Syscall = clock_gettime (113)
------------------ SYSCALL ENTRY STOP ------------------
------------------ SYSCALL EXIT START ------------------
PID: 21169
SPID: 21169
Timestamp: 1691396698312495
Return value: 000000000000000000
------------------ SYSCALL EXIT STOP ------------------
------------------ SYSCALL ENTRY START ------------------
PID: 21169
SPID: 21169
Timestamp: 1691396698312563
Syscall = clock_gettime (113)
------------------ SYSCALL ENTRY STOP ------------------
------------------ SYSCALL EXIT START ------------------
PID: 21169
SPID: 21169
Timestamp: 1691396698312809
Return value: 000000000000000000
------------------ SYSCALL EXIT STOP ------------------
------------------ SYSCALL ENTRY START ------------------
PID: 21169
SPID: 21169
Timestamp: 1691396698312866
Syscall = clock_gettime (113)
------------------ SYSCALL ENTRY STOP ------------------
------------------ SYSCALL EXIT START ------------------
PID: 21169
SPID: 21169
Timestamp: 1691396698313151
Return value: 000000000000000000
------------------ SYSCALL EXIT STOP ------------------
------------------ SYSCALL ENTRY START ------------------
PID: 21169
SPID: 21169
Timestamp: 1691396698313424
Syscall = clock_gettime (113)
------------------ SYSCALL ENTRY STOP ------------------
------------------ SYSCALL EXIT START ------------------
PID: 21169
SPID: 21169
Timestamp: 1691396698313869
Return value: 000000000000000000
------------------ SYSCALL EXIT STOP ------------------
------------------ SYSCALL ENTRY START ------------------
PID: 21169
SPID: 21169
Timestamp: 1691396698314087
Syscall = gettimeofday (169)
------------------ SYSCALL ENTRY STOP ------------------
------------------ SYSCALL EXIT START ------------------
PID: 21169
SPID: 21169
Timestamp: 1691396698314379
Return value: 000000000000000000
------------------ SYSCALL EXIT STOP ------------------
------------------ SYSCALL ENTRY START ------------------
PID: 21169
SPID: 21169
Timestamp: 1691396698314561
Syscall = clock_gettime (113)
------------------ SYSCALL ENTRY STOP ------------------
------------------ SYSCALL EXIT START ------------------
PID: 21169
SPID: 21169
Timestamp: 1691396698314754
Return value: 000000000000000000
------------------ SYSCALL EXIT STOP ------------------
------------------ SYSCALL ENTRY START ------------------
PID: 21169
SPID: 21169
Timestamp: 1691396698314838
Syscall = write (64)
------------------ SYSCALL ENTRY STOP ------------------
------------------ SYSCALL EXIT START ------------------
PID: 21169
SPID: 21169
Timestamp: 1691396698315109
Return value: 0x0000000000000008
------------------ SYSCALL EXIT STOP ------------------
------------------ SYSCALL ENTRY START ------------------
PID: 21169
SPID: 21169
Timestamp: 1691396698316938
Syscall = clock_gettime (113)
------------------ SYSCALL ENTRY STOP ------------------
------------------ SYSCALL EXIT START ------------------
PID: 21169
SPID: 21169
Timestamp: 1691396698318216
Return value: 000000000000000000
------------------ SYSCALL EXIT STOP ------------------
------------------ SYSCALL ENTRY START ------------------
PID: 21169
SPID: 21169
Timestamp: 1691396698318625
Syscall = clock_gettime (113)
------------------ SYSCALL ENTRY STOP ------------------
------------------ SYSCALL EXIT START ------------------
PID: 21169
SPID: 21169
Timestamp: 1691396698320046
Return value: 000000000000000000
------------------ SYSCALL EXIT STOP ------------------
------------------ SYSCALL ENTRY START------------------
PID: 21169
SPID: 21169
Timestamp: 1691396698320120
Syscall = gettimeofday (169)
------------------ SYSCALL ENTRY STOP ------------------
------------------ SYSCALL EXIT START ------------------
PID: 21169
SPID: 21169
Timestamp: 1691396698320370
Return value: 000000000000000000
------------------ SYSCALL EXIT STOP ------------------
------------------ SYSCALL ENTRY START ------------------
PID: 21169
SPID: 21169
Timestamp: 1691396698320756
Syscall = clock_gettime (113)
------------------ SYSCALL ENTRY STOP ------------------
------------------ SYSCALL EXIT START ------------------
PID: 21169
SPID: 21169
Timestamp: 1691396698321019
Return value: 000000000000000000
------------------ SYSCALL EXIT STOP ------------------
------------------ SYSCALL ENTRY START ------------------
PID: 21169
SPID: 21169
Timestamp: 1691396698321079
Syscall = clock_gettime (113)
------------------ SYSCALL ENTRY STOP ------------------
------------------ SYSCALL EXIT START ------------------
PID: 21169
SPID: 21169
Timestamp: 1691396698321280
Return value: 000000000000000000
------------------ SYSCALL EXIT STOP ------------------
------------------ SYSCALL ENTRY START ------------------
PID: 21169
SPID: 21169
Timestamp: 1691396698321323
Syscall = ioctl (29)
------------------ SYSCALL ENTRY STOP ------------------
------------------ SYSCALL EXIT START ------------------
PID: 21169
SPID: 21169
Timestamp: 1691396698322380
Return value: 000000000000000000
------------------ SYSCALL EXIT STOP ------------------
------------------ SYSCALL ENTRY START ------------------
PID: 21169
SPID: 21169
Timestamp: 1691396698324488
Syscall = clock_gettime (113)
------------------ SYSCALL ENTRY STOP ------------------
------------------ SYSCALL EXIT START ------------------
PID: 21169
SPID: 21169
Timestamp: 1691396698326962
Return value: 000000000000000000
------------------ SYSCALL EXIT STOP ------------------
------------------ SYSCALL ENTRY START ------------------
PID: 21169
SPID: 21169
Timestamp: 1691396698327241
Syscall = fcntl (25)
------------------ SYSCALL ENTRY STOP ------------------
------------------ SYSCALL EXIT START ------------------
PID: 21169
SPID: 21169
Timestamp: 1691396698328107
Return value: 0x0000000000000066
------------------ SYSCALL EXIT STOP ------------------
------------------ SYSCALL ENTRY START ------------------
PID: 21169
SPID: 21169
Timestamp: 1691396698329011
Syscall = close (57)
------------------ SYSCALL ENTRY STOP ------------------
------------------ SYSCALL EXIT START ------------------
PID: 21169
SPID: 21169
Timestamp: 1691396698331664
Return value: 000000000000000000
------------------ SYSCALL EXIT STOP ------------------
------------------ SYSCALL ENTRY START ------------------
PID: 21169
SPID: 21169
Timestamp: 1691396698331721
Syscall = ioctl (29)
------------------ SYSCALL ENTRY STOP ------------------
------------------ SYSCALL EXIT START ------------------
PID: 21169
SPID: 21169
Timestamp: 1691396698332017
Return value: 000000000000000000
------------------ SYSCALL EXIT STOP ------------------
------------------ SYSCALL ENTRY START ------------------
PID: 21169
SPID: 21169
Timestamp: 1691396698332259
Syscall = clock_gettime (113)
------------------ SYSCALL ENTRY STOP ------------------
------------------ SYSCALL EXIT START ------------------
PID: 21169
SPID: 21169
Timestamp: 1691396698332532
Return value: 000000000000000000
------------------ SYSCALL EXIT STOP ------------------
------------------ SYSCALL ENTRY START ------------------
PID: 21169
SPID: 21169
Timestamp: 1691396698332578
Syscall = read (63)
------------------ SYSCALL ENTRY STOP ------------------
------------------ SYSCALL EXIT START ------------------
PID: 21169
SPID: 21169
Timestamp: 1691396698332787
Return value: 0x0000000000000030
------------------ SYSCALL EXIT STOP ------------------
------------------ SYSCALL ENTRY START ------------------
PID: 21169
SPID: 21169
Timestamp: 1691396698332861
Syscall = getuid (174)
------------------ SYSCALL ENTRY STOP ------------------
------------------ SYSCALL EXIT START ------------------
PID: 21169
SPID: 21169
Timestamp: 1691396698333227
Return value: 0x000000000000287c
------------------ SYSCALL EXIT STOP ------------------
------------------ SYSCALL ENTRY START ------------------
PID: 21169
SPID: 21169
Timestamp: 1691396698333289
Syscall = epoll_pwait (22)
------------------ SYSCALL ENTRY STOP ------------------
------------------ SYSCALL EXIT START ------------------
PID: 21169
SPID: 21169
Timestamp: 1691396698333496
Return value: 0x0000000000000001
------------------ SYSCALL EXIT STOP ------------------
------------------ SYSCALL ENTRY START ------------------
PID: 21169
SPID: 21169
Timestamp: 1691396698333525
Syscall = read (63)
------------------ SYSCALL ENTRY STOP ------------------
------------------ SYSCALL EXIT START ------------------
PID: 21169
SPID: 21169
Timestamp: 1691396698333838
Return value: 0x0000000000000008
------------------ SYSCALL EXIT STOP ------------------
------------------ SYSCALL ENTRY START ------------------
PID: 21169
SPID: 21169
Timestamp: 1691396698333890
Syscall= clock_gettime (113)
------------------ SYSCALL ENTRY STOP ------------------
------------------ SYSCALL EXIT START ------------------
PID: 21169
SPID: 21169
Timestamp: 1691396698334148
Return value: 000000000000000000
------------------ SYSCALL EXIT STOP ------------------
------------------ SYSCALL ENTRY START ------------------
PID: 21169
SPID: 21169
Timestamp: 1691396698334212
Syscall = clock_gettime (113)
------------------ SYSCALL ENTRY STOP ------------------
------------------ SYSCALL EXIT START ------------------
PID: 21169
SPID: 21169
Timestamp: 1691396698334412
Return value: 000000000000000000
------------------ SYSCALL EXIT STOP ------------------
------------------ SYSCALL ENTRY START ------------------
PID: 21169
SPID: 21169
Timestamp: 1691396698334449
Syscall = gettimeofday (169)
------------------ SYSCALL ENTRY STOP ------------------
------------------ SYSCALL EXIT START ------------------
PID: 21169
SPID: 21169
Timestamp: 1691396698334648
Return value: 000000000000000000
------------------SYSCALL EXIT STOP ------------------
------------------ SYSCALL ENTRY START ------------------
PID: 21169
SPID: 21169
Timestamp: 1691396698334688
Syscall = read (63)
------------------ SYSCALL ENTRY STOP ------------------
------------------ SYSCALL EXIT START ------------------
PID: 21169
SPID: 21169
Timestamp: 1691396698334881
Return value: 0x0000000000000030
------------------ SYSCALL EXIT STOP ------------------
------------------ SYSCALL ENTRY START ------------------
PID: 21169
SPID: 21169
Timestamp: 1691396698334960
Syscall = clock_gettime (113)
------------------ SYSCALL ENTRY STOP ------------------
------------------ SYSCALL EXIT START ------------------
PID: 21169
SPID: 21169
Timestamp: 1691396698335153
Return value: 000000000000000000
------------------ SYSCALL EXIT STOP ------------------
------------------ SYSCALL ENTRY START ------------------
PID: 21169
SPID: 21169
Timestamp: 1691396698335208
Syscall = clock_gettime (113)
------------------ SYSCALL ENTRY STOP ------------------
------------------ SYSCALL EXIT START ------------------
PID: 21169
SPID: 21169
Timestamp: 1691396698335422
Return value: 000000000000000000
------------------ SYSCALL EXIT STOP ------------------
------------------ SYSCALL ENTRY START ------------------
PID: 21169
SPID: 21169
Timestamp: 1691396698335509
Syscall = clock_gettime (113)
------------------ SYSCALL ENTRY STOP ------------------
------------------ SYSCALL EXIT START ------------------
PID: 21169
SPID: 21169
Timestamp: 1691396698335702
Return value: 000000000000000000
------------------ SYSCALL EXIT STOP ------------------
------------------ SYSCALL ENTRY START ------------------
PID: 21169
SPID: 21169
Timestamp: 1691396698335736
Syscall = clock_gettime (113)
------------------ SYSCALL ENTRY STOP ------------------
------------------ SYSCALL EXIT START ------------------
PID: 21169
SPID: 21169
Timestamp: 1691396698335923
Return value: 000000000000000000
------------------ SYSCALL EXIT STOP ------------------
------------------ SYSCALL ENTRY START ------------------
PID: 21169
SPID: 21169
Timestamp: 1691396698335961
Syscall = clock_gettime (113)
------------------ SYSCALL ENTRY STOP ------------------
------------------ SYSCALL EXIT START ------------------
PID: 21169
SPID: 21169
Timestamp: 1691396698336145
Return value: 000000000000000000
------------------ SYSCALL EXIT STOP ------------------
------------------ SYSCALL ENTRY START ------------------
PID: 21169
SPID: 21169
Timestamp: 1691396698336179
Syscall = clock_gettime (113)
------------------ SYSCALL ENTRY STOP ------------------
------------------ SYSCALL EXIT START ------------------
PID: 21169
SPID: 21169
Timestamp: 1691396698336368
Return value: 000000000000000000
------------------ SYSCALL EXIT STOP ------------------
------------------ SYSCALL ENTRY START ------------------
PID: 21169
SPID: 21169
Timestamp: 1691396698336404
Syscall = clock_gettime (113)
------------------ SYSCALL ENTRY STOP ------------------
------------------ SYSCALL EXIT START ------------------
PID: 21169
SPID: 21169
Timestamp: 1691396698336609
Return value: 000000000000000000
------------------ SYSCALL EXIT STOP ------------------
------------------ SYSCALL ENTRY START ------------------
PID: 21169
SPID: 21169
Timestamp: 1691396698336644
Syscall = clock_gettime (113)
------------------ SYSCALL ENTRY STOP ------------------
------------------ SYSCALL EXIT START ------------------
PID: 21169
SPID: 21169
Timestamp: 1691396698336841
Return value: 000000000000000000
------------------ SYSCALL EXIT STOP ------------------
------------------ SYSCALL ENTRY START ------------------
PID: 21169
SPID: 21169
Timestamp: 1691396698336874
Syscall = clock_gettime (113)
------------------ SYSCALL ENTRY STOP ------------------
------------------ SYSCALL EXIT START ------------------
PID: 21169
SPID: 21169
Timestamp: 1691396698337056
Return value: 000000000000000000
------------------ SYSCALL EXIT STOP ------------------
------------------ SYSCALL ENTRY START ------------------
PID: 21169
SPID: 21169
Timestamp: 1691396698337154
Syscall = write (64)
------------------ SYSCALL ENTRY STOP ------------------
------------------ SYSCALL EXIT START ------------------
PID: 21169
SPID: 21169
Timestamp: 1691396698337356
Return value: 0x0000000000000008
------------------ SYSCALL EXIT STOP ------------------
------------------ SYSCALL ENTRY START ------------------
PID: 21169
SPID: 21169
Timestamp: 1691396698337743
Syscall = clock_gettime (113)
------------------ SYSCALL ENTRY STOP ------------------
------------------ SYSCALL EXIT START ------------------
PID: 21169
SPID: 21169
Timestamp: 1691396698338071
Return value: 000000000000000000
------------------ SYSCALL EXIT STOP ------------------
------------------ SYSCALL ENTRY START ------------------
PID: 21169
SPID: 21169
Timestamp: 1691396698338708
Syscall = clock_gettime (113)
------------------ SYSCALL ENTRY STOP ------------------
------------------ SYSCALL EXIT START ------------------
PID: 21169
SPID: 21169
Timestamp: 1691396698339498
Return value: 000000000000000000
------------------ SYSCALL EXIT STOP ------------------
------------------ SYSCALL ENTRY START ------------------
PID: 21169
SPID: 21169
Timestamp: 1691396698339627
Syscall = clock_gettime (113)
------------------ SYSCALL ENTRY STOP ------------------
------------------ SYSCALL EXIT START ------------------
PID: 21169
SPID: 21169
Timestamp: 1691396698340479
Return value: 000000000000000000
------------------ SYSCALL EXIT STOP ------------------
------------------ SYSCALL ENTRY START ------------------
PID: 21169
SPID: 21169
Timestamp: 1691396698340674
Syscall = recvfrom (207)
------------------ SYSCALL ENTRY STOP ------------------
------------------ SYSCALL EXIT START ------------------
PID: 21169
SPID: 21169
Timestamp: 1691396698341389
Return value: 0xfffffffffffffff5
------------------ SYSCALL EXIT STOP ------------------
------------------ SYSCALL ENTRY START ------------------
PID: 21169
SPID: 21169
Timestamp: 1691396698341466
Syscall = ioctl (29)
------------------ SYSCALL ENTRY STOP ------------------
------------------ SYSCALL EXIT START ------------------
PID: 21169
SPID: 21169
Timestamp: 1691396698342475
Return value: 000000000000000000
------------------ SYSCALL EXIT STOP ------------------
------------------ SYSCALL ENTRY START ------------------
PID: 21169
SPID: 21169
Timestamp: 1691396698343534
Syscall = clock_gettime (113)
------------------ SYSCALL ENTRY STOP ------------------
------------------ SYSCALL EXIT START ------------------
PID: 21169
SPID: 21169
Timestamp: 1691396698344264
Return value: 000000000000000000
------------------ SYSCALL EXIT STOP ------------------
------------------ SYSCALL ENTRY START ------------------
PID: 21169
SPID: 21169
Timestamp: 1691396698344377
Syscall = clock_gettime (113)
------------------ SYSCALL ENTRY STOP ------------------
------------------ SYSCALL EXIT START ------------------
PID: 21169
SPID: 21169
Timestamp: 1691396698345139
Return value: 000000000000000000
------------------ SYSCALL EXIT STOP ------------------
------------------ SYSCALL ENTRY START ------------------
PID: 21169
SPID: 21169
Timestamp: 1691396698345276
Syscall = write (64)
------------------ SYSCALL ENTRY STOP ------------------
------------------ SYSCALL EXIT START ------------------
PID: 21169
SPID: 21169
Timestamp: 1691396698349205
Return value: 0x0000000000000008
------------------ SYSCALL EXIT STOP ------------------
------------------ SYSCALL ENTRY START ------------------
PID: 21169
SPID: 21169
Timestamp: 1691396698352102
Syscall = futex (98)
------------------ SYSCALL ENTRY STOP ------------------
------------------ SYSCALL EXIT START ------------------
PID: 21169
SPID: 21169
Timestamp: 1691396698356515
Return value: 0x0000000000000001
------------------ SYSCALL EXIT STOP ------------------
------------------ SYSCALL ENTRY START ------------------
PID: 21169
SPID: 21169
Timestamp: 1691396698356609
Syscall = futex (98)
------------------ SYSCALL ENTRY STOP ------------------
------------------ SYSCALL EXIT START ------------------
PID: 21169
SPID: 21169
Timestamp: 1691396698357811
Return value: 0x0000000000000001
------------------ SYSCALL EXIT STOP ------------------
------------------ SYSCALL ENTRY START ------------------
PID: 21169
SPID: 21169
Timestamp: 1691396698364583
Syscall = clock_gettime (113)
------------------ SYSCALL ENTRY STOP ------------------
------------------ SYSCALL EXIT START ------------------
PID: 21169
SPID: 21169
Timestamp: 1691396698365561
Return value: 000000000000000000
------------------ SYSCALL EXIT STOP ------------------
------------------ SYSCALL ENTRY START ------------------
PID: 21169
SPID: 21169
Timestamp: 1691396698365645
Syscall = write (64)
------------------ SYSCALL ENTRY STOP ------------------
------------------ SYSCALL EXIT START ------------------
PID: 21169
SPID: 21169
Timestamp: 1691396698365967
Return value: 0x0000000000000008
------------------ SYSCALL EXIT STOP ------------------
------------------ SYSCALL ENTRY START ------------------
PID: 21169
SPID: 21169
Timestamp: 1691396698366234
Syscall = futex (98)
------------------ SYSCALL ENTRY STOP ------------------
------------------ SYSCALL EXIT START ------------------
PID: 21169
SPID: 21169
Timestamp: 1691396698368664
Return value: 0x0000000000000001
------------------ SYSCALL EXIT STOP ------------------
------------------ SYSCALL ENTRY START ------------------
PID: 21169
SPID: 21169
Timestamp: 1691396698368784
Syscall = futex (98)
------------------ SYSCALL ENTRY STOP ------------------
------------------ SYSCALL EXIT START ------------------
PID: 21169
SPID: 21169
Timestamp: 1691396698370737
Return value: 0xfffffffffffffff5
------------------ SYSCALL EXIT STOP ------------------
------------------ SYSCALL ENTRY START ------------------
PID: 21169
SPID: 21169
Timestamp: 1691396698370902
Syscall = clock_gettime (113)
------------------ SYSCALL ENTRY STOP ------------------
------------------ SYSCALL EXIT START ------------------
PID: 21169
SPID: 21169
Timestamp: 1691396698371251
Return value: 000000000000000000
------------------ SYSCALL EXIT STOP ------------------
------------------ SYSCALL ENTRY START ------------------
PID: 21169
SPID: 21169
Timestamp: 1691396698371395
Syscall = clock_gettime (113)
------------------ SYSCALL ENTRY STOP ------------------
------------------ SYSCALL EXIT START ------------------
PID: 21169
SPID: 21169
Timestamp: 1691396698371747
Return value: 000000000000000000
------------------ SYSCALL EXIT STOP ------------------
------------------ SYSCALL ENTRY START ------------------
PID: 21169
SPID: 21169
Timestamp: 1691396698371805
Syscall = read (63)
------------------ SYSCALL ENTRY STOP ------------------
------------------ SYSCALL EXIT START ------------------
PID: 21169
SPID: 21169
Timestamp: 1691396698372088
Return value: 0x0000000000000030
------------------ SYSCALL EXIT STOP ------------------
------------------ SYSCALL ENTRY START ------------------
PID: 21169
SPID: 21169
Timestamp: 1691396698372193
Syscall = getuid (174)
------------------ SYSCALL ENTRY STOP ------------------
------------------ SYSCALL EXIT START ------------------
PID: 21169
SPID: 21169
Timestamp: 1691396698372442
Return value: 0x000000000000287c
------------------ SYSCALL EXIT STOP ------------------
------------------ SYSCALL ENTRY START ------------------
PID: 21169
SPID: 21169
Timestamp: 1691396698372500
Syscall = epoll_pwait (22)
------------------ SYSCALL ENTRY STOP ------------------
------------------ SYSCALL EXIT START ------------------
PID: 21169
SPID: 21169
Timestamp: 1691396698372964
Return value: 0x0000000000000002
------------------ SYSCALL EXIT STOP ------------------
------------------ SYSCALL ENTRY START ------------------
PID: 21169
SPID: 21169
Timestamp: 1691396698373002
Syscall = read (63)
------------------ SYSCALL ENTRY STOP ------------------
------------------ SYSCALL EXIT START ------------------
PID: 21169
SPID: 21169
Timestamp: 1691396698373260
Return value: 0x0000000000000008
------------------ SYSCALL EXIT STOP ------------------
------------------ SYSCALL ENTRY START ------------------
PID: 21169
SPID: 21169
Timestamp: 1691396698373336
Syscall = recvfrom (207)
------------------ SYSCALL ENTRY STOP ------------------
------------------ SYSCALL EXIT START ------------------
PID: 21169
SPID: 21169
Timestamp: 1691396698373526
Return value: 0x0000000000000040
------------------ SYSCALL EXIT STOP ------------------
------------------ SYSCALL ENTRY START ------------------
PID: 21169
SPID: 21169
Timestamp: 1691396698373630
Syscall = recvfrom (207)
------------------ SYSCALL ENTRY STOP ------------------
------------------ SYSCALL EXIT START ------------------
PID: 21169
SPID: 21169
Timestamp: 1691396698374335
Return value: 0xfffffffffffffff5
------------------ SYSCALL EXIT STOP ------------------
------------------ SYSCALL ENTRY START ------------------
PID: 21169
SPID: 21169
Timestamp: 1691396698374489
Syscall = clock_gettime (113)
------------------ SYSCALL ENTRY STOP ------------------
------------------ SYSCALL EXIT START ------------------
PID: 21169
SPID: 21169
Timestamp: 1691396698375841
Return value: 000000000000000000
------------------ SYSCALL EXIT STOP ------------------
------------------ SYSCALL ENTRY START ------------------
PID: 21169
SPID: 21169
Timestamp: 1691396698376028
Syscall = clock_gettime (113)
------------------ SYSCALL ENTRY STOP ------------------
------------------ SYSCALL EXIT START ------------------
PID: 21169
SPID: 21169
Timestamp: 1691396698376541
Return value: 000000000000000000
------------------ SYSCALL EXIT STOP ------------------
------------------ SYSCALL ENTRY START ------------------
PID: 21169
SPID: 21169
Timestamp: 1691396698376611
Syscall = gettimeofday (169)
------------------ SYSCALL ENTRY STOP ------------------
------------------ SYSCALL EXIT START ------------------
PID: 21169
SPID: 21169
Timestamp: 1691396698376973
Return value: 000000000000000000
------------------ SYSCALL EXIT STOP ------------------
------------------ SYSCALL ENTRY START ------------------
PID: 21169
SPID: 21169
Timestamp: 1691396698377118
Syscall = clock_gettime (113)
------------------ SYSCALL ENTRY STOP ------------------
------------------ SYSCALL EXIT START ------------------
PID: 21169
SPID: 21169
Timestamp: 1691396698378586
Return value: 000000000000000000
------------------ SYSCALL EXIT STOP ------------------
------------------ SYSCALL ENTRY START ------------------
PID: 21169
SPID: 21169
Timestamp: 1691396698378772
Syscall = clock_gettime (113)
------------------ SYSCALL ENTRY STOP ------------------
------------------ SYSCALL EXIT START ------------------
PID: 21169
SPID: 21169
Timestamp: 1691396698379603
Return value: 000000000000000000
------------------ SYSCALL EXIT STOP ------------------
------------------ SYSCALL ENTRY START ------------------
PID: 21169
SPID: 21169
Timestamp: 1691396698379689
Syscall = gettimeofday (169)
------------------ SYSCALL ENTRY STOP ------------------
------------------ SYSCALL EXIT START ------------------
PID: 21169
SPID: 21169
Timestamp: 1691396698380558
Return value: 000000000000000000
------------------ SYSCALL EXIT STOP ------------------
------------------ SYSCALL ENTRY START ------------------
PID: 21169
SPID: 21169
Timestamp: 1691396698380625
Syscall = read (63)
------------------ SYSCALL ENTRY STOP ------------------
------------------ SYSCALL EXIT START ------------------
PID: 21169
SPID: 21169
Timestamp: 1691396698381317
Return value: 0x0000000000000030
------------------ SYSCALL EXIT STOP ------------------
------------------ SYSCALL ENTRY START ------------------
PID: 21169
SPID: 21169
Timestamp: 1691396698381552
Syscall = clock_gettime (113)
------------------ SYSCALL ENTRY STOP ------------------
------------------ SYSCALL EXIT START ------------------
PID: 21169
SPID: 21169
Timestamp: 1691396698381765
Return value: 000000000000000000
------------------ SYSCALL EXIT STOP ------------------
------------------ SYSCALL ENTRY START ------------------
PID: 21169
SPID: 21169
Timestamp: 1691396698381871
Syscall = read (63)
------------------ SYSCALL ENTRY STOP ------------------
------------------ SYSCALL EXIT START ------------------
PID: 21169
SPID: 21169
Timestamp: 1691396698382051
Return value: 0x0000000000000030
------------------ SYSCALL EXIT STOP ------------------
------------------ SYSCALL ENTRY START ------------------
PID: 21169
SPID: 21169
Timestamp: 1691396698382127
Syscall = getuid (174)
------------------ SYSCALL ENTRY STOP ------------------
------------------ SYSCALL EXIT START ------------------
PID: 21169
SPID: 21169
Timestamp: 1691396698382380
Return value: 0x000000000000287c
------------------ SYSCALL EXIT STOP ------------------
------------------ SYSCALL ENTRY START ------------------
PID: 21169
SPID: 21169
Timestamp: 1691396698382546
Syscall = epoll_pwait (22)
------------------ SYSCALL ENTRY STOP ------------------
------------------ SYSCALL EXIT START ------------------
PID: 21169
SPID: 21169
Timestamp: 1691396698382771
Return value: 000000000000000000
------------------ SYSCALL EXIT STOP ------------------
------------------ SYSCALL ENTRY START ------------------
PID: 21169
SPID: 21169
Timestamp: 1691396698382818
Syscall = clock_gettime (113)
------------------ SYSCALL ENTRY STOP ------------------
------------------ SYSCALL EXIT START ------------------
PID: 21169
SPID: 21169
Timestamp: 1691396698384388
Return value: 000000000000000000
------------------ SYSCALL EXIT STOP ------------------
------------------ SYSCALL ENTRY START ------------------
PID: 21169
SPID: 21169
Timestamp: 1691396698384552
Syscall = clock_gettime (113)
------------------ SYSCALL ENTRY STOP ------------------
------------------ SYSCALL EXIT START ------------------
PID: 21169
SPID: 21169
Timestamp: 1691396698384741
Return value: 000000000000000000
------------------ SYSCALL EXIT STOP ------------------
------------------ SYSCALL ENTRY START ------------------
PID: 21169
SPID: 21169
Timestamp: 1691396698384808
Syscall = gettimeofday (169)
------------------ SYSCALL ENTRY STOP ------------------
------------------ SYSCALL EXIT START ------------------
PID: 21169
SPID: 21169
Timestamp: 1691396698385701
Return value: 000000000000000000
------------------ SYSCALL EXIT STOP ------------------
------------------ SYSCALL ENTRY START ------------------
PID: 21169
SPID: 21169
Timestamp: 1691396698385781
Syscall = read (63)
------------------ SYSCALL ENTRY STOP ------------------
------------------ SYSCALL EXIT START ------------------
PID: 21169
SPID: 21169
Timestamp: 1691396698386437
Return value: 0x0000000000000030
------------------ SYSCALL EXIT STOP ------------------
------------------ SYSCALL ENTRY START ------------------
PID: 21169
SPID: 21169
Timestamp: 1691396698386656
Syscall = ioctl (29)
------------------ SYSCALL ENTRY STOP ------------------
------------------ SYSCALL EXIT START ------------------
PID: 21169
SPID: 21169
Timestamp: 1691396698387319
Return value: 000000000000000000
------------------ SYSCALL EXIT STOP ------------------
------------------ SYSCALL ENTRY START ------------------
PID: 21169
SPID: 21169
Timestamp: 1691396698387900
Syscall = clock_gettime (113)
------------------ SYSCALL ENTRY STOP ------------------
------------------ SYSCALL EXIT START ------------------
PID: 21169
SPID: 21169
Timestamp: 1691396698388399
Return value: 000000000000000000
------------------ SYSCALL EXIT STOP ------------------
------------------ SYSCALL ENTRY START ------------------
PID: 21169
SPID: 21169
Timestamp: 1691396698388460
Syscall = read (63)
------------------ SYSCALL ENTRY STOP ------------------
------------------ SYSCALL EXIT START ------------------
PID: 21169
SPID: 21169
Timestamp: 1691396698388715
Return value: 0x0000000000000030
------------------ SYSCALL EXIT STOP ------------------
------------------ SYSCALL ENTRY START ------------------
PID: 21169
SPID: 21169
Timestamp: 1691396698388840
Syscall = getuid (174)
------------------ SYSCALL ENTRY STOP ------------------
------------------ SYSCALL EXIT START ------------------
PID: 21169
SPID: 21169
Timestamp: 1691396698389058
Return value: 0x000000000000287c
------------------ SYSCALL EXIT STOP ------------------
------------------ SYSCALL ENTRY START ------------------
PID: 21169
SPID: 21169
Timestamp: 1691396698389156
Syscall = epoll_pwait (22)
------------------ SYSCALL ENTRY STOP ------------------
------------------ SYSCALL EXIT START ------------------
PID: 21169
SPID: 21169
Timestamp: 1691396698389411
Return value: 000000000000000000
------------------ SYSCALL EXIT STOP ------------------
------------------ SYSCALL ENTRY START ------------------
PID: 21169
SPID: 21169
Timestamp: 1691396698389476
Syscall = clock_gettime (113)
------------------ SYSCALL ENTRY STOP ------------------
------------------ SYSCALL EXIT START ------------------
PID: 21169
SPID: 21169
Timestamp: 1691396698389753
Return value: 000000000000000000
------------------ SYSCALL EXIT STOP ------------------
------------------ SYSCALL ENTRY START ------------------
PID: 21169
SPID: 21169
Timestamp: 1691396698389829
Syscall = clock_gettime (113)
------------------ SYSCALL ENTRY STOP ------------------
------------------ SYSCALL EXIT START ------------------
PID: 21169
SPID: 21169
Timestamp: 1691396698390130
Return value: 000000000000000000
------------------ SYSCALL EXIT STOP ------------------
------------------ SYSCALL ENTRY START ------------------
PID: 21169
SPID: 21169
Timestamp: 1691396698390204
Syscall = gettimeofday (169)
------------------ SYSCALL ENTRY STOP ------------------
------------------ SYSCALL EXIT START ------------------
PID: 21169
SPID: 21169
Timestamp: 1691396698390458
Return value: 000000000000000000
------------------ SYSCALL EXIT STOP ------------------
------------------ SYSCALL ENTRY START ------------------
PID: 21169
SPID: 21169
Timestamp: 1691396698390552
Syscall = read (63)
------------------ SYSCALL ENTRY STOP ------------------
------------------ SYSCALL EXIT START ------------------
PID: 21169
SPID: 21169
Timestamp: 1691396698390793
Return value: 0x0000000000000030
------------------ SYSCALL EXIT STOP ------------------
------------------ SYSCALL ENTRY START ------------------
PID: 21169
SPID: 21169
Timestamp: 1691396698391433
Syscall = clock_gettime (113)
------------------ SYSCALL ENTRY STOP ------------------
------------------ SYSCALL EXIT START ------------------
PID: 21169
SPID: 21169
