------------------ SYSCALL EXIT START ------------------
PID: 24353
SPID: 24353
Timestamp: 1682865152371372
Return value: 0x0000000000000001
------------------ SYSCALL EXIT STOP ------------------
------------------ SYSCALL ENTRY START ------------------
PID: 24353
SPID: 24353
Timestamp: 1682865152371561
Syscall = recvfrom (207)
------------------ SYSCALL ENTRY STOP ------------------
------------------ SYSCALL EXIT START ------------------
PID: 24353
SPID: 24353
Timestamp: 1682865152373092
Return value: 0x0000000000000068
------------------ SYSCALL EXIT STOP ------------------
------------------ SYSCALL ENTRY START ------------------
PID: 24353
SPID: 24353
Timestamp: 1682865152373298
Syscall = gettimeofday (169)
------------------ SYSCALL ENTRY STOP ------------------
------------------ SYSCALL EXIT START ------------------
PID: 24353
SPID: 24353
Timestamp: 1682865152373751
Return value: 000000000000000000
------------------ SYSCALL EXIT STOP ------------------
------------------ SYSCALL ENTRY START ------------------
PID: 24353
SPID: 24353
Timestamp: 1682865152373859
Syscall = gettimeofday (169)
------------------ SYSCALL ENTRY STOP ------------------
------------------ SYSCALL EXIT START ------------------
PID: 24353
SPID: 24353
Timestamp: 1682865152374116
Return value: 000000000000000000
------------------ SYSCALL EXIT STOP ------------------
------------------ SYSCALL ENTRY START ------------------
PID: 24353
SPID: 24353
Timestamp: 1682865152374194
Syscall = gettimeofday (169)
------------------ SYSCALL ENTRY STOP ------------------
------------------ SYSCALL EXIT START ------------------
PID: 24353
SPID: 24353
Timestamp: 1682865152374410
Return value: 000000000000000000
------------------ SYSCALL EXIT STOP ------------------
------------------ SYSCALL ENTRY START ------------------
PID: 24353
SPID: 24353
Timestamp: 1682865152376196
Syscall = clock_gettime (113)
------------------ SYSCALL ENTRY STOP ------------------
------------------ SYSCALL EXIT START ------------------
PID: 24353
SPID: 24353
Timestamp: 1682865152376486
Return value: 000000000000000000
------------------ SYSCALL EXIT STOP ------------------
------------------ SYSCALL ENTRY START ------------------
PID: 24353
SPID: 24353
Timestamp: 1682865152376542
Syscall = clock_gettime (113)
------------------ SYSCALL ENTRY STOP ------------------
------------------ SYSCALL EXIT START ------------------
PID: 24353
SPID: 24353
Timestamp: 1682865152376746
Return value: 000000000000000000
------------------ SYSCALL EXIT STOP ------------------
------------------ SYSCALL ENTRY START ------------------
PID: 24353
SPID: 24353
Timestamp: 1682865152376793
Syscall = clock_gettime (113)
------------------ SYSCALL ENTRY STOP ------------------
------------------ SYSCALL EXIT START ------------------
PID: 24353
SPID: 24353
Timestamp: 1682865152377014
Return value: 000000000000000000
------------------ SYSCALL EXIT STOP ------------------
------------------ SYSCALL ENTRY START ------------------
PID: 24353
SPID: 24353
Timestamp: 1682865152377123
Syscall= recvfrom (207)
------------------ SYSCALL ENTRY STOP ------------------
------------------ SYSCALL EXIT START ------------------
PID: 24353
SPID: 24353
Timestamp: 1682865152377333
Return value: 0xfffffffffffffff5
------------------ SYSCALL EXIT STOP ------------------
------------------ SYSCALL ENTRY START ------------------
PID: 24353
SPID: 24353
Timestamp: 1682865152377388
Syscall = ioctl (29)
------------------ SYSCALL ENTRY STOP ------------------
------------------ SYSCALL EXIT START ------------------
PID: 24353
SPID: 24353
Timestamp: 1682865152377654
Return value: 000000000000000000
------------------ SYSCALL EXIT STOP ------------------
------------------ SYSCALL ENTRY START ------------------
PID: 24353
SPID: 24353
Timestamp: 1682865152377782
Syscall = write (64)
------------------ SYSCALL ENTRY STOP ------------------
------------------ SYSCALL EXIT START ------------------
PID: 24353
SPID: 24353
Timestamp: 1682865152378078
Return value: 0x0000000000000008
------------------ SYSCALL EXIT STOP ------------------
------------------ SYSCALL ENTRY START ------------------
PID: 24353
SPID: 24353
Timestamp: 1682865152378189
Syscall = recvfrom (207)
------------------ SYSCALLENTRY STOP ------------------
------------------ SYSCALL EXIT START ------------------
PID: 24353
SPID: 24353
Timestamp: 1682865152378401
Return value: 0xfffffffffffffff5
------------------ SYSCALL EXIT STOP ------------------
------------------ SYSCALL ENTRY START ------------------
PID: 24353
SPID: 24353
Timestamp: 1682865152378448
Syscall = clock_gettime (113)
------------------ SYSCALL ENTRY STOP ------------------
------------------ SYSCALL EXIT START ------------------
PID: 24353
SPID: 24353
Timestamp: 1682865152378659
Return value: 000000000000000000
------------------ SYSCALL EXIT STOP ------------------
------------------ SYSCALL ENTRY START ------------------
PID: 24353
SPID: 24353
Timestamp: 1682865152378710
Syscall = epoll_pwait (22)
------------------ SYSCALL ENTRY STOP ------------------
------------------ SYSCALL EXIT START ------------------
PID: 24353
SPID: 24353
Timestamp: 1682865152388306
Return value: 0x0000000000000001
------------------ SYSCALL EXIT STOP ------------------
------------------ SYSCALL ENTRY START ------------------
PID: 24353
SPID: 24353
Timestamp: 1682865152388726
Syscall = recvfrom (207)
------------------ SYSCALL ENTRY STOP ------------------
------------------ SYSCALL EXIT START ------------------
PID: 24353
SPID: 24353
Timestamp: 1682865152389361
Return value: 0x0000000000000040
------------------ SYSCALL EXIT STOP ------------------
------------------ SYSCALL ENTRY START ------------------
PID: 24353
SPID: 24353
Timestamp: 1682865152389426
Syscall = recvfrom (207)
------------------ SYSCALL ENTRY STOP ------------------
------------------ SYSCALL EXIT START ------------------
PID: 24353
SPID: 24353
Timestamp: 1682865152389666
Return value: 0xfffffffffffffff5
------------------ SYSCALL EXIT STOP ------------------
------------------ SYSCALL ENTRY START ------------------
PID: 24353
SPID: 24353
Timestamp: 1682865152389772
Syscall = clock_gettime (113)
------------------ SYSCALL ENTRY STOP ------------------
------------------ SYSCALL EXIT START ------------------
PID: 24353
SPID: 24353
Timestamp: 1682865152389985
Return value: 000000000000000000
------------------ SYSCALL EXIT STOP ------------------
------------------ SYSCALL ENTRY START ------------------
PID: 24353
SPID: 24353
Timestamp: 1682865152390055
Syscall = clock_gettime (113)
------------------ SYSCALL ENTRY STOP ------------------
------------------ SYSCALL EXIT START ------------------
PID: 24353
SPID: 24353
Timestamp: 1682865152390264
Return value: 000000000000000000
------------------ SYSCALL EXIT STOP ------------------
------------------ SYSCALL ENTRY START ------------------
PID: 24353
SPID: 24353
Timestamp: 1682865152390303
Syscall = gettimeofday (169)
------------------ SYSCALL ENTRY STOP ------------------
------------------ SYSCALL EXIT START ------------------
PID: 24353
SPID: 24353
Timestamp: 1682865152390492
Return value: 000000000000000000
------------------ SYSCALL EXIT STOP ------------------
------------------ SYSCALL ENTRY START ------------------
PID: 24353
SPID: 24353
Timestamp: 1682865152390537
Syscall = write (64)
------------------ SYSCALL ENTRY STOP ------------------
------------------ SYSCALL EXIT START ------------------
PID: 24353
SPID: 24353
Timestamp: 1682865152390730
Return value: 0x0000000000000008
------------------ SYSCALL EXIT STOP ------------------
------------------ SYSCALL ENTRY START ------------------
PID: 24353
SPID: 24353
Timestamp: 1682865152390779
Syscall = clock_gettime (113)
------------------ SYSCALL ENTRY STOP ------------------
------------------ SYSCALL EXIT START ------------------
PID: 24353
SPID: 24353
Timestamp: 1682865152390969
Return value: 000000000000000000
------------------ SYSCALL EXIT STOP ------------------
------------------ SYSCALL ENTRY START ------------------
PID: 24353
SPID: 24353
Timestamp: 1682865152391027
Syscall = clock_gettime (113)
------------------ SYSCALL ENTRY STOP ------------------
------------------ SYSCALL EXIT START ------------------
PID: 24353
SPID: 24353
Timestamp: 1682865152391228
Return value: 000000000000000000
------------------ SYSCALL EXIT STOP ------------------
------------------ SYSCALL ENTRY START ------------------
PID: 24353
SPID: 24353
Timestamp: 1682865152391264
Syscall = gettimeofday (169)
------------------ SYSCALL ENTRY STOP ------------------
------------------ SYSCALL EXIT START ------------------
PID: 24353
SPID: 24353
Timestamp: 1682865152391450
Return value: 000000000000000000
------------------ SYSCALL EXIT STOP ------------------
------------------ SYSCALL ENTRY START ------------------
PID: 24353
SPID: 24353
Timestamp: 1682865152391487
Syscall = read (63)
------------------ SYSCALL ENTRY STOP ------------------
------------------ SYSCALL EXIT START ------------------
PID: 24353
SPID: 24353
Timestamp: 1682865152391722
Return value: 0x0000000000000030
------------------ SYSCALL EXIT STOP ------------------
------------------ SYSCALL ENTRY START ------------------
PID: 24353
SPID: 24353
Timestamp: 1682865152391795
Syscall = clock_gettime (113)
------------------ SYSCALL ENTRY STOP ------------------
------------------ SYSCALL EXIT START ------------------
PID: 24353
SPID: 24353
Timestamp: 1682865152391986
Return value: 000000000000000000
------------------ SYSCALL EXIT STOP ------------------
------------------ SYSCALL ENTRY START ------------------
PID: 24353
SPID: 24353
Timestamp: 1682865152392053
Syscall = clock_gettime (113)
------------------ SYSCALL ENTRY STOP ------------------
------------------ SYSCALL EXIT START ------------------
PID: 24353
SPID: 24353
Timestamp: 1682865152392278
Return value: 000000000000000000
------------------ SYSCALL EXIT STOP ------------------
------------------ SYSCALL ENTRY START ------------------
PID: 24353
SPID: 24353
Timestamp: 1682865152392312
Syscall = clock_gettime (113)
------------------ SYSCALL ENTRY STOP ------------------
------------------ SYSCALL EXIT START ------------------
PID: 24353
SPID: 24353
Timestamp: 1682865152392517
Return value: 000000000000000000
------------------ SYSCALL EXIT STOP ------------------
------------------ SYSCALL ENTRY START ------------------
PID: 24353
SPID: 24353
Timestamp: 1682865152392555
Syscall = clock_gettime (113)
------------------ SYSCALL ENTRY STOP ------------------
------------------ SYSCALL EXIT START ------------------
PID: 24353
SPID: 24353
Timestamp: 1682865152392748
Return value: 000000000000000000
------------------ SYSCALL EXIT STOP ------------------
------------------SYSCALL ENTRY START ------------------
PID: 24353
SPID: 24353
Timestamp: 1682865152392775
Syscall =clock_gettime (113)
------------------ SYSCALL ENTRY STOP ------------------
------------------ SYSCALL EXIT START ------------------
PID: 24353
SPID: 24353
Timestamp: 1682865152392962
Return value: 000000000000000000
------------------ SYSCALL EXIT STOP ------------------
------------------ SYSCALL ENTRY START ------------------
PID: 24353
SPID: 24353
Timestamp: 1682865152392990
Syscall = clock_gettime (113)
------------------ SYSCALL ENTRY STOP ------------------
------------------ SYSCALL EXIT START ------------------
PID: 24353
SPID: 24353
Timestamp: 1682865152393173
Return value: 000000000000000000
------------------ SYSCALL EXIT STOP ------------------
------------------ SYSCALL ENTRYSTART ------------------
PID: 24353
SPID: 24353
Timestamp: 1682865152393202
Syscall = clock_gettime(113)
------------------ SYSCALL ENTRY STOP ------------------
------------------ SYSCALL EXIT START ------------------
PID: 24353
SPID: 24353
Timestamp: 1682865152393385
Return value: 000000000000000000
------------------ SYSCALL EXIT STOP ------------------
------------------ SYSCALL ENTRY START ------------------
PID: 24353
SPID: 24353
Timestamp: 1682865152393411
Syscall = clock_gettime (113)
------------------ SYSCALL ENTRY STOP ------------------
------------------ SYSCALL EXIT START ------------------
PID: 24353
SPID: 24353
Timestamp: 1682865152393607
Return value: 000000000000000000
------------------ SYSCALL EXIT STOP ------------------
------------------ SYSCALL ENTRY START ------------------
PID: 24353
SPID: 24353
Timestamp: 1682865152393677
Syscall = write (64)
------------------ SYSCALL ENTRY STOP ------------------
------------------ SYSCALL EXIT START ------------------
PID: 24353
SPID: 24353
Timestamp: 1682865152393869
Return value: 0x0000000000000008
------------------SYSCALL EXIT STOP ------------------
------------------ SYSCALL ENTRY START ------------------
PID:24353
SPID: 24353
Timestamp: 1682865152394056
Syscall = clock_gettime (113)
------------------ SYSCALL ENTRY STOP ------------------
------------------ SYSCALL EXIT START ------------------
PID: 24353
SPID: 24353
Timestamp: 1682865152394262
Return value: 000000000000000000
------------------ SYSCALL EXIT STOP ------------------
------------------ SYSCALL ENTRY START ------------------
PID: 24353
SPID: 24353
Timestamp: 1682865152395090
Syscall = clock_gettime (113)
------------------ SYSCALL ENTRY STOP ------------------
------------------ SYSCALL EXIT START ------------------
PID: 24353
SPID:24353
Timestamp: 1682865152395357
Return value: 000000000000000000
------------------ SYSCALL EXIT STOP ------------------
------------------ SYSCALL ENTRY START ------------------
PID: 24353
SPID: 24353
Timestamp: 1682865152395393
Syscall = write (64)
------------------ SYSCALL ENTRY STOP ------------------
------------------ SYSCALL EXIT START ------------------
PID: 24353
SPID: 24353
Timestamp: 1682865152395712
Return value: 0x0000000000000008
------------------ SYSCALL EXIT STOP ------------------
------------------ SYSCALL ENTRY START ------------------
PID: 24353
SPID: 24353
Timestamp: 1682865152395746
Syscall = futex (98)
------------------ SYSCALL ENTRY STOP ------------------
------------------ SYSCALL EXIT START ------------------
PID: 24353
SPID: 24353
Timestamp: 1682865152397478
Return value: 0x0000000000000001
------------------ SYSCALL EXIT STOP ------------------
------------------ SYSCALL ENTRY START ------------------
PID: 24353
SPID: 24353
Timestamp: 1682865152397524
Syscall = futex (98)
------------------ SYSCALL ENTRY STOP ------------------
------------------ SYSCALL EXIT START ------------------
PID: 24353
SPID: 24353
Timestamp: 1682865152397787
Return value:0xfffffffffffffff5
------------------ SYSCALL EXIT STOP ------------------
------------------ SYSCALL ENTRY START ------------------
PID: 24353
SPID: 24353
Timestamp: 1682865152397879
Syscall = clock_gettime (113)
------------------ SYSCALL ENTRY STOP ------------------
------------------ SYSCALL EXIT START ------------------
PID: 24353
SPID: 24353
Timestamp: 1682865152398091
Return value: 000000000000000000
------------------ SYSCALL EXIT STOP ------------------
------------------ SYSCALL ENTRY START ------------------
PID: 24353
SPID: 24353
Timestamp: 1682865152398146
Syscall = clock_gettime (113)
------------------ SYSCALL ENTRY STOP ------------------
------------------ SYSCALL EXIT START ------------------
PID: 24353
SPID: 24353
Timestamp: 1682865152398339
Return value: 000000000000000000
------------------ SYSCALL EXIT STOP ------------------
------------------ SYSCALL ENTRY START------------------
PID: 24353
SPID: 24353
Timestamp: 1682865152398397
Syscall = clock_gettime (113)
------------------ SYSCALL ENTRY STOP ------------------
------------------ SYSCALL EXIT START ------------------
PID: 24353
SPID: 24353
Timestamp: 1682865152398607
Return value: 000000000000000000
------------------ SYSCALL EXIT STOP ------------------
------------------ SYSCALL ENTRY START ------------------
PID: 24353
SPID: 24353
Timestamp: 1682865152398642
Syscall = read (63)
------------------ SYSCALL ENTRY STOP ------------------
------------------ SYSCALL EXIT START ------------------
PID: 24353
SPID: 24353
Timestamp: 1682865152398829
Return value: 0x0000000000000030
------------------SYSCALL EXIT STOP ------------------
------------------ SYSCALL ENTRY START ------------------
PID:24353
SPID: 24353
Timestamp: 1682865152398882
Syscall = getuid (174)
------------------ SYSCALL ENTRY STOP ------------------
------------------ SYSCALL EXIT START ------------------
PID: 24353
SPID:24353
Timestamp: 1682865152399071
Return value: 0x0000000000002857
------------------ SYSCALL EXIT STOP ------------------
------------------ SYSCALL ENTRY START ------------------
PID: 24353
SPID: 24353
Timestamp: 1682865152399119
Syscall = epoll_pwait (22)
------------------ SYSCALL ENTRY STOP ------------------
------------------ SYSCALL EXIT START ------------------
PID: 24353
SPID: 24353
Timestamp: 1682865152399310
Return value: 0x0000000000000001
------------------ SYSCALL EXIT STOP ------------------
------------------ SYSCALL ENTRY START ------------------
PID: 24353
SPID: 24353
Timestamp: 1682865152399334
Syscall = read (63)
------------------ SYSCALL ENTRY STOP ------------------
------------------ SYSCALL EXIT START ------------------
PID: 24353
SPID: 24353
Timestamp: 1682865152399513
Return value: 0x0000000000000008
------------------ SYSCALL EXIT STOP ------------------
------------------ SYSCALL ENTRY START ------------------
PID: 24353
SPID: 24353
Timestamp: 1682865152399542
Syscall = clock_gettime (113)
------------------ SYSCALL ENTRY STOP ------------------
------------------ SYSCALL EXIT START ------------------
PID: 24353
SPID: 24353
Timestamp: 1682865152399736
Return value: 000000000000000000
------------------ SYSCALL EXIT STOP ------------------
------------------ SYSCALL ENTRY START ------------------
PID: 24353
SPID: 24353
Timestamp: 1682865152399782
Syscall = epoll_pwait (22)
------------------ SYSCALL ENTRY STOP ------------------
------------------ SYSCALL EXIT START ------------------
PID: 24353
SPID: 24353
Timestamp: 1682865152573333
Return value: 0x0000000000000001
------------------ SYSCALL EXIT STOP ------------------
------------------ SYSCALL ENTRY START ------------------
PID: 24353
SPID: 24353
Timestamp: 1682865152573453
Syscall = recvfrom (207)
------------------ SYSCALL ENTRY STOP ------------------
------------------ SYSCALL EXIT START ------------------
PID: 24353
SPID: 24353
Timestamp: 1682865152574344
Return value: 0x0000000000000068
------------------ SYSCALL EXIT STOP ------------------
------------------ SYSCALL ENTRYSTART ------------------
PID: 24353
SPID: 24353
Timestamp: 1682865152574589
Syscall = gettimeofday (169)
------------------ SYSCALL ENTRY STOP ------------------
------------------ SYSCALL EXIT START------------------
PID: 24353
SPID: 24353
Timestamp: 1682865152575153
Return value: 000000000000000000
------------------ SYSCALL EXIT STOP ------------------
------------------ SYSCALL ENTRY START ------------------
PID: 24353
SPID: 24353
Timestamp: 1682865152577512
Syscall = clock_gettime (113)
------------------ SYSCALL ENTRY STOP ------------------
------------------ SYSCALL EXIT START ------------------
PID: 24353
SPID: 24353
Timestamp: 1682865152577991
Return value: 000000000000000000
------------------ SYSCALL EXIT STOP ------------------
------------------ SYSCALL ENTRY START ------------------
PID: 24353
SPID: 24353
Timestamp: 1682865152578068
Syscall = clock_gettime (113)
------------------ SYSCALL ENTRY STOP ------------------
------------------ SYSCALL EXIT START ------------------
PID: 24353
SPID: 24353
Timestamp: 1682865152579149
Return value: 000000000000000000
------------------ SYSCALL EXIT STOP ------------------
------------------ SYSCALL ENTRY START ------------------
PID: 24353
SPID: 24353
Timestamp: 1682865152579227
Syscall = clock_gettime (113)
------------------ SYSCALL ENTRY STOP ------------------
------------------ SYSCALL EXIT START ------------------
PID: 24353
SPID: 24353
Timestamp: 1682865152579727
Return value: 000000000000000000
------------------ SYSCALL EXIT STOP ------------------
------------------ SYSCALL ENTRY START ------------------
PID: 24353
SPID: 24353
Timestamp: 1682865152579767
Syscall = futex (98)
------------------ SYSCALL ENTRY STOP ------------------
------------------ SYSCALL EXIT START ------------------
PID: 24353
SPID: 24353
Timestamp: 1682865152580306
Return value: 000000000000000000
------------------ SYSCALL EXIT STOP ------------------
------------------ SYSCALL ENTRY START ------------------
PID: 24353
SPID: 24353
Timestamp: 1682865152580567
Syscall = recvfrom (207)
------------------ SYSCALL ENTRY STOP ------------------
------------------ SYSCALL EXIT START ------------------
PID: 24353
SPID: 24353
Timestamp: 1682865152581085
Return value: 0xfffffffffffffff5
------------------ SYSCALL EXIT STOP ------------------
------------------ SYSCALL ENTRY START ------------------
PID: 24353
SPID: 24353
Timestamp: 1682865152581163
Syscall = ioctl (29)
------------------ SYSCALL ENTRY STOP ------------------
------------------ SYSCALL EXIT START ------------------
PID: 24353
SPID: 24353
Timestamp: 1682865152581748
Return value: 000000000000000000
------------------ SYSCALL EXIT STOP ------------------
------------------ SYSCALL ENTRY START ------------------
PID: 24353
SPID: 24353
Timestamp: 1682865152581931
Syscall = write (64)
------------------ SYSCALL ENTRY STOP ------------------
------------------SYSCALL EXIT START ------------------
PID: 24353
SPID: 24353
Timestamp: 1682865152583152
Return value: 0x0000000000000008
------------------ SYSCALL EXIT STOP ------------------
------------------ SYSCALL ENTRY START ------------------
PID: 24353
SPID: 24353
Timestamp: 1682865152583417
Syscall = recvfrom (207)
------------------ SYSCALL ENTRY STOP ------------------
------------------ SYSCALL EXIT START ------------------
PID: 24353
SPID: 24353
Timestamp: 1682865152583977
Return value: 0xfffffffffffffff5
------------------ SYSCALL EXIT STOP ------------------
------------------ SYSCALL ENTRY START ------------------
PID: 24353
SPID: 24353
Timestamp: 1682865152584038
Syscall = clock_gettime (113)
------------------ SYSCALL ENTRY STOP ------------------
------------------ SYSCALL EXIT START------------------
PID: 24353
SPID: 24353
Timestamp: 1682865152584572
Return value: 000000000000000000
------------------ SYSCALL EXIT STOP ------------------
------------------ SYSCALL ENTRY START ------------------
PID: 24353
SPID: 24353
Timestamp: 1682865152584916
Syscall = epoll_pwait (22)
------------------ SYSCALL ENTRY STOP ------------------
------------------ SYSCALL EXIT START ------------------
PID: 24353
SPID: 24353
Timestamp: 1682865152588711
Return value: 0x0000000000000001
------------------ SYSCALL EXIT STOP ------------------
------------------ SYSCALL ENTRY START ------------------
PID: 24353
SPID: 24353
Timestamp: 1682865152588805
Syscall = recvfrom (207)
------------------ SYSCALL ENTRY STOP ------------------
------------------ SYSCALL EXIT START ------------------
PID: 24353
SPID: 24353
Timestamp: 1682865152589792
Return value: 0x0000000000000040
------------------SYSCALL EXIT STOP ------------------
------------------ SYSCALL ENTRY START ------------------
PID:24353
SPID: 24353
Timestamp: 1682865152589990
Syscall = recvfrom (207)
------------------ SYSCALL ENTRY STOP ------------------
------------------ SYSCALL EXIT START ------------------
PID: 24353
SPID: 24353
Timestamp: 1682865152602579
Return value: 0xfffffffffffffff5
------------------ SYSCALL EXIT STOP ------------------
------------------ SYSCALL ENTRY START ------------------
PID: 24353
SPID:24353
Timestamp: 1682865152602698
Syscall = clock_gettime (113)
------------------ SYSCALL ENTRY STOP ------------------
------------------ SYSCALL EXIT START ------------------
PID: 24353
SPID: 24353
Timestamp: 1682865152602957
Return value: 000000000000000000
------------------ SYSCALL EXIT STOP ------------------
------------------ SYSCALL ENTRY START ------------------
PID: 24353
SPID: 24353
Timestamp: 1682865152603044
Syscall = clock_gettime (113)
------------------ SYSCALL ENTRY STOP ------------------
------------------ SYSCALL EXIT START ------------------
PID: 24353
SPID: 24353
Timestamp: 1682865152603276
Return value: 000000000000000000
------------------ SYSCALL EXIT STOP ------------------
------------------ SYSCALL ENTRY START ------------------
PID: 24353
SPID: 24353
Timestamp: 1682865152603317
Syscall = gettimeofday (169)
------------------ SYSCALL ENTRY STOP ------------------
------------------ SYSCALL EXIT START ------------------
PID: 24353
SPID: 24353
Timestamp: 1682865152603525
Return value: 000000000000000000
------------------ SYSCALL EXIT STOP ------------------
------------------ SYSCALL ENTRY START ------------------
PID: 24353
SPID: 24353
Timestamp: 1682865152603572
Syscall = write (64)
------------------ SYSCALL ENTRY STOP ------------------
------------------ SYSCALL EXIT START ------------------
PID: 24353
SPID: 24353
Timestamp: 1682865152603801
Return value: 0x0000000000000008
------------------ SYSCALL EXIT STOP ------------------
------------------ SYSCALL ENTRY START ------------------
PID: 24353
SPID: 24353
Timestamp: 1682865152603849
Syscall = clock_gettime (113)
------------------ SYSCALL ENTRY STOP ------------------
------------------ SYSCALL EXIT START ------------------
PID: 24353
SPID: 24353
Timestamp: 1682865152604052
Return value: 000000000000000000
------------------ SYSCALL EXIT STOP ------------------
------------------ SYSCALL ENTRY START ------------------
PID: 24353
SPID: 24353
Timestamp: 1682865152604118
Syscall = clock_gettime (113)
------------------ SYSCALL ENTRY STOP ------------------
------------------ SYSCALL EXIT START ------------------
PID: 24353
SPID: 24353
Timestamp: 1682865152604320
Return value: 000000000000000000
------------------ SYSCALL EXIT STOP ------------------
------------------ SYSCALLENTRY START ------------------
PID: 24353
SPID: 24353
Timestamp: 1682865152604356
Syscall = gettimeofday (169)
------------------ SYSCALL ENTRY STOP ------------------
------------------ SYSCALL EXITSTART ------------------
PID: 24353
SPID: 24353
Timestamp: 1682865152604554
Return value: 000000000000000000
------------------ SYSCALL EXIT STOP ------------------
------------------ SYSCALL ENTRY START ------------------
PID: 24353
SPID: 24353
Timestamp: 1682865152604591
Syscall = read (63)
------------------ SYSCALL ENTRY STOP ------------------
------------------ SYSCALL EXIT START ------------------
PID: 24353
SPID: 24353
Timestamp: 1682865152604822
Return value: 0x0000000000000030
------------------ SYSCALL EXIT STOP ------------------
------------------ SYSCALL ENTRY START ------------------
PID: 24353
SPID: 24353
Timestamp: 1682865152604897
Syscall = clock_gettime (113)
------------------ SYSCALL ENTRY STOP ------------------
------------------ SYSCALL EXIT START ------------------
PID: 24353
SPID: 24353
Timestamp: 1682865152605098
Return value: 000000000000000000
------------------ SYSCALL EXIT STOP ------------------
------------------ SYSCALL ENTRY START ------------------
PID: 24353
SPID: 24353
Timestamp: 1682865152605171
Syscall = clock_gettime (113)
------------------ SYSCALL ENTRY STOP ------------------
------------------ SYSCALL EXIT START ------------------
PID: 24353
SPID: 24353
Timestamp: 1682865152605509
Return value: 000000000000000000
------------------ SYSCALL EXIT STOP ------------------
------------------ SYSCALL ENTRY START ------------------
PID: 24353
SPID: 24353
Timestamp: 1682865152605552
Syscall = clock_gettime (113)
------------------ SYSCALLENTRY STOP ------------------
------------------ SYSCALL EXIT START ------------------
PID: 24353
SPID: 24353
Timestamp: 1682865152605759
Return value: 000000000000000000
------------------ SYSCALL EXIT STOP ------------------
------------------ SYSCALL ENTRY START ------------------
PID: 24353
SPID: 24353
Timestamp: 1682865152605796
Syscall = clock_gettime (113)
------------------ SYSCALL ENTRY STOP ------------------
------------------ SYSCALL EXIT START ------------------
PID: 24353
SPID: 24353
Timestamp: 1682865152605992
Return value: 000000000000000000
------------------ SYSCALL EXIT STOP ------------------
------------------ SYSCALL ENTRY START ------------------
PID: 24353
SPID: 24353
Timestamp: 1682865152606025
Syscall = clock_gettime (113)
------------------ SYSCALL ENTRY STOP ------------------
------------------ SYSCALL EXIT START ------------------
PID: 24353
SPID: 24353
Timestamp: 1682865152606243
Return value: 000000000000000000
------------------ SYSCALL EXIT STOP ------------------
------------------ SYSCALL ENTRY START ------------------
PID: 24353
SPID: 24353
Timestamp: 1682865152606279
Syscall = clock_gettime (113)
------------------ SYSCALL ENTRY STOP ------------------
------------------ SYSCALL EXIT START ------------------
PID: 24353
SPID: 24353
Timestamp:1682865152606474
Return value: 000000000000000000
------------------ SYSCALL EXIT STOP ------------------
------------------ SYSCALL ENTRY START ------------------
PID: 24353
SPID: 24353
Timestamp: 1682865152606510
Syscall = clock_gettime (113)
------------------ SYSCALL ENTRY STOP ------------------
------------------ SYSCALL EXIT START ------------------
PID: 24353
SPID: 24353
Timestamp: 1682865152606706
Return value: 000000000000000000
------------------ SYSCALL EXIT STOP ------------------
------------------ SYSCALL ENTRY START ------------------
PID: 24353
SPID: 24353
Timestamp: 1682865152606738
Syscall = clock_gettime (113)
------------------ SYSCALL ENTRY STOP ------------------
------------------ SYSCALL EXIT START ------------------
PID: 24353
SPID: 24353
Timestamp: 1682865152606933
Return value: 000000000000000000
------------------ SYSCALL EXIT STOP ------------------
------------------ SYSCALL ENTRY START ------------------
PID: 24353
SPID: 24353
Timestamp: 1682865152607024
Syscall = write (64)
------------------ SYSCALL ENTRY STOP ------------------
------------------ SYSCALL EXIT START ------------------
PID: 24353
SPID: 24353
Timestamp: 1682865152607238
Return value: 0x0000000000000008
------------------ SYSCALL EXIT STOP ------------------
------------------ SYSCALL ENTRY START ------------------
PID: 24353
SPID: 24353
Timestamp: 1682865152607494
Syscall = clock_gettime (113)
------------------ SYSCALL ENTRY STOP ------------------
------------------ SYSCALL EXIT START ------------------
PID: 24353
SPID: 24353
Timestamp: 1682865152607791
Return value: 000000000000000000
------------------ SYSCALL EXIT STOP ------------------
------------------ SYSCALL ENTRY START ------------------
PID: 24353
SPID: 24353
Timestamp: 1682865152608709
Syscall = clock_gettime (113)
------------------ SYSCALL ENTRY STOP ------------------
------------------ SYSCALL EXIT START ------------------
PID: 24353
SPID: 24353
Timestamp: 1682865152609037
Return value: 000000000000000000
------------------ SYSCALL EXIT STOP ------------------
------------------ SYSCALL ENTRY START ------------------
PID: 24353
SPID: 24353
Timestamp: 1682865152609079
Syscall = write (64)
------------------ SYSCALL ENTRY STOP ------------------
------------------ SYSCALL EXIT START ------------------
PID: 24353
SPID: 24353
Timestamp: 1682865152609449
Return value: 0x0000000000000008
------------------ SYSCALL EXIT STOP ------------------
------------------ SYSCALL ENTRY START ------------------
PID: 24353
SPID: 24353
Timestamp: 1682865152609494
Syscall = futex (98)
------------------ SYSCALL ENTRY STOP ------------------
------------------ SYSCALL EXIT START ------------------
PID: 24353
SPID: 24353
Timestamp: 1682865152611047
Return value: 0x0000000000000001
------------------ SYSCALL EXIT STOP ------------------
------------------ SYSCALL ENTRY START ------------------
PID: 24353
SPID: 24353
Timestamp: 1682865152611114
Syscall = futex (98)
------------------ SYSCALL ENTRY STOP ------------------
------------------ SYSCALL EXIT START ------------------
PID: 24353
SPID: 24353
Timestamp: 1682865152611683
Return value: 0xfffffffffffffff5
------------------ SYSCALL EXIT STOP ------------------
------------------ SYSCALL ENTRY START ------------------
PID: 24353
SPID: 24353
Timestamp: 1682865152611804
Syscall = clock_gettime (113)
------------------ SYSCALL ENTRY STOP ------------------
------------------ SYSCALL EXIT START ------------------
PID: 24353
SPID: 24353
Timestamp: 1682865152612075
Return value: 000000000000000000
------------------ SYSCALL EXIT STOP ------------------
------------------ SYSCALL ENTRY START ------------------
PID: 24353
SPID: 24353
Timestamp: 1682865152612259
Syscall = clock_gettime (113)
------------------ SYSCALL ENTRY STOP ------------------
------------------ SYSCALL EXIT START ------------------
PID: 24353
SPID: 24353
Timestamp: 1682865152612571
Return value: 000000000000000000
------------------ SYSCALL EXIT STOP ------------------
------------------ SYSCALL ENTRY START ------------------
PID: 24353
SPID: 24353
Timestamp: 1682865152612645
Syscall = clock_gettime (113)
------------------ SYSCALL ENTRY STOP ------------------
------------------ SYSCALL EXIT START ------------------
PID: 24353
SPID: 24353
Timestamp: 1682865152612870
Return value: 000000000000000000
------------------ SYSCALL EXIT STOP ------------------
------------------ SYSCALL ENTRY START ------------------
PID: 24353
SPID: 24353
Timestamp: 1682865152612913
Syscall = read (63)
------------------ SYSCALL ENTRY STOP ------------------
------------------ SYSCALL EXIT START ------------------
PID: 24353
SPID: 24353
Timestamp: 1682865152613128
Return value: 0x0000000000000030
------------------ SYSCALL EXIT STOP ------------------
------------------ SYSCALL ENTRY START ------------------
PID: 24353
SPID: 24353
Timestamp: 1682865152613201
Syscall = getuid (174)
------------------ SYSCALL ENTRY STOP ------------------
------------------ SYSCALL EXIT START ------------------
PID: 24353
SPID: 24353
Timestamp: 1682865152613501
Return value: 0x0000000000002857
------------------ SYSCALL EXIT STOP ------------------
------------------ SYSCALL ENTRY START ------------------
PID: 24353
SPID: 24353
Timestamp: 1682865152613562
Syscall = epoll_pwait (22)
------------------ SYSCALL ENTRY STOP ------------------
------------------ SYSCALL EXIT START ------------------
PID: 24353
SPID: 24353
Timestamp: 1682865152613777
Return value: 0x0000000000000001
------------------ SYSCALL EXIT STOP ------------------
------------------ SYSCALL ENTRY START ------------------
PID: 24353
SPID: 24353
Timestamp: 1682865152613808
Syscall = read (63)
------------------SYSCALL ENTRY STOP ------------------
------------------ SYSCALL EXIT START ------------------
PID:24353
SPID: 24353
Timestamp: 1682865152614007
Return value: 0x0000000000000008
------------------ SYSCALL EXIT STOP ------------------
------------------ SYSCALL ENTRY START ------------------
PID: 24353
SPID: 24353
Timestamp: 1682865152614041
Syscall = clock_gettime (113)
------------------ SYSCALL ENTRY STOP ------------------
------------------ SYSCALL EXIT START ------------------
PID: 24353
SPID: 24353
Timestamp: 1682865152614242
Return value: 000000000000000000
------------------ SYSCALL EXIT STOP ------------------
------------------ SYSCALL ENTRY START ------------------
PID: 24353
SPID: 24353
Timestamp: 1682865152614294
Syscall = epoll_pwait (22)
------------------ SYSCALL ENTRY STOP ------------------
------------------ SYSCALL EXIT START ------------------
PID: 24353
SPID: 24353
Timestamp: 1682865152774195
Return value: 0x0000000000000001
------------------ SYSCALL EXIT STOP ------------------
------------------ SYSCALL ENTRY START ------------------
PID: 24353
SPID: 24353
Timestamp: 1682865152774872
Syscall = recvfrom (207)
------------------ SYSCALL ENTRY STOP ------------------
------------------ SYSCALL EXIT START ------------------
PID: 24353
SPID: 24353
Timestamp:1682865152775645
Return value: 0x0000000000000068
------------------ SYSCALL EXIT STOP ------------------
------------------ SYSCALL ENTRY START ------------------
PID: 24353
SPID: 24353
Timestamp: 1682865152776349
Syscall = gettimeofday (169)
------------------ SYSCALL ENTRY STOP ------------------
------------------ SYSCALL EXIT START ------------------
PID: 24353
SPID: 24353
Timestamp: 1682865152777601
Return value: 000000000000000000
------------------ SYSCALL EXIT STOP ------------------
------------------ SYSCALL ENTRY START ------------------
PID: 24353
SPID: 24353
Timestamp: 1682865152777689
Syscall = futex (98)
------------------ SYSCALL ENTRY STOP ------------------
------------------ SYSCALL EXIT START ------------------
PID: 24353
SPID: 24353
Timestamp: 1682865152778383
Returnvalue: 0x0000000000000001
------------------ SYSCALL EXIT STOP ------------------
------------------ SYSCALL ENTRY START ------------------
PID: 24353
SPID: 24353
Timestamp: 1682865152778451
Syscall = futex (98)
------------------ SYSCALL ENTRY STOP ------------------
------------------ SYSCALL EXIT START ------------------
PID: 24353
SPID: 24353
Timestamp: 1682865152779102
Return value: 0x0000000000000001
------------------ SYSCALL EXIT STOP ------------------
------------------ SYSCALL ENTRY START ------------------
PID: 24353
SPID: 24353
Timestamp: 1682865152780526
Syscall = futex (98)
------------------ SYSCALL ENTRY STOP ------------------
------------------ SYSCALL EXIT START ------------------
PID: 24353
SPID: 24353
Timestamp: 1682865152781333
Return value: 0xfffffffffffffff5
------------------ SYSCALL EXIT STOP ------------------
------------------ SYSCALL ENTRY START ------------------
PID: 24353
SPID: 24353
Timestamp: 1682865152781434
Syscall = futex (98)
------------------ SYSCALL ENTRY STOP ------------------
------------------ SYSCALL EXIT START ------------------
PID: 24353
SPID: 24353
Timestamp: 1682865152782263
Return value: 0x0000000000000001
------------------ SYSCALL EXIT STOP ------------------
------------------ SYSCALL ENTRY START ------------------
PID: 24353
SPID: 24353
Timestamp: 1682865152782783
Syscall = futex (98)
------------------ SYSCALL ENTRY STOP ------------------
------------------ SYSCALL EXIT START ------------------
PID: 24353
SPID: 24353
Timestamp: 1682865152783465
Return value: 0x0000000000000001
------------------ SYSCALL EXIT STOP ------------------
------------------ SYSCALL ENTRY START ------------------
PID: 24353
SPID: 24353
Timestamp: 1682865152784971
Syscall = futex (98)
------------------ SYSCALL ENTRY STOP ------------------
------------------ SYSCALL EXIT START ------------------
PID: 24353
SPID: 24353
Timestamp: 1682865152785918
Return value: 000000000000000000
------------------ SYSCALL EXIT STOP ------------------
------------------ SYSCALL ENTRY START ------------------
PID: 24353
SPID: 24353
Timestamp: 1682865152785986
Syscall = futex (98)
------------------ SYSCALL ENTRY STOP ------------------
------------------ SYSCALL EXIT START ------------------
PID: 24353
SPID: 24353
Timestamp: 1682865152786575
Return value: 0x0000000000000001
------------------ SYSCALL EXIT STOP ------------------
------------------ SYSCALL ENTRY START ------------------
PID: 24353
SPID: 24353
Timestamp: 1682865152786626
Syscall = futex (98)
------------------ SYSCALL ENTRY STOP ------------------
------------------ SYSCALLEXIT START ------------------
PID: 24353
SPID: 24353
Timestamp: 1682865152787202
Return value: 0x0000000000000001
------------------ SYSCALL EXIT STOP ------------------
------------------ SYSCALL ENTRY START ------------------
PID: 24353
SPID: 24353
Timestamp: 1682865152787272
Syscall = futex (98)
------------------ SYSCALL ENTRY STOP ------------------
------------------ SYSCALL EXIT START ------------------
PID: 24353
SPID: 24353
Timestamp: 1682865152788352
Return value: 0x0000000000000001
------------------ SYSCALL EXIT STOP ------------------
------------------ SYSCALL ENTRY START ------------------
PID: 24353
SPID: 24353
Timestamp: 1682865152788414
Syscall = futex (98)
------------------ SYSCALL ENTRY STOP ------------------
------------------ SYSCALL EXIT START ------------------
PID: 24353
SPID: 24353
Timestamp: 1682865152788989
Return value: 0x0000000000000001
------------------ SYSCALL EXIT STOP ------------------
------------------ SYSCALL ENTRY START ------------------
PID: 24353
SPID: 24353
Timestamp: 1682865152789044
Syscall = futex (98)
------------------ SYSCALL ENTRY STOP ------------------
------------------ SYSCALL EXIT START ------------------
PID: 24353
SPID: 24353
Timestamp: 1682865152789596
Return value: 0x0000000000000001
------------------ SYSCALL EXIT STOP ------------------
------------------ SYSCALL ENTRY START ------------------
PID: 24353
SPID: 24353
Timestamp: 1682865152789669
Syscall = futex (98)
------------------ SYSCALL ENTRY STOP ------------------
------------------ SYSCALL EXIT START ------------------
PID: 24353
SPID: 24353
Timestamp:1682865152790221
Return value: 000000000000000000
------------------ SYSCALL EXIT STOP ------------------
------------------ SYSCALL ENTRY START ------------------
PID: 24353
SPID: 24353
Timestamp: 1682865152790291
Syscall = futex (98)
------------------ SYSCALL ENTRY STOP ------------------
------------------ SYSCALL EXIT START ------------------
PID: 24353
SPID: 24353
Timestamp: 1682865152790884
Return value: 0x0000000000000001
------------------ SYSCALL EXIT STOP ------------------
------------------ SYSCALL ENTRY START ------------------
PID: 24353
SPID: 24353
Timestamp: 1682865152790938
Syscall = futex (98)
------------------ SYSCALL ENTRY STOP ------------------
------------------ SYSCALL EXIT START ------------------
PID: 24353
SPID: 24353
Timestamp: 1682865152791472
Return value: 0x0000000000000001
------------------ SYSCALL EXIT STOP ------------------
------------------ SYSCALL ENTRY START ------------------
PID: 24353
SPID: 24353
Timestamp: 1682865152791597
Syscall = futex (98)
------------------ SYSCALL ENTRY STOP ------------------
------------------ SYSCALL EXIT START ------------------
PID: 24353
SPID: 24353
Timestamp: 1682865152792053
Return value: 000000000000000000
------------------ SYSCALL EXIT STOP ------------------
------------------ SYSCALL ENTRY START ------------------
PID: 24353
SPID: 24353
Timestamp: 1682865152792077
Syscall = futex (98)
------------------ SYSCALL ENTRY STOP ------------------
------------------ SYSCALL EXIT START ------------------
PID: 24353
SPID: 24353
Timestamp: 1682865152792344
Return value: 0x0000000000000001
------------------ SYSCALL EXIT STOP ------------------
------------------ SYSCALL ENTRY START ------------------
PID: 24353
SPID: 24353
Timestamp: 1682865152793310
Syscall = clock_gettime (113)
------------------SYSCALL ENTRY STOP ------------------
------------------ SYSCALL EXIT START ------------------
PID:24353
SPID: 24353
Timestamp: 1682865152793619
Return value: 000000000000000000
------------------ SYSCALL EXIT STOP ------------------
------------------ SYSCALL ENTRY START ------------------
PID: 24353
SPID: 24353
Timestamp: 1682865152793654
Syscall = futex (98)
------------------ SYSCALL ENTRY STOP ------------------
------------------ SYSCALL EXIT START ------------------
PID: 24353
SPID: 24353
Timestamp: 1682865152793869
Return value: 0x0000000000000001
------------------ SYSCALL EXIT STOP------------------
------------------ SYSCALL ENTRY START ------------------
PID: 24353
SPID: 24353
Timestamp: 1682865152793896
Syscall = futex (98)
------------------ SYSCALL ENTRY STOP ------------------
------------------ SYSCALL EXIT START ------------------
PID: 24353
SPID: 24353
Timestamp: 1682865152794077
Return value: 0x0000000000000001
------------------ SYSCALL EXIT STOP ------------------
------------------ SYSCALL ENTRY START ------------------
PID: 24353
SPID: 24353
Timestamp: 1682865152794133
Syscall = clock_gettime (113)
------------------ SYSCALL ENTRY STOP ------------------
------------------ SYSCALL EXIT START ------------------
PID: 24353
SPID: 24353
Timestamp: 1682865152794349
Return value: 000000000000000000
------------------ SYSCALL EXIT STOP ------------------
------------------ SYSCALL ENTRY START ------------------
PID: 24353
SPID: 24353
Timestamp: 1682865152794383
Syscall = futex (98)
------------------ SYSCALL ENTRY STOP ------------------
------------------ SYSCALL EXIT START ------------------
PID: 24353
SPID: 24353
Timestamp: 1682865152794565
Return value: 0x0000000000000001
------------------ SYSCALL EXIT STOP ------------------
------------------ SYSCALL ENTRY START ------------------
PID: 24353
SPID: 24353
Timestamp: 1682865152794591
Syscall = futex (98)
------------------ SYSCALL ENTRY STOP ------------------
------------------ SYSCALL EXIT START ------------------
PID: 24353
SPID: 24353
Timestamp: 1682865152794765
Return value: 0x0000000000000001
------------------ SYSCALL EXIT STOP ------------------
------------------ SYSCALL ENTRY START ------------------
PID: 24353
SPID: 24353
Timestamp: 1682865152794809
Syscall = clock_gettime (113)
------------------ SYSCALL ENTRY STOP ------------------
------------------ SYSCALL EXIT START ------------------
PID: 24353
SPID: 24353
Timestamp: 1682865152796024
Return value: 000000000000000000
------------------ SYSCALL EXIT STOP ------------------
------------------ SYSCALL ENTRY START ------------------
PID: 24353
SPID: 24353
Timestamp: 1682865152796088
Syscall = futex (98)
------------------ SYSCALL ENTRY STOP ------------------
------------------ SYSCALL EXIT START ------------------
PID: 24353
SPID: 24353
Timestamp: 1682865152796295
Return value: 0x0000000000000001
------------------ SYSCALL EXIT STOP ------------------
------------------ SYSCALL ENTRY START ------------------
PID: 24353
SPID: 24353
Timestamp: 1682865152796333
Syscall = futex (98)
------------------ SYSCALL ENTRY STOP ------------------
------------------ SYSCALL EXIT START ------------------
PID: 24353
SPID: 24353
Timestamp: 1682865152796522
Return value: 0x0000000000000001
------------------ SYSCALL EXIT STOP ------------------
------------------ SYSCALL ENTRY START ------------------
PID: 24353
SPID:24353
Timestamp: 1682865152796627
Syscall = recvfrom (207)
------------------ SYSCALL ENTRY STOP ------------------
------------------ SYSCALL EXIT START ------------------
PID: 24353
SPID: 24353
Timestamp: 1682865152797227
Return value: 0xfffffffffffffff5
------------------ SYSCALL EXIT STOP ------------------
------------------ SYSCALL ENTRY START ------------------
PID: 24353
SPID: 24353
Timestamp: 1682865152797290
Syscall = ioctl (29)
------------------ SYSCALL ENTRY STOP ------------------
------------------ SYSCALL EXIT START ------------------
PID: 24353
SPID: 24353
Timestamp: 1682865152797588
Return value: 000000000000000000
------------------ SYSCALL EXIT STOP ------------------
------------------ SYSCALL ENTRY START ------------------
PID: 24353
SPID: 24353
Timestamp: 1682865152797658
Syscall = write (64)
------------------ SYSCALL ENTRY STOP ------------------
------------------ SYSCALL EXIT START ------------------
PID: 24353
SPID: 24353
Timestamp: 1682865152797968
Return value: 0x0000000000000008
------------------ SYSCALL EXIT STOP ------------------
------------------SYSCALL ENTRY START ------------------
PID: 24353
SPID: 24353
Timestamp: 1682865152798080
Syscall =recvfrom (207)
------------------ SYSCALL ENTRY STOP ------------------
------------------ SYSCALL EXIT START ------------------
PID: 24353
SPID: 24353
Timestamp: 1682865152798304
Return value: 0xfffffffffffffff5
------------------ SYSCALL EXIT STOP ------------------
------------------ SYSCALL ENTRY START ------------------
PID: 24353
SPID: 24353
Timestamp: 1682865152798349
Syscall = clock_gettime (113)
------------------ SYSCALL ENTRY STOP ------------------
------------------ SYSCALL EXIT START ------------------
PID: 24353
SPID: 24353
Timestamp: 1682865152798544
Return value: 000000000000000000
------------------ SYSCALL EXIT STOP ------------------
------------------ SYSCALL ENTRY START ------------------
PID: 24353
SPID: 24353
Timestamp: 1682865152798598
Syscall = epoll_pwait (22)
------------------ SYSCALL ENTRY STOP ------------------
------------------ SYSCALL EXIT START ------------------
PID: 24353
SPID: 24353
Timestamp: 1682865152805755
Return value: 0x0000000000000001
------------------ SYSCALL EXIT STOP ------------------
------------------ SYSCALL ENTRY START ------------------
PID: 24353
SPID: 24353
Timestamp: 1682865152805844
Syscall = recvfrom (207)
------------------ SYSCALL ENTRY STOP ------------------
------------------ SYSCALL EXIT START ------------------
PID: 24353
SPID: 24353
Timestamp: 1682865152806607
Return value: 0x0000000000000040
------------------ SYSCALL EXIT STOP ------------------
------------------ SYSCALL ENTRY START ------------------
PID: 24353
SPID: 24353
Timestamp: 1682865152806694
Syscall = recvfrom (207)
------------------ SYSCALL ENTRY STOP ------------------
------------------ SYSCALL EXIT START ------------------
PID: 24353
SPID: 24353
Timestamp: 1682865152806911
Return value: 0xfffffffffffffff5
------------------ SYSCALL EXIT STOP ------------------
------------------ SYSCALL ENTRY START ------------------
PID: 24353
SPID: 24353
Timestamp: 1682865152807017
Syscall = clock_gettime (113)
------------------ SYSCALL ENTRYSTOP ------------------
------------------ SYSCALL EXIT START ------------------
PID: 24353
SPID: 24353
Timestamp: 1682865152807224
Return value: 000000000000000000
------------------ SYSCALL EXIT STOP ------------------
------------------ SYSCALL ENTRY START ------------------
PID: 24353
SPID: 24353
Timestamp: 1682865152807293
Syscall = clock_gettime (113)
------------------ SYSCALL ENTRY STOP ------------------
------------------ SYSCALL EXIT START ------------------
PID: 24353
SPID: 24353
Timestamp: 1682865152807484
Return value: 000000000000000000
------------------ SYSCALL EXIT STOP ------------------
------------------ SYSCALL ENTRY START ------------------
PID: 24353
SPID: 24353
Timestamp: 1682865152807523
Syscall = gettimeofday (169)
------------------ SYSCALL ENTRY STOP ------------------
------------------ SYSCALL EXIT START ------------------
PID: 24353
SPID: 24353
Timestamp:1682865152807710
Return value: 000000000000000000
------------------ SYSCALL EXIT STOP ------------------
------------------ SYSCALL ENTRY START ------------------
PID: 24353
SPID: 24353
Timestamp: 1682865152807755
Syscall = write (64)
------------------ SYSCALL ENTRY STOP ------------------
------------------ SYSCALL EXIT START ------------------
PID: 24353
SPID: 24353
Timestamp: 1682865152807963
Return value: 0x0000000000000008
------------------ SYSCALL EXIT STOP ------------------
------------------ SYSCALL ENTRY START ------------------
PID: 24353
SPID: 24353
Timestamp: 1682865152808012
Syscall = clock_gettime (113)
------------------ SYSCALL ENTRY STOP ------------------
------------------ SYSCALL EXIT START ------------------
PID: 24353
SPID: 24353
Timestamp: 1682865152808202
Return value: 000000000000000000
------------------ SYSCALL EXIT STOP ------------------
------------------ SYSCALL ENTRY START ------------------
PID: 24353
SPID: 24353
Timestamp: 1682865152808260
Syscall= clock_gettime (113)
------------------ SYSCALL ENTRY STOP ------------------
------------------ SYSCALL EXIT START ------------------
PID: 24353
SPID: 24353
Timestamp: 1682865152808451
Return value: 000000000000000000
------------------ SYSCALL EXIT STOP ------------------
------------------ SYSCALL ENTRY START ------------------
PID: 24353
SPID: 24353
Timestamp: 1682865152808487
Syscall = gettimeofday (169)
------------------ SYSCALL ENTRY STOP ------------------
------------------ SYSCALL EXIT START ------------------
PID: 24353
SPID: 24353
Timestamp: 1682865152808677
Return value: 000000000000000000
------------------ SYSCALL EXIT STOP ------------------
------------------ SYSCALL ENTRY START ------------------
PID: 24353
SPID: 24353
Timestamp: 1682865152808709
Syscall = read (63)
------------------ SYSCALL ENTRY STOP ------------------
------------------ SYSCALL EXIT START ------------------
PID: 24353
SPID: 24353
Timestamp: 1682865152808895
Return value: 0x0000000000000030
------------------ SYSCALL EXIT STOP ------------------
------------------ SYSCALL ENTRY START ------------------
PID: 24353
SPID: 24353
Timestamp: 1682865152808957
Syscall = clock_gettime (113)
------------------ SYSCALL ENTRY STOP ------------------
------------------ SYSCALL EXIT START ------------------
PID: 24353
SPID: 24353
Timestamp: 1682865152809164
Return value: 000000000000000000
------------------ SYSCALL EXIT STOP ------------------
------------------ SYSCALL ENTRY START ------------------
PID: 24353
SPID: 24353
Timestamp: 1682865152809226
Syscall = clock_gettime (113)
------------------ SYSCALL ENTRY STOP ------------------
------------------ SYSCALL EXIT START ------------------
PID: 24353
SPID: 24353
Timestamp: 1682865152809419
Return value: 000000000000000000
------------------SYSCALL EXIT STOP ------------------
------------------ SYSCALL ENTRY START ------------------
PID:24353
SPID: 24353
Timestamp: 1682865152809449
Syscall = clock_gettime (113)
------------------ SYSCALL ENTRY STOP ------------------
------------------ SYSCALL EXIT START ------------------
PID: 24353
SPID: 24353
Timestamp: 1682865152809630
Return value: 000000000000000000
------------------ SYSCALL EXIT STOP ------------------
------------------ SYSCALL ENTRY START ------------------
PID: 24353
SPID: 24353
Timestamp: 1682865152809660
Syscall = clock_gettime (113)
------------------ SYSCALL ENTRY STOP ------------------
------------------ SYSCALL EXIT START ------------------
PID: 24353
SPID:24353
Timestamp: 1682865152809841
Return value: 000000000000000000
------------------ SYSCALL EXIT STOP ------------------
------------------ SYSCALL ENTRY START ------------------
PID: 24353
SPID: 24353
Timestamp: 1682865152809868
Syscall = clock_gettime (113)
------------------ SYSCALL ENTRY STOP------------------
------------------ SYSCALL EXIT START ------------------
PID: 24353
SPID: 24353
Timestamp: 1682865152810067
Return value: 000000000000000000
------------------ SYSCALL EXIT STOP ------------------
------------------ SYSCALL ENTRY START ------------------
PID: 24353
SPID: 24353
Timestamp: 1682865152810095
Syscall = clock_gettime (113)
------------------ SYSCALL ENTRY STOP ------------------
------------------ SYSCALL EXIT START ------------------
PID: 24353
SPID: 24353
Timestamp: 1682865152810277
Return value: 000000000000000000
------------------ SYSCALL EXIT STOP ------------------
------------------ SYSCALL ENTRY START ------------------
PID: 24353
SPID: 24353
Timestamp: 1682865152810305
Syscall = clock_gettime (113)
------------------ SYSCALL ENTRY STOP ------------------
------------------ SYSCALL EXIT START ------------------
PID: 24353
SPID: 24353
Timestamp: 1682865152810486
Return value: 000000000000000000
------------------ SYSCALL EXIT STOP ------------------
------------------ SYSCALL ENTRY START ------------------
PID: 24353
SPID: 24353
Timestamp: 1682865152810513
Syscall = clock_gettime (113)
------------------ SYSCALL ENTRY STOP ------------------
------------------ SYSCALL EXIT START ------------------
PID: 24353
SPID: 24353
Timestamp: 1682865152810692
Return value: 000000000000000000
------------------ SYSCALL EXIT STOP ------------------
------------------ SYSCALL ENTRY START ------------------
PID: 24353
SPID: 24353
Timestamp: 1682865152810762
Syscall = write (64)
------------------ SYSCALL ENTRY STOP ------------------
------------------ SYSCALL EXIT START ------------------
PID: 24353
SPID: 24353
Timestamp: 1682865152810954
Return value: 0x0000000000000008
------------------ SYSCALL EXIT STOP ------------------
------------------ SYSCALL ENTRY START ------------------
PID: 24353
SPID: 24353
Timestamp: 1682865152811144
Syscall = clock_gettime (113)
------------------ SYSCALL ENTRY STOP ------------------
------------------ SYSCALL EXIT START ------------------
PID: 24353
SPID: 24353
Timestamp: 1682865152811365
Return value: 000000000000000000
------------------ SYSCALL EXIT STOP ------------------
------------------ SYSCALL ENTRY START ------------------
PID: 24353
SPID: 24353
Timestamp: 1682865152811694
Syscall = futex (98)
------------------ SYSCALL ENTRY STOP ------------------
------------------ SYSCALL EXIT START ------------------
PID: 24353
SPID: 24353
Timestamp: 1682865152811930
Return value: 0x0000000000000001
------------------ SYSCALL EXIT STOP ------------------
------------------ SYSCALL ENTRY START ------------------
PID: 24353
SPID: 24353
Timestamp: 1682865152811959
Syscall = futex (98)
------------------ SYSCALL ENTRY STOP ------------------
------------------ SYSCALL EXIT START ------------------
PID: 24353
SPID: 24353
Timestamp: 1682865152812859
Return value: 0x0000000000000001
------------------ SYSCALL EXIT STOP ------------------
------------------ SYSCALL ENTRY START ------------------
PID: 24353
SPID: 24353
Timestamp: 1682865152813527
Syscall = clock_gettime (113)
------------------ SYSCALL ENTRY STOP ------------------
------------------ SYSCALL EXIT START ------------------
PID: 24353
SPID: 24353
Timestamp: 1682865152813827
Return value: 000000000000000000
------------------ SYSCALL EXIT STOP ------------------
------------------ SYSCALL ENTRY START ------------------
PID: 24353
SPID: 24353
Timestamp: 1682865152813867
Syscall = write (64)
------------------ SYSCALL ENTRY STOP ------------------
------------------ SYSCALL EXIT START ------------------
PID: 24353
SPID: 24353
Timestamp: 1682865152814562
Return value: 0x0000000000000008
------------------ SYSCALL EXIT STOP ------------------
------------------ SYSCALL ENTRY START ------------------
PID: 24353
SPID: 24353
Timestamp: 1682865152814598
Syscall = futex (98)
------------------ SYSCALL ENTRY STOP ------------------
------------------ SYSCALL EXIT START ------------------
PID: 24353
SPID: 24353
Timestamp: 1682865152814822
Return value: 0xfffffffffffffff5
------------------ SYSCALL EXIT STOP ------------------
------------------ SYSCALL ENTRY START ------------------
PID: 24353
SPID: 24353
Timestamp: 1682865152814907
Syscall = clock_gettime (113)
------------------ SYSCALL ENTRY STOP ------------------
------------------ SYSCALL EXIT START ------------------
PID: 24353
SPID: 24353
Timestamp: 1682865152815106
Return value: 000000000000000000
------------------ SYSCALL EXIT STOP ------------------
------------------ SYSCALL ENTRY START ------------------
PID: 24353
SPID: 24353
Timestamp: 1682865152815159
Syscall = clock_gettime (113)
------------------ SYSCALL ENTRY STOP ------------------
------------------ SYSCALL EXIT START ------------------
PID: 24353
SPID: 24353
Timestamp: 1682865152815351
Return value: 000000000000000000
------------------ SYSCALL EXIT STOP ------------------
------------------ SYSCALL ENTRY START ------------------
PID: 24353
SPID: 24353
Timestamp: 1682865152815413
Syscall = clock_gettime (113)
------------------ SYSCALL ENTRY STOP ------------------
------------------ SYSCALL EXIT START ------------------
PID: 24353
SPID: 24353
Timestamp: 1682865152815609
Return value: 000000000000000000
------------------ SYSCALL EXIT STOP ------------------
------------------ SYSCALL ENTRY START ------------------
PID: 24353
SPID: 24353
Timestamp: 1682865152815644
Syscall = read (63)
------------------ SYSCALL ENTRY STOP ------------------
------------------ SYSCALL EXIT START ------------------
PID: 24353
SPID: 24353
Timestamp: 1682865152815832
Return value: 0x0000000000000030
------------------ SYSCALL EXIT STOP ------------------
------------------ SYSCALL ENTRY START ------------------
PID: 24353
SPID: 24353
Timestamp: 1682865152815888
Syscall = getuid (174)
------------------ SYSCALL ENTRY STOP ------------------
------------------ SYSCALL EXIT START ------------------
PID: 24353
SPID: 24353
Timestamp: 1682865152816264
Return value: 0x0000000000002857
------------------ SYSCALL EXIT STOP ------------------
------------------ SYSCALL ENTRY START ------------------
PID: 24353
SPID: 24353
Timestamp: 1682865152816347
Syscall = epoll_pwait (22)
------------------ SYSCALL ENTRY STOP ------------------
------------------ SYSCALL EXIT START ------------------
PID: 24353
SPID: 24353
Timestamp: 1682865152816945
Return value: 0x0000000000000001
------------------ SYSCALL EXIT STOP ------------------
------------------ SYSCALL ENTRY START ------------------
PID: 24353
SPID: 24353
Timestamp: 1682865152817015
Syscall = read (63)
------------------ SYSCALL ENTRY STOP ------------------
------------------ SYSCALL EXIT START ------------------
PID: 24353
SPID: 24353
Timestamp: 1682865152817218
Return value: 0x0000000000000008
------------------ SYSCALL EXIT STOP ------------------
------------------ SYSCALL ENTRY START ------------------
PID: 24353
SPID: 24353
Timestamp: 1682865152817250
Syscall = clock_gettime (113)
------------------ SYSCALL ENTRY STOP ------------------
------------------ SYSCALL EXIT START ------------------
PID: 24353
SPID: 24353
Timestamp: 1682865152817436
Return value: 000000000000000000
------------------ SYSCALL EXIT STOP ------------------
------------------ SYSCALL ENTRY START ------------------
PID: 24353
SPID: 24353
Timestamp: 1682865152817484
Syscall = epoll_pwait (22)
------------------ SYSCALL ENTRY STOP ------------------
------------------ SYSCALL EXIT START ------------------
PID: 24353
SPID: 24353
Timestamp: 1682865152975146
Return value: 0x0000000000000001
------------------ SYSCALL EXIT STOP ------------------
------------------ SYSCALL ENTRY START ------------------
PID: 24353
SPID: 24353
Timestamp: 1682865152975403
Syscall = recvfrom (207)
------------------ SYSCALL ENTRY STOP ------------------
------------------ SYSCALL EXIT START ------------------
PID: 24353
SPID: 24353
Timestamp: 1682865152975794
Return value: 0x0000000000000068
------------------ SYSCALL EXIT STOP ------------------
------------------ SYSCALL ENTRY START ------------------
PID: 24353
SPID: 24353
Timestamp: 1682865152975995
Syscall = gettimeofday (169)
------------------ SYSCALL ENTRY STOP ------------------
------------------ SYSCALL EXIT START ------------------
PID: 24353
SPID: 24353
Timestamp: 1682865152976265
Return value: 000000000000000000
------------------ SYSCALL EXIT STOP ------------------
------------------ SYSCALL ENTRY START ------------------
PID: 24353
SPID: 24353
Timestamp: 1682865152976988
Syscall = futex (98)
------------------ SYSCALL ENTRY STOP ------------------
------------------ SYSCALL EXIT START ------------------
PID: 24353
SPID: 24353
Timestamp: 1682865152977272
Return value: 0x0000000000000001
------------------ SYSCALL EXIT STOP ------------------
------------------ SYSCALL ENTRY START ------------------
PID: 24353
SPID: 24353
Timestamp: 1682865152977316
Syscall = futex (98)
------------------ SYSCALL ENTRY STOP ------------------
------------------ SYSCALL EXIT START ------------------
PID: 24353
SPID: 24353
Timestamp: 1682865152978083
Return value: 0x0000000000000001
------------------ SYSCALL EXIT STOP ------------------
------------------ SYSCALL ENTRY START ------------------
PID: 24353
SPID: 24353
Timestamp: 1682865152978996
Syscall = clock_gettime (113)
------------------ SYSCALL ENTRY STOP ------------------
------------------ SYSCALL EXIT START ------------------
PID: 24353
SPID: 24353
Timestamp: 1682865152979301
Return value: 000000000000000000
------------------ SYSCALL EXIT STOP ------------------
------------------ SYSCALL ENTRY START ------------------
PID: 24353
SPID: 24353
Timestamp: 1682865152979366
Syscall = clock_gettime (113)
------------------ SYSCALL ENTRY STOP ------------------
------------------ SYSCALL EXIT START ------------------
PID: 24353
SPID: 24353
Timestamp: 1682865152979581
Return value: 000000000000000000
------------------ SYSCALL EXIT STOP ------------------
------------------ SYSCALL ENTRY START ------------------
PID: 24353
SPID: 24353
Timestamp: 1682865152979628
Syscall = clock_gettime (113)
------------------ SYSCALL ENTRY STOP ------------------
------------------ SYSCALL EXIT START ------------------
PID: 24353
SPID: 24353
Timestamp: 1682865152979834
Return value: 000000000000000000
------------------ SYSCALL EXIT STOP ------------------
------------------ SYSCALL ENTRY START ------------------
PID: 24353
SPID: 24353
Timestamp: 1682865152979942
Syscall = recvfrom (207)
------------------ SYSCALL ENTRY STOP ------------------
------------------ SYSCALL EXIT START ------------------
PID: 24353
SPID: 24353
Timestamp: 1682865152980163
Return value: 0xfffffffffffffff5
------------------ SYSCALL EXIT STOP ------------------
------------------ SYSCALL ENTRY START ------------------
PID: 24353
SPID: 24353
Timestamp: 1682865152980221
Syscall = ioctl (29)
------------------ SYSCALL ENTRY STOP ------------------
------------------ SYSCALL EXIT START ------------------
PID: 24353
SPID: 24353
Timestamp: 1682865152980466
Return value: 000000000000000000
------------------ SYSCALL EXIT STOP ------------------
------------------ SYSCALL ENTRY START ------------------
PID: 24353
SPID: 24353
Timestamp: 1682865152980598
Syscall = write (64)
------------------ SYSCALL ENTRY STOP ------------------
------------------ SYSCALL EXIT START ------------------
PID: 24353
SPID: 24353
Timestamp: 1682865152980908
Return value: 0x0000000000000008
------------------ SYSCALL EXIT STOP ------------------
------------------ SYSCALL ENTRY START ------------------
PID: 24353
SPID: 24353
Timestamp: 1682865152981024
Syscall = recvfrom (207)
------------------ SYSCALL ENTRY STOP ------------------
------------------ SYSCALL EXIT START ------------------
PID: 24353
SPID: 24353
Timestamp: 1682865152981259
Return value: 0x0000000000000068
------------------ SYSCALL EXIT STOP ------------------
------------------ SYSCALL ENTRY START ------------------
PID: 24353
SPID: 24353
Timestamp: 1682865152981418
Syscall = gettimeofday (169)
------------------ SYSCALL ENTRY STOP ------------------
------------------ SYSCALL EXIT START ------------------
PID: 24353
SPID: 24353
Timestamp: 1682865152981638
Return value: 000000000000000000
------------------ SYSCALL EXIT STOP ------------------
------------------ SYSCALL ENTRY START ------------------
PID: 24353
SPID: 24353
Timestamp: 1682865152982238
Syscall = futex (98)
------------------ SYSCALL ENTRY STOP ------------------
------------------ SYSCALL EXIT START ------------------
PID: 24353
SPID: 24353
Timestamp: 1682865152982520
Return value: 0x0000000000000001
------------------ SYSCALL EXIT STOP ------------------
------------------ SYSCALL ENTRY START ------------------
PID: 24353
SPID: 24353
Timestamp: 1682865152982567
Syscall = futex (98)
------------------ SYSCALL ENTRY STOP ------------------
------------------ SYSCALL EXIT START ------------------
PID: 24353
SPID: 24353
Timestamp: 1682865152982792
Return value: 0x0000000000000001
------------------ SYSCALL EXIT STOP ------------------
------------------ SYSCALL ENTRY START ------------------
PID: 24353
SPID: 24353
Timestamp: 1682865152983755
Syscall = futex (98)
------------------ SYSCALL ENTRY STOP ------------------
------------------ SYSCALL EXIT START ------------------
PID: 24353
SPID: 24353
Timestamp: 1682865152984421
Return value: 000000000000000000
------------------ SYSCALL EXIT STOP ------------------
------------------ SYSCALL ENTRY START ------------------
PID: 24353
SPID: 24353
Timestamp: 1682865152984510
Syscall = futex (98)
------------------ SYSCALL ENTRY STOP ------------------
------------------ SYSCALL EXIT START ------------------
PID: 24353
SPID: 24353
Timestamp: 1682865152985504
Return value: 0x0000000000000001
------------------ SYSCALL EXIT STOP ------------------
------------------ SYSCALL ENTRY START ------------------
PID: 24353
SPID: 24353
