------------------ SYSCALL ENTRY START ------------------
PID: 31973
SPID: 31973
Timestamp: 1685713272013422
Syscall = futex (98)
------------------ SYSCALL ENTRY STOP ------------------
------------------ SYSCALL EXIT START ------------------
PID: 31973
SPID: 31973
Timestamp: 1685713272023030
Return value: 0xfffffffffffffff5
------------------ SYSCALL EXIT STOP ------------------
------------------ SYSCALL ENTRY START ------------------
PID: 31973
SPID: 31973
Timestamp: 1685713272023805
Syscall = clock_gettime (113)
------------------ SYSCALL ENTRY STOP ------------------
------------------ SYSCALL EXIT START ------------------
PID: 31973
SPID: 31973
Timestamp: 1685713272036948
Return value: 000000000000000000
------------------ SYSCALL EXIT STOP ------------------
------------------ SYSCALL ENTRY START ------------------
PID: 31973
SPID: 31973
Timestamp: 1685713272037551
Syscall = clock_gettime (113)
------------------ SYSCALL ENTRY STOP ------------------
------------------ SYSCALLEXIT START ------------------
PID: 31973
SPID: 31973
Timestamp: 1685713272037753
Return value: 000000000000000000
------------------ SYSCALL EXIT STOP ------------------
------------------ SYSCALL ENTRY START ------------------
PID: 31973
SPID: 31973
Timestamp: 1685713272037868
Syscall = clock_gettime (113)
------------------ SYSCALL ENTRY STOP ------------------
------------------ SYSCALL EXIT START ------------------
PID: 31973
SPID: 31973
Timestamp: 1685713272038032
Return value: 000000000000000000
------------------ SYSCALL EXIT STOP ------------------
------------------ SYSCALL ENTRY START ------------------
PID: 31973
SPID: 31973
Timestamp: 1685713272038199
Syscall = clock_gettime (113)
------------------ SYSCALL ENTRY STOP ------------------
------------------ SYSCALL EXIT START ------------------
PID: 31973
SPID: 31973
Timestamp: 1685713272038383
Return value: 000000000000000000
------------------ SYSCALL EXIT STOP ------------------
------------------ SYSCALL ENTRY START ------------------
PID: 31973
SPID: 31973
Timestamp: 1685713272038500
Syscall = clock_gettime (113)
------------------ SYSCALL ENTRY STOP ------------------
------------------ SYSCALL EXIT START ------------------
PID: 31973
SPID: 31973
Timestamp: 1685713272038664
Return value: 000000000000000000
------------------ SYSCALL EXIT STOP ------------------
------------------ SYSCALL ENTRY START ------------------
PID: 31973
SPID: 31973
Timestamp: 1685713272039993
Syscall = prctl (167)
------------------ SYSCALL ENTRY STOP ------------------
------------------ SYSCALL EXIT START ------------------
PID: 31973
SPID: 31973
Timestamp: 1685713272040203
Return value: 0x0000000000000001
------------------ SYSCALL EXIT STOP ------------------
------------------ SYSCALL ENTRY START ------------------
PID: 31973
SPID: 31973
Timestamp: 1685713272040341
Syscall = mprotect (226)
------------------ SYSCALL ENTRY STOP ------------------
------------------ SYSCALL EXIT START ------------------
PID: 31973
SPID: 31973
Timestamp: 1685713272040549
Return value: 000000000000000000
------------------ SYSCALL EXIT STOP ------------------
------------------ SYSCALL ENTRY START ------------------
PID: 31973
SPID: 31973
Timestamp: 1685713272040632
Syscall = mprotect (226)
------------------ SYSCALL ENTRY STOP ------------------
------------------ SYSCALL EXIT START ------------------
PID: 31973
SPID: 31973
Timestamp: 1685713272040834
Return value: 000000000000000000
------------------ SYSCALL EXIT STOP ------------------
------------------ SYSCALL ENTRY START ------------------
PID: 31973
SPID: 31973
Timestamp: 1685713272040935
Syscall = mprotect (226)
------------------ SYSCALL ENTRY STOP ------------------
------------------ SYSCALL EXIT START ------------------
PID: 32142
SPID: 32142
Timestamp: 1685713322319617
Return value: 000000000000000000
------------------ SYSCALL EXIT STOP ------------------
------------------ SYSCALL ENTRY START ------------------
PID: 32142
SPID: 32142
Timestamp: 1685713322319706
Syscall = futex (98)
------------------ SYSCALL ENTRY STOP ------------------
------------------ SYSCALL EXIT START ------------------
PID: 32142
SPID: 32142
Timestamp: 1685713322320908
Returnvalue: 0x0000000000000001
------------------ SYSCALL EXIT STOP ------------------
------------------ SYSCALL ENTRY START ------------------
PID: 32142
SPID: 32142
Timestamp: 1685713322321318
Syscall = clock_gettime (113)
------------------ SYSCALL ENTRY STOP ------------------
------------------ SYSCALL EXIT START ------------------
PID: 32142
SPID: 32142
Timestamp: 1685713322336437
Return value:000000000000000000
------------------ SYSCALL EXIT STOP ------------------
------------------ SYSCALL ENTRY START ------------------
PID: 32142
SPID: 32142
Timestamp: 1685713322336717
Syscall = clock_gettime (113)
------------------ SYSCALL ENTRY STOP ------------------
------------------ SYSCALL EXIT START ------------------
PID: 32142
SPID: 32142
Timestamp: 1685713322337649
Return value: 000000000000000000
------------------ SYSCALL EXIT STOP ------------------
------------------ SYSCALL ENTRY START ------------------
PID: 32142
SPID: 32142
Timestamp: 1685713322337787
Syscall = clock_gettime (113)
------------------ SYSCALL ENTRY STOP ------------------
------------------ SYSCALL EXIT START ------------------
PID: 32142
SPID: 32142
Timestamp: 1685713322338057
Return value: 000000000000000000
------------------ SYSCALL EXIT STOP ------------------
------------------ SYSCALL ENTRY START------------------
PID: 32142
SPID: 32142
Timestamp: 1685713322338217
Syscall = getuid (174)
------------------ SYSCALL ENTRY STOP ------------------
------------------ SYSCALL EXIT START ------------------
PID: 32142
SPID: 32142
Timestamp: 1685713322338403
Return value: 0x000000000000285d
------------------ SYSCALL EXIT STOP ------------------
------------------ SYSCALL ENTRY START ------------------
PID: 32142
SPID: 32142
Timestamp: 1685713322338698
Syscall = ioctl (29)
------------------ SYSCALL ENTRY STOP ------------------
------------------ SYSCALL EXIT START ------------------
PID: 32142
SPID: 32142
Timestamp: 1685713322338928
Return value: 000000000000000000
------------------ SYSCALL EXIT STOP ------------------
------------------ SYSCALL ENTRY START ------------------
PID: 32142
SPID: 32142
Timestamp: 1685713322339524
Syscall = clock_gettime (113)
------------------ SYSCALL ENTRY STOP ------------------
------------------ SYSCALL EXIT START ------------------
PID: 32142
SPID: 32142
Timestamp: 1685713322339812
Return value: 000000000000000000
------------------ SYSCALL EXITSTOP ------------------
------------------ SYSCALL ENTRY START ------------------
PID: 32142
SPID: 32142
Timestamp: 1685713322339936
Syscall = clock_gettime (113)
------------------ SYSCALL ENTRY STOP ------------------
------------------ SYSCALL EXIT START ------------------
PID: 32142
SPID: 32142
Timestamp: 1685713322341133
Return value: 000000000000000000
------------------ SYSCALL EXIT STOP ------------------
------------------ SYSCALL ENTRY START ------------------
PID: 32142
SPID: 32142
Timestamp: 1685713322341402
Syscall = clock_gettime (113)
------------------ SYSCALL ENTRY STOP ------------------
------------------ SYSCALL EXIT START ------------------
PID: 32142
SPID: 32142
Timestamp: 1685713322343332
Return value: 000000000000000000
------------------ SYSCALL EXIT STOP ------------------
------------------ SYSCALL ENTRY START ------------------
PID: 32142
SPID: 32142
Timestamp: 1685713322343479
Syscall = clock_gettime (113)
------------------ SYSCALL ENTRY STOP ------------------
------------------ SYSCALL EXIT START ------------------
PID: 32142
SPID: 32142
Timestamp: 1685713322343670
Return value: 000000000000000000
------------------ SYSCALL EXIT STOP ------------------
------------------ SYSCALL ENTRY START ------------------
PID: 32142
SPID: 32142
Timestamp: 1685713322343863
Syscall = clock_gettime (113)
------------------ SYSCALL ENTRY STOP ------------------
------------------ SYSCALL EXIT START ------------------
PID: 32142
SPID: 32142
Timestamp: 1685713322344496
Return value: 000000000000000000
------------------ SYSCALL EXIT STOP ------------------
------------------ SYSCALL ENTRY START ------------------
PID: 32142
SPID: 32142
Timestamp: 1685713322344625
Syscall = clock_gettime (113)
------------------ SYSCALL ENTRY STOP ------------------
------------------ SYSCALL EXIT START ------------------
PID: 32142
SPID: 32142
Timestamp: 1685713322344823
Return value: 000000000000000000
------------------ SYSCALL EXIT STOP ------------------
------------------ SYSCALL ENTRY START ------------------
PID: 32142
SPID: 32142
Timestamp: 1685713322345072
Syscall = clock_gettime (113)
------------------ SYSCALL ENTRY STOP ------------------
------------------ SYSCALL EXIT START ------------------
PID: 32142
SPID: 32142
Timestamp: 1685713322345249
Returnvalue: 000000000000000000
------------------ SYSCALL EXIT STOP ------------------
------------------ SYSCALL ENTRY START ------------------
PID: 32142
SPID: 32142
Timestamp: 1685713322345352
Syscall = clock_gettime (113)
------------------ SYSCALL ENTRY STOP ------------------
------------------ SYSCALL EXIT START ------------------
PID: 32142
SPID: 32142
Timestamp: 1685713322345533
Return value:000000000000000000
------------------ SYSCALL EXIT STOP ------------------
------------------ SYSCALL ENTRY START ------------------
PID: 32142
SPID: 32142
Timestamp: 1685713322345852
Syscall = write(64)
------------------ SYSCALL ENTRY STOP ------------------
------------------ SYSCALL EXIT START------------------
PID: 32142
SPID: 32142
Timestamp: 1685713322346742
Return value: 0x0000000000000008
------------------ SYSCALL EXIT STOP ------------------
------------------ SYSCALL ENTRY START ------------------
PID: 32142
SPID: 32142
Timestamp: 1685713322346890
Syscall = futex (98)
------------------ SYSCALL ENTRY STOP ------------------
------------------ SYSCALL EXIT START ------------------
PID: 32142
SPID: 32142
Timestamp: 1685713322347415
Return value: 000000000000000000
------------------ SYSCALL EXIT STOP ------------------
------------------ SYSCALL ENTRY START ------------------
PID: 32142
SPID: 32142
Timestamp: 1685713322348377
Syscall = clock_gettime (113)
------------------ SYSCALL ENTRY STOP ------------------
------------------ SYSCALL EXIT START ------------------
PID: 32142
SPID: 32142
Timestamp: 1685713322348796
Return value: 000000000000000000
------------------ SYSCALL EXIT STOP ------------------
------------------ SYSCALL ENTRY START ------------------
PID: 32142
SPID: 32142
Timestamp: 1685713322349300
Syscall = clock_gettime (113)
------------------ SYSCALL ENTRY STOP ------------------
------------------ SYSCALL EXIT START ------------------
PID: 32142
SPID: 32142
Timestamp: 1685713322351527
Return value: 000000000000000000
------------------ SYSCALLEXIT STOP ------------------
------------------ SYSCALL ENTRY START ------------------
PID: 32142
SPID: 32142
Timestamp: 1685713322351626
Syscall = clock_gettime (113)
------------------ SYSCALL ENTRY STOP ------------------
------------------ SYSCALL EXIT START ------------------
PID: 32142
SPID: 32142
Timestamp: 1685713322353216
Return value: 000000000000000000
------------------ SYSCALL EXIT STOP ------------------
------------------ SYSCALL ENTRY START ------------------
PID: 32142
SPID: 32142
Timestamp: 1685713322353374
Syscall = clock_gettime (113)
------------------ SYSCALL ENTRY STOP ------------------
------------------ SYSCALL EXIT START ------------------
PID: 32142
SPID: 32142
Timestamp: 1685713322354781
Return value: 000000000000000000
------------------ SYSCALL EXIT STOP ------------------
------------------ SYSCALL ENTRY START ------------------
PID: 32142
SPID: 32142
Timestamp: 1685713322355009
Syscall = clock_gettime (113)
------------------ SYSCALL ENTRY STOP ------------------
------------------ SYSCALL EXIT START ------------------
PID: 32142
SPID: 32142
Timestamp: 1685713322355806
Return value: 000000000000000000
------------------ SYSCALL EXIT STOP ------------------
------------------ SYSCALL ENTRY START ------------------
PID: 32142
SPID: 32142
Timestamp:1685713322359933
Syscall = prctl (167)
------------------ SYSCALL ENTRY STOP ------------------
------------------ SYSCALL EXIT START ------------------
PID: 32142
SPID: 32142
Timestamp: 1685713322360342
Return value: 0x0000000000000001
------------------ SYSCALL EXIT STOP ------------------
------------------ SYSCALL ENTRY START ------------------
PID: 32142
SPID: 32142
Timestamp: 1685713322360531
Syscall = mprotect (226)
------------------ SYSCALL ENTRY STOP ------------------
------------------ SYSCALL EXIT START ------------------
PID: 32142
SPID: 32142
Timestamp: 1685713322360772
Return value: 000000000000000000
------------------ SYSCALL EXIT STOP ------------------
------------------SYSCALL ENTRY START ------------------
PID: 32142
SPID: 32142
Timestamp: 1685713322360883
Syscall =mprotect (226)
------------------ SYSCALL ENTRY STOP ------------------
------------------ SYSCALL EXIT START ------------------
PID: 32142
SPID: 32142
Timestamp: 1685713322361532
Return value: 000000000000000000
------------------ SYSCALL EXIT STOP ------------------
------------------ SYSCALL ENTRY START ------------------
PID: 32142
SPID: 32142
Timestamp: 1685713322361583
Syscall = mprotect (226)
------------------ SYSCALL ENTRY STOP ------------------
------------------ SYSCALL EXIT START ------------------
PID: 32142
SPID: 32142
Timestamp: 1685713322362944
Return value: 000000000000000000
------------------ SYSCALL EXIT STOP ------------------
------------------ SYSCALL ENTRY START ------------------
PID: 32142
SPID: 32142
Timestamp: 1685713322363049
Syscall = mprotect (226)
------------------ SYSCALL ENTRY STOP ------------------
------------------ SYSCALL EXIT START ------------------
PID: 32142
SPID: 32142
Timestamp: 1685713322363829
Return value: 000000000000000000
------------------ SYSCALL EXIT STOP ------------------
------------------ SYSCALL ENTRY START ------------------
PID: 32142
SPID: 32142
Timestamp: 1685713322363937
Syscall = mmap (222)
------------------ SYSCALL ENTRY STOP ------------------
------------------ SYSCALL EXIT START ------------------
PID: 32142
SPID: 32142
Timestamp: 1685713322365240
Return value: 0x0000007000b8e000
------------------ SYSCALLEXIT STOP ------------------
------------------ SYSCALL ENTRY START ------------------
PID: 32142
SPID: 32142
Timestamp: 1685713322365342
Syscall = prctl (167)
------------------ SYSCALL ENTRY STOP ------------------
------------------ SYSCALL EXIT START ------------------
PID: 32142
SPID: 32142
Timestamp: 1685713322366049
Return value: 000000000000000000
------------------ SYSCALL EXIT STOP ------------------
------------------ SYSCALL ENTRY START ------------------
PID: 32142
SPID: 32142
Timestamp: 1685713322366628
Syscall = openat (56)
------------------ SYSCALL ENTRY STOP ------------------
------------------ SYSCALL EXIT START ------------------
PID: 32142
SPID: 32142
Timestamp: 1685713322367544
Return value: 0x000000000000006b
------------------ SYSCALL EXIT STOP ------------------
------------------ SYSCALL ENTRY START ------------------
PID: 32142
SPID: 32142
Timestamp: 1685713322367612
Syscall = readlinkat (78)
------------------ SYSCALL ENTRY STOP ------------------
------------------ SYSCALL EXIT START ------------------
PID: 32142
SPID: 32142
Timestamp: 1685713322368385
Return value: 0x0000000000000025
------------------ SYSCALL EXIT STOP ------------------
------------------ SYSCALL ENTRY START ------------------
PID: 32142
SPID: 32142
Timestamp: 1685713322368471
Syscall = fstat (80)
------------------ SYSCALL ENTRY STOP ------------------
------------------ SYSCALL EXIT START ------------------
PID: 32142
SPID: 32142
Timestamp: 1685713322369073
Return value: 000000000000000000
------------------ SYSCALL EXIT STOP ------------------
------------------ SYSCALL ENTRY START ------------------
PID: 32142
SPID: 32142
Timestamp: 1685713322369420
Syscall = mmap (222)
------------------ SYSCALL ENTRY STOP ------------------
------------------ SYSCALL EXIT START ------------------
PID: 32142
SPID: 32142
Timestamp: 1685713322370346
Return value: 0x000000709d67b000
------------------ SYSCALL EXIT STOP ------------------
------------------ SYSCALL ENTRY START ------------------
PID: 32142
SPID: 32142
Timestamp: 1685713322370423
Syscall = prctl (167)
------------------ SYSCALL ENTRY STOP ------------------
------------------ SYSCALL EXIT START ------------------
PID: 32142
SPID: 32142
Timestamp: 1685713322371298
Return value: 000000000000000000
------------------ SYSCALL EXIT STOP ------------------
------------------ SYSCALL ENTRY START ------------------
PID: 32142
SPID: 32142
Timestamp: 1685713322371472
Syscall = munmap (215)
------------------ SYSCALLENTRY STOP ------------------
------------------ SYSCALL EXIT START ------------------
PID: 32142
SPID: 32142
Timestamp: 1685713322371978
Return value: 000000000000000000
------------------ SYSCALL EXIT STOP ------------------
------------------ SYSCALL ENTRY START ------------------
PID: 32142
SPID: 32142
Timestamp: 1685713322372087
Syscall = close (57)
------------------ SYSCALL ENTRY STOP ------------------
------------------ SYSCALL EXIT START ------------------
PID: 32142
SPID: 32142
Timestamp: 1685713322372886
Return value: 000000000000000000
------------------ SYSCALL EXIT STOP ------------------
------------------ SYSCALL ENTRY START ------------------
PID: 32142
SPID: 32142
Timestamp: 1685713322373074
Syscall = mprotect (226)
------------------ SYSCALL ENTRY STOP ------------------
------------------ SYSCALL EXIT START ------------------
PID: 32142
SPID: 32142
Timestamp: 1685713322373454
Return value: 000000000000000000
------------------ SYSCALL EXIT STOP ------------------
------------------ SYSCALL ENTRY START ------------------
PID: 32142
SPID: 32142
Timestamp: 1685713322373546
Syscall = mprotect (226)
------------------ SYSCALL ENTRY STOP ------------------
------------------ SYSCALL EXIT START ------------------
PID: 32142
SPID: 32142
Timestamp: 1685713322374438
Return value: 000000000000000000
------------------ SYSCALL EXIT STOP ------------------
------------------ SYSCALL ENTRY START ------------------
PID: 32142
SPID: 32142
Timestamp: 1685713322374558
Syscall = mprotect (226)
------------------ SYSCALL ENTRY STOP ------------------
------------------ SYSCALL EXIT START ------------------
PID: 32142
SPID: 32142
Timestamp: 1685713322374920
Return value:000000000000000000
------------------ SYSCALL EXIT STOP ------------------
------------------ SYSCALL ENTRY START ------------------
PID: 32142
SPID: 32142
Timestamp: 1685713322375880
Syscall = mprotect (226)
------------------ SYSCALL ENTRY STOP ------------------
------------------ SYSCALL EXIT START ------------------
PID: 32142
SPID: 32142
Timestamp: 1685713322378751
Return value: 000000000000000000
------------------ SYSCALL EXIT STOP ------------------
------------------ SYSCALL ENTRY START ------------------
PID: 32142
SPID: 32142
Timestamp: 1685713322378921
Syscall = munmap (215)
------------------ SYSCALL ENTRY STOP ------------------
------------------ SYSCALL EXIT START ------------------
PID: 32142
SPID: 32142
Timestamp: 1685713322381457
Return value: 000000000000000000
------------------ SYSCALL EXIT STOP ------------------
------------------ SYSCALL ENTRY START ------------------
PID: 32142
SPID: 32142
Timestamp: 1685713322381553
Syscall = prctl (167)
------------------ SYSCALL ENTRY STOP ------------------
------------------ SYSCALL EXIT START ------------------
PID: 32142
SPID: 32142
Timestamp: 1685713322383027
Return value: 0x0000000000000001
------------------ SYSCALL EXIT STOP ------------------
------------------ SYSCALL ENTRY START ------------------
PID: 32142
SPID: 32142
Timestamp: 1685713322386068
Syscall = clock_gettime (113)
------------------ SYSCALLENTRY STOP ------------------
------------------ SYSCALL EXIT START ------------------
PID: 32142
SPID: 32142
Timestamp: 1685713322386424
Return value: 000000000000000000
------------------ SYSCALL EXIT STOP ------------------
------------------ SYSCALL ENTRY START ------------------
PID: 32142
SPID: 32142
Timestamp: 1685713322386516
Syscall = write (64)
------------------ SYSCALL ENTRY STOP ------------------
------------------ SYSCALL EXIT START ------------------
PID: 32142
SPID: 32142
Timestamp: 1685713322387206
Return value: 0x0000000000000008
------------------ SYSCALL EXIT STOP ------------------
------------------ SYSCALL ENTRY START ------------------
PID: 32142
SPID: 32142
Timestamp: 1685713322387272
Syscall = futex (98)
------------------ SYSCALL ENTRY STOP ------------------
------------------ SYSCALL EXIT START ------------------
PID: 32142
SPID: 32142
Timestamp: 1685713322388596
Return value: 0xfffffffffffffff5
------------------ SYSCALL EXIT STOP ------------------
------------------ SYSCALL ENTRY START ------------------
PID: 32142
SPID: 32142
Timestamp: 1685713322388784
Syscall = write (64)
------------------ SYSCALL ENTRY STOP ------------------
------------------ SYSCALL EXIT START ------------------
PID: 32142
SPID: 32142
Timestamp: 1685713322389562
Return value: 0x0000000000000008
------------------ SYSCALL EXIT STOP ------------------
------------------ SYSCALL ENTRY START ------------------
PID: 32142
SPID: 32142
Timestamp: 1685713322389646
Syscall = futex (98)
------------------ SYSCALL ENTRY STOP ------------------
------------------ SYSCALL EXIT START ------------------
PID: 32142
SPID: 32142
Timestamp: 1685713322422608
Return value: 000000000000000000
------------------ SYSCALL EXIT STOP ------------------
------------------ SYSCALL ENTRY START ------------------
PID: 32142
SPID: 32142
Timestamp: 1685713322422926
Syscall = clock_gettime (113)
------------------ SYSCALL ENTRY STOP ------------------
------------------ SYSCALL EXIT START ------------------
PID: 32142
SPID: 32142
Timestamp: 1685713322423697
Return value: 000000000000000000
------------------ SYSCALL EXIT STOP ------------------
------------------ SYSCALL ENTRY START ------------------
PID: 32142
SPID: 32142
Timestamp: 1685713322423915
Syscall = clock_gettime (113)
------------------ SYSCALL ENTRY STOP ------------------
------------------ SYSCALL EXIT START ------------------
PID: 32142
SPID: 32142
Timestamp: 1685713322424446
Return value: 000000000000000000
------------------ SYSCALL EXIT STOP ------------------
------------------ SYSCALL ENTRY START ------------------
PID: 32142
SPID: 32142
Timestamp: 1685713322424577
Syscall = clock_gettime (113)
------------------ SYSCALL ENTRY STOP ------------------
------------------ SYSCALL EXIT START ------------------
PID: 32142
SPID: 32142
Timestamp: 1685713322427397
Return value: 000000000000000000
------------------ SYSCALL EXIT STOP ------------------
------------------ SYSCALL ENTRY START ------------------
PID: 32142
SPID: 32142
Timestamp: 1685713322427465
Syscall = read (63)
------------------ SYSCALL ENTRY STOP ------------------
------------------ SYSCALL EXIT START ------------------
PID: 32142
SPID: 32142
Timestamp: 1685713322427814
Return value: 0x0000000000000030
------------------ SYSCALL EXIT STOP ------------------
------------------ SYSCALL ENTRY START ------------------
PID: 32142
SPID:32142
Timestamp: 1685713322427925
Syscall = getuid (174)
------------------ SYSCALL ENTRY STOP ------------------
------------------ SYSCALL EXIT START ------------------
PID: 32142
SPID: 32142
Timestamp: 1685713322429424
Return value: 0x000000000000285d
------------------ SYSCALL EXIT STOP ------------------
------------------ SYSCALL ENTRY START ------------------
PID: 32142
SPID: 32142
Timestamp: 1685713322429596
Syscall = epoll_pwait (22)
------------------ SYSCALL ENTRY STOP ------------------
------------------ SYSCALL EXIT START ------------------
PID: 32142
SPID: 32142
Timestamp: 1685713322433809
Return value: 0x0000000000000001
------------------ SYSCALL EXIT STOP ------------------
------------------ SYSCALL ENTRY START ------------------
PID: 32142
SPID: 32142
Timestamp: 1685713322434070
Syscall = read (63)
------------------ SYSCALL ENTRY STOP ------------------
------------------ SYSCALL EXIT START ------------------
PID: 32142
SPID: 32142
Timestamp: 1685713322434777
Return value: 0x0000000000000008
------------------ SYSCALL EXIT STOP ------------------
------------------ SYSCALL ENTRY START ------------------
PID: 32142
SPID: 32142
Timestamp: 1685713322434951
Syscall = clock_gettime (113)
------------------ SYSCALL ENTRY STOP ------------------
------------------ SYSCALL EXIT START ------------------
PID: 32142
SPID: 32142
Timestamp: 1685713322435640
Return value: 000000000000000000
------------------ SYSCALL EXIT STOP ------------------
------------------ SYSCALL ENTRY START ------------------
PID: 32142
SPID: 32142
Timestamp: 1685713322435788
Syscall = clock_gettime (113)
------------------ SYSCALL ENTRY STOP ------------------
------------------ SYSCALLEXIT START ------------------
PID: 32142
SPID: 32142
Timestamp: 1685713322436299
Return value: 000000000000000000
------------------ SYSCALL EXIT STOP ------------------
------------------ SYSCALL ENTRY START ------------------
PID: 32142
SPID: 32142
Timestamp: 1685713322436394
Syscall = gettimeofday (169)
------------------ SYSCALL ENTRY STOP ------------------
------------------ SYSCALL EXIT START ------------------
PID: 32142
SPID: 32142
Timestamp: 1685713322437542
Return value: 000000000000000000
------------------ SYSCALL EXIT STOP ------------------
------------------ SYSCALL ENTRY START ------------------
PID: 32142
SPID: 32142
Timestamp: 1685713322437627
Syscall = read (63)
------------------ SYSCALL ENTRY STOP ------------------
------------------ SYSCALL EXIT START ------------------
PID: 32142
SPID: 32142
Timestamp: 1685713322438447
Return value: 0x0000000000000030
------------------ SYSCALL EXIT STOP ------------------
------------------ SYSCALL ENTRY START ------------------
PID: 32142
SPID: 32142
Timestamp: 1685713322438895
Syscall = ioctl (29)
------------------ SYSCALL ENTRY STOP ------------------
------------------ SYSCALL EXIT START ------------------
PID: 32142
SPID: 32142
Timestamp: 1685713322439803
Return value: 000000000000000000
------------------ SYSCALLEXIT STOP ------------------
------------------ SYSCALL ENTRY START ------------------
PID: 32142
SPID: 32142
Timestamp: 1685713322440709
Syscall = clock_gettime (113)
------------------ SYSCALL ENTRY STOP ------------------
------------------ SYSCALL EXIT START ------------------
PID: 32142
SPID: 32142
Timestamp: 1685713322443422
Return value: 000000000000000000
------------------ SYSCALL EXIT STOP ------------------
------------------ SYSCALL ENTRY START ------------------
PID: 32142
SPID: 32142
Timestamp: 1685713322443569
Syscall = read (63)
------------------ SYSCALL ENTRY STOP ------------------
------------------ SYSCALL EXIT START ------------------
PID: 32142
SPID: 32142
Timestamp: 1685713322450285
Return value: 0x0000000000000030
------------------ SYSCALL EXIT STOP ------------------
------------------ SYSCALL ENTRY START ------------------
PID: 32142
SPID: 32142
Timestamp: 1685713322450437
Syscall = getuid (174)
------------------ SYSCALL ENTRY STOP ------------------
------------------ SYSCALL EXIT START ------------------
PID: 32142
SPID: 32142
Timestamp: 1685713322451593
Return value: 0x000000000000285d
------------------ SYSCALL EXIT STOP ------------------
------------------ SYSCALL ENTRY START ------------------
PID: 32142
SPID: 32142
Timestamp: 1685713322456991
Syscall = epoll_pwait (22)
------------------ SYSCALL ENTRY STOP ------------------
------------------ SYSCALL EXIT START ------------------
PID: 32142
SPID: 32142
Timestamp: 1685713322461217
Return value: 000000000000000000
------------------ SYSCALL EXIT STOP ------------------
------------------SYSCALL ENTRY START ------------------
PID: 32142
SPID: 32142
Timestamp: 1685713322461327
Syscall =clock_gettime (113)
------------------ SYSCALL ENTRY STOP ------------------
------------------ SYSCALL EXIT START ------------------
PID: 32142
SPID: 32142
Timestamp: 1685713322467723
Return value: 000000000000000000
------------------ SYSCALL EXIT STOP ------------------
------------------ SYSCALL ENTRY START ------------------
PID: 32142
SPID: 32142
Timestamp: 1685713322469521
Syscall = clock_gettime (113)
------------------ SYSCALL ENTRY STOP ------------------
------------------ SYSCALL EXIT START ------------------
PID: 32142
SPID: 32142
Timestamp: 1685713322470351
Return value: 000000000000000000
------------------ SYSCALL EXIT STOP ------------------
------------------ SYSCALL ENTRYSTART ------------------
PID: 32142
SPID: 32142
Timestamp: 1685713322470590
Syscall = gettimeofday (169)
------------------ SYSCALL ENTRY STOP ------------------
------------------ SYSCALL EXIT START------------------
PID: 32142
SPID: 32142
Timestamp: 1685713322483059
Return value: 000000000000000000
------------------ SYSCALL EXIT STOP ------------------
------------------ SYSCALL ENTRY START ------------------
PID: 32142
SPID: 32142
Timestamp: 1685713322483446
Syscall = read (63)
------------------ SYSCALL ENTRY STOP ------------------
------------------ SYSCALL EXIT START ------------------
PID: 32142
SPID: 32142
Timestamp: 1685713322484338
Return value: 0x0000000000000030
------------------ SYSCALL EXIT STOP ------------------
------------------ SYSCALL ENTRY START ------------------
PID: 32142
SPID: 32142
Timestamp: 1685713322484979
Syscall = clock_gettime (113)
------------------SYSCALL ENTRY STOP ------------------
------------------ SYSCALL EXIT START ------------------
PID:32142
SPID: 32142
Timestamp: 1685713322486162
Return value: 000000000000000000
------------------ SYSCALL EXIT STOP ------------------
------------------ SYSCALL ENTRY START ------------------
PID: 32142
SPID: 32142
Timestamp: 1685713322486594
Syscall = clock_gettime (113)
------------------ SYSCALL ENTRY STOP ------------------
------------------ SYSCALL EXIT START ------------------
PID: 32142
SPID: 32142
Timestamp: 1685713322487306
Return value: 000000000000000000
------------------ SYSCALL EXIT STOP ------------------
------------------ SYSCALL ENTRY START ------------------
PID: 32142
SPID: 32142
Timestamp: 1685713322487970
Syscall = clock_gettime (113)
------------------ SYSCALL ENTRYSTOP ------------------
------------------ SYSCALL EXIT START ------------------
PID: 32142
SPID: 32142
Timestamp: 1685713322488858
Return value: 000000000000000000
------------------ SYSCALL EXIT STOP ------------------
------------------ SYSCALL ENTRY START ------------------
PID: 32142
SPID: 32142
Timestamp: 1685713322488944
Syscall = clock_gettime (113)
------------------ SYSCALL ENTRY STOP ------------------
------------------ SYSCALL EXIT START ------------------
PID: 32142
SPID: 32142
Timestamp: 1685713322489814
Return value: 000000000000000000
------------------ SYSCALL EXIT STOP ------------------
------------------ SYSCALL ENTRY START ------------------
PID: 32142
SPID: 32142
Timestamp: 1685713322490335
Syscall = clock_gettime (113)
------------------ SYSCALL ENTRY STOP ------------------
------------------ SYSCALL EXIT START ------------------
PID: 32142
SPID: 32142
Timestamp: 1685713322491486
Return value: 000000000000000000
------------------ SYSCALL EXIT STOP ------------------
------------------ SYSCALL ENTRY START ------------------
PID: 32142
SPID: 32142
Timestamp: 1685713322491729
Syscall = clock_gettime (113)
------------------ SYSCALL ENTRY STOP ------------------
------------------ SYSCALL EXIT START ------------------
PID: 32142
SPID: 32142
Timestamp: 1685713322503394
Return value: 000000000000000000
------------------ SYSCALL EXIT STOP ------------------
------------------ SYSCALL ENTRY START ------------------
PID: 32142
SPID: 32142
Timestamp: 1685713322503654
Syscall = clock_gettime (113)
------------------ SYSCALL ENTRY STOP ------------------
------------------ SYSCALL EXIT START ------------------
PID: 32142
SPID: 32142
Timestamp: 1685713322504384
Return value: 000000000000000000
------------------ SYSCALL EXIT STOP ------------------
------------------ SYSCALL ENTRY START ------------------
PID: 32142
SPID: 32142
Timestamp: 1685713322504478
Syscall = clock_gettime (113)
------------------ SYSCALL ENTRY STOP ------------------
------------------ SYSCALL EXIT START ------------------
PID: 32142
SPID: 32142
Timestamp: 1685713322505383
Return value: 000000000000000000
------------------ SYSCALL EXIT STOP ------------------
------------------ SYSCALL ENTRY START ------------------
PID: 32142
SPID: 32142
Timestamp: 1685713322505676
Syscall = clock_gettime (113)
------------------ SYSCALL ENTRY STOP ------------------
------------------ SYSCALL EXIT START ------------------
PID: 32142
SPID: 32142
Timestamp: 1685713322506545
Return value: 000000000000000000
------------------ SYSCALL EXIT STOP ------------------
------------------ SYSCALL ENTRY START ------------------
PID: 32142
SPID: 32142
Timestamp: 1685713322506657
Syscall = clock_gettime (113)
------------------ SYSCALL ENTRY STOP ------------------
------------------ SYSCALL EXIT START ------------------
PID: 32142
SPID: 32142
Timestamp: 1685713322507727
Return value: 000000000000000000
------------------ SYSCALL EXIT STOP ------------------
------------------ SYSCALL ENTRY START ------------------
PID: 32142
SPID: 32142
Timestamp: 1685713322507914
Syscall = clock_gettime (113)
------------------ SYSCALL ENTRY STOP ------------------
------------------ SYSCALL EXITSTART ------------------
PID: 32142
SPID: 32142
Timestamp: 1685713322513841
Return value: 000000000000000000
------------------ SYSCALL EXIT STOP ------------------
------------------ SYSCALL ENTRY START ------------------
PID: 32142
SPID: 32142
Timestamp: 1685713322514297
Syscall = clock_gettime (113)
------------------ SYSCALL ENTRY STOP ------------------
------------------ SYSCALL EXIT START ------------------
PID: 32142
SPID: 32142
Timestamp: 1685713322516027
Return value: 000000000000000000
------------------ SYSCALL EXIT STOP ------------------
------------------ SYSCALL ENTRY START ------------------
PID: 32142
SPID: 32142
Timestamp: 1685713322516523
Syscall = clock_gettime (113)
------------------ SYSCALL ENTRY STOP ------------------
------------------ SYSCALL EXIT START ------------------
PID: 32142
SPID: 32142
Timestamp: 1685713322518046
Return value: 000000000000000000
------------------ SYSCALL EXIT STOP ------------------
------------------ SYSCALL ENTRY START ------------------
PID: 32142
SPID: 32142
Timestamp: 1685713322518133
Syscall = clock_gettime (113)
------------------ SYSCALL ENTRY STOP ------------------
------------------ SYSCALL EXIT START ------------------
PID: 32142
SPID: 32142
Timestamp: 1685713322518834
Return value: 000000000000000000
------------------ SYSCALL EXIT STOP ------------------
------------------ SYSCALL ENTRY START ------------------
PID: 32142
SPID: 32142
Timestamp: 1685713322519224
Syscall = clock_gettime (113)
------------------ SYSCALL ENTRY STOP ------------------
------------------ SYSCALL EXIT START ------------------
PID: 32142
SPID: 32142
Timestamp: 1685713322519933
Return value: 000000000000000000
------------------SYSCALL EXIT STOP ------------------
------------------ SYSCALL ENTRY START ------------------
PID:32142
SPID: 32142
Timestamp: 1685713322520009
Syscall = clock_gettime (113)
------------------ SYSCALL ENTRY STOP ------------------
------------------ SYSCALL EXIT START ------------------
PID: 32142
SPID: 32142
Timestamp: 1685713322520858
Return value: 000000000000000000
------------------ SYSCALL EXIT STOP ------------------
------------------ SYSCALL ENTRY START ------------------
PID: 32142
SPID: 32142
Timestamp: 1685713322521090
Syscall = clock_gettime (113)
------------------ SYSCALL ENTRY STOP ------------------
------------------ SYSCALL EXIT START ------------------
PID: 32142
SPID:32142
Timestamp: 1685713322522588
Return value: 000000000000000000
------------------ SYSCALL EXIT STOP ------------------
------------------ SYSCALL ENTRY START ------------------
PID: 32142
SPID: 32142
Timestamp: 1685713322522725
Syscall = clock_gettime (113)
------------------ SYSCALL ENTRY STOP------------------
------------------ SYSCALL EXIT START ------------------
PID: 32142
SPID: 32142
Timestamp: 1685713322523709
Return value: 000000000000000000
------------------ SYSCALL EXIT STOP ------------------
------------------ SYSCALL ENTRY START ------------------
PID: 32142
SPID: 32142
Timestamp: 1685713322524304
Syscall = clock_gettime (113)
------------------ SYSCALL ENTRY STOP ------------------
------------------ SYSCALL EXIT START ------------------
PID: 32142
SPID: 32142
Timestamp: 1685713322525457
Return value: 000000000000000000
------------------ SYSCALL EXIT STOP ------------------
------------------ SYSCALL ENTRY START ------------------
PID: 32142
SPID: 32142
Timestamp: 1685713322526519
Syscall = clock_gettime (113)
------------------ SYSCALL ENTRY STOP ------------------
------------------ SYSCALL EXIT START ------------------
PID: 32142
SPID: 32142
Timestamp: 1685713322529292
Return value: 000000000000000000
------------------ SYSCALL EXIT STOP ------------------
------------------ SYSCALL ENTRY START ------------------
PID: 32142
SPID: 32142
Timestamp: 1685713322531987
Syscall = clock_gettime (113)
------------------ SYSCALL ENTRY STOP ------------------
------------------ SYSCALL EXIT START ------------------
PID: 32142
SPID: 32142
Timestamp: 1685713322533399
Return value: 000000000000000000
------------------ SYSCALL EXIT STOP ------------------
------------------ SYSCALL ENTRY START ------------------
PID: 32142
SPID: 32142
Timestamp: 1685713322533578
Syscall = clock_gettime (113)
------------------ SYSCALL ENTRY STOP ------------------
------------------ SYSCALL EXIT START ------------------
PID: 32142
SPID: 32142
Timestamp: 1685713322534350
Return value: 000000000000000000
------------------ SYSCALL EXIT STOP ------------------
------------------ SYSCALL ENTRY START ------------------
PID: 32142
SPID: 32142
Timestamp: 1685713322535082
Syscall = clock_gettime (113)
------------------ SYSCALL ENTRY STOP ------------------
------------------ SYSCALL EXIT START ------------------
PID: 32142
SPID: 32142
Timestamp: 1685713322536054
Return value: 000000000000000000
------------------ SYSCALL EXIT STOP ------------------
------------------SYSCALL ENTRY START ------------------
PID: 32142
SPID: 32142
Timestamp: 1685713322536269
Syscall =clock_gettime (113)
------------------ SYSCALL ENTRY STOP ------------------
------------------ SYSCALL EXIT START ------------------
PID: 32142
SPID: 32142
Timestamp: 1685713322537380
Return value: 000000000000000000
------------------ SYSCALL EXIT STOP ------------------
------------------ SYSCALL ENTRY START ------------------
PID: 32142
SPID: 32142
Timestamp: 1685713322537715
Syscall = clock_gettime (113)
------------------ SYSCALL ENTRY STOP ------------------
------------------ SYSCALL EXIT START ------------------
PID: 32142
SPID: 32142
Timestamp: 1685713322538603
Return value: 000000000000000000
------------------ SYSCALL EXIT STOP ------------------
------------------ SYSCALL ENTRYSTART ------------------
PID: 32142
SPID: 32142
Timestamp: 1685713322538718
Syscall = clock_gettime(113)
------------------ SYSCALL ENTRY STOP ------------------
------------------ SYSCALL EXIT START ------------------
PID: 32142
SPID: 32142
Timestamp: 1685713322539340
Return value: 000000000000000000
------------------ SYSCALL EXIT STOP ------------------
------------------ SYSCALL ENTRY START ------------------
PID: 32142
SPID: 32142
Timestamp: 1685713322539574
Syscall = clock_gettime (113)
------------------ SYSCALL ENTRY STOP ------------------
------------------ SYSCALL EXIT START ------------------
PID: 32142
SPID: 32142
Timestamp: 1685713322540135
Return value: 000000000000000000
------------------ SYSCALL EXIT STOP ------------------
------------------ SYSCALL ENTRY START ------------------
PID: 32142
SPID: 32142
Timestamp: 1685713322540238
Syscall = clock_gettime (113)
------------------ SYSCALL ENTRY STOP ------------------
------------------ SYSCALL EXIT START ------------------
PID: 32142
SPID: 32142
Timestamp: 1685713322544657
Return value: 000000000000000000
------------------ SYSCALL EXIT STOP ------------------
------------------ SYSCALL ENTRY START ------------------
PID: 32142
SPID: 32142
Timestamp: 1685713322544923
Syscall = clock_gettime (113)
------------------ SYSCALL ENTRY STOP ------------------
------------------ SYSCALL EXIT START ------------------
PID: 32142
SPID: 32142
Timestamp: 1685713322545419
Return value: 000000000000000000
------------------ SYSCALL EXIT STOP ------------------
------------------ SYSCALL ENTRY START ------------------
PID: 32142
SPID: 32142
Timestamp: 1685713322545553
Syscall = clock_gettime (113)
------------------ SYSCALL ENTRY STOP ------------------
------------------ SYSCALL EXIT START ------------------
PID: 32142
SPID: 32142
Timestamp: 1685713322556621
Return value: 000000000000000000
------------------ SYSCALL EXIT STOP ------------------
------------------ SYSCALL ENTRY START ------------------
PID: 32142
SPID: 32142
Timestamp: 1685713322556992
Syscall = clock_gettime (113)
------------------ SYSCALL ENTRY STOP ------------------
------------------ SYSCALL EXIT START ------------------
PID: 32142
SPID: 32142
Timestamp: 1685713322557830
Return value: 000000000000000000
------------------ SYSCALL EXIT STOP ------------------
------------------ SYSCALL ENTRY START ------------------
PID: 32142
SPID:32142
Timestamp: 1685713322557905
Syscall = clock_gettime (113)
------------------ SYSCALL ENTRY STOP ------------------
------------------ SYSCALL EXIT START ------------------
PID: 32142
SPID: 32142
Timestamp: 1685713322559099
Return value: 000000000000000000
------------------ SYSCALL EXIT STOP ------------------
------------------ SYSCALL ENTRY START ------------------
PID: 32142
SPID: 32142
Timestamp: 1685713322559445
Syscall = clock_gettime (113)
------------------ SYSCALL ENTRY STOP ------------------
------------------ SYSCALL EXIT START ------------------
PID: 32142
SPID: 32142
Timestamp: 1685713322560420
Return value: 000000000000000000
------------------ SYSCALL EXIT STOP ------------------
------------------ SYSCALL ENTRY START ------------------
PID: 32142
SPID: 32142
Timestamp: 1685713322560562
Syscall = clock_gettime (113)
------------------ SYSCALL ENTRY STOP ------------------
------------------ SYSCALL EXIT START ------------------
PID: 32142
SPID: 32142
Timestamp: 1685713322561353
Return value: 000000000000000000
------------------ SYSCALL EXIT STOP ------------------
------------------ SYSCALL ENTRY START ------------------
PID: 32142
SPID: 32142
Timestamp: 1685713322563071
Syscall = clock_gettime (113)
------------------ SYSCALL ENTRY STOP ------------------
------------------ SYSCALL EXIT START ------------------
PID: 32142
SPID: 32142
Timestamp: 1685713322565538
Return value: 000000000000000000
------------------ SYSCALL EXIT STOP ------------------
------------------ SYSCALL ENTRY START ------------------
PID: 32142
SPID: 32142
Timestamp: 1685713322565782
Syscall = clock_gettime (113)
------------------ SYSCALL ENTRY STOP ------------------
------------------ SYSCALL EXIT START ------------------
PID: 32142
SPID: 32142
Timestamp: 1685713322568357
Return value: 000000000000000000
------------------ SYSCALL EXIT STOP ------------------
------------------ SYSCALL ENTRY START ------------------
PID: 32142
SPID: 32142
Timestamp: 1685713322568543
Syscall = clock_gettime (113)
------------------ SYSCALL ENTRY STOP ------------------
------------------ SYSCALL EXIT START ------------------
PID: 32142
SPID: 32142
Timestamp: 1685713322569570
Return value: 000000000000000000
------------------ SYSCALL EXIT STOP ------------------
------------------ SYSCALL ENTRY START ------------------
PID: 32142
SPID: 32142
Timestamp: 1685713322569816
Syscall= clock_gettime (113)
------------------ SYSCALL ENTRY STOP ------------------
------------------ SYSCALL EXIT START ------------------
PID: 32142
SPID: 32142
Timestamp: 1685713322570404
Return value: 000000000000000000
------------------ SYSCALL EXIT STOP ------------------
------------------ SYSCALL ENTRY START ------------------
PID: 32142
SPID: 32142
Timestamp: 1685713322570748
Syscall = clock_gettime (113)
------------------ SYSCALL ENTRY STOP ------------------
------------------ SYSCALL EXIT START ------------------
PID: 32142
SPID: 32142
Timestamp: 1685713322571691
Return value: 000000000000000000
------------------ SYSCALL EXIT STOP ------------------
------------------ SYSCALL ENTRY START ------------------
PID: 32142
SPID: 32142
Timestamp: 1685713322571770
Syscall = clock_gettime (113)
------------------ SYSCALL ENTRY STOP ------------------
------------------ SYSCALL EXIT START ------------------
PID: 32142
SPID: 32142
Timestamp: 1685713322572464
Return value: 000000000000000000
------------------ SYSCALL EXIT STOP ------------------
------------------ SYSCALL ENTRY START ------------------
PID: 32142
SPID: 32142
Timestamp: 1685713322572665
Syscall = clock_gettime (113)
------------------ SYSCALL ENTRY STOP ------------------
------------------ SYSCALL EXIT START ------------------
PID: 32142
SPID: 32142
Timestamp: 1685713322573271
Return value: 000000000000000000
------------------ SYSCALL EXIT STOP ------------------
------------------ SYSCALL ENTRY START ------------------
PID: 32142
SPID: 32142
Timestamp: 1685713322573423
Syscall = clock_gettime (113)
------------------ SYSCALL ENTRY STOP ------------------
------------------ SYSCALL EXIT START ------------------
PID: 32142
SPID: 32142
Timestamp: 1685713322574346
Return value: 000000000000000000
------------------ SYSCALL EXIT STOP ------------------
------------------ SYSCALL ENTRY START ------------------
PID: 32142
SPID: 32142
Timestamp: 1685713322574740
Syscall = clock_gettime (113)
------------------ SYSCALL ENTRY STOP ------------------
------------------ SYSCALL EXIT START ------------------
PID: 32142
SPID: 32142
Timestamp: 1685713322578361
Return value: 000000000000000000
------------------ SYSCALL EXIT STOP ------------------
------------------ SYSCALL ENTRY START ------------------
PID: 32142
SPID: 32142
Timestamp: 1685713322578592
Syscall = clock_gettime (113)
------------------ SYSCALL ENTRY STOP ------------------
------------------ SYSCALL EXIT START ------------------
PID: 32142
SPID: 32142
Timestamp: 1685713322580335
Return value: 000000000000000000
------------------ SYSCALL EXIT STOP ------------------
------------------ SYSCALL ENTRY START ------------------
PID: 32142
SPID: 32142
Timestamp: 1685713322580580
Syscall = clock_gettime (113)
------------------ SYSCALLENTRY STOP ------------------
------------------ SYSCALL EXIT START ------------------
PID: 32142
SPID: 32142
Timestamp: 1685713322587283
Return value: 000000000000000000
------------------ SYSCALL EXIT STOP ------------------
------------------ SYSCALL ENTRY START ------------------
PID: 32142
SPID: 32142
Timestamp: 1685713322587383
Syscall = clock_gettime (113)
------------------ SYSCALL ENTRY STOP ------------------
------------------ SYSCALL EXIT START ------------------
PID: 32142
SPID: 32142
Timestamp: 1685713322588409
Return value: 000000000000000000
------------------ SYSCALL EXIT STOP ------------------
------------------ SYSCALL ENTRY START ------------------
PID: 32142
SPID: 32142
Timestamp: 1685713322591190
Syscall = clock_gettime (113)
------------------ SYSCALL ENTRY STOP ------------------
------------------ SYSCALL EXIT START ------------------
PID: 32142
SPID: 32142
Timestamp: 1685713322596245
Return value: 000000000000000000
------------------ SYSCALL EXIT STOP ------------------
------------------ SYSCALL ENTRY START ------------------
PID: 32142
SPID: 32142
Timestamp: 1685713322596326
Syscall = clock_gettime (113)
------------------ SYSCALL ENTRY STOP ------------------
------------------ SYSCALL EXIT START ------------------
PID: 32142
SPID: 32142
Timestamp:1685713322597423
Return value: 000000000000000000
------------------ SYSCALL EXIT STOP ------------------
------------------ SYSCALL ENTRY START ------------------
PID: 32142
SPID: 32142
Timestamp: 1685713322597610
Syscall = clock_gettime (113)
------------------ SYSCALL ENTRY STOP ------------------
------------------ SYSCALL EXIT START ------------------
PID: 32142
SPID: 32142
Timestamp: 1685713322598371
Return value: 000000000000000000
------------------ SYSCALL EXIT STOP ------------------
------------------ SYSCALL ENTRY START ------------------
PID: 32142
SPID: 32142
Timestamp: 1685713322598480
Syscall = clock_gettime (113)
------------------ SYSCALL ENTRY STOP ------------------
------------------ SYSCALL EXIT START ------------------
PID: 32142
SPID: 32142
Timestamp: 1685713322599643
Return value: 000000000000000000
------------------ SYSCALL EXIT STOP ------------------
------------------ SYSCALL ENTRY START ------------------
PID: 32142
SPID: 32142
Timestamp: 1685713322601012
Syscall = clock_gettime (113)
------------------ SYSCALL ENTRY STOP ------------------
------------------ SYSCALL EXIT START ------------------
PID: 32142
SPID: 32142
Timestamp: 1685713322602211
Return value: 000000000000000000
------------------ SYSCALL EXIT STOP ------------------
------------------ SYSCALL ENTRY START ------------------
PID: 32142
SPID: 32142
Timestamp: 1685713322602301
Syscall = clock_gettime (113)
------------------ SYSCALL ENTRY STOP ------------------
------------------SYSCALL EXIT START ------------------
PID: 32142
SPID: 32142
Timestamp: 1685713322603512
Return value: 000000000000000000
------------------ SYSCALL EXIT STOP ------------------
------------------ SYSCALL ENTRY START ------------------
PID: 32142
SPID: 32142
Timestamp: 1685713322603774
Syscall = clock_gettime (113)
------------------ SYSCALL ENTRY STOP ------------------
------------------ SYSCALL EXIT START ------------------
PID: 32142
SPID: 32142
Timestamp: 1685713322604716
Return value: 000000000000000000
------------------ SYSCALL EXIT STOP ------------------
------------------ SYSCALL ENTRY START ------------------
PID: 32142
SPID: 32142
Timestamp: 1685713322604847
Syscall = clock_gettime (113)
------------------ SYSCALL ENTRY STOP ------------------
------------------ SYSCALL EXIT START ------------------
PID: 32142
SPID: 32142
Timestamp: 1685713322605879
Return value: 000000000000000000
------------------ SYSCALL EXIT STOP ------------------
------------------ SYSCALL ENTRY START ------------------
PID: 32142
SPID: 32142
Timestamp: 1685713322606135
Syscall = clock_gettime (113)
------------------ SYSCALL ENTRY STOP ------------------
------------------ SYSCALL EXIT START ------------------
PID: 32142
SPID: 32142
Timestamp: 1685713322607034
Return value: 000000000000000000
------------------ SYSCALL EXIT STOP ------------------
------------------ SYSCALL ENTRY START ------------------
PID: 32142
SPID: 32142
Timestamp: 1685713322607108
Syscall = clock_gettime (113)
------------------ SYSCALL ENTRY STOP ------------------
------------------ SYSCALL EXIT START ------------------
PID: 32142
SPID: 32142
Timestamp: 1685713322607759
Return value: 000000000000000000
------------------ SYSCALL EXIT STOP ------------------
------------------ SYSCALL ENTRY START ------------------
PID: 32142
SPID: 32142
Timestamp: 1685713322608117
Syscall = clock_gettime (113)
------------------ SYSCALL ENTRY STOP ------------------
------------------ SYSCALL EXIT START ------------------
PID: 32142
SPID: 32142
Timestamp: 1685713322608727
Return value: 000000000000000000
------------------ SYSCALL EXIT STOP ------------------
------------------ SYSCALL ENTRY START ------------------
PID: 32142
SPID: 32142
Timestamp: 1685713322609147
Syscall = clock_gettime (113)
------------------ SYSCALL ENTRY STOP ------------------
------------------ SYSCALL EXIT START ------------------
PID: 32142
SPID: 32142
Timestamp: 1685713322613011
Return value: 000000000000000000
------------------ SYSCALL EXIT STOP ------------------
------------------ SYSCALL ENTRY START ------------------
PID: 32142
SPID: 32142
Timestamp: 1685713322613471
Syscall = clock_gettime (113)
------------------ SYSCALL ENTRY STOP ------------------
------------------ SYSCALL EXIT START ------------------
PID: 32142
SPID: 32142
Timestamp: 1685713322615664
Return value: 000000000000000000
------------------ SYSCALLEXIT STOP ------------------
------------------ SYSCALL ENTRY START ------------------
PID: 32142
SPID: 32142
Timestamp: 1685713322615745
Syscall = clock_gettime (113)
------------------ SYSCALL ENTRY STOP ------------------
------------------ SYSCALL EXIT START ------------------
PID: 32142
SPID: 32142
Timestamp: 1685713322617720
Return value: 000000000000000000
------------------ SYSCALL EXIT STOP ------------------
------------------ SYSCALL ENTRY START ------------------
PID: 32142
SPID: 32142
Timestamp: 1685713322618065
Syscall = clock_gettime (113)
------------------ SYSCALL ENTRY STOP ------------------
------------------ SYSCALL EXIT START ------------------
PID: 32142
SPID: 32142
Timestamp: 1685713322618704
Return value: 000000000000000000
------------------ SYSCALL EXIT STOP ------------------
------------------ SYSCALL ENTRY START ------------------
PID: 32142
SPID: 32142
Timestamp: 1685713322618837
Syscall = clock_gettime (113)
------------------ SYSCALL ENTRY STOP ------------------
------------------ SYSCALL EXIT START ------------------
PID: 32142
SPID: 32142
Timestamp: 1685713322619732
Return value: 000000000000000000
------------------ SYSCALL EXIT STOP ------------------
------------------ SYSCALL ENTRY START ------------------
PID: 32142
SPID: 32142
