------------------ SYSCALL ENTRY STOP ------------------
------------------ SYSCALL EXIT START ------------------
PID: 25320
SPID: 25320
Timestamp: 1688553536345773
Return value: 000000000000000000
------------------ SYSCALL EXIT STOP ------------------
------------------ SYSCALL ENTRY START ------------------
PID: 25320
SPID: 25320
Timestamp: 1688553536345895
Syscall = clock_gettime (113)
------------------ SYSCALL ENTRY STOP ------------------
------------------ SYSCALL EXIT START ------------------
PID: 25320
SPID: 25320
Timestamp: 1688553536346086
Return value: 000000000000000000
------------------ SYSCALL EXIT STOP ------------------
------------------ SYSCALL ENTRY START ------------------
PID: 25320
SPID: 25320
Timestamp: 1688553536346516
Syscall = clock_gettime (113)
------------------ SYSCALL ENTRY STOP ------------------
------------------ SYSCALL EXIT START ------------------
PID: 25320
SPID: 25320
Timestamp: 1688553536346756
Return value: 000000000000000000
