------------------ SYSCALL ENTRY START ------------------
PID: 30820
SPID: 30820
Timestamp: 1685712782269798
Syscall = ioctl (29)
------------------ SYSCALL ENTRY STOP ------------------
------------------ SYSCALL EXIT START ------------------
PID: 30820
SPID: 30820
Timestamp: 1685712782271518
Return value: 000000000000000000
------------------ SYSCALL EXIT STOP ------------------
------------------ SYSCALL ENTRY START ------------------
PID: 30820
SPID: 30820
Timestamp: 1685712782271613
Syscall = clock_gettime (113)
------------------ SYSCALL ENTRY STOP ------------------
------------------ SYSCALL EXIT START ------------------
PID: 30820
SPID: 30820
Timestamp: 1685712782272458
Return value: 000000000000000000
------------------ SYSCALL EXIT STOP ------------------
------------------ SYSCALL ENTRY START ------------------
PID: 30820
SPID: 30820
Timestamp: 1685712782272622
Syscall = ioctl (29)
------------------ SYSCALL ENTRY STOP ------------------
------------------ SYSCALL EXIT START ------------------
PID: 30820
SPID: 30820
Timestamp: 1685712782273684
Return value: 000000000000000000
------------------ SYSCALL EXIT STOP ------------------
------------------ SYSCALL ENTRY START------------------
PID: 30820
SPID: 30820
Timestamp: 1685712782274954
Syscall = ioctl (29)
------------------ SYSCALL ENTRY STOP ------------------
------------------ SYSCALL EXIT START ------------------
PID: 30820
SPID: 30820
Timestamp: 1685712782281730
Return value: 000000000000000000
------------------ SYSCALL EXIT STOP ------------------
------------------ SYSCALL ENTRY START ------------------
PID: 30820
SPID: 30820
Timestamp: 1685712782286279
Syscall = clock_gettime (113)
------------------ SYSCALL ENTRY STOP ------------------
------------------ SYSCALL EXIT START ------------------
PID: 30820
SPID: 30820
Timestamp: 1685712782288190
Return value: 000000000000000000
------------------ SYSCALL EXIT STOP ------------------
------------------ SYSCALL ENTRY START ------------------
PID: 30820
SPID: 30820
Timestamp: 1685712782288290
Syscall = read (63)
------------------ SYSCALL ENTRYSTOP ------------------
------------------ SYSCALL EXIT START ------------------
PID: 30820
SPID: 30820
Timestamp: 1685712782289201
Return value: 0x0000000000000030
------------------ SYSCALL EXIT STOP ------------------
------------------ SYSCALL ENTRY START ------------------
PID: 30820
SPID: 30820
Timestamp: 1685712782289380
Syscall = getuid (174)
------------------ SYSCALL ENTRY STOP ------------------
------------------ SYSCALL EXIT START ------------------
PID: 30820
SPID: 30820
Timestamp: 1685712782290008
Return value: 0x000000000000285d
------------------ SYSCALL EXIT STOP ------------------
------------------ SYSCALL ENTRY START ------------------
PID: 30820
SPID: 30820
Timestamp: 1685712782290083
Syscall = epoll_pwait (22)
------------------ SYSCALL ENTRY STOP ------------------
------------------ SYSCALL EXIT START ------------------
PID: 30820
SPID: 30820
Timestamp: 1685712782290801
Return value: 0x0000000000000001
------------------ SYSCALL EXIT STOP ------------------
------------------ SYSCALL ENTRY START ------------------
PID: 30820
SPID: 30820
Timestamp: 1685712782290900
Syscall = recvfrom (207)
------------------ SYSCALL ENTRY STOP ------------------
------------------ SYSCALL EXIT START ------------------
PID: 30820
SPID: 30820
Timestamp: 1685712782291738
Return value: 0x0000000000000040
------------------ SYSCALL EXIT STOP ------------------
------------------ SYSCALL ENTRY START ------------------
PID: 30820
SPID: 30820
Timestamp: 1685712782291823
Syscall = recvfrom (207)
------------------ SYSCALL ENTRY STOP ------------------
------------------ SYSCALL EXIT START ------------------
PID: 30820
SPID: 30820
Timestamp: 1685712782293542
Return value: 0xfffffffffffffff5
------------------ SYSCALL EXIT STOP ------------------
------------------ SYSCALLENTRY START ------------------
PID: 30820
SPID: 30820
Timestamp: 1685712782293756
Syscall = clock_gettime (113)
------------------ SYSCALL ENTRY STOP ------------------
------------------ SYSCALL EXIT START ------------------
PID: 30820
SPID: 30820
Timestamp: 1685712782297533
Return value: 000000000000000000
------------------ SYSCALL EXIT STOP ------------------
------------------ SYSCALL ENTRY START ------------------
PID: 30820
SPID: 30820
Timestamp: 1685712782297694
Syscall = clock_gettime (113)
------------------ SYSCALL ENTRY STOP ------------------
------------------ SYSCALL EXIT START------------------
PID: 30820
SPID: 30820
Timestamp: 1685712782298412
Return value: 000000000000000000
------------------ SYSCALL EXIT STOP ------------------
------------------ SYSCALL ENTRY START ------------------
PID: 30820
SPID: 30820
Timestamp: 1685712782298511
Syscall = gettimeofday (169)
------------------ SYSCALL ENTRY STOP ------------------
------------------ SYSCALL EXIT START ------------------
PID: 30820
SPID: 30820
Timestamp: 1685712782299400
Return value: 000000000000000000
------------------ SYSCALL EXIT STOP ------------------
------------------ SYSCALL ENTRY START ------------------
PID: 30820
SPID: 30820
Timestamp: 1685712782299545
Syscall = clock_gettime (113)
------------------ SYSCALL ENTRY STOP ------------------
------------------ SYSCALL EXIT START ------------------
PID: 30820
SPID: 30820
Timestamp: 1685712782299893
Return value: 000000000000000000
------------------ SYSCALL EXIT STOP ------------------
------------------ SYSCALL ENTRY START ------------------
PID: 30820
SPID: 30820
Timestamp: 1685712782299977
Syscall = clock_gettime (113)
------------------ SYSCALL ENTRY STOP ------------------
------------------ SYSCALL EXIT START ------------------
PID: 30820
SPID: 30820
Timestamp: 1685712782301211
Return value: 000000000000000000
------------------SYSCALL EXIT STOP ------------------
------------------ SYSCALL ENTRY START ------------------
PID:30820
SPID: 30820
Timestamp: 1685712782301358
Syscall = gettimeofday (169)
------------------ SYSCALL ENTRY STOP ------------------
------------------ SYSCALL EXIT START ------------------
PID: 30820
SPID: 30820
Timestamp: 1685712782302545
Return value: 000000000000000000
------------------ SYSCALLEXIT STOP ------------------
------------------ SYSCALL ENTRY START ------------------
PID: 30820
SPID: 30820
Timestamp: 1685712782302797
Syscall = read (63)
------------------ SYSCALL ENTRY STOP ------------------
------------------ SYSCALL EXIT START ------------------
PID: 30820
SPID: 30820
Timestamp: 1685712782303567
Return value: 0x0000000000000030
------------------ SYSCALL EXIT STOP ------------------
------------------ SYSCALL ENTRY START ------------------
PID: 30820
SPID: 30820
Timestamp: 1685712782303973
Syscall = clock_gettime (113)
------------------ SYSCALL ENTRY STOP ------------------
------------------ SYSCALL EXIT START ------------------
PID: 30820
SPID: 30820
Timestamp: 1685712782304601
Return value: 000000000000000000
------------------ SYSCALL EXIT STOP ------------------
------------------ SYSCALL ENTRY START ------------------
PID: 30820
SPID: 30820
Timestamp: 1685712782304682
Syscall = getuid (174)
------------------ SYSCALL ENTRY STOP ------------------
------------------ SYSCALL EXIT START ------------------
PID: 30820
SPID: 30820
Timestamp: 1685712782305288
Return value: 0x000000000000285d
------------------ SYSCALL EXIT STOP ------------------
------------------ SYSCALL ENTRY START ------------------
PID: 30820
SPID: 30820
Timestamp: 1685712782305359
Syscall = writev (66)
------------------ SYSCALL ENTRY STOP ------------------
------------------ SYSCALL EXIT START ------------------
PID: 30820
SPID: 30820
Timestamp: 1685712782306011
Return value: 0x0000000000000066
------------------ SYSCALL EXIT STOP ------------------
------------------ SYSCALL ENTRY START ------------------
PID: 30820
SPID: 30820
Timestamp: 1685712782306551
Syscall = clock_gettime (113)
------------------ SYSCALL ENTRY STOP ------------------
------------------ SYSCALL EXIT START ------------------
PID: 30820
SPID: 30820
Timestamp: 1685712782307201
Return value: 000000000000000000
------------------ SYSCALL EXIT STOP ------------------
------------------ SYSCALL ENTRY START ------------------
PID: 30820
SPID: 30820
Timestamp: 1685712782307274
Syscall = read (63)
------------------ SYSCALL ENTRY STOP ------------------
------------------ SYSCALL EXIT START ------------------
PID: 30820
SPID: 30820
Timestamp: 1685712782307993
Return value: 0x0000000000000030
------------------ SYSCALL EXIT STOP ------------------
------------------ SYSCALL ENTRY START ------------------
PID: 30820
SPID: 30820
Timestamp: 1685712782308825
Syscall = clock_gettime (113)
------------------ SYSCALL ENTRY STOP ------------------
------------------ SYSCALL EXIT START ------------------
PID: 30820
SPID: 30820
Timestamp: 1685712782309869
Return value: 000000000000000000
------------------ SYSCALL EXIT STOP ------------------
------------------ SYSCALL ENTRY START ------------------
PID: 30820
SPID: 30820
Timestamp: 1685712782309962
Syscall = getuid (174)
------------------ SYSCALL ENTRY STOP ------------------
------------------ SYSCALL EXIT START ------------------
PID: 30820
SPID: 30820
Timestamp: 1685712782311135
Return value: 0x000000000000285d
------------------ SYSCALL EXIT STOP ------------------
------------------ SYSCALL ENTRY START ------------------
PID: 30820
SPID: 30820
Timestamp: 1685712782311356
Syscall = writev (66)
------------------ SYSCALL ENTRY STOP------------------
------------------ SYSCALL EXIT START ------------------
PID: 30820
SPID: 30820
Timestamp: 1685712782311585
Return value: 0x0000000000000109
------------------ SYSCALL EXIT STOP ------------------
------------------ SYSCALL ENTRY START ------------------
PID: 30820
SPID: 30820
Timestamp: 1685712782311630
Syscall = futex (98)
------------------ SYSCALL ENTRY STOP ------------------
------------------ SYSCALL EXIT START ------------------
PID: 30820
SPID: 30820
Timestamp: 1685712782311893
Return value: 0x0000000000000001
------------------ SYSCALL EXIT STOP ------------------
------------------ SYSCALL ENTRY START ------------------
PID: 30820
SPID: 30820
Timestamp: 1685712782311972
Syscall = getuid (174)
------------------ SYSCALL ENTRY STOP ------------------
------------------ SYSCALL EXIT START ------------------
PID: 30820
SPID: 30820
Timestamp: 1685712782312193
Return value: 0x000000000000285d
------------------ SYSCALL EXIT STOP ------------------
------------------ SYSCALL ENTRY START ------------------
PID: 30820
SPID: 30820
Timestamp: 1685712782312254
Syscall = epoll_pwait (22)
------------------ SYSCALL ENTRY STOP ------------------
------------------ SYSCALL EXIT START ------------------
PID: 30820
SPID: 30820
Timestamp: 1685712782312463
Return value: 000000000000000000
------------------ SYSCALL EXIT STOP ------------------
------------------ SYSCALL ENTRY START ------------------
PID: 30820
SPID: 30820
Timestamp: 1685712782312498
Syscall = clock_gettime (113)
PID: 31237
SPID: 31237
Timestamp: 1685713009302211
Syscall = clock_gettime (113)
------------------ SYSCALL ENTRY STOP ------------------
------------------ SYSCALL EXIT START ------------------
PID: 31237
SPID: 31237
Timestamp: 1685713009302727
Return value: 000000000000000000
------------------ SYSCALL EXIT STOP ------------------
------------------ SYSCALL ENTRY START ------------------
PID: 31237
SPID: 31237
Timestamp: 1685713009302793
Syscall = clock_gettime (113)
------------------ SYSCALL ENTRY STOP ------------------
------------------ SYSCALL EXIT START ------------------
PID: 31237
SPID: 31237
Timestamp: 1685713009303400
Return value: 000000000000000000
------------------ SYSCALL EXIT STOP ------------------
------------------ SYSCALL ENTRY START ------------------
PID: 31237
SPID: 31237
Timestamp: 1685713009303505
Syscall = clock_gettime (113)
------------------ SYSCALL ENTRY STOP ------------------
------------------ SYSCALL EXIT START ------------------
PID: 31237
SPID: 31237
Timestamp: 1685713009304110
Return value: 000000000000000000
------------------ SYSCALL EXIT STOP ------------------
------------------ SYSCALL ENTRY START ------------------
PID: 31237
SPID: 31237
Timestamp: 1685713009304159
Syscall = clock_gettime (113)
------------------ SYSCALL ENTRY STOP ------------------
------------------ SYSCALL EXIT START ------------------
PID: 31237
SPID: 31237
Timestamp: 1685713009304485
Return value: 000000000000000000
------------------ SYSCALLEXIT STOP ------------------
------------------ SYSCALL ENTRY START ------------------
PID: 31237
SPID: 31237
Timestamp: 1685713009304572
Syscall = clock_gettime (113)
------------------ SYSCALL ENTRY STOP ------------------
------------------ SYSCALL EXIT START ------------------
PID: 31237
SPID: 31237
Timestamp: 1685713009305211
Return value: 000000000000000000
------------------ SYSCALL EXIT STOP ------------------
------------------ SYSCALL ENTRY START ------------------
PID: 31237
SPID: 31237
Timestamp: 1685713009305271
Syscall = clock_gettime (113)
------------------ SYSCALL ENTRY STOP ------------------
------------------ SYSCALL EXIT START ------------------
PID: 31237
SPID: 31237
Timestamp: 1685713009305837
Return value: 000000000000000000
------------------ SYSCALL EXIT STOP ------------------
------------------ SYSCALL ENTRY START ------------------
PID: 31237
SPID: 31237
Timestamp: 1685713009306518
Syscall = clock_gettime (113)
------------------ SYSCALL ENTRY STOP ------------------
------------------ SYSCALL EXIT START ------------------
PID: 31237
SPID: 31237
Timestamp: 1685713009307258
Return value: 000000000000000000
------------------ SYSCALL EXIT STOP ------------------
------------------ SYSCALL ENTRY START ------------------
PID: 31237
SPID: 31237
Timestamp:1685713009307310
Syscall = clock_gettime (113)
------------------ SYSCALL ENTRY STOP ------------------
------------------ SYSCALL EXIT START ------------------
PID: 31237
SPID: 31237
Timestamp: 1685713009308091
Return value: 000000000000000000
------------------ SYSCALL EXIT STOP ------------------
------------------ SYSCALL ENTRY START ------------------
PID: 31237
SPID: 31237
Timestamp: 1685713009308741
Syscall = clock_gettime (113)
------------------ SYSCALL ENTRY STOP ------------------
------------------ SYSCALL EXIT START ------------------
PID: 31237
SPID: 31237
Timestamp: 1685713009309346
Return value: 000000000000000000
------------------ SYSCALL EXIT STOP ------------------
------------------ SYSCALL ENTRY START ------------------
PID: 31237
SPID: 31237
Timestamp: 1685713009311873
Syscall = clock_gettime (113)
------------------ SYSCALL ENTRY STOP ------------------
------------------ SYSCALL EXIT START ------------------
PID: 31237
SPID: 31237
Timestamp: 1685713009312652
Return value: 000000000000000000
------------------ SYSCALL EXIT STOP ------------------
------------------ SYSCALL ENTRY START ------------------
PID: 31237
SPID: 31237
Timestamp: 1685713009312720
Syscall = ioctl (29)
------------------ SYSCALL ENTRY STOP ------------------
------------------ SYSCALL EXIT START ------------------
PID: 31237
SPID: 31237
Timestamp: 1685713009322689
Return value: 000000000000000000
------------------ SYSCALL EXIT STOP ------------------
------------------ SYSCALL ENTRY START ------------------
PID: 31237
SPID: 31237
Timestamp: 1685713009325248
Syscall = clock_gettime (113)
------------------ SYSCALL ENTRY STOP ------------------
------------------ SYSCALL EXIT START ------------------
PID: 31237
SPID: 31237
Timestamp: 1685713009327483
Return value: 000000000000000000
------------------ SYSCALL EXIT STOP ------------------
------------------ SYSCALL ENTRY START ------------------
PID: 31237
SPID: 31237
Timestamp: 1685713009329021
Syscall = ioctl (29)
------------------ SYSCALL ENTRY STOP ------------------
------------------ SYSCALL EXIT START ------------------
PID: 31237
SPID: 31237
Timestamp: 1685713009334301
Return value: 000000000000000000
------------------ SYSCALL EXIT STOP ------------------
------------------ SYSCALL ENTRY START ------------------
PID: 31237
SPID: 31237
Timestamp: 1685713009334376
Syscall = ioctl (29)
------------------ SYSCALL ENTRY STOP ------------------
------------------ SYSCALL EXIT START ------------------
PID: 31237
SPID: 31237
Timestamp: 1685713009334784
Return value: 000000000000000000
------------------ SYSCALL EXIT STOP ------------------
------------------ SYSCALL ENTRY START ------------------
PID: 31237
SPID: 31237
Timestamp: 1685713009334856
Syscall = ioctl (29)
------------------ SYSCALL ENTRY STOP------------------
------------------ SYSCALL EXIT START ------------------
PID: 31237
SPID: 31237
Timestamp: 1685713009335180
Return value: 000000000000000000
------------------ SYSCALL EXIT STOP ------------------
------------------ SYSCALL ENTRY START ------------------
PID: 31237
SPID: 31237
Timestamp: 1685713009335278
Syscall = ioctl (29)
------------------ SYSCALL ENTRY STOP ------------------
------------------ SYSCALL EXIT START ------------------
PID: 31237
SPID: 31237
Timestamp: 1685713009335966
Return value: 000000000000000000
------------------ SYSCALL EXIT STOP ------------------
------------------ SYSCALL ENTRY START ------------------
PID: 31237
SPID: 31237
Timestamp: 1685713009336054
Syscall = getuid (174)
------------------ SYSCALL ENTRY STOP ------------------
------------------ SYSCALL EXIT START ------------------
PID: 31237
SPID: 31237
Timestamp: 1685713009336462
Return value: 0x000000000000285d
------------------ SYSCALL EXIT STOP ------------------
------------------ SYSCALL ENTRY START ------------------
PID: 31237
SPID: 31237
Timestamp: 1685713009336517
Syscall = prctl (167)
------------------ SYSCALL ENTRY STOP ------------------
------------------ SYSCALL EXIT START ------------------
PID: 31237
SPID: 31237
Timestamp: 1685713009336916
Return value: 0x0000000000000001
------------------ SYSCALL EXIT STOP ------------------
------------------ SYSCALL ENTRY START ------------------
PID: 31237
SPID: 31237
Timestamp: 1685713009337084
Syscall = mprotect (226)
------------------ SYSCALL ENTRY STOP ------------------
------------------ SYSCALL EXIT START------------------
PID: 31237
SPID: 31237
Timestamp: 1685713009337685
Return value: 000000000000000000
------------------ SYSCALL EXIT STOP ------------------
------------------ SYSCALL ENTRY START ------------------
PID: 31237
SPID: 31237
Timestamp: 1685713009337795
Syscall = mprotect (226)
------------------ SYSCALL ENTRY STOP ------------------
------------------ SYSCALL EXIT START ------------------
PID: 31237
SPID: 31237
Timestamp: 1685713009338533
Return value: 000000000000000000
------------------ SYSCALL EXIT STOP ------------------
------------------ SYSCALL ENTRY START ------------------
PID: 31237
SPID: 31237
Timestamp: 1685713009338651
Syscall = mprotect (226)
------------------SYSCALL ENTRY STOP ------------------
------------------ SYSCALL EXIT START ------------------
PID:31237
SPID: 31237
Timestamp: 1685713009339979
Return value: 000000000000000000
------------------ SYSCALL EXIT STOP ------------------
------------------ SYSCALL ENTRY START ------------------
PID: 31237
SPID: 31237
Timestamp: 1685713009340070
Syscall = mprotect (226)
------------------ SYSCALL ENTRY STOP ------------------
------------------ SYSCALL EXIT START ------------------
PID: 31237
SPID:31237
Timestamp: 1685713009340841
Return value: 000000000000000000
------------------ SYSCALL EXIT STOP ------------------
------------------ SYSCALL ENTRY START ------------------
PID: 31237
SPID: 31237
Timestamp: 1685713009340928
Syscall = mmap (222)
------------------ SYSCALL ENTRY STOP ------------------
------------------ SYSCALL EXIT START ------------------
PID: 31237
SPID: 31237
Timestamp: 1685713009341672
Return value: 0x000000708fc54000
------------------ SYSCALL EXIT STOP ------------------
------------------ SYSCALL ENTRY START ------------------
PID: 31237
SPID: 31237
Timestamp: 1685713009341790
Syscall = prctl (167)
------------------ SYSCALL ENTRY STOP ------------------
------------------ SYSCALL EXIT START ------------------
PID: 31237
SPID: 31237
Timestamp: 1685713009342619
Return value: 000000000000000000
------------------ SYSCALL EXIT STOP ------------------
------------------ SYSCALL ENTRY START ------------------
PID: 31237
SPID: 31237
Timestamp: 1685713009347187
Syscall = openat (56)
------------------ SYSCALL ENTRY STOP ------------------
------------------ SYSCALL EXIT START ------------------
PID: 31237
SPID: 31237
Timestamp: 1685713009349888
Return value: 0xfffffffffffffffe
------------------ SYSCALL EXIT STOP ------------------
------------------ SYSCALL ENTRY START ------------------
PID: 31237
SPID: 31237
Timestamp: 1685713009350132
Syscall = openat (56)
------------------ SYSCALL ENTRY STOP ------------------
------------------ SYSCALL EXIT START ------------------
PID: 31237
SPID: 31237
Timestamp: 1685713009351991
Return value: 0xfffffffffffffffe
------------------ SYSCALL EXIT STOP ------------------
------------------ SYSCALL ENTRY START ------------------
PID: 31237
SPID: 31237
Timestamp: 1685713009352133
Syscall = mprotect (226)
------------------ SYSCALL ENTRY STOP ------------------
------------------ SYSCALL EXIT START ------------------
PID: 31237
SPID: 31237
Timestamp: 1685713009353197
Return value: 000000000000000000
------------------ SYSCALL EXIT STOP ------------------
------------------ SYSCALL ENTRY START ------------------
PID: 31237
SPID: 31237
Timestamp: 1685713009353300
Syscall = mprotect (226)
------------------ SYSCALL ENTRY STOP ------------------
------------------ SYSCALL EXIT START ------------------
PID: 31237
SPID: 31237
Timestamp: 1685713009354093
Return value: 000000000000000000
------------------ SYSCALL EXIT STOP ------------------
------------------ SYSCALL ENTRY START ------------------
PID: 31237
SPID: 31237
Timestamp: 1685713009354195
Syscall = mprotect (226)
------------------ SYSCALL ENTRY STOP ------------------
------------------ SYSCALL EXIT START ------------------
PID: 31237
SPID: 31237
Timestamp: 1685713009355300
Return value: 000000000000000000
------------------ SYSCALL EXIT STOP ------------------
------------------ SYSCALL ENTRY START ------------------
PID: 31237
SPID: 31237
Timestamp: 1685713009355445
Syscall = mprotect (226)
------------------ SYSCALL ENTRY STOP ------------------
------------------ SYSCALL EXIT START ------------------
PID: 31237
SPID: 31237
Timestamp: 1685713009356848
Return value: 000000000000000000
------------------ SYSCALL EXIT STOP ------------------
------------------ SYSCALL ENTRY START ------------------
PID: 31237
SPID: 31237
Timestamp: 1685713009356992
Syscall = munmap (215)
------------------ SYSCALL ENTRY STOP ------------------
------------------ SYSCALL EXIT START ------------------
PID: 31237
SPID: 31237
Timestamp: 1685713009357707
Return value: 000000000000000000
------------------ SYSCALL EXIT STOP ------------------
------------------ SYSCALL ENTRY START ------------------
PID: 31237
SPID: 31237
Timestamp: 1685713009358147
Syscall = ioctl (29)
------------------ SYSCALL ENTRY STOP ------------------
------------------ SYSCALL EXIT START ------------------
PID: 31237
SPID: 31237
Timestamp: 1685713009358854
Return value: 000000000000000000
------------------ SYSCALL EXIT STOP ------------------
------------------ SYSCALL ENTRY START ------------------
PID: 31237
SPID: 31237
Timestamp: 1685713009359208
Syscall = clock_gettime (113)
------------------ SYSCALL ENTRY STOP ------------------
------------------ SYSCALL EXIT START ------------------
PID: 31237
SPID: 31237
Timestamp: 1685713009365397
Return value: 000000000000000000
------------------ SYSCALL EXIT STOP ------------------
------------------ SYSCALL ENTRY START ------------------
PID: 31237
SPID: 31237
Timestamp: 1685713009366320
Syscall = clock_gettime (113)
------------------ SYSCALL ENTRY STOP ------------------
------------------ SYSCALLEXIT START ------------------
PID: 31237
SPID: 31237
Timestamp: 1685713009375044
Return value: 000000000000000000
------------------ SYSCALL EXIT STOP ------------------
------------------ SYSCALL ENTRY START ------------------
PID: 31237
SPID: 31237
Timestamp: 1685713009375416
Syscall = clock_gettime (113)
------------------ SYSCALL ENTRY STOP ------------------
------------------ SYSCALL EXIT START ------------------
PID: 31237
SPID: 31237
Timestamp: 1685713009376064
Return value: 000000000000000000
------------------ SYSCALL EXIT STOP ------------------
------------------ SYSCALL ENTRY START ------------------
PID: 31237
SPID: 31237
Timestamp: 1685713009377376
Syscall = ioctl (29)
------------------ SYSCALL ENTRY STOP ------------------
------------------ SYSCALL EXIT START ------------------
PID: 31237
SPID: 31237
Timestamp: 1685713009378551
Return value: 000000000000000000
------------------ SYSCALL EXIT STOP ------------------
------------------ SYSCALL ENTRY START ------------------
PID: 31237
SPID: 31237
Timestamp: 1685713009378672
Syscall = clock_gettime (113)
------------------ SYSCALL ENTRY STOP ------------------
------------------ SYSCALL EXIT START ------------------
PID: 31237
SPID: 31237
Timestamp: 1685713009380207
Return value: 000000000000000000
------------------ SYSCALL EXIT STOP ------------------
------------------ SYSCALL ENTRY START ------------------
PID: 31237
SPID: 31237
Timestamp: 1685713009380343
Syscall = ioctl (29)
------------------ SYSCALL ENTRY STOP ------------------
------------------ SYSCALL EXIT START ------------------
PID: 31237
SPID: 31237
Timestamp: 1685713009381578
Return value: 000000000000000000
------------------ SYSCALL EXITSTOP ------------------
------------------ SYSCALL ENTRY START ------------------
PID: 31237
SPID: 31237
Timestamp: 1685713009382143
Syscall = mprotect (226)
------------------ SYSCALL ENTRY STOP ------------------
------------------ SYSCALL EXIT START ------------------
PID: 31237
SPID: 31237
Timestamp: 1685713009383702
Return value: 000000000000000000
------------------ SYSCALL EXIT STOP ------------------
------------------ SYSCALL ENTRY START ------------------
PID: 31237
SPID: 31237
Timestamp: 1685713009384916
Syscall = mprotect (226)
------------------ SYSCALL ENTRY STOP ------------------
------------------ SYSCALL EXIT START ------------------
PID: 31237
SPID: 31237
Timestamp: 1685713009385664
Return value: 000000000000000000
------------------ SYSCALL EXIT STOP ------------------
------------------ SYSCALL ENTRY START ------------------
PID: 31237
SPID: 31237
Timestamp: 1685713009385894
Syscall = clock_gettime (113)
------------------ SYSCALL ENTRY STOP ------------------
------------------ SYSCALL EXIT START ------------------
PID: 31237
SPID: 31237
Timestamp: 1685713009387214
Return value: 000000000000000000
------------------ SYSCALL EXIT STOP ------------------
------------------ SYSCALL ENTRY START ------------------
PID: 31237
SPID: 31237
Timestamp: 1685713009387293
Syscall = ioctl (29)
------------------ SYSCALL ENTRY STOP ------------------
------------------ SYSCALL EXIT START ------------------
PID: 31237
SPID: 31237
Timestamp: 1685713009388372
Return value: 000000000000000000
------------------ SYSCALL EXIT STOP ------------------
------------------ SYSCALL ENTRY START ------------------
PID: 31237
SPID: 31237
Timestamp: 1685713009388513
Syscall = clock_gettime (113)
------------------ SYSCALL ENTRY STOP ------------------
------------------ SYSCALLEXIT START ------------------
PID: 31237
SPID: 31237
Timestamp: 1685713009389182
Return value: 000000000000000000
------------------ SYSCALL EXIT STOP ------------------
------------------ SYSCALL ENTRY START ------------------
PID: 31237
SPID: 31237
Timestamp: 1685713009389278
Syscall = ioctl (29)
------------------ SYSCALL ENTRY STOP ------------------
------------------ SYSCALL EXIT START ------------------
PID: 31237
SPID: 31237
Timestamp: 1685713009389995
Return value: 000000000000000000
------------------ SYSCALL EXIT STOP ------------------
------------------ SYSCALL ENTRY START ------------------
PID: 31237
SPID: 31237
Timestamp: 1685713009390763
Syscall = write (64)
------------------ SYSCALL ENTRY STOP ------------------
------------------ SYSCALL EXIT START ------------------
PID: 31237
SPID: 31237
Timestamp: 1685713009391606
Return value: 0x0000000000000008
------------------ SYSCALL EXIT STOP ------------------
------------------ SYSCALL ENTRY START ------------------
PID: 31237
SPID: 31237
Timestamp: 1685713009392547
Syscall = ioctl (29)
------------------ SYSCALL ENTRY STOP ------------------
------------------ SYSCALL EXIT START ------------------
PID: 31237
SPID: 31237
Timestamp: 1685713009397298
Return value: 000000000000000000
------------------ SYSCALL EXIT STOP ------------------
------------------ SYSCALL ENTRY START ------------------
PID: 31237
SPID: 31237
Timestamp: 1685713009400789
Syscall = clock_gettime (113)
------------------ SYSCALL ENTRY STOP ------------------
------------------ SYSCALL EXIT START ------------------
PID: 31237
SPID: 31237
Timestamp: 1685713009402042
Return value: 000000000000000000
------------------ SYSCALL EXIT STOP ------------------
------------------ SYSCALL ENTRY START ------------------
PID: 31237
SPID: 31237
Timestamp: 1685713009402207
Syscall = ioctl (29)
------------------ SYSCALL ENTRY STOP ------------------
------------------ SYSCALL EXIT START ------------------
PID: 31237
SPID: 31237
Timestamp: 1685713009403414
Return value: 000000000000000000
------------------ SYSCALL EXIT STOP ------------------
------------------ SYSCALL ENTRY START ------------------
PID: 31237
SPID: 31237
Timestamp: 1685713009403507
Syscall = clock_gettime (113)
------------------ SYSCALL ENTRY STOP ------------------
------------------ SYSCALL EXIT START ------------------
PID: 31237
SPID: 31237
Timestamp: 1685713009404201
Return value: 000000000000000000
------------------ SYSCALL EXIT STOP ------------------
------------------ SYSCALL ENTRY START ------------------
PID: 31237
SPID: 31237
Timestamp: 1685713009404279
Syscall = ioctl (29)
------------------ SYSCALL ENTRY STOP ------------------
------------------ SYSCALL EXIT START ------------------
PID: 31237
SPID: 31237
Timestamp: 1685713009405008
Return value: 000000000000000000
------------------ SYSCALL EXIT STOP ------------------
------------------ SYSCALL ENTRY START ------------------
PID: 31237
SPID: 31237
Timestamp: 1685713009406597
Syscall = write (64)
------------------ SYSCALL ENTRY STOP ------------------
------------------ SYSCALL EXIT START ------------------
PID: 31237
SPID: 31237
Timestamp: 1685713009408949
Return value: 0x0000000000000008
------------------ SYSCALL EXIT STOP ------------------
------------------ SYSCALL ENTRY START ------------------
PID: 31237
SPID: 31237
Timestamp: 1685713009412152
Syscall = write (64)
------------------ SYSCALL ENTRY STOP ------------------
------------------ SYSCALL EXIT START ------------------
PID: 31237
SPID: 31237
Timestamp: 1685713009417063
Return value: 0x0000000000000008
------------------ SYSCALL EXIT STOP ------------------
------------------ SYSCALL ENTRY START ------------------
PID: 31237
SPID: 31237
Timestamp: 1685713009417533
Syscall = getuid (174)
------------------ SYSCALL ENTRY STOP ------------------
------------------ SYSCALL EXIT START ------------------
PID: 31237
SPID: 31237
Timestamp: 1685713009419101
Return value: 0x000000000000285d
------------------ SYSCALL EXIT STOP ------------------
------------------ SYSCALL ENTRY START ------------------
PID: 31237
SPID: 31237
Timestamp: 1685713009419337
Syscall = getuid (174)
------------------ SYSCALL ENTRY STOP------------------
------------------ SYSCALL EXIT START ------------------
PID: 31237
SPID: 31237
Timestamp: 1685713009419991
Return value: 0x000000000000285d
------------------ SYSCALL EXIT STOP ------------------
------------------ SYSCALL ENTRY START ------------------
PID: 31237
SPID: 31237
Timestamp: 1685713009420153
Syscall = getuid (174)
------------------ SYSCALL ENTRY STOP ------------------
------------------ SYSCALL EXIT START ------------------
PID: 31237
SPID: 31237
Timestamp: 1685713009420812
Return value: 0x000000000000285d
------------------ SYSCALL EXIT STOP ------------------
------------------ SYSCALL ENTRY START ------------------
PID: 31237
SPID: 31237
Timestamp: 1685713009421000
Syscall = getuid (174)
------------------ SYSCALL ENTRY STOP ------------------
------------------ SYSCALL EXIT START ------------------
PID: 31237
SPID: 31237
Timestamp: 1685713009429034
Return value: 0x000000000000285d
------------------ SYSCALL EXIT STOP ------------------
------------------ SYSCALL ENTRY START ------------------
PID: 31237
SPID: 31237
Timestamp: 1685713009429246
Syscall = gettimeofday (169)
------------------ SYSCALL ENTRY STOP ------------------
------------------ SYSCALL EXIT START ------------------
PID: 31237
SPID: 31237
Timestamp: 1685713009434648
Return value: 000000000000000000
------------------ SYSCALL EXIT STOP ------------------
------------------ SYSCALL ENTRY START ------------------
PID: 31237
SPID: 31237
Timestamp: 1685713009455303
Syscall = clock_gettime (113)
------------------ SYSCALL ENTRY STOP ------------------
------------------ SYSCALL EXIT START ------------------
PID: 31237
SPID: 31237
Timestamp: 1685713009455851
Return value: 000000000000000000
------------------ SYSCALL EXIT STOP ------------------
------------------ SYSCALLENTRY START ------------------
PID: 31237
SPID: 31237
Timestamp: 1685713009455983
Syscall = clock_gettime (113)
------------------ SYSCALL ENTRY STOP ------------------
------------------ SYSCALL EXIT START ------------------
PID: 31237
SPID: 31237
Timestamp: 1685713009456961
Return value: 000000000000000000
------------------ SYSCALL EXIT STOP ------------------
------------------ SYSCALL ENTRY START ------------------
PID: 31237
SPID: 31237
Timestamp: 1685713009457197
Syscall = clock_gettime (113)
------------------ SYSCALL ENTRY STOP ------------------
------------------ SYSCALL EXIT START------------------
PID: 31237
SPID: 31237
Timestamp: 1685713009457893
Return value: 000000000000000000
------------------ SYSCALL EXIT STOP ------------------
------------------ SYSCALL ENTRY START ------------------
PID: 31237
SPID: 31237
Timestamp: 1685713009457981
Syscall = clock_gettime (113)
------------------ SYSCALL ENTRY STOP ------------------
------------------ SYSCALL EXIT START ------------------
PID: 31237
SPID: 31237
Timestamp: 1685713009458762
Return value: 000000000000000000
------------------ SYSCALL EXIT STOP ------------------
------------------ SYSCALL ENTRY START ------------------
PID: 31237
SPID: 31237
Timestamp: 1685713009459675
Syscall = clock_gettime (113)
------------------ SYSCALL ENTRY STOP ------------------
------------------ SYSCALL EXIT START ------------------
PID: 31237
SPID: 31237
Timestamp: 1685713009460752
Return value: 000000000000000000
------------------ SYSCALL EXIT STOP ------------------
------------------ SYSCALL ENTRY START ------------------
PID: 31237
SPID: 31237
Timestamp: 1685713009460913
Syscall = clock_gettime (113)
------------------ SYSCALL ENTRY STOP ------------------
------------------ SYSCALL EXIT START ------------------
PID: 31237
SPID: 31237
Timestamp: 1685713009475986
Return value: 000000000000000000
------------------ SYSCALL EXIT STOP ------------------
------------------ SYSCALL ENTRY START ------------------
PID: 31237
SPID: 31237
Timestamp: 1685713009476349
Syscall = ioctl (29)
------------------ SYSCALL ENTRY STOP ------------------
------------------ SYSCALL EXIT START ------------------
PID: 31237
SPID: 31237
Timestamp: 1685713009482657
Return value: 000000000000000000
------------------ SYSCALL EXIT STOP ------------------
------------------ SYSCALL ENTRY START ------------------
PID: 31237
SPID: 31237
Timestamp: 1685713009483297
Syscall = clock_gettime (113)
------------------ SYSCALL ENTRY STOP ------------------
------------------ SYSCALL EXIT START ------------------
PID: 31237
SPID: 31237
Timestamp: 1685713009486211
Return value: 000000000000000000
------------------ SYSCALL EXIT STOP ------------------
------------------ SYSCALL ENTRY START ------------------
PID: 31237
SPID: 31237
Timestamp: 1685713009488989
Syscall = ioctl (29)
------------------ SYSCALL ENTRY STOP ------------------
------------------ SYSCALL EXIT START ------------------
PID: 31237
SPID: 31237
Timestamp: 1685713009490040
Return value: 000000000000000000
------------------ SYSCALL EXIT STOP ------------------
------------------ SYSCALL ENTRY START ------------------
PID: 31237
SPID: 31237
Timestamp: 1685713009490709
Syscall = clock_gettime (113)
------------------ SYSCALL ENTRY STOP ------------------
------------------ SYSCALL EXIT START ------------------
PID: 31237
SPID: 31237
Timestamp: 1685713009492081
Return value: 000000000000000000
------------------ SYSCALL EXIT STOP ------------------
------------------ SYSCALL ENTRY START ------------------
PID: 31237
SPID: 31237
Timestamp: 1685713009492414
Syscall = clock_gettime (113)
------------------ SYSCALL ENTRY STOP ------------------
------------------ SYSCALL EXIT START ------------------
PID: 31237
SPID: 31237
Timestamp: 1685713009493426
Return value: 000000000000000000
------------------ SYSCALL EXIT STOP ------------------
------------------ SYSCALL ENTRY START ------------------
PID: 31237
SPID: 31237
Timestamp: 1685713009493856
Syscall = clock_gettime (113)
------------------ SYSCALL ENTRY STOP ------------------
------------------SYSCALL EXIT START ------------------
PID: 31237
SPID: 31237
Timestamp: 1685713009498012
Return value: 000000000000000000
------------------ SYSCALL EXIT STOP ------------------
------------------ SYSCALL ENTRY START ------------------
PID: 31237
SPID: 31237
Timestamp: 1685713009499056
Syscall = getuid (174)
------------------ SYSCALL ENTRY STOP ------------------
------------------ SYSCALL EXIT START ------------------
PID: 31237
SPID: 31237
Timestamp: 1685713009500814
Return value: 0x000000000000285d
------------------ SYSCALL EXIT STOP ------------------
------------------ SYSCALL ENTRY START ------------------
PID: 31237
SPID: 31237
Timestamp: 1685713009501468
Syscall = ioctl (29)
------------------ SYSCALL ENTRY STOP ------------------
------------------ SYSCALL EXIT START ------------------
PID: 31237
SPID: 31237
Timestamp: 1685713009503343
Return value: 000000000000000000
------------------ SYSCALL EXIT STOP ------------------
------------------ SYSCALL ENTRY START ------------------
PID: 31237
SPID: 31237
Timestamp: 1685713009504508
Syscall = clock_gettime (113)
------------------ SYSCALL ENTRY STOP ------------------
------------------ SYSCALL EXIT START ------------------
PID: 31237
SPID: 31237
Timestamp: 1685713009508930
Return value: 000000000000000000
------------------ SYSCALL EXIT STOP ------------------
------------------ SYSCALL ENTRY START ------------------
PID: 31237
SPID: 31237
Timestamp: 1685713009509098
Syscall = clock_gettime (113)
------------------ SYSCALL ENTRY STOP ------------------
------------------ SYSCALL EXIT START ------------------
PID: 31237
SPID: 31237
Timestamp: 1685713009512196
Return value: 000000000000000000
------------------ SYSCALL EXIT STOP ------------------
------------------ SYSCALL ENTRY START ------------------
PID: 31237
SPID: 31237
Timestamp: 1685713009516342
Syscall = clock_gettime (113)
------------------ SYSCALLENTRY STOP ------------------
------------------ SYSCALL EXIT START ------------------
PID: 31237
SPID: 31237
Timestamp: 1685713009518884
Return value: 000000000000000000
------------------ SYSCALL EXIT STOP ------------------
------------------ SYSCALL ENTRY START ------------------
PID: 31237
SPID: 31237
Timestamp: 1685713009519153
Syscall = clock_gettime (113)
------------------ SYSCALL ENTRY STOP ------------------
------------------ SYSCALL EXIT START ------------------
PID: 31237
SPID: 31237
Timestamp: 1685713009519983
Return value: 000000000000000000
------------------ SYSCALL EXIT STOP ------------------
------------------ SYSCALL ENTRY START ------------------
PID: 31237
SPID: 31237
Timestamp: 1685713009520274
Syscall = clock_gettime (113)
------------------ SYSCALL ENTRY STOP ------------------
------------------ SYSCALL EXIT START ------------------
PID: 31237
SPID: 31237
Timestamp: 1685713009521120
Return value: 000000000000000000
------------------ SYSCALL EXIT STOP ------------------
------------------ SYSCALL ENTRY START ------------------
PID: 31237
SPID: 31237
Timestamp: 1685713009521207
Syscall = clock_gettime (113)
------------------ SYSCALL ENTRY STOP ------------------
------------------ SYSCALL EXIT START ------------------
PID: 31237
SPID: 31237
Timestamp:1685713009521851
Return value: 000000000000000000
------------------ SYSCALL EXIT STOP ------------------
------------------ SYSCALL ENTRY START ------------------
PID: 31237
SPID: 31237
Timestamp: 1685713009522090
Syscall = clock_gettime (113)
------------------ SYSCALL ENTRY STOP ------------------
------------------ SYSCALL EXIT START ------------------
PID: 31237
SPID: 31237
Timestamp: 1685713009523228
Return value: 000000000000000000
------------------ SYSCALL EXIT STOP ------------------
------------------ SYSCALL ENTRY START ------------------
PID: 31237
SPID: 31237
Timestamp: 1685713009523524
Syscall = clock_gettime (113)
------------------ SYSCALL ENTRY STOP ------------------
------------------ SYSCALL EXIT START ------------------
PID: 31237
SPID: 31237
Timestamp: 1685713009524219
Return value: 000000000000000000
------------------ SYSCALL EXIT STOP ------------------
------------------ SYSCALL ENTRY START ------------------
PID: 31237
SPID: 31237
Timestamp: 1685713009524700
Syscall = write (64)
------------------ SYSCALL ENTRY STOP ------------------
------------------ SYSCALL EXIT START ------------------
PID: 31237
SPID: 31237
Timestamp: 1685713009530520
Return value: 0x0000000000000008
------------------ SYSCALL EXIT STOP ------------------
------------------ SYSCALL ENTRY START ------------------
PID: 31237
SPID: 31237
Timestamp: 1685713009530731
Syscall = clock_gettime (113)
------------------ SYSCALL ENTRY STOP ------------------
------------------ SYSCALL EXIT START ------------------
PID: 31237
SPID: 31237
Timestamp: 1685713009534408
Return value: 000000000000000000
------------------ SYSCALL EXIT STOP ------------------
------------------ SYSCALL ENTRY START ------------------
PID: 31237
SPID: 31237
Timestamp: 1685713009535190
Syscall = clock_gettime (113)
------------------ SYSCALL ENTRY STOP ------------------
------------------ SYSCALL EXIT START ------------------
PID: 31237
SPID: 31237
Timestamp: 1685713009535945
Return value: 000000000000000000
------------------ SYSCALL EXIT STOP ------------------
------------------ SYSCALL ENTRY START ------------------
PID: 31237
SPID: 31237
Timestamp: 1685713009536052
Syscall = clock_gettime (113)
------------------ SYSCALL ENTRY STOP ------------------
------------------ SYSCALL EXIT START ------------------
PID: 31237
SPID: 31237
Timestamp: 1685713009537474
Return value: 000000000000000000
------------------ SYSCALL EXIT STOP ------------------
------------------ SYSCALL ENTRY START ------------------
PID: 31237
SPID: 31237
Timestamp: 1685713009537706
Syscall = clock_gettime (113)
------------------ SYSCALL ENTRY STOP ------------------
------------------ SYSCALL EXIT START ------------------
PID: 31237
SPID: 31237
Timestamp: 1685713009538387
Return value: 000000000000000000
------------------ SYSCALL EXIT STOP ------------------
------------------ SYSCALL ENTRY START ------------------
PID: 31237
SPID: 31237
Timestamp: 1685713009538470
Syscall = clock_gettime (113)
------------------ SYSCALL ENTRY STOP ------------------
------------------ SYSCALL EXIT START ------------------
PID: 31237
SPID: 31237
Timestamp: 1685713009539483
Return value: 000000000000000000
------------------ SYSCALL EXIT STOP ------------------
------------------ SYSCALL ENTRY START ------------------
PID: 31237
SPID: 31237
Timestamp: 1685713009541995
Syscall = prctl (167)
------------------ SYSCALL ENTRY STOP ------------------
------------------ SYSCALL EXIT START ------------------
PID: 31237
SPID: 31237
Timestamp: 1685713009542774
Return value: 0x0000000000000001
------------------ SYSCALL EXIT STOP ------------------
------------------ SYSCALL ENTRY START ------------------
PID: 31237
SPID: 31237
Timestamp: 1685713009542908
Syscall = mprotect (226)
------------------ SYSCALL ENTRY STOP ------------------
------------------ SYSCALL EXIT START ------------------
PID: 31237
SPID: 31237
Timestamp: 1685713009547325
Return value: 000000000000000000
------------------ SYSCALL EXIT STOP ------------------
------------------ SYSCALL ENTRY START ------------------
PID: 31237
SPID: 31237
Timestamp: 1685713009547411
Syscall = mprotect (226)
------------------ SYSCALL ENTRY STOP ------------------
------------------ SYSCALL EXIT START ------------------
PID: 31237
SPID: 31237
Timestamp: 1685713009548148
Return value: 000000000000000000
------------------ SYSCALL EXIT STOP ------------------
------------------ SYSCALL ENTRY START ------------------
PID: 31237
SPID: 31237
Timestamp: 1685713009548217
Syscall = mprotect (226)
------------------ SYSCALL ENTRY STOP ------------------
------------------ SYSCALL EXIT START ------------------
PID: 31237
SPID: 31237
Timestamp: 1685713009549175
Return value: 000000000000000000
------------------ SYSCALL EXIT STOP ------------------
------------------ SYSCALL ENTRY START ------------------
PID: 31237
SPID: 31237
Timestamp: 1685713009549268
Syscall = mprotect (226)
------------------ SYSCALL ENTRY STOP ------------------
------------------SYSCALL EXIT START ------------------
PID: 31237
SPID: 31237
Timestamp: 1685713009551122
Return value: 000000000000000000
------------------ SYSCALL EXIT STOP ------------------
------------------ SYSCALL ENTRY START ------------------
PID: 31237
SPID: 31237
Timestamp: 1685713009551206
Syscall = mmap (222)
------------------ SYSCALL ENTRY STOP ------------------
------------------ SYSCALL EXIT START ------------------
PID: 31237
SPID: 31237
Timestamp: 1685713009551921
Return value: 0x0000007000b8e000
------------------ SYSCALL EXIT STOP ------------------
------------------ SYSCALL ENTRY START ------------------
PID: 31237
SPID: 31237
Timestamp: 1685713009551981
Syscall = prctl (167)
------------------ SYSCALL ENTRY STOP ------------------
------------------ SYSCALL EXIT START ------------------
PID: 31237
SPID: 31237
Timestamp: 1685713009552515
Return value: 000000000000000000
------------------ SYSCALL EXIT STOP ------------------
------------------ SYSCALL ENTRY START ------------------
PID: 31237
SPID: 31237
Timestamp: 1685713009552608
Syscall = openat (56)
------------------ SYSCALL ENTRY STOP ------------------
------------------ SYSCALL EXIT START ------------------
PID: 31237
SPID: 31237
Timestamp: 1685713009553094
Return value: 0x000000000000006a
------------------ SYSCALL EXIT STOP ------------------
------------------ SYSCALL ENTRY START ------------------
PID: 31237
SPID: 31237
Timestamp: 1685713009553180
Syscall = readlinkat (78)
------------------ SYSCALL ENTRYSTOP ------------------
------------------ SYSCALL EXIT START ------------------
PID: 31237
SPID: 31237
Timestamp: 1685713009559186
Return value: 0x0000000000000025
------------------ SYSCALL EXIT STOP ------------------
------------------ SYSCALL ENTRY START ------------------
PID: 31237
SPID: 31237
Timestamp: 1685713009559292
Syscall = fstat (80)
------------------ SYSCALL ENTRY STOP ------------------
------------------ SYSCALL EXIT START ------------------
PID: 31237
SPID: 31237
Timestamp: 1685713009560091
Return value: 000000000000000000
------------------ SYSCALL EXIT STOP ------------------
------------------ SYSCALL ENTRY START ------------------
PID: 31237
SPID: 31237
Timestamp: 1685713009561385
Syscall = mmap (222)
------------------ SYSCALL ENTRY STOP ------------------
------------------ SYSCALL EXIT START ------------------
PID: 31237
SPID: 31237
Timestamp: 1685713009562515
Return value: 0x000000709d67b000
------------------ SYSCALL EXIT STOP ------------------
------------------ SYSCALL ENTRY START ------------------
PID: 31237
SPID: 31237
Timestamp: 1685713009563346
Syscall = prctl (167)
------------------ SYSCALL ENTRY STOP ------------------
------------------ SYSCALL EXIT START ------------------
PID: 31237
SPID: 31237
Timestamp: 1685713009565059
Return value: 000000000000000000
------------------ SYSCALL EXIT STOP ------------------
------------------ SYSCALL ENTRY START ------------------
PID: 31237
SPID: 31237
Timestamp: 1685713009566341
Syscall = munmap(215)
------------------ SYSCALL ENTRY STOP ------------------
------------------ SYSCALL EXIT START ------------------
PID: 31237
SPID: 31237
Timestamp: 1685713009568770
Return value: 000000000000000000
------------------ SYSCALL EXIT STOP ------------------
------------------ SYSCALL ENTRY START ------------------
PID: 31237
SPID: 31237
Timestamp: 1685713009568896
Syscall = close (57)
------------------ SYSCALL ENTRY STOP ------------------
------------------ SYSCALL EXIT START ------------------
PID: 31237
SPID: 31237
Timestamp: 1685713009569758
Return value: 000000000000000000
------------------ SYSCALL EXIT STOP ------------------
------------------ SYSCALL ENTRY START ------------------
PID: 31237
SPID: 31237
Timestamp: 1685713009569873
Syscall = mprotect (226)
------------------ SYSCALL ENTRY STOP ------------------
------------------ SYSCALL EXIT START ------------------
PID: 31237
SPID: 31237
Timestamp: 1685713009570905
Return value: 000000000000000000
------------------ SYSCALL EXIT STOP ------------------
------------------ SYSCALL ENTRY START ------------------
PID: 31237
SPID: 31237
Timestamp: 1685713009571034
Syscall = mprotect (226)
------------------ SYSCALL ENTRY STOP ------------------
------------------ SYSCALL EXIT START ------------------
PID: 31237
SPID: 31237
Timestamp: 1685713009571769
Return value: 000000000000000000
------------------ SYSCALL EXIT STOP ------------------
------------------ SYSCALL ENTRY START ------------------
PID: 31237
SPID: 31237
Timestamp: 1685713009571914
Syscall = mprotect (226)
------------------ SYSCALL ENTRY STOP ------------------
------------------ SYSCALL EXIT START ------------------
PID: 31237
SPID: 31237
Timestamp: 1685713009572749
Return value: 000000000000000000
------------------ SYSCALL EXIT STOP ------------------
------------------ SYSCALL ENTRY START ------------------
PID: 31237
SPID: 31237
Timestamp:1685713009572880
Syscall = mprotect (226)
------------------ SYSCALL ENTRY STOP ------------------
------------------ SYSCALL EXIT START ------------------
PID: 31237
SPID: 31237
Timestamp: 1685713009573803
Return value: 000000000000000000
------------------ SYSCALL EXIT STOP ------------------
------------------ SYSCALL ENTRY START ------------------
PID: 31237
SPID: 31237
Timestamp: 1685713009573947
Syscall = munmap (215)
------------------ SYSCALL ENTRY STOP ------------------
------------------ SYSCALL EXIT START ------------------
PID: 31237
SPID: 31237
Timestamp: 1685713009574677
Returnvalue: 000000000000000000
------------------ SYSCALL EXIT STOP ------------------
------------------ SYSCALL ENTRY START ------------------
PID: 31237
SPID: 31237
Timestamp: 1685713009574797
Syscall = prctl (167)
------------------ SYSCALL ENTRY STOP ------------------
------------------ SYSCALL EXIT START ------------------
PID: 31237
SPID: 31237
Timestamp: 1685713009575931
Return value: 0x0000000000000001
------------------ SYSCALL EXIT STOP ------------------
------------------ SYSCALL ENTRYSTART ------------------
PID: 31237
SPID: 31237
Timestamp: 1685713009591429
Syscall = clock_gettime(113)
------------------ SYSCALL ENTRY STOP ------------------
------------------ SYSCALL EXIT START ------------------
PID: 31237
SPID: 31237
Timestamp: 1685713009592549
Return value: 000000000000000000
------------------ SYSCALL EXIT STOP ------------------
------------------ SYSCALL ENTRY START ------------------
PID: 31237
SPID: 31237
Timestamp: 1685713009592683
Syscall = write (64)
------------------ SYSCALL ENTRY STOP ------------------
------------------ SYSCALL EXIT START ------------------
PID: 31237
SPID: 31237
Timestamp: 1685713009596231
Return value: 0x0000000000000008
------------------ SYSCALL EXIT STOP ------------------
------------------ SYSCALL ENTRY START ------------------
PID: 31237
SPID: 31237
Timestamp: 1685713009596966
Syscall = futex (98)
------------------ SYSCALL ENTRY STOP ------------------
------------------ SYSCALL EXIT START ------------------
PID: 31237
SPID: 31237
Timestamp: 1685713009602265
Return value: 0x0000000000000001
------------------ SYSCALL EXIT STOP ------------------
------------------ SYSCALL ENTRY START ------------------
PID: 31237
SPID: 31237
Timestamp: 1685713009602373
Syscall = futex (98)
------------------ SYSCALL ENTRY STOP ------------------
------------------ SYSCALL EXIT START ------------------
PID: 31237
SPID: 31237
Timestamp: 1685713009603146
Return value: 0xfffffffffffffff5
------------------ SYSCALL EXIT STOP ------------------
------------------ SYSCALL ENTRY START ------------------
PID: 31237
SPID: 31237
Timestamp: 1685713009603321
Syscall = write (64)
------------------ SYSCALL ENTRY STOP ------------------
------------------ SYSCALL EXIT START ------------------
PID: 31237
SPID: 31237
Timestamp: 1685713009604108
Return value: 0x0000000000000008
------------------ SYSCALL EXIT STOP ------------------
------------------ SYSCALL ENTRY START ------------------
PID: 31237
SPID: 31237
Timestamp: 1685713009604385
Syscall = futex (98)
------------------ SYSCALL ENTRY STOP ------------------
------------------ SYSCALL EXIT START ------------------
PID: 31237
SPID: 31237
Timestamp: 1685713009653210
Return value: 000000000000000000
------------------ SYSCALL EXIT STOP ------------------
------------------ SYSCALL ENTRY START ------------------
PID: 31237
SPID: 31237
Timestamp: 1685713009653583
Syscall = clock_gettime (113)
------------------ SYSCALL ENTRY STOP ------------------
------------------ SYSCALL EXIT START ------------------
PID: 31237
SPID: 31237
Timestamp: 1685713009653858
Return value: 000000000000000000
------------------ SYSCALL EXIT STOP ------------------
------------------ SYSCALLENTRY START ------------------
PID: 31237
SPID: 31237
Timestamp: 1685713009653947
Syscall = clock_gettime (113)
------------------ SYSCALL ENTRY STOP ------------------
------------------ SYSCALL EXIT START ------------------
PID: 31237
SPID: 31237
Timestamp: 1685713009654220
Return value: 000000000000000000
------------------ SYSCALL EXIT STOP ------------------
------------------ SYSCALL ENTRY START ------------------
PID: 31237
SPID: 31237
Timestamp: 1685713009654308
Syscall = clock_gettime (113)
------------------ SYSCALL ENTRY STOP ------------------
------------------ SYSCALL EXIT START------------------
PID: 31237
SPID: 31237
Timestamp: 1685713009654559
Return value: 000000000000000000
------------------ SYSCALL EXIT STOP ------------------
------------------ SYSCALL ENTRY START ------------------
PID: 31237
SPID: 31237
Timestamp: 1685713009654610
Syscall = read (63)
------------------ SYSCALL ENTRY STOP ------------------
------------------ SYSCALL EXIT START ------------------
PID: 31237
SPID: 31237
Timestamp: 1685713009654829
Return value: 0x0000000000000030
------------------ SYSCALL EXIT STOP ------------------
------------------ SYSCALL ENTRY START ------------------
PID: 31237
SPID: 31237
Timestamp: 1685713009655059
Syscall = clock_gettime (113)
------------------SYSCALL ENTRY STOP ------------------
------------------ SYSCALL EXIT START ------------------
PID:31237
SPID: 31237
Timestamp: 1685713009655315
Return value: 000000000000000000
------------------ SYSCALL EXIT STOP ------------------
------------------ SYSCALL ENTRY START ------------------
PID: 31237
SPID: 31237
Timestamp: 1685713009655356
Syscall = getuid (174)
------------------ SYSCALL ENTRYSTOP ------------------
------------------ SYSCALL EXIT START ------------------
PID: 31237
SPID: 31237
Timestamp: 1685713009655565
Return value: 0x000000000000285d
------------------ SYSCALL EXIT STOP ------------------
------------------ SYSCALL ENTRY START ------------------
PID: 31237
SPID: 31237
Timestamp: 1685713009655593
Syscall = writev (66)
------------------ SYSCALL ENTRY STOP ------------------
------------------ SYSCALL EXIT START ------------------
PID: 31237
SPID: 31237
Timestamp:1685713009655791
Return value: 0x0000000000000113
------------------ SYSCALL EXIT STOP ------------------
------------------ SYSCALL ENTRY START ------------------
PID: 31237
SPID: 31237
Timestamp: 1685713009655830
Syscall = futex (98)
------------------ SYSCALL ENTRY STOP ------------------
------------------ SYSCALL EXIT START ------------------
PID: 31237
SPID: 31237
Timestamp: 1685713009656048
Return value: 0x0000000000000001
------------------ SYSCALL EXIT STOP ------------------
------------------ SYSCALL ENTRY START ------------------
PID: 31237
SPID: 31237
Timestamp: 1685713009656448
Syscall = getuid (174)
------------------ SYSCALL ENTRY STOP ------------------
------------------ SYSCALL EXIT START ------------------
PID: 31237
SPID: 31237
Timestamp: 1685713009657401
Return value: 0x000000000000285d
------------------ SYSCALL EXIT STOP ------------------
------------------ SYSCALL ENTRY START ------------------
PID: 31237
SPID: 31237
Timestamp: 1685713009657542
Syscall = epoll_pwait (22)
------------------ SYSCALL ENTRY STOP ------------------
------------------ SYSCALL EXIT START ------------------
PID: 31237
SPID: 31237
Timestamp: 1685713009658307
Return value: 0x0000000000000002
------------------ SYSCALL EXIT STOP ------------------
------------------ SYSCALL ENTRY START ------------------
PID: 31237
SPID: 31237
Timestamp: 1685713009658422
Syscall = read (63)
------------------ SYSCALL ENTRY STOP ------------------
------------------ SYSCALL EXIT START ------------------
PID: 31237
SPID: 31237
Timestamp: 1685713009659153
Return value: 0x0000000000000008
------------------ SYSCALL EXIT STOP ------------------
------------------ SYSCALL ENTRY START ------------------
PID: 31237
SPID: 31237
Timestamp: 1685713009659371
Syscall = recvfrom (207)
------------------ SYSCALL ENTRY STOP ------------------
------------------ SYSCALL EXIT START ------------------
PID: 31237
SPID: 31237
Timestamp: 1685713009663913
Return value: 0x0000000000000068
------------------SYSCALL EXIT STOP ------------------
------------------ SYSCALL ENTRY START ------------------
PID:31237
SPID: 31237
Timestamp: 1685713009664234
Syscall = recvfrom (207)
------------------ SYSCALL ENTRY STOP ------------------
------------------ SYSCALL EXIT START ------------------
PID: 31237
SPID: 31237
Timestamp: 1685713009666015
Return value: 0xfffffffffffffff5
------------------ SYSCALL EXIT STOP ------------------
------------------ SYSCALL ENTRY START ------------------
PID: 31237
SPID:31237
Timestamp: 1685713009666367
Syscall = clock_gettime (113)
------------------ SYSCALL ENTRY STOP ------------------
------------------ SYSCALL EXIT START ------------------
PID: 31237
SPID: 31237
Timestamp: 1685713009667367
Return value: 000000000000000000
------------------ SYSCALL EXIT STOP ------------------
------------------ SYSCALL ENTRY START ------------------
PID: 31237
SPID: 31237
Timestamp: 1685713009667558
Syscall = clock_gettime (113)
------------------ SYSCALL ENTRY STOP ------------------
------------------ SYSCALL EXIT START ------------------
PID: 31237
SPID: 31237
Timestamp: 1685713009668098
Return value: 000000000000000000
