------------------ SYSCALL ENTRY START ------------------
PID: 24437
SPID: 24437
Timestamp: 1684850401995541
Syscall = clock_gettime (113)
------------------ SYSCALL ENTRY STOP ------------------
------------------ SYSCALL EXIT START ------------------
PID: 24437
SPID: 24437
Timestamp: 1684850402003366
Return value: 000000000000000000
------------------ SYSCALL EXIT STOP ------------------
------------------ SYSCALL ENTRY START ------------------
PID: 24437
SPID: 24437
Timestamp: 1684850402003489
Syscall = futex (98)
------------------ SYSCALL ENTRY STOP ------------------
------------------ SYSCALL EXIT START ------------------
PID: 24437
SPID: 24437
Timestamp: 1684850402004635
Return value: 000000000000000000
------------------ SYSCALL EXIT STOP ------------------
------------------ SYSCALL ENTRY START ------------------
PID: 24437
SPID: 24437
Timestamp: 1684850402004728
Syscall = futex (98)
------------------ SYSCALL ENTRY STOP ------------------
------------------ SYSCALL EXIT START ------------------
PID: 24437
SPID: 24437
Timestamp: 1684850402005376
Return value: 0xfffffffffffffff5
------------------ SYSCALL EXIT STOP ------------------
------------------ SYSCALL ENTRY START------------------
PID: 24437
SPID: 24437
Timestamp: 1684850402005694
Syscall = futex (98)
------------------ SYSCALL ENTRY STOP ------------------
------------------ SYSCALL EXIT START ------------------
PID: 24437
SPID: 24437
Timestamp: 1684850402006704
Return value: 0x0000000000000001
------------------ SYSCALL EXIT STOP ------------------
------------------ SYSCALL ENTRY START ------------------
PID: 24437
SPID: 24437
Timestamp: 1684850402007406
Syscall = epoll_pwait (22)
------------------SYSCALL ENTRY STOP ------------------
------------------ SYSCALL EXIT START ------------------
PID:24437
SPID: 24437
Timestamp: 1684850402008196
Return value: 0x0000000000000001
------------------ SYSCALL EXIT STOP ------------------
------------------ SYSCALL ENTRY START ------------------
PID: 24437
SPID: 24437
Timestamp: 1684850402008266
Syscall = recvfrom (207)
------------------ SYSCALL ENTRY STOP ------------------
------------------ SYSCALL EXIT START ------------------
PID: 24437
SPID:24437
Timestamp: 1684850402008969
Return value: 0x0000000000000040
------------------ SYSCALL EXIT STOP ------------------
------------------ SYSCALL ENTRY START ------------------
PID: 24437
SPID: 24437
Timestamp: 1684850402009169
Syscall = recvfrom (207)
------------------ SYSCALL ENTRY STOP ------------------
------------------ SYSCALL EXIT START ------------------
PID: 24437
SPID: 24437
Timestamp: 1684850402009691
Return value: 0xfffffffffffffff5
------------------ SYSCALL EXIT STOP ------------------
------------------ SYSCALL ENTRY START ------------------
PID: 24437
SPID: 24437
Timestamp: 1684850402009892
Syscall = clock_gettime (113)
------------------ SYSCALL ENTRY STOP ------------------
------------------ SYSCALL EXIT START ------------------
PID: 24437
SPID: 24437
Timestamp: 1684850402010448
Return value: 000000000000000000
------------------ SYSCALL EXIT STOP ------------------
------------------ SYSCALL ENTRY START ------------------
PID: 24437
SPID: 24437
Timestamp: 1684850402010718
Syscall = clock_gettime (113)
------------------ SYSCALL ENTRY STOP ------------------
------------------ SYSCALL EXIT START ------------------
PID: 24437
SPID: 24437
Timestamp: 1684850402011294
Return value: 000000000000000000
------------------ SYSCALL EXIT STOP ------------------
------------------ SYSCALL ENTRY START ------------------
PID: 24437
SPID: 24437
Timestamp: 1684850402011352
Syscall = gettimeofday (169)
------------------ SYSCALL ENTRY STOP ------------------
------------------ SYSCALL EXIT START ------------------
PID: 24912
SPID: 24912
Timestamp: 1684850425608129
Return value: 0x000000000000006c
------------------ SYSCALL EXIT STOP ------------------
------------------ SYSCALL ENTRY START ------------------
PID: 24912
SPID: 24912
Timestamp: 1684850425608401
Syscall = close (57)
------------------ SYSCALL ENTRY STOP ------------------
------------------ SYSCALL EXIT START ------------------
PID: 24912
SPID: 24912
Timestamp: 1684850425609956
Return value: 000000000000000000
------------------ SYSCALL EXIT STOP ------------------
------------------ SYSCALLENTRY START ------------------
PID: 24912
SPID: 24912
Timestamp: 1684850425610074
Syscall = ioctl (29)
------------------ SYSCALL ENTRY STOP ------------------
------------------ SYSCALL EXIT START ------------------
PID: 24912
SPID: 24912
Timestamp: 1684850425611549
Return value: 000000000000000000
------------------ SYSCALL EXIT STOP ------------------
------------------ SYSCALL ENTRY START ------------------
PID: 24912
SPID: 24912
Timestamp: 1684850425612072
Syscall = clock_gettime (113)
------------------ SYSCALL ENTRY STOP ------------------
------------------ SYSCALL EXIT START ------------------
PID: 24912
SPID: 24912
Timestamp: 1684850425613423
Return value: 000000000000000000
------------------ SYSCALL EXIT STOP ------------------
------------------ SYSCALL ENTRY START ------------------
PID: 24912
SPID: 24912
Timestamp: 1684850425613502
Syscall = read (63)
------------------ SYSCALL ENTRY STOP ------------------
------------------ SYSCALL EXIT START ------------------
PID: 24912
SPID: 24912
Timestamp: 1684850425614944
Return value: 0x0000000000000030
------------------ SYSCALL EXIT STOP ------------------
------------------ SYSCALL ENTRY START ------------------
PID: 24912
SPID: 24912
Timestamp: 1684850425615146
Syscall = getuid (174)
------------------ SYSCALL ENTRY STOP ------------------
------------------ SYSCALL EXIT START ------------------
PID: 24912
SPID: 24912
Timestamp: 1684850425617659
Return value: 0x0000000000002876
------------------ SYSCALL EXIT STOP------------------
------------------ SYSCALL ENTRY START ------------------
PID: 24912
SPID: 24912
Timestamp: 1684850425617874
Syscall = epoll_pwait (22)
------------------ SYSCALL ENTRY STOP ------------------
------------------ SYSCALL EXIT START ------------------
PID: 24912
SPID: 24912
Timestamp: 1684850425618646
Return value: 0x0000000000000001
------------------ SYSCALL EXIT STOP ------------------
------------------ SYSCALL ENTRY START ------------------
PID: 24912
SPID: 24912
Timestamp: 1684850425618733
Syscall = read (63)
------------------ SYSCALL ENTRY STOP ------------------
------------------ SYSCALL EXIT START ------------------
PID: 24912
SPID: 24912
Timestamp: 1684850425639607
Return value: 0x0000000000000008
------------------ SYSCALL EXIT STOP ------------------
------------------ SYSCALL ENTRY START ------------------
PID: 24912
SPID: 24912
Timestamp: 1684850425640559
Syscall = clock_gettime (113)
------------------ SYSCALL ENTRY STOP ------------------
------------------ SYSCALL EXIT START ------------------
PID: 24912
SPID: 24912
Timestamp: 1684850425646724
Return value: 000000000000000000
------------------ SYSCALL EXIT STOP ------------------
------------------ SYSCALL ENTRY START ------------------
PID: 24912
SPID: 24912
Timestamp: 1684850425647406
Syscall = clock_gettime (113)
------------------ SYSCALL ENTRY STOP ------------------
------------------SYSCALL EXIT START ------------------
PID: 24912
SPID: 24912
Timestamp: 1684850425649253
Return value: 000000000000000000
------------------ SYSCALL EXIT STOP ------------------
------------------ SYSCALL ENTRY START ------------------
PID: 24912
SPID: 24912
Timestamp: 1684850425649348
Syscall = gettimeofday (169)
------------------ SYSCALL ENTRY STOP ------------------
------------------ SYSCALLEXIT START ------------------
PID: 24912
SPID: 24912
Timestamp: 1684850425649615
Return value: 000000000000000000
------------------ SYSCALL EXIT STOP ------------------
------------------ SYSCALL ENTRY START ------------------
PID: 24912
SPID: 24912
Timestamp: 1684850425649654
Syscall = read (63)
------------------ SYSCALL ENTRY STOP ------------------
------------------ SYSCALL EXIT START ------------------
PID: 24912
SPID: 24912
Timestamp: 1684850425649965
Return value: 0x0000000000000030
------------------ SYSCALL EXIT STOP ------------------
------------------ SYSCALL ENTRY START ------------------
PID: 24912
SPID: 24912
Timestamp: 1684850425650186
Syscall = clock_gettime (113)
------------------ SYSCALL ENTRY STOP ------------------
------------------ SYSCALL EXIT START ------------------
PID: 24912
SPID: 24912
Timestamp: 1684850425650543
Return value: 000000000000000000
------------------ SYSCALL EXIT STOP ------------------
------------------ SYSCALL ENTRY START ------------------
PID: 24912
SPID: 24912
Timestamp: 1684850425650612
Syscall = clock_gettime (113)
------------------ SYSCALL ENTRY STOP ------------------
------------------ SYSCALL EXIT START ------------------
PID: 24912
SPID: 24912
Timestamp: 1684850425651334
Return value: 000000000000000000
------------------ SYSCALL EXIT STOP ------------------
------------------ SYSCALL ENTRY START ------------------
PID: 24912
SPID: 24912
Timestamp: 1684850425651429
Syscall = clock_gettime (113)
------------------ SYSCALL ENTRY STOP ------------------
------------------ SYSCALL EXIT START ------------------
PID: 24912
SPID: 24912
Timestamp: 1684850425652102
Return value: 000000000000000000
------------------ SYSCALL EXIT STOP ------------------
------------------ SYSCALL ENTRY START ------------------
PID: 24912
SPID: 24912
Timestamp: 1684850425652166
Syscall = clock_gettime (113)
------------------ SYSCALL ENTRY STOP ------------------
------------------ SYSCALL EXIT START ------------------
PID: 24912
SPID: 24912
Timestamp: 1684850425662695
Return value: 000000000000000000
------------------ SYSCALL EXIT STOP ------------------
------------------ SYSCALL ENTRY START ------------------
PID: 24912
SPID:24912
Timestamp: 1684850425662837
Syscall = clock_gettime (113)
------------------ SYSCALL ENTRY STOP ------------------
------------------ SYSCALL EXIT START ------------------
PID: 24912
SPID: 24912
Timestamp: 1684850425665486
Return value: 000000000000000000
------------------ SYSCALL EXIT STOP ------------------
------------------ SYSCALL ENTRY START ------------------
PID: 24912
SPID: 24912
Timestamp: 1684850425665706
Syscall = clock_gettime (113)
------------------ SYSCALL ENTRY STOP ------------------
------------------ SYSCALL EXIT START ------------------
PID: 24912
SPID: 24912
Timestamp: 1684850425666492
Return value: 000000000000000000
------------------ SYSCALL EXIT STOP ------------------
------------------ SYSCALL ENTRY START ------------------
PID: 24912
SPID: 24912
Timestamp: 1684850425666577
Syscall = clock_gettime (113)
------------------ SYSCALL ENTRY STOP ------------------
------------------ SYSCALL EXIT START ------------------
PID: 24912
SPID: 24912
Timestamp: 1684850425666865
Return value: 000000000000000000
------------------ SYSCALL EXIT STOP ------------------
------------------ SYSCALL ENTRY START ------------------
PID: 24912
SPID: 24912
Timestamp: 1684850425667005
Syscall = clock_gettime (113)
------------------ SYSCALL ENTRY STOP ------------------
------------------ SYSCALL EXIT START ------------------
PID: 24912
SPID: 24912
Timestamp: 1684850425667307
Return value: 000000000000000000
------------------ SYSCALL EXIT STOP ------------------
------------------ SYSCALL ENTRY START ------------------
PID: 24912
SPID: 24912
Timestamp: 1684850425667361
Syscall = clock_gettime (113)
------------------ SYSCALL ENTRY STOP ------------------
------------------ SYSCALL EXIT START ------------------
PID: 24912
SPID: 24912
Timestamp: 1684850425667625
Return value: 000000000000000000
------------------ SYSCALL EXIT STOP ------------------
------------------ SYSCALL ENTRY START ------------------
PID: 24912
SPID: 24912
Timestamp: 1684850425667716
Syscall = write (64)
------------------ SYSCALL ENTRY STOP ------------------
------------------ SYSCALL EXIT START ------------------
PID: 24912
SPID: 24912
Timestamp: 1684850425667994
Return value: 0x0000000000000008
------------------ SYSCALL EXIT STOP ------------------
------------------ SYSCALL ENTRY START ------------------
PID: 24912
SPID: 24912
Timestamp: 1684850425668582
Syscall = clock_gettime (113)
------------------ SYSCALL ENTRY STOP ------------------
------------------ SYSCALL EXIT START ------------------
PID: 24912
SPID: 24912
Timestamp: 1684850425668884
Return value: 000000000000000000
------------------ SYSCALL EXIT STOP ------------------
------------------ SYSCALL ENTRYSTART ------------------
PID: 24912
SPID: 24912
Timestamp: 1684850425669299
Syscall = clock_gettime(113)
------------------ SYSCALL ENTRY STOP ------------------
------------------ SYSCALL EXIT START ------------------
PID: 24912
SPID: 24912
Timestamp: 1684850425669837
Return value: 000000000000000000
------------------ SYSCALL EXIT STOP ------------------
------------------ SYSCALL ENTRY START ------------------
PID: 24912
SPID: 24912
Timestamp: 1684850425669907
Syscall = clock_gettime (113)
------------------ SYSCALL ENTRY STOP ------------------
------------------ SYSCALL EXIT START ------------------
PID: 24912
SPID: 24912
Timestamp: 1684850425670343
Return value: 000000000000000000
------------------ SYSCALL EXIT STOP ------------------
------------------ SYSCALL ENTRY START ------------------
PID: 24912
SPID: 24912
Timestamp: 1684850425670470
Syscall = recvfrom (207)
------------------ SYSCALL ENTRY STOP ------------------
------------------ SYSCALL EXIT START ------------------
PID: 24912
SPID: 24912
Timestamp: 1684850425670782
Return value: 0xfffffffffffffff5
------------------ SYSCALL EXIT STOP ------------------
------------------ SYSCALL ENTRY START ------------------
PID: 24912
SPID: 24912
Timestamp: 1684850425670872
Syscall = ioctl (29)
------------------ SYSCALL ENTRY STOP ------------------
------------------ SYSCALL EXIT START ------------------
PID: 24912
SPID: 24912
Timestamp: 1684850425671536
Return value: 000000000000000000
------------------ SYSCALL EXIT STOP ------------------
------------------ SYSCALL ENTRY START ------------------
PID: 24912
SPID:24912
Timestamp: 1684850425671766
Syscall = clock_gettime (113)
------------------ SYSCALL ENTRY STOP ------------------
------------------ SYSCALL EXIT START ------------------
PID: 24912
SPID: 24912
Timestamp: 1684850425672290
Return value: 000000000000000000
------------------ SYSCALL EXIT STOP ------------------
------------------ SYSCALL ENTRY START ------------------
PID: 24912
SPID: 24912
Timestamp: 1684850425672423
Syscall = clock_gettime (113)
------------------ SYSCALL ENTRY STOP ------------------
------------------ SYSCALL EXIT START ------------------
PID: 24912
SPID: 24912
Timestamp: 1684850425672805
Return value: 000000000000000000
------------------ SYSCALL EXIT STOP ------------------
------------------ SYSCALL ENTRY START ------------------
PID: 24912
SPID: 24912
Timestamp: 1684850425672889
Syscall = write (64)
------------------ SYSCALL ENTRY STOP ------------------
------------------ SYSCALL EXIT START ------------------
PID: 24912
SPID: 24912
Timestamp: 1684850425673342
Return value: 0x0000000000000008
------------------ SYSCALL EXIT STOP ------------------
------------------ SYSCALL ENTRY START ------------------
PID: 24912
SPID: 24912
Timestamp: 1684850425675543
Syscall = futex (98)
------------------ SYSCALL ENTRY STOP ------------------
------------------ SYSCALL EXIT START ------------------
PID: 24912
SPID: 24912
Timestamp: 1684850425678030
Return value: 0x0000000000000001
------------------ SYSCALL EXIT STOP ------------------
------------------ SYSCALL ENTRY START ------------------
PID: 24912
SPID: 24912
Timestamp: 1684850425678167
Syscall = futex (98)
------------------ SYSCALL ENTRY STOP ------------------
------------------ SYSCALL EXIT START ------------------
PID: 24912
SPID: 24912
Timestamp: 1684850425679927
Return value: 0x0000000000000001
------------------ SYSCALL EXIT STOP ------------------
------------------ SYSCALL ENTRY START ------------------
PID: 24912
SPID: 24912
Timestamp: 1684850425681015
Syscall = madvise (233)
------------------ SYSCALL ENTRY STOP ------------------
------------------ SYSCALL EXIT START ------------------
PID: 24912
SPID: 24912
Timestamp: 1684850425681596
Return value: 000000000000000000
------------------ SYSCALL EXIT STOP ------------------
------------------ SYSCALL ENTRY START ------------------
PID: 24912
SPID: 24912
Timestamp: 1684850425681714
Syscall = madvise (233)
------------------ SYSCALL ENTRY STOP ------------------
------------------ SYSCALL EXIT START ------------------
PID: 24912
SPID: 24912
Timestamp: 1684850425683070
Return value: 000000000000000000
------------------SYSCALL EXIT STOP ------------------
------------------ SYSCALL ENTRY START ------------------
PID:24912
SPID: 24912
Timestamp: 1684850425683328
Syscall = madvise (233)
------------------ SYSCALL ENTRY STOP ------------------
------------------ SYSCALL EXIT START ------------------
PID: 24912
SPID: 24912
Timestamp: 1684850425683832
Return value: 000000000000000000
------------------ SYSCALL EXITSTOP ------------------
------------------ SYSCALL ENTRY START ------------------
PID: 24912
SPID: 24912
Timestamp: 1684850425684402
Syscall = madvise (233)
------------------ SYSCALL ENTRY STOP ------------------
------------------ SYSCALL EXIT START ------------------
PID: 24912
SPID: 24912
Timestamp: 1684850425685170
Return value: 000000000000000000
------------------ SYSCALL EXIT STOP ------------------
------------------ SYSCALL ENTRY START ------------------
PID: 24912
SPID: 24912
Timestamp: 1684850425685309
Syscall = madvise (233)
------------------ SYSCALL ENTRY STOP ------------------
------------------ SYSCALL EXIT START ------------------
PID: 24912
SPID: 24912
Timestamp: 1684850425685969
Return value: 000000000000000000
------------------ SYSCALL EXIT STOP ------------------
------------------ SYSCALL ENTRY START ------------------
PID: 24912
SPID: 24912
Timestamp: 1684850425686390
Syscall = madvise (233)
------------------ SYSCALL ENTRY STOP ------------------
------------------ SYSCALL EXIT START ------------------
PID: 24912
SPID: 24912
Timestamp: 1684850425687428
Return value: 000000000000000000
------------------ SYSCALL EXIT STOP ------------------
------------------ SYSCALL ENTRY START ------------------
PID: 24912
SPID: 24912
Timestamp: 1684850425687526
Syscall = madvise (233)
------------------ SYSCALL ENTRY STOP ------------------
------------------ SYSCALL EXIT START ------------------
PID: 24912
SPID: 24912
Timestamp: 1684850425689497
Return value: 000000000000000000
------------------ SYSCALL EXIT STOP ------------------
------------------ SYSCALL ENTRY START ------------------
PID: 24912
SPID: 24912
Timestamp: 1684850425689608
Syscall = madvise (233)
------------------ SYSCALL ENTRY STOP ------------------
------------------ SYSCALL EXIT START------------------
PID: 24912
SPID: 24912
Timestamp: 1684850425691149
Return value: 000000000000000000
------------------ SYSCALL EXIT STOP ------------------
------------------ SYSCALL ENTRY START ------------------
PID: 24912
SPID: 24912
Timestamp: 1684850425691224
Syscall = madvise (233)
------------------ SYSCALL ENTRY STOP ------------------
------------------ SYSCALL EXIT START ------------------
PID: 24912
SPID: 24912
Timestamp: 1684850425692831
Return value: 000000000000000000
------------------ SYSCALL EXIT STOP ------------------
------------------ SYSCALL ENTRY START ------------------
PID: 24912
SPID: 24912
Timestamp: 1684850425692907
Syscall = madvise (233)
------------------ SYSCALL ENTRY STOP ------------------
------------------ SYSCALL EXIT START ------------------
PID: 24912
SPID: 24912
Timestamp: 1684850425695107
Return value: 000000000000000000
------------------ SYSCALL EXIT STOP ------------------
------------------ SYSCALL ENTRY START ------------------
PID: 24912
SPID: 24912
Timestamp: 1684850425703654
Syscall = futex (98)
------------------ SYSCALL ENTRY STOP ------------------
------------------ SYSCALL EXIT START ------------------
PID: 24912
SPID: 24912
Timestamp: 1684850425704442
Return value: 0x0000000000000001
------------------ SYSCALL EXIT STOP ------------------
------------------ SYSCALL ENTRY START ------------------
PID: 24912
SPID: 24912
Timestamp: 1684850425704600
Syscall = futex (98)
------------------ SYSCALL ENTRY STOP ------------------
------------------ SYSCALL EXIT START ------------------
PID: 24912
SPID: 24912
Timestamp: 1684850425704844
Return value: 0x0000000000000001
------------------ SYSCALL EXIT STOP ------------------
------------------ SYSCALL ENTRY START ------------------
PID: 24912
SPID: 24912
Timestamp: 1684850425707544
Syscall = clock_gettime (113)
------------------ SYSCALL ENTRY STOP ------------------
------------------ SYSCALL EXIT START ------------------
PID: 24912
SPID: 24912
Timestamp: 1684850425708006
Return value: 000000000000000000
------------------ SYSCALL EXIT STOP ------------------
------------------ SYSCALL ENTRY START ------------------
PID: 24912
SPID: 24912
Timestamp: 1684850425708113
Syscall = write (64)
------------------ SYSCALL ENTRY STOP ------------------
------------------SYSCALL EXIT START ------------------
PID: 24912
SPID: 24912
Timestamp: 1684850425708758
Return value: 0x0000000000000008
------------------ SYSCALL EXIT STOP ------------------
------------------ SYSCALL ENTRY START ------------------
PID: 24912
SPID: 24912
Timestamp: 1684850425708952
Syscall = futex (98)
------------------ SYSCALL ENTRY STOP ------------------
------------------ SYSCALL EXIT START ------------------
PID: 24912
SPID: 24912
Timestamp: 1684850425711315
Return value: 0x0000000000000001
------------------ SYSCALL EXIT STOP ------------------
------------------ SYSCALL ENTRY START ------------------
PID: 24912
SPID: 24912
Timestamp: 1684850425711477
Syscall = futex (98)
------------------ SYSCALL ENTRY STOP ------------------
------------------ SYSCALL EXIT START ------------------
PID: 24912
SPID: 24912
Timestamp: 1684850425712644
Return value: 0xfffffffffffffff5
------------------ SYSCALL EXIT STOP ------------------
------------------ SYSCALL ENTRY START ------------------
PID: 24912
SPID: 24912
Timestamp: 1684850425713525
Syscall = clock_gettime (113)
------------------ SYSCALL ENTRY STOP ------------------
------------------ SYSCALL EXIT START ------------------
PID: 24912
SPID: 24912
Timestamp: 1684850425715210
Return value: 000000000000000000
------------------ SYSCALL EXIT STOP ------------------
------------------ SYSCALL ENTRY START ------------------
PID: 24912
SPID: 24912
Timestamp: 1684850425715323
Syscall = clock_gettime (113)
------------------ SYSCALL ENTRY STOP ------------------
------------------ SYSCALL EXIT START ------------------
PID: 24912
SPID: 24912
Timestamp: 1684850425715629
Return value: 000000000000000000
------------------ SYSCALL EXIT STOP ------------------
------------------ SYSCALL ENTRY START ------------------
PID: 24912
SPID: 24912
Timestamp: 1684850425715689
Syscall = read (63)
------------------ SYSCALL ENTRY STOP ------------------
------------------ SYSCALL EXIT START ------------------
PID: 24912
SPID: 24912
Timestamp: 1684850425716011
Return value: 0x0000000000000030
------------------ SYSCALL EXIT STOP ------------------
------------------ SYSCALL ENTRY START ------------------
PID: 24912
SPID: 24912
Timestamp: 1684850425716090
Syscall = getuid (174)
------------------ SYSCALL ENTRY STOP ------------------
------------------ SYSCALL EXIT START ------------------
PID: 24912
SPID: 24912
Timestamp: 1684850425716336
Return value: 0x0000000000002876
------------------ SYSCALL EXIT STOP ------------------
------------------ SYSCALL ENTRY START ------------------
PID: 24912
SPID: 24912
Timestamp: 1684850425716400
Syscall = epoll_pwait (22)
------------------ SYSCALL ENTRY STOP ------------------
------------------ SYSCALL EXIT START ------------------
PID: 24912
SPID: 24912
Timestamp: 1684850425716760
Return value: 0x0000000000000002
------------------ SYSCALL EXIT STOP ------------------
------------------ SYSCALL ENTRY START ------------------
PID: 24912
SPID: 24912
Timestamp: 1684850425716799
Syscall = read (63)
------------------ SYSCALL ENTRY STOP ------------------
------------------ SYSCALL EXIT START ------------------
PID: 24912
SPID: 24912
Timestamp: 1684850425717047
Return value: 0x0000000000000008
------------------ SYSCALL EXIT STOP ------------------
------------------ SYSCALL ENTRY START ------------------
PID: 24912
SPID: 24912
Timestamp: 1684850425717096
Syscall = recvfrom (207)
------------------ SYSCALL ENTRY STOP ------------------
------------------ SYSCALL EXIT START ------------------
PID: 24912
SPID: 24912
Timestamp: 1684850425717344
Return value: 0x0000000000000040
------------------ SYSCALL EXIT STOP ------------------
------------------ SYSCALL ENTRY START ------------------
PID: 24912
SPID: 24912
Timestamp: 1684850425717376
Syscall = recvfrom (207)
------------------ SYSCALL ENTRY STOP ------------------
------------------ SYSCALL EXIT START ------------------
PID: 24912
SPID: 24912
Timestamp: 1684850425717597
Return value: 0xfffffffffffffff5
------------------ SYSCALL EXIT STOP ------------------
------------------ SYSCALL ENTRY START ------------------
PID: 24912
SPID: 24912
Timestamp: 1684850425717755
Syscall = clock_gettime (113)
------------------ SYSCALL ENTRY STOP ------------------
------------------ SYSCALL EXIT START ------------------
PID: 24912
SPID: 24912
Timestamp: 1684850425718086
Return value: 000000000000000000
------------------ SYSCALL EXIT STOP ------------------
------------------ SYSCALL ENTRY START ------------------
PID: 24912
SPID: 24912
Timestamp: 1684850425718187
Syscall = clock_gettime (113)
------------------ SYSCALL ENTRY STOP ------------------
------------------ SYSCALL EXIT START ------------------
PID: 24912
SPID: 24912
Timestamp: 1684850425723174
Return value: 000000000000000000
------------------ SYSCALL EXIT STOP ------------------
------------------ SYSCALL ENTRY START ------------------
PID: 24912
SPID: 24912
Timestamp: 1684850425723290
Syscall = gettimeofday (169)
------------------ SYSCALL ENTRY STOP ------------------
------------------ SYSCALL EXIT START ------------------
PID: 24912
SPID: 24912
Timestamp: 1684850425724210
Return value: 000000000000000000
------------------ SYSCALL EXIT STOP ------------------
------------------ SYSCALL ENTRY START ------------------
PID: 24912
SPID: 24912
Timestamp: 1684850425724300
Syscall = clock_gettime (113)
------------------ SYSCALL ENTRYSTOP ------------------
------------------ SYSCALL EXIT START ------------------
PID: 24912
SPID: 24912
Timestamp: 1684850425724887
Return value: 000000000000000000
------------------ SYSCALL EXIT STOP ------------------
------------------ SYSCALL ENTRY START ------------------
PID: 24912
SPID: 24912
Timestamp: 1684850425725010
Syscall = clock_gettime (113)
------------------ SYSCALL ENTRY STOP ------------------
------------------ SYSCALL EXIT START ------------------
PID: 24912
SPID: 24912
Timestamp: 1684850425725427
Return value: 000000000000000000
------------------ SYSCALL EXIT STOP ------------------
------------------ SYSCALL ENTRY START ------------------
PID: 24912
SPID: 24912
Timestamp: 1684850425725633
Syscall = gettimeofday (169)
------------------ SYSCALL ENTRY STOP ------------------
------------------ SYSCALL EXIT START ------------------
PID: 24912
SPID: 24912
Timestamp:1684850425726430
Return value: 000000000000000000
------------------ SYSCALL EXIT STOP ------------------
------------------ SYSCALL ENTRY START ------------------
PID: 24912
SPID: 24912
Timestamp: 1684850425726484
Syscall = read (63)
------------------ SYSCALL ENTRY STOP ------------------
------------------ SYSCALL EXIT START ------------------
PID: 24912
SPID: 24912
Timestamp: 1684850425727261
Return value: 0x0000000000000030
------------------ SYSCALL EXIT STOP ------------------
------------------ SYSCALL ENTRY START ------------------
PID: 24912
SPID: 24912
Timestamp: 1684850425727442
Syscall = clock_gettime (113)
------------------ SYSCALL ENTRY STOP ------------------
------------------ SYSCALL EXIT START ------------------
PID: 24912
SPID: 24912
Timestamp: 1684850425736378
Returnvalue: 000000000000000000
------------------ SYSCALL EXIT STOP ------------------
------------------ SYSCALL ENTRY START ------------------
PID: 24912
SPID: 24912
Timestamp: 1684850425736683
Syscall = read (63)
------------------ SYSCALL ENTRY STOP ------------------
------------------ SYSCALL EXITSTART ------------------
PID: 24912
SPID: 24912
Timestamp: 1684850425737989
Return value: 0x0000000000000030
------------------ SYSCALL EXIT STOP ------------------
------------------ SYSCALL ENTRY START ------------------
PID: 24912
SPID: 24912
Timestamp: 1684850425738159
Syscall = getuid (174)
------------------ SYSCALL ENTRY STOP ------------------
------------------ SYSCALL EXIT START ------------------
PID: 24912
SPID: 24912
Timestamp: 1684850425739926
Return value: 0x0000000000002876
------------------ SYSCALL EXIT STOP ------------------
------------------ SYSCALL ENTRY START ------------------
PID: 24912
SPID: 24912
Timestamp: 1684850425740050
Syscall = epoll_pwait (22)
------------------ SYSCALL ENTRY STOP ------------------
------------------ SYSCALL EXIT START ------------------
PID: 24912
SPID: 24912
Timestamp: 1684850425740933
Return value: 000000000000000000
------------------ SYSCALL EXIT STOP ------------------
------------------ SYSCALL ENTRY START ------------------
PID: 24912
SPID: 24912
Timestamp: 1684850425741021
Syscall = clock_gettime (113)
------------------ SYSCALL ENTRY STOP ------------------
------------------ SYSCALL EXIT START ------------------
PID: 24912
SPID: 24912
Timestamp: 1684850425741742
Return value: 000000000000000000
------------------ SYSCALL EXIT STOP ------------------
------------------ SYSCALL ENTRY START ------------------
PID: 24912
SPID: 24912
Timestamp: 1684850425741960
Syscall = clock_gettime (113)
------------------ SYSCALLENTRY STOP ------------------
------------------ SYSCALL EXIT START ------------------
PID: 24912
SPID: 24912
Timestamp: 1684850425742676
Return value: 000000000000000000
------------------ SYSCALL EXIT STOP ------------------
------------------ SYSCALL ENTRY START ------------------
PID: 24912
SPID: 24912
Timestamp: 1684850425742909
Syscall = gettimeofday (169)
------------------ SYSCALL ENTRY STOP ------------------
------------------ SYSCALL EXIT START ------------------
PID: 24912
SPID: 24912
Timestamp: 1684850425743299
Return value: 000000000000000000
------------------ SYSCALL EXIT STOP------------------
------------------ SYSCALL ENTRY START ------------------
PID: 24912
SPID: 24912
Timestamp: 1684850425743357
Syscall = read (63)
------------------ SYSCALL ENTRY STOP ------------------
------------------ SYSCALL EXIT START ------------------
PID: 24912
SPID: 24912
Timestamp: 1684850425743778
Return value: 0x0000000000000030
------------------ SYSCALL EXIT STOP ------------------
------------------ SYSCALL ENTRY START ------------------
PID: 24912
SPID: 24912
Timestamp: 1684850425744019
Syscall = ioctl (29)
------------------ SYSCALL ENTRY STOP ------------------
------------------ SYSCALL EXIT START ------------------
PID: 24912
SPID: 24912
Timestamp: 1684850425744881
Return value: 000000000000000000
------------------ SYSCALL EXIT STOP ------------------
------------------ SYSCALL ENTRY START ------------------
PID: 24912
SPID: 24912
Timestamp: 1684850425744982
Syscall = clock_gettime (113)
------------------ SYSCALL ENTRY STOP ------------------
------------------ SYSCALL EXIT START ------------------
PID: 24912
SPID: 24912
Timestamp: 1684850425745981
Return value: 000000000000000000
------------------ SYSCALL EXIT STOP ------------------
------------------ SYSCALL ENTRY START ------------------
PID: 24912
SPID: 24912
Timestamp: 1684850425746250
Syscall = read (63)
------------------ SYSCALL ENTRY STOP ------------------
------------------ SYSCALL EXIT START ------------------
PID: 24912
SPID: 24912
Timestamp: 1684850425749405
Return value: 0x0000000000000030
------------------ SYSCALL EXIT STOP ------------------
------------------ SYSCALL ENTRY START ------------------
PID: 24912
SPID: 24912
Timestamp: 1684850425749499
Syscall = getuid (174)
------------------ SYSCALL ENTRY STOP ------------------
------------------ SYSCALL EXIT START ------------------
PID: 24912
SPID: 24912
Timestamp: 1684850425749852
Return value: 0x0000000000002876
------------------ SYSCALL EXIT STOP ------------------
------------------ SYSCALL ENTRY START ------------------
PID: 24912
SPID: 24912
Timestamp: 1684850425749925
Syscall = epoll_pwait (22)
------------------ SYSCALL ENTRY STOP ------------------
------------------ SYSCALL EXIT START ------------------
PID: 24912
SPID: 24912
Timestamp: 1684850425750325
Return value: 000000000000000000
------------------ SYSCALL EXIT STOP ------------------
------------------ SYSCALL ENTRY START ------------------
PID: 24912
SPID: 24912
Timestamp: 1684850425750536
Syscall = clock_gettime (113)
------------------ SYSCALL ENTRY STOP ------------------
------------------ SYSCALL EXIT START ------------------
PID: 24912
SPID: 24912
Timestamp: 1684850425750793
Return value: 000000000000000000
------------------ SYSCALL EXIT STOP ------------------
------------------ SYSCALL ENTRY START ------------------
PID: 24912
SPID: 24912
Timestamp: 1684850425750916
Syscall = clock_gettime (113)
------------------ SYSCALL ENTRY STOP ------------------
------------------ SYSCALL EXIT START ------------------
PID: 24912
SPID: 24912
Timestamp: 1684850425751181
Return value: 000000000000000000
------------------ SYSCALL EXITSTOP ------------------
------------------ SYSCALL ENTRY START ------------------
PID: 24912
SPID: 24912
Timestamp: 1684850425751238
Syscall = gettimeofday (169)
------------------ SYSCALL ENTRY STOP------------------
------------------ SYSCALL EXIT START ------------------
PID: 24912
SPID: 24912
Timestamp: 1684850425755513
Return value: 000000000000000000
------------------ SYSCALL EXIT STOP ------------------
------------------ SYSCALL ENTRY START ------------------
PID: 24912
SPID: 24912
Timestamp: 1684850425755607
Syscall = read (63)
------------------ SYSCALL ENTRY STOP ------------------
------------------ SYSCALL EXIT START ------------------
PID: 24912
SPID: 24912
Timestamp: 1684850425756268
Return value: 0x0000000000000030
------------------ SYSCALL EXIT STOP ------------------
------------------ SYSCALL ENTRY START ------------------
PID: 24912
SPID: 24912
Timestamp: 1684850425756565
Syscall = clock_gettime (113)
------------------ SYSCALL ENTRY STOP ------------------
------------------ SYSCALL EXIT START ------------------
PID: 24912
SPID: 24912
Timestamp: 1684850425756963
Return value: 000000000000000000
------------------ SYSCALL EXIT STOP ------------------
------------------ SYSCALL ENTRY START ------------------
PID: 24912
SPID: 24912
Timestamp: 1684850425757051
Syscall = read (63)
------------------ SYSCALL ENTRY STOP ------------------
------------------ SYSCALL EXIT START ------------------
PID: 24912
SPID: 24912
Timestamp: 1684850425757860
Return value:0x0000000000000030
------------------ SYSCALL EXIT STOP ------------------
------------------ SYSCALL ENTRY START ------------------
PID: 24912
SPID: 24912
Timestamp: 1684850425757961
Syscall = getuid (174)
------------------ SYSCALL ENTRY STOP ------------------
------------------ SYSCALL EXIT START ------------------
PID: 24912
SPID: 24912
Timestamp: 1684850425758881
Return value: 0x0000000000002876
------------------ SYSCALL EXIT STOP ------------------
------------------ SYSCALL ENTRY START------------------
PID: 24912
SPID: 24912
Timestamp: 1684850425758995
Syscall = epoll_pwait (22)
------------------ SYSCALL ENTRY STOP ------------------
------------------ SYSCALL EXIT START ------------------
PID: 24912
SPID: 24912
Timestamp: 1684850425759251
Return value: 000000000000000000
------------------ SYSCALL EXIT STOP ------------------
------------------ SYSCALL ENTRY START ------------------
PID: 24912
SPID: 24912
Timestamp: 1684850425759301
Syscall = clock_gettime (113)
------------------ SYSCALL ENTRY STOP ------------------
------------------ SYSCALL EXIT START ------------------
PID: 24912
SPID: 24912
Timestamp: 1684850425760338
Return value: 000000000000000000
------------------ SYSCALL EXIT STOP ------------------
------------------ SYSCALL ENTRY START ------------------
PID: 24912
SPID: 24912
Timestamp: 1684850425760441
Syscall = clock_gettime (113)
------------------ SYSCALL ENTRY STOP ------------------
------------------ SYSCALL EXIT START ------------------
PID: 24912
SPID: 24912
Timestamp: 1684850425760833
Return value: 000000000000000000
------------------SYSCALL EXIT STOP ------------------
------------------ SYSCALL ENTRY START ------------------
