------------------ SYSCALL ENTRY START ------------------
PID: 25320
SPID: 25320
Timestamp: 1688553536329902
Syscall = ioctl (29)
------------------ SYSCALL ENTRY STOP ------------------
------------------ SYSCALL EXIT START ------------------
PID: 25320
SPID: 25320
Timestamp: 1688553536340242
Return value: 000000000000000000
------------------ SYSCALL EXIT STOP ------------------
------------------ SYSCALL ENTRY START ------------------
PID: 25320
SPID: 25320
Timestamp: 1688553536340519
Syscall = clock_gettime (113)
------------------ SYSCALL ENTRY STOP ------------------
------------------ SYSCALL EXIT START ------------------
PID: 25320
SPID: 25320
Timestamp: 1688553536340761
Return value: 000000000000000000
------------------ SYSCALL EXIT STOP ------------------
------------------ SYSCALL ENTRY START ------------------
PID: 25320
SPID: 25320
Timestamp: 1688553536340994
Syscall = ioctl (29)
------------------ SYSCALL ENTRY STOP ------------------
------------------ SYSCALL EXIT START ------------------
PID: 25320
SPID: 25320
Timestamp: 1688553536341284
Return value: 000000000000000000
------------------ SYSCALL EXIT STOP ------------------
------------------ SYSCALL ENTRY START ------------------
PID: 25320
SPID: 25320
Timestamp: 1688553536341431
Syscall = ioctl (29)
------------------ SYSCALL ENTRY STOP ------------------
------------------ SYSCALL EXIT START ------------------
PID: 25320
SPID: 25320
Timestamp: 1688553536341651
Return value: 000000000000000000
------------------ SYSCALL EXIT STOP ------------------
------------------ SYSCALL ENTRY START ------------------
PID: 25320
SPID: 25320
Timestamp: 1688553536341795
Syscall = fcntl (25)
------------------ SYSCALL ENTRY STOP ------------------
------------------ SYSCALL EXIT START ------------------
PID: 25320
SPID: 25320
Timestamp: 1688553536342017
Return value: 0x0000000000000062
------------------ SYSCALL EXIT STOP ------------------
------------------ SYSCALL ENTRY START ------------------
PID: 25320
SPID: 25320
Timestamp: 1688553536342387
Syscall =close (57)
------------------ SYSCALL ENTRY STOP ------------------
------------------ SYSCALL EXIT START ------------------
PID: 25320
SPID: 25320
Timestamp: 1688553536342676
Return value: 000000000000000000
------------------ SYSCALL EXIT STOP ------------------
------------------ SYSCALL ENTRY START ------------------
PID: 25320
SPID: 25320
Timestamp: 1688553536344255
Syscall = ioctl (29)
------------------ SYSCALL ENTRY STOP ------------------
------------------ SYSCALL EXIT START ------------------
PID: 25320
SPID: 25320
Timestamp: 1688553536344519
Return value: 000000000000000000
------------------ SYSCALL EXIT STOP ------------------
------------------ SYSCALL ENTRY START ------------------
PID: 25320
SPID: 25320
Timestamp: 1688553536344866
Syscall = clock_gettime (113)
------------------ SYSCALL ENTRY STOP ------------------
------------------ SYSCALL EXIT START ------------------
PID: 25320
SPID: 25320
Timestamp: 1688553536345083
Return value: 000000000000000000
------------------ SYSCALL EXIT STOP ------------------
------------------ SYSCALL ENTRY START ------------------
PID: 25320
SPID: 25320
Timestamp: 1688553536345206
Syscall = clock_gettime (113)
------------------ SYSCALL ENTRY STOP ------------------
------------------ SYSCALL EXIT START ------------------
PID: 25320
SPID: 25320
Timestamp: 1688553536345392
Return value: 000000000000000000
------------------ SYSCALL EXIT STOP ------------------
------------------ SYSCALL ENTRY START ------------------
PID: 25320
SPID: 25320
Timestamp: 1688553536345572
Syscall = clock_gettime (113)
------------------ SYSCALL ENTRY STOP ------------------
------------------ SYSCALL EXIT START ------------------
PID: 25556
SPID: 25556
Timestamp: 1688553797100639
Return value: 000000000000000000
------------------ SYSCALL EXIT STOP ------------------
------------------ SYSCALL ENTRY START ------------------
PID: 25556
SPID: 25556
Timestamp: 1688553797100726
Syscall = clock_gettime (113)
------------------ SYSCALL ENTRY STOP ------------------
------------------ SYSCALL EXIT START ------------------
PID: 25556
SPID: 25556
Timestamp: 1688553797100917
Return value: 000000000000000000
------------------ SYSCALL EXIT STOP ------------------
------------------ SYSCALL ENTRY START ------------------
PID: 25556
SPID: 25556
Timestamp: 1688553797100955
Syscall = clock_gettime (113)
------------------ SYSCALL ENTRY STOP ------------------
------------------ SYSCALL EXIT START ------------------
PID: 25556
SPID: 25556
Timestamp: 1688553797101185
Return value: 000000000000000000
------------------ SYSCALL EXIT STOP ------------------
------------------ SYSCALL ENTRY START ------------------
PID: 25556
SPID: 25556
Timestamp: 1688553797101636
Syscall = clock_gettime (113)
------------------ SYSCALL ENTRY STOP ------------------
------------------ SYSCALL EXIT START ------------------
PID: 25556
SPID: 25556
Timestamp: 1688553797101891
Return value: 000000000000000000
------------------ SYSCALL EXIT STOP ------------------
------------------ SYSCALL ENTRY START ------------------
PID: 25556
SPID: 25556
Timestamp: 1688553797101929
Syscall = clock_gettime (113)
------------------ SYSCALL ENTRY STOP ------------------
------------------ SYSCALL EXIT START ------------------
PID: 25556
SPID: 25556
Timestamp: 1688553797102134
Return value: 000000000000000000
------------------ SYSCALL EXIT STOP ------------------
------------------ SYSCALL ENTRY START ------------------
PID: 25556
SPID: 25556
Timestamp: 1688553797102213
Syscall = clock_gettime (113)
------------------ SYSCALL ENTRY STOP ------------------
------------------ SYSCALL EXIT START ------------------
PID: 25556
SPID: 25556
Timestamp: 1688553797102430
Return value: 000000000000000000
------------------ SYSCALL EXIT STOP ------------------
------------------ SYSCALL ENTRY START ------------------
PID: 25556
SPID: 25556
Timestamp: 1688553797102470
Syscall = clock_gettime (113)
------------------ SYSCALL ENTRY STOP ------------------
------------------ SYSCALL EXIT START ------------------
PID: 25556
SPID: 25556
Timestamp: 1688553797102658
Return value: 000000000000000000
------------------ SYSCALL EXIT STOP ------------------
------------------ SYSCALL ENTRY START ------------------
PID: 25556
SPID: 25556
Timestamp: 1688553797102726
Syscall = clock_gettime (113)
------------------ SYSCALL ENTRY STOP ------------------
------------------ SYSCALL EXIT START ------------------
PID: 25556
SPID: 25556
Timestamp: 1688553797102920
Return value: 000000000000000000
------------------ SYSCALL EXIT STOP ------------------
------------------ SYSCALL ENTRY START ------------------
PID: 25556
SPID: 25556
Timestamp: 1688553797102953
Syscall = clock_gettime (113)
------------------ SYSCALL ENTRY STOP ------------------
------------------ SYSCALL EXIT START ------------------
PID: 25556
SPID: 25556
Timestamp: 1688553797103140
Return value: 000000000000000000
------------------ SYSCALL EXIT STOP ------------------
------------------ SYSCALL ENTRY START ------------------
PID: 25556
SPID: 25556
Timestamp: 1688553797103265
Syscall = clock_gettime (113)
------------------ SYSCALL ENTRY STOP ------------------
------------------ SYSCALL EXIT START ------------------
PID: 25556
SPID: 25556
Timestamp: 1688553797103507
Return value: 000000000000000000
------------------ SYSCALL EXIT STOP ------------------
------------------ SYSCALL ENTRY START ------------------
PID: 25556
SPID: 25556
Timestamp: 1688553797103546
Syscall = clock_gettime (113)
------------------ SYSCALL ENTRY STOP ------------------
------------------ SYSCALL EXIT START ------------------
PID: 25556
SPID: 25556
Timestamp: 1688553797103739
Return value: 000000000000000000
------------------ SYSCALL EXIT STOP ------------------
------------------ SYSCALL ENTRY START ------------------
PID: 25556
SPID: 25556
Timestamp: 1688553797103826
Syscall = futex (98)
------------------ SYSCALL ENTRY STOP ------------------
------------------ SYSCALL EXIT START ------------------
PID: 25556
SPID: 25556
Timestamp: 1688553797104100
Return value: 000000000000000000
------------------ SYSCALL EXIT STOP ------------------
------------------ SYSCALL ENTRY START ------------------
PID: 25556
SPID: 25556
Timestamp: 1688553797104136
Syscall = futex (98)
------------------ SYSCALL ENTRY STOP ------------------
------------------ SYSCALL EXIT START ------------------
PID: 25556
SPID: 25556
Timestamp: 1688553797104331
Return value: 000000000000000000
------------------ SYSCALL EXIT STOP ------------------
------------------ SYSCALL ENTRY START ------------------
PID: 25556
SPID: 25556
Timestamp: 1688553797104359
Syscall = futex (98)
------------------ SYSCALL ENTRY STOP------------------
------------------ SYSCALL EXIT START ------------------
PID: 25556
SPID: 25556
Timestamp: 1688553797104540
Return value: 000000000000000000
------------------ SYSCALL EXIT STOP ------------------
------------------ SYSCALL ENTRY START ------------------
PID: 25556
SPID: 25556
Timestamp: 1688553797104575
Syscall = futex (98)
------------------ SYSCALL ENTRY STOP ------------------
------------------ SYSCALL EXIT START ------------------
PID: 25556
SPID: 25556
Timestamp: 1688553797104777
Return value: 000000000000000000
------------------ SYSCALL EXIT STOP ------------------
------------------ SYSCALL ENTRY START ------------------
PID: 25556
SPID: 25556
Timestamp: 1688553797104804
Syscall = futex (98)
------------------ SYSCALL ENTRY STOP ------------------
------------------ SYSCALL EXIT START ------------------
PID: 25556
SPID: 25556
Timestamp: 1688553797104991
Return value: 000000000000000000
------------------ SYSCALL EXIT STOP ------------------
------------------ SYSCALL ENTRY START ------------------
PID: 25556
SPID: 25556
Timestamp: 1688553797105020
Syscall = futex (98)
------------------ SYSCALL ENTRY STOP ------------------
------------------ SYSCALL EXIT START ------------------
PID: 25556
SPID: 25556
Timestamp: 1688553797105199
Return value: 000000000000000000
------------------ SYSCALL EXIT STOP ------------------
------------------ SYSCALL ENTRY START ------------------
PID: 25556
SPID: 25556
Timestamp: 1688553797105227
Syscall = futex (98)
------------------ SYSCALL ENTRY STOP ------------------
------------------ SYSCALL EXIT START ------------------
PID: 25556
SPID: 25556
Timestamp: 1688553797105403
Return value: 000000000000000000
------------------ SYSCALL EXIT STOP ------------------
------------------ SYSCALL ENTRY START ------------------
PID: 25556
SPID: 25556
Timestamp: 1688553797105430
Syscall = futex (98)
------------------ SYSCALL ENTRY STOP ------------------
------------------ SYSCALL EXIT START ------------------
PID: 25556
SPID: 25556
Timestamp: 1688553797105608
Return value: 000000000000000000
------------------ SYSCALL EXIT STOP ------------------
------------------ SYSCALL ENTRY START ------------------
PID: 25556
SPID: 25556
Timestamp: 1688553797105636
Syscall = futex (98)
------------------ SYSCALL ENTRY STOP ------------------
------------------ SYSCALL EXIT START ------------------
PID: 25556
SPID: 25556
Timestamp: 1688553797105829
Return value: 000000000000000000
------------------ SYSCALL EXIT STOP ------------------
------------------ SYSCALL ENTRY START ------------------
PID: 25556
SPID: 25556
Timestamp: 1688553797105857
Syscall = futex (98)
------------------ SYSCALL ENTRY STOP ------------------
------------------ SYSCALL EXIT START ------------------
PID: 25556
SPID: 25556
Timestamp: 1688553797106035
Return value: 000000000000000000
------------------ SYSCALL EXIT STOP ------------------
------------------ SYSCALL ENTRY START ------------------
PID: 25556
SPID: 25556
Timestamp: 1688553797106062
Syscall = futex (98)
------------------ SYSCALL ENTRY STOP------------------
------------------ SYSCALL EXIT START ------------------
PID: 25556
SPID: 25556
Timestamp: 1688553797108753
Return value: 000000000000000000
------------------ SYSCALL EXIT STOP ------------------
------------------ SYSCALL ENTRY START ------------------
PID: 25556
SPID: 25556
Timestamp: 1688553797108804
Syscall = futex (98)
------------------ SYSCALL ENTRY STOP ------------------
------------------ SYSCALL EXIT START ------------------
PID: 25556
SPID: 25556
Timestamp: 1688553797109104
Return value: 000000000000000000
------------------ SYSCALL EXIT STOP ------------------
------------------ SYSCALL ENTRY START ------------------
PID: 25556
SPID: 25556
Timestamp: 1688553797109141
Syscall = futex (98)
------------------ SYSCALL ENTRY STOP ------------------
------------------ SYSCALL EXIT START ------------------
PID: 25556
SPID: 25556
Timestamp: 1688553797109383
Return value: 000000000000000000
------------------ SYSCALL EXIT STOP ------------------
------------------ SYSCALL ENTRY START ------------------
PID: 25556
SPID: 25556
Timestamp: 1688553797109418
Syscall = futex (98)
------------------ SYSCALL ENTRY STOP ------------------
------------------ SYSCALL EXIT START ------------------
PID: 25556
SPID: 25556
Timestamp: 1688553797109650
Return value: 000000000000000000
------------------ SYSCALL EXIT STOP ------------------
------------------ SYSCALL ENTRY START ------------------
PID: 25556
SPID: 25556
Timestamp: 1688553797109683
Syscall = futex (98)
------------------ SYSCALL ENTRY STOP ------------------
------------------ SYSCALL EXIT START ------------------
PID: 25556
SPID: 25556
Timestamp: 1688553797109881
Return value: 000000000000000000
------------------ SYSCALL EXIT STOP ------------------
------------------ SYSCALL ENTRY START ------------------
PID: 25556
SPID: 25556
Timestamp: 1688553797109913
Syscall = futex (98)
------------------ SYSCALL ENTRY STOP ------------------
------------------ SYSCALL EXIT START ------------------
PID: 25556
SPID: 25556
Timestamp: 1688553797110108
Return value: 000000000000000000
------------------ SYSCALL EXIT STOP ------------------
------------------ SYSCALL ENTRY START ------------------
PID: 25556
SPID: 25556
Timestamp: 1688553797110139
Syscall = futex (98)
------------------ SYSCALL ENTRY STOP ------------------
------------------ SYSCALL EXIT START ------------------
PID: 25556
SPID: 25556
Timestamp: 1688553797110327
Return value: 000000000000000000
------------------ SYSCALL EXIT STOP ------------------
------------------ SYSCALL ENTRY START ------------------
PID: 25556
SPID: 25556
Timestamp: 1688553797110357
Syscall = futex (98)
------------------ SYSCALL ENTRY STOP ------------------
------------------ SYSCALL EXIT START ------------------
PID: 25556
SPID: 25556
Timestamp: 1688553797110565
Return value: 0x0000000000000002
------------------ SYSCALL EXIT STOP ------------------
------------------ SYSCALL ENTRY START ------------------
PID: 25556
SPID: 25556
Timestamp: 1688553797110596
Syscall = futex (98)
------------------ SYSCALL ENTRY STOP------------------
------------------ SYSCALL EXIT START ------------------
PID: 25556
SPID: 25556
Timestamp: 1688553797110799
Return value: 0x0000000000000001
------------------ SYSCALL EXIT STOP ------------------
------------------ SYSCALL ENTRY START ------------------
PID: 25556
SPID: 25556
Timestamp: 1688553797111939
Syscall = mprotect (226)
------------------ SYSCALL ENTRY STOP ------------------
------------------ SYSCALL EXIT START ------------------
PID: 25556
SPID: 25556
Timestamp: 1688553797112386
Return value: 000000000000000000
------------------ SYSCALL EXIT STOP ------------------
------------------ SYSCALL ENTRY START ------------------
PID: 25556
SPID: 25556
Timestamp: 1688553797115211
Syscall = mprotect (226)
------------------ SYSCALL ENTRY STOP ------------------
------------------ SYSCALL EXIT START ------------------
PID: 25556
SPID: 25556
Timestamp: 1688553797119353
Return value: 000000000000000000
------------------ SYSCALL EXIT STOP ------------------
------------------ SYSCALL ENTRY START ------------------
PID: 25556
SPID: 25556
Timestamp: 1688553797120325
Syscall = rt_sigprocmask (135)
------------------ SYSCALL ENTRY STOP ------------------
------------------ SYSCALL EXIT START ------------------
PID: 25556
SPID: 25556
Timestamp: 1688553797121725
Return value: 000000000000000000
------------------ SYSCALL EXIT STOP ------------------
------------------ SYSCALL ENTRY START ------------------
PID: 25556
SPID: 25556
Timestamp: 1688553797121873
Syscall = rt_sigprocmask (135)
------------------ SYSCALL ENTRY STOP ------------------
------------------ SYSCALL EXIT START ------------------
PID: 25556
SPID: 25556
Timestamp: 1688553797124831
Return value: 000000000000000000
------------------ SYSCALL EXIT STOP ------------------
------------------ SYSCALL ENTRY START ------------------
PID: 25556
SPID: 25556
Timestamp: 1688553797124981
Syscall = rt_sigprocmask (135)
------------------ SYSCALL ENTRY STOP ------------------
------------------ SYSCALL EXIT START ------------------
PID: 25556
SPID: 25556
Timestamp: 1688553797125295
Return value: 000000000000000000
------------------ SYSCALL EXIT STOP ------------------
------------------ SYSCALL ENTRY START ------------------
PID: 25556
SPID: 25556
Timestamp: 1688553797125412
Syscall = rt_sigprocmask (135)
------------------ SYSCALL ENTRY STOP ------------------
------------------ SYSCALL EXIT START ------------------
PID: 25556
SPID: 25556
Timestamp: 1688553797126211
Return value: 000000000000000000
------------------ SYSCALL EXIT STOP ------------------
------------------ SYSCALL ENTRY START ------------------
PID: 25556
SPID: 25556
Timestamp: 1688553797130411
Syscall = rt_sigprocmask (135)
------------------ SYSCALL ENTRY STOP ------------------
------------------ SYSCALL EXIT START ------------------
PID: 25556
SPID: 25556
Timestamp: 1688553797132085
Return value: 000000000000000000
------------------ SYSCALL EXIT STOP ------------------
------------------ SYSCALL ENTRY START ------------------
PID: 25556
SPID: 25556
Timestamp: 1688553797132333
Syscall = rt_sigprocmask (135)
------------------ SYSCALL ENTRY STOP ------------------
------------------ SYSCALL EXIT START ------------------
PID: 25556
SPID: 25556
Timestamp: 1688553797141892
Return value: 000000000000000000
------------------ SYSCALL EXIT STOP ------------------
------------------ SYSCALL ENTRY START ------------------
PID: 25556
SPID: 25556
Timestamp: 1688553797142047
Syscall = rt_sigprocmask (135)
------------------ SYSCALL ENTRY STOP ------------------
------------------ SYSCALL EXIT START ------------------
PID: 25556
SPID: 25556
Timestamp: 1688553797142427
Return value: 000000000000000000
------------------ SYSCALL EXIT STOP ------------------
------------------ SYSCALL ENTRY START ------------------
PID: 25556
SPID: 25556
Timestamp: 1688553797142852
Syscall = rt_sigprocmask (135)
------------------ SYSCALL ENTRY STOP ------------------
------------------ SYSCALL EXIT START ------------------
PID: 25556
SPID: 25556
Timestamp: 1688553797143189
Return value: 000000000000000000
------------------ SYSCALL EXIT STOP ------------------
------------------ SYSCALL ENTRY START ------------------
PID: 25556
SPID: 25556
Timestamp: 1688553797143612
Syscall = mprotect (226)
------------------ SYSCALL ENTRY STOP ------------------
------------------ SYSCALL EXIT START ------------------
PID: 25556
SPID: 25556
Timestamp: 1688553797143961
Return value: 000000000000000000
------------------ SYSCALL EXIT STOP ------------------
------------------ SYSCALL ENTRY START ------------------
PID: 25556
SPID: 25556
Timestamp: 1688553797144012
Syscall = mprotect (226)
------------------ SYSCALL ENTRY STOP ------------------
------------------ SYSCALL EXIT START ------------------
PID: 25556
SPID: 25556
Timestamp: 1688553797144287
Return value: 000000000000000000
------------------ SYSCALL EXIT STOP ------------------
------------------ SYSCALL ENTRY START ------------------
PID: 25556
SPID: 25556
Timestamp: 1688553797145599
Syscall = madvise (233)
------------------ SYSCALL ENTRY STOP ------------------
------------------ SYSCALL EXIT START ------------------
PID: 25556
SPID: 25556
Timestamp: 1688553797145951
Return value: 000000000000000000
------------------ SYSCALL EXIT STOP ------------------
------------------ SYSCALL ENTRY START ------------------
PID: 25556
SPID: 25556
Timestamp: 1688553797146010
Syscall = madvise (233)
------------------ SYSCALL ENTRY STOP ------------------
------------------ SYSCALL EXIT START ------------------
PID: 25556
SPID: 25556
Timestamp: 1688553797146375
Return value: 000000000000000000
------------------ SYSCALL EXIT STOP ------------------
------------------ SYSCALL ENTRY START ------------------
PID: 25556
SPID: 25556
Timestamp: 1688553797148499
Syscall = clock_gettime (113)
------------------ SYSCALL ENTRY STOP ------------------
------------------ SYSCALL EXIT START ------------------
PID: 25556
SPID: 25556
Timestamp: 1688553797148857
Return value: 000000000000000000
------------------ SYSCALL EXIT STOP ------------------
------------------ SYSCALL ENTRY START ------------------
PID: 25556
SPID: 25556
Timestamp: 1688553797148904
Syscall = clock_gettime (113)
------------------ SYSCALL ENTRY STOP ------------------
------------------ SYSCALL EXIT START ------------------
PID: 25556
SPID: 25556
Timestamp: 1688553797149208
Return value: 000000000000000000
------------------ SYSCALL EXIT STOP ------------------
------------------ SYSCALL ENTRY START ------------------
PID: 25556
SPID: 25556
Timestamp: 1688553797149403
Syscall = clock_gettime (113)
------------------ SYSCALL ENTRY STOP ------------------
------------------ SYSCALL EXIT START ------------------
PID: 25556
SPID: 25556
Timestamp: 1688553797150854
Return value: 000000000000000000
------------------ SYSCALL EXIT STOP ------------------
------------------ SYSCALL ENTRY START ------------------
PID: 25556
SPID: 25556
Timestamp: 1688553797151077
Syscall = clock_gettime (113)
------------------ SYSCALL ENTRY STOP ------------------
------------------ SYSCALL EXIT START ------------------
PID: 25556
SPID: 25556
Timestamp: 1688553797151805
Return value: 000000000000000000
------------------ SYSCALL EXIT STOP ------------------
------------------ SYSCALL ENTRY START ------------------
PID: 25556
SPID: 25556
Timestamp: 1688553797153150
Syscall = clock_gettime (113)
------------------ SYSCALL ENTRY STOP ------------------
------------------ SYSCALL EXIT START ------------------
PID: 25556
SPID: 25556
Timestamp: 1688553797154236
Return value: 000000000000000000
------------------ SYSCALL EXIT STOP ------------------
------------------ SYSCALL ENTRY START ------------------
PID: 25556
SPID: 25556
Timestamp: 1688553797154354
Syscall = clock_gettime (113)
------------------ SYSCALL ENTRY STOP ------------------
------------------ SYSCALL EXIT START ------------------
PID: 25556
SPID: 25556
Timestamp: 1688553797155451
Return value: 000000000000000000
------------------ SYSCALL EXIT STOP ------------------
------------------ SYSCALL ENTRY START ------------------
PID: 25556
SPID: 25556
Timestamp: 1688553797155818
Syscall = clock_gettime (113)
------------------ SYSCALL ENTRY STOP ------------------
------------------ SYSCALL EXIT START ------------------
PID: 25556
SPID: 25556
Timestamp: 1688553797159321
Return value: 000000000000000000
------------------ SYSCALL EXIT STOP ------------------
------------------ SYSCALL ENTRY START ------------------
PID: 25556
SPID: 25556
Timestamp: 1688553797159379
Syscall = clock_gettime (113)
------------------ SYSCALL ENTRY STOP ------------------
------------------ SYSCALL EXIT START ------------------
PID: 25556
SPID: 25556
Timestamp: 1688553797165528
Return value: 000000000000000000
------------------ SYSCALL EXIT STOP ------------------
------------------ SYSCALL ENTRY START ------------------
PID: 25556
SPID: 25556
Timestamp: 1688553797167587
Syscall = rt_sigprocmask (135)
------------------ SYSCALL ENTRY STOP ------------------
------------------ SYSCALL EXIT START ------------------
PID: 25556
SPID: 25556
Timestamp: 1688553797168538
Return value: 000000000000000000
------------------ SYSCALL EXIT STOP ------------------
------------------ SYSCALL ENTRY START ------------------
PID: 25556
SPID: 25556
Timestamp: 1688553797168691
Syscall = rt_sigprocmask (135)
------------------ SYSCALL ENTRY STOP ------------------
------------------ SYSCALL EXIT START ------------------
PID: 25556
SPID: 25556
Timestamp: 1688553797169222
Return value: 000000000000000000
------------------ SYSCALL EXIT STOP ------------------
------------------ SYSCALL ENTRY START ------------------
PID: 25556
SPID: 25556
Timestamp: 1688553797169379
Syscall = rt_sigprocmask (135)
------------------ SYSCALL ENTRY STOP ------------------
------------------ SYSCALL EXIT START ------------------
PID: 25556
SPID: 25556
Timestamp: 1688553797170185
Return value: 000000000000000000
------------------ SYSCALL EXIT STOP ------------------
------------------ SYSCALL ENTRY START ------------------
PID: 25556
SPID: 25556
Timestamp: 1688553797170381
Syscall = rt_sigprocmask (135)
------------------ SYSCALL ENTRY STOP ------------------
------------------ SYSCALL EXIT START ------------------
PID: 25556
SPID: 25556
Timestamp: 1688553797171051
Return value: 000000000000000000
------------------ SYSCALL EXIT STOP ------------------
------------------ SYSCALL ENTRY START ------------------
PID: 25556
SPID: 25556
Timestamp: 1688553797171861
Syscall = rt_sigprocmask (135)
------------------ SYSCALL ENTRY STOP ------------------
------------------ SYSCALL EXIT START ------------------
PID: 25556
SPID: 25556
Timestamp: 1688553797173176
Return value: 000000000000000000
------------------ SYSCALL EXIT STOP ------------------
------------------ SYSCALL ENTRY START ------------------
PID: 25556
SPID: 25556
Timestamp: 1688553797174724
Syscall = rt_sigprocmask (135)
------------------ SYSCALL ENTRY STOP ------------------
------------------ SYSCALL EXIT START ------------------
PID: 25556
SPID: 25556
Timestamp: 1688553797175438
Return value: 000000000000000000
------------------ SYSCALL EXIT STOP ------------------
------------------ SYSCALL ENTRY START ------------------
PID: 25556
SPID: 25556
Timestamp: 1688553797175754
Syscall = rt_sigprocmask (135)
------------------ SYSCALL ENTRY STOP ------------------
------------------ SYSCALL EXIT START ------------------
PID: 25556
SPID: 25556
Timestamp: 1688553797177349
Return value: 000000000000000000
------------------ SYSCALL EXIT STOP ------------------
------------------ SYSCALL ENTRY START ------------------
PID: 25556
SPID: 25556
Timestamp: 1688553797177475
Syscall = rt_sigprocmask (135)
------------------ SYSCALL ENTRY STOP ------------------
------------------ SYSCALL EXIT START ------------------
PID: 25556
SPID: 25556
Timestamp: 1688553797178135
Return value: 000000000000000000
------------------ SYSCALL EXIT STOP ------------------
------------------ SYSCALL ENTRY START ------------------
PID: 25556
SPID: 25556
Timestamp: 1688553797185614
Syscall = mprotect (226)
------------------ SYSCALL ENTRY STOP ------------------
------------------ SYSCALL EXIT START ------------------
PID: 25556
SPID: 25556
Timestamp: 1688553797186577
Return value: 000000000000000000
------------------ SYSCALL EXIT STOP ------------------
------------------ SYSCALL ENTRY START ------------------
PID: 25556
SPID: 25556
Timestamp: 1688553797186773
Syscall = mprotect (226)
------------------ SYSCALL ENTRY STOP ------------------
------------------ SYSCALL EXIT START ------------------
PID: 25556
SPID: 25556
Timestamp: 1688553797187530
Return value: 000000000000000000
------------------ SYSCALL EXIT STOP ------------------
------------------ SYSCALL ENTRY START ------------------
PID: 25556
SPID: 25556
Timestamp: 1688553797188901
Syscall = futex (98)
------------------ SYSCALL ENTRY STOP ------------------
------------------ SYSCALL EXIT START ------------------
PID: 25556
SPID: 25556
Timestamp: 1688553797189270
Return value: 000000000000000000
------------------ SYSCALL EXIT STOP ------------------
------------------ SYSCALL ENTRY START ------------------
PID: 25556
SPID: 25556
Timestamp: 1688553797189424
Syscall = futex (98)
