------------------ SYSCALL ENTRY START ------------------
PID: 8907
SPID: 8907
Timestamp: 1688371220204901
Syscall = clock_gettime (113)
------------------ SYSCALL ENTRY STOP ------------------
------------------ SYSCALL EXIT START ------------------
PID: 8907
SPID: 8907
Timestamp: 1688371220209008
Return value: 000000000000000000
------------------ SYSCALL EXIT STOP ------------------
------------------ SYSCALL ENTRY START ------------------
PID: 8907
SPID: 8907
Timestamp: 1688371220209110
Syscall = clock_gettime (113)
------------------ SYSCALL ENTRY STOP ------------------
------------------ SYSCALL EXIT START ------------------
PID: 8907
SPID: 8907
Timestamp: 1688371220210039
Return value: 000000000000000000
------------------ SYSCALL EXIT STOP ------------------
------------------ SYSCALL ENTRY START ------------------
PID: 8907
SPID: 8907
Timestamp: 1688371220211334
Syscall = clock_gettime (113)
------------------ SYSCALL ENTRY STOP ------------------
------------------ SYSCALL EXIT START ------------------
PID: 8907
SPID: 8907
Timestamp: 1688371220212224
Return value: 000000000000000000
------------------ SYSCALL EXIT STOP ------------------
------------------ SYSCALL ENTRY START ------------------
PID: 8907
SPID: 8907
Timestamp: 1688371220212305
Syscall = clock_gettime (113)
------------------ SYSCALL ENTRY STOP ------------------
------------------ SYSCALL EXIT START ------------------
PID: 8907
SPID: 8907
Timestamp: 1688371220215555
Return value: 000000000000000000
------------------ SYSCALL EXIT STOP ------------------
------------------ SYSCALL ENTRY START ------------------
PID: 8907
SPID: 8907
Timestamp: 1688371220216396
Syscall = rt_sigprocmask (135)
------------------ SYSCALL ENTRY STOP ------------------
------------------ SYSCALL EXIT START ------------------
PID: 8907
SPID: 8907
Timestamp: 1688371220216711
Return value: 000000000000000000
------------------ SYSCALL EXIT STOP ------------------
------------------ SYSCALL ENTRY START ------------------
PID: 8907
SPID: 8907
Timestamp: 1688371220216783
Syscall = rt_sigprocmask (135)
------------------ SYSCALL ENTRY STOP ------------------
------------------ SYSCALL EXIT START ------------------
PID: 8907
SPID: 8907
Timestamp: 1688371220217066
Return value: 000000000000000000
------------------ SYSCALL EXIT STOP ------------------
------------------ SYSCALL ENTRY START ------------------
PID: 8907
SPID: 8907
Timestamp: 1688371220217132
Syscall = rt_sigprocmask (135)
------------------ SYSCALL ENTRY STOP ------------------
------------------ SYSCALL EXIT START ------------------
PID: 8907
SPID: 8907
Timestamp: 1688371220217349
Return value: 000000000000000000
------------------ SYSCALL EXIT STOP ------------------
------------------ SYSCALL ENTRY START ------------------
PID: 8907
SPID: 8907
Timestamp: 1688371220217407
Syscall = rt_sigprocmask (135)
------------------ SYSCALL ENTRY STOP ------------------
------------------ SYSCALL EXIT START ------------------
PID: 8907
SPID: 8907
Timestamp: 1688371220217626
Return value: 000000000000000000
------------------ SYSCALL EXIT STOP ------------------
------------------ SYSCALL ENTRY START ------------------
PID: 8907
SPID: 8907
Timestamp: 1688371220217830
Syscall = rt_sigprocmask (135)
------------------ SYSCALL ENTRY STOP ------------------
------------------ SYSCALL EXIT START ------------------
PID: 8907
SPID: 8907
Timestamp: 1688371220218076
Return value: 000000000000000000
------------------ SYSCALL EXIT STOP ------------------
------------------ SYSCALL ENTRY START ------------------
PID: 8907
SPID: 8907
Timestamp: 1688371220218988
Syscall = rt_sigprocmask (135)
------------------ SYSCALL ENTRY STOP ------------------
------------------ SYSCALL EXIT START ------------------
PID: 8907
SPID: 8907
Timestamp: 1688371220225581
Return value: 000000000000000000
------------------ SYSCALL EXIT STOP ------------------
------------------ SYSCALL ENTRY START ------------------
PID: 8907
SPID: 8907
Timestamp: 1688371220226034
Syscall = rt_sigprocmask (135)
------------------ SYSCALL ENTRY STOP ------------------
------------------ SYSCALL EXIT START ------------------
PID: 8907
SPID: 8907
Timestamp: 1688371220227399
Return value: 000000000000000000
------------------ SYSCALL EXIT STOP ------------------
------------------ SYSCALL ENTRY START ------------------
PID: 8907
SPID: 8907
Timestamp: 1688371220227910
Syscall = rt_sigprocmask (135)
------------------ SYSCALL ENTRY STOP ------------------
------------------ SYSCALL EXIT START ------------------
PID: 8907
SPID: 8907
Timestamp: 1688371220231078
Return value: 000000000000000000
------------------ SYSCALL EXIT STOP ------------------
------------------ SYSCALL ENTRY START ------------------
PID: 8907
SPID: 8907
Timestamp: 1688371220232135
Syscall = futex (98)
------------------ SYSCALL ENTRY STOP ------------------
------------------ SYSCALL EXIT START ------------------
PID: 8907
SPID: 8907
Timestamp: 1688371220232794
Return value: 0x0000000000000001
------------------ SYSCALL EXIT STOP ------------------
------------------ SYSCALL ENTRY START ------------------
PID: 8907
SPID: 8907
Timestamp: 1688371220232898
Syscall = futex (98)
------------------ SYSCALL ENTRY STOP ------------------
------------------ SYSCALL EXIT START ------------------
PID: 8907
SPID: 8907
Timestamp: 1688371220233630
Return value: 0x0000000000000001
------------------ SYSCALL EXIT STOP ------------------
------------------ SYSCALL ENTRY START ------------------
PID: 8907
SPID: 8907
Timestamp: 1688371220234126
Syscall = futex (98)
------------------ SYSCALL ENTRY STOP ------------------
------------------ SYSCALL EXIT START ------------------
PID: 8907
SPID: 8907
Timestamp: 1688371220234787
Return value: 000000000000000000
------------------ SYSCALL EXIT STOP ------------------
------------------ SYSCALL ENTRY START ------------------
PID: 8907
SPID: 8907
Timestamp: 1688371220236998
Syscall = mprotect (226)
------------------ SYSCALL ENTRY STOP ------------------
------------------ SYSCALL EXIT START ------------------
PID: 8907
SPID: 8907
Timestamp: 1688371220238876
Return value: 000000000000000000
------------------ SYSCALL EXIT STOP ------------------
------------------ SYSCALL ENTRY START ------------------
PID: 8907
SPID: 8907
Timestamp: 1688371220238989
Syscall = mprotect (226)
------------------ SYSCALL ENTRY STOP ------------------
------------------ SYSCALL EXIT START ------------------
PID: 8907
SPID: 8907
Timestamp: 1688371220239454
Return value: 000000000000000000
------------------ SYSCALL EXIT STOP ------------------
------------------ SYSCALL ENTRY START ------------------
PID: 8907
SPID: 8907
Timestamp: 1688371220243650
Syscall = madvise (233)
------------------ SYSCALL ENTRY STOP ------------------
------------------ SYSCALL EXIT START ------------------
PID: 8907
SPID: 8907
Timestamp: 1688371220243989
Return value: 000000000000000000
------------------ SYSCALL EXIT STOP ------------------
------------------ SYSCALL ENTRY START ------------------
PID: 8907
SPID: 8907
Timestamp: 1688371220244045
Syscall = madvise (233)
------------------ SYSCALL ENTRY STOP ------------------
------------------ SYSCALL EXIT START ------------------
PID: 8907
SPID: 8907
Timestamp: 1688371220244367
Return value: 000000000000000000
------------------ SYSCALL EXIT STOP ------------------
------------------ SYSCALL ENTRY START ------------------
PID: 8907
SPID: 8907
Timestamp: 1688371220246902
Syscall = write (64)
------------------ SYSCALL ENTRY STOP ------------------
------------------ SYSCALL EXIT START ------------------
PID: 8907
SPID: 8907
Timestamp: 1688371220247569
Return value: 0x0000000000000008
------------------ SYSCALL EXIT STOP ------------------
------------------ SYSCALL ENTRY START ------------------
PID: 8907
SPID: 8907
Timestamp: 1688371220247715
Syscall = clock_gettime (113)
------------------ SYSCALL ENTRY STOP ------------------
------------------ SYSCALL EXIT START ------------------
PID: 8907
SPID: 8907
Timestamp: 1688371220248238
Return value: 000000000000000000
------------------ SYSCALL EXIT STOP ------------------
------------------ SYSCALL ENTRY START ------------------
PID: 8907
SPID: 8907
Timestamp: 1688371220248284
Syscall = clock_gettime (113)
------------------ SYSCALL ENTRY STOP ------------------
------------------ SYSCALL EXIT START ------------------
PID: 8907
SPID: 8907
Timestamp: 1688371220249164
Return value: 000000000000000000
------------------ SYSCALL EXIT STOP ------------------
------------------ SYSCALL ENTRY START ------------------
PID: 8907
SPID: 8907
Timestamp: 1688371220249988
Syscall = clock_gettime (113)
------------------ SYSCALL ENTRY STOP ------------------
------------------ SYSCALL EXIT START ------------------
PID: 8907
SPID: 8907
Timestamp: 1688371220250528
Return value: 000000000000000000
------------------ SYSCALL EXIT STOP ------------------
------------------ SYSCALL ENTRY START ------------------
PID: 8907
SPID: 8907
Timestamp: 1688371220250571
Syscall = clock_gettime (113)
------------------ SYSCALL ENTRY STOP ------------------
------------------ SYSCALL EXIT START ------------------
PID: 8907
SPID: 8907
Timestamp: 1688371220251129
Return value: 000000000000000000
------------------ SYSCALL EXIT STOP ------------------
------------------ SYSCALL ENTRY START ------------------
PID: 8907
SPID: 8907
Timestamp: 1688371220251626
Syscall = clock_gettime (113)
------------------ SYSCALL ENTRY STOP ------------------
------------------ SYSCALL EXIT START ------------------
PID: 8907
SPID: 8907
Timestamp: 1688371220252176
Return value: 000000000000000000
------------------ SYSCALL EXIT STOP ------------------
------------------ SYSCALL ENTRY START ------------------
PID: 8907
SPID: 8907
Timestamp: 1688371220252218
Syscall = clock_gettime (113)
------------------ SYSCALL ENTRY STOP ------------------
------------------ SYSCALL EXIT START ------------------
PID: 8907
SPID: 8907
Timestamp: 1688371220252753
Return value: 000000000000000000
------------------ SYSCALL EXIT STOP ------------------
------------------ SYSCALL ENTRY START ------------------
PID: 8907
SPID: 8907
Timestamp: 1688371220252917
Syscall = clock_gettime (113)
------------------ SYSCALL ENTRY STOP ------------------
------------------ SYSCALL EXIT START ------------------
PID: 8907
SPID: 8907
Timestamp: 1688371220253392
Return value: 000000000000000000
------------------ SYSCALL EXIT STOP ------------------
------------------ SYSCALL ENTRY START ------------------
PID: 8907
SPID: 8907
Timestamp: 1688371220253449
Syscall = clock_gettime (113)
------------------ SYSCALL ENTRY STOP ------------------
------------------ SYSCALL EXIT START ------------------
PID: 8907
SPID: 8907
Timestamp: 1688371220254028
Return value: 000000000000000000
------------------ SYSCALL EXIT STOP ------------------
------------------ SYSCALL ENTRY START ------------------
PID: 8907
SPID: 8907
Timestamp: 1688371220254162
Syscall = clock_gettime (113)
------------------ SYSCALL ENTRY STOP ------------------
------------------ SYSCALL EXIT START ------------------
PID: 9174
SPID: 9174
Timestamp: 1688371587248261
Return value: 0x000000000000285d
------------------ SYSCALL EXIT STOP ------------------
------------------ SYSCALL ENTRYSTART ------------------
PID: 9174
SPID: 9174
Timestamp: 1688371587248465
Syscall = getuid (174)
------------------ SYSCALL ENTRY STOP ------------------
------------------ SYSCALL EXIT START ------------------
PID: 9174
SPID: 9174
Timestamp: 1688371587252062
Return value: 0x000000000000285d
------------------ SYSCALL EXIT STOP ------------------
------------------ SYSCALL ENTRY START ------------------
PID: 9174
SPID: 9174
Timestamp: 1688371587254647
Syscall = getuid (174)
------------------ SYSCALL ENTRY STOP ------------------
------------------ SYSCALL EXIT START ------------------
PID: 9174
SPID: 9174
Timestamp: 1688371587255671
Return value: 0x000000000000285d
------------------ SYSCALL EXIT STOP ------------------
------------------ SYSCALL ENTRY START ------------------
PID: 9174
SPID: 9174
Timestamp: 1688371587256046
Syscall = getuid (174)
------------------ SYSCALL ENTRY STOP ------------------
------------------ SYSCALL EXIT START ------------------
PID: 9174
SPID: 9174
Timestamp: 1688371587259717
Return value: 0x000000000000285d
------------------ SYSCALL EXIT STOP ------------------
------------------ SYSCALL ENTRY START ------------------
PID: 9174
SPID: 9174
Timestamp: 1688371587259881
Syscall = gettimeofday (169)
------------------ SYSCALL ENTRY STOP ------------------
------------------ SYSCALL EXIT START ------------------
PID: 9174
SPID: 9174
Timestamp: 1688371587261055
Return value: 000000000000000000
------------------ SYSCALL EXIT STOP ------------------
------------------ SYSCALL ENTRY START ------------------
PID: 9174
SPID: 9174
Timestamp: 1688371587262177
Syscall = futex (98)
------------------ SYSCALL ENTRY STOP ------------------
------------------ SYSCALL EXIT START ------------------
PID: 9174
SPID: 9174
Timestamp: 1688371587262989
Return value: 000000000000000000
------------------ SYSCALL EXIT STOP ------------------
------------------ SYSCALL ENTRY START ------------------
PID: 9174
SPID: 9174
Timestamp: 1688371587263043
Syscall = futex (98)
------------------ SYSCALL ENTRY STOP ------------------
------------------ SYSCALL EXIT START ------------------
PID: 9174
SPID: 9174
Timestamp: 1688371587268908
Return value: 000000000000000000
------------------ SYSCALL EXIT STOP ------------------
------------------ SYSCALL ENTRY START ------------------
PID: 9174
SPID: 9174
Timestamp: 1688371587269004
Syscall = futex (98)
------------------ SYSCALL ENTRY STOP ------------------
------------------ SYSCALL EXIT START ------------------
PID: 9174
SPID: 9174
Timestamp: 1688371587269270
Return value: 000000000000000000
------------------ SYSCALL EXIT STOP ------------------
------------------ SYSCALL ENTRY START ------------------
PID: 9174
SPID: 9174
Timestamp: 1688371587269332
Syscall = futex (98)
------------------ SYSCALL ENTRY STOP ------------------
------------------ SYSCALL EXIT START ------------------
PID: 9174
SPID: 9174
Timestamp: 1688371587269603
Return value: 000000000000000000
------------------ SYSCALL EXIT STOP ------------------
------------------ SYSCALL ENTRY START ------------------
PID: 9174
SPID: 9174
Timestamp: 1688371587269650
Syscall = futex (98)
------------------ SYSCALL ENTRY STOP ------------------
------------------ SYSCALL EXIT START ------------------
PID: 9174
SPID: 9174
Timestamp: 1688371587269938
Return value: 000000000000000000
------------------ SYSCALL EXIT STOP ------------------
------------------ SYSCALL ENTRY START ------------------
PID: 9174
SPID: 9174
Timestamp: 1688371587269982
Syscall = futex (98)
------------------ SYSCALL ENTRY STOP ------------------
------------------ SYSCALL EXIT START ------------------
PID: 9174
SPID: 9174
Timestamp: 1688371587270286
Return value: 000000000000000000
------------------ SYSCALL EXIT STOP ------------------
------------------ SYSCALL ENTRY START ------------------
PID: 9174
SPID: 9174
Timestamp: 1688371587270331
Syscall = futex (98)
------------------ SYSCALL ENTRY STOP ------------------
------------------ SYSCALL EXIT START ------------------
PID: 9174
SPID: 9174
Timestamp: 1688371587270600
Return value: 000000000000000000
------------------ SYSCALL EXIT STOP ------------------
------------------ SYSCALL ENTRY START ------------------
PID: 9174
SPID: 9174
Timestamp: 1688371587270640
Syscall = futex (98)
------------------ SYSCALL ENTRY STOP ------------------
------------------ SYSCALL EXIT START ------------------
PID: 9174
SPID: 9174
Timestamp: 1688371587270937
Return value: 000000000000000000
------------------ SYSCALL EXIT STOP ------------------
------------------ SYSCALL ENTRY START ------------------
PID: 9174
SPID: 9174
Timestamp: 1688371587271006
Syscall = futex (98)
------------------ SYSCALL ENTRY STOP ------------------
------------------ SYSCALL EXIT START ------------------
PID: 9174
SPID: 9174
Timestamp: 1688371587271241
Return value: 000000000000000000
------------------ SYSCALL EXIT STOP ------------------
------------------ SYSCALL ENTRY START ------------------
PID: 9174
SPID: 9174
Timestamp: 1688371587271284
Syscall = futex (98)
------------------ SYSCALL ENTRY STOP ------------------
------------------ SYSCALL EXIT START ------------------
PID: 9174
SPID: 9174
Timestamp: 1688371587272159
Return value: 000000000000000000
------------------ SYSCALL EXIT STOP ------------------
------------------ SYSCALL ENTRY START ------------------
PID: 9174
SPID: 9174
Timestamp: 1688371587272224
Syscall = futex (98)
------------------ SYSCALL ENTRY STOP ------------------
------------------ SYSCALL EXIT START ------------------
PID: 9174
SPID: 9174
Timestamp: 1688371587272655
Return value: 000000000000000000
------------------ SYSCALL EXIT STOP ------------------
------------------ SYSCALL ENTRY START ------------------
PID: 9174
SPID: 9174
Timestamp: 1688371587272735
Syscall = futex (98)
------------------ SYSCALL ENTRY STOP ------------------
------------------ SYSCALL EXIT START ------------------
PID: 9174
SPID: 9174
Timestamp: 1688371587273120
Return value: 000000000000000000
------------------ SYSCALL EXIT STOP ------------------
------------------ SYSCALL ENTRY START ------------------
PID: 9174
SPID: 9174
Timestamp: 1688371587273183
Syscall = futex (98)
------------------ SYSCALL ENTRY STOP ------------------
------------------ SYSCALL EXIT START ------------------
PID: 9174
SPID: 9174
Timestamp: 1688371587273547
Return value: 000000000000000000
------------------ SYSCALL EXIT STOP ------------------
------------------ SYSCALL ENTRY START ------------------
PID: 9174
SPID: 9174
Timestamp: 1688371587273769
Syscall = futex (98)
------------------ SYSCALL ENTRY STOP ------------------
------------------ SYSCALL EXIT START ------------------
PID: 9174
SPID: 9174
Timestamp: 1688371587274844
Return value: 000000000000000000
------------------ SYSCALL EXIT STOP ------------------
------------------ SYSCALL ENTRY START ------------------
PID: 9174
SPID: 9174
Timestamp: 1688371587275100
Syscall = futex (98)
------------------ SYSCALL ENTRY STOP ------------------
------------------ SYSCALL EXIT START ------------------
PID: 9174
SPID: 9174
Timestamp: 1688371587278438
Return value: 000000000000000000
------------------ SYSCALL EXIT STOP ------------------
------------------ SYSCALL ENTRY START ------------------
PID: 9174
SPID: 9174
Timestamp: 1688371587278604
Syscall = futex (98)
------------------ SYSCALL ENTRY STOP ------------------
------------------ SYSCALL EXIT START ------------------
PID: 9174
SPID: 9174
Timestamp: 1688371587280525
Return value: 000000000000000000
------------------ SYSCALL EXIT STOP ------------------
------------------ SYSCALL ENTRY START ------------------
PID: 9174
SPID: 9174
Timestamp: 1688371587280615
Syscall = futex (98)
------------------ SYSCALL ENTRY STOP ------------------
------------------ SYSCALL EXIT START ------------------
PID: 9174
SPID: 9174
Timestamp: 1688371587280988
Return value: 000000000000000000
------------------ SYSCALL EXIT STOP ------------------
------------------ SYSCALL ENTRY START ------------------
PID: 9174
SPID: 9174
Timestamp: 1688371587281049
Syscall = futex (98)
------------------ SYSCALL ENTRY STOP ------------------
------------------ SYSCALL EXIT START ------------------
PID: 9174
SPID: 9174
Timestamp: 1688371587281312
Return value: 000000000000000000
------------------ SYSCALL EXIT STOP ------------------
------------------ SYSCALL ENTRY START ------------------
PID: 9174
SPID: 9174
Timestamp: 1688371587281366
Syscall = futex (98)
------------------ SYSCALL ENTRY STOP ------------------
------------------ SYSCALL EXIT START ------------------
PID: 9174
SPID: 9174
Timestamp: 1688371587281659
Return value: 000000000000000000
------------------ SYSCALL EXIT STOP ------------------
------------------ SYSCALL ENTRY START ------------------
PID: 9174
SPID: 9174
Timestamp: 1688371587281714
Syscall = futex (98)
------------------ SYSCALL ENTRY STOP ------------------
------------------ SYSCALL EXIT START ------------------
PID: 9174
SPID: 9174
Timestamp: 1688371587282046
Return value: 000000000000000000
------------------ SYSCALL EXIT STOP ------------------
------------------ SYSCALL ENTRY START ------------------
PID: 9174
SPID: 9174
Timestamp: 1688371587282101
Syscall= futex (98)
------------------ SYSCALL ENTRY STOP ------------------
------------------ SYSCALL EXIT START ------------------
PID: 9174
SPID: 9174
Timestamp: 1688371587285318
Return value: 000000000000000000
------------------ SYSCALL EXIT STOP ------------------
------------------ SYSCALL ENTRY START ------------------
PID: 9174
SPID: 9174
Timestamp: 1688371587285534
Syscall = futex (98)
------------------ SYSCALL ENTRY STOP ------------------
------------------ SYSCALL EXIT START ------------------
PID: 9174
SPID: 9174
Timestamp: 1688371587286266
Return value: 0x0000000000000001
------------------ SYSCALL EXIT STOP ------------------
------------------ SYSCALL ENTRY START ------------------
PID: 9174
SPID: 9174
Timestamp: 1688371587286403
Syscall = futex (98)
------------------ SYSCALL ENTRY STOP ------------------
------------------ SYSCALL EXIT START ------------------
PID: 9174
SPID: 9174
Timestamp: 1688371587287528
Return value: 0x0000000000000001
------------------ SYSCALL EXIT STOP ------------------
------------------ SYSCALL ENTRY START ------------------
PID: 9174
SPID: 9174
Timestamp: 1688371587311984
Syscall = clock_gettime (113)
------------------ SYSCALL ENTRY STOP ------------------
------------------ SYSCALL EXIT START ------------------
PID: 9174
SPID: 9174
Timestamp: 1688371587313190
Return value: 000000000000000000
------------------ SYSCALL EXIT STOP ------------------
------------------ SYSCALL ENTRY START ------------------
PID: 9174
SPID: 9174
Timestamp: 1688371587313261
Syscall = clock_gettime (113)
------------------ SYSCALL ENTRY STOP ------------------
------------------ SYSCALL EXIT START ------------------
PID: 9174
SPID: 9174
Timestamp: 1688371587313607
Return value: 000000000000000000
------------------ SYSCALL EXIT STOP ------------------
------------------ SYSCALL ENTRY START ------------------
PID: 9174
SPID: 9174
Timestamp: 1688371587313823
Syscall = clock_gettime (113)
------------------ SYSCALL ENTRY STOP ------------------
------------------ SYSCALL EXIT START ------------------
PID: 9174
SPID: 9174
Timestamp: 1688371587314733
Return value: 000000000000000000
------------------ SYSCALL EXIT STOP ------------------
------------------ SYSCALL ENTRY START ------------------
PID: 9174
SPID: 9174
Timestamp: 1688371587314848
Syscall = clock_gettime (113)
------------------ SYSCALL ENTRY STOP ------------------
------------------ SYSCALL EXIT START ------------------
PID: 9174
SPID: 9174
Timestamp: 1688371587315775
Return value: 000000000000000000
------------------ SYSCALL EXIT STOP ------------------
------------------ SYSCALL ENTRY START ------------------
PID: 9174
SPID: 9174
Timestamp: 1688371587317988
Syscall = clock_gettime (113)
------------------ SYSCALL ENTRY STOP ------------------
------------------ SYSCALL EXIT START ------------------
PID: 9174
SPID: 9174
Timestamp: 1688371587319224
Return value: 000000000000000000
------------------ SYSCALL EXIT STOP ------------------
------------------ SYSCALL ENTRY START ------------------
PID: 9174
SPID: 9174
Timestamp: 1688371587319373
Syscall = clock_gettime (113)
------------------ SYSCALL ENTRY STOP ------------------
------------------ SYSCALL EXIT START ------------------
PID: 9174
SPID: 9174
Timestamp: 1688371587319735
Return value: 000000000000000000
------------------ SYSCALL EXIT STOP ------------------
------------------ SYSCALL ENTRY START ------------------
PID: 9174
SPID: 9174
Timestamp: 1688371587319809
Syscall = ioctl (29)
------------------ SYSCALL ENTRY STOP ------------------
------------------ SYSCALL EXIT START ------------------
PID: 9174
SPID: 9174
Timestamp: 1688371587320448
Return value: 000000000000000000
------------------ SYSCALL EXIT STOP ------------------
------------------ SYSCALL ENTRY START ------------------
PID: 9174
SPID: 9174
Timestamp: 1688371587320543
Syscall = clock_gettime (113)
------------------ SYSCALL ENTRY STOP ------------------
------------------ SYSCALL EXIT START ------------------
PID: 9174
SPID: 9174
Timestamp: 1688371587321352
Return value: 000000000000000000
------------------ SYSCALL EXIT STOP ------------------
------------------ SYSCALL ENTRY START ------------------
PID: 9174
SPID: 9174
Timestamp: 1688371587321466
Syscall = ioctl (29)
------------------ SYSCALL ENTRY STOP ------------------
------------------ SYSCALL EXIT START ------------------
PID: 9174
SPID: 9174
Timestamp: 1688371587326150
Return value: 000000000000000000
------------------ SYSCALL EXIT STOP ------------------
------------------ SYSCALL ENTRY START ------------------
PID: 9174
SPID: 9174
Timestamp: 1688371587328669
Syscall = clock_gettime (113)
------------------ SYSCALL ENTRY STOP ------------------
------------------ SYSCALL EXIT START ------------------
PID: 9174
SPID: 9174
Timestamp: 1688371587333695
Return value: 000000000000000000
------------------ SYSCALL EXIT STOP ------------------
------------------ SYSCALL ENTRY START ------------------
PID: 9174
SPID: 9174
Timestamp: 1688371587334018
Syscall = clock_gettime (113)
------------------ SYSCALL ENTRY STOP ------------------
------------------ SYSCALL EXIT START ------------------
PID: 9174
SPID: 9174
Timestamp: 1688371587335068
Return value: 000000000000000000
------------------ SYSCALL EXIT STOP ------------------
------------------ SYSCALL ENTRY START ------------------
PID: 9174
SPID: 9174
Timestamp: 1688371587335257
Syscall = clock_gettime (113)
------------------ SYSCALL ENTRY STOP ------------------
------------------ SYSCALL EXIT START ------------------
PID: 9174
SPID: 9174
Timestamp: 1688371587336507
Return value: 000000000000000000
------------------ SYSCALL EXIT STOP ------------------
------------------ SYSCALL ENTRY START ------------------
PID: 9174
SPID: 9174
Timestamp: 1688371587336646
Syscall = getuid (174)
------------------ SYSCALL ENTRY STOP ------------------
------------------ SYSCALL EXIT START ------------------
PID: 9174
SPID: 9174
Timestamp: 1688371587337950
Return value: 0x000000000000285d
------------------ SYSCALL EXIT STOP ------------------
------------------ SYSCALL ENTRY START ------------------
PID: 9174
SPID: 9174
Timestamp: 1688371587338225
Syscall = ioctl (29)
------------------ SYSCALL ENTRY STOP ------------------
------------------ SYSCALL EXIT START ------------------
PID: 9174
SPID: 9174
Timestamp: 1688371587339320
Return value: 000000000000000000
------------------ SYSCALL EXIT STOP ------------------
------------------ SYSCALL ENTRY START ------------------
PID: 9174
SPID: 9174
Timestamp: 1688371587340795
Syscall = clock_gettime (113)
------------------ SYSCALL ENTRY STOP ------------------
------------------ SYSCALL EXIT START ------------------
PID: 9174
SPID: 9174
Timestamp: 1688371587343073
Return value: 000000000000000000
------------------ SYSCALL EXIT STOP ------------------
------------------ SYSCALL ENTRY START ------------------
PID: 9174
SPID: 9174
Timestamp: 1688371587343683
Syscall = clock_gettime (113)
------------------ SYSCALL ENTRY STOP ------------------
------------------ SYSCALL EXIT START ------------------
PID: 9174
SPID: 9174
Timestamp: 1688371587344934
Return value: 000000000000000000
------------------ SYSCALL EXIT STOP ------------------
------------------ SYSCALL ENTRY START ------------------
PID: 9174
SPID: 9174
Timestamp: 1688371587346111
Syscall = clock_gettime (113)
------------------ SYSCALL ENTRY STOP ------------------
------------------ SYSCALL EXIT START ------------------
PID: 9174
SPID: 9174
Timestamp: 1688371587354673
Return value: 000000000000000000
------------------ SYSCALL EXIT STOP ------------------
------------------ SYSCALL ENTRY START ------------------
PID: 9174
SPID: 9174
Timestamp: 1688371587354792
Syscall = clock_gettime (113)
------------------ SYSCALL ENTRY STOP ------------------
------------------ SYSCALL EXIT START ------------------
PID: 9174
SPID: 9174
Timestamp: 1688371587357384
Return value: 000000000000000000
------------------ SYSCALL EXIT STOP ------------------
------------------ SYSCALL ENTRY START ------------------
PID: 9174
SPID: 9174
Timestamp: 1688371587358500
Syscall = clock_gettime (113)
------------------ SYSCALL ENTRY STOP ------------------
------------------ SYSCALL EXIT START ------------------
PID: 9174
SPID: 9174
Timestamp: 1688371587359553
Return value: 000000000000000000
------------------ SYSCALL EXIT STOP ------------------
------------------ SYSCALL ENTRY START ------------------
PID: 9174
SPID: 9174
Timestamp: 1688371587359648
Syscall = clock_gettime (113)
------------------ SYSCALL ENTRY STOP ------------------
------------------ SYSCALL EXIT START ------------------
PID: 9174
SPID: 9174
Timestamp: 1688371587360688
Return value: 000000000000000000
------------------ SYSCALL EXIT STOP ------------------
------------------ SYSCALL ENTRY START ------------------
PID: 9174
SPID: 9174
Timestamp: 1688371587360928
Syscall = clock_gettime (113)
------------------ SYSCALL ENTRY STOP ------------------
------------------ SYSCALL EXIT START ------------------
PID: 9174
SPID: 9174
Timestamp: 1688371587362671
Return value: 000000000000000000
------------------ SYSCALL EXIT STOP ------------------
------------------ SYSCALL ENTRY START ------------------
PID: 9174
SPID: 9174
Timestamp: 1688371587362855
Syscall = clock_gettime (113)
------------------ SYSCALL ENTRY STOP ------------------
------------------ SYSCALL EXIT START ------------------
PID: 9174
SPID: 9174
Timestamp: 1688371587364068
Return value: 000000000000000000
------------------ SYSCALL EXIT STOP ------------------
------------------ SYSCALL ENTRY START ------------------
PID: 9174
SPID: 9174
Timestamp: 1688371587367078
Syscall = write (64)
------------------ SYSCALL ENTRY STOP ------------------
------------------ SYSCALL EXIT START ------------------
PID: 9174
SPID: 9174
Timestamp: 1688371587372115
Return value: 0x0000000000000008
------------------ SYSCALL EXIT STOP ------------------
------------------ SYSCALL ENTRY START ------------------
PID: 9174
SPID: 9174
Timestamp: 1688371587372362
Syscall = clock_gettime (113)
------------------ SYSCALL ENTRY STOP ------------------
------------------ SYSCALL EXIT START ------------------
PID: 9174
SPID: 9174
Timestamp: 1688371587372887
Return value: 000000000000000000
------------------ SYSCALL EXIT STOP ------------------
------------------ SYSCALL ENTRY START ------------------
PID: 9174
SPID: 9174
Timestamp: 1688371587373852
Syscall = clock_gettime (113)
------------------ SYSCALL ENTRY STOP ------------------
------------------ SYSCALL EXIT START ------------------
PID: 9174
SPID: 9174
Timestamp: 1688371587378570
Return value: 000000000000000000
------------------ SYSCALL EXIT STOP ------------------
------------------ SYSCALL ENTRY START ------------------
PID: 9174
SPID: 9174
Timestamp: 1688371587379116
Syscall = clock_gettime (113)
------------------ SYSCALL ENTRY STOP ------------------
------------------ SYSCALL EXIT START ------------------
PID: 9174
SPID: 9174
Timestamp: 1688371587379882
Return value: 000000000000000000
------------------ SYSCALL EXIT STOP ------------------
------------------ SYSCALL ENTRY START ------------------
PID: 9174
SPID: 9174
Timestamp: 1688371587380114
Syscall = clock_gettime (113)
------------------ SYSCALL ENTRY STOP ------------------
------------------ SYSCALL EXIT START ------------------
PID: 9174
SPID: 9174
Timestamp: 1688371587380970
Return value: 000000000000000000
------------------ SYSCALL EXIT STOP ------------------
------------------ SYSCALL ENTRY START ------------------
PID: 9174
SPID: 9174
Timestamp: 1688371587381065
Syscall = clock_gettime (113)
------------------ SYSCALL ENTRY STOP ------------------
------------------ SYSCALL EXIT START ------------------
PID: 9174
SPID: 9174
Timestamp: 1688371587381838
Return value: 000000000000000000
------------------ SYSCALL EXIT STOP ------------------
------------------ SYSCALL ENTRY START ------------------
PID: 9174
SPID: 9174
Timestamp: 1688371587384460
Syscall = prctl (167)
------------------ SYSCALL ENTRY STOP ------------------
------------------ SYSCALL EXIT START ------------------
PID: 9174
SPID: 9174
Timestamp: 1688371587385847
Return value: 0x0000000000000001
------------------ SYSCALL EXIT STOP ------------------
------------------ SYSCALL ENTRYSTART ------------------
PID: 9174
SPID: 9174
Timestamp: 1688371587385984
Syscall = mprotect (226)
------------------ SYSCALL ENTRY STOP ------------------
------------------ SYSCALL EXIT START ------------------
PID: 9174
SPID: 9174
Timestamp: 1688371587386788
Return value: 000000000000000000
------------------ SYSCALL EXIT STOP ------------------
------------------ SYSCALL ENTRY START ------------------
PID: 9174
SPID: 9174
Timestamp: 1688371587386927
Syscall = mprotect (226)
------------------ SYSCALL ENTRY STOP ------------------
------------------ SYSCALL EXIT START ------------------
PID: 9174
SPID: 9174
Timestamp: 1688371587387581
Return value: 000000000000000000
------------------ SYSCALL EXIT STOP ------------------
------------------ SYSCALL ENTRY START ------------------
PID: 9174
SPID: 9174
Timestamp: 1688371587387696
Syscall = mprotect (226)
------------------ SYSCALL ENTRY STOP ------------------
------------------ SYSCALL EXIT START ------------------
PID: 9174
SPID: 9174
Timestamp: 1688371587388988
Return value: 000000000000000000
------------------ SYSCALL EXIT STOP ------------------
------------------ SYSCALL ENTRY START ------------------
PID: 9174
SPID: 9174
Timestamp: 1688371587389092
Syscall = mprotect (226)
------------------ SYSCALL ENTRY STOP ------------------
------------------ SYSCALL EXIT START ------------------
PID: 9174
SPID: 9174
Timestamp: 1688371587390039
Return value: 000000000000000000
------------------ SYSCALL EXIT STOP ------------------
------------------ SYSCALL ENTRY START ------------------
PID: 9174
SPID: 9174
Timestamp: 1688371587390127
Syscall = mmap (222)
------------------ SYSCALL ENTRY STOP ------------------
------------------ SYSCALL EXIT START ------------------
PID: 9174
SPID: 9174
Timestamp: 1688371587390886
Return value: 0x0000007544c0c000
------------------ SYSCALL EXIT STOP ------------------
------------------ SYSCALL ENTRY START ------------------
PID: 9174
SPID: 9174
Timestamp: 1688371587390960
Syscall = prctl (167)
------------------ SYSCALL ENTRY STOP ------------------
------------------ SYSCALL EXIT START ------------------
PID: 9174
SPID: 9174
Timestamp: 1688371587394099
Return value: 000000000000000000
------------------ SYSCALL EXIT STOP ------------------
------------------ SYSCALL ENTRY START ------------------
PID: 9174
SPID: 9174
Timestamp: 1688371587394250
Syscall = openat (56)
------------------ SYSCALL ENTRY STOP ------------------
------------------ SYSCALL EXIT START ------------------
PID: 9174
SPID: 9174
Timestamp: 1688371587395052
Return value: 0x000000000000005a
------------------ SYSCALL EXIT STOP ------------------
------------------ SYSCALL ENTRY START ------------------
PID: 9174
SPID: 9174
Timestamp: 1688371587395123
Syscall = readlinkat (78)
------------------ SYSCALL ENTRY STOP ------------------
------------------ SYSCALL EXIT START ------------------
PID: 9174
SPID: 9174
Timestamp: 1688371587395842
Return value: 0x0000000000000025
------------------ SYSCALL EXIT STOP ------------------
------------------ SYSCALL ENTRY START ------------------
PID: 9174
SPID: 9174
Timestamp: 1688371587397472
Syscall = fstat (80)
------------------ SYSCALL ENTRY STOP ------------------
------------------ SYSCALL EXIT START ------------------
PID: 9174
SPID: 9174
Timestamp: 1688371587399866
Return value: 000000000000000000
------------------ SYSCALL EXIT STOP ------------------
------------------ SYSCALL ENTRY START ------------------
PID: 9174
SPID: 9174
Timestamp: 1688371587400598
Syscall = mmap (222)
------------------ SYSCALL ENTRY STOP ------------------
------------------ SYSCALL EXIT START ------------------
PID: 9174
SPID: 9174
Timestamp: 1688371587401603
Return value: 0x00000075ddf63000
------------------ SYSCALL EXIT STOP ------------------
------------------ SYSCALL ENTRY START ------------------
PID: 9174
SPID: 9174
Timestamp: 1688371587401704
Syscall = prctl (167)
------------------ SYSCALL ENTRY STOP ------------------
------------------ SYSCALL EXIT START ------------------
PID: 9174
SPID: 9174
Timestamp: 1688371587402696
Return value:000000000000000000
------------------ SYSCALL EXIT STOP ------------------
------------------ SYSCALL ENTRY START ------------------
PID: 9174
SPID: 9174
Timestamp: 1688371587403315
Syscall = munmap (215)
------------------ SYSCALL ENTRY STOP ------------------
------------------ SYSCALL EXIT START ------------------
PID: 9174
SPID: 9174
Timestamp: 1688371587404233
Return value: 000000000000000000
------------------ SYSCALL EXIT STOP ------------------
------------------ SYSCALL ENTRY START ------------------
PID: 9174
SPID: 9174
Timestamp: 1688371587404357
Syscall = close (57)
------------------ SYSCALL ENTRY STOP ------------------
------------------ SYSCALL EXIT START ------------------
PID: 9174
SPID: 9174
Timestamp: 1688371587405085
Return value: 000000000000000000
------------------ SYSCALL EXIT STOP ------------------
------------------ SYSCALL ENTRY START ------------------
PID: 9174
SPID: 9174
Timestamp: 1688371587405156
Syscall = mprotect (226)
------------------ SYSCALL ENTRY STOP ------------------
------------------ SYSCALL EXIT START ------------------
PID: 9174
SPID: 9174
Timestamp: 1688371587406243
Return value: 000000000000000000
------------------ SYSCALL EXIT STOP ------------------
------------------ SYSCALL ENTRY START ------------------
PID: 9174
SPID: 9174
Timestamp: 1688371587406334
Syscall = mprotect (226)
------------------ SYSCALL ENTRY STOP ------------------
------------------ SYSCALL EXIT START ------------------
PID: 9174
SPID: 9174
Timestamp: 1688371587407420
Return value: 000000000000000000
------------------ SYSCALL EXIT STOP ------------------
------------------ SYSCALL ENTRY START ------------------
PID: 9174
SPID: 9174
Timestamp: 1688371587407563
Syscall = mprotect (226)
------------------ SYSCALL ENTRY STOP ------------------
------------------ SYSCALL EXIT START ------------------
PID: 9174
SPID: 9174
Timestamp: 1688371587408503
Return value: 000000000000000000
------------------ SYSCALL EXIT STOP ------------------
------------------ SYSCALL ENTRY START ------------------
PID: 9174
SPID: 9174
Timestamp: 1688371587408931
Syscall = mprotect (226)
------------------ SYSCALL ENTRY STOP ------------------
------------------ SYSCALL EXIT START ------------------
PID: 9174
SPID: 9174
Timestamp: 1688371587409689
Return value: 000000000000000000
------------------ SYSCALL EXIT STOP ------------------
------------------ SYSCALL ENTRY START ------------------
PID: 9174
SPID: 9174
Timestamp: 1688371587410003
Syscall = munmap (215)
------------------ SYSCALL ENTRY STOP ------------------
------------------ SYSCALL EXIT START ------------------
PID: 9174
SPID: 9174
Timestamp: 1688371587410852
Return value: 000000000000000000
------------------ SYSCALL EXIT STOP ------------------
------------------ SYSCALL ENTRY START ------------------
PID: 9174
SPID: 9174
Timestamp: 1688371587411033
Syscall = prctl (167)
------------------ SYSCALL ENTRY STOP ------------------
------------------ SYSCALL EXIT START ------------------
PID: 9174
SPID: 9174
Timestamp: 1688371587411783
Return value: 0x0000000000000001
------------------ SYSCALL EXIT STOP ------------------
------------------ SYSCALL ENTRY START ------------------
PID: 9174
SPID: 9174
Timestamp: 1688371587420263
Syscall = clock_gettime (113)
------------------ SYSCALL ENTRY STOP ------------------
------------------ SYSCALL EXIT START ------------------
PID: 9174
SPID: 9174
Timestamp: 1688371587421137
Return value: 000000000000000000
------------------ SYSCALL EXIT STOP ------------------
------------------ SYSCALL ENTRY START ------------------
PID: 9174
SPID: 9174
Timestamp: 1688371587421341
Syscall = write (64)
------------------ SYSCALL ENTRY STOP ------------------
------------------ SYSCALL EXIT START ------------------
PID: 9174
SPID: 9174
Timestamp: 1688371587422244
Return value: 0x0000000000000008
------------------ SYSCALL EXIT STOP ------------------
------------------ SYSCALL ENTRY START ------------------
PID: 9174
SPID: 9174
Timestamp: 1688371587422313
Syscall = futex (98)
------------------ SYSCALL ENTRY STOP ------------------
------------------ SYSCALL EXIT START ------------------
PID: 9174
SPID: 9174
Timestamp: 1688371587422998
Return value: 0xfffffffffffffff5
------------------ SYSCALL EXIT STOP ------------------
------------------ SYSCALL ENTRY START ------------------
PID: 9174
SPID: 9174
Timestamp: 1688371587423152
Syscall = write (64)
------------------ SYSCALL ENTRY STOP ------------------
------------------ SYSCALL EXIT START ------------------
PID: 9174
SPID: 9174
Timestamp: 1688371587423955
Return value: 0x0000000000000008
------------------ SYSCALL EXIT STOP ------------------
------------------ SYSCALL ENTRY START ------------------
PID: 9174
SPID: 9174
Timestamp: 1688371587424049
Syscall = futex (98)
------------------ SYSCALL ENTRY STOP ------------------
------------------ SYSCALL EXIT START ------------------
PID: 9174
SPID: 9174
Timestamp: 1688371587470646
Return value: 000000000000000000
------------------ SYSCALL EXIT STOP ------------------
------------------ SYSCALL ENTRY START ------------------
PID: 9174
SPID: 9174
Timestamp: 1688371587471070
Syscall = clock_gettime (113)
------------------ SYSCALL ENTRY STOP ------------------
------------------ SYSCALL EXIT START ------------------
PID: 9174
SPID: 9174
Timestamp: 1688371587471797
Return value: 000000000000000000
------------------ SYSCALL EXIT STOP ------------------
------------------ SYSCALL ENTRY START ------------------
PID: 9174
SPID: 9174
Timestamp: 1688371587471975
Syscall = clock_gettime (113)
------------------ SYSCALL ENTRY STOP ------------------
------------------ SYSCALL EXIT START ------------------
PID: 9174
SPID: 9174
Timestamp: 1688371587472328
Return value: 000000000000000000
------------------ SYSCALL EXIT STOP ------------------
------------------ SYSCALL ENTRY START ------------------
PID: 9174
SPID: 9174
Timestamp: 1688371587472543
Syscall = clock_gettime (113)
------------------ SYSCALL ENTRY STOP ------------------
------------------ SYSCALL EXIT START ------------------
PID: 9174
SPID: 9174
Timestamp: 1688371587473332
Return value: 000000000000000000
------------------ SYSCALL EXIT STOP ------------------
------------------ SYSCALL ENTRY START ------------------
PID: 9174
SPID: 9174
Timestamp: 1688371587473605
Syscall = read (63)
------------------ SYSCALL ENTRY STOP ------------------
------------------ SYSCALL EXIT START ------------------
PID: 9174
SPID: 9174
Timestamp: 1688371587474312
Return value: 0x0000000000000030
------------------ SYSCALL EXIT STOP ------------------
------------------ SYSCALL ENTRY START ------------------
PID: 9174
SPID: 9174
Timestamp: 1688371587474639
Syscall = getuid (174)
------------------ SYSCALL ENTRY STOP ------------------
------------------ SYSCALL EXIT START ------------------
PID: 9174
SPID: 9174
Timestamp: 1688371587479341
Return value: 0x000000000000285d
------------------ SYSCALL EXIT STOP ------------------
------------------ SYSCALL ENTRY START ------------------
PID: 9174
SPID: 9174
Timestamp: 1688371587479511
Syscall = epoll_pwait (22)
------------------ SYSCALL ENTRY STOP ------------------
------------------ SYSCALL EXIT START ------------------
PID: 9174
SPID: 9174
Timestamp: 1688371587480421
Return value: 0x0000000000000001
------------------ SYSCALL EXIT STOP ------------------
------------------ SYSCALL ENTRY START ------------------
PID: 9174
SPID: 9174
Timestamp: 1688371587480542
Syscall = read (63)
------------------ SYSCALL ENTRY STOP ------------------
------------------ SYSCALL EXIT START ------------------
PID: 9174
SPID: 9174
Timestamp: 1688371587481364
Return value: 0x0000000000000008
------------------ SYSCALL EXIT STOP ------------------
------------------ SYSCALL ENTRY START ------------------
PID: 9174
SPID: 9174
Timestamp: 1688371587482505
Syscall = clock_gettime (113)
------------------ SYSCALL ENTRY STOP ------------------
------------------ SYSCALL EXIT START ------------------
PID: 9174
SPID: 9174
Timestamp: 1688371587484605
Return value: 000000000000000000
------------------ SYSCALL EXIT STOP ------------------
------------------ SYSCALL ENTRY START ------------------
PID: 9174
SPID: 9174
Timestamp: 1688371587484845
Syscall = clock_gettime (113)
------------------ SYSCALL ENTRY STOP ------------------
------------------ SYSCALL EXIT START ------------------
PID: 9174
SPID: 9174
Timestamp: 1688371587485681
Return value: 000000000000000000
------------------ SYSCALL EXIT STOP ------------------
------------------ SYSCALL ENTRY START ------------------
PID: 9174
SPID: 9174
Timestamp: 1688371587485793
Syscall = gettimeofday (169)
------------------ SYSCALL ENTRY STOP ------------------
------------------ SYSCALL EXIT START ------------------
PID: 9174
SPID: 9174
Timestamp: 1688371587486534
Return value: 000000000000000000
------------------ SYSCALL EXIT STOP ------------------
------------------ SYSCALL ENTRY START ------------------
PID: 9174
SPID: 9174
Timestamp: 1688371587486733
Syscall = read (63)
------------------ SYSCALL ENTRY STOP ------------------
------------------ SYSCALL EXIT START ------------------
PID: 9174
SPID: 9174
Timestamp: 1688371587487762
Return value: 0x0000000000000030
------------------ SYSCALL EXIT STOP ------------------
------------------ SYSCALL ENTRY START ------------------
PID: 9174
SPID: 9174
Timestamp: 1688371587488219
Syscall = ioctl (29)
------------------ SYSCALL ENTRY STOP ------------------
------------------ SYSCALL EXIT START ------------------
PID: 9174
SPID: 9174
Timestamp: 1688371587489636
Return value: 000000000000000000
------------------ SYSCALL EXIT STOP ------------------
------------------ SYSCALL ENTRY START ------------------
PID: 9174
SPID: 9174
Timestamp: 1688371587490299
Syscall = clock_gettime (113)
------------------ SYSCALL ENTRY STOP ------------------
------------------ SYSCALL EXIT START ------------------
PID: 9174
SPID: 9174
Timestamp: 1688371587490853
Return value: 000000000000000000
------------------ SYSCALL EXIT STOP ------------------
------------------ SYSCALL ENTRY START ------------------
PID: 9174
SPID: 9174
Timestamp: 1688371587491073
Syscall = read (63)
------------------ SYSCALL ENTRY STOP ------------------
------------------ SYSCALL EXIT START ------------------
PID: 9174
SPID: 9174
Timestamp: 1688371587491741
Return value: 0x0000000000000030
------------------ SYSCALL EXIT STOP ------------------
------------------ SYSCALL ENTRY START ------------------
PID: 9174
SPID: 9174
Timestamp: 1688371587491857
Syscall = getuid (174)
------------------ SYSCALL ENTRY STOP ------------------
------------------ SYSCALL EXIT START ------------------
PID: 9174
SPID: 9174
Timestamp: 1688371587492287
Return value: 0x000000000000285d
------------------ SYSCALL EXIT STOP ------------------
------------------ SYSCALL ENTRY START ------------------
PID: 9174
SPID: 9174
Timestamp: 1688371587492356
Syscall = epoll_pwait (22)
------------------ SYSCALL ENTRY STOP ------------------
------------------ SYSCALL EXIT START ------------------
PID: 9174
SPID: 9174
Timestamp: 1688371587492696
Return value: 000000000000000000
------------------ SYSCALL EXIT STOP ------------------
------------------ SYSCALL ENTRY START ------------------
PID: 9174
SPID: 9174
Timestamp: 1688371587492757
Syscall = clock_gettime (113)
------------------ SYSCALL ENTRY STOP ------------------
------------------ SYSCALL EXIT START ------------------
PID: 9174
SPID: 9174
Timestamp: 1688371587493076
Return value: 000000000000000000
------------------ SYSCALL EXIT STOP ------------------
------------------ SYSCALL ENTRY START ------------------
PID: 9174
SPID: 9174
Timestamp: 1688371587493200
Syscall = clock_gettime (113)
------------------ SYSCALL ENTRY STOP ------------------
------------------ SYSCALL EXIT START ------------------
PID: 9174
SPID: 9174
Timestamp: 1688371587493815
Return value: 000000000000000000
------------------ SYSCALL EXIT STOP ------------------
------------------ SYSCALL ENTRY START ------------------
PID: 9174
SPID: 9174
Timestamp: 1688371587493917
Syscall = gettimeofday (169)
------------------ SYSCALL ENTRY STOP ------------------
------------------ SYSCALL EXIT START ------------------
PID: 9174
SPID: 9174
Timestamp: 1688371587494957
Return value: 000000000000000000
------------------ SYSCALL EXIT STOP ------------------
------------------ SYSCALL ENTRY START ------------------
PID: 9174
SPID: 9174
Timestamp: 1688371587495192
Syscall = read (63)
------------------ SYSCALL ENTRY STOP ------------------
------------------ SYSCALL EXIT START ------------------
PID: 9174
SPID: 9174
Timestamp: 1688371587495630
Return value: 0x0000000000000030
------------------ SYSCALL EXIT STOP ------------------
------------------ SYSCALL ENTRY START ------------------
PID: 9174
SPID: 9174
Timestamp: 1688371587496271
Syscall = clock_gettime (113)
------------------ SYSCALL ENTRY STOP ------------------
------------------ SYSCALL EXIT START ------------------
PID: 9174
SPID: 9174
Timestamp: 1688371587497644
Return value: 000000000000000000
------------------ SYSCALL EXIT STOP ------------------
------------------ SYSCALL ENTRY START ------------------
PID: 9174
SPID: 9174
Timestamp: 1688371587497710
Syscall = clock_gettime (113)
------------------ SYSCALL ENTRY STOP ------------------
------------------ SYSCALL EXIT START ------------------
PID: 9174
SPID: 9174
Timestamp: 1688371587498040
Return value: 000000000000000000
------------------ SYSCALL EXIT STOP ------------------
------------------ SYSCALL ENTRY START ------------------
PID: 9174
SPID: 9174
Timestamp: 1688371587498274
Syscall = clock_gettime (113)
------------------ SYSCALL ENTRY STOP ------------------
------------------ SYSCALL EXIT START ------------------
PID: 9174
SPID: 9174
Timestamp: 1688371587499002
Return value: 000000000000000000
------------------ SYSCALL EXIT STOP ------------------
------------------ SYSCALL ENTRY START ------------------
PID: 9174
SPID: 9174
Timestamp: 1688371587499057
Syscall = clock_gettime (113)
------------------ SYSCALL ENTRY STOP ------------------
------------------ SYSCALL EXIT START ------------------
PID: 9174
SPID: 9174
Timestamp: 1688371587499343
Return value: 000000000000000000
------------------ SYSCALL EXIT STOP ------------------
------------------ SYSCALL ENTRY START ------------------
PID: 9174
SPID: 9174
Timestamp: 1688371587499636
Syscall = clock_gettime (113)
------------------ SYSCALL ENTRY STOP ------------------
------------------ SYSCALL EXIT START ------------------
PID: 9174
SPID: 9174
Timestamp: 1688371587499956
Return value: 000000000000000000
------------------ SYSCALL EXIT STOP ------------------
------------------ SYSCALL ENTRY START ------------------
PID: 9174
SPID: 9174
Timestamp: 1688371587500002
Syscall = clock_gettime (113)
------------------ SYSCALL ENTRY STOP ------------------
------------------ SYSCALL EXIT START ------------------
PID: 9174
SPID: 9174
Timestamp: 1688371587500552
Return value: 000000000000000000
------------------ SYSCALL EXIT STOP ------------------
------------------ SYSCALL ENTRY START ------------------
PID: 9174
SPID: 9174
Timestamp: 1688371587500721
Syscall = clock_gettime (113)
------------------ SYSCALL ENTRY STOP ------------------
------------------ SYSCALL EXIT START ------------------
PID: 9174
SPID: 9174
Timestamp: 1688371587501062
Return value: 000000000000000000
------------------ SYSCALL EXIT STOP ------------------
------------------ SYSCALL ENTRY START ------------------
PID: 9174
SPID: 9174
Timestamp: 1688371587501233
Syscall = clock_gettime (113)
------------------ SYSCALL ENTRY STOP ------------------
------------------ SYSCALL EXIT START ------------------
PID: 9174
SPID: 9174
Timestamp: 1688371587505675
Return value: 000000000000000000
------------------ SYSCALL EXIT STOP ------------------
------------------ SYSCALL ENTRY START ------------------
PID: 9174
SPID: 9174
Timestamp: 1688371587506087
Syscall = clock_gettime (113)
------------------ SYSCALL ENTRY STOP ------------------
------------------ SYSCALL EXIT START ------------------
PID: 9174
SPID: 9174
Timestamp: 1688371587506802
Return value: 000000000000000000
------------------ SYSCALL EXIT STOP ------------------
------------------ SYSCALL ENTRY START ------------------
PID: 9174
SPID: 9174
Timestamp: 1688371587506878
Syscall = clock_gettime (113)
------------------ SYSCALL ENTRY STOP ------------------
------------------ SYSCALL EXIT START ------------------
PID: 9174
SPID: 9174
Timestamp: 1688371587509631
Return value: 000000000000000000
------------------ SYSCALL EXIT STOP ------------------
------------------ SYSCALL ENTRY START ------------------
PID: 9174
SPID: 9174
Timestamp: 1688371587509791
Syscall = clock_gettime (113)
------------------ SYSCALL ENTRY STOP ------------------
------------------ SYSCALL EXIT START ------------------
PID: 9174
SPID: 9174
Timestamp: 1688371587515377
Return value: 000000000000000000
------------------ SYSCALL EXIT STOP ------------------
------------------ SYSCALL ENTRY START ------------------
PID: 9174
SPID: 9174
Timestamp: 1688371587516094
Syscall = clock_gettime (113)
------------------ SYSCALL ENTRY STOP ------------------
------------------ SYSCALL EXIT START ------------------
PID: 9174
SPID: 9174
Timestamp: 1688371587519505
Return value: 000000000000000000
------------------ SYSCALL EXIT STOP ------------------
------------------ SYSCALL ENTRY START ------------------
PID: 9174
SPID: 9174
Timestamp: 1688371587520212
Syscall = clock_gettime (113)
------------------ SYSCALL ENTRY STOP ------------------
------------------ SYSCALL EXIT START ------------------
PID: 9174
SPID: 9174
Timestamp: 1688371587521840
Return value: 000000000000000000
------------------ SYSCALL EXIT STOP ------------------
------------------ SYSCALL ENTRY START ------------------
PID: 9174
SPID: 9174
Timestamp: 1688371587521937
Syscall = clock_gettime (113)
------------------ SYSCALL ENTRY STOP ------------------
------------------ SYSCALL EXIT START ------------------
PID: 9174
SPID: 9174
Timestamp: 1688371587534728
Return value: 000000000000000000
------------------ SYSCALL EXIT STOP ------------------
------------------ SYSCALL ENTRY START ------------------
PID: 9174
SPID: 9174
Timestamp: 1688371587535005
Syscall = clock_gettime (113)
------------------ SYSCALL ENTRY STOP ------------------
------------------ SYSCALL EXIT START ------------------
PID: 9174
SPID: 9174
Timestamp: 1688371587535953
Return value: 000000000000000000
------------------ SYSCALL EXIT STOP ------------------
------------------ SYSCALL ENTRY START ------------------
PID: 9174
SPID: 9174
Timestamp: 1688371587536170
Syscall = clock_gettime (113)
------------------ SYSCALL ENTRY STOP ------------------
------------------ SYSCALL EXIT START ------------------
PID: 9174
SPID: 9174
Timestamp: 1688371587538098
Return value: 000000000000000000
------------------ SYSCALL EXIT STOP ------------------
------------------ SYSCALL ENTRY START ------------------
PID: 9174
SPID: 9174
Timestamp: 1688371587538302
Syscall = clock_gettime (113)
------------------ SYSCALL ENTRY STOP ------------------
------------------ SYSCALL EXIT START ------------------
PID: 9174
SPID: 9174
Timestamp: 1688371587541864
Return value: 000000000000000000
------------------ SYSCALL EXIT STOP ------------------
------------------ SYSCALL ENTRY START ------------------
PID: 9174
SPID: 9174
Timestamp: 1688371587541926
Syscall = clock_gettime (113)
------------------ SYSCALL ENTRY STOP ------------------
------------------ SYSCALL EXIT START ------------------
PID: 9174
SPID: 9174
Timestamp: 1688371587544607
Return value: 000000000000000000
------------------ SYSCALL EXIT STOP ------------------
------------------ SYSCALL ENTRY START ------------------
PID: 9174
SPID: 9174
Timestamp: 1688371587544825
Syscall = clock_gettime (113)
------------------ SYSCALL ENTRY STOP ------------------
------------------ SYSCALL EXIT START ------------------
PID: 9174
SPID: 9174
Timestamp: 1688371587546451
Return value: 000000000000000000
------------------ SYSCALL EXIT STOP ------------------
------------------ SYSCALL ENTRY START ------------------
PID: 9174
SPID: 9174
Timestamp: 1688371587546508
Syscall = clock_gettime (113)
------------------ SYSCALL ENTRY STOP ------------------
------------------ SYSCALL EXIT START ------------------
PID: 9174
SPID: 9174
Timestamp: 1688371587547270
Return value: 000000000000000000
------------------ SYSCALL EXIT STOP ------------------
------------------ SYSCALL ENTRY START ------------------
PID: 9174
SPID: 9174
Timestamp: 1688371587549564
Syscall = clock_gettime (113)
------------------ SYSCALL ENTRY STOP ------------------
------------------ SYSCALL EXIT START ------------------
PID: 9174
SPID: 9174
Timestamp: 1688371587550554
Return value: 000000000000000000
------------------ SYSCALL EXIT STOP ------------------
------------------ SYSCALL ENTRY START ------------------
PID: 9174
SPID: 9174
Timestamp: 1688371587550608
Syscall = clock_gettime (113)
------------------ SYSCALL ENTRY STOP ------------------
------------------ SYSCALL EXIT START ------------------
PID: 9174
SPID: 9174
Timestamp: 1688371587551576
Return value: 000000000000000000
------------------ SYSCALL EXIT STOP ------------------
------------------ SYSCALL ENTRY START ------------------
PID: 9174
SPID: 9174
Timestamp: 1688371587551907
Syscall = clock_gettime (113)
------------------ SYSCALL ENTRY STOP ------------------
------------------ SYSCALL EXIT START ------------------
PID: 9174
SPID: 9174
Timestamp: 1688371587552710
Return value: 000000000000000000
------------------ SYSCALL EXIT STOP ------------------
------------------ SYSCALL ENTRY START ------------------
PID: 9174
SPID: 9174
Timestamp: 1688371587552809
Syscall = clock_gettime (113)
------------------ SYSCALL ENTRY STOP ------------------
------------------ SYSCALL EXIT START ------------------
PID: 9174
SPID: 9174
Timestamp: 1688371587553598
Return value: 000000000000000000
------------------ SYSCALL EXIT STOP ------------------
------------------ SYSCALL ENTRY START ------------------
PID: 9174
SPID: 9174
Timestamp: 1688371587553705
Syscall = clock_gettime (113)
------------------ SYSCALL ENTRY STOP ------------------
------------------ SYSCALL EXIT START ------------------
PID: 9174
SPID: 9174
Timestamp: 1688371587558467
Return value: 000000000000000000
------------------ SYSCALL EXIT STOP ------------------
------------------ SYSCALL ENTRY START ------------------
PID: 9174
SPID: 9174
Timestamp: 1688371587558517
Syscall = clock_gettime (113)
------------------ SYSCALL ENTRY STOP ------------------
------------------ SYSCALL EXIT START ------------------
PID: 9174
SPID: 9174
Timestamp: 1688371587559824
Return value: 000000000000000000
------------------ SYSCALL EXIT STOP ------------------
------------------ SYSCALL ENTRY START ------------------
PID: 9174
SPID: 9174
Timestamp: 1688371587560071
Syscall = clock_gettime (113)
------------------ SYSCALL ENTRY STOP ------------------
------------------ SYSCALL EXIT START ------------------
PID: 9174
SPID: 9174
Timestamp: 1688371587560920
Return value: 000000000000000000
------------------ SYSCALL EXIT STOP ------------------
------------------ SYSCALL ENTRY START ------------------
PID: 9174
SPID: 9174
Timestamp: 1688371587561007
Syscall = clock_gettime (113)
------------------ SYSCALL ENTRY STOP ------------------
------------------ SYSCALL EXIT START ------------------
PID: 9174
SPID: 9174
Timestamp: 1688371587562823
Return value: 000000000000000000
------------------ SYSCALL EXIT STOP ------------------
------------------ SYSCALL ENTRY START ------------------
PID: 9174
SPID: 9174
Timestamp: 1688371587563204
Syscall = clock_gettime (113)
------------------ SYSCALL ENTRY STOP ------------------
------------------ SYSCALL EXIT START ------------------
PID: 9174
SPID: 9174
Timestamp: 1688371587563825
Return value: 000000000000000000
------------------ SYSCALL EXIT STOP ------------------
------------------ SYSCALL ENTRY START ------------------
PID: 9174
SPID: 9174
Timestamp: 1688371587563924
Syscall = clock_gettime (113)
------------------ SYSCALL ENTRY STOP ------------------
------------------ SYSCALL EXIT START ------------------
PID: 9174
SPID: 9174
Timestamp: 1688371587564663
Return value: 000000000000000000
------------------ SYSCALL EXIT STOP ------------------
------------------ SYSCALL ENTRY START ------------------
PID: 9174
SPID: 9174
Timestamp: 1688371587564914
Syscall = clock_gettime (113)
------------------ SYSCALL ENTRY STOP ------------------
------------------ SYSCALL EXIT START ------------------
PID: 9174
SPID: 9174
Timestamp: 1688371587565854
Return value: 000000000000000000
------------------ SYSCALL EXIT STOP ------------------
------------------ SYSCALL ENTRY START ------------------
PID: 9174
SPID: 9174
Timestamp: 1688371587565934
Syscall = clock_gettime (113)
------------------ SYSCALL ENTRY STOP ------------------
------------------ SYSCALL EXIT START ------------------
PID: 9174
SPID: 9174
Timestamp: 1688371587566601
Return value: 000000000000000000
------------------ SYSCALL EXIT STOP ------------------
------------------ SYSCALL ENTRY START ------------------
PID: 9174
SPID: 9174
Timestamp: 1688371587566850
Syscall = clock_gettime (113)
------------------ SYSCALL ENTRY STOP ------------------
------------------ SYSCALL EXIT START ------------------
PID: 9174
SPID: 9174
Timestamp: 1688371587567466
Return value: 000000000000000000
------------------ SYSCALL EXIT STOP ------------------
------------------SYSCALL ENTRY START ------------------
PID: 9174
SPID: 9174
Timestamp: 1688371587567506
Syscall = clock_gettime (113)
------------------ SYSCALL ENTRY STOP ------------------
------------------ SYSCALL EXIT START ------------------
PID: 9174
SPID: 9174
Timestamp: 1688371587568118
Return value: 000000000000000000
------------------ SYSCALL EXIT STOP ------------------
------------------ SYSCALL ENTRY START ------------------
PID: 9174
SPID: 9174
Timestamp: 1688371587568278
Syscall = clock_gettime (113)
------------------ SYSCALL ENTRY STOP ------------------
------------------ SYSCALL EXIT START ------------------
PID: 9174
SPID: 9174
Timestamp: 1688371587569155
Return value: 000000000000000000
------------------ SYSCALL EXIT STOP ------------------
------------------ SYSCALL ENTRY START ------------------
PID: 9174
SPID: 9174
Timestamp: 1688371587569337
Syscall = clock_gettime (113)
------------------ SYSCALL ENTRY STOP ------------------
------------------ SYSCALL EXIT START ------------------
PID: 9174
SPID: 9174
Timestamp: 1688371587569972
Return value: 000000000000000000
------------------ SYSCALL EXIT STOP ------------------
------------------ SYSCALL ENTRY START ------------------
PID: 9174
SPID: 9174
Timestamp: 1688371587570132
Syscall = clock_gettime (113)
------------------ SYSCALL ENTRY STOP ------------------
------------------ SYSCALL EXIT START ------------------
PID: 9174
SPID: 9174
Timestamp: 1688371587570694
Return value: 000000000000000000
------------------ SYSCALL EXIT STOP ------------------
------------------ SYSCALL ENTRY START ------------------
PID: 9174
SPID: 9174
Timestamp: 1688371587570757
Syscall = clock_gettime (113)
------------------ SYSCALL ENTRY STOP ------------------
------------------ SYSCALL EXIT START ------------------
PID: 9174
SPID: 9174
Timestamp: 1688371587572405
Return value: 000000000000000000
------------------ SYSCALL EXIT STOP ------------------
------------------ SYSCALL ENTRY START ------------------
PID: 9174
SPID: 9174
Timestamp: 1688371587572698
Syscall = clock_gettime (113)
------------------ SYSCALL ENTRY STOP ------------------
------------------ SYSCALL EXIT START ------------------
PID: 9174
SPID: 9174
Timestamp: 1688371587573351
Return value: 000000000000000000
------------------ SYSCALL EXIT STOP ------------------
------------------ SYSCALL ENTRY START ------------------
PID: 9174
SPID: 9174
Timestamp: 1688371587573424
Syscall = clock_gettime (113)
------------------ SYSCALL ENTRY STOP ------------------
------------------ SYSCALL EXIT START ------------------
PID: 9174
SPID: 9174
Timestamp: 1688371587574057
Return value: 000000000000000000
------------------ SYSCALL EXIT STOP ------------------
------------------ SYSCALL ENTRY START ------------------
PID: 9174
SPID: 9174
Timestamp: 1688371587574239
Syscall = clock_gettime (113)
------------------ SYSCALL ENTRY STOP ------------------
------------------ SYSCALL EXIT START ------------------
PID: 9174
SPID: 9174
Timestamp: 1688371587574795
Return value: 000000000000000000
------------------ SYSCALL EXIT STOP ------------------
------------------ SYSCALL ENTRY START ------------------
PID: 9174
SPID: 9174
Timestamp: 1688371587577412
Syscall = clock_gettime (113)
------------------ SYSCALL ENTRY STOP ------------------
------------------ SYSCALL EXIT START ------------------
PID: 9174
SPID: 9174
Timestamp: 1688371587578233
Return value: 000000000000000000
------------------ SYSCALL EXIT STOP ------------------
------------------ SYSCALL ENTRY START ------------------
PID: 9174
SPID: 9174
Timestamp: 1688371587578844
Syscall = clock_gettime (113)
------------------ SYSCALL ENTRY STOP ------------------
------------------ SYSCALL EXIT START ------------------
PID: 9174
SPID: 9174
Timestamp: 1688371587580507
Return value: 000000000000000000
------------------ SYSCALL EXIT STOP ------------------
------------------ SYSCALL ENTRY START ------------------
PID: 9174
SPID: 9174
Timestamp: 1688371587580679
Syscall = clock_gettime (113)
------------------ SYSCALL ENTRY STOP ------------------
------------------ SYSCALL EXIT START ------------------
PID: 9174
SPID: 9174
Timestamp: 1688371587580996
Return value: 000000000000000000
------------------ SYSCALL EXIT STOP ------------------
------------------ SYSCALL ENTRY START ------------------
PID: 9174
SPID: 9174
Timestamp: 1688371587581481
Syscall = clock_gettime (113)
------------------ SYSCALL ENTRY STOP ------------------
------------------ SYSCALL EXIT START ------------------
PID: 9174
SPID: 9174
Timestamp: 1688371587582241
Return value: 000000000000000000
------------------ SYSCALL EXIT STOP ------------------
------------------ SYSCALL ENTRY START ------------------
PID: 9174
SPID: 9174
Timestamp: 1688371587582367
Syscall = clock_gettime (113)
------------------ SYSCALL ENTRY STOP ------------------
------------------ SYSCALL EXIT START ------------------
PID: 9174
SPID: 9174
Timestamp: 1688371587582626
Return value: 000000000000000000
------------------ SYSCALL EXIT STOP ------------------
------------------ SYSCALL ENTRY START ------------------
PID: 9174
SPID: 9174
Timestamp: 1688371587582766
Syscall = clock_gettime (113)
------------------ SYSCALL ENTRY STOP ------------------
------------------ SYSCALL EXIT START ------------------
PID: 9174
SPID: 9174
Timestamp: 1688371587583356
Return value: 000000000000000000
------------------ SYSCALL EXIT STOP ------------------
------------------ SYSCALL ENTRY START ------------------
PID: 9174
SPID: 9174
Timestamp: 1688371587583432
Syscall = clock_gettime (113)
------------------ SYSCALL ENTRY STOP ------------------
------------------ SYSCALL EXIT START ------------------
PID: 9174
SPID: 9174
Timestamp: 1688371587584369
Return value: 000000000000000000
------------------ SYSCALL EXIT STOP ------------------
------------------ SYSCALL ENTRY START ------------------
PID: 9174
SPID: 9174
Timestamp: 1688371587584489
Syscall = clock_gettime (113)
------------------ SYSCALL ENTRY STOP ------------------
------------------ SYSCALL EXIT START ------------------
PID: 9174
SPID: 9174
Timestamp: 1688371587585037
Return value: 000000000000000000
------------------ SYSCALL EXIT STOP ------------------
------------------ SYSCALL ENTRY START ------------------
PID: 9174
SPID: 9174
Timestamp: 1688371587585086
Syscall = clock_gettime (113)
------------------ SYSCALL ENTRY STOP ------------------
------------------ SYSCALL EXIT START ------------------
PID: 9174
SPID: 9174
Timestamp: 1688371587585809
Return value: 000000000000000000
------------------ SYSCALL EXIT STOP ------------------
------------------ SYSCALL ENTRY START ------------------
PID: 9174
SPID: 9174
Timestamp: 1688371587586033
Syscall = clock_gettime (113)
------------------ SYSCALL ENTRY STOP ------------------
------------------ SYSCALL EXIT START ------------------
PID: 9174
SPID: 9174
Timestamp: 1688371587586673
Return value: 000000000000000000
------------------ SYSCALL EXIT STOP ------------------
------------------ SYSCALL ENTRY START ------------------
PID: 9174
SPID: 9174
Timestamp: 1688371587586736
Syscall = clock_gettime (113)
------------------ SYSCALL ENTRY STOP ------------------
------------------ SYSCALL EXIT START ------------------
PID: 9174
SPID: 9174
Timestamp: 1688371587587366
Return value: 000000000000000000
------------------ SYSCALL EXIT STOP ------------------
------------------ SYSCALL ENTRY START ------------------
PID: 9174
SPID: 9174
Timestamp: 1688371587587511
Syscall = clock_gettime (113)
------------------ SYSCALL ENTRY STOP ------------------
------------------ SYSCALL EXIT START ------------------
PID: 9174
SPID: 9174
Timestamp: 1688371587588113
Return value: 000000000000000000
------------------ SYSCALL EXIT STOP ------------------
------------------ SYSCALL ENTRY START ------------------
PID: 9174
SPID: 9174
Timestamp: 1688371587588156
Syscall = clock_gettime (113)
------------------ SYSCALL ENTRY STOP ------------------
------------------ SYSCALL EXIT START ------------------
PID: 9174
SPID: 9174
Timestamp: 1688371587589173
Return value: 000000000000000000
------------------ SYSCALL EXIT STOP ------------------
------------------ SYSCALL ENTRY START ------------------
PID: 9174
SPID: 9174
Timestamp: 1688371587589360
Syscall = clock_gettime (113)
------------------ SYSCALL ENTRY STOP ------------------
------------------ SYSCALL EXIT START ------------------
PID: 9174
SPID: 9174
Timestamp: 1688371587589883
Return value: 000000000000000000
------------------ SYSCALL EXIT STOP ------------------
------------------ SYSCALL ENTRY START ------------------
PID: 9174
SPID: 9174
Timestamp: 1688371587589925
Syscall = clock_gettime (113)
------------------ SYSCALL ENTRY STOP ------------------
------------------ SYSCALL EXIT START ------------------
PID: 9174
SPID: 9174
Timestamp: 1688371587590863
Return value: 000000000000000000
------------------ SYSCALL EXIT STOP ------------------
------------------ SYSCALL ENTRY START ------------------
PID: 9174
SPID: 9174
Timestamp: 1688371587591239
Syscall = clock_gettime (113)
------------------ SYSCALL ENTRY STOP ------------------
------------------ SYSCALL EXIT START ------------------
PID: 9174
SPID: 9174
Timestamp: 1688371587592422
Return value: 000000000000000000
------------------ SYSCALL EXIT STOP ------------------
------------------ SYSCALL ENTRY START ------------------
PID: 9174
SPID: 9174
Timestamp: 1688371587592508
Syscall = clock_gettime (113)
------------------ SYSCALL ENTRY STOP ------------------
------------------ SYSCALL EXIT START ------------------
PID: 9174
SPID: 9174
Timestamp: 1688371587593203
Return value: 000000000000000000
------------------ SYSCALL EXIT STOP ------------------
------------------ SYSCALL ENTRY START ------------------
PID: 9174
SPID: 9174
Timestamp: 1688371587593354
Syscall = clock_gettime (113)
------------------ SYSCALL ENTRY STOP ------------------
------------------ SYSCALL EXIT START ------------------
PID: 9174
SPID: 9174
Timestamp: 1688371587596038
Return value: 000000000000000000
------------------ SYSCALL EXIT STOP ------------------
------------------ SYSCALL ENTRY START ------------------
PID: 9174
SPID: 9174
Timestamp: 1688371587596116
Syscall = clock_gettime (113)
------------------ SYSCALL ENTRY STOP ------------------
------------------ SYSCALL EXIT START ------------------
PID: 9174
SPID: 9174
Timestamp: 1688371587596730
Return value: 000000000000000000
------------------ SYSCALL EXIT STOP ------------------
------------------ SYSCALL ENTRY START ------------------
PID: 9174
SPID: 9174
Timestamp: 1688371587597127
Syscall = clock_gettime (113)
------------------ SYSCALL ENTRY STOP ------------------
------------------ SYSCALL EXIT START ------------------
PID: 9174
SPID: 9174
Timestamp: 1688371587597683
Return value: 000000000000000000
------------------ SYSCALL EXIT STOP ------------------
------------------ SYSCALL ENTRY START ------------------
PID: 9174
SPID: 9174
Timestamp: 1688371587597745
Syscall = clock_gettime (113)
------------------ SYSCALL ENTRY STOP ------------------
------------------ SYSCALL EXIT START ------------------
PID: 9174
SPID: 9174
Timestamp: 1688371587598537
Return value: 000000000000000000
------------------ SYSCALL EXIT STOP ------------------
------------------ SYSCALL ENTRY START ------------------
PID: 9174
SPID: 9174
Timestamp: 1688371587598931
Syscall = clock_gettime (113)
------------------ SYSCALL ENTRY STOP ------------------
------------------ SYSCALL EXIT START ------------------
PID: 9174
SPID: 9174
Timestamp: 1688371587600441
Return value: 000000000000000000
------------------ SYSCALL EXIT STOP ------------------
------------------ SYSCALL ENTRY START ------------------
PID: 9174
SPID: 9174
Timestamp: 1688371587600535
Syscall = clock_gettime (113)
------------------ SYSCALL ENTRY STOP ------------------
------------------ SYSCALL EXIT START ------------------
PID: 9174
SPID: 9174
Timestamp: 1688371587601198
Return value: 000000000000000000
------------------ SYSCALL EXIT STOP ------------------
------------------ SYSCALL ENTRY START ------------------
PID: 9174
SPID: 9174
Timestamp: 1688371587601382
Syscall = clock_gettime (113)
------------------ SYSCALL ENTRY STOP ------------------
