------------------ SYSCALL ENTRY START ------------------
PID: 16860
SPID: 16860
Timestamp: 1691395794002925
Syscall = futex (98)
------------------ SYSCALL ENTRY STOP ------------------
------------------ SYSCALL EXIT START ------------------
PID: 16860
SPID: 16860
Timestamp: 1691395794003592
Return value: 0x0000000000000001
------------------ SYSCALL EXIT STOP ------------------
------------------ SYSCALL ENTRY START ------------------
PID: 16860
SPID: 16860
Timestamp: 1691395794003725
Syscall = futex (98)
------------------ SYSCALL ENTRY STOP ------------------
------------------ SYSCALL EXIT START ------------------
PID: 16860
SPID: 16860
Timestamp: 1691395794003954
Return value: 0x0000000000000001
------------------ SYSCALL EXIT STOP ------------------
------------------ SYSCALL ENTRY START ------------------
PID: 16860
SPID: 16860
Timestamp: 1691395794005045
Syscall = clock_gettime (113)
------------------ SYSCALL ENTRY STOP ------------------
------------------ SYSCALL EXIT START ------------------
PID: 16860
SPID: 16860
Timestamp: 1691395794005259
Return value: 000000000000000000
------------------ SYSCALL EXIT STOP ------------------
------------------ SYSCALL ENTRY START ------------------
PID: 16860
SPID: 16860
Timestamp: 1691395794005392
Syscall = write (64)
------------------ SYSCALL ENTRY STOP ------------------
------------------ SYSCALL EXIT START ------------------
PID: 16860
SPID: 16860
Timestamp: 1691395794005808
Return value: 0x0000000000000008
------------------ SYSCALL EXIT STOP ------------------
------------------ SYSCALL ENTRY START ------------------
PID: 16860
SPID: 16860
Timestamp: 1691395794005964
Syscall = futex (98)
------------------ SYSCALL ENTRY STOP ------------------
------------------ SYSCALL EXIT START ------------------
PID: 16860
SPID: 16860
Timestamp: 1691395794008070
Return value: 0x0000000000000001
------------------ SYSCALL EXIT STOP ------------------
------------------ SYSCALL ENTRY START ------------------
PID: 16860
SPID: 16860
Timestamp: 1691395794008236
Syscall =futex (98)
------------------ SYSCALL ENTRY STOP ------------------
------------------ SYSCALL EXIT START ------------------
PID: 16860
SPID: 16860
Timestamp: 1691395794008994
Return value: 0xfffffffffffffff5
------------------ SYSCALL EXIT STOP ------------------
------------------ SYSCALL ENTRY START ------------------
PID: 16860
SPID: 16860
Timestamp: 1691395794009174
Syscall = clock_gettime (113)
------------------ SYSCALL ENTRY STOP ------------------
------------------ SYSCALL EXIT START ------------------
PID: 16860
SPID: 16860
Timestamp: 1691395794009399
Return value: 000000000000000000
------------------ SYSCALL EXIT STOP ------------------
------------------ SYSCALL ENTRY START ------------------
PID: 16860
SPID: 16860
Timestamp: 1691395794009558
Syscall = clock_gettime (113)
------------------ SYSCALL ENTRY STOP ------------------
------------------ SYSCALL EXIT START ------------------
PID: 16860
SPID: 16860
Timestamp: 1691395794009734
Return value: 000000000000000000
------------------ SYSCALL EXIT STOP ------------------
------------------ SYSCALL ENTRY START ------------------
PID: 16860
SPID: 16860
Timestamp: 1691395794009884
Syscall = clock_gettime (113)
------------------ SYSCALL ENTRY STOP ------------------
------------------ SYSCALL EXIT START ------------------
PID: 16860
SPID: 16860
Timestamp: 1691395794010056
Return value: 000000000000000000
------------------ SYSCALL EXIT STOP ------------------
------------------ SYSCALL ENTRY START ------------------
PID: 16860
SPID: 16860
Timestamp: 1691395794010162
Syscall = read (63)
------------------ SYSCALL ENTRY STOP ------------------
------------------ SYSCALL EXIT START ------------------
PID: 16975
SPID: 16975
Timestamp: 1691395817095971
Return value: 000000000000000000
------------------ SYSCALL EXIT STOP ------------------
------------------ SYSCALL ENTRY START ------------------
PID: 16975
SPID: 16975
Timestamp: 1691395817096007
Syscall = gettimeofday (169)
------------------ SYSCALL ENTRY STOP ------------------
------------------ SYSCALL EXIT START ------------------
PID: 16975
SPID: 16975
Timestamp: 1691395817096195
Return value: 000000000000000000
------------------ SYSCALL EXIT STOP ------------------
------------------ SYSCALL ENTRY START ------------------
PID: 16975
SPID: 16975
Timestamp: 1691395817096233
Syscall = read (63)
------------------ SYSCALL ENTRY STOP ------------------
------------------ SYSCALL EXIT START ------------------
PID: 16975
SPID: 16975
Timestamp: 1691395817096428
Return value: 0x0000000000000030
------------------ SYSCALL EXIT STOP ------------------
------------------ SYSCALL ENTRY START ------------------
PID: 16975
SPID: 16975
Timestamp: 1691395817096509
Syscall = clock_gettime (113)
------------------ SYSCALL ENTRY STOP ------------------
------------------ SYSCALL EXIT START ------------------
PID: 16975
SPID: 16975
Timestamp: 1691395817096707
Return value: 000000000000000000
------------------ SYSCALL EXIT STOP ------------------
------------------ SYSCALL ENTRY START ------------------
PID: 16975
SPID: 16975
Timestamp: 1691395817096777
Syscall = clock_gettime (113)
------------------ SYSCALL ENTRY STOP ------------------
------------------ SYSCALL EXIT START ------------------
PID: 16975
SPID: 16975
Timestamp: 1691395817096981
Return value: 000000000000000000
------------------ SYSCALL EXIT STOP ------------------
------------------ SYSCALL ENTRY START ------------------
PID: 16975
SPID: 16975
Timestamp: 1691395817097018
Syscall = clock_gettime (113)
------------------ SYSCALL ENTRY STOP ------------------
------------------ SYSCALL EXIT START ------------------
PID: 16975
SPID: 16975
Timestamp: 1691395817097232
Return value: 000000000000000000
------------------ SYSCALL EXIT STOP ------------------
------------------ SYSCALL ENTRY START ------------------
PID: 16975
SPID: 16975
Timestamp: 1691395817097272
Syscall = clock_gettime (113)
------------------ SYSCALL ENTRY STOP ------------------
------------------ SYSCALL EXIT START ------------------
PID: 16975
SPID: 16975
Timestamp: 1691395817097471
Return value: 000000000000000000
------------------ SYSCALL EXIT STOP ------------------
------------------ SYSCALL ENTRY START ------------------
PID: 16975
SPID: 16975
Timestamp: 1691395817097501
Syscall = clock_gettime (113)
------------------ SYSCALL ENTRY STOP ------------------
------------------ SYSCALL EXIT START ------------------
PID: 16975
SPID: 16975
Timestamp: 1691395817098297
Return value: 000000000000000000
------------------ SYSCALL EXIT STOP ------------------
------------------ SYSCALL ENTRY START ------------------
PID: 16975
SPID: 16975
Timestamp: 1691395817098365
Syscall = clock_gettime (113)
------------------ SYSCALL ENTRY STOP ------------------
------------------ SYSCALL EXIT START ------------------
PID: 16975
SPID: 16975
Timestamp: 1691395817098656
Return value: 000000000000000000
------------------ SYSCALL EXIT STOP ------------------
------------------ SYSCALL ENTRY START ------------------
PID: 16975
SPID: 16975
Timestamp: 1691395817098713
Syscall = clock_gettime (113)
------------------ SYSCALL ENTRY STOP ------------------
------------------ SYSCALL EXIT START ------------------
PID: 16975
SPID: 16975
Timestamp: 1691395817098966
Return value: 000000000000000000
------------------ SYSCALL EXIT STOP ------------------
------------------ SYSCALL ENTRY START ------------------
PID: 16975
SPID: 16975
Timestamp: 1691395817099017
Syscall = clock_gettime (113)
------------------ SYSCALL ENTRY STOP ------------------
------------------ SYSCALL EXIT START ------------------
PID: 16975
SPID: 16975
Timestamp: 1691395817099260
Return value: 000000000000000000
------------------ SYSCALL EXIT STOP ------------------
------------------ SYSCALL ENTRY START ------------------
PID: 16975
SPID: 16975
Timestamp: 1691395817099362
Syscall = write (64)
------------------ SYSCALL ENTRY STOP ------------------
------------------ SYSCALL EXIT START ------------------
PID: 16975
SPID: 16975
Timestamp: 1691395817099594
Return value: 0x0000000000000008
------------------ SYSCALL EXIT STOP ------------------
------------------ SYSCALL ENTRY START ------------------
PID: 16975
SPID: 16975
Timestamp: 1691395817099671
Syscall = clock_gettime (113)
------------------ SYSCALL ENTRY STOP ------------------
------------------ SYSCALL EXIT START ------------------
PID: 16975
SPID: 16975
Timestamp: 1691395817099906
Return value: 000000000000000000
------------------ SYSCALL EXIT STOP ------------------
------------------ SYSCALL ENTRY START ------------------
PID: 16975
SPID: 16975
Timestamp: 1691395817099976
Syscall = clock_gettime (113)
------------------ SYSCALL ENTRY STOP ------------------
------------------ SYSCALL EXIT START ------------------
PID: 16975
SPID: 16975
Timestamp: 1691395817100203
Return value: 000000000000000000
------------------ SYSCALL EXIT STOP ------------------
------------------ SYSCALL ENTRY START ------------------
PID: 16975
SPID: 16975
Timestamp: 1691395817100286
Syscall = clock_gettime (113)
------------------ SYSCALL ENTRY STOP ------------------
------------------ SYSCALL EXIT START ------------------
PID: 16975
SPID: 16975
Timestamp: 1691395817100532
Return value: 000000000000000000
------------------ SYSCALL EXIT STOP ------------------
------------------ SYSCALL ENTRY START ------------------
PID: 16975
SPID: 16975
Timestamp: 1691395817100583
Syscall = read (63)
------------------ SYSCALL ENTRY STOP ------------------
------------------ SYSCALL EXIT START ------------------
PID: 16975
SPID: 16975
Timestamp: 1691395817100804
Return value: 0x0000000000000030
------------------ SYSCALL EXIT STOP ------------------
------------------ SYSCALL ENTRY START ------------------
PID: 16975
SPID: 16975
Timestamp: 1691395817100933
Syscall = getuid (174)
------------------ SYSCALL ENTRY STOP ------------------
------------------ SYSCALL EXIT START ------------------
PID: 16975
SPID: 16975
Timestamp: 1691395817101167
Return value: 0x000000000000287c
------------------ SYSCALL EXIT STOP ------------------
------------------ SYSCALL ENTRY START ------------------
PID: 16975
SPID: 16975
Timestamp: 1691395817101233
Syscall = epoll_pwait (22)
------------------ SYSCALL ENTRY STOP ------------------
------------------ SYSCALL EXIT START ------------------
PID: 16975
SPID: 16975
Timestamp: 1691395817101479
Return value: 0x0000000000000002
------------------ SYSCALL EXIT STOP ------------------
------------------ SYSCALL ENTRY START ------------------
PID: 16975
SPID: 16975
Timestamp: 1691395817101528
Syscall = read (63)
------------------ SYSCALL ENTRY STOP ------------------
------------------ SYSCALL EXIT START ------------------
PID: 16975
SPID: 16975
Timestamp: 1691395817101754
Return value: 0x0000000000000008
------------------ SYSCALL EXIT STOP ------------------
------------------ SYSCALL ENTRY START ------------------
PID: 16975
SPID: 16975
Timestamp: 1691395817101932
Syscall = recvfrom (207)
------------------ SYSCALL ENTRY STOP ------------------
------------------ SYSCALL EXIT START ------------------
PID: 16975
SPID: 16975
Timestamp: 1691395817102329
Return value: 0x0000000000000010
------------------ SYSCALL EXIT STOP ------------------
------------------ SYSCALL ENTRY START ------------------
PID: 16975
SPID: 16975
Timestamp: 1691395817102378
Syscall = clock_gettime (113)
------------------ SYSCALL ENTRY STOP ------------------
------------------ SYSCALL EXIT START ------------------
PID: 16975
SPID: 16975
Timestamp: 1691395817102623
Return value: 000000000000000000
------------------ SYSCALL EXIT STOP ------------------
------------------ SYSCALL ENTRY START ------------------
PID: 16975
SPID: 16975
Timestamp: 1691395817102793
Syscall = clock_gettime (113)
------------------ SYSCALL ENTRY STOP ------------------
------------------ SYSCALL EXIT START ------------------
PID: 16975
SPID: 16975
Timestamp: 1691395817103054
Return value: 000000000000000000
------------------ SYSCALL EXIT STOP ------------------
------------------ SYSCALL ENTRY START ------------------
PID: 16975
SPID: 16975
Timestamp: 1691395817103123
Syscall = clock_gettime (113)
------------------ SYSCALL ENTRY STOP ------------------
------------------SYSCALL EXIT START ------------------
PID: 16975
SPID: 16975
Timestamp: 1691395817103367
Return value: 000000000000000000
------------------ SYSCALL EXIT STOP ------------------
------------------ SYSCALL ENTRY START ------------------
PID: 16975
SPID: 16975
Timestamp: 1691395817103423
Syscall = gettimeofday (169)
------------------ SYSCALL ENTRY STOP ------------------
------------------ SYSCALL EXIT START ------------------
PID: 16975
SPID: 16975
Timestamp: 1691395817103661
Return value: 000000000000000000
------------------ SYSCALL EXIT STOP ------------------
------------------ SYSCALL ENTRY START ------------------
PID: 16975
SPID: 16975
Timestamp: 1691395817103734
Syscall = sendto (206)
------------------ SYSCALL ENTRY STOP ------------------
------------------ SYSCALL EXIT START ------------------
PID: 16975
SPID: 16975
Timestamp: 1691395817104003
Return value: 0x0000000000000018
------------------ SYSCALL EXIT STOP ------------------
------------------ SYSCALL ENTRY START ------------------
PID: 16975
SPID: 16975
Timestamp: 1691395817104057
Syscall = recvfrom (207)
------------------ SYSCALL ENTRY STOP ------------------
------------------ SYSCALL EXIT START ------------------
PID: 16975
SPID: 16975
Timestamp: 1691395817104289
Return value: 0xfffffffffffffff5
------------------ SYSCALL EXIT STOP ------------------
------------------ SYSCALL ENTRY START ------------------
PID: 16975
SPID: 16975
Timestamp: 1691395817104350
Syscall = clock_gettime (113)
------------------ SYSCALL ENTRY STOP ------------------
------------------ SYSCALL EXIT START ------------------
PID: 16975
SPID: 16975
Timestamp: 1691395817104580
Return value: 000000000000000000
------------------ SYSCALL EXIT STOP ------------------
------------------ SYSCALL ENTRY START ------------------
PID: 16975
SPID: 16975
Timestamp: 1691395817104653
Syscall = clock_gettime (113)
------------------ SYSCALL ENTRY STOP ------------------
------------------ SYSCALL EXIT START ------------------
PID: 16975
SPID: 16975
Timestamp: 1691395817104881
Returnvalue: 000000000000000000
------------------ SYSCALL EXIT STOP ------------------
------------------ SYSCALL ENTRY START ------------------
PID: 16975
SPID: 16975
Timestamp: 1691395817104930
Syscall = gettimeofday (169)
------------------ SYSCALL ENTRY STOP ------------------
------------------ SYSCALL EXIT START ------------------
PID: 16975
SPID: 16975
Timestamp: 1691395817105181
Return value: 000000000000000000
------------------ SYSCALL EXIT STOP ------------------
------------------ SYSCALL ENTRY START ------------------
PID: 16975
SPID: 16975
Timestamp: 1691395817105239
Syscall = read (63)
------------------ SYSCALL ENTRY STOP ------------------
------------------ SYSCALL EXIT START ------------------
PID: 16975
SPID: 16975
Timestamp: 1691395817105565
Return value: 0x0000000000000030
------------------ SYSCALL EXIT STOP ------------------
------------------ SYSCALL ENTRY START ------------------
PID: 16975
SPID: 16975
Timestamp: 1691395817105969
Syscall = clock_gettime (113)
------------------ SYSCALL ENTRY STOP ------------------
------------------ SYSCALL EXIT START ------------------
PID: 16975
SPID: 16975
Timestamp: 1691395817106251
Return value: 000000000000000000
------------------ SYSCALL EXIT STOP ------------------
------------------ SYSCALL ENTRY START ------------------
PID: 16975
SPID: 16975
Timestamp: 1691395817106299
Syscall = getuid (174)
------------------ SYSCALL ENTRY STOP ------------------
------------------ SYSCALL EXIT START ------------------
PID: 16975
SPID: 16975
Timestamp: 1691395817107538
Return value: 0x000000000000287c
------------------ SYSCALL EXIT STOP ------------------
------------------ SYSCALL ENTRY START ------------------
PID: 16975
SPID: 16975
Timestamp: 1691395817107798
Syscall = writev (66)
------------------ SYSCALL ENTRY STOP ------------------
------------------ SYSCALL EXIT START ------------------
PID: 16975
SPID: 16975
Timestamp: 1691395817108161
Return value: 0x0000000000000041
------------------ SYSCALL EXIT STOP ------------------
------------------ SYSCALLENTRY START ------------------
PID: 16975
SPID: 16975
Timestamp: 1691395817108224
Syscall = futex (98)
------------------ SYSCALL ENTRY STOP ------------------
------------------ SYSCALL EXIT START ------------------
PID: 16975
SPID: 16975
Timestamp: 1691395817108559
Return value: 0x0000000000000001
------------------ SYSCALL EXIT STOP ------------------
------------------ SYSCALL ENTRY START ------------------
PID: 16975
SPID: 16975
Timestamp: 1691395817109017
Syscall = clock_gettime (113)
------------------ SYSCALL ENTRY STOP ------------------
------------------ SYSCALL EXIT START ------------------
PID: 16975
SPID: 16975
Timestamp: 1691395817110601
Return value: 000000000000000000
------------------ SYSCALL EXIT STOP ------------------
------------------ SYSCALL ENTRY START ------------------
PID: 16975
SPID: 16975
Timestamp: 1691395817110681
Syscall = clock_gettime (113)
------------------ SYSCALL ENTRY STOP ------------------
------------------ SYSCALL EXIT START ------------------
PID: 16975
SPID: 16975
Timestamp: 1691395817111341
Return value: 000000000000000000
------------------ SYSCALL EXIT STOP ------------------
------------------ SYSCALL ENTRY START ------------------
PID: 16975
SPID: 16975
Timestamp: 1691395817111424
Syscall = clock_gettime (113)
------------------ SYSCALL ENTRY STOP ------------------
------------------ SYSCALL EXIT START ------------------
PID: 16975
SPID: 16975
Timestamp: 1691395817112021
Return value: 000000000000000000
------------------ SYSCALL EXIT STOP ------------------
------------------ SYSCALL ENTRY START ------------------
PID: 16975
SPID: 16975
Timestamp: 1691395817112165
Syscall = clock_gettime (113)
------------------ SYSCALL ENTRY STOP ------------------
------------------ SYSCALL EXIT START ------------------
PID: 16975
SPID: 16975
Timestamp: 1691395817113230
Return value: 000000000000000000
------------------ SYSCALL EXIT STOP ------------------
------------------ SYSCALL ENTRY START ------------------
PID: 16975
SPID: 16975
Timestamp: 1691395817113311
Syscall =gettimeofday (169)
------------------ SYSCALL ENTRY STOP ------------------
------------------ SYSCALL EXIT START ------------------
PID: 16975
SPID: 16975
Timestamp: 1691395817113782
Return value: 000000000000000000
------------------ SYSCALL EXIT STOP ------------------
------------------ SYSCALL ENTRY START ------------------
PID: 16975
SPID: 16975
Timestamp: 1691395817113859
Syscall = clock_gettime (113)
------------------ SYSCALL ENTRY STOP ------------------
------------------ SYSCALL EXIT START ------------------
PID: 16975
SPID: 16975
Timestamp: 1691395817114087
Return value: 000000000000000000
------------------ SYSCALL EXIT STOP ------------------
------------------ SYSCALL ENTRY START ------------------
PID: 16975
SPID: 16975
Timestamp: 1691395817114203
Syscall = write (64)
------------------ SYSCALL ENTRY STOP ------------------
------------------ SYSCALL EXIT START ------------------
PID: 16975
SPID: 16975
Timestamp: 1691395817114752
Return value: 0x0000000000000008
------------------ SYSCALL EXIT STOP ------------------
------------------ SYSCALL ENTRY START ------------------
PID: 16975
SPID: 16975
Timestamp: 1691395817115010
Syscall = futex (98)
------------------ SYSCALL ENTRY STOP ------------------
------------------ SYSCALL EXIT START ------------------
PID: 16975
SPID: 16975
Timestamp: 1691395817115329
Return value: 0xfffffffffffffff5
------------------ SYSCALL EXIT STOP ------------------
------------------ SYSCALL ENTRY START ------------------
PID: 16975
SPID: 16975
Timestamp: 1691395817115396
Syscall = futex (98)
------------------ SYSCALL ENTRY STOP ------------------
------------------ SYSCALL EXIT START ------------------
PID: 16975
SPID: 16975
Timestamp: 1691395817115658
Return value: 0x0000000000000001
------------------ SYSCALL EXIT STOP ------------------
------------------ SYSCALL ENTRY START ------------------
PID: 16975
SPID: 16975
Timestamp: 1691395817115703
Syscall = futex (98)
------------------ SYSCALL ENTRY STOP ------------------
------------------ SYSCALL EXIT START ------------------
PID: 16975
SPID: 16975
Timestamp: 1691395817115952
Return value: 0x0000000000000001
------------------ SYSCALL EXIT STOP ------------------
------------------ SYSCALL ENTRY START ------------------
PID: 16975
SPID: 16975
Timestamp: 1691395817117305
Syscall = futex (98)
------------------ SYSCALL ENTRY STOP ------------------
------------------ SYSCALL EXIT START ------------------
PID: 16975
SPID: 16975
Timestamp: 1691395817118520
Return value: 000000000000000000
------------------ SYSCALL EXIT STOP ------------------
------------------ SYSCALL ENTRY START ------------------
PID: 16975
SPID: 16975
Timestamp: 1691395817121253
Syscall = clock_gettime (113)
------------------ SYSCALL ENTRY STOP ------------------
------------------ SYSCALL EXIT START ------------------
PID: 16975
SPID: 16975
Timestamp: 1691395817121637
Return value: 000000000000000000
------------------ SYSCALL EXIT STOP ------------------
------------------ SYSCALL ENTRY START ------------------
PID: 16975
SPID: 16975
Timestamp: 1691395817121732
Syscall = clock_gettime (113)
------------------ SYSCALL ENTRY STOP ------------------
------------------ SYSCALL EXIT START ------------------
PID: 16975
SPID: 16975
Timestamp: 1691395817125013
Return value: 000000000000000000
------------------ SYSCALL EXIT STOP ------------------
------------------ SYSCALL ENTRY START ------------------
PID: 16975
SPID: 16975
Timestamp: 1691395817125065
Syscall = gettimeofday (169)
------------------ SYSCALL ENTRY STOP ------------------
------------------ SYSCALL EXIT START ------------------
PID: 16975
SPID: 16975
Timestamp: 1691395817125395
Return value: 000000000000000000
------------------ SYSCALL EXIT STOP ------------------
------------------ SYSCALL ENTRY START ------------------
PID: 16975
SPID: 16975
Timestamp: 1691395817125761
Syscall = clock_gettime (113)
------------------ SYSCALL ENTRY STOP ------------------
------------------ SYSCALL EXIT START ------------------
PID: 16975
SPID: 16975
Timestamp: 1691395817126518
Return value: 000000000000000000
------------------ SYSCALL EXIT STOP ------------------
------------------ SYSCALL ENTRY START ------------------
PID: 16975
SPID: 16975
Timestamp: 1691395817126583
Syscall = clock_gettime (113)
------------------ SYSCALL ENTRY STOP ------------------
------------------ SYSCALL EXIT START ------------------
PID: 16975
SPID: 16975
Timestamp: 1691395817127270
Return value: 000000000000000000
------------------ SYSCALL EXIT STOP ------------------
------------------ SYSCALL ENTRY START ------------------
PID: 16975
SPID: 16975
Timestamp: 1691395817127349
Syscall = ioctl (29)
------------------ SYSCALL ENTRY STOP ------------------
------------------ SYSCALL EXIT START ------------------
PID: 16975
SPID: 16975
Timestamp: 1691395817128471
Return value: 000000000000000000
------------------ SYSCALL EXIT STOP ------------------
------------------ SYSCALL ENTRY START ------------------
PID: 16975
SPID: 16975
Timestamp: 1691395817128556
Syscall = clock_gettime (113)
------------------ SYSCALL ENTRY STOP ------------------
------------------ SYSCALL EXIT START ------------------
PID: 16975
SPID: 16975
Timestamp: 1691395817129824
Return value: 000000000000000000
------------------ SYSCALL EXIT STOP ------------------
------------------ SYSCALL ENTRY START ------------------
PID: 16975
SPID: 16975
Timestamp: 1691395817131803
Syscall = fcntl (25)
------------------ SYSCALL ENTRY STOP ------------------
------------------ SYSCALL EXIT START ------------------
PID: 16975
SPID: 16975
Timestamp: 1691395817134647
Return value: 0x0000000000000065
------------------ SYSCALL EXIT STOP ------------------
------------------ SYSCALL ENTRY START ------------------
PID: 16975
SPID: 16975
Timestamp: 1691395817135141
Syscall = close (57)
------------------ SYSCALL ENTRY STOP ------------------
------------------ SYSCALL EXIT START ------------------
PID: 16975
SPID: 16975
Timestamp: 1691395817135696
Return value: 000000000000000000
------------------ SYSCALL EXIT STOP ------------------
------------------ SYSCALL ENTRY START ------------------
PID: 16975
SPID: 16975
Timestamp: 1691395817135771
Syscall = ioctl (29)
------------------ SYSCALL ENTRY STOP ------------------
------------------ SYSCALL EXIT START ------------------
PID: 16975
SPID: 16975
Timestamp: 1691395817136403
Return value: 000000000000000000
------------------ SYSCALL EXIT STOP ------------------
------------------ SYSCALL ENTRY START ------------------
PID: 16975
SPID: 16975
Timestamp: 1691395817136819
Syscall = clock_gettime (113)
------------------ SYSCALL ENTRY STOP ------------------
------------------ SYSCALL EXIT START ------------------
PID: 16975
SPID: 16975
Timestamp: 1691395817137344
Return value: 000000000000000000
------------------ SYSCALL EXIT STOP ------------------
------------------ SYSCALL ENTRY START ------------------
PID: 16975
SPID: 16975
Timestamp: 1691395817137411
Syscall = read (63)
------------------ SYSCALL ENTRY STOP ------------------
------------------ SYSCALL EXIT START ------------------
PID: 16975
SPID: 16975
Timestamp: 1691395817138378
Return value: 0x0000000000000030
------------------ SYSCALL EXIT STOP ------------------
------------------ SYSCALL ENTRY START ------------------
PID: 16975
SPID: 16975
Timestamp: 1691395817138494
Syscall = getuid (174)
------------------ SYSCALL ENTRY STOP ------------------
------------------ SYSCALL EXIT START ------------------
PID: 16975
SPID: 16975
Timestamp: 1691395817139301
Return value: 0x000000000000287c
------------------ SYSCALL EXIT STOP ------------------
------------------ SYSCALL ENTRY START ------------------
PID: 16975
SPID: 16975
Timestamp: 1691395817139393
Syscall = epoll_pwait (22)
------------------ SYSCALL ENTRY STOP ------------------
------------------ SYSCALL EXIT START ------------------
PID: 16975
SPID: 16975
Timestamp: 1691395817139644
Return value: 000000000000000000
------------------ SYSCALL EXIT STOP ------------------
------------------ SYSCALL ENTRY START ------------------
PID: 16975
SPID: 16975
Timestamp: 1691395817139684
Syscall = clock_gettime (113)
------------------ SYSCALL ENTRY STOP ------------------
------------------ SYSCALL EXIT START ------------------
PID: 16975
SPID: 16975
Timestamp: 1691395817139892
Return value: 000000000000000000
------------------ SYSCALL EXIT STOP ------------------
------------------ SYSCALL ENTRY START ------------------
PID: 16975
SPID: 16975
Timestamp: 1691395817139948
Syscall = clock_gettime (113)
------------------ SYSCALL ENTRY STOP ------------------
------------------ SYSCALL EXIT START ------------------
PID: 16975
SPID: 16975
Timestamp: 1691395817141871
Return value: 000000000000000000
------------------ SYSCALL EXIT STOP ------------------
------------------ SYSCALL ENTRY START ------------------
PID: 16975
SPID: 16975
Timestamp: 1691395817141927
Syscall = gettimeofday (169)
------------------ SYSCALL ENTRY STOP ------------------
------------------ SYSCALL EXIT START ------------------
PID: 16975
SPID: 16975
Timestamp: 1691395817142330
Return value: 000000000000000000
------------------ SYSCALL EXIT STOP ------------------
------------------ SYSCALL ENTRY START ------------------
PID: 16975
SPID: 16975
Timestamp: 1691395817142385
Syscall = read (63)
------------------ SYSCALL ENTRY STOP ------------------
------------------ SYSCALL EXIT START ------------------
PID: 16975
SPID: 16975
Timestamp: 1691395817143160
Return value: 0x0000000000000030
------------------ SYSCALL EXIT STOP ------------------
------------------ SYSCALL ENTRY START ------------------
PID: 16975
SPID: 16975
Timestamp: 1691395817143259
Syscall = clock_gettime (113)
------------------ SYSCALL ENTRY STOP ------------------
------------------ SYSCALL EXIT START ------------------
PID: 16975
SPID: 16975
Timestamp: 1691395817143513
Return value: 000000000000000000
------------------ SYSCALL EXIT STOP ------------------
------------------ SYSCALL ENTRY START ------------------
PID: 16975
SPID: 16975
Timestamp: 1691395817143561
Syscall = clock_gettime (113)
------------------ SYSCALL ENTRY STOP ------------------
------------------ SYSCALL EXIT START ------------------
PID: 16975
SPID: 16975
Timestamp: 1691395817143782
Return value: 000000000000000000
------------------ SYSCALL EXIT STOP ------------------
------------------ SYSCALL ENTRY START ------------------
PID: 16975
SPID: 16975
Timestamp: 1691395817143861
Syscall = clock_gettime (113)
------------------ SYSCALL ENTRY STOP ------------------
------------------ SYSCALL EXIT START ------------------
PID: 16975
SPID: 16975
Timestamp: 1691395817144062
Return value: 000000000000000000
------------------ SYSCALL EXIT STOP ------------------
------------------ SYSCALL ENTRY START ------------------
PID: 16975
SPID: 16975
Timestamp: 1691395817144093
Syscall = clock_gettime (113)
------------------ SYSCALL ENTRY STOP ------------------
------------------ SYSCALL EXIT START ------------------
PID: 16975
SPID: 16975
Timestamp: 1691395817144304
Return value: 000000000000000000
------------------ SYSCALL EXIT STOP ------------------
------------------ SYSCALL ENTRY START ------------------
PID: 16975
SPID: 16975
Timestamp: 1691395817144338
Syscall = clock_gettime (113)
------------------ SYSCALL ENTRY STOP ------------------
------------------ SYSCALL EXIT START ------------------
PID: 16975
SPID: 16975
Timestamp: 1691395817144531
Return value: 000000000000000000
------------------ SYSCALL EXIT STOP ------------------
------------------ SYSCALL ENTRY START ------------------
PID: 16975
SPID: 16975
Timestamp: 1691395817144560
Syscall = clock_gettime (113)
------------------ SYSCALL ENTRY STOP ------------------
------------------ SYSCALL EXIT START ------------------
PID: 16975
SPID: 16975
Timestamp: 1691395817144752
Return value: 000000000000000000
------------------ SYSCALL EXIT STOP ------------------
------------------ SYSCALL ENTRY START ------------------
PID: 16975
SPID: 16975
Timestamp: 1691395817144782
Syscall = clock_gettime (113)
------------------ SYSCALL ENTRY STOP ------------------
------------------ SYSCALL EXIT START ------------------
PID: 16975
SPID: 16975
Timestamp: 1691395817144971
Return value: 000000000000000000
------------------ SYSCALL EXIT STOP ------------------
------------------ SYSCALL ENTRY START ------------------
PID: 16975
SPID: 16975
Timestamp: 1691395817145001
Syscall = clock_gettime (113)
------------------ SYSCALL ENTRY STOP ------------------
------------------ SYSCALL EXIT START ------------------
PID: 16975
SPID: 16975
Timestamp: 1691395817145188
Return value: 000000000000000000
------------------ SYSCALL EXIT STOP ------------------
------------------ SYSCALL ENTRY START ------------------
PID: 16975
SPID: 16975
Timestamp: 1691395817145217
Syscall = clock_gettime (113)
------------------ SYSCALL ENTRY STOP ------------------
------------------ SYSCALL EXIT START ------------------
PID: 16975
SPID: 16975
Timestamp: 1691395817145415
Return value: 000000000000000000
------------------ SYSCALL EXIT STOP ------------------
------------------ SYSCALL ENTRY START ------------------
PID: 16975
SPID: 16975
Timestamp: 1691395817145503
Syscall = write (64)
------------------ SYSCALL ENTRY STOP ------------------
------------------ SYSCALL EXIT START ------------------
PID: 16975
SPID: 16975
Timestamp: 1691395817145710
Return value: 0x0000000000000008
------------------ SYSCALL EXIT STOP ------------------
------------------ SYSCALL ENTRY START ------------------
PID: 16975
SPID: 16975
Timestamp: 1691395817145997
Syscall = clock_gettime (113)
------------------ SYSCALL ENTRY STOP ------------------
------------------ SYSCALL EXIT START ------------------
PID: 16975
SPID: 16975
Timestamp: 1691395817146241
Return value: 000000000000000000
------------------ SYSCALL EXIT STOP ------------------
------------------ SYSCALL ENTRY START ------------------
PID: 16975
SPID: 16975
Timestamp: 1691395817146812
Syscall = clock_gettime (113)
------------------ SYSCALL ENTRY STOP ------------------
------------------ SYSCALL EXIT START ------------------
PID: 16975
SPID: 16975
Timestamp: 1691395817147100
Return value: 000000000000000000
------------------ SYSCALL EXIT STOP ------------------
------------------ SYSCALL ENTRY START ------------------
PID: 16975
SPID: 16975
Timestamp: 1691395817147155
Syscall = clock_gettime (113)
------------------ SYSCALL ENTRY STOP ------------------
------------------ SYSCALL EXIT START ------------------
PID: 16975
SPID: 16975
Timestamp: 1691395817147377
Return value: 000000000000000000
------------------ SYSCALL EXIT STOP ------------------
------------------ SYSCALL ENTRY START ------------------
PID: 16975
SPID: 16975
Timestamp: 1691395817147497
Syscall = recvfrom (207)
------------------ SYSCALL ENTRY STOP ------------------
------------------ SYSCALL EXIT START ------------------
PID: 16975
SPID: 16975
Timestamp: 1691395817147837
Return value: 0xfffffffffffffff5
------------------ SYSCALL EXIT STOP ------------------
------------------ SYSCALL ENTRY START ------------------
PID: 16975
SPID: 16975
Timestamp: 1691395817147923
Syscall = ioctl (29)
------------------ SYSCALL ENTRY STOP ------------------
------------------ SYSCALL EXIT START ------------------
PID: 16975
SPID: 16975
Timestamp: 1691395817148213
Return value: 000000000000000000
------------------ SYSCALL EXIT STOP ------------------
------------------ SYSCALL ENTRY START ------------------
PID: 16975
SPID: 16975
Timestamp: 1691395817148494
Syscall = clock_gettime (113)
------------------ SYSCALL ENTRY STOP ------------------
------------------ SYSCALL EXIT START ------------------
PID: 16975
SPID: 16975
Timestamp: 1691395817148776
Return value: 000000000000000000
------------------ SYSCALL EXIT STOP ------------------
------------------ SYSCALL ENTRY START ------------------
PID: 16975
SPID: 16975
Timestamp: 1691395817148849
Syscall = clock_gettime (113)
------------------ SYSCALL ENTRY STOP ------------------
------------------ SYSCALL EXIT START ------------------
PID: 16975
SPID: 16975
Timestamp: 1691395817149091
Return value: 000000000000000000
------------------ SYSCALL EXIT STOP ------------------
------------------ SYSCALL ENTRY START ------------------
PID: 16975
SPID: 16975
Timestamp: 1691395817149171
Syscall = write (64)
------------------ SYSCALL ENTRY STOP ------------------
------------------ SYSCALL EXIT START ------------------
PID: 16975
SPID: 16975
Timestamp: 1691395817149473
Return value: 0x0000000000000008
------------------ SYSCALL EXIT STOP ------------------
------------------ SYSCALL ENTRY START ------------------
PID: 16975
SPID: 16975
Timestamp: 1691395817156387
Syscall = madvise (233)
------------------ SYSCALL ENTRY STOP ------------------
------------------ SYSCALL EXIT START ------------------
PID: 16975
SPID: 16975
Timestamp: 1691395817159681
Return value: 000000000000000000
------------------ SYSCALL EXIT STOP ------------------
------------------ SYSCALL ENTRY START ------------------
PID: 16975
SPID: 16975
Timestamp: 1691395817159796
Syscall = madvise (233)
------------------ SYSCALL ENTRY STOP ------------------
------------------ SYSCALL EXIT START ------------------
PID: 16975
SPID: 16975
Timestamp: 1691395817160227
Return value: 000000000000000000
------------------ SYSCALL EXIT STOP ------------------
------------------ SYSCALL ENTRY START ------------------
PID: 16975
SPID: 16975
Timestamp: 1691395817162497
Syscall = clock_gettime (113)
------------------ SYSCALL ENTRY STOP ------------------
------------------ SYSCALL EXIT START ------------------
PID: 16975
SPID: 16975
Timestamp: 1691395817162925
Return value: 000000000000000000
------------------ SYSCALL EXIT STOP ------------------
------------------ SYSCALL ENTRY START ------------------
PID: 16975
SPID: 16975
Timestamp: 1691395817162988
Syscall = write (64)
------------------ SYSCALL ENTRY STOP ------------------
------------------ SYSCALL EXIT START ------------------
PID: 16975
SPID: 16975
Timestamp: 1691395817163515
Return value: 0x0000000000000008
------------------ SYSCALL EXIT STOP ------------------
------------------ SYSCALL ENTRY START ------------------
PID: 16975
SPID: 16975
Timestamp: 1691395817163585
Syscall = futex (98)
------------------ SYSCALL ENTRY STOP ------------------
------------------ SYSCALL EXIT START ------------------
PID: 16975
SPID: 16975
Timestamp: 1691395817163883
Return value: 0x0000000000000001
------------------ SYSCALL EXIT STOP ------------------
------------------ SYSCALL ENTRY START ------------------
PID: 16975
SPID: 16975
Timestamp: 1691395817165828
Syscall = futex (98)
------------------ SYSCALL ENTRY STOP ------------------
------------------ SYSCALL EXIT START ------------------
PID: 16975
SPID: 16975
Timestamp: 1691395817166337
Return value: 0xfffffffffffffff5
------------------ SYSCALL EXIT STOP ------------------
------------------ SYSCALL ENTRY START ------------------
PID: 16975
SPID: 16975
Timestamp: 1691395817166476
Syscall = clock_gettime (113)
------------------ SYSCALL ENTRY STOP ------------------
------------------ SYSCALL EXIT START ------------------
PID: 16975
SPID: 16975
Timestamp: 1691395817168291
Return value: 000000000000000000
------------------ SYSCALL EXIT STOP ------------------
------------------ SYSCALL ENTRY START ------------------
PID: 16975
SPID: 16975
Timestamp: 1691395817168617
Syscall = clock_gettime (113)
------------------ SYSCALL ENTRY STOP ------------------
------------------ SYSCALL EXIT START ------------------
PID: 16975
SPID: 16975
Timestamp: 1691395817169362
Return value: 000000000000000000
------------------ SYSCALL EXIT STOP ------------------
------------------ SYSCALL ENTRY START ------------------
PID: 16975
SPID: 16975
Timestamp: 1691395817169466
Syscall = read (63)
------------------ SYSCALL ENTRY STOP ------------------
------------------ SYSCALL EXIT START ------------------
PID: 16975
SPID: 16975
Timestamp: 1691395817170208
Return value: 0x0000000000000030
------------------ SYSCALL EXIT STOP ------------------
------------------ SYSCALL ENTRY START ------------------
PID: 16975
SPID: 16975
Timestamp: 1691395817170338
Syscall = getuid (174)
------------------ SYSCALL ENTRY STOP ------------------
------------------ SYSCALL EXIT START ------------------
PID: 16975
SPID: 16975
Timestamp: 1691395817170859
Return value: 0x000000000000287c
------------------ SYSCALL EXIT STOP ------------------
------------------ SYSCALL ENTRY START ------------------
PID: 16975
SPID: 16975
Timestamp: 1691395817171007
Syscall = epoll_pwait (22)
------------------ SYSCALL ENTRY STOP ------------------
------------------ SYSCALL EXIT START ------------------
PID: 16975
SPID: 16975
Timestamp: 1691395817171603
Return value: 0x0000000000000002
------------------ SYSCALL EXIT STOP ------------------
------------------ SYSCALL ENTRY START ------------------
PID: 16975
SPID: 16975
Timestamp: 1691395817171672
Syscall = read (63)
------------------ SYSCALL ENTRY STOP ------------------
------------------ SYSCALL EXIT START ------------------
PID: 16975
SPID: 16975
Timestamp: 1691395817172355
Return value: 0x0000000000000008
------------------ SYSCALL EXIT STOP ------------------
------------------ SYSCALL ENTRY START ------------------
PID: 16975
SPID: 16975
Timestamp: 1691395817172634
Syscall = recvfrom (207)
------------------ SYSCALL ENTRY STOP ------------------
------------------ SYSCALL EXITSTART ------------------
PID: 16975
SPID: 16975
Timestamp: 1691395817173247
Return value: 0x0000000000000040
------------------ SYSCALL EXIT STOP ------------------
------------------ SYSCALL ENTRY START ------------------
PID: 16975
SPID: 16975
Timestamp: 1691395817173440
Syscall = recvfrom (207)
------------------ SYSCALL ENTRY STOP ------------------
------------------ SYSCALL EXIT START ------------------
PID: 16975
SPID: 16975
Timestamp: 1691395817174642
Return value: 0xfffffffffffffff5
------------------ SYSCALL EXIT STOP ------------------
------------------ SYSCALL ENTRY START ------------------
PID: 16975
SPID: 16975
Timestamp: 1691395817175065
Syscall = clock_gettime (113)
------------------ SYSCALL ENTRY STOP ------------------
------------------ SYSCALL EXIT START ------------------
PID: 16975
SPID: 16975
Timestamp: 1691395817177167
Return value: 000000000000000000
------------------ SYSCALL EXIT STOP ------------------
------------------ SYSCALL ENTRY START ------------------
PID: 16975
SPID: 16975
Timestamp: 1691395817177318
Syscall = clock_gettime (113)
------------------ SYSCALL ENTRY STOP ------------------
------------------ SYSCALL EXIT START ------------------
PID: 16975
SPID: 16975
Timestamp: 1691395817178763
Return value: 000000000000000000
------------------ SYSCALL EXIT STOP ------------------
------------------ SYSCALL ENTRY START ------------------
PID: 16975
SPID: 16975
Timestamp: 1691395817178845
Syscall = gettimeofday (169)
------------------ SYSCALL ENTRY STOP ------------------
------------------ SYSCALL EXIT START ------------------
PID: 16975
SPID: 16975
Timestamp: 1691395817179618
Return value: 000000000000000000
------------------ SYSCALL EXIT STOP ------------------
------------------ SYSCALL ENTRY START ------------------
PID: 16975
SPID: 16975
Timestamp: 1691395817179753
Syscall = clock_gettime (113)
------------------ SYSCALL ENTRY STOP ------------------
------------------ SYSCALL EXIT START ------------------
PID: 16975
SPID: 16975
Timestamp: 1691395817180348
Return value: 000000000000000000
------------------ SYSCALL EXIT STOP ------------------
------------------ SYSCALL ENTRY START ------------------
PID: 16975
SPID: 16975
Timestamp: 1691395817180535
Syscall = clock_gettime (113)
------------------ SYSCALL ENTRY STOP ------------------
------------------ SYSCALL EXIT START ------------------
PID: 16975
SPID: 16975
Timestamp: 1691395817181108
Return value: 000000000000000000
------------------ SYSCALL EXIT STOP ------------------
------------------ SYSCALL ENTRY START ------------------
PID: 16975
SPID: 16975
Timestamp: 1691395817181210
Syscall = gettimeofday (169)
------------------ SYSCALL ENTRY STOP ------------------
------------------ SYSCALL EXIT START ------------------
PID: 16975
SPID: 16975
Timestamp: 1691395817181795
Return value: 000000000000000000
------------------ SYSCALL EXIT STOP ------------------
------------------ SYSCALL ENTRY START ------------------
PID: 16975
SPID: 16975
Timestamp: 1691395817181875
Syscall = read (63)
------------------ SYSCALL ENTRY STOP ------------------
------------------ SYSCALL EXIT START ------------------
PID: 16975
SPID: 16975
Timestamp: 1691395817182529
Return value: 0x0000000000000030
------------------ SYSCALL EXIT STOP ------------------
------------------ SYSCALL ENTRY START ------------------
PID: 16975
SPID: 16975
Timestamp: 1691395817182727
Syscall = clock_gettime (113)
------------------ SYSCALL ENTRY STOP ------------------
------------------ SYSCALL EXIT START ------------------
PID: 16975
SPID: 16975
Timestamp: 1691395817183320
Return value: 000000000000000000
------------------ SYSCALL EXIT STOP ------------------
------------------ SYSCALL ENTRY START ------------------
PID: 16975
SPID: 16975
Timestamp: 1691395817183428
Syscall = read (63)
------------------ SYSCALL ENTRY STOP ------------------
------------------ SYSCALL EXIT START ------------------
PID: 16975
SPID: 16975
Timestamp: 1691395817184033
Return value: 0x0000000000000030
------------------ SYSCALL EXIT STOP ------------------
