------------------ SYSCALL ENTRY START ------------------
PID: 11154
SPID: 11154
Timestamp: 1691401091006849
Syscall = clock_gettime (113)
------------------ SYSCALL ENTRY STOP ------------------
------------------ SYSCALL EXIT START ------------------
PID: 11154
SPID: 11154
Timestamp: 1691401091010645
Return value: 000000000000000000
------------------ SYSCALL EXIT STOP ------------------
------------------ SYSCALL ENTRY START ------------------
PID: 11154
SPID: 11154
Timestamp: 1691401091011731
Syscall = clock_gettime (113)
------------------ SYSCALL ENTRY STOP ------------------
------------------ SYSCALL EXIT START ------------------
PID: 11154
SPID: 11154
Timestamp: 1691401091012033
Return value: 000000000000000000
------------------ SYSCALL EXIT STOP ------------------
------------------ SYSCALL ENTRY START ------------------
PID: 11154
SPID: 11154
Timestamp: 1691401091012284
Syscall = recvfrom (207)
------------------ SYSCALL ENTRY STOP ------------------
------------------ SYSCALL EXIT START ------------------
PID: 11154
SPID: 11154
Timestamp: 1691401091012473
Return value: 0xfffffffffffffff5
------------------ SYSCALL EXIT STOP ------------------
------------------ SYSCALL ENTRY START ------------------
PID: 11154
SPID: 11154
Timestamp: 1691401091012601
Syscall = ioctl (29)
------------------ SYSCALL ENTRY STOP ------------------
------------------ SYSCALL EXIT START ------------------
PID: 11154
SPID: 11154
Timestamp: 1691401091012967
Return value: 000000000000000000
------------------ SYSCALL EXIT STOP ------------------
------------------ SYSCALL ENTRY START ------------------
PID: 11154
SPID: 11154
Timestamp: 1691401091013317
Syscall = clock_gettime (113)
------------------ SYSCALL ENTRY STOP ------------------
------------------ SYSCALL EXIT START ------------------
PID: 11154
SPID: 11154
Timestamp: 1691401091013521
Return value: 000000000000000000
------------------ SYSCALL EXIT STOP ------------------
------------------ SYSCALL ENTRY START ------------------
PID: 11154
SPID: 11154
Timestamp: 1691401091013662
Syscall = clock_gettime (113)
------------------ SYSCALL ENTRY STOP ------------------
------------------ SYSCALL EXIT START ------------------
PID: 11154
SPID: 11154
Timestamp: 1691401091013841
Return value: 000000000000000000
------------------ SYSCALL EXIT STOP ------------------
------------------ SYSCALL ENTRY START ------------------
PID: 11154
SPID: 11154
Timestamp: 1691401091013977
Syscall = write (64)
------------------ SYSCALL ENTRY STOP ------------------
------------------ SYSCALL EXIT START ------------------
PID: 11154
SPID: 11154
Timestamp: 1691401091014182
Return value: 0x0000000000000008
------------------ SYSCALL EXIT STOP ------------------
------------------ SYSCALL ENTRY START ------------------
PID: 11154
SPID: 11154
Timestamp: 1691401091015679
Syscall = futex (98)
------------------ SYSCALL ENTRY STOP ------------------
------------------ SYSCALL EXIT START ------------------
PID: 11154
SPID: 11154
Timestamp: 1691401091016323
Return value: 0xfffffffffffffff5
------------------ SYSCALL EXIT STOP ------------------
------------------ SYSCALL ENTRY START ------------------
PID: 11154
SPID: 11154
Timestamp: 1691401091016484
Syscall = futex (98)
------------------ SYSCALL ENTRY STOP ------------------
------------------ SYSCALL EXIT START ------------------
PID: 11154
SPID: 11154
Timestamp: 1691401091016986
Return value: 0x0000000000000001
------------------ SYSCALL EXIT STOP ------------------
------------------ SYSCALL ENTRY START ------------------
PID: 11154
SPID: 11154
Timestamp: 1691401091017099
Syscall = futex (98)
------------------ SYSCALL ENTRY STOP ------------------
------------------ SYSCALL EXIT START ------------------
PID: 11287
SPID: 11287
Timestamp: 1691401107724029
Return value: 000000000000000000
------------------ SYSCALL EXIT STOP ------------------
------------------ SYSCALL ENTRY START ------------------
PID: 11287
SPID: 11287
Timestamp: 1691401107724101
Syscall = madvise (233)
------------------ SYSCALL ENTRY STOP ------------------
------------------ SYSCALL EXIT START ------------------
PID: 11287
SPID: 11287
Timestamp: 1691401107724313
Return value: 000000000000000000
------------------ SYSCALL EXIT STOP ------------------
------------------ SYSCALL ENTRY START ------------------
PID: 11287
SPID: 11287
Timestamp: 1691401107725940
Syscall = clock_gettime (113)
------------------ SYSCALL ENTRY STOP ------------------
------------------ SYSCALL EXIT START ------------------
PID: 11287
SPID: 11287
Timestamp: 1691401107726235
Return value: 000000000000000000
------------------ SYSCALL EXIT STOP ------------------
------------------ SYSCALL ENTRY START ------------------
PID: 11287
SPID: 11287
Timestamp: 1691401107726334
Syscall = write (64)
------------------ SYSCALL ENTRY STOP ------------------
------------------ SYSCALL EXIT START ------------------
PID: 11287
SPID: 11287
Timestamp: 1691401107726799
Return value: 0x0000000000000008
------------------ SYSCALL EXIT STOP ------------------
------------------ SYSCALL ENTRY START ------------------
PID: 11287
SPID: 11287
Timestamp: 1691401107726933
Syscall = futex (98)
------------------ SYSCALL ENTRY STOP ------------------
------------------ SYSCALL EXIT START ------------------
PID: 11287
SPID: 11287
Timestamp: 1691401107730227
Return value: 0x0000000000000001
------------------ SYSCALL EXIT STOP ------------------
------------------ SYSCALL ENTRY START ------------------
PID: 11287
SPID: 11287
Timestamp: 1691401107730326
Syscall = futex (98)
------------------ SYSCALL ENTRY STOP ------------------
------------------ SYSCALL EXIT START ------------------
PID: 11287
SPID: 11287
Timestamp: 1691401107730674
Return value: 0xfffffffffffffff5
------------------ SYSCALL EXIT STOP ------------------
------------------ SYSCALL ENTRY START ------------------
PID: 11287
SPID: 11287
Timestamp: 1691401107731843
Syscall = clock_gettime (113)
------------------ SYSCALL ENTRY STOP ------------------
------------------ SYSCALL EXIT START ------------------
PID: 11287
SPID: 11287
Timestamp: 1691401107732282
Return value: 000000000000000000
------------------ SYSCALL EXIT STOP ------------------
------------------ SYSCALL ENTRY START ------------------
PID: 11287
SPID: 11287
Timestamp: 1691401107732427
Syscall = clock_gettime (113)
------------------ SYSCALL ENTRY STOP ------------------
------------------ SYSCALL EXIT START ------------------
PID: 11287
SPID: 11287
Timestamp: 1691401107733496
Return value: 000000000000000000
------------------ SYSCALL EXIT STOP ------------------
------------------ SYSCALL ENTRY START ------------------
PID: 11287
SPID: 11287
Timestamp: 1691401107733553
Syscall = read (63)
------------------ SYSCALL ENTRY STOP ------------------
------------------ SYSCALL EXIT START ------------------
PID: 11287
SPID: 11287
Timestamp: 1691401107734749
Return value: 0x0000000000000030
------------------ SYSCALL EXIT STOP ------------------
------------------ SYSCALL ENTRY START ------------------
PID: 11287
SPID: 11287
Timestamp: 1691401107734875
Syscall = getuid (174)
------------------ SYSCALL ENTRY STOP ------------------
------------------ SYSCALL EXIT START ------------------
PID: 11287
SPID: 11287
Timestamp: 1691401107735129
Return value: 0x000000000000287c
------------------ SYSCALL EXIT STOP ------------------
------------------ SYSCALL ENTRY START ------------------
PID: 11287
SPID: 11287
Timestamp: 1691401107735188
Syscall = epoll_pwait (22)
------------------ SYSCALL ENTRY STOP ------------------
------------------ SYSCALL EXIT START ------------------
PID: 11287
SPID: 11287
Timestamp: 1691401107735419
Return value: 0x0000000000000002
------------------ SYSCALL EXIT STOP ------------------
------------------ SYSCALL ENTRY START ------------------
PID: 11287
SPID: 11287
Timestamp: 1691401107735444
Syscall = read (63)
------------------ SYSCALL ENTRY STOP ------------------
------------------ SYSCALL EXIT START ------------------
PID: 11287
SPID: 11287
Timestamp: 1691401107735628
Return value: 0x0000000000000008
------------------ SYSCALL EXIT STOP ------------------
------------------ SYSCALL ENTRY START ------------------
PID: 11287
SPID: 11287
Timestamp: 1691401107735663
Syscall = recvfrom (207)
------------------ SYSCALL ENTRY STOP ------------------
------------------ SYSCALL EXIT START ------------------
PID: 11287
SPID: 11287
Timestamp: 1691401107735853
Return value: 0x0000000000000040
------------------ SYSCALL EXIT STOP ------------------
------------------ SYSCALL ENTRY START ------------------
PID: 11287
SPID: 11287
Timestamp: 1691401107735879
Syscall = recvfrom (207)
------------------ SYSCALL ENTRY STOP ------------------
------------------ SYSCALL EXIT START ------------------
PID: 11287
SPID: 11287
Timestamp: 1691401107736050
Return value: 0xfffffffffffffff5
------------------ SYSCALL EXIT STOP ------------------
------------------ SYSCALL ENTRY START ------------------
PID: 11287
SPID: 11287
Timestamp: 1691401107736165
Syscall = clock_gettime (113)
------------------ SYSCALL ENTRY STOP ------------------
------------------ SYSCALL EXIT START ------------------
PID: 11287
SPID: 11287
Timestamp: 1691401107736383
Return value: 000000000000000000
------------------ SYSCALL EXIT STOP ------------------
------------------ SYSCALL ENTRY START ------------------
PID: 11287
SPID: 11287
Timestamp: 1691401107736461
Syscall = clock_gettime (113)
------------------ SYSCALL ENTRY STOP ------------------
------------------ SYSCALL EXIT START ------------------
PID: 11287
SPID: 11287
Timestamp: 1691401107736653
Return value: 000000000000000000
------------------ SYSCALL EXIT STOP ------------------
------------------ SYSCALL ENTRY START ------------------
PID: 11287
SPID: 11287
Timestamp: 1691401107736688
Syscall = gettimeofday (169)
------------------ SYSCALL ENTRY STOP ------------------
------------------ SYSCALL EXIT START ------------------
PID: 11287
SPID: 11287
Timestamp: 1691401107736877
Return value: 000000000000000000
------------------ SYSCALL EXIT STOP ------------------
------------------ SYSCALL ENTRY START ------------------
PID: 11287
SPID: 11287
Timestamp: 1691401107736934
Syscall = clock_gettime (113)
------------------ SYSCALL ENTRY STOP ------------------
------------------ SYSCALL EXIT START ------------------
PID: 11287
SPID: 11287
Timestamp: 1691401107737122
Return value: 000000000000000000
------------------ SYSCALL EXIT STOP ------------------
------------------ SYSCALL ENTRY START ------------------
PID: 11287
SPID: 11287
Timestamp: 1691401107737178
Syscall = clock_gettime (113)
------------------ SYSCALL ENTRY STOP ------------------
------------------ SYSCALL EXIT START ------------------
PID: 11287
SPID: 11287
Timestamp: 1691401107737365
Return value: 000000000000000000
------------------ SYSCALL EXIT STOP ------------------
------------------ SYSCALL ENTRY START ------------------
PID: 11287
SPID: 11287
Timestamp: 1691401107737396
Syscall = gettimeofday (169)
------------------ SYSCALL ENTRY STOP ------------------
------------------ SYSCALL EXIT START ------------------
PID: 11287
SPID: 11287
Timestamp: 1691401107737597
Return value: 000000000000000000
------------------ SYSCALL EXIT STOP ------------------
------------------ SYSCALL ENTRY START ------------------
PID: 11287
SPID: 11287
Timestamp: 1691401107737631
Syscall = read (63)
------------------ SYSCALL ENTRY STOP ------------------
------------------ SYSCALL EXIT START ------------------
PID: 11287
SPID: 11287
Timestamp: 1691401107737820
Return value: 0x0000000000000030
------------------ SYSCALL EXIT STOP ------------------
------------------ SYSCALL ENTRY START ------------------
PID: 11287
SPID: 11287
Timestamp: 1691401107737910
Syscall = clock_gettime (113)
------------------ SYSCALL ENTRY STOP ------------------
------------------ SYSCALL EXIT START ------------------
PID: 11287
SPID: 11287
Timestamp: 1691401107738105
Return value: 000000000000000000
------------------ SYSCALL EXIT STOP ------------------
------------------ SYSCALL ENTRY START ------------------
PID: 11287
SPID: 11287
Timestamp: 1691401107738143
Syscall = read (63)
------------------ SYSCALL ENTRY STOP ------------------
------------------ SYSCALL EXIT START ------------------
PID: 11287
SPID: 11287
Timestamp: 1691401107738333
Return value: 0x0000000000000030
------------------ SYSCALL EXIT STOP ------------------
------------------ SYSCALL ENTRY START ------------------
PID: 11287
SPID: 11287
Timestamp: 1691401107738384
Syscall = getuid (174)
------------------ SYSCALL ENTRY STOP ------------------
------------------ SYSCALL EXIT START ------------------
PID: 11287
SPID: 11287
Timestamp: 1691401107738570
Return value: 0x000000000000287c
------------------ SYSCALL EXIT STOP ------------------
------------------ SYSCALL ENTRY START ------------------
PID: 11287
SPID: 11287
Timestamp: 1691401107738618
Syscall = epoll_pwait (22)
------------------ SYSCALL ENTRY STOP ------------------
------------------ SYSCALL EXIT START ------------------
PID: 11287
SPID: 11287
Timestamp: 1691401107738833
Return value: 000000000000000000
------------------ SYSCALL EXIT STOP ------------------
------------------ SYSCALL ENTRY START ------------------
PID: 11287
SPID: 11287
Timestamp: 1691401107738871
Syscall = clock_gettime (113)
------------------ SYSCALL ENTRY STOP ------------------
------------------ SYSCALL EXIT START ------------------
PID: 11287
SPID: 11287
Timestamp: 1691401107739071
Return value: 000000000000000000
------------------ SYSCALL EXIT STOP ------------------
------------------ SYSCALL ENTRY START ------------------
PID: 11287
SPID: 11287
Timestamp: 1691401107739121
Syscall = clock_gettime (113)
------------------ SYSCALL ENTRY STOP ------------------
------------------ SYSCALL EXIT START ------------------
PID: 11287
SPID: 11287
Timestamp: 1691401107739307
Return value: 000000000000000000
------------------ SYSCALL EXIT STOP ------------------
------------------ SYSCALL ENTRY START ------------------
PID: 11287
SPID: 11287
Timestamp: 1691401107739340
Syscall = gettimeofday (169)
------------------ SYSCALL ENTRY STOP ------------------
------------------ SYSCALL EXIT START ------------------
PID: 11287
SPID: 11287
Timestamp: 1691401107739524
Return value: 000000000000000000
------------------ SYSCALL EXIT STOP ------------------
------------------ SYSCALL ENTRY START ------------------
PID: 11287
SPID: 11287
Timestamp: 1691401107739559
Syscall = read (63)
------------------ SYSCALL ENTRY STOP ------------------
------------------ SYSCALL EXIT START ------------------
PID: 11287
SPID: 11287
Timestamp: 1691401107739783
Return value: 0x0000000000000030
------------------ SYSCALL EXIT STOP ------------------
------------------ SYSCALL ENTRY START ------------------
PID: 11287
SPID: 11287
Timestamp: 1691401107740055
Syscall = clock_gettime (113)
------------------ SYSCALL ENTRY STOP ------------------
------------------ SYSCALL EXIT START ------------------
PID: 11287
SPID: 11287
Timestamp: 1691401107740407
Return value: 000000000000000000
------------------ SYSCALL EXIT STOP ------------------
------------------ SYSCALL ENTRY START ------------------
PID: 11287
SPID: 11287
Timestamp: 1691401107740453
Syscall = read (63)
------------------ SYSCALL ENTRY STOP ------------------
------------------ SYSCALL EXIT START ------------------
PID: 11287
SPID: 11287
Timestamp: 1691401107740661
Return value: 0x0000000000000030
------------------ SYSCALL EXIT STOP ------------------
------------------ SYSCALL ENTRY START ------------------
PID: 11287
SPID: 11287
Timestamp: 1691401107740787
Syscall = getuid (174)
------------------ SYSCALL ENTRY STOP ------------------
------------------ SYSCALL EXIT START ------------------
PID: 11287
SPID: 11287
Timestamp: 1691401107741238
Return value: 0x000000000000287c
------------------ SYSCALL EXIT STOP ------------------
------------------ SYSCALL ENTRY START ------------------
PID: 11287
SPID: 11287
Timestamp: 1691401107741357
Syscall = epoll_pwait (22)
------------------ SYSCALL ENTRY STOP ------------------
------------------ SYSCALL EXIT START ------------------
PID: 11287
SPID: 11287
Timestamp: 1691401107741939
Return value: 000000000000000000
------------------ SYSCALL EXIT STOP ------------------
------------------ SYSCALL ENTRY START ------------------
PID: 11287
SPID: 11287
Timestamp: 1691401107742009
Syscall = clock_gettime (113)
------------------ SYSCALL ENTRY STOP ------------------
------------------ SYSCALL EXIT START ------------------
PID: 11287
SPID: 11287
Timestamp: 1691401107742589
Return value: 000000000000000000
------------------ SYSCALL EXIT STOP ------------------
------------------ SYSCALL ENTRY START ------------------
PID: 11287
SPID: 11287
Timestamp: 1691401107742696
Syscall = clock_gettime (113)
------------------ SYSCALL ENTRY STOP ------------------
------------------ SYSCALL EXIT START ------------------
PID: 11287
SPID: 11287
Timestamp: 1691401107743215
Return value: 000000000000000000
------------------ SYSCALL EXIT STOP ------------------
------------------ SYSCALL ENTRY START ------------------
PID: 11287
SPID: 11287
Timestamp: 1691401107743294
Syscall = gettimeofday (169)
------------------ SYSCALL ENTRY STOP ------------------
------------------ SYSCALL EXIT START ------------------
PID: 11287
SPID: 11287
Timestamp: 1691401107743903
Return value: 000000000000000000
------------------ SYSCALL EXIT STOP ------------------
------------------ SYSCALL ENTRY START ------------------
PID: 11287
SPID: 11287
Timestamp: 1691401107743970
Syscall = read (63)
------------------ SYSCALL ENTRY STOP ------------------
------------------ SYSCALL EXIT START ------------------
PID: 11287
SPID: 11287
Timestamp: 1691401107744555
Return value: 0x0000000000000030
------------------ SYSCALL EXIT STOP ------------------
------------------ SYSCALL ENTRY START ------------------
PID: 11287
SPID: 11287
Timestamp: 1691401107745028
Syscall = clock_gettime (113)
------------------ SYSCALL ENTRY STOP ------------------
------------------ SYSCALL EXIT START ------------------
PID: 11287
SPID: 11287
Timestamp: 1691401107749200
Return value: 000000000000000000
------------------ SYSCALL EXIT STOP ------------------
------------------ SYSCALL ENTRY START ------------------
PID: 11287
SPID: 11287
Timestamp: 1691401107749274
Syscall = ioctl (29)
------------------ SYSCALL ENTRY STOP ------------------
------------------ SYSCALL EXIT START ------------------
PID: 11287
SPID: 11287
Timestamp: 1691401107750312
Return value: 000000000000000000
------------------ SYSCALL EXIT STOP ------------------
------------------ SYSCALL ENTRY START ------------------
PID: 11287
SPID: 11287
Timestamp: 1691401107750430
Syscall = clock_gettime (113)
------------------ SYSCALL ENTRY STOP ------------------
------------------ SYSCALL EXIT START ------------------
PID: 11287
SPID: 11287
Timestamp: 1691401107751159
Return value: 000000000000000000
------------------ SYSCALL EXIT STOP ------------------
------------------ SYSCALL ENTRY START ------------------
PID: 11287
SPID: 11287
Timestamp: 1691401107751362
Syscall = ioctl (29)
------------------ SYSCALL ENTRY STOP ------------------
------------------ SYSCALL EXIT START ------------------
PID: 11287
SPID: 11287
Timestamp: 1691401107751679
Return value: 000000000000000000
------------------ SYSCALL EXIT STOP ------------------
------------------ SYSCALL ENTRY START ------------------
PID: 11287
SPID: 11287
Timestamp: 1691401107751961
Syscall = ioctl (29)
------------------ SYSCALL ENTRY STOP ------------------
------------------ SYSCALL EXIT START ------------------
PID: 11287
SPID: 11287
Timestamp: 1691401107752332
Return value: 000000000000000000
------------------ SYSCALL EXIT STOP ------------------
------------------ SYSCALL ENTRY START ------------------
PID: 11287
SPID: 11287
Timestamp: 1691401107752690
Syscall = ioctl (29)
------------------ SYSCALL ENTRY STOP ------------------
------------------ SYSCALL EXIT START ------------------
PID: 11287
SPID: 11287
Timestamp: 1691401107753367
Return value: 000000000000000000
------------------ SYSCALL EXIT STOP ------------------
------------------ SYSCALL ENTRY START ------------------
PID: 11287
SPID: 11287
Timestamp: 1691401107753935
Syscall = clock_gettime (113)
------------------ SYSCALL ENTRY STOP ------------------
------------------ SYSCALL EXIT START ------------------
PID: 11287
SPID: 11287
Timestamp: 1691401107754697
Return value: 000000000000000000
------------------ SYSCALL EXIT STOP ------------------
------------------ SYSCALL ENTRY START ------------------
PID: 11287
SPID: 11287
Timestamp: 1691401107755012
Syscall = read (63)
------------------ SYSCALL ENTRY STOP ------------------
------------------ SYSCALL EXIT START ------------------
PID: 11287
SPID: 11287
Timestamp: 1691401107755997
Return value: 0x0000000000000030
------------------ SYSCALL EXIT STOP ------------------
------------------ SYSCALL ENTRY START ------------------
PID: 11287
SPID: 11287
Timestamp: 1691401107756319
Syscall = getuid (174)
------------------ SYSCALL ENTRY STOP ------------------
------------------ SYSCALL EXIT START ------------------
PID: 11287
SPID: 11287
Timestamp: 1691401107757726
Return value: 0x000000000000287c
------------------ SYSCALL EXIT STOP ------------------
------------------ SYSCALL ENTRY START ------------------
PID: 11287
SPID: 11287
Timestamp: 1691401107757837
Syscall = epoll_pwait (22)
------------------ SYSCALL ENTRY STOP ------------------
------------------ SYSCALL EXIT START ------------------
PID: 11287
SPID: 11287
Timestamp: 1691401107758352
Return value: 000000000000000000
------------------ SYSCALL EXIT STOP ------------------
------------------ SYSCALL ENTRY START ------------------
PID: 11287
SPID: 11287
Timestamp: 1691401107758428
Syscall = clock_gettime (113)
------------------ SYSCALL ENTRY STOP ------------------
------------------ SYSCALL EXIT START ------------------
PID: 11287
SPID: 11287
Timestamp: 1691401107758759
Return value: 000000000000000000
------------------ SYSCALL EXIT STOP ------------------
------------------ SYSCALL ENTRY START ------------------
PID: 11287
SPID: 11287
Timestamp: 1691401107758842
Syscall = clock_gettime (113)
------------------ SYSCALL ENTRY STOP ------------------
------------------ SYSCALL EXIT START ------------------
PID: 11287
SPID: 11287
Timestamp: 1691401107759426
Return value: 000000000000000000
------------------ SYSCALL EXIT STOP ------------------
------------------ SYSCALL ENTRY START ------------------
PID: 11287
SPID: 11287
Timestamp: 1691401107759487
Syscall = gettimeofday (169)
------------------ SYSCALL ENTRY STOP ------------------
------------------ SYSCALL EXIT START ------------------
PID: 11287
SPID: 11287
Timestamp: 1691401107759998
Return value: 000000000000000000
------------------ SYSCALL EXIT STOP ------------------
------------------ SYSCALL ENTRY START ------------------
PID: 11287
SPID: 11287
Timestamp: 1691401107760068
Syscall = read (63)
------------------ SYSCALL ENTRY STOP ------------------
------------------ SYSCALL EXIT START ------------------
PID: 11287
SPID: 11287
Timestamp: 1691401107760552
Return value: 0x0000000000000030
------------------ SYSCALL EXIT STOP ------------------
------------------ SYSCALL ENTRY START ------------------
PID: 11287
SPID: 11287
Timestamp: 1691401107761007
Syscall = ioctl (29)
------------------ SYSCALL ENTRY STOP ------------------
------------------ SYSCALL EXIT START ------------------
PID: 11287
SPID: 11287
Timestamp: 1691401107761995
Return value: 000000000000000000
------------------ SYSCALL EXIT STOP ------------------
------------------ SYSCALL ENTRY START ------------------
PID: 11287
SPID: 11287
Timestamp: 1691401107763005
Syscall = clock_gettime (113)
------------------ SYSCALL ENTRY STOP ------------------
------------------ SYSCALL EXIT START ------------------
PID: 11287
SPID: 11287
Timestamp: 1691401107763516
Return value: 000000000000000000
------------------ SYSCALL EXIT STOP ------------------
------------------ SYSCALL ENTRY START ------------------
PID: 11287
SPID: 11287
Timestamp: 1691401107763666
Syscall = read (63)
------------------ SYSCALL ENTRY STOP ------------------
------------------ SYSCALL EXIT START ------------------
PID: 11287
SPID: 11287
Timestamp: 1691401107764345
Return value: 0x0000000000000030
------------------ SYSCALL EXIT STOP ------------------
------------------ SYSCALL ENTRY START ------------------
PID: 11287
SPID: 11287
Timestamp: 1691401107764498
Syscall = getuid (174)
------------------ SYSCALL ENTRY STOP ------------------
------------------ SYSCALL EXIT START ------------------
PID: 11287
SPID: 11287
Timestamp: 1691401107766902
Return value: 0x000000000000287c
------------------ SYSCALL EXIT STOP ------------------
------------------ SYSCALL ENTRY START ------------------
PID: 11287
SPID: 11287
Timestamp: 1691401107767046
Syscall = epoll_pwait (22)
------------------ SYSCALL ENTRY STOP ------------------
------------------ SYSCALL EXIT START ------------------
PID: 11287
SPID: 11287
Timestamp: 1691401107767741
Return value: 000000000000000000
------------------ SYSCALL EXIT STOP ------------------
------------------ SYSCALL ENTRY START ------------------
PID: 11287
SPID: 11287
Timestamp: 1691401107767808
Syscall = clock_gettime (113)
------------------ SYSCALL ENTRY STOP ------------------
------------------ SYSCALL EXIT START ------------------
PID: 11287
SPID: 11287
Timestamp: 1691401107768415
Return value: 000000000000000000
------------------ SYSCALL EXIT STOP ------------------
------------------ SYSCALL ENTRY START ------------------
PID: 11287
SPID: 11287
Timestamp: 1691401107768546
Syscall = clock_gettime (113)
------------------ SYSCALL ENTRY STOP ------------------
------------------ SYSCALL EXIT START ------------------
PID: 11287
SPID: 11287
Timestamp: 1691401107769187
Return value: 000000000000000000
------------------ SYSCALL EXIT STOP ------------------
------------------ SYSCALL ENTRY START ------------------
PID: 11287
SPID: 11287
Timestamp: 1691401107769255
Syscall = gettimeofday (169)
------------------ SYSCALL ENTRY STOP ------------------
------------------ SYSCALL EXIT START ------------------
PID: 11287
SPID: 11287
Timestamp: 1691401107769967
Return value: 000000000000000000
------------------ SYSCALL EXIT STOP ------------------
------------------ SYSCALL ENTRY START ------------------
PID: 11287
SPID: 11287
Timestamp: 1691401107770103
Syscall = read (63)
------------------ SYSCALL ENTRY STOP ------------------
------------------ SYSCALL EXIT START ------------------
PID: 11287
SPID: 11287
Timestamp: 1691401107770940
Return value: 0x0000000000000030
------------------ SYSCALL EXIT STOP ------------------
------------------ SYSCALL ENTRY START ------------------
PID: 11287
SPID: 11287
Timestamp: 1691401107771393
Syscall = clock_gettime (113)
------------------ SYSCALL ENTRY STOP ------------------
------------------ SYSCALL EXIT START ------------------
PID: 11287
SPID: 11287
Timestamp: 1691401107782665
Return value: 000000000000000000
------------------ SYSCALL EXIT STOP ------------------
------------------ SYSCALL ENTRY START ------------------
PID: 11287
SPID: 11287
Timestamp: 1691401107783945
Syscall = clock_gettime (113)
------------------ SYSCALL ENTRY STOP ------------------
------------------ SYSCALL EXIT START ------------------
PID: 11287
SPID: 11287
Timestamp: 1691401107784723
Return value: 000000000000000000
------------------ SYSCALL EXIT STOP ------------------
------------------ SYSCALL ENTRY START ------------------
PID: 11287
SPID: 11287
Timestamp: 1691401107784989
Syscall = clock_gettime (113)
------------------ SYSCALL ENTRY STOP ------------------
------------------ SYSCALL EXIT START ------------------
PID: 11287
SPID: 11287
Timestamp: 1691401107785765
Return value: 000000000000000000
------------------ SYSCALL EXIT STOP ------------------
------------------ SYSCALL ENTRY START ------------------
PID: 11287
SPID: 11287
Timestamp: 1691401107786015
Syscall = clock_gettime (113)
------------------ SYSCALL ENTRY STOP ------------------
------------------ SYSCALL EXIT START ------------------
PID: 11287
SPID: 11287
Timestamp: 1691401107786818
Return value: 000000000000000000
------------------ SYSCALL EXIT STOP ------------------
------------------ SYSCALL ENTRY START ------------------
PID: 11287
SPID: 11287
Timestamp: 1691401107786900
Syscall = clock_gettime (113)
------------------ SYSCALL ENTRY STOP ------------------
------------------ SYSCALL EXIT START ------------------
PID: 11287
SPID: 11287
Timestamp:1691401107787521
Return value: 000000000000000000
------------------ SYSCALL EXIT STOP ------------------
------------------ SYSCALL ENTRY START ------------------
PID: 11287
SPID: 11287
Timestamp: 1691401107787689
Syscall = clock_gettime (113)
------------------ SYSCALL ENTRY STOP ------------------
------------------ SYSCALL EXIT START ------------------
PID: 11287
SPID: 11287
Timestamp: 1691401107788277
Return value: 000000000000000000
------------------ SYSCALL EXIT STOP ------------------
------------------ SYSCALL ENTRY START ------------------
PID: 11287
SPID: 11287
Timestamp: 1691401107789778
Syscall = clock_gettime (113)
------------------ SYSCALL ENTRY STOP ------------------
------------------ SYSCALL EXIT START ------------------
PID: 11287
SPID: 11287
Timestamp: 1691401107790486
Return value: 000000000000000000
------------------ SYSCALL EXIT STOP ------------------
------------------ SYSCALL ENTRY START ------------------
PID: 11287
SPID: 11287
Timestamp: 1691401107790594
Syscall = clock_gettime (113)
------------------ SYSCALL ENTRY STOP ------------------
------------------ SYSCALL EXIT START ------------------
PID: 11287
SPID: 11287
Timestamp: 1691401107791371
Return value: 000000000000000000
------------------ SYSCALL EXIT STOP ------------------
------------------ SYSCALL ENTRY START ------------------
PID: 11287
SPID: 11287
Timestamp: 1691401107791624
Syscall = recvfrom (207)
------------------ SYSCALL ENTRY STOP ------------------
------------------ SYSCALL EXIT START ------------------
PID: 11287
SPID: 11287
Timestamp: 1691401107792266
Return value: 0xfffffffffffffff5
------------------ SYSCALL EXIT STOP ------------------
------------------ SYSCALL ENTRY START ------------------
PID: 11287
SPID: 11287
Timestamp: 1691401107792380
Syscall = ioctl (29)
------------------ SYSCALL ENTRY STOP ------------------
------------------ SYSCALL EXIT START ------------------
PID: 11287
SPID: 11287
Timestamp: 1691401107793171
Return value: 000000000000000000
------------------ SYSCALL EXIT STOP ------------------
------------------ SYSCALL ENTRY START ------------------
PID: 11287
SPID: 11287
Timestamp: 1691401107793351
Syscall = clock_gettime (113)
------------------ SYSCALL ENTRY STOP ------------------
------------------ SYSCALL EXIT START ------------------
PID: 11287
SPID: 11287
Timestamp: 1691401107794099
Return value: 000000000000000000
------------------ SYSCALL EXIT STOP ------------------
------------------ SYSCALL ENTRY START ------------------
PID: 11287
SPID: 11287
Timestamp: 1691401107794271
Syscall = clock_gettime (113)
------------------ SYSCALL ENTRY STOP ------------------
------------------ SYSCALL EXIT START ------------------
PID: 11287
SPID: 11287
Timestamp: 1691401107794950
Return value: 000000000000000000
------------------ SYSCALL EXIT STOP ------------------
------------------ SYSCALL ENTRY START ------------------
PID: 11287
SPID: 11287
Timestamp: 1691401107795022
Syscall = clock_gettime (113)
------------------ SYSCALL ENTRY STOP ------------------
------------------ SYSCALL EXIT START ------------------
PID: 11287
SPID: 11287
Timestamp: 1691401107795727
Return value: 000000000000000000
------------------ SYSCALL EXIT STOP ------------------
------------------ SYSCALL ENTRY START ------------------
PID: 11287
SPID: 11287
Timestamp: 1691401107795984
Syscall = write (64)
------------------ SYSCALL ENTRY STOP ------------------
------------------ SYSCALL EXIT START ------------------
PID: 11287
SPID: 11287
Timestamp: 1691401107799072
Return value: 0x0000000000000008
------------------ SYSCALL EXIT STOP ------------------
------------------ SYSCALL ENTRY START ------------------
PID: 11287
SPID: 11287
Timestamp: 1691401107799678
Syscall = clock_gettime (113)
------------------ SYSCALL ENTRY STOP ------------------
------------------ SYSCALL EXIT START ------------------
PID: 11287
SPID: 11287
Timestamp: 1691401107801520
Return value: 000000000000000000
------------------ SYSCALL EXIT STOP ------------------
------------------ SYSCALL ENTRY START ------------------
PID: 11287
SPID: 11287
Timestamp: 1691401107825105
Syscall = clock_gettime (113)
------------------ SYSCALL ENTRY STOP ------------------
------------------ SYSCALL EXIT START ------------------
PID: 11287
SPID: 11287
Timestamp: 1691401107826102
Return value: 000000000000000000
------------------ SYSCALL EXIT STOP ------------------
------------------ SYSCALL ENTRY START ------------------
PID: 11287
SPID: 11287
Timestamp: 1691401107826194
Syscall = write (64)
------------------ SYSCALL ENTRY STOP ------------------
------------------ SYSCALL EXIT START ------------------
PID: 11287
SPID: 11287
Timestamp: 1691401107826582
Return value: 0x0000000000000008
------------------ SYSCALL EXIT STOP ------------------
------------------ SYSCALL ENTRY START ------------------
PID: 11287
SPID: 11287
Timestamp: 1691401107826800
Syscall = futex (98)
------------------ SYSCALL ENTRY STOP ------------------
------------------ SYSCALL EXIT START ------------------
PID: 11287
SPID: 11287
Timestamp: 1691401107829089
Return value: 0x0000000000000001
------------------ SYSCALL EXIT STOP ------------------
------------------ SYSCALL ENTRY START ------------------
PID: 11287
SPID: 11287
Timestamp: 1691401107829161
Syscall = futex (98)
------------------ SYSCALL ENTRY STOP ------------------
------------------ SYSCALL EXIT START ------------------
PID: 11287
SPID: 11287
Timestamp: 1691401107829453
Return value: 0xfffffffffffffff5
------------------ SYSCALL EXIT STOP ------------------
------------------ SYSCALL ENTRY START ------------------
PID: 11287
SPID: 11287
Timestamp: 1691401107829575
Syscall = clock_gettime (113)
------------------ SYSCALL ENTRY STOP ------------------
------------------ SYSCALL EXIT START ------------------
PID: 11287
SPID: 11287
Timestamp: 1691401107829868
Return value: 000000000000000000
------------------ SYSCALL EXIT STOP ------------------
------------------ SYSCALL ENTRY START ------------------
PID: 11287
SPID: 11287
Timestamp: 1691401107829942
Syscall = clock_gettime (113)
------------------ SYSCALL ENTRY STOP ------------------
------------------ SYSCALL EXIT START ------------------
PID: 11287
SPID: 11287
Timestamp: 1691401107830230
Return value: 000000000000000000
------------------ SYSCALL EXIT STOP ------------------
------------------ SYSCALL ENTRY START ------------------
PID: 11287
SPID: 11287
Timestamp: 1691401107830392
Syscall = clock_gettime (113)
------------------ SYSCALL ENTRY STOP ------------------
------------------ SYSCALL EXIT START ------------------
PID: 11287
SPID: 11287
Timestamp: 1691401107830808
Return value: 000000000000000000
------------------ SYSCALL EXIT STOP ------------------
------------------ SYSCALL ENTRY START ------------------
PID: 11287
SPID: 11287
Timestamp: 1691401107832752
Syscall = read (63)
------------------ SYSCALL ENTRY STOP ------------------
------------------ SYSCALL EXIT START ------------------
PID: 11287
SPID: 11287
Timestamp: 1691401107833082
Return value: 0x0000000000000030
------------------ SYSCALL EXIT STOP ------------------
------------------ SYSCALL ENTRY START ------------------
PID: 11287
SPID: 11287
Timestamp: 1691401107833190
Syscall = getuid (174)
------------------ SYSCALL ENTRY STOP ------------------
------------------ SYSCALL EXIT START ------------------
PID: 11287
SPID: 11287
Timestamp: 1691401107833443
Return value: 0x000000000000287c
------------------ SYSCALL EXIT STOP ------------------
------------------ SYSCALL ENTRY START ------------------
PID: 11287
SPID: 11287
Timestamp: 1691401107833514
Syscall = epoll_pwait (22)
------------------ SYSCALL ENTRY STOP ------------------
------------------ SYSCALL EXIT START ------------------
PID: 11287
SPID: 11287
Timestamp: 1691401107834251
Return value: 0x0000000000000002
------------------ SYSCALL EXIT STOP ------------------
------------------ SYSCALL ENTRY START ------------------
PID: 11287
SPID: 11287
Timestamp: 1691401107834330
Syscall = read (63)
------------------ SYSCALL ENTRY STOP ------------------
------------------ SYSCALL EXIT START ------------------
PID: 11287
SPID: 11287
Timestamp: 1691401107834821
Return value: 0x0000000000000008
------------------ SYSCALL EXIT STOP ------------------
------------------ SYSCALL ENTRY START ------------------
PID: 11287
SPID: 11287
Timestamp: 1691401107834886
Syscall = recvfrom (207)
------------------ SYSCALL ENTRY STOP ------------------
------------------ SYSCALL EXIT START ------------------
PID: 11287
SPID: 11287
Timestamp: 1691401107835150
Return value: 0x0000000000000040
------------------ SYSCALL EXIT STOP ------------------
------------------ SYSCALL ENTRY START ------------------
PID: 11287
SPID: 11287
Timestamp: 1691401107835327
Syscall = recvfrom (207)
------------------ SYSCALL ENTRY STOP ------------------
------------------ SYSCALL EXIT START ------------------
PID: 11287
SPID: 11287
Timestamp: 1691401107836101
Return value: 0xfffffffffffffff5
------------------ SYSCALL EXIT STOP ------------------
------------------ SYSCALL ENTRY START ------------------
PID: 11287
SPID: 11287
Timestamp: 1691401107836340
Syscall = clock_gettime (113)
------------------ SYSCALL ENTRY STOP ------------------
------------------ SYSCALL EXIT START ------------------
PID: 11287
SPID: 11287
Timestamp: 1691401107836965
Return value: 000000000000000000
------------------ SYSCALL EXIT STOP ------------------
------------------ SYSCALL ENTRY START ------------------
PID: 11287
SPID: 11287
Timestamp: 1691401107837147
Syscall = clock_gettime (113)
------------------ SYSCALL ENTRY STOP ------------------
------------------ SYSCALL EXIT START ------------------
PID: 11287
SPID: 11287
Timestamp: 1691401107837699
Return value: 000000000000000000
------------------ SYSCALL EXIT STOP ------------------
------------------ SYSCALL ENTRY START ------------------
PID: 11287
SPID: 11287
Timestamp: 1691401107837765
Syscall = gettimeofday (169)
------------------ SYSCALL ENTRY STOP ------------------
------------------ SYSCALL EXIT START ------------------
PID: 11287
SPID: 11287
Timestamp: 1691401107838401
Return value: 000000000000000000
------------------ SYSCALL EXIT STOP ------------------
------------------ SYSCALL ENTRY START ------------------
PID: 11287
SPID: 11287
Timestamp: 1691401107838552
Syscall = clock_gettime (113)
------------------ SYSCALL ENTRY STOP ------------------
------------------ SYSCALL EXIT START ------------------
PID: 11287
SPID: 11287
Timestamp: 1691401107839171
Return value: 000000000000000000
------------------ SYSCALL EXIT STOP ------------------
------------------ SYSCALL ENTRY START ------------------
PID: 11287
SPID: 11287
Timestamp: 1691401107839292
Syscall = clock_gettime (113)
------------------ SYSCALL ENTRY STOP ------------------
------------------ SYSCALL EXIT START ------------------
PID: 11287
SPID: 11287
Timestamp: 1691401107839857
Return value: 000000000000000000
------------------ SYSCALL EXIT STOP ------------------
------------------ SYSCALL ENTRY START ------------------
PID: 11287
SPID: 11287
Timestamp: 1691401107839916
Syscall = gettimeofday (169)
------------------ SYSCALL ENTRY STOP ------------------
------------------ SYSCALL EXIT START ------------------
PID: 11287
SPID: 11287
Timestamp: 1691401107840449
Return value: 000000000000000000
------------------ SYSCALL EXIT STOP ------------------
------------------ SYSCALL ENTRY START ------------------
PID: 11287
SPID: 11287
Timestamp: 1691401107840546
Syscall = read (63)
------------------ SYSCALL ENTRY STOP ------------------
------------------ SYSCALL EXIT START ------------------
PID: 11287
SPID: 11287
Timestamp: 1691401107841387
Return value: 0x0000000000000030
------------------ SYSCALL EXIT STOP ------------------
------------------ SYSCALL ENTRY START ------------------
PID: 11287
SPID: 11287
Timestamp: 1691401107841541
Syscall = clock_gettime (113)
------------------ SYSCALL ENTRY STOP ------------------
------------------ SYSCALL EXIT START ------------------
PID: 11287
SPID: 11287
Timestamp: 1691401107842165
Return value: 000000000000000000
------------------ SYSCALL EXIT STOP ------------------
------------------ SYSCALL ENTRY START ------------------
PID: 11287
SPID: 11287
