------------------ SYSCALL ENTRY START ------------------
PID: 15977
SPID: 15977
Timestamp: 1691401947615272
Syscall = clock_gettime (113)
------------------ SYSCALL ENTRY STOP ------------------
------------------ SYSCALL EXIT START ------------------
PID: 15977
SPID: 15977
Timestamp: 1691401947617018
Return value: 000000000000000000
------------------ SYSCALL EXIT STOP ------------------
------------------ SYSCALL ENTRY START ------------------
PID: 15977
SPID: 15977
Timestamp: 1691401947617411
Syscall = epoll_pwait (22)
------------------ SYSCALL ENTRY STOP ------------------
------------------ SYSCALL EXIT START ------------------
PID: 15977
SPID: 15977
Timestamp: 1691401947618005
Return value: 0x0000000000000002
------------------ SYSCALL EXIT STOP ------------------
------------------ SYSCALL ENTRY START ------------------
PID: 15977
SPID: 15977
Timestamp: 1691401947618316
Syscall = recvfrom (207)
------------------ SYSCALL ENTRY STOP ------------------
------------------ SYSCALL EXIT START ------------------
PID: 15977
SPID: 15977
Timestamp: 1691401947618867
Return value: 0x0000000000000040
------------------ SYSCALL EXIT STOP ------------------
------------------ SYSCALL ENTRY START ------------------
PID: 15977
SPID: 15977
Timestamp: 1691401947619107
Syscall = recvfrom (207)
------------------ SYSCALL ENTRY STOP ------------------
------------------ SYSCALL EXIT START ------------------
PID: 15977
SPID: 15977
Timestamp: 1691401947619695
Return value: 0xfffffffffffffff5
------------------ SYSCALL EXIT STOP ------------------
------------------ SYSCALL ENTRY START ------------------
PID: 15977
SPID: 15977
Timestamp: 1691401947620073
Syscall = clock_gettime (113)
------------------ SYSCALL ENTRY STOP ------------------
------------------ SYSCALL EXIT START ------------------
PID: 15977
SPID: 15977
Timestamp: 1691401947628241
Return value: 000000000000000000
------------------ SYSCALL EXIT STOP ------------------
------------------ SYSCALL ENTRY START ------------------
PID: 15977
SPID: 15977
Timestamp: 1691401947628412
Syscall = clock_gettime (113)
------------------ SYSCALL ENTRY STOP ------------------
------------------ SYSCALL EXIT START ------------------
PID: 15977
SPID: 15977
Timestamp: 1691401947628741
Return value: 000000000000000000
------------------ SYSCALL EXIT STOP ------------------
------------------ SYSCALL ENTRY START ------------------
PID: 15977
SPID: 15977
Timestamp: 1691401947628874
Syscall = gettimeofday (169)
------------------ SYSCALL ENTRY STOP ------------------
------------------ SYSCALL EXIT START ------------------
PID: 15977
SPID: 15977
Timestamp: 1691401947629051
Return value: 000000000000000000
------------------ SYSCALL EXIT STOP ------------------
------------------ SYSCALL ENTRY START ------------------
PID: 15977
SPID: 15977
Timestamp: 1691401947632578
Syscall = write (64)
------------------ SYSCALL ENTRY STOP ------------------
------------------ SYSCALL EXIT START ------------------
PID: 15977
SPID: 15977
Timestamp: 1691401947632807
Return value: 0x0000000000000008
------------------ SYSCALL EXIT STOP ------------------
------------------ SYSCALL ENTRY START ------------------
PID: 15977
SPID: 15977
Timestamp: 1691401947632957
Syscall = recvfrom (207)
------------------ SYSCALL ENTRY STOP ------------------
------------------ SYSCALL EXIT START ------------------
PID: 15977
SPID: 15977
Timestamp: 1691401947633161
Return value: 0x0000000000000010
------------------ SYSCALL EXIT STOP ------------------
------------------ SYSCALL ENTRY START ------------------
PID: 15977
SPID: 15977
Timestamp: 1691401947633268
Syscall = clock_gettime (113)
------------------ SYSCALL ENTRY STOP ------------------
------------------ SYSCALL EXIT START ------------------
PID: 16077
SPID: 16077
Timestamp: 1691401965247559
Return value: 0xfffffffffffffff5
------------------ SYSCALL EXIT STOP ------------------
------------------ SYSCALL ENTRY START ------------------
PID: 16077
SPID: 16077
Timestamp: 1691401965247660
Syscall = clock_gettime (113)
------------------ SYSCALL ENTRY STOP ------------------
------------------ SYSCALL EXIT START ------------------
PID: 16077
SPID: 16077
Timestamp: 1691401965247881
Return value: 000000000000000000
------------------ SYSCALL EXIT STOP ------------------
------------------ SYSCALL ENTRY START ------------------
PID: 16077
SPID: 16077
Timestamp: 1691401965247952
Syscall = clock_gettime (113)
------------------ SYSCALL ENTRY STOP ------------------
------------------ SYSCALL EXIT START ------------------
PID: 16077
SPID: 16077
Timestamp: 1691401965248153
Return value: 000000000000000000
------------------ SYSCALL EXIT STOP ------------------
------------------ SYSCALL ENTRY START ------------------
PID: 16077
SPID: 16077
Timestamp: 1691401965248189
Syscall = gettimeofday (169)
------------------ SYSCALL ENTRY STOP ------------------
------------------ SYSCALL EXIT START ------------------
PID: 16077
SPID: 16077
Timestamp: 1691401965248383
Return value: 000000000000000000
------------------ SYSCALL EXIT STOP ------------------
------------------ SYSCALL ENTRY START ------------------
PID: 16077
SPID: 16077
Timestamp: 1691401965248421
Syscall = read (63)
------------------ SYSCALL ENTRY STOP ------------------
------------------ SYSCALL EXIT START ------------------
PID: 16077
SPID: 16077
Timestamp: 1691401965248614
Return value: 0x0000000000000030
------------------ SYSCALL EXIT STOP ------------------
------------------ SYSCALL ENTRY START ------------------
PID: 16077
SPID: 16077
Timestamp: 1691401965249010
Syscall = clock_gettime (113)
------------------ SYSCALL ENTRY STOP ------------------
------------------ SYSCALL EXIT START ------------------
PID: 16077
SPID: 16077
Timestamp: 1691401965249289
Return value: 000000000000000000
------------------ SYSCALL EXIT STOP ------------------
------------------ SYSCALL ENTRY START ------------------
PID: 16077
SPID: 16077
Timestamp: 1691401965249323
Syscall = getuid (174)
------------------ SYSCALL ENTRY STOP ------------------
------------------ SYSCALL EXIT START ------------------
PID: 16077
SPID: 16077
Timestamp: 1691401965249659
Return value: 0x000000000000287c
------------------ SYSCALL EXIT STOP ------------------
------------------ SYSCALL ENTRY START ------------------
PID: 16077
SPID: 16077
Timestamp: 1691401965249754
Syscall = writev (66)
------------------ SYSCALL ENTRY STOP ------------------
------------------ SYSCALL EXIT START ------------------
PID: 16077
SPID: 16077
Timestamp: 1691401965250464
Return value: 0x0000000000000041
------------------ SYSCALL EXIT STOP ------------------
------------------ SYSCALL ENTRY START ------------------
PID: 16077
SPID: 16077
Timestamp: 1691401965250564
Syscall = futex (98)
------------------ SYSCALL ENTRY STOP ------------------
------------------ SYSCALL EXIT START ------------------
PID: 16077
SPID: 16077
Timestamp: 1691401965250889
Return value: 0x0000000000000001
------------------ SYSCALL EXIT STOP ------------------
------------------ SYSCALL ENTRY START ------------------
PID: 16077
SPID: 16077
Timestamp: 1691401965251315
Syscall = clock_gettime (113)
------------------ SYSCALL ENTRY STOP ------------------
------------------SYSCALL EXIT START ------------------
PID: 16077
SPID: 16077
Timestamp: 1691401965251583
Return value: 000000000000000000
------------------ SYSCALL EXIT STOP ------------------
------------------ SYSCALL ENTRY START ------------------
PID: 16077
SPID: 16077
Timestamp: 1691401965251638
Syscall = clock_gettime (113)
------------------ SYSCALL ENTRY STOP ------------------
------------------ SYSCALL EXIT START ------------------
PID: 16077
SPID: 16077
Timestamp: 1691401965251858
Return value: 000000000000000000
------------------ SYSCALL EXIT STOP ------------------
------------------ SYSCALL ENTRY START ------------------
PID: 16077
SPID: 16077
Timestamp: 1691401965251905
Syscall = clock_gettime (113)
------------------ SYSCALL ENTRY STOP ------------------
------------------ SYSCALL EXIT START ------------------
PID: 16077
SPID: 16077
Timestamp: 1691401965252098
Return value: 000000000000000000
------------------ SYSCALL EXIT STOP ------------------
------------------ SYSCALL ENTRY START ------------------
PID: 16077
SPID: 16077
Timestamp: 1691401965252214
Syscall = clock_gettime (113)
------------------ SYSCALL ENTRY STOP ------------------
------------------ SYSCALL EXIT START ------------------
PID: 16077
SPID: 16077
Timestamp: 1691401965252420
Return value: 000000000000000000
------------------ SYSCALL EXIT STOP ------------------
------------------ SYSCALL ENTRY START ------------------
PID: 16077
SPID: 16077
Timestamp: 1691401965252458
Syscall = gettimeofday (169)
------------------ SYSCALL ENTRY STOP ------------------
------------------ SYSCALL EXIT START ------------------
PID: 16077
SPID: 16077
Timestamp: 1691401965252647
Return value: 000000000000000000
------------------ SYSCALL EXIT STOP ------------------
------------------ SYSCALL ENTRY START ------------------
PID: 16077
SPID: 16077
Timestamp: 1691401965252685
Syscall = clock_gettime (113)
------------------ SYSCALL ENTRY STOP ------------------
------------------ SYSCALL EXIT START ------------------
PID: 16077
SPID: 16077
Timestamp: 1691401965252885
Return value: 000000000000000000
------------------ SYSCALL EXIT STOP ------------------
------------------ SYSCALL ENTRY START ------------------
PID: 16077
SPID: 16077
Timestamp: 1691401965252947
Syscall = write (64)
------------------ SYSCALL ENTRY STOP ------------------
------------------ SYSCALL EXIT START ------------------
PID: 16077
SPID: 16077
Timestamp: 1691401965253205
Return value: 0x0000000000000008
------------------ SYSCALL EXIT STOP ------------------
------------------ SYSCALL ENTRY START ------------------
PID: 16077
SPID: 16077
Timestamp: 1691401965254450
Syscall = futex (98)
------------------ SYSCALL ENTRY STOP ------------------
------------------ SYSCALL EXIT START ------------------
PID: 16077
SPID: 16077
Timestamp: 1691401965254770
Return value: 0x0000000000000001
------------------ SYSCALL EXIT STOP ------------------
------------------ SYSCALL ENTRY START ------------------
PID: 16077
SPID: 16077
Timestamp: 1691401965254807
Syscall = futex (98)
------------------ SYSCALL ENTRY STOP ------------------
------------------ SYSCALL EXIT START ------------------
PID: 16077
SPID: 16077
Timestamp: 1691401965255072
Return value: 0x0000000000000001
------------------ SYSCALL EXIT STOP ------------------
------------------ SYSCALL ENTRY START ------------------
PID: 16077
SPID: 16077
Timestamp: 1691401965255899
Syscall = clock_gettime (113)
------------------ SYSCALL ENTRY STOP ------------------
------------------ SYSCALL EXIT START ------------------
PID: 16077
SPID: 16077
Timestamp: 1691401965256204
Return value: 000000000000000000
------------------ SYSCALL EXIT STOP ------------------
------------------ SYSCALL ENTRY START ------------------
PID: 16077
SPID: 16077
Timestamp: 1691401965256270
Syscall = clock_gettime (113)
------------------ SYSCALL ENTRY STOP ------------------
------------------ SYSCALL EXIT START ------------------
PID: 16077
SPID: 16077
Timestamp: 1691401965256499
Return value: 000000000000000000
------------------ SYSCALL EXIT STOP ------------------
------------------ SYSCALL ENTRY START ------------------
PID: 16077
SPID: 16077
Timestamp: 1691401965256533
Syscall = gettimeofday (169)
------------------ SYSCALL ENTRY STOP ------------------
------------------ SYSCALL EXIT START ------------------
PID: 16077
SPID: 16077
Timestamp: 1691401965258669
Return value: 000000000000000000
------------------ SYSCALL EXIT STOP ------------------
------------------ SYSCALL ENTRY START ------------------
PID: 16077
SPID: 16077
Timestamp: 1691401965259462
Syscall = clock_gettime (113)
------------------ SYSCALL ENTRY STOP ------------------
------------------ SYSCALL EXIT START ------------------
PID: 16077
SPID: 16077
Timestamp: 1691401965259839
Return value: 000000000000000000
------------------ SYSCALL EXIT STOP ------------------
------------------ SYSCALL ENTRY START ------------------
PID: 16077
SPID: 16077
Timestamp: 1691401965259907
Syscall = clock_gettime (113)
------------------ SYSCALL ENTRY STOP ------------------
------------------ SYSCALL EXIT START ------------------
PID: 16077
SPID: 16077
Timestamp: 1691401965260121
Return value: 000000000000000000
------------------ SYSCALL EXIT STOP ------------------
------------------ SYSCALL ENTRY START ------------------
PID: 16077
SPID: 16077
Timestamp: 1691401965260159
Syscall = ioctl (29)
------------------ SYSCALL ENTRY STOP ------------------
------------------ SYSCALL EXIT START ------------------
PID: 16077
SPID: 16077
Timestamp: 1691401965261827
Return value: 000000000000000000
------------------ SYSCALL EXIT STOP ------------------
------------------ SYSCALL ENTRY START ------------------
PID: 16077
SPID: 16077
Timestamp: 1691401965263948
Syscall = clock_gettime (113)
------------------ SYSCALL ENTRY STOP ------------------
------------------ SYSCALL EXIT START ------------------
PID: 16077
SPID: 16077
Timestamp: 1691401965264293
Return value: 000000000000000000
------------------ SYSCALL EXIT STOP ------------------
------------------ SYSCALL ENTRY START ------------------
PID: 16077
SPID: 16077
Timestamp: 1691401965264453
Syscall = fcntl (25)
------------------ SYSCALL ENTRY STOP ------------------
------------------ SYSCALL EXIT START ------------------
PID: 16077
SPID: 16077
Timestamp: 1691401965268525
Return value: 0x0000000000000064
------------------ SYSCALL EXIT STOP ------------------
------------------ SYSCALL ENTRY START ------------------
PID: 16077
SPID: 16077
Timestamp: 1691401965268857
Syscall = close (57)
------------------ SYSCALL ENTRY STOP ------------------
------------------ SYSCALL EXIT START ------------------
PID: 16077
SPID: 16077
Timestamp: 1691401965269678
Return value: 000000000000000000
------------------ SYSCALL EXIT STOP ------------------
------------------ SYSCALL ENTRY START ------------------
PID: 16077
SPID: 16077
Timestamp: 1691401965269746
Syscall = ioctl (29)
------------------ SYSCALL ENTRY STOP ------------------
------------------ SYSCALL EXIT START ------------------
PID: 16077
SPID: 16077
Timestamp: 1691401965270045
Return value: 000000000000000000
------------------ SYSCALL EXIT STOP------------------
------------------ SYSCALL ENTRY START ------------------
PID: 16077
SPID: 16077
Timestamp: 1691401965270505
Syscall = clock_gettime (113)
------------------ SYSCALL ENTRY STOP ------------------
------------------ SYSCALL EXIT START ------------------
PID: 16077
SPID: 16077
Timestamp: 1691401965271538
Return value: 000000000000000000
------------------ SYSCALL EXIT STOP ------------------
------------------ SYSCALL ENTRY START ------------------
PID: 16077
SPID: 16077
Timestamp: 1691401965271616
Syscall = read (63)
------------------ SYSCALL ENTRY STOP ------------------
------------------ SYSCALL EXIT START ------------------
PID: 16077
SPID: 16077
Timestamp: 1691401965272210
Return value: 0x0000000000000030
------------------ SYSCALL EXIT STOP ------------------
------------------ SYSCALL ENTRY START ------------------
PID: 16077
SPID: 16077
Timestamp: 1691401965272345
Syscall = getuid (174)
------------------ SYSCALL ENTRY STOP ------------------
------------------ SYSCALL EXIT START ------------------
PID: 16077
SPID: 16077
Timestamp: 1691401965272899
Return value: 0x000000000000287c
------------------ SYSCALL EXIT STOP ------------------
------------------ SYSCALL ENTRY START ------------------
PID: 16077
SPID: 16077
Timestamp: 1691401965272997
Syscall = epoll_pwait (22)
------------------ SYSCALL ENTRY STOP ------------------
------------------ SYSCALL EXIT START ------------------
PID: 16077
SPID: 16077
Timestamp: 1691401965275280
Return value: 0x0000000000000001
------------------ SYSCALL EXIT STOP ------------------
------------------ SYSCALL ENTRY START ------------------
PID: 16077
SPID: 16077
Timestamp: 1691401965275419
Syscall = read (63)
------------------ SYSCALL ENTRY STOP ------------------
------------------ SYSCALL EXIT START ------------------
PID: 16077
SPID: 16077
Timestamp: 1691401965276570
Return value: 0x0000000000000008
------------------ SYSCALL EXIT STOP ------------------
------------------ SYSCALL ENTRY START ------------------
PID: 16077
SPID: 16077
Timestamp: 1691401965276716
Syscall = clock_gettime (113)
------------------ SYSCALL ENTRY STOP ------------------
------------------ SYSCALL EXIT START ------------------
PID: 16077
SPID: 16077
Timestamp: 1691401965277409
Return value: 000000000000000000
------------------ SYSCALL EXIT STOP ------------------
------------------ SYSCALL ENTRY START ------------------
PID: 16077
SPID: 16077
Timestamp: 1691401965277561
Syscall = clock_gettime (113)
------------------ SYSCALL ENTRY STOP ------------------
------------------ SYSCALL EXIT START ------------------
PID: 16077
SPID: 16077
Timestamp: 1691401965277832
Return value: 000000000000000000
------------------ SYSCALL EXIT STOP ------------------
------------------ SYSCALL ENTRY START ------------------
PID: 16077
SPID: 16077
Timestamp: 1691401965277966
Syscall = gettimeofday (169)
------------------ SYSCALL ENTRY STOP ------------------
------------------ SYSCALL EXIT START ------------------
PID: 16077
SPID: 16077
Timestamp: 1691401965278255
Return value: 000000000000000000
------------------ SYSCALL EXIT STOP ------------------
------------------ SYSCALL ENTRY START ------------------
PID: 16077
SPID: 16077
Timestamp: 1691401965278307
Syscall = read (63)
------------------ SYSCALL ENTRY STOP ------------------
------------------ SYSCALL EXIT START ------------------
PID: 16077
SPID: 16077
Timestamp: 1691401965278594
Return value: 0x0000000000000030
------------------ SYSCALL EXIT STOP ------------------
------------------ SYSCALL ENTRY START ------------------
PID: 16077
SPID: 16077
Timestamp: 1691401965278677
Syscall = clock_gettime (113)
------------------ SYSCALL ENTRY STOP ------------------
------------------ SYSCALL EXIT START ------------------
PID: 16077
SPID: 16077
Timestamp: 1691401965279421
Return value: 000000000000000000
------------------ SYSCALL EXIT STOP ------------------
------------------ SYSCALL ENTRY START ------------------
PID: 16077
SPID: 16077
Timestamp: 1691401965279603
Syscall = clock_gettime (113)
------------------ SYSCALL ENTRY STOP ------------------
------------------ SYSCALL EXIT START ------------------
PID: 16077
SPID: 16077
Timestamp: 1691401965280270
Return value: 000000000000000000
------------------ SYSCALL EXIT STOP ------------------
------------------ SYSCALL ENTRY START ------------------
PID: 16077
SPID: 16077
Timestamp: 1691401965280411
Syscall = clock_gettime (113)
------------------ SYSCALL ENTRY STOP ------------------
------------------ SYSCALL EXIT START ------------------
PID: 16077
SPID: 16077
Timestamp: 1691401965281716
Return value: 000000000000000000
------------------ SYSCALL EXIT STOP ------------------
------------------ SYSCALL ENTRY START ------------------
PID: 16077
SPID: 16077
Timestamp: 1691401965281786
Syscall = clock_gettime (113)
------------------ SYSCALL ENTRY STOP ------------------
------------------ SYSCALL EXIT START ------------------
PID: 16077
SPID: 16077
Timestamp: 1691401965282063
Return value: 000000000000000000
------------------ SYSCALL EXIT STOP ------------------
------------------ SYSCALL ENTRYSTART ------------------
PID: 16077
SPID: 16077
Timestamp: 1691401965282161
Syscall = clock_gettime (113)
------------------ SYSCALL ENTRY STOP ------------------
------------------ SYSCALL EXIT START ------------------
PID: 16077
SPID: 16077
Timestamp: 1691401965282664
Return value: 000000000000000000
------------------ SYSCALL EXIT STOP ------------------
------------------ SYSCALL ENTRY START ------------------
PID: 16077
SPID: 16077
Timestamp: 1691401965282806
Syscall = clock_gettime (113)
------------------ SYSCALL ENTRY STOP ------------------
------------------ SYSCALL EXIT START ------------------
PID: 16077
SPID: 16077
Timestamp: 1691401965283291
Return value: 000000000000000000
------------------ SYSCALL EXIT STOP ------------------
------------------ SYSCALL ENTRY START ------------------
PID: 16077
SPID: 16077
Timestamp: 1691401965283350
Syscall = clock_gettime (113)
------------------ SYSCALL ENTRY STOP ------------------
------------------ SYSCALL EXIT START ------------------
PID: 16077
SPID: 16077
Timestamp: 1691401965283863
Return value: 000000000000000000
------------------ SYSCALL EXIT STOP ------------------
------------------ SYSCALL ENTRY START ------------------
PID: 16077
SPID: 16077
Timestamp: 1691401965283916
Syscall = clock_gettime (113)
------------------ SYSCALL ENTRY STOP ------------------
------------------ SYSCALL EXIT START ------------------
PID: 16077
SPID: 16077
Timestamp: 1691401965284458
Return value: 000000000000000000
------------------ SYSCALL EXIT STOP ------------------
------------------ SYSCALL ENTRY START ------------------
PID: 16077
SPID: 16077
Timestamp: 1691401965284553
Syscall = clock_gettime (113)
------------------ SYSCALL ENTRY STOP ------------------
------------------ SYSCALL EXIT START ------------------
PID: 16077
SPID: 16077
Timestamp: 1691401965285039
Return value: 000000000000000000
------------------ SYSCALL EXIT STOP ------------------
------------------ SYSCALL ENTRY START ------------------
PID: 16077
SPID: 16077
Timestamp: 1691401965285178
Syscall = write (64)
------------------ SYSCALL ENTRY STOP ------------------
------------------ SYSCALL EXIT START ------------------
PID: 16077
SPID: 16077
Timestamp: 1691401965285762
Return value: 0x0000000000000008
------------------ SYSCALL EXIT STOP ------------------
------------------ SYSCALL ENTRY START ------------------
PID: 16077
SPID: 16077
Timestamp: 1691401965286097
Syscall = clock_gettime (113)
------------------ SYSCALL ENTRY STOP ------------------
------------------ SYSCALL EXIT START ------------------
PID: 16077
SPID: 16077
Timestamp: 1691401965286462
Return value: 000000000000000000
------------------ SYSCALL EXIT STOP ------------------
------------------ SYSCALL ENTRY START ------------------
PID: 16077
SPID: 16077
Timestamp: 1691401965287011
Syscall = clock_gettime (113)
------------------ SYSCALL ENTRY STOP ------------------
------------------ SYSCALL EXIT START ------------------
PID: 16077
SPID: 16077
Timestamp: 1691401965287521
Return value: 000000000000000000
------------------ SYSCALL EXIT STOP ------------------
------------------ SYSCALL ENTRY START ------------------
PID: 16077
SPID: 16077
Timestamp: 1691401965287671
Syscall = clock_gettime (113)
------------------ SYSCALL ENTRY STOP ------------------
------------------ SYSCALL EXIT START ------------------
PID: 16077
SPID: 16077
Timestamp: 1691401965288232
Return value: 000000000000000000
------------------ SYSCALL EXIT STOP ------------------
------------------ SYSCALL ENTRY START ------------------
PID: 16077
SPID: 16077
Timestamp: 1691401965288395
Syscall = recvfrom (207)
------------------ SYSCALL ENTRY STOP ------------------
------------------ SYSCALL EXIT START ------------------
PID: 16077
SPID: 16077
Timestamp: 1691401965289068
Return value: 0xfffffffffffffff5
------------------ SYSCALL EXIT STOP ------------------
------------------ SYSCALL ENTRY START ------------------
PID: 16077
SPID: 16077
Timestamp: 1691401965289129
Syscall = ioctl (29)
------------------ SYSCALL ENTRY STOP ------------------
------------------ SYSCALL EXIT START ------------------
PID: 16077
SPID: 16077
Timestamp: 1691401965289750
Return value: 000000000000000000
------------------ SYSCALL EXIT STOP ------------------
------------------ SYSCALL ENTRY START ------------------
PID: 16077
SPID: 16077
Timestamp: 1691401965291503
Syscall = clock_gettime (113)
------------------ SYSCALL ENTRY STOP ------------------
------------------ SYSCALL EXIT START ------------------
PID: 16077
SPID: 16077
Timestamp: 1691401965292017
Return value: 000000000000000000
------------------ SYSCALL EXIT STOP ------------------
------------------ SYSCALL ENTRY START ------------------
PID: 16077
SPID: 16077
Timestamp: 1691401965292100
Syscall = clock_gettime (113)
------------------ SYSCALL ENTRY STOP ------------------
------------------ SYSCALL EXIT START ------------------
PID: 16077
SPID: 16077
Timestamp: 1691401965292394
Return value: 000000000000000000
------------------ SYSCALL EXIT STOP ------------------
------------------ SYSCALL ENTRY START ------------------
PID: 16077
SPID: 16077
Timestamp: 1691401965292553
Syscall = write (64)
------------------ SYSCALL ENTRY STOP ------------------
------------------ SYSCALL EXIT START ------------------
PID: 16077
SPID: 16077
Timestamp: 1691401965293533
Return value: 0x0000000000000008
------------------ SYSCALL EXIT STOP ------------------
------------------ SYSCALL ENTRY START ------------------
PID: 16077
SPID: 16077
Timestamp: 1691401965321441
Syscall = clock_gettime (113)
------------------ SYSCALL ENTRY STOP ------------------
------------------ SYSCALL EXIT START ------------------
PID: 16077
SPID: 16077
Timestamp: 1691401965322436
Return value: 000000000000000000
------------------ SYSCALL EXIT STOP ------------------
------------------ SYSCALL ENTRY START ------------------
PID: 16077
SPID: 16077
Timestamp: 1691401965322527
Syscall = write (64)
------------------ SYSCALL ENTRY STOP ------------------
------------------ SYSCALL EXIT START ------------------
PID: 16077
SPID: 16077
Timestamp: 1691401965323186
Return value: 0x0000000000000008
------------------ SYSCALL EXIT STOP ------------------
------------------ SYSCALL ENTRY START ------------------
PID: 16077
SPID: 16077
Timestamp: 1691401965323473
Syscall = futex (98)
------------------ SYSCALL ENTRY STOP ------------------
------------------ SYSCALL EXIT START ------------------
PID: 16077
SPID: 16077
Timestamp: 1691401965326330
Return value: 0xfffffffffffffff5
------------------ SYSCALL EXIT STOP ------------------
------------------ SYSCALL ENTRY START ------------------
PID: 16077
SPID: 16077
Timestamp: 1691401965326558
Syscall = clock_gettime (113)
------------------ SYSCALL ENTRY STOP ------------------
------------------ SYSCALL EXIT START ------------------
PID: 16077
SPID: 16077
Timestamp: 1691401965327370
Return value: 000000000000000000
------------------ SYSCALL EXIT STOP ------------------
------------------ SYSCALL ENTRY START ------------------
PID: 16077
SPID: 16077
Timestamp: 1691401965327563
Syscall = clock_gettime (113)
------------------ SYSCALL ENTRY STOP------------------
------------------ SYSCALL EXIT START ------------------
PID: 16077
SPID: 16077
Timestamp: 1691401965328113
Return value: 000000000000000000
------------------ SYSCALL EXIT STOP ------------------
------------------ SYSCALL ENTRY START ------------------
PID: 16077
SPID: 16077
Timestamp: 1691401965328174
Syscall = read (63)
------------------ SYSCALL ENTRY STOP ------------------
------------------ SYSCALL EXIT START ------------------
PID: 16077
SPID: 16077
Timestamp: 1691401965328511
Return value: 0x0000000000000030
------------------ SYSCALL EXIT STOP ------------------
------------------ SYSCALL ENTRY START ------------------
PID: 16077
SPID: 16077
Timestamp: 1691401965328627
Syscall = getuid (174)
------------------ SYSCALL ENTRY STOP ------------------
------------------ SYSCALL EXIT START ------------------
PID: 16077
SPID: 16077
Timestamp: 1691401965329232
Return value: 0x000000000000287c
------------------ SYSCALL EXIT STOP ------------------
------------------ SYSCALL ENTRY START------------------
PID: 16077
SPID: 16077
Timestamp: 1691401965329329
Syscall = epoll_pwait (22)
------------------ SYSCALL ENTRY STOP ------------------
------------------ SYSCALL EXIT START ------------------
PID: 16077
SPID: 16077
Timestamp: 1691401965329846
Return value: 0x0000000000000002
------------------ SYSCALL EXIT STOP ------------------
------------------ SYSCALL ENTRY START ------------------
PID: 16077
SPID: 16077
Timestamp: 1691401965329890
Syscall = read (63)
------------------ SYSCALL ENTRY STOP ------------------
------------------ SYSCALL EXIT START ------------------
PID: 16077
SPID: 16077
Timestamp: 1691401965331451
Return value: 0x0000000000000008
------------------ SYSCALL EXIT STOP ------------------
------------------ SYSCALL ENTRY START ------------------
PID: 16077
SPID: 16077
Timestamp: 1691401965331677
Syscall = recvfrom (207)
------------------ SYSCALL ENTRY STOP ------------------
------------------ SYSCALL EXIT START ------------------
PID: 16077
SPID: 16077
Timestamp: 1691401965332835
Return value: 0x0000000000000040
------------------ SYSCALL EXIT STOP ------------------
------------------ SYSCALL ENTRY START ------------------
PID: 16077
SPID: 16077
Timestamp: 1691401965333201
Syscall = recvfrom (207)
------------------ SYSCALL ENTRY STOP ------------------
------------------ SYSCALL EXIT START ------------------
PID: 16077
SPID: 16077
Timestamp: 1691401965333864
Return value: 0xfffffffffffffff5
------------------ SYSCALL EXIT STOP ------------------
------------------ SYSCALL ENTRY START ------------------
PID: 16077
SPID: 16077
Timestamp: 1691401965334105
Syscall = clock_gettime (113)
------------------ SYSCALL ENTRY STOP ------------------
------------------ SYSCALL EXIT START ------------------
PID: 16077
SPID: 16077
Timestamp: 1691401965334765
Return value: 000000000000000000
------------------ SYSCALL EXIT STOP ------------------
------------------ SYSCALL ENTRY START ------------------
PID: 16077
SPID: 16077
Timestamp: 1691401965334958
Syscall = clock_gettime (113)
------------------ SYSCALL ENTRY STOP ------------------
------------------ SYSCALL EXIT START ------------------
PID: 16077
SPID: 16077
Timestamp: 1691401965335665
Return value: 000000000000000000
------------------ SYSCALL EXIT STOP ------------------
------------------ SYSCALL ENTRY START ------------------
PID: 16077
SPID: 16077
Timestamp: 1691401965335765
Syscall = gettimeofday (169)
------------------ SYSCALL ENTRY STOP ------------------
------------------ SYSCALL EXIT START ------------------
PID: 16077
SPID: 16077
Timestamp: 1691401965336839
Return value: 000000000000000000
------------------ SYSCALL EXIT STOP ------------------
------------------ SYSCALL ENTRY START ------------------
PID: 16077
SPID: 16077
Timestamp: 1691401965336999
Syscall = clock_gettime (113)
------------------ SYSCALL ENTRY STOP ------------------
------------------ SYSCALL EXIT START ------------------
PID: 16077
SPID: 16077
Timestamp: 1691401965337960
Return value: 000000000000000000
------------------ SYSCALL EXIT STOP ------------------
------------------ SYSCALL ENTRY START ------------------
PID: 16077
SPID: 16077
Timestamp: 1691401965338218
Syscall = clock_gettime (113)
------------------ SYSCALL ENTRY STOP ------------------
------------------ SYSCALL EXIT START ------------------
PID: 16077
SPID: 16077
Timestamp: 1691401965339178
Return value: 000000000000000000
------------------ SYSCALL EXIT STOP ------------------
------------------ SYSCALL ENTRY START ------------------
PID: 16077
SPID: 16077
Timestamp: 1691401965339276
Syscall = gettimeofday (169)
------------------ SYSCALL ENTRY STOP ------------------
------------------ SYSCALL EXIT START ------------------
PID: 16077
SPID: 16077
Timestamp: 1691401965340034
Return value: 000000000000000000
------------------ SYSCALL EXIT STOP ------------------
------------------ SYSCALL ENTRY START ------------------
PID: 16077
SPID: 16077
Timestamp: 1691401965340172
Syscall = read (63)
------------------ SYSCALL ENTRY STOP ------------------
------------------ SYSCALL EXIT START ------------------
PID: 16077
SPID: 16077
Timestamp: 1691401965343486
Return value: 0x0000000000000030
------------------ SYSCALL EXIT STOP ------------------
------------------ SYSCALL ENTRY START ------------------
PID: 16077
SPID: 16077
Timestamp: 1691401965343633
Syscall = clock_gettime (113)
------------------ SYSCALL ENTRY STOP ------------------
------------------ SYSCALL EXIT START ------------------
PID: 16077
SPID: 16077
Timestamp: 1691401965344261
Return value: 000000000000000000
------------------ SYSCALL EXIT STOP ------------------
------------------ SYSCALL ENTRY START ------------------
PID: 16077
SPID: 16077
Timestamp: 1691401965344376
Syscall = read (63)
------------------ SYSCALL ENTRY STOP ------------------
------------------ SYSCALL EXIT START ------------------
PID: 16077
SPID: 16077
Timestamp: 1691401965344939
Return value: 0x0000000000000030
------------------ SYSCALL EXIT STOP ------------------
------------------ SYSCALL ENTRY START ------------------
PID: 16077
SPID: 16077
Timestamp: 1691401965345078
Syscall = getuid (174)
------------------ SYSCALL ENTRY STOP ------------------
------------------ SYSCALL EXIT START ------------------
PID: 16077
SPID: 16077
Timestamp: 1691401965345545
Return value: 0x000000000000287c
------------------ SYSCALL EXIT STOP ------------------
------------------ SYSCALL ENTRY START ------------------
PID: 16077
SPID: 16077
Timestamp: 1691401965345631
Syscall = epoll_pwait (22)
------------------ SYSCALL ENTRY STOP ------------------
------------------ SYSCALL EXIT START ------------------
PID: 16077
SPID: 16077
Timestamp: 1691401965346170
Return value: 000000000000000000
------------------ SYSCALL EXIT STOP ------------------
------------------ SYSCALL ENTRY START ------------------
PID: 16077
SPID: 16077
Timestamp: 1691401965346217
Syscall = clock_gettime (113)
------------------ SYSCALL ENTRY STOP ------------------
------------------ SYSCALL EXIT START ------------------
PID: 16077
SPID: 16077
Timestamp: 1691401965346806
Return value: 000000000000000000
------------------ SYSCALL EXIT STOP ------------------
------------------ SYSCALL ENTRY START ------------------
PID: 16077
SPID: 16077
Timestamp: 1691401965346896
Syscall = clock_gettime (113)
------------------ SYSCALL ENTRY STOP ------------------
------------------ SYSCALL EXIT START ------------------
PID: 16077
SPID: 16077
Timestamp: 1691401965347418
Return value: 000000000000000000
------------------ SYSCALL EXIT STOP ------------------
------------------ SYSCALL ENTRY START ------------------
PID: 16077
SPID: 16077
Timestamp: 1691401965347463
Syscall = gettimeofday (169)
------------------ SYSCALL ENTRY STOP ------------------
------------------ SYSCALL EXIT START ------------------
PID: 16077
SPID: 16077
Timestamp: 1691401965348428
Return value: 000000000000000000
------------------ SYSCALL EXIT STOP ------------------
------------------ SYSCALL ENTRY START ------------------
PID: 16077
SPID: 16077
Timestamp: 1691401965348501
Syscall = read (63)
------------------ SYSCALL ENTRY STOP ------------------
------------------ SYSCALL EXIT START ------------------
PID: 16077
SPID: 16077
Timestamp: 1691401965349128
Return value: 0x0000000000000030
------------------ SYSCALL EXIT STOP ------------------
------------------ SYSCALL ENTRY START ------------------
PID: 16077
SPID: 16077
Timestamp: 1691401965349453
Syscall = ioctl (29)
------------------ SYSCALL ENTRY STOP ------------------
------------------ SYSCALL EXIT START ------------------
PID: 16077
SPID: 16077
Timestamp: 1691401965350217
Return value: 000000000000000000
------------------ SYSCALL EXIT STOP ------------------
------------------ SYSCALL ENTRY START ------------------
PID: 16077
SPID: 16077
Timestamp: 1691401965350495
Syscall = clock_gettime (113)
------------------ SYSCALL ENTRY STOP ------------------
------------------ SYSCALL EXIT START ------------------
PID: 16077
SPID: 16077
Timestamp: 1691401965351260
Return value: 000000000000000000
------------------ SYSCALL EXIT STOP ------------------
------------------ SYSCALL ENTRY START ------------------
PID: 16077
SPID: 16077
Timestamp: 1691401965351363
Syscall = read (63)
------------------ SYSCALL ENTRY STOP ------------------
------------------ SYSCALL EXIT START ------------------
PID: 16077
SPID: 16077
Timestamp: 1691401965351905
Return value: 0x0000000000000030
------------------ SYSCALL EXIT STOP ------------------
------------------ SYSCALL ENTRY START ------------------
PID: 16077
SPID: 16077
Timestamp: 1691401965352027
Syscall = getuid (174)
------------------ SYSCALL ENTRY STOP ------------------
------------------ SYSCALL EXIT START ------------------
PID: 16077
SPID: 16077
Timestamp: 1691401965352503
Return value: 0x000000000000287c
------------------ SYSCALL EXIT STOP ------------------
------------------ SYSCALL ENTRY START ------------------
PID: 16077
SPID: 16077
Timestamp: 1691401965352606
Syscall = epoll_pwait (22)
------------------ SYSCALL ENTRY STOP ------------------
------------------ SYSCALL EXIT START ------------------
PID: 16077
SPID: 16077
Timestamp: 1691401965353209
Returnvalue: 000000000000000000
------------------ SYSCALL EXIT STOP ------------------
------------------ SYSCALL ENTRY START ------------------
PID: 16077
SPID: 16077
Timestamp: 1691401965353287
Syscall = clock_gettime (113)
------------------ SYSCALL ENTRY STOP ------------------
------------------ SYSCALL EXIT START ------------------
PID: 16077
SPID: 16077
Timestamp: 1691401965353871
Return value: 000000000000000000
------------------ SYSCALL EXIT STOP ------------------
------------------ SYSCALL ENTRY START ------------------
PID: 16077
SPID: 16077
Timestamp: 1691401965353979
Syscall = clock_gettime (113)
------------------ SYSCALL ENTRY STOP ------------------
------------------ SYSCALL EXIT START ------------------
PID: 16077
SPID: 16077
Timestamp: 1691401965354534
Return value: 000000000000000000
------------------ SYSCALL EXIT STOP ------------------
------------------ SYSCALL ENTRY START ------------------
PID: 16077
SPID: 16077
Timestamp: 1691401965354609
Syscall = gettimeofday (169)
------------------ SYSCALL ENTRY STOP ------------------
------------------ SYSCALL EXIT START ------------------
PID: 16077
SPID: 16077
Timestamp: 1691401965355143
Return value: 000000000000000000
------------------ SYSCALL EXIT STOP ------------------
------------------ SYSCALL ENTRY START ------------------
PID: 16077
SPID: 16077
Timestamp: 1691401965355198
Syscall = read (63)
------------------ SYSCALL ENTRY STOP ------------------
------------------ SYSCALL EXIT START ------------------
PID: 16077
SPID: 16077
Timestamp: 1691401965356049
Return value: 0x0000000000000030
------------------ SYSCALL EXIT STOP ------------------
------------------ SYSCALL ENTRY START ------------------
PID: 16077
SPID: 16077
Timestamp: 1691401965356717
Syscall = clock_gettime (113)
------------------ SYSCALL ENTRY STOP ------------------
------------------ SYSCALL EXIT START ------------------
PID: 16077
SPID: 16077
Timestamp: 1691401965357748
Return value: 000000000000000000
------------------ SYSCALL EXIT STOP ------------------
------------------ SYSCALL ENTRY START ------------------
PID: 16077
SPID: 16077
Timestamp: 1691401965357820
Syscall = read (63)
------------------ SYSCALL ENTRY STOP ------------------
------------------ SYSCALL EXIT START ------------------
PID: 16077
SPID: 16077
Timestamp: 1691401965359932
Return value: 0x0000000000000030
------------------ SYSCALL EXIT STOP ------------------
------------------ SYSCALL ENTRY START ------------------
PID: 16077
SPID: 16077
Timestamp: 1691401965360077
Syscall = getuid (174)
------------------ SYSCALL ENTRY STOP ------------------
------------------ SYSCALL EXIT START ------------------
PID: 16077
SPID: 16077
Timestamp: 1691401965362056
Return value: 0x000000000000287c
------------------ SYSCALL EXIT STOP ------------------
------------------ SYSCALL ENTRY START ------------------
PID: 16077
SPID: 16077
Timestamp: 1691401965362392
Syscall = epoll_pwait (22)
------------------ SYSCALL ENTRY STOP ------------------
------------------ SYSCALL EXIT START ------------------
PID: 16077
SPID:16077
Timestamp: 1691401965365222
Return value: 000000000000000000
------------------ SYSCALL EXIT STOP ------------------
------------------ SYSCALL ENTRY START ------------------
PID: 16077
SPID: 16077
Timestamp: 1691401965365313
Syscall = clock_gettime (113)
------------------ SYSCALL ENTRY STOP ------------------
------------------ SYSCALL EXIT START ------------------
PID: 16077
SPID: 16077
Timestamp: 1691401965366072
Return value: 000000000000000000
------------------ SYSCALL EXIT STOP ------------------
------------------ SYSCALL ENTRY START ------------------
PID: 16077
SPID: 16077
Timestamp: 1691401965366585
Syscall = clock_gettime (113)
------------------ SYSCALL ENTRY STOP ------------------
------------------ SYSCALL EXIT START ------------------
PID: 16077
SPID: 16077
Timestamp: 1691401965368087
Return value: 000000000000000000
------------------ SYSCALL EXIT STOP ------------------
------------------ SYSCALL ENTRY START ------------------
PID: 16077
SPID: 16077
Timestamp: 1691401965368190
Syscall = gettimeofday (169)
------------------ SYSCALL ENTRY STOP ------------------
------------------ SYSCALL EXIT START ------------------
PID: 16077
SPID: 16077
Timestamp: 1691401965368929
Return value: 000000000000000000
------------------ SYSCALL EXIT STOP ------------------
------------------ SYSCALL ENTRY START ------------------
PID: 16077
SPID: 16077
Timestamp: 1691401965369022
Syscall = read (63)
------------------ SYSCALL ENTRY STOP ------------------
------------------ SYSCALL EXIT START ------------------
PID: 16077
SPID: 16077
Timestamp: 1691401965369737
Return value: 0x0000000000000030
------------------ SYSCALL EXIT STOP ------------------
------------------ SYSCALL ENTRY START ------------------
PID: 16077
SPID: 16077
Timestamp: 1691401965370366
Syscall = clock_gettime (113)
------------------ SYSCALL ENTRY STOP ------------------
------------------ SYSCALL EXIT START ------------------
PID: 16077
SPID: 16077
Timestamp: 1691401965372454
Return value: 000000000000000000
------------------ SYSCALLEXIT STOP ------------------
------------------ SYSCALL ENTRY START ------------------
PID: 16077
SPID: 16077
Timestamp: 1691401965372605
Syscall = ioctl (29)
------------------ SYSCALL ENTRY STOP ------------------
------------------ SYSCALL EXIT START ------------------
PID: 16077
SPID: 16077
Timestamp: 1691401965379244
Return value: 000000000000000000
------------------ SYSCALL EXIT STOP ------------------
------------------ SYSCALL ENTRY START ------------------
PID: 16077
SPID: 16077
Timestamp: 1691401965381472
Syscall = clock_gettime (113)
------------------ SYSCALL ENTRY STOP ------------------
------------------ SYSCALL EXIT START ------------------
PID: 16077
SPID: 16077
Timestamp: 1691401965381928
Return value: 000000000000000000
------------------ SYSCALL EXIT STOP ------------------
------------------ SYSCALL ENTRY START ------------------
PID: 16077
SPID: 16077
Timestamp: 1691401965382051
Syscall = ioctl (29)
------------------ SYSCALL ENTRY STOP ------------------
