------------------ SYSCALL ENTRY START ------------------
PID: 32469
SPID: 32469
Timestamp: 1682773778489511
Syscall = clock_gettime (113)
------------------ SYSCALL ENTRY STOP ------------------
------------------ SYSCALL EXIT START ------------------
PID: 32469
SPID: 32469
Timestamp: 1682773778497041
Return value: 000000000000000000
------------------ SYSCALL EXIT STOP ------------------
------------------ SYSCALL ENTRY START ------------------
PID: 32469
SPID: 32469
Timestamp: 1682773778497777
Syscall = epoll_pwait (22)
------------------ SYSCALL ENTRY STOP ------------------
------------------ SYSCALL EXIT START ------------------
PID: 32469
SPID: 32469
Timestamp: 1682773778498495
Return value: 0x0000000000000001
------------------ SYSCALL EXIT STOP ------------------
------------------ SYSCALL ENTRY START ------------------
PID: 32469
SPID: 32469
Timestamp: 1682773778498662
Syscall= recvfrom (207)
------------------ SYSCALL ENTRY STOP ------------------
------------------ SYSCALL EXIT START ------------------
PID: 32469
SPID: 32469
Timestamp: 1682773778499315
Return value: 0x0000000000000040
------------------ SYSCALL EXIT STOP ------------------
------------------ SYSCALL ENTRY START ------------------
PID: 32469
SPID: 32469
Timestamp: 1682773778499428
Syscall = recvfrom (207)
------------------ SYSCALL ENTRY STOP ------------------
------------------ SYSCALL EXIT START------------------
PID: 32469
SPID: 32469
Timestamp: 1682773778499671
Return value: 0xfffffffffffffff5
------------------ SYSCALL EXIT STOP ------------------
------------------ SYSCALL ENTRY START ------------------
PID: 32469
SPID: 32469
Timestamp: 1682773778499866
Syscall = clock_gettime (113)
------------------ SYSCALL ENTRY STOP ------------------
------------------ SYSCALL EXIT START ------------------
PID: 32469
SPID: 32469
Timestamp: 1682773778500070
Return value: 000000000000000000
------------------ SYSCALL EXIT STOP ------------------
------------------ SYSCALL ENTRY START ------------------
PID: 32469
SPID: 32469
Timestamp: 1682773778500236
Syscall = clock_gettime (113)
------------------ SYSCALL ENTRY STOP ------------------
------------------ SYSCALL EXIT START ------------------
PID: 32469
SPID: 32469
Timestamp: 1682773778500979
Return value: 000000000000000000
------------------ SYSCALL EXIT STOP ------------------
------------------ SYSCALL ENTRY START ------------------
PID: 32469
SPID: 32469
Timestamp: 1682773778501121
Syscall = gettimeofday (169)
------------------ SYSCALL ENTRY STOP ------------------
------------------ SYSCALL EXIT START ------------------
PID: 32469
SPID: 32469
Timestamp: 1682773778501310
Return value: 000000000000000000
------------------SYSCALL EXIT STOP ------------------
------------------ SYSCALL ENTRY START ------------------
PID:32469
SPID: 32469
Timestamp: 1682773778501425
Syscall = write (64)
------------------ SYSCALL ENTRYSTOP ------------------
------------------ SYSCALL EXIT START ------------------
PID: 32469
SPID: 32469
Timestamp: 1682773778501604
Return value: 0x0000000000000008
------------------ SYSCALL EXIT STOP ------------------
------------------ SYSCALL ENTRY START ------------------
PID: 32469
SPID: 32469
Timestamp: 1682773778501717
Syscall = clock_gettime (113)
------------------ SYSCALL ENTRY STOP ------------------
------------------ SYSCALL EXIT START ------------------
PID: 32469
SPID: 32469
Timestamp: 1682773778501887
Return value: 000000000000000000
------------------ SYSCALL EXIT STOP ------------------
------------------ SYSCALL ENTRY START ------------------
PID: 32469
SPID: 32469
Timestamp: 1682773778502009
Syscall = clock_gettime (113)
------------------ SYSCALL ENTRY STOP ------------------
------------------ SYSCALL EXIT START ------------------
PID: 4515
SPID: 4515
Timestamp: 1682775311183856
Return value: 0x0000000000000008
------------------ SYSCALL EXIT STOP ------------------
------------------ SYSCALL ENTRY START ------------------
PID: 4515
SPID: 4515
Timestamp: 1682775311183952
Syscall = sendto (206)
------------------ SYSCALL ENTRY STOP ------------------
------------------ SYSCALL EXIT START ------------------
PID: 4515
SPID: 4515
Timestamp: 1682775311184794
Return value: 0x0000000000000018
------------------ SYSCALL EXIT STOP ------------------
------------------ SYSCALL ENTRY START ------------------
PID: 4515
SPID: 4515
Timestamp: 1682775311184895
Syscall = recvfrom (207)
------------------ SYSCALL ENTRY STOP ------------------
------------------ SYSCALL EXIT START ------------------
PID: 4515
SPID: 4515
Timestamp: 1682775311185577
Return value: 0xfffffffffffffff5
------------------ SYSCALL EXIT STOP ------------------
------------------ SYSCALL ENTRY START ------------------
PID: 4515
SPID: 4515
Timestamp: 1682775311185675
Syscall = clock_gettime (113)
------------------ SYSCALL ENTRY STOP ------------------
------------------ SYSCALL EXIT START ------------------
PID: 4515
SPID: 4515
Timestamp: 1682775311186240
Return value: 000000000000000000
------------------ SYSCALL EXIT STOP ------------------
------------------ SYSCALL ENTRY START ------------------
PID: 4515
SPID: 4515
Timestamp: 1682775311186361
Syscall = clock_gettime (113)
------------------ SYSCALL ENTRY STOP ------------------
------------------ SYSCALL EXIT START ------------------
PID: 4515
SPID: 4515
Timestamp: 1682775311186974
Return value: 000000000000000000
------------------ SYSCALL EXIT STOP ------------------
------------------ SYSCALL ENTRY START ------------------
PID: 4515
SPID: 4515
Timestamp: 1682775311187067
Syscall = gettimeofday (169)
------------------ SYSCALL ENTRY STOP ------------------
------------------ SYSCALL EXIT START ------------------
PID: 4515
SPID: 4515
Timestamp: 1682775311187735
Return value: 000000000000000000
------------------SYSCALL EXIT STOP ------------------
------------------ SYSCALL ENTRY START ------------------
PID:4515
SPID: 4515
Timestamp: 1682775311187832
Syscall = read (63)
------------------ SYSCALL ENTRY STOP ------------------
------------------ SYSCALL EXIT START ------------------
PID: 4515
SPID: 4515
Timestamp: 1682775311188461
Return value: 0x0000000000000030
------------------ SYSCALL EXIT STOP ------------------
------------------ SYSCALL ENTRY START ------------------
PID: 4515
SPID: 4515
Timestamp: 1682775311189036
Syscall = clock_gettime (113)
------------------ SYSCALL ENTRY STOP ------------------
------------------ SYSCALL EXIT START ------------------
PID: 4515
SPID: 4515
Timestamp: 1682775311189750
Return value: 000000000000000000
------------------ SYSCALL EXIT STOP ------------------
------------------ SYSCALL ENTRY START ------------------
PID: 4515
SPID: 4515
Timestamp: 1682775311189839
Syscall = getuid (174)
------------------ SYSCALL ENTRY STOP ------------------
------------------ SYSCALL EXIT START ------------------
PID: 4515
SPID: 4515
Timestamp: 1682775311191155
Return value: 0x0000000000002857
------------------ SYSCALL EXIT STOP ------------------
------------------ SYSCALL ENTRY START ------------------
PID: 4515
SPID: 4515
Timestamp: 1682775311191254
Syscall = writev (66)
------------------ SYSCALL ENTRY STOP ------------------
------------------ SYSCALLEXIT START ------------------
PID: 4515
SPID: 4515
Timestamp: 1682775311191967
Return value: 0x0000000000000041
------------------ SYSCALL EXIT STOP ------------------
------------------ SYSCALL ENTRY START ------------------
PID: 4515
SPID: 4515
Timestamp: 1682775311194626
Syscall = clock_gettime (113)
------------------ SYSCALL ENTRY STOP ------------------
------------------ SYSCALL EXIT START------------------
PID: 4515
SPID: 4515
Timestamp: 1682775311195858
Return value: 000000000000000000
------------------ SYSCALL EXIT STOP ------------------
------------------ SYSCALL ENTRY START ------------------
PID: 4515
SPID: 4515
Timestamp: 1682775311195982
Syscall = clock_gettime (113)
------------------ SYSCALL ENTRY STOP ------------------
------------------ SYSCALL EXIT START ------------------
PID: 4515
SPID: 4515
Timestamp: 1682775311196600
Return value: 000000000000000000
------------------ SYSCALL EXIT STOP ------------------
------------------ SYSCALL ENTRY START ------------------
PID: 4515
SPID: 4515
Timestamp: 1682775311196735
Syscall = clock_gettime (113)
------------------ SYSCALL ENTRY STOP ------------------
------------------ SYSCALL EXIT START ------------------
PID: 4515
SPID: 4515
Timestamp: 1682775311197307
Return value: 000000000000000000
------------------ SYSCALL EXIT STOP ------------------
------------------ SYSCALL ENTRY START ------------------
PID: 4515
SPID: 4515
Timestamp: 1682775311197603
Syscall = clock_gettime (113)
------------------ SYSCALL ENTRY STOP ------------------
------------------ SYSCALL EXIT START ------------------
PID: 4515
SPID: 4515
Timestamp: 1682775311198339
Return value: 000000000000000000
------------------ SYSCALL EXITSTOP ------------------
------------------ SYSCALL ENTRY START ------------------
PID: 4515
SPID: 4515
Timestamp: 1682775311198457
Syscall = gettimeofday (169)
------------------ SYSCALL ENTRY STOP ------------------
------------------ SYSCALL EXIT START ------------------
PID: 4515
SPID: 4515
Timestamp: 1682775311199030
Return value: 000000000000000000
------------------ SYSCALL EXIT STOP ------------------
------------------ SYSCALL ENTRY START ------------------
PID: 4515
SPID: 4515
Timestamp: 1682775311199154
Syscall = clock_gettime (113)
------------------ SYSCALL ENTRY STOP ------------------
------------------ SYSCALL EXIT START ------------------
PID: 4515
SPID: 4515
Timestamp: 1682775311199706
Return value: 000000000000000000
------------------ SYSCALL EXIT STOP ------------------
------------------ SYSCALL ENTRY START ------------------
PID: 4515
SPID: 4515
Timestamp: 1682775311199854
Syscall = write (64)
------------------ SYSCALL ENTRY STOP ------------------
------------------ SYSCALL EXIT START ------------------
PID: 4515
SPID: 4515
Timestamp: 1682775311200908
Return value: 0x0000000000000008
------------------ SYSCALL EXIT STOP ------------------
------------------SYSCALL ENTRY START ------------------
PID: 4515
SPID: 4515
Timestamp: 1682775311202302
Syscall = clock_gettime (113)
------------------ SYSCALL ENTRY STOP ------------------
------------------ SYSCALL EXIT START ------------------
PID: 4515
SPID: 4515
Timestamp: 1682775311203051
Return value: 000000000000000000
------------------ SYSCALL EXIT STOP ------------------
------------------ SYSCALL ENTRY START ------------------
PID: 4515
SPID: 4515
Timestamp: 1682775311203168
Syscall = clock_gettime (113)
------------------ SYSCALL ENTRY STOP ------------------
------------------ SYSCALL EXIT START ------------------
PID: 4515
SPID: 4515
Timestamp: 1682775311203737
Return value: 000000000000000000
------------------ SYSCALL EXIT STOP ------------------
------------------ SYSCALL ENTRY START ------------------
PID: 4515
SPID: 4515
Timestamp: 1682775311203858
Syscall = gettimeofday (169)
------------------ SYSCALL ENTRY STOP ------------------
------------------ SYSCALL EXIT START ------------------
PID: 4515
SPID: 4515
Timestamp: 1682775311204726
Return value: 000000000000000000
------------------ SYSCALL EXIT STOP ------------------
------------------ SYSCALL ENTRY START ------------------
PID: 4515
SPID: 4515
Timestamp: 1682775311205225
Syscall = clock_gettime (113)
------------------ SYSCALL ENTRY STOP ------------------
------------------ SYSCALL EXIT START ------------------
PID: 4515
SPID: 4515
Timestamp: 1682775311205758
Return value: 000000000000000000
------------------ SYSCALL EXIT STOP ------------------
------------------ SYSCALL ENTRY START ------------------
PID: 4515
SPID: 4515
Timestamp: 1682775311205854
Syscall = clock_gettime (113)
------------------ SYSCALLENTRY STOP ------------------
------------------ SYSCALL EXIT START ------------------
PID: 4515
SPID: 4515
Timestamp: 1682775311206443
Return value: 000000000000000000
------------------ SYSCALL EXIT STOP ------------------
------------------ SYSCALL ENTRY START ------------------
PID: 4515
SPID: 4515
Timestamp: 1682775311206568
Syscall = ioctl (29)
------------------ SYSCALL ENTRY STOP ------------------
------------------ SYSCALL EXIT START ------------------
PID: 4515
SPID: 4515
Timestamp: 1682775311208639
Return value: 000000000000000000
------------------ SYSCALL EXIT STOP ------------------
------------------ SYSCALL ENTRY START ------------------
PID: 4515
SPID: 4515
Timestamp: 1682775311208763
Syscall = clock_gettime (113)
------------------ SYSCALL ENTRY STOP ------------------
------------------ SYSCALL EXIT START ------------------
PID: 4515
SPID: 4515
Timestamp: 1682775311220833
Return value: 000000000000000000
------------------ SYSCALL EXIT STOP ------------------
------------------ SYSCALL ENTRY START ------------------
PID: 4515
SPID: 4515
Timestamp: 1682775311221022
Syscall = fcntl (25)
------------------ SYSCALL ENTRY STOP ------------------
------------------ SYSCALL EXIT START ------------------
PID: 4515
SPID: 4515
Timestamp: 1682775311222180
Return value: 0x0000000000000067
------------------ SYSCALL EXIT STOP ------------------
------------------ SYSCALL ENTRY START ------------------
PID: 4515
SPID: 4515
Timestamp: 1682775311222291
Syscall = close (57)
------------------ SYSCALL ENTRY STOP ------------------
------------------ SYSCALL EXIT START ------------------
PID: 4515
SPID: 4515
Timestamp: 1682775311222829
Return value: 000000000000000000
------------------ SYSCALL EXIT STOP ------------------
------------------ SYSCALL ENTRY START ------------------
PID: 4515
SPID: 4515
Timestamp: 1682775311222885
Syscall = ioctl (29)
------------------ SYSCALL ENTRY STOP ------------------
------------------ SYSCALL EXIT START ------------------
PID: 4515
SPID: 4515
Timestamp: 1682775311223522
Return value: 000000000000000000
------------------ SYSCALL EXIT STOP ------------------
------------------ SYSCALL ENTRY START ------------------
PID: 4515
SPID: 4515
Timestamp: 1682775311223808
Syscall = clock_gettime (113)
------------------ SYSCALL ENTRY STOP ------------------
------------------ SYSCALL EXIT START ------------------
PID: 4515
SPID: 4515
Timestamp: 1682775311224399
Return value: 000000000000000000
------------------ SYSCALL EXIT STOP ------------------
------------------ SYSCALL ENTRY START ------------------
PID: 4515
SPID: 4515
Timestamp: 1682775311224446
Syscall = read (63)
------------------ SYSCALL ENTRY STOP ------------------
------------------ SYSCALL EXIT START ------------------
PID: 4515
SPID: 4515
Timestamp: 1682775311225130
Return value: 0x0000000000000030
------------------ SYSCALL EXIT STOP ------------------
------------------ SYSCALL ENTRY START ------------------
PID: 4515
SPID: 4515
Timestamp: 1682775311225214
Syscall = getuid (174)
------------------ SYSCALL ENTRY STOP ------------------
------------------ SYSCALL EXIT START ------------------
PID: 4515
SPID: 4515
Timestamp: 1682775311226674
Return value: 0x0000000000002857
------------------ SYSCALL EXIT STOP ------------------
------------------ SYSCALL ENTRY START ------------------
PID: 4515
SPID: 4515
Timestamp: 1682775311226751
Syscall = epoll_pwait (22)
------------------ SYSCALL ENTRY STOP ------------------
------------------ SYSCALL EXIT START ------------------
PID: 4515
SPID: 4515
Timestamp: 1682775311227486
Return value: 0x0000000000000001
------------------ SYSCALL EXIT STOP ------------------
------------------ SYSCALL ENTRY START ------------------
PID: 4515
SPID: 4515
Timestamp: 1682775311227537
Syscall = read (63)
------------------ SYSCALL ENTRY STOP ------------------
------------------ SYSCALL EXIT START ------------------
PID: 4515
SPID: 4515
Timestamp: 1682775311229257
Return value: 0x0000000000000008
------------------ SYSCALL EXIT STOP ------------------
------------------ SYSCALL ENTRY START ------------------
PID: 4515
SPID: 4515
Timestamp: 1682775311229330
Syscall = clock_gettime (113)
------------------ SYSCALL ENTRY STOP ------------------
------------------ SYSCALL EXIT START ------------------
PID: 4515
SPID: 4515
Timestamp: 1682775311230321
Return value: 000000000000000000
------------------ SYSCALL EXIT STOP ------------------
------------------ SYSCALL ENTRY START ------------------
PID: 4515
SPID: 4515
Timestamp: 1682775311230831
Syscall = clock_gettime (113)
------------------ SYSCALL ENTRY STOP ------------------
------------------ SYSCALL EXIT START ------------------
PID: 4515
SPID: 4515
Timestamp: 1682775311231410
Return value: 000000000000000000
------------------ SYSCALL EXIT STOP ------------------
------------------ SYSCALL ENTRY START ------------------
PID: 4515
SPID: 4515
Timestamp: 1682775311231464
Syscall = gettimeofday (169)
------------------ SYSCALL ENTRY STOP ------------------
------------------ SYSCALL EXIT START ------------------
PID: 4515
SPID: 4515
Timestamp: 1682775311232095
Return value: 000000000000000000
------------------ SYSCALL EXIT STOP ------------------
------------------ SYSCALL ENTRY START ------------------
PID: 4515
SPID: 4515
Timestamp: 1682775311232151
Syscall = read (63)
------------------ SYSCALL ENTRY STOP ------------------
------------------ SYSCALL EXIT START ------------------
PID: 4515
SPID: 4515
Timestamp: 1682775311232682
Return value: 0x0000000000000030
------------------ SYSCALL EXIT STOP ------------------
------------------ SYSCALL ENTRY START ------------------
PID: 4515
SPID: 4515
Timestamp: 1682775311232762
Syscall = clock_gettime (113)
------------------ SYSCALL ENTRY STOP ------------------
------------------ SYSCALL EXIT START ------------------
PID: 4515
SPID: 4515
Timestamp: 1682775311233342
Return value: 000000000000000000
------------------ SYSCALL EXIT STOP ------------------
------------------ SYSCALL ENTRY START ------------------
PID: 4515
SPID: 4515
Timestamp: 1682775311233427
Syscall =clock_gettime (113)
------------------ SYSCALL ENTRY STOP ------------------
------------------ SYSCALL EXIT START ------------------
PID: 4515
SPID: 4515
Timestamp: 1682775311233972
Return value: 000000000000000000
------------------ SYSCALL EXIT STOP ------------------
------------------ SYSCALL ENTRY START ------------------
PID: 4515
SPID: 4515
Timestamp: 1682775311234090
Syscall = clock_gettime (113)
------------------ SYSCALL ENTRY STOP ------------------
------------------ SYSCALL EXIT START ------------------
PID: 4515
SPID: 4515
Timestamp: 1682775311234572
Return value: 000000000000000000
------------------ SYSCALL EXIT STOP ------------------
------------------ SYSCALL ENTRY START------------------
PID: 4515
SPID: 4515
Timestamp: 1682775311234627
Syscall = clock_gettime (113)
------------------ SYSCALL ENTRY STOP ------------------
------------------ SYSCALL EXIT START ------------------
PID: 4515
SPID: 4515
Timestamp: 1682775311235142
Return value: 000000000000000000
------------------ SYSCALL EXIT STOP ------------------
------------------ SYSCALL ENTRY START ------------------
PID: 4515
SPID: 4515
Timestamp: 1682775311235200
Syscall = clock_gettime (113)
------------------ SYSCALL ENTRY STOP ------------------
------------------ SYSCALL EXIT START ------------------
PID: 4515
SPID: 4515
Timestamp: 1682775311235719
Return value: 000000000000000000
------------------ SYSCALL EXIT STOP ------------------
------------------ SYSCALL ENTRY START ------------------
PID: 4515
SPID: 4515
Timestamp: 1682775311235778
Syscall = clock_gettime (113)
------------------ SYSCALL ENTRY STOP ------------------
------------------ SYSCALL EXIT START ------------------
PID: 4515
SPID: 4515
Timestamp: 1682775311236298
Return value: 000000000000000000
------------------ SYSCALL EXIT STOP ------------------
------------------ SYSCALL ENTRY START ------------------
PID: 4515
SPID: 4515
Timestamp: 1682775311236356
Syscall = clock_gettime (113)
------------------ SYSCALL ENTRY STOP ------------------
------------------ SYSCALL EXIT START ------------------
PID: 4515
SPID: 4515
Timestamp: 1682775311236878
Return value: 000000000000000000
------------------ SYSCALL EXIT STOP ------------------
------------------ SYSCALL ENTRY START ------------------
PID: 4515
SPID: 4515
Timestamp: 1682775311236939
Syscall = clock_gettime (113)
------------------ SYSCALL ENTRY STOP ------------------
------------------ SYSCALL EXIT START ------------------
PID: 4515
SPID: 4515
Timestamp:1682775311237492
Return value: 000000000000000000
------------------ SYSCALL EXIT STOP ------------------
------------------ SYSCALL ENTRY START ------------------
PID: 4515
SPID: 4515
Timestamp: 1682775311237557
Syscall = clock_gettime (113)
------------------ SYSCALL ENTRY STOP ------------------
------------------ SYSCALL EXIT START ------------------
PID: 4515
SPID: 4515
Timestamp: 1682775311238090
Return value: 000000000000000000
------------------ SYSCALL EXIT STOP ------------------
------------------ SYSCALL ENTRY START ------------------
PID: 4515
SPID: 4515
Timestamp: 1682775311238207
Syscall = write (64)
------------------ SYSCALL ENTRY STOP ------------------
------------------ SYSCALL EXIT START ------------------
PID: 4515
SPID: 4515
Timestamp: 1682775311238669
Return value:0x0000000000000008
------------------ SYSCALL EXIT STOP ------------------
------------------ SYSCALL ENTRY START ------------------
PID: 4515
SPID: 4515
Timestamp: 1682775311239140
Syscall = clock_gettime (113)
------------------ SYSCALL ENTRY STOP ------------------
------------------ SYSCALL EXIT START ------------------
PID: 4515
SPID: 4515
Timestamp: 1682775311239757
Return value: 000000000000000000
------------------ SYSCALL EXIT STOP ------------------
------------------ SYSCALL ENTRY START ------------------
PID: 4515
SPID: 4515
Timestamp: 1682775311240574
Syscall = futex (98)
------------------ SYSCALL ENTRY STOP ------------------
------------------ SYSCALL EXIT START ------------------
PID: 4515
SPID: 4515
Timestamp: 1682775311241564
Return value: 000000000000000000
------------------ SYSCALL EXIT STOP ------------------
------------------ SYSCALL ENTRY START ------------------
PID: 4515
SPID: 4515
Timestamp: 1682775311241618
Syscall = futex (98)
------------------ SYSCALL ENTRY STOP ------------------
------------------ SYSCALL EXIT START ------------------
PID: 4515
SPID: 4515
Timestamp: 1682775311243106
Return value: 000000000000000000
------------------ SYSCALL EXITSTOP ------------------
------------------ SYSCALL ENTRY START ------------------
PID: 4515
SPID: 4515
Timestamp: 1682775311244724
Syscall = futex (98)
------------------ SYSCALL ENTRY STOP ------------------
------------------ SYSCALL EXIT START ------------------
PID: 4515
SPID: 4515
Timestamp: 1682775311245067
Return value: 0xfffffffffffffff5
------------------ SYSCALL EXIT STOP ------------------
------------------ SYSCALL ENTRY START ------------------
PID: 4515
SPID: 4515
Timestamp: 1682775311249438
Syscall = clock_gettime (113)
------------------ SYSCALL ENTRY STOP ------------------
------------------ SYSCALL EXIT START ------------------
PID: 4515
SPID: 4515
Timestamp: 1682775311250307
Return value: 000000000000000000
------------------ SYSCALL EXIT STOP ------------------
------------------ SYSCALL ENTRY START ------------------
PID: 4515
SPID: 4515
Timestamp: 1682775311250843
Syscall = clock_gettime (113)
------------------ SYSCALL ENTRY STOP ------------------
------------------ SYSCALL EXIT START ------------------
PID: 4515
SPID: 4515
Timestamp: 1682775311252283
Returnvalue: 000000000000000000
------------------ SYSCALL EXIT STOP ------------------
------------------ SYSCALL ENTRY START ------------------
PID: 4515
SPID: 4515
Timestamp: 1682775311253082
Syscall = recvfrom (207)
------------------ SYSCALL ENTRY STOP ------------------
------------------ SYSCALL EXIT START ------------------
PID: 4515
SPID: 4515
Timestamp: 1682775311254071
Return value: 0xfffffffffffffff5
------------------ SYSCALL EXIT STOP ------------------
------------------ SYSCALL ENTRY START ------------------
PID: 4515
SPID: 4515
Timestamp: 1682775311254315
Syscall = ioctl (29)
------------------ SYSCALL ENTRY STOP ------------------
------------------ SYSCALL EXIT START ------------------
PID: 4515
SPID: 4515
Timestamp: 1682775311256275
Return value: 000000000000000000
------------------ SYSCALL EXIT STOP ------------------
------------------ SYSCALL ENTRY START ------------------
PID: 4515
SPID: 4515
Timestamp: 1682775311256491
Syscall = clock_gettime (113)
------------------ SYSCALL ENTRY STOP ------------------
------------------ SYSCALL EXIT START ------------------
PID: 4515
SPID: 4515
Timestamp: 1682775311260202
Return value: 000000000000000000
------------------ SYSCALL EXIT STOP ------------------
------------------ SYSCALL ENTRY START ------------------
PID: 4515
SPID: 4515
Timestamp: 1682775311260793
Syscall = clock_gettime (113)
------------------ SYSCALL ENTRY STOP ------------------
------------------ SYSCALL EXIT START ------------------
PID: 4515
SPID: 4515
Timestamp: 1682775311271460
Return value: 000000000000000000
------------------ SYSCALL EXITSTOP ------------------
------------------ SYSCALL ENTRY START ------------------
PID: 4515
SPID: 4515
Timestamp: 1682775311271615
Syscall = write (64)
------------------ SYSCALL ENTRY STOP ------------------
------------------ SYSCALL EXIT START ------------------
PID: 4515
SPID: 4515
Timestamp: 1682775311272269
Return value: 0x0000000000000008
------------------ SYSCALL EXIT STOP ------------------
------------------ SYSCALL ENTRY START ------------------
PID: 4515
SPID: 4515
Timestamp: 1682775311273508
Syscall = clock_gettime (113)
------------------ SYSCALL ENTRY STOP ------------------
------------------ SYSCALL EXIT START ------------------
PID: 4515
SPID: 4515
Timestamp: 1682775311274312
Return value: 000000000000000000
------------------ SYSCALL EXIT STOP ------------------
------------------ SYSCALL ENTRY START ------------------
PID: 4515
SPID: 4515
Timestamp: 1682775311274632
Syscall = write (64)
------------------ SYSCALL ENTRY STOP ------------------
------------------ SYSCALL EXIT START ------------------
PID: 4515
SPID: 4515
Timestamp: 1682775311275989
Return value: 0x0000000000000008
------------------ SYSCALL EXIT STOP ------------------
------------------ SYSCALLENTRY START ------------------
PID: 4515
SPID: 4515
Timestamp: 1682775311277703
Syscall = futex (98)
------------------ SYSCALL ENTRY STOP ------------------
------------------ SYSCALL EXIT START ------------------
PID: 4515
SPID: 4515
Timestamp: 1682775311280635
Return value: 0x0000000000000001
------------------ SYSCALL EXIT STOP ------------------
------------------ SYSCALL ENTRY START ------------------
PID: 4515
SPID: 4515
Timestamp: 1682775311280916
Syscall = futex (98)
------------------SYSCALL ENTRY STOP ------------------
------------------ SYSCALL EXIT START ------------------
PID:4515
SPID: 4515
Timestamp: 1682775311281624
Return value: 0xfffffffffffffff5
------------------ SYSCALL EXIT STOP ------------------
------------------ SYSCALL ENTRY START ------------------
PID: 4515
SPID: 4515
Timestamp: 1682775311281811
Syscall = clock_gettime (113)
------------------ SYSCALL ENTRY STOP ------------------
------------------ SYSCALL EXIT START ------------------
PID: 4515
SPID:4515
Timestamp: 1682775311282837
Return value: 000000000000000000
------------------ SYSCALL EXIT STOP ------------------
------------------ SYSCALL ENTRY START ------------------
PID: 4515
SPID: 4515
Timestamp: 1682775311282970
Syscall = clock_gettime (113)
------------------ SYSCALL ENTRY STOP ------------------
------------------ SYSCALL EXIT START ------------------
PID: 4515
SPID: 4515
Timestamp: 1682775311283772
Return value: 000000000000000000
------------------ SYSCALL EXIT STOP ------------------
------------------ SYSCALL ENTRY START ------------------
PID: 4515
SPID: 4515
Timestamp: 1682775311284297
Syscall = read (63)
------------------ SYSCALL ENTRY STOP ------------------
------------------ SYSCALL EXIT START ------------------
PID: 4515
SPID: 4515
Timestamp: 1682775311285223
Return value: 0x0000000000000030
------------------ SYSCALL EXIT STOP ------------------
------------------ SYSCALL ENTRY START ------------------
PID: 4515
SPID: 4515
Timestamp: 1682775311285382
Syscall = getuid (174)
------------------ SYSCALL ENTRY STOP ------------------
------------------ SYSCALL EXIT START ------------------
PID: 4515
SPID: 4515
Timestamp: 1682775311286028
Return value: 0x0000000000002857
------------------ SYSCALL EXIT STOP ------------------
------------------ SYSCALL ENTRY START ------------------
PID: 4515
SPID: 4515
Timestamp: 1682775311286151
Syscall = epoll_pwait (22)
------------------ SYSCALL ENTRY STOP ------------------
------------------ SYSCALL EXIT START ------------------
PID: 4515
SPID: 4515
Timestamp: 1682775311286855
Return value: 0x0000000000000002
------------------ SYSCALL EXIT STOP ------------------
------------------ SYSCALL ENTRY START ------------------
PID: 4515
SPID: 4515
Timestamp: 1682775311286904
Syscall = read (63)
------------------ SYSCALL ENTRY STOP ------------------
------------------ SYSCALL EXIT START ------------------
PID: 4515
SPID: 4515
Timestamp: 1682775311287630
Return value: 0x0000000000000008
------------------SYSCALL EXIT STOP ------------------
------------------ SYSCALL ENTRY START ------------------
PID:4515
SPID: 4515
Timestamp: 1682775311287737
Syscall = recvfrom (207)
------------------ SYSCALL ENTRY STOP ------------------
------------------ SYSCALL EXIT START ------------------
PID: 4515
SPID: 4515
Timestamp: 1682775311288483
Return value: 0x0000000000000040
------------------ SYSCALL EXIT STOP ------------------
------------------ SYSCALL ENTRY START ------------------
PID: 4515
SPID: 4515
Timestamp: 1682775311288565
Syscall = recvfrom (207)
------------------ SYSCALL ENTRY STOP ------------------
------------------ SYSCALL EXIT START ------------------
PID: 4515
SPID: 4515
Timestamp: 1682775311289234
Return value: 0xfffffffffffffff5
------------------ SYSCALL EXIT STOP ------------------
------------------ SYSCALL ENTRY START ------------------
PID: 4515
SPID: 4515
Timestamp: 1682775311289425
Syscall = clock_gettime (113)
------------------ SYSCALL ENTRY STOP ------------------
------------------ SYSCALL EXIT START ------------------
PID: 4515
SPID: 4515
Timestamp: 1682775311290052
Return value: 000000000000000000
------------------ SYSCALL EXIT STOP ------------------
------------------ SYSCALL ENTRY START ------------------
PID: 4515
SPID: 4515
Timestamp: 1682775311290202
Syscall = clock_gettime (113)
------------------ SYSCALL ENTRY STOP ------------------
------------------ SYSCALL EXIT START ------------------
PID: 4515
SPID: 4515
Timestamp: 1682775311291153
Return value: 000000000000000000
------------------ SYSCALL EXIT STOP ------------------
------------------ SYSCALL ENTRY START ------------------
PID: 4515
SPID: 4515
Timestamp: 1682775311291390
Syscall =gettimeofday (169)
------------------ SYSCALL ENTRY STOP ------------------
------------------ SYSCALL EXIT START ------------------
PID: 4515
SPID: 4515
Timestamp: 1682775311292039
Return value: 000000000000000000
------------------ SYSCALL EXIT STOP ------------------
------------------ SYSCALL ENTRY START ------------------
PID: 4515
SPID: 4515
Timestamp: 1682775311292178
Syscall = clock_gettime (113)
------------------ SYSCALL ENTRY STOP ------------------
------------------ SYSCALL EXIT START ------------------
PID: 4515
SPID: 4515
Timestamp: 1682775311294481
Return value: 000000000000000000
------------------ SYSCALL EXIT STOP ------------------
------------------ SYSCALL ENTRY START ------------------
PID: 4515
SPID: 4515
Timestamp: 1682775311294585
Syscall = clock_gettime (113)
------------------ SYSCALL ENTRY STOP ------------------
------------------ SYSCALL EXIT START ------------------
PID: 4515
SPID: 4515
Timestamp: 1682775311295391
Return value: 000000000000000000
------------------ SYSCALL EXIT STOP ------------------
------------------ SYSCALL ENTRY START ------------------
PID: 4515
SPID: 4515
Timestamp: 1682775311295486
Syscall = gettimeofday (169)
------------------ SYSCALL ENTRY STOP ------------------
------------------ SYSCALL EXIT START ------------------
PID: 4515
SPID: 4515
Timestamp: 1682775311296433
Return value: 000000000000000000
------------------SYSCALL EXIT STOP ------------------
------------------ SYSCALL ENTRY START ------------------
PID:4515
SPID: 4515
Timestamp: 1682775311296543
Syscall = read (63)
------------------ SYSCALL ENTRY STOP ------------------
------------------ SYSCALL EXIT START ------------------
PID: 4515
SPID: 4515
Timestamp: 1682775311298864
Return value: 0x0000000000000030
------------------ SYSCALL EXIT STOP ------------------
------------------ SYSCALL ENTRY START ------------------
PID: 4515
SPID: 4515
Timestamp: 1682775311299046
Syscall = clock_gettime (113)
------------------ SYSCALL ENTRY STOP ------------------
------------------ SYSCALL EXIT START ------------------
PID: 4515
SPID: 4515
Timestamp: 1682775311300576
Return value: 000000000000000000
------------------ SYSCALL EXIT STOP ------------------
------------------ SYSCALL ENTRY START ------------------
PID: 4515
SPID: 4515
Timestamp: 1682775311300751
Syscall = read (63)
------------------ SYSCALL ENTRY STOP ------------------
------------------ SYSCALL EXIT START ------------------
PID: 4515
SPID: 4515
Timestamp: 1682775311301797
Return value: 0x0000000000000030
------------------ SYSCALL EXIT STOP ------------------
------------------ SYSCALL ENTRY START ------------------
PID: 4515
SPID: 4515
Timestamp: 1682775311302019
Syscall = getuid (174)
------------------ SYSCALL ENTRY STOP ------------------
------------------ SYSCALL EXIT START ------------------
PID: 4515
SPID: 4515
Timestamp: 1682775311302622
Return value: 0x0000000000002857
------------------ SYSCALL EXIT STOP ------------------
------------------ SYSCALL ENTRY START ------------------
PID: 4515
SPID: 4515
Timestamp: 1682775311302752
Syscall = epoll_pwait (22)
------------------ SYSCALL ENTRY STOP ------------------
------------------ SYSCALL EXIT START ------------------
PID: 4515
SPID: 4515
Timestamp: 1682775311303387
Return value: 000000000000000000
------------------ SYSCALL EXIT STOP ------------------
------------------ SYSCALL ENTRY START ------------------
PID: 4515
SPID: 4515
Timestamp: 1682775311303481
Syscall = clock_gettime (113)
------------------ SYSCALL ENTRY STOP ------------------
------------------ SYSCALL EXIT START ------------------
PID: 4515
SPID: 4515
Timestamp: 1682775311304197
Return value: 000000000000000000
------------------ SYSCALL EXIT STOP ------------------
------------------ SYSCALL ENTRY START ------------------
PID: 4515
SPID: 4515
Timestamp: 1682775311304314
Syscall = clock_gettime (113)
------------------ SYSCALL ENTRY STOP ------------------
------------------ SYSCALL EXIT START ------------------
PID: 4515
SPID: 4515
Timestamp: 1682775311305024
Return value: 000000000000000000
------------------ SYSCALL EXIT STOP ------------------
------------------ SYSCALL ENTRY START ------------------
PID: 4515
SPID: 4515
Timestamp: 1682775311305093
Syscall = gettimeofday (169)
------------------ SYSCALL ENTRY STOP ------------------
------------------ SYSCALL EXIT START ------------------
PID: 4515
SPID: 4515
Timestamp: 1682775311305726
Return value: 000000000000000000
------------------ SYSCALL EXIT STOP ------------------
------------------ SYSCALL ENTRY START ------------------
PID: 4515
SPID: 4515
Timestamp: 1682775311305826
Syscall = read (63)
------------------ SYSCALL ENTRY STOP ------------------
------------------ SYSCALL EXIT START ------------------
PID: 4515
SPID: 4515
Timestamp: 1682775311306459
Return value: 0x0000000000000030
------------------ SYSCALL EXIT STOP ------------------
------------------ SYSCALL ENTRY START ------------------
PID: 4515
SPID: 4515
Timestamp: 1682775311306864
Syscall = clock_gettime (113)
------------------ SYSCALL ENTRY STOP ------------------
------------------ SYSCALL EXIT START ------------------
PID: 4515
SPID: 4515
Timestamp: 1682775311307555
Return value: 000000000000000000
------------------ SYSCALL EXIT STOP ------------------
------------------ SYSCALL ENTRY START ------------------
PID: 4515
SPID: 4515
Timestamp: 1682775311307623
Syscall = read (63)
------------------ SYSCALL ENTRY STOP ------------------
------------------ SYSCALL EXIT START ------------------
PID: 4515
SPID: 4515
Timestamp: 1682775311318872
Return value: 0x0000000000000030
------------------ SYSCALL EXIT STOP ------------------
------------------ SYSCALL ENTRY START ------------------
PID: 4515
SPID: 4515
Timestamp: 1682775311330468
Syscall = getuid (174)
------------------ SYSCALL ENTRY STOP ------------------
------------------ SYSCALL EXIT START ------------------
PID: 4515
SPID: 4515
Timestamp: 1682775311330848
Return value: 0x0000000000002857
------------------ SYSCALL EXIT STOP ------------------
------------------ SYSCALL ENTRY START ------------------
PID: 4515
SPID: 4515
Timestamp: 1682775311331021
Syscall = epoll_pwait (22)
------------------SYSCALL ENTRY STOP ------------------
------------------ SYSCALL EXIT START ------------------
PID:4515
SPID: 4515
Timestamp: 1682775311331231
Return value: 000000000000000000
------------------ SYSCALL EXIT STOP ------------------
------------------ SYSCALL ENTRY START ------------------
PID: 4515
SPID: 4515
Timestamp: 1682775311331350
Syscall = clock_gettime (113)
------------------ SYSCALL ENTRY STOP ------------------
------------------ SYSCALL EXIT START ------------------
PID: 4515
SPID:4515
Timestamp: 1682775311331534
Return value: 000000000000000000
------------------ SYSCALL EXIT STOP ------------------
------------------ SYSCALL ENTRY START ------------------
PID: 4515
SPID: 4515
Timestamp: 1682775311331667
Syscall = clock_gettime (113)
------------------ SYSCALL ENTRY STOP ------------------
------------------ SYSCALL EXIT START ------------------
PID: 4515
SPID: 4515
Timestamp: 1682775311331846
Return value: 000000000000000000
------------------ SYSCALL EXIT STOP ------------------
------------------ SYSCALL ENTRY START ------------------
PID: 4515
SPID: 4515
Timestamp: 1682775311331941
Syscall = gettimeofday (169)
------------------ SYSCALL ENTRY STOP ------------------
------------------ SYSCALL EXIT START ------------------
PID: 4515
SPID: 4515
Timestamp: 1682775311332117
Return value: 000000000000000000
------------------ SYSCALL EXIT STOP ------------------
------------------ SYSCALL ENTRY START ------------------
PID: 4515
SPID: 4515
Timestamp: 1682775311332210
Syscall = read (63)
------------------ SYSCALL ENTRY STOP ------------------
------------------ SYSCALL EXIT START ------------------
PID: 4515
SPID: 4515
Timestamp: 1682775311332371
Return value: 0x0000000000000030
------------------ SYSCALL EXIT STOP ------------------
------------------ SYSCALL ENTRY START ------------------
PID: 4515
SPID: 4515
Timestamp: 1682775311332844
Syscall = clock_gettime (113)
------------------ SYSCALL ENTRY STOP ------------------
------------------ SYSCALL EXIT START ------------------
PID: 4515
SPID: 4515
Timestamp: 1682775311333025
Return value: 000000000000000000
------------------ SYSCALL EXIT STOP ------------------
------------------ SYSCALL ENTRYSTART ------------------
PID: 4515
SPID: 4515
Timestamp: 1682775311333120
Syscall = ioctl (29)
------------------ SYSCALL ENTRY STOP ------------------
------------------ SYSCALL EXIT START ------------------
PID: 4515
SPID: 4515
Timestamp: 1682775311333531
Return value: 000000000000000000
------------------ SYSCALL EXIT STOP ------------------
------------------ SYSCALL ENTRY START ------------------
PID: 4515
SPID: 4515
Timestamp: 1682775311333612
Syscall = clock_gettime (113)
------------------ SYSCALL ENTRY STOP ------------------
------------------ SYSCALL EXIT START ------------------
PID: 4515
SPID: 4515
Timestamp: 1682775311335190
Return value: 000000000000000000
------------------ SYSCALL EXIT STOP ------------------
------------------ SYSCALL ENTRY START ------------------
PID: 4515
SPID: 4515
Timestamp: 1682775311335394
Syscall = ioctl (29)
------------------ SYSCALL ENTRY STOP ------------------
------------------ SYSCALL EXIT START ------------------
PID: 4515
SPID: 4515
Timestamp: 1682775311335609
Return value: 000000000000000000
------------------ SYSCALL EXIT STOP ------------------
------------------ SYSCALL ENTRY START ------------------
PID: 4515
SPID: 4515
Timestamp: 1682775311335907
Syscall = ioctl (29)
------------------ SYSCALL ENTRY STOP ------------------
------------------ SYSCALL EXIT START ------------------
PID: 4515
SPID: 4515
Timestamp: 1682775311336120
Return value: 000000000000000000
------------------ SYSCALL EXIT STOP ------------------
------------------ SYSCALL ENTRY START ------------------
PID: 4515
SPID: 4515
Timestamp: 1682775311336350
Syscall = ioctl (29)
------------------ SYSCALL ENTRY STOP ------------------
------------------SYSCALL EXIT START ------------------
PID: 4515
SPID: 4515
Timestamp: 1682775311336554
Return value: 000000000000000000
------------------ SYSCALL EXIT STOP ------------------
------------------ SYSCALL ENTRY START ------------------
PID: 4515
SPID: 4515
Timestamp: 1682775311336889
Syscall = clock_gettime (113)
------------------ SYSCALL ENTRY STOP ------------------
------------------ SYSCALL EXIT START ------------------
PID: 4515
SPID: 4515
Timestamp: 1682775311337071
Return value: 000000000000000000
------------------ SYSCALL EXIT STOP ------------------
------------------ SYSCALL ENTRY START ------------------
PID: 4515
SPID: 4515
Timestamp: 1682775311337177
Syscall = read (63)
------------------ SYSCALL ENTRY STOP ------------------
------------------ SYSCALL EXIT START ------------------
PID: 4515
SPID: 4515
Timestamp: 1682775311337348
Return value: 0x0000000000000030
------------------ SYSCALL EXIT STOP ------------------
------------------ SYSCALL ENTRY START ------------------
PID: 4515
SPID: 4515
Timestamp: 1682775311337473
Syscall = getuid (174)
------------------ SYSCALL ENTRY STOP ------------------
------------------ SYSCALL EXIT START ------------------
PID: 4515
SPID: 4515
Timestamp: 1682775311337659
Return value: 0x0000000000002857
------------------ SYSCALL EXIT STOP ------------------
------------------ SYSCALL ENTRY START ------------------
PID: 4515
SPID:4515
Timestamp: 1682775311337945
Syscall = epoll_pwait (22)
------------------ SYSCALL ENTRY STOP ------------------
------------------ SYSCALL EXIT START ------------------
PID: 4515
SPID: 4515
Timestamp: 1682775311338161
Return value: 000000000000000000
------------------ SYSCALL EXIT STOP ------------------
------------------ SYSCALL ENTRY START ------------------
PID: 4515
SPID: 4515
Timestamp: 1682775311338273
Syscall = clock_gettime (113)
------------------ SYSCALL ENTRY STOP ------------------
------------------ SYSCALL EXIT START ------------------
PID: 4515
SPID: 4515
Timestamp: 1682775311338441
Return value: 000000000000000000
------------------ SYSCALL EXIT STOP ------------------
------------------ SYSCALL ENTRY START ------------------
PID: 4515
SPID: 4515
Timestamp: 1682775311338560
Syscall = clock_gettime (113)
------------------ SYSCALL ENTRY STOP ------------------
------------------ SYSCALL EXIT START ------------------
PID: 4515
SPID: 4515
Timestamp: 1682775311338732
Return value: 000000000000000000
------------------ SYSCALL EXIT STOP ------------------
------------------ SYSCALL ENTRY START ------------------
PID: 4515
SPID: 4515
Timestamp: 1682775311338827
Syscall = gettimeofday (169)
------------------ SYSCALL ENTRY STOP ------------------
------------------ SYSCALL EXIT START ------------------
PID: 4515
SPID: 4515
Timestamp: 1682775311338989
Return value: 000000000000000000
------------------ SYSCALL EXIT STOP ------------------
------------------ SYSCALL ENTRY START ------------------
PID: 4515
SPID: 4515
Timestamp: 1682775311339096
Syscall = read(63)
------------------ SYSCALL ENTRY STOP ------------------
------------------ SYSCALL EXIT START------------------
PID: 4515
SPID: 4515
Timestamp: 1682775311339256
Return value: 0x0000000000000030
------------------ SYSCALL EXIT STOP ------------------
------------------ SYSCALL ENTRY START ------------------
PID: 4515
SPID: 4515
Timestamp: 1682775311339415
Syscall = clock_gettime (113)
------------------ SYSCALL ENTRY STOP ------------------
------------------ SYSCALL EXIT START ------------------
PID: 4515
SPID: 4515
Timestamp: 1682775311340062
Return value: 000000000000000000
------------------ SYSCALL EXIT STOP ------------------
------------------ SYSCALL ENTRY START ------------------
PID: 4515
SPID: 4515
Timestamp: 1682775311340239
Syscall = clock_gettime (113)
------------------ SYSCALL ENTRY STOP ------------------
------------------ SYSCALL EXIT START ------------------
PID: 4515
SPID: 4515
Timestamp: 1682775311342179
Return value: 000000000000000000
------------------ SYSCALL EXIT STOP ------------------
------------------ SYSCALL ENTRY START ------------------
PID: 4515
SPID: 4515
Timestamp: 1682775311342253
Syscall = clock_gettime (113)
------------------ SYSCALL ENTRY STOP ------------------
------------------ SYSCALL EXIT START ------------------
PID: 4515
SPID: 4515
Timestamp: 1682775311343927
Return value: 000000000000000000
------------------ SYSCALL EXITSTOP ------------------
------------------ SYSCALL ENTRY START ------------------
PID: 4515
SPID: 4515
Timestamp: 1682775311344056
Syscall = clock_gettime (113)
------------------ SYSCALL ENTRY STOP ------------------
------------------ SYSCALL EXIT START ------------------
PID: 4515
SPID: 4515
Timestamp: 1682775311351927
Return value: 000000000000000000
------------------ SYSCALL EXIT STOP ------------------
------------------ SYSCALL ENTRY START ------------------
PID: 4515
SPID: 4515
Timestamp: 1682775311352061
Syscall = clock_gettime (113)
------------------ SYSCALL ENTRY STOP ------------------
------------------ SYSCALL EXIT START ------------------
PID: 4515
SPID: 4515
Timestamp: 1682775311352990
Return value: 000000000000000000
------------------ SYSCALL EXIT STOP ------------------
------------------ SYSCALL ENTRY START ------------------
PID: 4515
SPID: 4515
Timestamp: 1682775311353195
Syscall = clock_gettime (113)
------------------ SYSCALL ENTRY STOP ------------------
------------------ SYSCALL EXIT START ------------------
PID: 4515
SPID: 4515
Timestamp: 1682775311354035
Return value: 000000000000000000
------------------ SYSCALL EXIT STOP ------------------
------------------ SYSCALL ENTRY START ------------------
PID: 4515
SPID: 4515
Timestamp: 1682775311354499
Syscall = clock_gettime (113)
------------------ SYSCALL ENTRY STOP ------------------
------------------ SYSCALL EXIT START ------------------
PID: 4515
SPID: 4515
Timestamp: 1682775311355240
Return value: 000000000000000000
------------------ SYSCALL EXIT STOP ------------------
------------------ SYSCALL ENTRY START ------------------
PID: 4515
SPID: 4515
Timestamp: 1682775311355350
Syscall = clock_gettime (113)
------------------ SYSCALL ENTRY STOP ------------------
------------------ SYSCALL EXIT START ------------------
PID: 4515
SPID: 4515
Timestamp: 1682775311355969
Return value: 000000000000000000
------------------ SYSCALL EXIT STOP ------------------
------------------ SYSCALL ENTRY START ------------------
PID: 4515
SPID: 4515
Timestamp: 1682775311356165
Syscall = recvfrom (207)
------------------ SYSCALL ENTRY STOP ------------------
------------------ SYSCALL EXIT START ------------------
PID: 4515
SPID: 4515
Timestamp: 1682775311356832
Return value: 0xfffffffffffffff5
------------------ SYSCALL EXIT STOP ------------------
------------------ SYSCALL ENTRY START ------------------
PID: 4515
SPID: 4515
Timestamp: 1682775311356932
Syscall = ioctl (29)
------------------SYSCALL ENTRY STOP ------------------
------------------ SYSCALL EXIT START ------------------
PID:4515
SPID: 4515
Timestamp: 1682775311357991
Return value: 000000000000000000
------------------ SYSCALL EXIT STOP ------------------
------------------ SYSCALL ENTRY START ------------------
PID: 4515
SPID: 4515
Timestamp: 1682775311358133
Syscall = clock_gettime (113)
------------------ SYSCALL ENTRY STOP ------------------
------------------ SYSCALL EXIT START ------------------
PID: 4515
SPID:4515
Timestamp: 1682775311360819
Return value: 000000000000000000
------------------ SYSCALL EXIT STOP ------------------
------------------ SYSCALL ENTRY START ------------------
PID: 4515
SPID: 4515
Timestamp: 1682775311360886
Syscall = clock_gettime (113)
------------------ SYSCALL ENTRY STOP ------------------
------------------ SYSCALL EXIT START ------------------
PID: 4515
SPID: 4515
Timestamp: 1682775311361175
Return value: 000000000000000000
------------------ SYSCALL EXIT STOP ------------------
------------------ SYSCALL ENTRY START ------------------
PID: 4515
SPID: 4515
Timestamp: 1682775311361242
Syscall = clock_gettime (113)
------------------ SYSCALL ENTRY STOP ------------------
------------------ SYSCALL EXIT START ------------------
PID: 4515
SPID: 4515
Timestamp: 1682775311361481
Return value: 000000000000000000
------------------ SYSCALL EXIT STOP ------------------
------------------ SYSCALL ENTRY START ------------------
PID: 4515
SPID: 4515
Timestamp: 1682775311361626
Syscall = write (64)
------------------ SYSCALL ENTRY STOP ------------------
------------------ SYSCALL EXIT START ------------------
PID: 4515
SPID: 4515
Timestamp: 1682775311361915
Return value: 0x0000000000000008
------------------ SYSCALL EXIT STOP ------------------
------------------ SYSCALL ENTRY START ------------------
PID: 4515
SPID: 4515
Timestamp: 1682775311362568
Syscall = clock_gettime (113)
------------------ SYSCALL ENTRY STOP ------------------
------------------ SYSCALL EXIT START ------------------
PID: 4515
SPID: 4515
Timestamp: 1682775311362885
Return value: 000000000000000000
------------------ SYSCALL EXIT STOP ------------------
------------------ SYSCALL ENTRY START ------------------
PID: 4515
SPID: 4515
Timestamp: 1682775311363592
Syscall = clock_gettime(113)
------------------ SYSCALL ENTRY STOP ------------------
------------------ SYSCALL EXIT START ------------------
PID: 4515
SPID: 4515
Timestamp: 1682775311363938
Return value: 000000000000000000
------------------ SYSCALL EXIT STOP ------------------
------------------ SYSCALL ENTRY START ------------------
PID: 4515
SPID: 4515
Timestamp: 1682775311364115
Syscall = write (64)
------------------ SYSCALL ENTRY STOP ------------------
------------------ SYSCALL EXIT START ------------------
PID: 4515
SPID: 4515
Timestamp: 1682775311365300
Return value: 0x0000000000000008
------------------ SYSCALL EXIT STOP ------------------
------------------ SYSCALL ENTRY START ------------------
PID: 4515
SPID: 4515
Timestamp: 1682775311365370
Syscall = futex (98)
------------------ SYSCALL ENTRY STOP ------------------
------------------ SYSCALL EXIT START ------------------
PID: 4515
SPID: 4515
Timestamp: 1682775311366739
Return value: 0x0000000000000001
------------------ SYSCALL EXIT STOP ------------------
------------------ SYSCALL ENTRY START ------------------
PID: 4515
SPID: 4515
Timestamp: 1682775311366821
Syscall = futex (98)
------------------ SYSCALL ENTRY STOP ------------------
------------------ SYSCALL EXIT START ------------------
PID: 4515
SPID: 4515
Timestamp: 1682775311367382
Return value: 0xfffffffffffffff5
------------------ SYSCALL EXIT STOP ------------------
------------------ SYSCALL ENTRY START ------------------
PID: 4515
SPID: 4515
Timestamp: 1682775311367500
Syscall = clock_gettime (113)
------------------ SYSCALL ENTRY STOP ------------------
------------------ SYSCALL EXIT START ------------------
PID: 4515
SPID: 4515
Timestamp: 1682775311367763
Return value: 000000000000000000
------------------ SYSCALL EXIT STOP ------------------
------------------ SYSCALL ENTRY START ------------------
PID: 4515
SPID: 4515
Timestamp: 1682775311367867
Syscall = clock_gettime (113)
------------------ SYSCALL ENTRY STOP ------------------
------------------SYSCALL EXIT START ------------------
PID: 4515
SPID: 4515
Timestamp: 1682775311368054
Return value: 000000000000000000
------------------ SYSCALL EXIT STOP ------------------
------------------ SYSCALL ENTRY START ------------------
PID: 4515
SPID: 4515
Timestamp: 1682775311368147
Syscall = clock_gettime (113)
------------------ SYSCALL ENTRY STOP ------------------
------------------ SYSCALL EXIT START ------------------
PID: 4515
SPID: 4515
Timestamp: 1682775311368365
Return value: 000000000000000000
------------------ SYSCALL EXIT STOP ------------------
------------------ SYSCALL ENTRY START ------------------
PID: 4515
SPID: 4515
Timestamp: 1682775311368557
Syscall = read (63)
------------------ SYSCALL ENTRY STOP ------------------
------------------ SYSCALL EXIT START ------------------
PID: 4515
SPID: 4515
Timestamp: 1682775311368782
Return value: 0x0000000000000030
------------------ SYSCALL EXIT STOP ------------------
------------------ SYSCALL ENTRY START ------------------
PID: 4515
SPID: 4515
Timestamp: 1682775311368854
Syscall = getuid (174)
------------------ SYSCALL ENTRY STOP ------------------
------------------ SYSCALL EXIT START ------------------
PID: 4515
SPID: 4515
Timestamp: 1682775311369075
Return value: 0x0000000000002857
------------------ SYSCALL EXIT STOP ------------------
------------------ SYSCALL ENTRY START ------------------
PID: 4515
SPID:4515
Timestamp: 1682775311369159
Syscall = epoll_pwait (22)
------------------ SYSCALL ENTRY STOP ------------------
------------------ SYSCALL EXIT START ------------------
PID: 4515
SPID: 4515
Timestamp: 1682775311369341
Return value: 0x0000000000000002
------------------ SYSCALL EXIT STOP ------------------
------------------ SYSCALL ENTRY START ------------------
PID: 4515
SPID: 4515
Timestamp: 1682775311369400
Syscall = read (63)
------------------ SYSCALL ENTRY STOP ------------------
