------------------ SYSCALL ENTRY START ------------------
PID: 15053
SPID: 15053
Timestamp: 1688223785117321
Syscall = clock_gettime (113)
------------------ SYSCALL ENTRY STOP ------------------
------------------ SYSCALL EXIT START ------------------
PID: 15053
SPID: 15053
Timestamp: 1688223785125602
Return value: 000000000000000000
------------------ SYSCALL EXIT STOP ------------------
------------------ SYSCALL ENTRY START ------------------
PID: 15053
SPID: 15053
Timestamp: 1688223785125884
Syscall = clock_gettime (113)
------------------ SYSCALL ENTRY STOP ------------------
------------------ SYSCALL EXIT START ------------------
PID: 15053
SPID: 15053
Timestamp: 1688223785126759
Return value: 000000000000000000
------------------ SYSCALL EXIT STOP ------------------
------------------ SYSCALL ENTRY START ------------------
PID: 15053
SPID: 15053
Timestamp: 1688223785127213
Syscall = futex (98)
------------------ SYSCALL ENTRY STOP ------------------
------------------ SYSCALL EXIT START ------------------
PID: 15053
SPID: 15053
Timestamp: 1688223785128340
Return value: 0x0000000000000001
------------------ SYSCALL EXIT STOP ------------------
------------------ SYSCALL ENTRY START ------------------
PID: 15053
SPID: 15053
Timestamp: 1688223785128619
Syscall = futex (98)
------------------ SYSCALL ENTRY STOP ------------------
------------------ SYSCALL EXIT START ------------------
PID: 15053
SPID: 15053
Timestamp: 1688223785129172
Return value: 0x0000000000000001
------------------ SYSCALL EXIT STOP ------------------
------------------ SYSCALL ENTRY START ------------------
PID: 15053
SPID: 15053
Timestamp: 1688223785130434
Syscall = clock_gettime (113)
------------------ SYSCALL ENTRY STOP ------------------
------------------ SYSCALL EXIT START ------------------
PID: 15053
SPID: 15053
Timestamp: 1688223785131443
Return value: 000000000000000000
------------------ SYSCALL EXIT STOP ------------------
------------------ SYSCALL ENTRY START ------------------
PID: 15053
SPID: 15053
Timestamp: 1688223785131759
Syscall = clock_gettime (113)
------------------ SYSCALL ENTRY STOP ------------------
------------------ SYSCALL EXIT START ------------------
PID: 15053
SPID: 15053
Timestamp: 1688223785132644
Return value: 000000000000000000
------------------ SYSCALL EXIT STOP ------------------
------------------ SYSCALL ENTRY START ------------------
PID: 15053
SPID: 15053
Timestamp: 1688223785133832
Syscall = clock_gettime (113)
------------------ SYSCALL ENTRY STOP ------------------
------------------ SYSCALL EXIT START ------------------
PID: 15053
SPID: 15053
Timestamp: 1688223785135393
Return value: 000000000000000000
------------------ SYSCALL EXIT STOP ------------------
------------------ SYSCALL ENTRY START ------------------
PID: 15053
SPID: 15053
Timestamp: 1688223785135594
Syscall = clock_gettime (113)
------------------ SYSCALL ENTRY STOP ------------------
------------------ SYSCALL EXIT START ------------------
PID: 15053
SPID: 15053
Timestamp: 1688223785137549
Return value: 000000000000000000
------------------ SYSCALL EXIT STOP ------------------
------------------ SYSCALL ENTRY START ------------------
PID: 15053
SPID: 15053
Timestamp: 1688223785144993
Syscall = clock_gettime (113)
------------------ SYSCALL ENTRY STOP ------------------
------------------ SYSCALL EXIT START ------------------
PID: 15053
SPID: 15053
Timestamp: 1688223785146084
Return value: 000000000000000000
------------------ SYSCALL EXIT STOP ------------------
------------------ SYSCALL ENTRY START ------------------
PID: 15053
SPID: 15053
Timestamp: 1688223785146198
Syscall = clock_gettime (113)
------------------ SYSCALL ENTRY STOP ------------------
------------------ SYSCALL EXIT START ------------------
PID: 15053
SPID: 15053
Timestamp: 1688223785146843
Return value: 000000000000000000
------------------ SYSCALL EXIT STOP ------------------
------------------ SYSCALL ENTRY START ------------------
PID: 15053
SPID: 15053
Timestamp: 1688223785148484
Syscall = rt_sigprocmask (135)
------------------ SYSCALL ENTRY STOP ------------------
------------------ SYSCALL EXIT START ------------------
PID: 15053
SPID: 15053
Timestamp: 1688223785149127
Return value: 000000000000000000
------------------ SYSCALL EXIT STOP ------------------
------------------ SYSCALL ENTRY START ------------------
PID: 15053
SPID: 15053
Timestamp: 1688223785149368
Syscall = rt_sigprocmask (135)
------------------ SYSCALL ENTRY STOP ------------------
------------------ SYSCALL EXIT START ------------------
PID: 15053
SPID: 15053
Timestamp: 1688223785149901
Return value: 000000000000000000
------------------ SYSCALL EXIT STOP ------------------
------------------ SYSCALL ENTRY START ------------------
PID: 15053
SPID: 15053
Timestamp: 1688223785150112
Syscall = rt_sigprocmask (135)
------------------ SYSCALL ENTRY STOP ------------------
------------------ SYSCALL EXIT START ------------------
PID: 15053
SPID: 15053
Timestamp: 1688223785150628
Return value: 000000000000000000
------------------ SYSCALL EXIT STOP ------------------
------------------ SYSCALL ENTRY START ------------------
PID: 15053
SPID: 15053
Timestamp: 1688223785150840
Syscall = rt_sigprocmask (135)
------------------ SYSCALL ENTRY STOP ------------------
------------------ SYSCALL EXIT START ------------------
PID: 15053
SPID: 15053
Timestamp: 1688223785151354
Return value: 000000000000000000
------------------ SYSCALL EXIT STOP ------------------
------------------ SYSCALL ENTRY START ------------------
PID: 15053
SPID: 15053
Timestamp: 1688223785152394
Syscall = rt_sigprocmask (135)
------------------ SYSCALL ENTRY STOP ------------------
------------------ SYSCALL EXIT START ------------------
PID: 15053
SPID: 15053
Timestamp: 1688223785163326
Return value: 000000000000000000
------------------ SYSCALL EXIT STOP ------------------
------------------ SYSCALL ENTRY START ------------------
PID: 15053
SPID: 15053
Timestamp: 1688223785163505
Syscall = rt_sigprocmask (135)
------------------ SYSCALL ENTRY STOP ------------------
------------------ SYSCALL EXIT START ------------------
PID: 15053
SPID: 15053
Timestamp: 1688223785164404
Return value: 000000000000000000
------------------ SYSCALL EXIT STOP ------------------
------------------ SYSCALL ENTRY START ------------------
PID: 15053
SPID: 15053
Timestamp: 1688223785164687
Syscall = rt_sigprocmask (135)
------------------ SYSCALL ENTRY STOP ------------------
------------------ SYSCALL EXIT START ------------------
PID: 15053
SPID: 15053
Timestamp: 1688223785165669
Return value: 000000000000000000
------------------ SYSCALL EXIT STOP ------------------
------------------ SYSCALL ENTRY START ------------------
PID: 15053
SPID: 15053
Timestamp: 1688223785165952
Syscall = rt_sigprocmask (135)
------------------ SYSCALL ENTRY STOP ------------------
------------------ SYSCALL EXIT START ------------------
PID: 15053
SPID: 15053
Timestamp: 1688223785166541
Return value: 000000000000000000
------------------ SYSCALL EXIT STOP ------------------
------------------ SYSCALL ENTRY START ------------------
PID: 15053
SPID: 15053
Timestamp: 1688223785168502
Syscall = mprotect (226)
------------------ SYSCALL EXIT START ------------------
PID: 15184
SPID: 15184
Timestamp: 1688223962591163
Return value: 000000000000000000
------------------ SYSCALL EXIT STOP ------------------
------------------ SYSCALL ENTRY START ------------------
PID: 15184
SPID: 15184
Timestamp: 1688223962591291
Syscall = clock_gettime (113)
------------------ SYSCALL ENTRY STOP ------------------
------------------ SYSCALL EXIT START ------------------
PID: 15184
SPID: 15184
Timestamp: 1688223962591986
Return value: 000000000000000000
------------------ SYSCALL EXIT STOP ------------------
------------------ SYSCALL ENTRY START ------------------
PID: 15184
SPID: 15184
Timestamp: 1688223962592124
Syscall = ioctl (29)
------------------ SYSCALL ENTRY STOP ------------------
------------------ SYSCALL EXIT START ------------------
PID: 15184
SPID: 15184
Timestamp: 1688223962607227
Return value: 000000000000000000
------------------ SYSCALL EXIT STOP ------------------
------------------ SYSCALL ENTRY START ------------------
PID: 15184
SPID: 15184
Timestamp: 1688223962607306
Syscall = clock_gettime (113)
------------------ SYSCALL ENTRY STOP ------------------
------------------ SYSCALL EXIT START ------------------
PID: 15184
SPID: 15184
Timestamp: 1688223962607587
Return value: 000000000000000000
------------------ SYSCALL EXIT STOP ------------------
------------------ SYSCALL ENTRY START ------------------
PID: 15184
SPID: 15184
Timestamp: 1688223962608214
Syscall = ioctl (29)
------------------ SYSCALL ENTRY STOP ------------------
------------------ SYSCALL EXIT START ------------------
PID: 15184
SPID: 15184
Timestamp: 1688223962610766
Return value: 000000000000000000
------------------ SYSCALL EXIT STOP ------------------
------------------ SYSCALL ENTRY START ------------------
PID: 15184
SPID: 15184
Timestamp: 1688223962610959
Syscall = ioctl (29)
------------------ SYSCALL ENTRY STOP ------------------
------------------ SYSCALL EXIT START ------------------
PID: 15184
SPID: 15184
Timestamp: 1688223962612047
Return value: 000000000000000000
------------------ SYSCALL EXIT STOP ------------------
------------------ SYSCALL ENTRY START ------------------
PID: 15184
SPID: 15184
Timestamp: 1688223962612161
Syscall = futex (98)
------------------ SYSCALL ENTRY STOP ------------------
------------------ SYSCALL EXIT START ------------------
PID: 15184
SPID: 15184
Timestamp: 1688223962614645
Return value: 0x0000000000000001
------------------ SYSCALL EXIT STOP ------------------
------------------ SYSCALL ENTRY START ------------------
PID: 15184
SPID: 15184
Timestamp: 1688223962617123
Syscall = ioctl (29)
------------------ SYSCALL ENTRY STOP ------------------
------------------ SYSCALL EXIT START ------------------
PID: 15184
SPID: 15184
Timestamp: 1688223962619465
Return value: 000000000000000000
------------------ SYSCALL EXIT STOP ------------------
------------------ SYSCALL ENTRY START ------------------
PID: 15184
SPID: 15184
Timestamp: 1688223962619618
Syscall = ioctl (29)
------------------ SYSCALL ENTRY STOP ------------------
------------------ SYSCALL EXIT START ------------------
PID: 15184
SPID: 15184
Timestamp: 1688223962620138
Return value: 000000000000000000
------------------ SYSCALL EXIT STOP ------------------
------------------ SYSCALL ENTRY START ------------------
PID: 15184
SPID: 15184
Timestamp: 1688223962620221
Syscall = getuid (174)
------------------ SYSCALL ENTRY STOP ------------------
------------------ SYSCALL EXIT START ------------------
PID: 15184
SPID: 15184
Timestamp: 1688223962620512
Return value: 0x000000000000285d
------------------ SYSCALL EXIT STOP ------------------
------------------ SYSCALL ENTRY START ------------------
PID: 15184
SPID: 15184
Timestamp: 1688223962620557
Syscall = prctl (167)
------------------ SYSCALL ENTRY STOP ------------------
------------------ SYSCALL EXIT START ------------------
PID: 15184
SPID: 15184
Timestamp: 1688223962621533
Return value: 0x0000000000000001
------------------ SYSCALL EXIT STOP ------------------
------------------ SYSCALL ENTRY START ------------------
PID: 15184
SPID: 15184
Timestamp: 1688223962621750
Syscall = mprotect (226)
------------------ SYSCALL ENTRY STOP ------------------
------------------ SYSCALL EXIT START ------------------
PID: 15184
SPID: 15184
Timestamp: 1688223962622554
Return value: 000000000000000000
------------------ SYSCALL EXIT STOP ------------------
------------------ SYSCALL ENTRY START ------------------
PID: 15184
SPID: 15184
Timestamp: 1688223962622663
Syscall = mprotect (226)
------------------ SYSCALL ENTRY STOP ------------------
------------------ SYSCALL EXIT START ------------------
PID: 15184
SPID: 15184
Timestamp: 1688223962623481
Return value: 000000000000000000
------------------ SYSCALL EXIT STOP ------------------
------------------ SYSCALL ENTRY START ------------------
PID: 15184
SPID: 15184
Timestamp: 1688223962623545
Syscall = mprotect (226)
------------------ SYSCALL ENTRY STOP ------------------
------------------ SYSCALL EXIT START ------------------
PID: 15184
SPID: 15184
Timestamp: 1688223962624459
Return value: 000000000000000000
------------------ SYSCALL EXIT STOP ------------------
------------------ SYSCALL ENTRY START ------------------
PID: 15184
SPID: 15184
Timestamp: 1688223962624571
Syscall = mprotect (226)
------------------ SYSCALL ENTRY STOP ------------------
------------------ SYSCALL EXIT START ------------------
PID: 15184
SPID: 15184
Timestamp: 1688223962626667
Return value: 000000000000000000
------------------ SYSCALL EXIT STOP ------------------
------------------ SYSCALL ENTRY START ------------------
PID: 15184
SPID: 15184
Timestamp: 1688223962626769
Syscall = mmap (222)
------------------ SYSCALL ENTRY STOP ------------------
------------------ SYSCALL EXIT START ------------------
PID: 15184
SPID: 15184
Timestamp: 1688223962627897
Return value: 0x0000007544c0c000
------------------ SYSCALL EXIT STOP ------------------
------------------ SYSCALL ENTRY START ------------------
PID: 15184
SPID: 15184
Timestamp: 1688223962627985
Syscall = prctl (167)
------------------ SYSCALL ENTRY STOP ------------------
------------------SYSCALL EXIT START ------------------
PID: 15184
SPID: 15184
Timestamp: 1688223962628899
Return value: 000000000000000000
------------------ SYSCALL EXIT STOP ------------------
------------------ SYSCALL ENTRY START ------------------
PID: 15184
SPID: 15184
Timestamp: 1688223962629091
Syscall = openat (56)
------------------ SYSCALL ENTRY STOP ------------------
------------------ SYSCALL EXIT START ------------------
PID: 15184
SPID: 15184
Timestamp: 1688223962629677
Return value: 0xfffffffffffffffe
------------------ SYSCALL EXIT STOP ------------------
------------------ SYSCALL ENTRY START ------------------
PID: 15184
SPID: 15184
Timestamp: 1688223962631506
Syscall = openat (56)
------------------ SYSCALL ENTRY STOP ------------------
------------------ SYSCALL EXIT START ------------------
PID: 15184
SPID: 15184
Timestamp: 1688223962638599
Return value: 0xfffffffffffffffe
------------------ SYSCALL EXIT STOP ------------------
------------------ SYSCALL ENTRY START ------------------
PID: 15184
SPID: 15184
Timestamp: 1688223962638774
Syscall = mprotect (226)
------------------ SYSCALL ENTRY STOP ------------------
------------------ SYSCALL EXIT START ------------------
PID: 15184
SPID: 15184
Timestamp: 1688223962639553
Return value: 000000000000000000
------------------ SYSCALL EXIT STOP ------------------
------------------ SYSCALL ENTRY START ------------------
PID: 15184
SPID: 15184
Timestamp: 1688223962639618
Syscall = mprotect (226)
------------------ SYSCALL ENTRY STOP ------------------
------------------ SYSCALL EXIT START ------------------
PID: 15184
SPID: 15184
Timestamp: 1688223962641794
Return value: 000000000000000000
------------------ SYSCALL EXIT STOP ------------------
------------------ SYSCALL ENTRY START ------------------
PID: 15184
SPID: 15184
Timestamp: 1688223962642253
Syscall = mprotect (226)
------------------ SYSCALL ENTRY STOP ------------------
------------------ SYSCALL EXIT START ------------------
PID: 15184
SPID: 15184
Timestamp: 1688223962642938
Return value: 000000000000000000
------------------ SYSCALL EXIT STOP ------------------
------------------ SYSCALL ENTRY START ------------------
PID: 15184
SPID: 15184
Timestamp: 1688223962643050
Syscall = mprotect (226)
------------------ SYSCALL ENTRY STOP ------------------
------------------ SYSCALL EXIT START ------------------
PID: 15184
SPID: 15184
Timestamp: 1688223962643774
Return value: 000000000000000000
------------------ SYSCALL EXIT STOP ------------------
------------------ SYSCALL ENTRY START ------------------
PID: 15184
SPID: 15184
Timestamp: 1688223962643852
Syscall = munmap (215)
------------------ SYSCALL ENTRY STOP ------------------
------------------ SYSCALL EXIT START ------------------
PID: 15184
SPID: 15184
Timestamp: 1688223962644502
Return value: 000000000000000000
------------------ SYSCALL EXIT STOP ------------------
------------------ SYSCALL ENTRY START ------------------
PID: 15184
SPID: 15184
Timestamp: 1688223962645066
Syscall = ioctl (29)
------------------ SYSCALL ENTRY STOP ------------------
------------------ SYSCALL EXIT START ------------------
PID: 15184
SPID: 15184
Timestamp: 1688223962645986
Return value: 000000000000000000
------------------ SYSCALL EXIT STOP ------------------
------------------ SYSCALL ENTRY START ------------------
PID: 15184
SPID: 15184
Timestamp: 1688223962646255
Syscall = clock_gettime (113)
------------------ SYSCALL ENTRY STOP ------------------
------------------ SYSCALL EXIT START ------------------
PID: 15184
SPID: 15184
Timestamp: 1688223962676306
Return value: 000000000000000000
------------------ SYSCALL EXIT STOP ------------------
------------------ SYSCALL ENTRY START ------------------
PID: 15184
SPID: 15184
Timestamp: 1688223962676483
Syscall = clock_gettime (113)
------------------ SYSCALL ENTRY STOP ------------------
------------------ SYSCALL EXIT START ------------------
PID: 15184
SPID: 15184
Timestamp: 1688223962677645
Return value: 000000000000000000
------------------ SYSCALL EXIT STOP ------------------
------------------ SYSCALL ENTRY START ------------------
PID: 15184
SPID: 15184
Timestamp: 1688223962678330
Syscall = clock_gettime (113)
------------------ SYSCALL ENTRY STOP ------------------
------------------ SYSCALL EXIT START ------------------
PID: 15184
SPID: 15184
Timestamp: 1688223962681306
Return value: 000000000000000000
------------------ SYSCALL EXIT STOP ------------------
------------------ SYSCALL ENTRY START ------------------
PID: 15184
SPID: 15184
Timestamp: 1688223962681426
Syscall = ioctl (29)
------------------ SYSCALL ENTRY STOP ------------------
------------------ SYSCALL EXIT START ------------------
PID: 15184
SPID: 15184
Timestamp: 1688223962683116
Return value: 000000000000000000
------------------ SYSCALL EXIT STOP ------------------
------------------ SYSCALL ENTRY START ------------------
PID: 15184
SPID: 15184
Timestamp: 1688223962683280
Syscall = clock_gettime (113)
------------------ SYSCALL ENTRY STOP ------------------
------------------ SYSCALL EXIT START ------------------
PID: 15184
SPID: 15184
Timestamp:1688223962684277
Return value: 000000000000000000
------------------ SYSCALL EXIT STOP ------------------
------------------ SYSCALL ENTRY START ------------------
PID: 15184
SPID: 15184
Timestamp: 1688223962684404
Syscall = ioctl (29)
------------------ SYSCALL ENTRY STOP ------------------
------------------ SYSCALL EXIT START ------------------
PID: 15184
SPID: 15184
Timestamp: 1688223962685848
Return value: 000000000000000000
------------------ SYSCALL EXIT STOP ------------------
------------------ SYSCALL ENTRY START ------------------
PID: 15184
SPID: 15184
Timestamp: 1688223962686121
Syscall = mprotect (226)
------------------ SYSCALL ENTRY STOP ------------------
------------------ SYSCALL EXIT START ------------------
PID: 15184
SPID: 15184
Timestamp: 1688223962687728
Return value: 000000000000000000
------------------ SYSCALL EXIT STOP ------------------
------------------ SYSCALL ENTRY START ------------------
PID: 15184
SPID: 15184
Timestamp: 1688223962687830
Syscall = mprotect (226)
------------------ SYSCALL ENTRY STOP ------------------
------------------ SYSCALL EXIT START ------------------
PID: 15184
SPID: 15184
Timestamp: 1688223962688613
Return value: 000000000000000000
------------------ SYSCALL EXIT STOP ------------------
------------------ SYSCALL ENTRY START ------------------
PID: 15184
SPID: 15184
Timestamp: 1688223962688835
Syscall = clock_gettime (113)
------------------ SYSCALL ENTRY STOP ------------------
------------------ SYSCALL EXIT START ------------------
PID: 15184
SPID: 15184
Timestamp: 1688223962689752
Return value: 000000000000000000
------------------ SYSCALL EXIT STOP ------------------
------------------ SYSCALL ENTRY START ------------------
PID: 15184
SPID: 15184
Timestamp: 1688223962689852
Syscall = ioctl (29)
------------------ SYSCALL ENTRY STOP ------------------
------------------ SYSCALL EXIT START ------------------
PID: 15184
SPID: 15184
Timestamp: 1688223962691145
Return value: 000000000000000000
------------------ SYSCALL EXIT STOP ------------------
------------------ SYSCALL ENTRY START ------------------
PID: 15184
SPID: 15184
Timestamp: 1688223962691328
Syscall = clock_gettime (113)
------------------ SYSCALL ENTRY STOP ------------------
------------------ SYSCALL EXIT START ------------------
PID: 15184
SPID: 15184
Timestamp: 1688223962698462
Return value: 000000000000000000
------------------ SYSCALL EXIT STOP ------------------
------------------ SYSCALL ENTRY START ------------------
PID: 15184
SPID: 15184
Timestamp: 1688223962698593
Syscall = ioctl (29)
------------------ SYSCALL ENTRY STOP ------------------
------------------ SYSCALL EXIT START ------------------
PID: 15184
SPID: 15184
Timestamp: 1688223962699037
Return value: 000000000000000000
------------------ SYSCALL EXIT STOP ------------------
------------------ SYSCALL ENTRY START ------------------
PID: 15184
SPID: 15184
Timestamp: 1688223962699663
Syscall = write (64)
------------------ SYSCALL ENTRY STOP ------------------
------------------ SYSCALL EXIT START ------------------
PID: 15184
SPID: 15184
Timestamp: 1688223962701724
Return value: 0x0000000000000008
------------------ SYSCALL EXIT STOP ------------------
------------------ SYSCALL ENTRY START ------------------
PID: 15184
SPID: 15184
Timestamp: 1688223962702857
Syscall = ioctl (29)
------------------ SYSCALL ENTRY STOP ------------------
------------------ SYSCALL EXIT START ------------------
PID: 15184
SPID: 15184
Timestamp: 1688223962705818
Return value: 000000000000000000
------------------ SYSCALL EXIT STOP ------------------
------------------ SYSCALL ENTRY START ------------------
PID: 15184
SPID: 15184
Timestamp: 1688223962708920
Syscall = clock_gettime (113)
------------------ SYSCALL ENTRY STOP ------------------
------------------ SYSCALL EXIT START ------------------
PID: 15184
SPID: 15184
Timestamp: 1688223962712427
Return value: 000000000000000000
------------------ SYSCALL EXIT STOP ------------------
------------------ SYSCALL ENTRY START ------------------
PID: 15184
SPID: 15184
Timestamp: 1688223962712551
Syscall = ioctl (29)
------------------ SYSCALL ENTRY STOP ------------------
------------------ SYSCALL EXIT START ------------------
PID: 15184
SPID: 15184
Timestamp: 1688223962714134
Return value: 000000000000000000
------------------ SYSCALL EXIT STOP ------------------
------------------ SYSCALL ENTRY START ------------------
PID: 15184
SPID: 15184
Timestamp: 1688223962714263
Syscall = clock_gettime (113)
------------------ SYSCALL ENTRY STOP ------------------
------------------ SYSCALL EXIT START ------------------
PID: 15184
SPID: 15184
Timestamp: 1688223962715178
Return value: 000000000000000000
------------------ SYSCALL EXIT STOP ------------------
------------------ SYSCALL ENTRY START ------------------
PID: 15184
SPID: 15184
Timestamp: 1688223962715387
Syscall = ioctl (29)
------------------ SYSCALL ENTRY STOP ------------------
------------------ SYSCALL EXIT START ------------------
PID: 15184
SPID: 15184
Timestamp: 1688223962716233
Return value: 000000000000000000
------------------ SYSCALL EXIT STOP ------------------
------------------ SYSCALL ENTRY START ------------------
PID: 15184
SPID: 15184
Timestamp: 1688223962718043
Syscall = write (64)
------------------ SYSCALL ENTRY STOP ------------------
------------------ SYSCALL EXIT START ------------------
PID: 15184
SPID: 15184
Timestamp: 1688223962720588
Return value: 0x0000000000000008
------------------ SYSCALL EXIT STOP ------------------
------------------ SYSCALL ENTRY START ------------------
PID: 15184
SPID: 15184
Timestamp: 1688223962720811
Syscall = write (64)
------------------ SYSCALL ENTRY STOP ------------------
------------------ SYSCALL EXIT START ------------------
PID: 15184
SPID: 15184
Timestamp: 1688223962721818
Return value: 0x0000000000000008
------------------ SYSCALL EXIT STOP ------------------
------------------ SYSCALL ENTRY START ------------------
PID: 15184
SPID: 15184
Timestamp: 1688223962722264
Syscall = getuid (174)
------------------ SYSCALL ENTRY STOP ------------------
------------------ SYSCALL EXIT START ------------------
PID: 15184
SPID: 15184
Timestamp: 1688223962723061
Return value: 0x000000000000285d
------------------ SYSCALL EXIT STOP ------------------
------------------ SYSCALL ENTRY START ------------------
PID: 15184
SPID: 15184
Timestamp: 1688223962723296
Syscall = getuid (174)
------------------ SYSCALL ENTRY STOP ------------------
------------------ SYSCALL EXIT START ------------------
PID: 15184
SPID: 15184
Timestamp: 1688223962723952
Return value: 0x000000000000285d
------------------ SYSCALL EXIT STOP ------------------
------------------ SYSCALL ENTRY START ------------------
PID: 15184
SPID: 15184
Timestamp: 1688223962724158
Syscall = getuid (174)
------------------ SYSCALL ENTRY STOP ------------------
------------------ SYSCALL EXIT START ------------------
PID: 15184
SPID: 15184
Timestamp: 1688223962726000
Return value: 0x000000000000285d
------------------ SYSCALL EXIT STOP ------------------
------------------ SYSCALL ENTRY START ------------------
PID: 15184
SPID: 15184
Timestamp: 1688223962726198
Syscall = getuid (174)
------------------ SYSCALL ENTRY STOP ------------------
------------------ SYSCALL EXIT START ------------------
PID: 15184
SPID: 15184
Timestamp: 1688223962726888
Return value: 0x000000000000285d
------------------ SYSCALL EXIT STOP ------------------
------------------ SYSCALL ENTRY START ------------------
PID: 15184
SPID: 15184
Timestamp: 1688223962727019
Syscall = gettimeofday (169)
------------------ SYSCALL ENTRY STOP ------------------
------------------ SYSCALL EXIT START ------------------
PID: 15184
SPID: 15184
Timestamp: 1688223962727695
Return value: 000000000000000000
------------------ SYSCALL EXIT STOP ------------------
------------------ SYSCALL ENTRY START ------------------
PID: 15184
SPID: 15184
Timestamp: 1688223962729663
Syscall = futex (98)
------------------ SYSCALL ENTRY STOP ------------------
------------------ SYSCALL EXIT START ------------------
PID: 15184
SPID: 15184
Timestamp: 1688223962738872
Return value: 000000000000000000
------------------ SYSCALL EXIT STOP ------------------
------------------ SYSCALL ENTRY START ------------------
PID: 15184
SPID: 15184
Timestamp: 1688223962739071
Syscall = futex (98)
------------------ SYSCALL ENTRY STOP ------------------
------------------ SYSCALL EXIT START ------------------
PID: 15184
SPID: 15184
Timestamp: 1688223962739988
Return value: 000000000000000000
------------------ SYSCALL EXIT STOP ------------------
------------------ SYSCALL ENTRY START ------------------
PID: 15184
SPID: 15184
Timestamp: 1688223962740174
Syscall = futex (98)
------------------ SYSCALL ENTRY STOP ------------------
------------------ SYSCALL EXIT START ------------------
PID: 15184
SPID: 15184
Timestamp: 1688223962740848
Return value: 000000000000000000
------------------ SYSCALL EXIT STOP ------------------
------------------ SYSCALL ENTRY START ------------------
PID: 15184
SPID: 15184
Timestamp: 1688223962740909
Syscall = futex (98)
------------------ SYSCALL ENTRY STOP ------------------
------------------ SYSCALL EXIT START ------------------
PID: 15184
SPID: 15184
Timestamp: 1688223962741605
Return value: 000000000000000000
------------------ SYSCALL EXIT STOP ------------------
------------------ SYSCALL ENTRY START ------------------
PID: 15184
SPID: 15184
Timestamp: 1688223962741721
Syscall = futex (98)
------------------ SYSCALL ENTRY STOP ------------------
------------------ SYSCALL EXIT START ------------------
PID: 15184
SPID: 15184
Timestamp: 1688223962742420
Return value: 000000000000000000
------------------ SYSCALL EXIT STOP ------------------
------------------ SYSCALL ENTRY START ------------------
PID: 15184
SPID: 15184
Timestamp: 1688223962742500
Syscall = futex (98)
------------------ SYSCALL ENTRY STOP ------------------
------------------ SYSCALL EXIT START ------------------
PID: 15184
SPID: 15184
Timestamp: 1688223962743087
Return value: 000000000000000000
------------------ SYSCALL EXIT STOP ------------------
------------------ SYSCALL ENTRY START ------------------
PID: 15184
SPID: 15184
Timestamp: 1688223962743164
Syscall = futex (98)
------------------ SYSCALL ENTRY STOP ------------------
------------------ SYSCALL EXIT START ------------------
PID: 15184
SPID: 15184
Timestamp: 1688223962743790
Return value: 000000000000000000
------------------ SYSCALL EXIT STOP ------------------
------------------ SYSCALL ENTRY START ------------------
PID: 15184
SPID: 15184
Timestamp: 1688223962743876
Syscall = futex (98)
------------------ SYSCALL ENTRY STOP ------------------
------------------ SYSCALL EXIT START ------------------
PID: 15184
SPID: 15184
Timestamp: 1688223962745647
Return value: 000000000000000000
------------------ SYSCALL EXIT STOP ------------------
------------------ SYSCALL ENTRY START ------------------
PID: 15184
SPID: 15184
Timestamp: 1688223962746008
Syscall = futex (98)
------------------ SYSCALL ENTRY STOP ------------------
------------------ SYSCALL EXIT START ------------------
PID: 15184
SPID: 15184
Timestamp: 1688223962747968
Return value: 000000000000000000
------------------ SYSCALL EXIT STOP ------------------
------------------ SYSCALL ENTRY START ------------------
PID: 15184
SPID: 15184
Timestamp: 1688223962748082
Syscall = futex (98)
------------------ SYSCALL ENTRY STOP ------------------
------------------ SYSCALL EXIT START ------------------
PID: 15184
SPID: 15184
Timestamp: 1688223962748971
Return value: 000000000000000000
------------------ SYSCALL EXIT STOP ------------------
------------------ SYSCALL ENTRY START ------------------
PID: 15184
SPID: 15184
Timestamp: 1688223962749789
Syscall = futex (98)
------------------ SYSCALL ENTRY STOP ------------------
------------------ SYSCALL EXIT START ------------------
PID: 15184
SPID: 15184
Timestamp: 1688223962752663
Return value: 000000000000000000
------------------ SYSCALL EXIT STOP ------------------
------------------ SYSCALL ENTRY START ------------------
PID: 15184
SPID: 15184
Timestamp: 1688223962752790
Syscall = futex (98)
------------------ SYSCALL ENTRY STOP ------------------
------------------ SYSCALL EXIT START ------------------
PID: 15184
SPID: 15184
Timestamp: 1688223962753902
Return value: 000000000000000000
------------------ SYSCALL EXIT STOP ------------------
------------------ SYSCALL ENTRY START ------------------
PID: 15184
SPID: 15184
Timestamp: 1688223962754038
Syscall = futex (98)
------------------ SYSCALL ENTRY STOP ------------------
------------------ SYSCALL EXIT START ------------------
PID: 15184
SPID: 15184
Timestamp: 1688223962754916
Return value: 000000000000000000
------------------ SYSCALL EXIT STOP ------------------
------------------ SYSCALL ENTRY START ------------------
PID: 15184
SPID: 15184
Timestamp: 1688223962755003
Syscall = futex (98)
------------------ SYSCALL ENTRY STOP ------------------
------------------ SYSCALL EXIT START ------------------
PID: 15184
SPID: 15184
Timestamp: 1688223962756415
Return value: 000000000000000000
------------------ SYSCALL EXIT STOP ------------------
------------------ SYSCALL ENTRY START ------------------
PID: 15184
SPID: 15184
Timestamp: 1688223962756556
Syscall = futex (98)
------------------ SYSCALL ENTRY STOP ------------------
------------------ SYSCALL EXIT START ------------------
PID: 15184
SPID: 15184
Timestamp: 1688223962757933
Return value: 000000000000000000
------------------ SYSCALL EXIT STOP ------------------
------------------ SYSCALL ENTRY START ------------------
PID: 15184
SPID: 15184
Timestamp: 1688223962758030
Syscall = futex (98)
------------------ SYSCALL ENTRY STOP ------------------
------------------ SYSCALL EXIT START ------------------
PID: 15184
SPID: 15184
Timestamp: 1688223962758664
Return value: 000000000000000000
------------------ SYSCALL EXIT STOP ------------------
------------------ SYSCALL ENTRY START ------------------
PID: 15184
SPID: 15184
Timestamp: 1688223962758737
Syscall = futex (98)
------------------ SYSCALL ENTRY STOP ------------------
------------------ SYSCALL EXIT START ------------------
PID: 15184
SPID: 15184
Timestamp: 1688223962759439
Return value: 000000000000000000
------------------ SYSCALL EXIT STOP ------------------
------------------ SYSCALL ENTRY START ------------------
PID: 15184
SPID: 15184
Timestamp: 1688223962759522
Syscall = futex (98)
------------------ SYSCALL ENTRY STOP ------------------
------------------ SYSCALL EXIT START ------------------
PID: 15184
SPID: 15184
Timestamp: 1688223962760251
Return value: 000000000000000000
------------------ SYSCALL EXIT STOP ------------------
------------------ SYSCALL ENTRY START ------------------
PID: 15184
SPID: 15184
Timestamp: 1688223962760322
Syscall = futex (98)
------------------ SYSCALL ENTRY STOP ------------------
------------------ SYSCALL EXIT START ------------------
PID: 15184
SPID: 15184
Timestamp: 1688223962761700
Return value: 000000000000000000
------------------ SYSCALL EXIT STOP ------------------
------------------ SYSCALL ENTRY START ------------------
PID: 15184
SPID: 15184
Timestamp: 1688223962761784
Syscall = futex (98)
------------------ SYSCALL ENTRY STOP ------------------
------------------ SYSCALL EXIT START ------------------
PID: 15184
SPID: 15184
Timestamp: 1688223962762435
Return value: 000000000000000000
------------------ SYSCALL EXIT STOP ------------------
------------------ SYSCALL ENTRY START ------------------
PID: 15184
SPID: 15184
Timestamp: 1688223962762518
Syscall = futex (98)
------------------ SYSCALL ENTRY STOP ------------------
------------------ SYSCALL EXIT START ------------------
PID: 15184
SPID: 15184
Timestamp: 1688223962763141
Return value: 000000000000000000
------------------ SYSCALL EXIT STOP ------------------
------------------ SYSCALL ENTRY START ------------------
PID: 15184
SPID: 15184
Timestamp: 1688223962763223
Syscall = futex (98)
------------------ SYSCALL ENTRY STOP ------------------
------------------ SYSCALL EXIT START ------------------
PID: 15184
SPID: 15184
Timestamp: 1688223962763848
Return value: 0x0000000000000001
------------------ SYSCALL EXIT STOP ------------------
------------------ SYSCALL ENTRY START ------------------
PID: 15184
SPID: 15184
Timestamp: 1688223962763928
Syscall = futex (98)
------------------ SYSCALL ENTRY STOP ------------------
------------------ SYSCALL EXIT START ------------------
PID: 15184
SPID: 15184
Timestamp: 1688223962764569
Return value: 0x0000000000000001
------------------ SYSCALL EXIT STOP ------------------
------------------ SYSCALL ENTRY START ------------------
PID: 15184
SPID: 15184
Timestamp: 1688223962777754
Syscall = clock_gettime (113)
------------------ SYSCALL ENTRY STOP ------------------
------------------ SYSCALL EXIT START ------------------
PID: 15184
SPID: 15184
Timestamp: 1688223962778573
Return value: 000000000000000000
------------------ SYSCALL EXIT STOP ------------------
------------------ SYSCALL ENTRY START ------------------
PID: 15184
SPID: 15184
Timestamp: 1688223962778921
Syscall = clock_gettime (113)
------------------ SYSCALL ENTRY STOP ------------------
------------------ SYSCALL EXIT START ------------------
PID: 15184
SPID: 15184
Timestamp: 1688223962779556
Return value: 000000000000000000
------------------ SYSCALL EXIT STOP ------------------
------------------ SYSCALL ENTRY START ------------------
PID: 15184
SPID: 15184
Timestamp: 1688223962779771
Syscall = clock_gettime (113)
------------------ SYSCALL ENTRY STOP ------------------
------------------ SYSCALL EXIT START ------------------
PID: 15184
SPID: 15184
Timestamp: 1688223962780359
Return value: 000000000000000000
------------------ SYSCALL EXIT STOP ------------------
------------------ SYSCALL ENTRY START ------------------
PID: 15184
SPID: 15184
Timestamp: 1688223962780557
Syscall = clock_gettime (113)
------------------ SYSCALL ENTRY STOP ------------------
------------------ SYSCALL EXIT START ------------------
PID: 15184
SPID: 15184
Timestamp: 1688223962781114
Return value: 000000000000000000
------------------ SYSCALL EXIT STOP ------------------
------------------ SYSCALL ENTRY START ------------------
PID: 15184
SPID: 15184
Timestamp: 1688223962782038
Syscall = clock_gettime (113)
------------------ SYSCALL ENTRY STOP ------------------
------------------ SYSCALL EXIT START ------------------
PID: 15184
SPID: 15184
Timestamp: 1688223962782763
Return value: 000000000000000000
------------------ SYSCALL EXIT STOP ------------------
------------------ SYSCALL ENTRY START ------------------
PID: 15184
SPID: 15184
Timestamp: 1688223962782978
Syscall = clock_gettime (113)
------------------ SYSCALL ENTRY STOP ------------------
------------------ SYSCALL EXIT START ------------------
PID: 15184
SPID: 15184
Timestamp: 1688223962783579
Return value: 000000000000000000
------------------ SYSCALL EXIT STOP ------------------
------------------ SYSCALL ENTRY START ------------------
PID: 15184
SPID: 15184
Timestamp: 1688223962783789
Syscall = ioctl (29)
------------------ SYSCALL ENTRY STOP ------------------
------------------ SYSCALL EXIT START ------------------
PID: 15184
SPID: 15184
Timestamp: 1688223962785011
Return value: 000000000000000000
------------------ SYSCALL EXIT STOP ------------------
------------------ SYSCALL ENTRY START ------------------
PID: 15184
SPID: 15184
Timestamp: 1688223962785807
Syscall = clock_gettime (113)
------------------ SYSCALL ENTRY STOP ------------------
------------------ SYSCALL EXIT START ------------------
PID: 15184
SPID: 15184
Timestamp: 1688223962786526
Return value: 000000000000000000
------------------ SYSCALL EXIT STOP ------------------
------------------ SYSCALL ENTRY START ------------------
PID: 15184
SPID: 15184
Timestamp: 1688223962786737
Syscall = ioctl (29)
------------------ SYSCALL ENTRY STOP ------------------
------------------ SYSCALL EXIT START ------------------
PID: 15184
SPID: 15184
Timestamp: 1688223962787404
Return value: 000000000000000000
------------------ SYSCALL EXIT STOP ------------------
------------------ SYSCALL ENTRY START ------------------
PID: 15184
SPID: 15184
Timestamp: 1688223962787986
Syscall = clock_gettime (113)
------------------ SYSCALL ENTRY STOP ------------------
------------------ SYSCALL EXIT START ------------------
PID: 15184
SPID: 15184
Timestamp: 1688223962788736
Return value: 000000000000000000
------------------ SYSCALL EXIT STOP ------------------
------------------ SYSCALL ENTRY START ------------------
PID: 15184
SPID: 15184
Timestamp: 1688223962788819
Syscall = clock_gettime (113)
------------------ SYSCALL ENTRY STOP ------------------
------------------ SYSCALL EXIT START ------------------
PID: 15184
SPID: 15184
Timestamp: 1688223962789466
Return value: 000000000000000000
------------------ SYSCALL EXIT STOP ------------------
------------------ SYSCALL ENTRY START ------------------
PID: 15184
SPID: 15184
Timestamp: 1688223962789696
Syscall = clock_gettime (113)
------------------ SYSCALL ENTRY STOP ------------------
------------------ SYSCALL EXIT START ------------------
PID: 15184
SPID: 15184
Timestamp: 1688223962790332
Return value: 000000000000000000
------------------ SYSCALL EXIT STOP ------------------
------------------ SYSCALL ENTRY START ------------------
PID: 15184
SPID: 15184
Timestamp: 1688223962790423
Syscall = clock_gettime (113)
------------------ SYSCALL ENTRY STOP ------------------
------------------ SYSCALL EXIT START ------------------
PID: 15184
SPID: 15184
Timestamp: 1688223962791011
Return value: 000000000000000000
------------------ SYSCALL EXIT STOP ------------------
------------------ SYSCALL ENTRY START ------------------
PID: 15184
SPID: 15184
Timestamp: 1688223962791199
Syscall = clock_gettime (113)
------------------ SYSCALL ENTRY STOP ------------------
------------------ SYSCALL EXIT START ------------------
PID: 15184
SPID: 15184
Timestamp: 1688223962791838
Return value: 000000000000000000
------------------ SYSCALL EXIT STOP ------------------
------------------ SYSCALL ENTRY START ------------------
PID: 15184
SPID: 15184
Timestamp: 1688223962791968
Syscall = clock_gettime (113)
------------------ SYSCALL ENTRY STOP ------------------
------------------ SYSCALL EXIT START ------------------
PID: 15184
SPID: 15184
Timestamp: 1688223962792561
Return value: 000000000000000000
------------------ SYSCALL EXIT STOP ------------------
------------------ SYSCALL ENTRY START ------------------
PID: 15184
SPID: 15184
Timestamp: 1688223962792780
Syscall = clock_gettime (113)
------------------ SYSCALL ENTRY STOP ------------------
------------------ SYSCALL EXIT START ------------------
PID: 15184
SPID: 15184
Timestamp: 1688223962793352
Return value: 000000000000000000
------------------ SYSCALL EXIT STOP ------------------
------------------ SYSCALL ENTRY START ------------------
PID: 15184
SPID: 15184
Timestamp: 1688223962793541
Syscall = clock_gettime (113)
------------------ SYSCALL ENTRY STOP ------------------
------------------ SYSCALL EXIT START ------------------
PID: 15184
SPID: 15184
Timestamp: 1688223962794069
Return value: 000000000000000000
------------------ SYSCALL EXIT STOP ------------------
------------------ SYSCALL ENTRY START ------------------
PID: 15184
SPID: 15184
Timestamp: 1688223962794520
Syscall = write (64)
------------------ SYSCALL ENTRY STOP ------------------
------------------ SYSCALL EXIT START ------------------
PID: 15184
SPID: 15184
Timestamp: 1688223962796070
Return value: 0x0000000000000008
------------------ SYSCALL EXIT STOP ------------------
------------------ SYSCALL ENTRY START ------------------
PID: 15184
SPID: 15184
Timestamp: 1688223962796212
Syscall = clock_gettime (113)
------------------ SYSCALL ENTRY STOP ------------------
------------------ SYSCALL EXIT START ------------------
PID: 15184
SPID: 15184
Timestamp: 1688223962796986
Return value: 000000000000000000
------------------ SYSCALL EXIT STOP ------------------
------------------ SYSCALL ENTRY START ------------------
PID: 15184
SPID: 15184
Timestamp: 1688223962799363
Syscall = clock_gettime (113)
------------------ SYSCALL ENTRY STOP ------------------
------------------ SYSCALL EXIT START ------------------
PID: 15184
SPID: 15184
Timestamp: 1688223962800484
Return value: 000000000000000000
------------------ SYSCALL EXIT STOP ------------------
------------------ SYSCALL ENTRY START ------------------
PID: 15184
SPID: 15184
Timestamp: 1688223962800553
Syscall = clock_gettime (113)
------------------ SYSCALL ENTRY STOP ------------------
------------------ SYSCALL EXIT START ------------------
PID: 15184
SPID: 15184
Timestamp: 1688223962801197
Return value: 000000000000000000
------------------ SYSCALL EXIT STOP ------------------
------------------ SYSCALL ENTRY START ------------------
PID: 15184
SPID: 15184
Timestamp: 1688223962801397
Syscall = clock_gettime (113)
------------------ SYSCALL ENTRY STOP ------------------
------------------ SYSCALL EXIT START ------------------
PID: 15184
SPID: 15184
Timestamp: 1688223962802124
Return value: 000000000000000000
------------------ SYSCALL EXIT STOP ------------------
------------------ SYSCALL ENTRY START ------------------
PID: 15184
SPID: 15184
Timestamp: 1688223962803087
Syscall = clock_gettime (113)
------------------ SYSCALL ENTRY STOP ------------------
------------------ SYSCALL EXIT START ------------------
PID: 15184
SPID: 15184
Timestamp: 1688223962803847
Return value: 000000000000000000
------------------ SYSCALL EXIT STOP ------------------
------------------ SYSCALL ENTRY START ------------------
PID: 15184
SPID: 15184
Timestamp: 1688223962807488
Syscall = prctl (167)
------------------ SYSCALL ENTRY STOP ------------------
------------------ SYSCALL EXIT START ------------------
PID: 15184
SPID: 15184
Timestamp: 1688223962808350
Return value: 0x0000000000000001
------------------ SYSCALL EXIT STOP ------------------
------------------ SYSCALL ENTRY START ------------------
PID: 15184
SPID: 15184
Timestamp: 1688223962808517
Syscall = mprotect (226)
------------------ SYSCALL ENTRY STOP ------------------
------------------ SYSCALL EXIT START ------------------
PID: 15184
SPID: 15184
Timestamp: 1688223962809113
Return value: 000000000000000000
------------------ SYSCALL EXIT STOP ------------------
------------------ SYSCALL ENTRY START ------------------
PID: 15184
SPID: 15184
Timestamp: 1688223962809210
Syscall = mprotect (226)
------------------ SYSCALLENTRY STOP ------------------
------------------ SYSCALL EXIT START ------------------
PID: 15184
SPID: 15184
Timestamp: 1688223962809885
Return value: 000000000000000000
------------------ SYSCALL EXIT STOP ------------------
------------------ SYSCALL ENTRY START ------------------
PID: 15184
SPID: 15184
Timestamp: 1688223962809961
Syscall = mprotect (226)
------------------ SYSCALL ENTRY STOP ------------------
------------------ SYSCALL EXIT START ------------------
PID: 15184
SPID: 15184
Timestamp: 1688223962810676
Return value: 000000000000000000
------------------ SYSCALL EXIT STOP ------------------
------------------ SYSCALL ENTRY START ------------------
PID: 15184
SPID: 15184
Timestamp: 1688223962810767
Syscall = mprotect (226)
------------------ SYSCALL ENTRY STOP ------------------
------------------ SYSCALL EXIT START ------------------
PID: 15184
SPID: 15184
Timestamp: 1688223962811993
Return value: 000000000000000000
------------------ SYSCALL EXIT STOP ------------------
------------------ SYSCALL ENTRY START ------------------
PID: 15184
SPID: 15184
Timestamp: 1688223962812087
Syscall = mmap (222)
------------------ SYSCALL ENTRY STOP ------------------
------------------ SYSCALL EXIT START ------------------
PID: 15184
SPID: 15184
Timestamp: 1688223962812857
Return value: 0x0000007544c0c000
------------------ SYSCALL EXIT STOP ------------------
------------------ SYSCALL ENTRY START ------------------
PID: 15184
SPID: 15184
Timestamp: 1688223962812898
Syscall = prctl (167)
------------------ SYSCALL ENTRY STOP ------------------
------------------ SYSCALL EXIT START ------------------
PID: 15184
SPID: 15184
Timestamp: 1688223962813497
Return value: 000000000000000000
------------------ SYSCALL EXIT STOP ------------------
------------------ SYSCALL ENTRY START ------------------
PID: 15184
SPID: 15184
Timestamp: 1688223962813583
Syscall = openat (56)
------------------ SYSCALL ENTRY STOP ------------------
------------------ SYSCALL EXIT START ------------------
PID: 15184
SPID: 15184
Timestamp: 1688223962814216
Return value: 0x0000000000000069
------------------ SYSCALL EXIT STOP ------------------
------------------ SYSCALL ENTRY START ------------------
PID: 15184
SPID: 15184
Timestamp: 1688223962814285
Syscall = readlinkat (78)
------------------ SYSCALL ENTRY STOP ------------------
------------------ SYSCALL EXIT START ------------------
PID: 15184
SPID: 15184
Timestamp: 1688223962815014
Return value: 0x0000000000000025
------------------ SYSCALL EXIT STOP ------------------
------------------ SYSCALL ENTRY START ------------------
PID: 15184
SPID: 15184
Timestamp: 1688223962815081
Syscall = fstat (80)
------------------ SYSCALL ENTRY STOP ------------------
------------------ SYSCALL EXIT START ------------------
PID: 15184
SPID: 15184
Timestamp: 1688223962816228
Return value: 000000000000000000
------------------ SYSCALL EXIT STOP ------------------
------------------ SYSCALL ENTRY START ------------------
PID: 15184
SPID: 15184
Timestamp: 1688223962816860
Syscall = mmap (222)
------------------ SYSCALL ENTRY STOP ------------------
------------------ SYSCALL EXIT START ------------------
PID: 15184
SPID: 15184
Timestamp: 1688223962817641
Return value: 0x00000075ddf63000
------------------ SYSCALL EXIT STOP ------------------
------------------ SYSCALL ENTRY START ------------------
PID: 15184
SPID: 15184
Timestamp: 1688223962817684
Syscall = prctl (167)
------------------ SYSCALL ENTRY STOP ------------------
------------------ SYSCALL EXIT START ------------------
PID: 15184
SPID: 15184
Timestamp: 1688223962818287
Return value: 000000000000000000
------------------ SYSCALL EXIT STOP ------------------
------------------ SYSCALL ENTRY START ------------------
PID: 15184
SPID: 15184
Timestamp: 1688223962818766
Syscall = munmap (215)
------------------ SYSCALL ENTRY STOP ------------------
------------------ SYSCALL EXIT START ------------------
PID: 15184
SPID: 15184
Timestamp: 1688223962819434
Return value: 000000000000000000
------------------ SYSCALL EXIT STOP ------------------
------------------ SYSCALL ENTRY START ------------------
PID: 15184
SPID: 15184
Timestamp: 1688223962819517
Syscall = close (57)
------------------ SYSCALL ENTRY STOP ------------------
------------------ SYSCALL EXIT START ------------------
PID: 15184
SPID: 15184
Timestamp: 1688223962820091
Return value: 000000000000000000
------------------ SYSCALL EXIT STOP ------------------
------------------ SYSCALL ENTRY START ------------------
PID: 15184
SPID: 15184
Timestamp: 1688223962820166
Syscall = mprotect (226)
------------------ SYSCALL ENTRY STOP ------------------
------------------ SYSCALL EXIT START ------------------
PID: 15184
SPID: 15184
Timestamp: 1688223962821092
Return value: 000000000000000000
------------------ SYSCALL EXIT STOP ------------------
------------------ SYSCALL ENTRY START ------------------
PID: 15184
SPID: 15184
Timestamp: 1688223962821175
Syscall = mprotect (226)
------------------ SYSCALL ENTRY STOP ------------------
------------------ SYSCALL EXIT START ------------------
PID: 15184
SPID: 15184
Timestamp: 1688223962821917
Return value: 000000000000000000
------------------ SYSCALL EXIT STOP ------------------
------------------ SYSCALL ENTRY START ------------------
PID: 15184
SPID: 15184
Timestamp: 1688223962822037
Syscall = mprotect (226)
------------------ SYSCALL ENTRY STOP ------------------
------------------ SYSCALL EXIT START ------------------
PID: 15184
SPID: 15184
Timestamp: 1688223962822847
Return value: 000000000000000000
------------------ SYSCALL EXIT STOP ------------------
------------------ SYSCALL ENTRY START ------------------
PID: 15184
SPID: 15184
Timestamp: 1688223962822920
Syscall = mprotect (226)
------------------ SYSCALL ENTRY STOP ------------------
------------------ SYSCALL EXIT START ------------------
PID: 15184
SPID: 15184
Timestamp: 1688223962823625
Return value: 000000000000000000
------------------ SYSCALL EXIT STOP ------------------
------------------ SYSCALL ENTRY START ------------------
PID: 15184
SPID: 15184
Timestamp: 1688223962823695
Syscall = munmap (215)
------------------ SYSCALL ENTRY STOP ------------------
------------------ SYSCALL EXIT START ------------------
PID: 15184
SPID: 15184
Timestamp: 1688223962824363
Return value: 000000000000000000
------------------ SYSCALL EXIT STOP ------------------
------------------ SYSCALL ENTRY START ------------------
PID: 15184
SPID: 15184
Timestamp: 1688223962824438
Syscall = prctl (167)
------------------ SYSCALL ENTRY STOP ------------------
------------------ SYSCALL EXIT START ------------------
PID: 15184
SPID: 15184
Timestamp: 1688223962825295
Return value: 0x0000000000000001
------------------ SYSCALL EXIT STOP ------------------
------------------ SYSCALL ENTRY START ------------------
PID: 15184
SPID: 15184
Timestamp: 1688223962834628
Syscall = clock_gettime (113)
------------------ SYSCALL ENTRY STOP ------------------
------------------ SYSCALL EXIT START ------------------
PID: 15184
SPID: 15184
Timestamp: 1688223962835567
Return value: 000000000000000000
------------------ SYSCALL EXIT STOP ------------------
------------------ SYSCALL ENTRY START ------------------
PID: 15184
SPID: 15184
Timestamp: 1688223962835666
Syscall = write (64)
------------------ SYSCALL ENTRY STOP ------------------
------------------ SYSCALL EXIT START ------------------
PID: 15184
SPID: 15184
Timestamp: 1688223962836388
Return value: 0x0000000000000008
------------------ SYSCALL EXIT STOP ------------------
------------------ SYSCALL ENTRY START ------------------
PID: 15184
SPID: 15184
Timestamp: 1688223962836429
Syscall = futex (98)
------------------ SYSCALL ENTRY STOP ------------------
------------------ SYSCALL EXIT START ------------------
PID: 15184
SPID: 15184
Timestamp: 1688223962837683
Return value: 0xfffffffffffffff5
------------------ SYSCALL EXIT STOP ------------------
------------------ SYSCALL ENTRY START ------------------
PID: 15184
SPID: 15184
Timestamp: 1688223962837777
Syscall = write (64)
------------------ SYSCALL ENTRY STOP ------------------
------------------ SYSCALL EXIT START ------------------
PID: 15184
SPID: 15184
Timestamp: 1688223962838299
Return value: 0x0000000000000008
------------------ SYSCALL EXIT STOP ------------------
------------------ SYSCALL ENTRY START ------------------
PID: 15184
SPID: 15184
Timestamp: 1688223962838340
Syscall = futex (98)
------------------ SYSCALL ENTRY STOP ------------------
------------------ SYSCALL EXIT START ------------------
PID: 15184
SPID: 15184
Timestamp: 1688223962857342
Return value: 000000000000000000
------------------ SYSCALL EXIT STOP ------------------
------------------ SYSCALL ENTRY START ------------------
PID: 15184
SPID: 15184
Timestamp: 1688223962857659
Syscall = clock_gettime (113)
------------------ SYSCALL ENTRY STOP ------------------
------------------ SYSCALL EXIT START ------------------
PID: 15184
SPID: 15184
Timestamp: 1688223962859113
Return value: 000000000000000000
------------------ SYSCALL EXIT STOP ------------------
------------------ SYSCALL ENTRY START ------------------
PID: 15184
SPID: 15184
Timestamp: 1688223962859306
Syscall = clock_gettime (113)
------------------ SYSCALL ENTRY STOP ------------------
------------------ SYSCALL EXIT START ------------------
PID: 15184
SPID: 15184
Timestamp: 1688223962860009
Return value: 000000000000000000
------------------ SYSCALL EXIT STOP ------------------
------------------ SYSCALL ENTRY START ------------------
PID: 15184
SPID: 15184
Timestamp: 1688223962860160
Syscall = clock_gettime (113)
------------------ SYSCALL ENTRY STOP ------------------
------------------ SYSCALL EXIT START ------------------
PID: 15184
SPID: 15184
Timestamp: 1688223962860719
Return value: 000000000000000000
------------------ SYSCALL EXIT STOP ------------------
------------------ SYSCALL ENTRY START ------------------
PID: 15184
SPID: 15184
Timestamp: 1688223962860812
Syscall = read (63)
------------------ SYSCALL ENTRY STOP ------------------
------------------ SYSCALL EXIT START ------------------
PID: 15184
SPID: 15184
Timestamp: 1688223962861647
Return value: 0x0000000000000030
------------------ SYSCALL EXIT STOP ------------------
------------------ SYSCALL ENTRY START ------------------
PID: 15184
SPID: 15184
Timestamp: 1688223962862355
Syscall = futex (98)
------------------ SYSCALL ENTRY STOP ------------------
------------------ SYSCALL EXIT START ------------------
PID: 15184
SPID: 15184
Timestamp: 1688223962863039
Return value: 0xfffffffffffffff5
------------------ SYSCALL EXIT STOP ------------------
------------------ SYSCALL ENTRY START ------------------
PID: 15184
SPID: 15184
Timestamp: 1688223962863120
Syscall = clock_gettime (113)
------------------ SYSCALL ENTRY STOP ------------------
------------------ SYSCALL EXIT START ------------------
PID: 15184
SPID: 15184
Timestamp: 1688223962863784
Return value: 000000000000000000
------------------ SYSCALL EXIT STOP ------------------
------------------ SYSCALL ENTRY START ------------------
PID: 15184
SPID: 15184
Timestamp: 1688223962863850
Syscall = getuid (174)
------------------ SYSCALL ENTRY STOP ------------------
------------------ SYSCALL EXIT START ------------------
PID: 15184
SPID: 15184
Timestamp: 1688223962865844
Return value: 0x000000000000285d
------------------ SYSCALL EXIT STOP ------------------
------------------ SYSCALL ENTRY START ------------------
PID: 15184
SPID: 15184
Timestamp: 1688223962865941
Syscall = writev (66)
------------------ SYSCALL ENTRY STOP ------------------
------------------ SYSCALL EXIT START ------------------
PID: 15184
SPID: 15184
Timestamp: 1688223962868207
Return value: 0x0000000000000113
------------------ SYSCALL EXIT STOP ------------------
------------------ SYSCALL ENTRY START ------------------
PID: 15184
SPID: 15184
Timestamp: 1688223962868345
Syscall = futex (98)
------------------ SYSCALL ENTRY STOP ------------------
------------------ SYSCALL EXIT START ------------------
PID: 15184
SPID: 15184
Timestamp: 1688223962868962
Return value: 0x0000000000000001
------------------ SYSCALL EXIT STOP ------------------
------------------ SYSCALL ENTRY START ------------------
PID: 15184
SPID: 15184
Timestamp: 1688223962869102
Syscall = getuid (174)
------------------ SYSCALL ENTRY STOP ------------------
------------------ SYSCALL EXIT START ------------------
PID: 15184
SPID: 15184
Timestamp: 1688223962869696
Return value: 0x000000000000285d
------------------ SYSCALL EXIT STOP ------------------
------------------ SYSCALL ENTRY START ------------------
PID: 15184
SPID: 15184
Timestamp: 1688223962869795
Syscall = epoll_pwait (22)
------------------ SYSCALL ENTRY STOP ------------------
------------------ SYSCALL EXIT START ------------------
PID: 15184
SPID: 15184
Timestamp: 1688223962870332
Return value: 0x0000000000000001
------------------ SYSCALL EXIT STOP ------------------
------------------ SYSCALL ENTRY START ------------------
PID: 15184
SPID: 15184
Timestamp: 1688223962870391
Syscall = read (63)
------------------ SYSCALL ENTRY STOP ------------------
------------------ SYSCALL EXIT START ------------------
PID: 15184
SPID: 15184
Timestamp: 1688223962870920
Return value: 0x0000000000000008
------------------ SYSCALL EXIT STOP ------------------
------------------ SYSCALL ENTRY START ------------------
PID: 15184
SPID: 15184
Timestamp: 1688223962870984
Syscall = clock_gettime (113)
------------------ SYSCALL ENTRY STOP ------------------
------------------ SYSCALL EXIT START ------------------
PID: 15184
SPID: 15184
Timestamp: 1688223962871533
Return value: 000000000000000000
------------------ SYSCALL EXIT STOP ------------------
------------------ SYSCALL ENTRY START ------------------
PID: 15184
SPID: 15184
Timestamp: 1688223962871671
Syscall = clock_gettime (113)
------------------ SYSCALL ENTRY STOP ------------------
------------------ SYSCALL EXIT START ------------------
PID: 15184
SPID: 15184
Timestamp: 1688223962872275
Return value: 000000000000000000
------------------ SYSCALL EXIT STOP ------------------
------------------ SYSCALL ENTRY START ------------------
PID: 15184
SPID: 15184
Timestamp: 1688223962872351
Syscall = gettimeofday (169)
------------------ SYSCALL ENTRY STOP------------------
------------------ SYSCALL EXIT START ------------------
PID: 15184
SPID: 15184
Timestamp: 1688223962873326
Return value: 000000000000000000
------------------ SYSCALL EXIT STOP ------------------
------------------ SYSCALL ENTRY START ------------------
PID: 15184
SPID: 15184
Timestamp: 1688223962873418
Syscall = read (63)
------------------ SYSCALL ENTRY STOP ------------------
------------------ SYSCALL EXIT START ------------------
PID: 15184
SPID: 15184
Timestamp: 1688223962873968
Return value: 0x0000000000000030
------------------ SYSCALL EXIT STOP ------------------
------------------ SYSCALL ENTRY START ------------------
PID: 15184
SPID: 15184
Timestamp: 1688223962874364
Syscall = ioctl (29)
------------------ SYSCALL ENTRY STOP ------------------
------------------ SYSCALL EXIT START ------------------
PID: 15184
SPID: 15184
Timestamp: 1688223962876001
Return value: 000000000000000000
------------------ SYSCALL EXIT STOP ------------------
------------------ SYSCALL ENTRY START ------------------
PID: 15184
SPID: 15184
Timestamp: 1688223962876343
Syscall = clock_gettime (113)
------------------ SYSCALL ENTRY STOP ------------------
------------------ SYSCALL EXIT START ------------------
PID: 15184
SPID: 15184
Timestamp: 1688223962881004
Return value: 000000000000000000
------------------ SYSCALL EXIT STOP ------------------
------------------ SYSCALL ENTRY START ------------------
PID: 15184
SPID: 15184
Timestamp: 1688223962881138
Syscall = read (63)
------------------ SYSCALL ENTRY STOP ------------------
------------------ SYSCALL EXIT START ------------------
PID: 15184
SPID: 15184
Timestamp: 1688223962890929
Return value: 0x0000000000000030
------------------ SYSCALL EXIT STOP ------------------
------------------ SYSCALL ENTRY START ------------------
PID: 15184
SPID: 15184
Timestamp: 1688223962891106
Syscall = getuid (174)
------------------ SYSCALL ENTRY STOP ------------------
------------------ SYSCALL EXIT START ------------------
PID: 15184
SPID: 15184
Timestamp: 1688223962892531
Return value: 0x000000000000285d
------------------ SYSCALL EXIT STOP ------------------
------------------ SYSCALL ENTRY START ------------------
PID: 15184
SPID: 15184
Timestamp: 1688223962892677
Syscall = epoll_pwait (22)
------------------ SYSCALL ENTRY STOP ------------------
------------------ SYSCALL EXIT START ------------------
PID: 15184
SPID: 15184
Timestamp: 1688223962893528
Return value: 000000000000000000
------------------ SYSCALL EXIT STOP ------------------
------------------ SYSCALL ENTRY START ------------------
PID: 15184
SPID: 15184
Timestamp: 1688223962893662
Syscall = clock_gettime (113)
------------------ SYSCALL ENTRY STOP ------------------
------------------ SYSCALL EXIT START ------------------
PID: 15184
SPID: 15184
Timestamp: 1688223962894860
Return value: 000000000000000000
------------------ SYSCALL EXIT STOP ------------------
------------------ SYSCALL ENTRY START ------------------
PID: 15184
SPID: 15184
Timestamp: 1688223962895075
Syscall = clock_gettime (113)
------------------ SYSCALL ENTRY STOP ------------------
------------------ SYSCALL EXIT START ------------------
PID: 15184
SPID: 15184
Timestamp: 1688223962896580
Return value: 000000000000000000
------------------ SYSCALL EXIT STOP ------------------
------------------ SYSCALL ENTRY START ------------------
PID: 15184
SPID: 15184
Timestamp: 1688223962896667
Syscall = gettimeofday (169)
------------------ SYSCALL ENTRY STOP ------------------
------------------ SYSCALL EXIT START ------------------
PID: 15184
SPID: 15184
Timestamp: 1688223962897255
Return value: 000000000000000000
------------------ SYSCALL EXIT STOP ------------------
------------------ SYSCALL ENTRY START ------------------
PID: 15184
SPID: 15184
Timestamp: 1688223962897342
Syscall = read (63)
------------------ SYSCALL ENTRY STOP ------------------
------------------ SYSCALL EXIT START ------------------
PID: 15184
SPID: 15184
Timestamp: 1688223962900158
Return value: 0x0000000000000030
------------------ SYSCALL EXIT STOP ------------------
------------------ SYSCALL ENTRY START ------------------
PID: 15184
SPID: 15184
Timestamp: 1688223962901337
Syscall = clock_gettime (113)
------------------ SYSCALL ENTRY STOP ------------------
------------------ SYSCALL EXIT START ------------------
PID: 15184
SPID: 15184
Timestamp: 1688223962902153
Return value: 000000000000000000
------------------ SYSCALL EXIT STOP ------------------
------------------ SYSCALL ENTRY START ------------------
PID: 15184
SPID: 15184
Timestamp: 1688223962902395
Syscall = clock_gettime (113)
------------------ SYSCALL ENTRY STOP ------------------
------------------ SYSCALL EXIT START ------------------
PID: 15184
SPID: 15184
Timestamp: 1688223962903901
Return value: 000000000000000000
------------------ SYSCALL EXIT STOP ------------------
------------------ SYSCALL ENTRY START ------------------
PID: 15184
SPID: 15184
Timestamp: 1688223962904265
Syscall = clock_gettime (113)
------------------ SYSCALL ENTRY STOP ------------------
------------------ SYSCALL EXIT START ------------------
PID: 15184
SPID: 15184
Timestamp: 1688223962906914
Return value: 000000000000000000
------------------ SYSCALL EXIT STOP ------------------
------------------ SYSCALL ENTRY START ------------------
PID: 15184
SPID: 15184
Timestamp: 1688223962907009
Syscall = clock_gettime (113)
------------------ SYSCALL ENTRY STOP ------------------
------------------ SYSCALL EXIT START ------------------
PID: 15184
SPID: 15184
Timestamp: 1688223962921210
Return value: 000000000000000000
------------------ SYSCALL EXIT STOP ------------------
------------------ SYSCALL ENTRY START ------------------
PID: 15184
SPID: 15184
Timestamp: 1688223962921716
Syscall = clock_gettime (113)
------------------ SYSCALL ENTRY STOP ------------------
------------------ SYSCALL EXIT START ------------------
PID: 15184
SPID: 15184
Timestamp: 1688223962922463
Return value: 000000000000000000
------------------ SYSCALL EXIT STOP ------------------
------------------ SYSCALL ENTRY START ------------------
PID: 15184
SPID: 15184
Timestamp: 1688223962922549
Syscall = clock_gettime (113)
------------------ SYSCALL ENTRY STOP ------------------
------------------ SYSCALL EXIT START ------------------
PID: 15184
SPID: 15184
Timestamp: 1688223962923137
Return value: 000000000000000000
------------------ SYSCALL EXIT STOP ------------------
------------------ SYSCALL ENTRY START ------------------
PID: 15184
SPID: 15184
Timestamp: 1688223962923326
Syscall = clock_gettime (113)
------------------ SYSCALL ENTRY STOP ------------------
------------------ SYSCALL EXIT START ------------------
PID: 15184
SPID: 15184
Timestamp: 1688223962923941
Return value: 000000000000000000
------------------ SYSCALL EXIT STOP ------------------
------------------ SYSCALL ENTRY START ------------------
PID: 15184
SPID: 15184
Timestamp: 1688223962924015
Syscall = clock_gettime (113)
------------------ SYSCALL ENTRY STOP ------------------
------------------ SYSCALL EXIT START ------------------
PID: 15184
SPID: 15184
Timestamp: 1688223962924564
Return value: 000000000000000000
------------------ SYSCALL EXIT STOP ------------------
------------------ SYSCALL ENTRY START ------------------
PID: 15184
SPID: 15184
Timestamp: 1688223962924697
Syscall = clock_gettime (113)
------------------ SYSCALL ENTRY STOP ------------------
------------------ SYSCALL EXIT START ------------------
PID: 15184
SPID: 15184
Timestamp: 1688223962925626
Return value: 000000000000000000
------------------ SYSCALL EXIT STOP ------------------
------------------ SYSCALL ENTRY START ------------------
PID: 15184
SPID: 15184
Timestamp: 1688223962925697
Syscall = clock_gettime (113)
------------------ SYSCALL ENTRY STOP ------------------
------------------ SYSCALL EXIT START ------------------
PID: 15184
SPID: 15184
Timestamp: 1688223962926308
Return value: 000000000000000000
------------------ SYSCALL EXIT STOP ------------------
------------------ SYSCALL ENTRY START ------------------
PID: 15184
SPID: 15184
Timestamp: 1688223962926468
Syscall = clock_gettime (113)
------------------ SYSCALLENTRY STOP ------------------
------------------ SYSCALL EXIT START ------------------
PID: 15184
SPID: 15184
Timestamp: 1688223962927060
Return value: 000000000000000000
------------------ SYSCALL EXIT STOP ------------------
------------------ SYSCALL ENTRY START ------------------
PID: 15184
SPID: 15184
Timestamp: 1688223962927323
Syscall = clock_gettime (113)
------------------ SYSCALL ENTRY STOP ------------------
------------------ SYSCALL EXIT START ------------------
PID: 15184
SPID: 15184
Timestamp: 1688223962927870
Return value: 000000000000000000
------------------ SYSCALL EXIT STOP ------------------
------------------ SYSCALL ENTRY START ------------------
PID: 15184
SPID: 15184
Timestamp: 1688223962928167
Syscall = clock_gettime (113)
------------------ SYSCALL ENTRY STOP ------------------
------------------ SYSCALL EXIT START ------------------
PID: 15184
SPID: 15184
Timestamp: 1688223962928801
Return value: 000000000000000000
------------------ SYSCALL EXIT STOP ------------------
------------------ SYSCALL ENTRY START ------------------
PID: 15184
SPID: 15184
Timestamp: 1688223962928874
Syscall = clock_gettime (113)
------------------ SYSCALL ENTRY STOP ------------------
------------------ SYSCALL EXIT START ------------------
PID: 15184
SPID: 15184
Timestamp: 1688223962929430
Return value: 000000000000000000
------------------ SYSCALL EXIT STOP ------------------
------------------ SYSCALL ENTRY START ------------------
PID: 15184
SPID: 15184
Timestamp: 1688223962929625
Syscall = clock_gettime (113)
------------------ SYSCALL ENTRY STOP ------------------
------------------ SYSCALL EXIT START ------------------
PID: 15184
SPID: 15184
Timestamp: 1688223962930191
Return value: 000000000000000000
------------------ SYSCALL EXIT STOP ------------------
------------------ SYSCALL ENTRY START ------------------
PID: 15184
SPID: 15184
Timestamp: 1688223962930263
Syscall = clock_gettime (113)
------------------ SYSCALL ENTRY STOP ------------------
------------------ SYSCALL EXIT START ------------------
PID: 15184
SPID: 15184
Timestamp: 1688223962930826
Return value: 000000000000000000
------------------ SYSCALL EXIT STOP ------------------
------------------ SYSCALL ENTRY START ------------------
PID: 15184
SPID: 15184
Timestamp: 1688223962930973
Syscall = clock_gettime (113)
------------------ SYSCALL ENTRY STOP ------------------
------------------ SYSCALL EXIT START ------------------
PID: 15184
SPID: 15184
Timestamp: 1688223962931533
Return value: 000000000000000000
------------------ SYSCALL EXIT STOP ------------------
------------------ SYSCALL ENTRY START ------------------
PID: 15184
SPID: 15184
Timestamp: 1688223962931604
Syscall = clock_gettime (113)
------------------ SYSCALL ENTRY STOP ------------------
------------------ SYSCALL EXIT START ------------------
PID: 15184
SPID: 15184
Timestamp: 1688223962932142
Return value: 000000000000000000
------------------ SYSCALL EXIT STOP ------------------
------------------ SYSCALL ENTRY START ------------------
PID: 15184
SPID: 15184
Timestamp: 1688223962932332
Syscall = clock_gettime (113)
------------------ SYSCALL ENTRY STOP ------------------
------------------ SYSCALL EXIT START ------------------
PID: 15184
SPID: 15184
Timestamp: 1688223962932952
Return value: 000000000000000000
------------------ SYSCALL EXIT STOP ------------------
------------------ SYSCALL ENTRY START ------------------
PID: 15184
SPID: 15184
Timestamp: 1688223962933035
Syscall = clock_gettime (113)
------------------ SYSCALL ENTRY STOP ------------------
------------------ SYSCALL EXIT START ------------------
PID: 15184
SPID: 15184
Timestamp: 1688223962933583
Return value: 000000000000000000
------------------ SYSCALL EXIT STOP ------------------
------------------ SYSCALL ENTRY START ------------------
PID: 15184
SPID: 15184
Timestamp: 1688223962933737
Syscall = clock_gettime (113)
------------------ SYSCALL ENTRY STOP ------------------
------------------ SYSCALL EXIT START ------------------
PID: 15184
SPID: 15184
Timestamp: 1688223962934333
Return value: 000000000000000000
------------------ SYSCALL EXIT STOP ------------------
------------------ SYSCALL ENTRY START ------------------
PID: 15184
SPID: 15184
Timestamp: 1688223962934399
Syscall = clock_gettime (113)
------------------ SYSCALL ENTRY STOP ------------------
------------------ SYSCALL EXIT START ------------------
PID: 15184
SPID: 15184
Timestamp: 1688223962936053
Return value: 000000000000000000
------------------ SYSCALL EXIT STOP ------------------
------------------ SYSCALL ENTRY START ------------------
PID: 15184
SPID: 15184
Timestamp: 1688223962936695
Syscall = clock_gettime (113)
------------------ SYSCALL ENTRY STOP ------------------
------------------ SYSCALL EXIT START ------------------
PID: 15184
SPID: 15184
Timestamp: 1688223962937702
Return value: 000000000000000000
------------------ SYSCALL EXIT STOP ------------------
------------------ SYSCALL ENTRY START ------------------
PID: 15184
SPID: 15184
Timestamp: 1688223962937787
Syscall = clock_gettime (113)
------------------ SYSCALL ENTRY STOP------------------
------------------ SYSCALL EXIT START ------------------
PID: 15184
SPID: 15184
Timestamp: 1688223962938404
Return value: 000000000000000000
------------------ SYSCALL EXIT STOP ------------------
------------------ SYSCALL ENTRY START ------------------
PID: 15184
SPID: 15184
Timestamp: 1688223962938570
Syscall = clock_gettime (113)
------------------ SYSCALL ENTRY STOP ------------------
------------------ SYSCALL EXIT START ------------------
PID: 15184
SPID: 15184
Timestamp: 1688223962939181
Return value: 000000000000000000
------------------ SYSCALL EXIT STOP ------------------
------------------ SYSCALL ENTRY START ------------------
PID: 15184
SPID: 15184
Timestamp: 1688223962939250
Syscall = clock_gettime (113)
------------------ SYSCALL ENTRY STOP ------------------
------------------ SYSCALL EXIT START ------------------
PID: 15184
SPID: 15184
Timestamp: 1688223962939856
Return value: 000000000000000000
------------------ SYSCALL EXIT STOP ------------------
------------------ SYSCALL ENTRY START ------------------
PID: 15184
SPID: 15184
Timestamp: 1688223962940306
Syscall = clock_gettime (113)
------------------ SYSCALL ENTRY STOP ------------------
------------------ SYSCALL EXIT START ------------------
PID: 15184
SPID: 15184
Timestamp: 1688223962941024
Return value: 000000000000000000
------------------ SYSCALL EXIT STOP ------------------
------------------ SYSCALL ENTRY START ------------------
PID: 15184
SPID: 15184
Timestamp: 1688223962941177
Syscall = clock_gettime (113)
------------------ SYSCALL ENTRY STOP ------------------
------------------ SYSCALL EXIT START ------------------
PID: 15184
SPID: 15184
Timestamp: 1688223962941785
Return value: 000000000000000000
------------------ SYSCALL EXIT STOP ------------------
------------------ SYSCALL ENTRY START ------------------
PID: 15184
SPID: 15184
Timestamp: 1688223962942015
Syscall = clock_gettime (113)
------------------ SYSCALL ENTRY STOP ------------------
------------------ SYSCALL EXIT START ------------------
PID: 15184
SPID: 15184
Timestamp: 1688223962942632
Return value: 000000000000000000
------------------ SYSCALL EXIT STOP ------------------
------------------ SYSCALL ENTRY START ------------------
PID: 15184
SPID: 15184
Timestamp: 1688223962942709
Syscall = clock_gettime (113)
------------------ SYSCALL ENTRY STOP ------------------
------------------ SYSCALL EXIT START ------------------
PID: 15184
SPID: 15184
Timestamp: 1688223962943346
Return value: 000000000000000000
------------------ SYSCALL EXIT STOP ------------------
------------------ SYSCALL ENTRY START ------------------
PID: 15184
SPID: 15184
Timestamp: 1688223962943504
Syscall = clock_gettime (113)
------------------ SYSCALL ENTRY STOP ------------------
------------------ SYSCALL EXIT START ------------------
PID: 15184
SPID: 15184
Timestamp: 1688223962944454
Return value: 000000000000000000
------------------ SYSCALL EXIT STOP ------------------
------------------ SYSCALL ENTRY START ------------------
PID: 15184
SPID: 15184
Timestamp: 1688223962944540
Syscall = clock_gettime (113)
------------------ SYSCALL ENTRY STOP ------------------
------------------ SYSCALL EXIT START ------------------
PID: 15184
SPID: 15184
Timestamp: 1688223962945943
Return value: 000000000000000000
------------------ SYSCALL EXIT STOP ------------------
------------------ SYSCALL ENTRY START ------------------
PID: 15184
SPID: 15184
Timestamp: 1688223962946162
Syscall = clock_gettime (113)
------------------ SYSCALL ENTRY STOP ------------------
------------------ SYSCALL EXIT START ------------------
PID: 15184
SPID: 15184
Timestamp: 1688223962946879
Return value: 000000000000000000
------------------ SYSCALL EXIT STOP ------------------
------------------ SYSCALL ENTRY START ------------------
PID: 15184
SPID: 15184
Timestamp: 1688223962946953
Syscall = clock_gettime (113)
------------------ SYSCALL ENTRY STOP ------------------
------------------ SYSCALL EXIT START ------------------
PID: 15184
SPID: 15184
Timestamp: 1688223962947536
Return value: 000000000000000000
------------------ SYSCALL EXIT STOP ------------------
------------------ SYSCALL ENTRY START ------------------
PID: 15184
SPID: 15184
Timestamp: 1688223962947686
Syscall = clock_gettime (113)
------------------ SYSCALL ENTRY STOP ------------------
------------------ SYSCALL EXIT START ------------------
PID: 15184
SPID: 15184
Timestamp: 1688223962948314
Return value: 000000000000000000
------------------ SYSCALL EXIT STOP ------------------
------------------ SYSCALL ENTRY START ------------------
PID: 15184
SPID: 15184
Timestamp: 1688223962948359
Syscall = clock_gettime (113)
------------------ SYSCALL ENTRY STOP ------------------
------------------ SYSCALL EXIT START ------------------
PID: 15184
SPID: 15184
Timestamp: 1688223962948941
Return value: 000000000000000000
------------------ SYSCALL EXIT STOP ------------------
------------------ SYSCALL ENTRY START ------------------
PID: 15184
SPID: 15184
Timestamp: 1688223962949136
Syscall = clock_gettime (113)
------------------ SYSCALL ENTRY STOP ------------------
------------------ SYSCALL EXIT START ------------------
PID: 15184
SPID: 15184
Timestamp: 1688223962949739
Return value: 000000000000000000
------------------ SYSCALL EXIT STOP ------------------
------------------ SYSCALL ENTRY START ------------------
PID: 15184
SPID: 15184
Timestamp: 1688223962949796
Syscall = clock_gettime (113)
------------------ SYSCALL ENTRY STOP ------------------
------------------ SYSCALL EXIT START ------------------
PID: 15184
SPID: 15184
Timestamp: 1688223962950396
Return value: 000000000000000000
------------------ SYSCALL EXIT STOP ------------------
------------------ SYSCALL ENTRY START ------------------
PID: 15184
SPID: 15184
Timestamp: 1688223962950578
Syscall = clock_gettime (113)
------------------ SYSCALL ENTRY STOP ------------------
------------------ SYSCALL EXIT START ------------------
PID: 15184
SPID: 15184
Timestamp: 1688223962951190
Return value: 000000000000000000
------------------ SYSCALL EXIT STOP ------------------
------------------ SYSCALL ENTRYSTART ------------------
PID: 15184
SPID: 15184
Timestamp: 1688223962951235
Syscall = clock_gettime (113)
------------------ SYSCALL ENTRY STOP ------------------
------------------ SYSCALL EXIT START ------------------
PID: 15184
SPID: 15184
Timestamp: 1688223962951816
Return value: 000000000000000000
------------------ SYSCALL EXIT STOP ------------------
------------------ SYSCALL ENTRY START ------------------
PID: 15184
SPID: 15184
Timestamp: 1688223962951973
Syscall = clock_gettime (113)
------------------ SYSCALL ENTRY STOP ------------------
------------------ SYSCALL EXIT START ------------------
PID: 15184
SPID: 15184
Timestamp: 1688223962952718
Return value: 000000000000000000
------------------ SYSCALL EXIT STOP ------------------
------------------ SYSCALL ENTRY START ------------------
PID: 15184
SPID: 15184
Timestamp: 1688223962952780
Syscall = clock_gettime (113)
------------------ SYSCALL ENTRY STOP ------------------
------------------ SYSCALL EXIT START ------------------
PID: 15184
SPID: 15184
Timestamp: 1688223962953354
Return value: 000000000000000000
------------------ SYSCALL EXIT STOP ------------------
------------------ SYSCALL ENTRY START ------------------
PID: 15184
SPID: 15184
Timestamp: 1688223962953556
Syscall = clock_gettime (113)
------------------ SYSCALL ENTRY STOP ------------------
------------------ SYSCALL EXIT START ------------------
PID: 15184
SPID: 15184
Timestamp: 1688223962954142
Return value: 000000000000000000
------------------ SYSCALL EXIT STOP ------------------
------------------ SYSCALL ENTRY START ------------------
PID: 15184
SPID: 15184
Timestamp: 1688223962954201
Syscall = clock_gettime (113)
------------------ SYSCALL ENTRY STOP ------------------
------------------ SYSCALL EXIT START ------------------
PID: 15184
SPID: 15184
Timestamp: 1688223962954875
Return value: 000000000000000000
------------------ SYSCALL EXIT STOP ------------------
------------------ SYSCALL ENTRY START ------------------
PID: 15184
SPID: 15184
Timestamp: 1688223962955011
Syscall = clock_gettime (113)
------------------ SYSCALL ENTRY STOP ------------------
------------------ SYSCALL EXIT START ------------------
PID: 15184
SPID: 15184
Timestamp: 1688223962955776
Return value: 000000000000000000
------------------ SYSCALL EXIT STOP ------------------
------------------ SYSCALL ENTRY START ------------------
PID: 15184
SPID: 15184
Timestamp: 1688223962955820
Syscall = clock_gettime (113)
------------------ SYSCALL ENTRY STOP ------------------
------------------ SYSCALL EXIT START ------------------
PID: 15184
SPID: 15184
Timestamp: 1688223962956618
Return value: 000000000000000000
------------------ SYSCALL EXIT STOP ------------------
------------------ SYSCALL ENTRY START ------------------
PID: 15184
SPID: 15184
Timestamp: 1688223962956781
Syscall = clock_gettime (113)
------------------ SYSCALL ENTRY STOP ------------------
------------------ SYSCALL EXIT START ------------------
PID: 15184
SPID: 15184
Timestamp: 1688223962957442
Return value: 000000000000000000
------------------ SYSCALL EXIT STOP ------------------
------------------ SYSCALL ENTRY START ------------------
PID: 15184
SPID: 15184
Timestamp: 1688223962957487
Syscall = clock_gettime (113)
------------------ SYSCALL ENTRY STOP ------------------
------------------ SYSCALL EXIT START ------------------
PID: 15184
SPID: 15184
Timestamp: 1688223962958054
Return value: 000000000000000000
------------------ SYSCALL EXIT STOP ------------------
------------------ SYSCALL ENTRY START ------------------
PID: 15184
SPID: 15184
Timestamp: 1688223962958195
Syscall = clock_gettime (113)
------------------ SYSCALL ENTRY STOP ------------------
------------------ SYSCALL EXIT START ------------------
PID: 15184
SPID: 15184
Timestamp: 1688223962958840
Return value: 000000000000000000
------------------ SYSCALL EXIT STOP ------------------
------------------ SYSCALL ENTRY START ------------------
PID: 15184
SPID: 15184
Timestamp: 1688223962958901
Syscall = clock_gettime (113)
------------------ SYSCALL ENTRY STOP ------------------
------------------ SYSCALL EXIT START ------------------
PID: 15184
SPID: 15184
Timestamp: 1688223962959440
Return value: 000000000000000000
------------------ SYSCALL EXIT STOP ------------------
------------------ SYSCALL ENTRY START ------------------
PID: 15184
SPID: 15184
Timestamp: 1688223962959619
Syscall = clock_gettime (113)
------------------ SYSCALL ENTRY STOP ------------------
------------------ SYSCALL EXIT START ------------------
PID: 15184
SPID: 15184
Timestamp: 1688223962960230
Return value: 000000000000000000
------------------ SYSCALL EXIT STOP ------------------
------------------ SYSCALL ENTRY START ------------------
PID: 15184
SPID: 15184
Timestamp: 1688223962960278
Syscall = clock_gettime (113)
------------------ SYSCALL ENTRY STOP ------------------
------------------ SYSCALL EXIT START ------------------
PID: 15184
SPID: 15184
Timestamp: 1688223962960833
Return value: 000000000000000000
------------------ SYSCALL EXIT STOP ------------------
