------------------ SYSCALL ENTRY START ------------------
PID: 20302
SPID: 20302
Timestamp: 1691396569363451
Syscall = clock_gettime (113)
------------------ SYSCALL ENTRY STOP ------------------
------------------ SYSCALL EXIT START ------------------
PID: 20302
SPID: 20302
Timestamp: 1691396569368809
Return value: 000000000000000000
------------------ SYSCALL EXIT STOP ------------------
------------------ SYSCALL ENTRY START ------------------
PID: 20302
SPID: 20302
Timestamp: 1691396569369284
Syscall = epoll_pwait (22)
------------------ SYSCALL ENTRY STOP ------------------
------------------ SYSCALL EXIT START ------------------
PID: 20302
SPID: 20302
Timestamp: 1691396569371281
Return value: 0x0000000000000001
------------------ SYSCALL EXIT STOP ------------------
------------------ SYSCALL ENTRY START ------------------
PID: 20302
SPID: 20302
Timestamp: 1691396569371651
Syscall = recvfrom (207)
------------------ SYSCALL ENTRY STOP ------------------
------------------ SYSCALL EXIT START ------------------
PID: 20302
SPID: 20302
Timestamp: 1691396569372885
Return value: 0x0000000000000040
------------------ SYSCALL EXIT STOP ------------------
------------------ SYSCALL ENTRY START ------------------
PID: 20302
SPID: 20302
Timestamp: 1691396569372974
Syscall = recvfrom (207)
------------------ SYSCALL ENTRY STOP ------------------
------------------ SYSCALL EXIT START ------------------
PID: 20302
SPID: 20302
Timestamp: 1691396569373582
Return value: 0xfffffffffffffff5
------------------ SYSCALL EXIT STOP ------------------
------------------ SYSCALL ENTRY START ------------------
PID: 20302
SPID: 20302
Timestamp: 1691396569373823
Syscall = clock_gettime (113)
------------------ SYSCALL ENTRY STOP ------------------
------------------ SYSCALL EXIT START ------------------
PID: 20302
SPID: 20302
Timestamp: 1691396569374476
Return value: 000000000000000000
------------------ SYSCALL EXIT STOP ------------------
------------------ SYSCALL ENTRY START ------------------
PID: 20302
SPID: 20302
Timestamp: 1691396569374680
Syscall = clock_gettime (113)
------------------ SYSCALL ENTRY STOP ------------------
------------------ SYSCALL EXIT START ------------------
PID: 20302
SPID: 20302
Timestamp: 1691396569375364
Return value: 000000000000000000
------------------ SYSCALL EXIT STOP ------------------
------------------ SYSCALL ENTRY START ------------------
PID: 20302
SPID: 20302
Timestamp: 1691396569375451
Syscall = gettimeofday (169)
------------------ SYSCALL ENTRY STOP ------------------
------------------ SYSCALL EXIT START ------------------
PID: 20302
SPID: 20302
Timestamp: 1691396569376215
Return value: 000000000000000000
------------------ SYSCALL EXIT STOP ------------------
------------------ SYSCALL ENTRY START ------------------
PID: 20302
SPID: 20302
Timestamp: 1691396569376331
Syscall = write (64)
------------------ SYSCALL ENTRY STOP ------------------
------------------ SYSCALL EXIT START ------------------
PID: 20302
SPID: 20302
Timestamp: 1691396569376925
Return value: 0x0000000000000008
------------------ SYSCALL EXIT STOP ------------------
------------------ SYSCALL ENTRY START ------------------
PID: 20302
SPID: 20302
Timestamp: 1691396569377034
Syscall = clock_gettime (113)
------------------ SYSCALL ENTRY STOP ------------------
------------------ SYSCALL EXIT START ------------------
PID: 20302
SPID: 20302
Timestamp: 1691396569378278
Return value: 000000000000000000
------------------ SYSCALL EXIT STOP ------------------
------------------ SYSCALL ENTRY START ------------------
PID: 20302
SPID: 20302
Timestamp: 1691396569378435
Syscall = clock_gettime (113)
------------------ SYSCALL ENTRY STOP ------------------
------------------ SYSCALL EXIT START ------------------
PID: 20475
SPID: 20475
Timestamp: 1691396590011482
Return value: 0xfffffffffffffff5
------------------ SYSCALL EXIT STOP ------------------
------------------ SYSCALL ENTRY START ------------------
PID: 20475
SPID: 20475
Timestamp: 1691396590011597
Syscall = clock_gettime (113)
------------------ SYSCALL ENTRY STOP ------------------
------------------ SYSCALL EXIT START ------------------
PID: 20475
SPID: 20475
Timestamp: 1691396590011766
Return value: 000000000000000000
------------------ SYSCALL EXIT STOP ------------------
------------------ SYSCALL ENTRY START ------------------
PID: 20475
SPID: 20475
Timestamp: 1691396590011899
Syscall = clock_gettime (113)
------------------ SYSCALL ENTRY STOP ------------------
------------------ SYSCALL EXIT START ------------------
PID: 20475
SPID: 20475
Timestamp: 1691396590012064
Return value: 000000000000000000
------------------ SYSCALL EXIT STOP ------------------
------------------ SYSCALL ENTRY START ------------------
PID: 20475
SPID: 20475
Timestamp: 1691396590012164
Syscall = gettimeofday (169)
------------------ SYSCALL ENTRY STOP ------------------
------------------ SYSCALL EXIT START ------------------
PID: 20475
SPID: 20475
Timestamp: 1691396590012331
Return value: 000000000000000000
------------------ SYSCALL EXIT STOP ------------------
------------------ SYSCALL ENTRY START ------------------
PID: 20475
SPID: 20475
Timestamp: 1691396590012438
Syscall = read (63)
------------------ SYSCALL ENTRY STOP ------------------
------------------ SYSCALL EXIT START ------------------
PID: 20475
SPID: 20475
Timestamp: 1691396590012610
Return value: 0x0000000000000030
------------------ SYSCALL EXIT STOP ------------------
------------------ SYSCALL ENTRY START ------------------
PID: 20475
SPID: 20475
Timestamp: 1691396590013173
Syscall = clock_gettime (113)
------------------ SYSCALL ENTRY STOP ------------------
------------------ SYSCALL EXIT START ------------------
PID: 20475
SPID: 20475
Timestamp: 1691396590013440
Return value: 000000000000000000
------------------ SYSCALL EXIT STOP ------------------
------------------ SYSCALL ENTRY START ------------------
PID: 20475
SPID: 20475
Timestamp: 1691396590013506
Syscall = getuid (174)
------------------ SYSCALL ENTRY STOP ------------------
------------------ SYSCALL EXIT START ------------------
PID: 20475
SPID: 20475
Timestamp: 1691396590013742
Return value: 0x000000000000287c
------------------ SYSCALL EXIT STOP ------------------
------------------ SYSCALL ENTRY START ------------------
PID: 20475
SPID: 20475
Timestamp: 1691396590013850
Syscall = writev (66)
------------------ SYSCALL ENTRY STOP ------------------
------------------ SYSCALL EXIT START ------------------
PID: 20475
SPID: 20475
Timestamp: 1691396590014053
Return value: 0x0000000000000041
------------------ SYSCALL EXIT STOP ------------------
------------------ SYSCALL ENTRY START ------------------
PID: 20475
SPID: 20475
Timestamp: 1691396590014158
Syscall = futex (98)
------------------ SYSCALL ENTRY STOP ------------------
------------------ SYSCALL EXIT START ------------------
PID: 20475
SPID: 20475
Timestamp: 1691396590014353
Return value: 0x0000000000000001
------------------ SYSCALL EXIT STOP ------------------
------------------ SYSCALL ENTRY START ------------------
PID: 20475
SPID: 20475
Timestamp: 1691396590015319
Syscall = clock_gettime (113)
------------------ SYSCALL ENTRY STOP ------------------
------------------ SYSCALL EXIT START ------------------
PID: 20475
SPID: 20475
Timestamp: 1691396590021141
Return value: 000000000000000000
------------------ SYSCALL EXIT STOP ------------------
------------------ SYSCALL ENTRY START ------------------
PID: 20475
SPID: 20475
Timestamp: 1691396590021272
Syscall = clock_gettime (113)
------------------ SYSCALL ENTRY STOP ------------------
------------------ SYSCALL EXIT START ------------------
PID: 20475
SPID: 20475
Timestamp: 1691396590024525
Return value: 000000000000000000
------------------ SYSCALL EXIT STOP ------------------
------------------ SYSCALL ENTRY START ------------------
PID: 20475
SPID: 20475
Timestamp: 1691396590024646
Syscall = clock_gettime (113)
------------------ SYSCALL ENTRY STOP ------------------
------------------ SYSCALL EXIT START ------------------
PID: 20475
SPID: 20475
Timestamp: 1691396590025335
Return value: 000000000000000000
------------------ SYSCALL EXIT STOP ------------------
------------------ SYSCALL ENTRY START ------------------
PID: 20475
SPID: 20475
Timestamp: 1691396590025578
Syscall = clock_gettime (113)
------------------ SYSCALL ENTRY STOP ------------------
------------------ SYSCALL EXIT START ------------------
PID: 20475
SPID: 20475
Timestamp: 1691396590026179
Return value: 000000000000000000
------------------ SYSCALL EXIT STOP ------------------
------------------ SYSCALL ENTRY START ------------------
PID: 20475
SPID: 20475
Timestamp: 1691396590026278
Syscall = gettimeofday (169)
------------------ SYSCALL ENTRY STOP ------------------
------------------ SYSCALL EXIT START ------------------
PID: 20475
SPID: 20475
Timestamp: 1691396590027330
Return value: 000000000000000000
------------------ SYSCALL EXIT STOP ------------------
------------------ SYSCALL ENTRY START ------------------
PID: 20475
SPID: 20475
Timestamp: 1691396590027482
Syscall = futex (98)
------------------ SYSCALL ENTRY STOP ------------------
------------------ SYSCALL EXIT START ------------------
PID: 20475
SPID: 20475
Timestamp: 1691396590028216
Return value: 0x0000000000000001
------------------ SYSCALL EXIT STOP ------------------
------------------ SYSCALL ENTRY START ------------------
PID: 20475
SPID: 20475
Timestamp: 1691396590028258
Syscall = futex (98)
------------------ SYSCALL ENTRY STOP ------------------
------------------ SYSCALL EXIT START ------------------
PID: 20475
SPID: 20475
Timestamp: 1691396590028960
Return value: 0x0000000000000001
------------------ SYSCALL EXIT STOP ------------------
------------------ SYSCALL ENTRY START ------------------
PID: 20475
SPID: 20475
Timestamp: 1691396590029085
Syscall = clock_gettime (113)
------------------ SYSCALL ENTRY STOP ------------------
------------------ SYSCALL EXIT START ------------------
PID: 20475
SPID: 20475
Timestamp: 1691396590029359
Return value: 000000000000000000
------------------ SYSCALL EXIT STOP ------------------
------------------ SYSCALL ENTRY START ------------------
PID: 20475
SPID: 20475
Timestamp: 1691396590029464
Syscall = write (64)
------------------ SYSCALL ENTRY STOP ------------------
------------------ SYSCALL EXIT START ------------------
PID: 20475
SPID: 20475
Timestamp: 1691396590030087
Return value: 0x0000000000000008
------------------ SYSCALL EXIT STOP ------------------
------------------ SYSCALL ENTRY START ------------------
PID: 20475
SPID: 20475
Timestamp: 1691396590037605
Syscall = clock_gettime (113)
------------------ SYSCALL ENTRY STOP ------------------
------------------ SYSCALL EXIT START ------------------
PID: 20475
SPID: 20475
Timestamp: 1691396590039024
Return value: 000000000000000000
------------------ SYSCALL EXIT STOP ------------------
------------------ SYSCALL ENTRY START ------------------
PID: 20475
SPID: 20475
Timestamp: 1691396590039118
Syscall = clock_gettime (113)
------------------ SYSCALL ENTRY STOP ------------------
------------------ SYSCALL EXIT START ------------------
PID: 20475
SPID: 20475
Timestamp: 1691396590039400
Return value: 000000000000000000
------------------ SYSCALL EXIT STOP ------------------
------------------ SYSCALL ENTRY START ------------------
PID: 20475
SPID: 20475
Timestamp: 1691396590039504
Syscall = gettimeofday (169)
------------------ SYSCALL ENTRY STOP ------------------
------------------ SYSCALL EXIT START ------------------
PID: 20475
SPID: 20475
Timestamp: 1691396590039692
Return value: 000000000000000000
------------------ SYSCALL EXIT STOP ------------------
------------------ SYSCALL ENTRY START ------------------
PID: 20475
SPID: 20475
Timestamp: 1691396590040091
Syscall = clock_gettime (113)
------------------ SYSCALL ENTRY STOP ------------------
------------------ SYSCALL EXIT START ------------------
PID: 20475
SPID: 20475
Timestamp: 1691396590040659
Return value: 000000000000000000
------------------ SYSCALL EXIT STOP ------------------
------------------ SYSCALL ENTRY START ------------------
PID: 20475
SPID: 20475
Timestamp: 1691396590040737
Syscall = clock_gettime (113)
------------------ SYSCALL ENTRY STOP ------------------
------------------ SYSCALL EXIT START ------------------
PID: 20475
SPID: 20475
Timestamp: 1691396590042222
Return value: 000000000000000000
------------------ SYSCALL EXIT STOP ------------------
------------------ SYSCALL ENTRY START ------------------
PID: 20475
SPID: 20475
Timestamp: 1691396590042418
Syscall = ioctl (29)
------------------ SYSCALL ENTRY STOP ------------------
------------------ SYSCALL EXIT START ------------------
PID: 20475
SPID: 20475
Timestamp: 1691396590044617
Return value: 000000000000000000
------------------ SYSCALL EXIT STOP ------------------
------------------ SYSCALL ENTRY START ------------------
PID: 20475
SPID: 20475
Timestamp: 1691396590044684
Syscall = clock_gettime (113)
------------------ SYSCALL ENTRY STOP ------------------
------------------ SYSCALL EXIT START ------------------
PID: 20475
SPID: 20475
Timestamp: 1691396590047163
Return value: 000000000000000000
------------------ SYSCALL EXIT STOP ------------------
------------------ SYSCALL ENTRY START ------------------
PID: 20475
SPID: 20475
Timestamp: 1691396590047968
Syscall = fcntl (25)
------------------ SYSCALL ENTRY STOP ------------------
------------------ SYSCALL EXIT START ------------------
PID: 20475
SPID: 20475
Timestamp: 1691396590053231
Return value: 0x0000000000000066
------------------ SYSCALL EXIT STOP ------------------
------------------ SYSCALL ENTRY START ------------------
PID: 20475
SPID: 20475
Timestamp: 1691396590053591
Syscall = close (57)
------------------ SYSCALL ENTRY STOP ------------------
------------------ SYSCALL EXIT START ------------------
PID: 20475
SPID: 20475
Timestamp: 1691396590058330
Return value: 000000000000000000
------------------ SYSCALL EXIT STOP ------------------
------------------ SYSCALL ENTRY START ------------------
PID: 20475
SPID: 20475
Timestamp: 1691396590058430
Syscall = ioctl (29)
------------------ SYSCALL ENTRY STOP ------------------
------------------ SYSCALL EXIT START ------------------
PID: 20475
SPID: 20475
Timestamp: 1691396590059686
Returnvalue: 000000000000000000
------------------ SYSCALL EXIT STOP ------------------
------------------ SYSCALL ENTRY START ------------------
PID: 20475
SPID: 20475
Timestamp: 1691396590060234
Syscall = clock_gettime (113)
------------------ SYSCALL ENTRY STOP ------------------
------------------ SYSCALL EXIT START ------------------
PID: 20475
SPID: 20475
Timestamp: 1691396590061003
Return value: 000000000000000000
------------------ SYSCALL EXIT STOP ------------------
------------------ SYSCALL ENTRY START ------------------
PID: 20475
SPID: 20475
Timestamp: 1691396590061155
Syscall = read (63)
------------------ SYSCALL ENTRY STOP ------------------
------------------ SYSCALL EXIT START ------------------
PID: 20475
SPID: 20475
Timestamp: 1691396590061861
Return value: 0x0000000000000030
------------------ SYSCALL EXIT STOP ------------------
------------------ SYSCALL ENTRY START ------------------
PID: 20475
SPID: 20475
Timestamp: 1691396590062008
Syscall = getuid (174)
------------------ SYSCALL ENTRY STOP ------------------
------------------ SYSCALL EXIT START ------------------
PID: 20475
SPID: 20475
Timestamp: 1691396590065240
Return value: 0x000000000000287c
------------------ SYSCALL EXIT STOP ------------------
------------------ SYSCALL ENTRY START ------------------
PID: 20475
SPID: 20475
Timestamp: 1691396590065528
Syscall = epoll_pwait (22)
------------------ SYSCALL ENTRY STOP ------------------
------------------ SYSCALL EXIT START ------------------
PID: 20475
SPID: 20475
Timestamp: 1691396590066263
Return value: 0x0000000000000001
------------------ SYSCALL EXIT STOP ------------------
------------------ SYSCALL ENTRY START ------------------
PID: 20475
SPID: 20475
Timestamp: 1691396590066324
Syscall = read (63)
------------------ SYSCALL ENTRY STOP ------------------
------------------ SYSCALL EXIT START ------------------
PID: 20475
SPID: 20475
Timestamp: 1691396590067087
Return value: 0x0000000000000008
------------------ SYSCALL EXIT STOP ------------------
------------------ SYSCALL ENTRY START ------------------
PID: 20475
SPID: 20475
Timestamp: 1691396590067163
Syscall = clock_gettime (113)
------------------ SYSCALL ENTRY STOP ------------------
------------------ SYSCALL EXIT START ------------------
PID: 20475
SPID: 20475
Timestamp: 1691396590068222
Return value: 000000000000000000
------------------ SYSCALL EXIT STOP ------------------
------------------ SYSCALL ENTRY START ------------------
PID: 20475
SPID: 20475
Timestamp: 1691396590068325
Syscall = clock_gettime (113)
------------------ SYSCALL ENTRY STOP ------------------
------------------ SYSCALL EXIT START ------------------
PID: 20475
SPID: 20475
Timestamp: 1691396590068825
Return value: 000000000000000000
------------------ SYSCALL EXIT STOP ------------------
------------------ SYSCALL ENTRY START ------------------
PID: 20475
SPID: 20475
Timestamp: 1691396590068891
Syscall = gettimeofday (169)
------------------ SYSCALL ENTRY STOP ------------------
------------------ SYSCALL EXIT START ------------------
PID: 20475
SPID:20475
Timestamp: 1691396590069139
Return value: 000000000000000000
------------------ SYSCALL EXIT STOP ------------------
------------------ SYSCALL ENTRY START ------------------
PID: 20475
SPID: 20475
Timestamp: 1691396590069191
Syscall = read (63)
------------------ SYSCALL ENTRY STOP ------------------
------------------ SYSCALL EXIT START ------------------
PID: 20475
SPID: 20475
Timestamp: 1691396590069436
Return value: 0x0000000000000030
------------------ SYSCALL EXIT STOP ------------------
------------------ SYSCALL ENTRY START ------------------
PID: 20475
SPID: 20475
Timestamp: 1691396590069549
Syscall = clock_gettime (113)
------------------ SYSCALL ENTRY STOP ------------------
------------------ SYSCALL EXIT START ------------------
PID: 20475
SPID: 20475
Timestamp: 1691396590070111
Return value: 000000000000000000
------------------ SYSCALL EXIT STOP ------------------
------------------ SYSCALL ENTRY START ------------------
PID: 20475
SPID: 20475
Timestamp: 1691396590070202
Syscall = clock_gettime (113)
------------------ SYSCALL ENTRY STOP ------------------
------------------ SYSCALL EXIT START ------------------
PID: 20475
SPID: 20475
Timestamp: 1691396590070544
Return value: 000000000000000000
------------------ SYSCALL EXIT STOP ------------------
------------------ SYSCALL ENTRY START ------------------
PID: 20475
SPID: 20475
Timestamp: 1691396590070664
Syscall = clock_gettime (113)
------------------ SYSCALL ENTRY STOP ------------------
------------------ SYSCALL EXIT START ------------------
PID: 20475
SPID: 20475
Timestamp: 1691396590070982
Return value: 000000000000000000
------------------ SYSCALL EXIT STOP ------------------
------------------ SYSCALL ENTRY START ------------------
PID: 20475
SPID: 20475
Timestamp: 1691396590071038
Syscall = clock_gettime (113)
------------------ SYSCALL ENTRY STOP ------------------
------------------ SYSCALL EXIT START ------------------
PID: 20475
SPID: 20475
Timestamp: 1691396590072424
Return value: 000000000000000000
------------------ SYSCALL EXIT STOP ------------------
------------------ SYSCALL ENTRY START ------------------
PID: 20475
SPID: 20475
Timestamp: 1691396590072532
Syscall = clock_gettime (113)
------------------ SYSCALL ENTRY STOP ------------------
------------------ SYSCALL EXIT START ------------------
PID: 20475
SPID: 20475
Timestamp: 1691396590073227
Return value: 000000000000000000
------------------ SYSCALL EXIT STOP ------------------
------------------ SYSCALL ENTRY START ------------------
PID: 20475
SPID: 20475
Timestamp: 1691396590073318
Syscall = clock_gettime (113)
------------------ SYSCALL ENTRY STOP ------------------
------------------ SYSCALL EXIT START ------------------
PID: 20475
SPID: 20475
Timestamp: 1691396590073662
Return value: 000000000000000000
------------------ SYSCALL EXIT STOP ------------------
------------------ SYSCALL ENTRY START ------------------
PID: 20475
SPID: 20475
Timestamp: 1691396590073721
Syscall = clock_gettime (113)
------------------ SYSCALL ENTRY STOP ------------------
------------------ SYSCALL EXIT START ------------------
PID: 20475
SPID: 20475
Timestamp: 1691396590077924
Return value: 000000000000000000
------------------ SYSCALL EXIT STOP ------------------
------------------ SYSCALL ENTRY START ------------------
PID: 20475
SPID: 20475
Timestamp: 1691396590078295
Syscall = clock_gettime (113)
------------------ SYSCALL ENTRY STOP ------------------
------------------ SYSCALL EXIT START ------------------
PID: 20475
SPID: 20475
Timestamp: 1691396590079023
Return value: 000000000000000000
------------------ SYSCALL EXIT STOP ------------------
------------------ SYSCALL ENTRY START ------------------
PID: 20475
SPID: 20475
Timestamp: 1691396590079113
Syscall = clock_gettime (113)
------------------ SYSCALL ENTRY STOP ------------------
------------------ SYSCALL EXIT START ------------------
PID: 20475
SPID: 20475
Timestamp: 1691396590079719
Return value: 000000000000000000
------------------ SYSCALL EXIT STOP ------------------
------------------ SYSCALL ENTRY START ------------------
PID: 20475
SPID: 20475
Timestamp: 1691396590079901
Syscall = write (64)
------------------ SYSCALL ENTRY STOP ------------------
------------------ SYSCALL EXIT START ------------------
PID: 20475
SPID: 20475
Timestamp: 1691396590080801
Return value: 0x0000000000000008
------------------ SYSCALL EXIT STOP ------------------
------------------ SYSCALL ENTRY START ------------------
PID: 20475
SPID: 20475
Timestamp: 1691396590081329
Syscall = clock_gettime (113)
------------------ SYSCALL ENTRY STOP ------------------
------------------ SYSCALL EXIT START ------------------
PID: 20475
SPID: 20475
Timestamp: 1691396590081946
Return value: 000000000000000000
------------------ SYSCALL EXIT STOP ------------------
------------------ SYSCALL ENTRY START ------------------
PID: 20475
SPID: 20475
Timestamp: 1691396590082963
Syscall = clock_gettime (113)
------------------ SYSCALL ENTRY STOP ------------------
------------------ SYSCALL EXIT START ------------------
PID: 20475
SPID: 20475
Timestamp: 1691396590083561
Return value: 000000000000000000
------------------ SYSCALL EXIT STOP ------------------
------------------ SYSCALL ENTRY START ------------------
PID: 20475
SPID: 20475
Timestamp: 1691396590083645
Syscall = clock_gettime (113)
------------------ SYSCALL ENTRY STOP ------------------
------------------ SYSCALL EXIT START ------------------
PID: 20475
SPID: 20475
Timestamp: 1691396590084217
Return value: 000000000000000000
------------------ SYSCALL EXIT STOP ------------------
------------------ SYSCALL ENTRY START ------------------
PID: 20475
SPID: 20475
Timestamp: 1691396590084414
Syscall = recvfrom (207)
------------------ SYSCALL ENTRY STOP ------------------
------------------ SYSCALL EXIT START ------------------
PID: 20475
SPID: 20475
Timestamp: 1691396590085037
Return value: 0xfffffffffffffff5
------------------ SYSCALL EXIT STOP ------------------
------------------ SYSCALL ENTRY START ------------------
PID: 20475
SPID: 20475
Timestamp: 1691396590085133
Syscall = ioctl (29)
------------------ SYSCALL ENTRY STOP ------------------
------------------ SYSCALL EXIT START ------------------
PID: 20475
SPID: 20475
Timestamp: 1691396590085718
Return value: 000000000000000000
------------------ SYSCALL EXIT STOP ------------------
------------------ SYSCALL ENTRY START ------------------
PID: 20475
SPID: 20475
Timestamp: 1691396590086210
Syscall = clock_gettime (113)
------------------ SYSCALL ENTRY STOP ------------------
------------------ SYSCALL EXIT START ------------------
PID: 20475
SPID: 20475
Timestamp: 1691396590089368
Return value: 000000000000000000
------------------ SYSCALL EXIT STOP ------------------
------------------ SYSCALL ENTRY START ------------------
PID: 20475
SPID: 20475
Timestamp: 1691396590089444
Syscall = clock_gettime (113)
------------------ SYSCALL ENTRY STOP ------------------
------------------ SYSCALL EXIT START ------------------
PID: 20475
SPID: 20475
Timestamp: 1691396590089652
Return value: 000000000000000000
------------------ SYSCALL EXIT STOP ------------------
------------------ SYSCALL ENTRY START ------------------
PID: 20475
SPID: 20475
Timestamp: 1691396590089734
Syscall = write (64)
------------------ SYSCALL ENTRY STOP ------------------
------------------ SYSCALL EXIT START ------------------
PID: 20475
SPID: 20475
Timestamp: 1691396590098008
Return value: 0x0000000000000008
------------------ SYSCALL EXIT STOP ------------------
------------------ SYSCALL ENTRY START ------------------
PID: 20475
SPID: 20475
Timestamp: 1691396590113392
Syscall = madvise (233)
------------------ SYSCALL ENTRY STOP ------------------
------------------ SYSCALL EXIT START ------------------
PID: 20475
SPID: 20475
Timestamp: 1691396590114616
Return value: 000000000000000000
------------------ SYSCALL EXIT STOP ------------------
------------------ SYSCALL ENTRY START ------------------
PID: 20475
SPID: 20475
Timestamp: 1691396590114793
Syscall = madvise (233)
------------------ SYSCALL ENTRY STOP ------------------
------------------ SYSCALL EXIT START ------------------
PID: 20475
SPID: 20475
Timestamp: 1691396590115470
Return value: 000000000000000000
------------------ SYSCALL EXIT STOP ------------------
------------------ SYSCALL ENTRY START ------------------
PID: 20475
SPID: 20475
Timestamp: 1691396590115537
Syscall = madvise (233)
------------------ SYSCALL ENTRY STOP ------------------
------------------ SYSCALL EXIT START ------------------
PID: 20475
SPID: 20475
Timestamp: 1691396590116147
Return value: 000000000000000000
------------------ SYSCALL EXIT STOP ------------------
------------------ SYSCALL ENTRY START ------------------
PID: 20475
SPID: 20475
Timestamp: 1691396590116210
Syscall = madvise (233)
------------------ SYSCALL ENTRY STOP ------------------
------------------ SYSCALL EXIT START ------------------
PID: 20475
SPID: 20475
Timestamp: 1691396590116812
Return value: 000000000000000000
------------------ SYSCALL EXIT STOP ------------------
------------------ SYSCALL ENTRY START ------------------
PID: 20475
SPID: 20475
Timestamp: 1691396590116954
Syscall = madvise (233)
------------------ SYSCALL ENTRY STOP ------------------
------------------ SYSCALL EXIT START ------------------
PID: 20475
SPID: 20475
Timestamp: 1691396590117493
Return value: 000000000000000000
------------------ SYSCALL EXIT STOP ------------------
------------------ SYSCALL ENTRY START ------------------
PID: 20475
SPID: 20475
Timestamp: 1691396590117584
Syscall = madvise (233)
------------------ SYSCALL ENTRY STOP ------------------
------------------ SYSCALL EXIT START ------------------
PID: 20475
SPID: 20475
Timestamp: 1691396590118632
Return value: 000000000000000000
------------------ SYSCALL EXIT STOP ------------------
------------------ SYSCALL ENTRY START ------------------
PID: 20475
SPID: 20475
Timestamp: 1691396590118930
Syscall = madvise (233)
------------------ SYSCALL ENTRY STOP ------------------
------------------ SYSCALL EXIT START ------------------
PID: 20475
SPID: 20475
Timestamp: 1691396590119616
Return value: 000000000000000000
------------------ SYSCALL EXIT STOP ------------------
------------------ SYSCALL ENTRY START ------------------
PID: 20475
SPID: 20475
Timestamp: 1691396590120056
Syscall = madvise (233)
------------------ SYSCALL ENTRY STOP ------------------
------------------ SYSCALL EXIT START ------------------
PID: 20475
SPID: 20475
Timestamp: 1691396590120788
Return value: 000000000000000000
------------------ SYSCALL EXIT STOP ------------------
------------------ SYSCALL ENTRY START ------------------
PID: 20475
SPID: 20475
Timestamp: 1691396590120906
Syscall = madvise (233)
------------------ SYSCALL ENTRY STOP ------------------
------------------ SYSCALL EXIT START ------------------
PID: 20475
SPID: 20475
Timestamp: 1691396590123929
Return value: 000000000000000000
------------------ SYSCALL EXIT STOP ------------------
------------------ SYSCALL ENTRY START ------------------
PID: 20475
SPID: 20475
Timestamp: 1691396590124074
Syscall = madvise (233)
------------------ SYSCALL ENTRY STOP ------------------
------------------ SYSCALL EXIT START ------------------
PID: 20475
SPID: 20475
Timestamp: 1691396590124897
Return value: 000000000000000000
------------------ SYSCALL EXIT STOP ------------------
------------------ SYSCALL ENTRY START ------------------
PID: 20475
SPID: 20475
Timestamp: 1691396590125150
Syscall = madvise (233)
------------------ SYSCALL ENTRY STOP ------------------
------------------ SYSCALL EXIT START ------------------
PID: 20475
SPID: 20475
Timestamp: 1691396590126098
Return value: 000000000000000000
------------------ SYSCALL EXIT STOP ------------------
------------------ SYSCALL ENTRY START ------------------
PID: 20475
SPID: 20475
Timestamp: 1691396590126224
Syscall = madvise (233)
------------------ SYSCALL ENTRY STOP ------------------
------------------ SYSCALL EXIT START ------------------
PID: 20475
SPID: 20475
Timestamp: 1691396590126976
Return value: 000000000000000000
------------------ SYSCALL EXIT STOP ------------------
------------------ SYSCALL ENTRY START ------------------
PID: 20475
SPID: 20475
Timestamp: 1691396590127053
Syscall = madvise (233)
------------------ SYSCALL ENTRY STOP ------------------
------------------ SYSCALL EXIT START ------------------
PID: 20475
SPID: 20475
Timestamp: 1691396590128188
Return value: 000000000000000000
------------------ SYSCALL EXIT STOP ------------------
------------------ SYSCALL ENTRY START ------------------
PID: 20475
SPID: 20475
Timestamp: 1691396590128343
Syscall = madvise (233)
------------------ SYSCALL ENTRY STOP ------------------
------------------ SYSCALL EXIT START ------------------
PID: 20475
SPID: 20475
Timestamp: 1691396590129004
Return value: 000000000000000000
------------------ SYSCALL EXIT STOP ------------------
------------------ SYSCALL ENTRY START ------------------
PID: 20475
SPID: 20475
Timestamp: 1691396590129961
Syscall = madvise (233)
------------------ SYSCALL ENTRY STOP ------------------
------------------ SYSCALL EXIT START ------------------
PID: 20475
SPID: 20475
Timestamp: 1691396590130715
Return value: 000000000000000000
------------------ SYSCALL EXIT STOP ------------------
------------------ SYSCALL ENTRY START ------------------
PID: 20475
SPID: 20475
Timestamp: 1691396590130836
Syscall = madvise (233)
------------------ SYSCALL ENTRY STOP ------------------
------------------ SYSCALL EXIT START ------------------
PID: 20475
SPID: 20475
Timestamp: 1691396590131435
Return value: 000000000000000000
------------------ SYSCALL EXIT STOP ------------------
------------------ SYSCALL ENTRY START ------------------
PID: 20475
SPID: 20475
Timestamp: 1691396590131554
Syscall = madvise (233)
------------------ SYSCALL ENTRY STOP ------------------
------------------ SYSCALL EXIT START ------------------
PID: 20475
SPID: 20475
Timestamp: 1691396590132165
Return value: 000000000000000000
------------------ SYSCALL EXIT STOP ------------------
------------------ SYSCALL ENTRY START ------------------
PID: 20475
SPID: 20475
Timestamp: 1691396590132445
Syscall = madvise (233)
------------------ SYSCALL ENTRY STOP ------------------
------------------SYSCALL EXIT START ------------------
PID: 20475
SPID: 20475
Timestamp: 1691396590133060
Return value: 000000000000000000
------------------ SYSCALL EXIT STOP ------------------
------------------ SYSCALL ENTRY START ------------------
PID: 20475
SPID: 20475
Timestamp: 1691396590133174
Syscall = madvise (233)
------------------ SYSCALL ENTRY STOP ------------------
------------------ SYSCALL EXIT START ------------------
PID: 20475
SPID: 20475
Timestamp: 1691396590136325
Return value: 000000000000000000
------------------ SYSCALL EXIT STOP ------------------
------------------ SYSCALL ENTRY START ------------------
PID: 20475
SPID: 20475
Timestamp: 1691396590136413
Syscall = madvise (233)
------------------ SYSCALL ENTRY STOP ------------------
------------------ SYSCALL EXIT START ------------------
PID: 20475
SPID: 20475
Timestamp: 1691396590137413
Return value: 000000000000000000
------------------ SYSCALL EXIT STOP ------------------
------------------ SYSCALL ENTRY START ------------------
PID: 20475
SPID: 20475
Timestamp: 1691396590137612
Syscall = madvise (233)
------------------ SYSCALL ENTRY STOP ------------------
------------------ SYSCALL EXIT START ------------------
PID: 20475
SPID: 20475
Timestamp: 1691396590140197
Return value: 000000000000000000
------------------ SYSCALL EXIT STOP ------------------
------------------ SYSCALL ENTRY START ------------------
PID: 20475
SPID: 20475
Timestamp: 1691396590155470
Syscall = clock_gettime (113)
------------------ SYSCALL ENTRY STOP ------------------
------------------ SYSCALL EXIT START ------------------
PID: 20475
SPID: 20475
Timestamp: 1691396590160547
Return value: 000000000000000000
------------------ SYSCALL EXIT STOP ------------------
------------------ SYSCALL ENTRY START ------------------
PID: 20475
SPID: 20475
Timestamp: 1691396590161163
Syscall = write (64)
------------------ SYSCALL ENTRY STOP ------------------
------------------ SYSCALL EXIT START ------------------
PID: 20475
SPID: 20475
Timestamp: 1691396590165160
Return value: 0x0000000000000008
------------------ SYSCALL EXIT STOP ------------------
------------------ SYSCALL ENTRY START ------------------
PID: 20475
SPID: 20475
Timestamp: 1691396590165254
Syscall = futex (98)
------------------ SYSCALL ENTRY STOP ------------------
------------------ SYSCALL EXIT START ------------------
PID: 20475
SPID: 20475
Timestamp: 1691396590171094
Return value: 0x0000000000000001
------------------ SYSCALL EXIT STOP ------------------
------------------ SYSCALL ENTRY START ------------------
PID: 20475
SPID: 20475
Timestamp: 1691396590171304
Syscall = futex (98)
------------------ SYSCALL ENTRY STOP ------------------
------------------ SYSCALL EXIT START ------------------
PID: 20475
SPID: 20475
Timestamp: 1691396590174179
Return value: 0xfffffffffffffff5
------------------ SYSCALL EXIT STOP ------------------
------------------ SYSCALL ENTRY START ------------------
PID: 20475
SPID: 20475
Timestamp: 1691396590174530
Syscall = clock_gettime (113)
------------------ SYSCALL ENTRY STOP ------------------
------------------ SYSCALL EXIT START ------------------
PID: 20475
SPID: 20475
Timestamp: 1691396590174834
Return value: 000000000000000000
------------------ SYSCALL EXIT STOP ------------------
------------------ SYSCALL ENTRY START ------------------
PID: 20475
SPID: 20475
Timestamp: 1691396590174945
Syscall = clock_gettime (113)
------------------ SYSCALL ENTRY STOP ------------------
------------------ SYSCALL EXIT START ------------------
PID: 20475
SPID: 20475
Timestamp: 1691396590175480
Return value: 000000000000000000
------------------ SYSCALL EXIT STOP ------------------
------------------ SYSCALL ENTRY START ------------------
PID: 20475
SPID: 20475
Timestamp: 1691396590175534
Syscall = read (63)
------------------ SYSCALL ENTRY STOP ------------------
------------------ SYSCALL EXIT START ------------------
PID: 20475
SPID: 20475
Timestamp: 1691396590175789
Return value: 0x0000000000000030
------------------ SYSCALL EXIT STOP ------------------
------------------ SYSCALL ENTRY START ------------------
PID: 20475
SPID: 20475
Timestamp: 1691396590175866
Syscall = getuid (174)
------------------ SYSCALL ENTRY STOP ------------------
------------------ SYSCALL EXIT START ------------------
PID: 20475
SPID: 20475
Timestamp: 1691396590176085
Return value: 0x000000000000287c
------------------ SYSCALL EXIT STOP ------------------
------------------ SYSCALL ENTRY START ------------------
PID: 20475
SPID: 20475
Timestamp: 1691396590176151
Syscall = epoll_pwait (22)
------------------ SYSCALL ENTRY STOP ------------------
------------------ SYSCALL EXIT START ------------------
PID: 20475
SPID: 20475
Timestamp: 1691396590176713
Return value: 0x0000000000000002
------------------ SYSCALL EXIT STOP ------------------
------------------ SYSCALL ENTRY START ------------------
PID: 20475
SPID: 20475
Timestamp: 1691396590176798
Syscall = read (63)
------------------ SYSCALL ENTRY STOP ------------------
------------------ SYSCALL EXIT START ------------------
PID: 20475
SPID: 20475
Timestamp: 1691396590177048
Return value: 0x0000000000000008
------------------ SYSCALL EXIT STOP ------------------
------------------ SYSCALL ENTRY START ------------------
PID: 20475
SPID: 20475
Timestamp: 1691396590177106
Syscall = recvfrom (207)
------------------ SYSCALL ENTRY STOP ------------------
------------------ SYSCALL EXIT START ------------------
PID: 20475
SPID: 20475
Timestamp: 1691396590177739
Return value: 0x0000000000000040
------------------ SYSCALL EXIT STOP ------------------
------------------ SYSCALL ENTRY START ------------------
PID: 20475
SPID: 20475
Timestamp: 1691396590177829
Syscall = recvfrom (207)
------------------ SYSCALL ENTRY STOP ------------------
------------------ SYSCALL EXIT START ------------------
PID: 20475
SPID: 20475
Timestamp: 1691396590178092
Return value: 0xfffffffffffffff5
------------------ SYSCALL EXIT STOP ------------------
------------------ SYSCALL ENTRY START ------------------
PID: 20475
SPID: 20475
Timestamp: 1691396590178227
Syscall = clock_gettime (113)
------------------ SYSCALL ENTRY STOP ------------------
------------------ SYSCALL EXIT START ------------------
PID: 20475
SPID: 20475
Timestamp: 1691396590178756
Return value: 000000000000000000
------------------ SYSCALL EXIT STOP ------------------
------------------ SYSCALL ENTRY START ------------------
PID: 20475
SPID: 20475
Timestamp: 1691396590178871
Syscall = clock_gettime (113)
------------------ SYSCALL ENTRY STOP ------------------
------------------ SYSCALL EXIT START ------------------
PID: 20475
SPID: 20475
Timestamp: 1691396590179109
Return value: 000000000000000000
------------------ SYSCALL EXIT STOP ------------------
------------------ SYSCALL ENTRY START ------------------
PID: 20475
SPID: 20475
Timestamp: 1691396590179204
Syscall = gettimeofday (169)
------------------ SYSCALL ENTRY STOP ------------------
------------------ SYSCALL EXIT START ------------------
PID: 20475
SPID: 20475
Timestamp: 1691396590179438
Return value: 000000000000000000
------------------ SYSCALL EXIT STOP ------------------
------------------ SYSCALL ENTRY START ------------------
PID: 20475
SPID: 20475
Timestamp: 1691396590179542
Syscall = clock_gettime (113)
------------------ SYSCALL ENTRY STOP ------------------
------------------ SYSCALL EXIT START ------------------
PID: 20475
SPID: 20475
Timestamp: 1691396590179783
Return value: 000000000000000000
------------------ SYSCALL EXIT STOP ------------------
------------------ SYSCALL ENTRY START ------------------
PID: 20475
SPID: 20475
Timestamp: 1691396590179869
Syscall = clock_gettime (113)
------------------ SYSCALL ENTRY STOP ------------------
------------------ SYSCALL EXIT START ------------------
PID: 20475
SPID: 20475
Timestamp: 1691396590180109
Return value: 000000000000000000
------------------ SYSCALL EXIT STOP ------------------
------------------ SYSCALL ENTRY START ------------------
PID: 20475
SPID: 20475
Timestamp: 1691396590180161
Syscall = gettimeofday (169)
------------------ SYSCALL ENTRY STOP ------------------
------------------ SYSCALL EXIT START ------------------
PID: 20475
SPID: 20475
Timestamp: 1691396590187020
Return value: 000000000000000000
------------------ SYSCALL EXIT STOP ------------------
------------------ SYSCALL ENTRY START ------------------
PID: 20475
SPID: 20475
Timestamp: 1691396590187123
Syscall = read (63)
------------------ SYSCALL ENTRY STOP ------------------
------------------ SYSCALL EXIT START ------------------
PID: 20475
SPID: 20475
Timestamp: 1691396590188640
Return value: 0x0000000000000030
------------------ SYSCALL EXIT STOP ------------------
------------------ SYSCALL ENTRY START ------------------
PID: 20475
SPID: 20475
Timestamp: 1691396590188774
Syscall = clock_gettime (113)
------------------ SYSCALL ENTRY STOP ------------------
------------------ SYSCALL EXIT START ------------------
PID: 20475
SPID: 20475
Timestamp: 1691396590189100
Return value: 000000000000000000
------------------ SYSCALL EXIT STOP ------------------
------------------ SYSCALL ENTRY START ------------------
PID: 20475
SPID: 20475
Timestamp: 1691396590189153
Syscall = read (63)
------------------ SYSCALL ENTRY STOP ------------------
------------------ SYSCALL EXIT START ------------------
PID: 20475
SPID: 20475
Timestamp: 1691396590189370
Return value: 0x0000000000000030
------------------ SYSCALL EXIT STOP ------------------
------------------ SYSCALL ENTRY START ------------------
PID: 20475
SPID: 20475
Timestamp: 1691396590189459
Syscall = getuid (174)
------------------ SYSCALL ENTRY STOP ------------------
------------------ SYSCALL EXIT START ------------------
PID: 20475
SPID: 20475
Timestamp: 1691396590189724
Return value: 0x000000000000287c
------------------ SYSCALL EXIT STOP ------------------
------------------ SYSCALL ENTRY START ------------------
PID: 20475
SPID: 20475
Timestamp: 1691396590189815
Syscall = epoll_pwait (22)
------------------ SYSCALL ENTRY STOP ------------------
------------------ SYSCALL EXIT START ------------------
PID: 20475
SPID: 20475
Timestamp: 1691396590190076
Return value: 000000000000000000
------------------ SYSCALL EXIT STOP ------------------
------------------ SYSCALL ENTRY START ------------------
PID: 20475
SPID: 20475
Timestamp: 1691396590190124
Syscall = clock_gettime (113)
------------------ SYSCALL ENTRY STOP ------------------
------------------ SYSCALL EXIT START ------------------
PID: 20475
SPID: 20475
Timestamp: 1691396590198177
Return value: 000000000000000000
------------------ SYSCALL EXIT STOP ------------------
------------------ SYSCALL ENTRY START ------------------
PID: 20475
SPID: 20475
Timestamp: 1691396590198285
Syscall = clock_gettime (113)
------------------ SYSCALL ENTRY STOP ------------------
------------------ SYSCALL EXIT START ------------------
PID: 20475
SPID: 20475
Timestamp: 1691396590199026
Return value: 000000000000000000
------------------ SYSCALL EXIT STOP ------------------
------------------ SYSCALL ENTRY START ------------------
PID: 20475
SPID: 20475
Timestamp: 1691396590199090
Syscall = gettimeofday (169)
------------------ SYSCALL ENTRY STOP ------------------
------------------ SYSCALL EXIT START ------------------
PID: 20475
SPID: 20475
Timestamp: 1691396590199846
Return value: 000000000000000000
------------------ SYSCALL EXIT STOP ------------------
------------------ SYSCALL ENTRY START ------------------
PID: 20475
SPID: 20475
Timestamp: 1691396590199949
Syscall = read (63)
------------------ SYSCALL ENTRY STOP ------------------
------------------ SYSCALL EXIT START ------------------
PID: 20475
SPID: 20475
Timestamp: 1691396590200275
Return value: 0x0000000000000030
------------------ SYSCALL EXIT STOP ------------------
------------------ SYSCALL ENTRY START ------------------
PID: 20475
SPID: 20475
Timestamp: 1691396590200505
Syscall = ioctl (29)
------------------ SYSCALL ENTRY STOP ------------------
------------------ SYSCALL EXIT START ------------------
PID: 20475
SPID: 20475
Timestamp: 1691396590201412
Return value: 000000000000000000
------------------ SYSCALL EXIT STOP ------------------
------------------ SYSCALL ENTRY START ------------------
PID: 20475
SPID: 20475
Timestamp: 1691396590201530
Syscall = clock_gettime (113)
------------------ SYSCALL ENTRY STOP ------------------
------------------ SYSCALL EXIT START ------------------
PID: 20475
SPID: 20475
Timestamp: 1691396590202075
Return value: 000000000000000000
------------------ SYSCALL EXIT STOP ------------------
------------------ SYSCALL ENTRY START ------------------
PID: 20475
SPID: 20475
Timestamp: 1691396590202143
Syscall = read (63)
------------------ SYSCALL ENTRY STOP ------------------
------------------ SYSCALL EXIT START ------------------
PID: 20475
SPID: 20475
Timestamp: 1691396590202937
Return value: 0x0000000000000030
------------------ SYSCALL EXIT STOP ------------------
------------------ SYSCALL ENTRY START ------------------
PID: 20475
SPID: 20475
Timestamp: 1691396590203033
Syscall = getuid (174)
------------------ SYSCALL ENTRY STOP ------------------
------------------ SYSCALL EXIT START ------------------
PID: 20475
SPID: 20475
Timestamp: 1691396590203902
