------------------ SYSCALL ENTRY START ------------------
PID: 14876
SPID: 14876
Timestamp: 1691401717511942
Syscall = clock_gettime (113)
------------------ SYSCALL ENTRY STOP ------------------
------------------ SYSCALL EXIT START ------------------
PID: 14876
SPID: 14876
Timestamp: 1691401717513716
Return value: 000000000000000000
------------------ SYSCALL EXIT STOP ------------------
------------------ SYSCALL ENTRY START ------------------
PID: 14876
SPID: 14876
Timestamp: 1691401717513808
Syscall = epoll_pwait (22)
------------------ SYSCALL ENTRY STOP ------------------
------------------ SYSCALL EXIT START ------------------
PID: 14876
SPID: 14876
Timestamp: 1691401717523836
Return value: 0x0000000000000001
------------------ SYSCALL EXIT STOP ------------------
------------------ SYSCALL ENTRY START ------------------
PID: 14876
SPID: 14876
Timestamp: 1691401717524357
Syscall = recvfrom (207)
------------------ SYSCALL ENTRY STOP ------------------
------------------ SYSCALL EXIT START ------------------
PID: 14876
SPID: 14876
Timestamp: 1691401717525209
Return value: 0x0000000000000010
------------------ SYSCALL EXIT STOP ------------------
------------------ SYSCALL ENTRY START ------------------
PID: 14876
SPID: 14876
Timestamp: 1691401717525303
Syscall = clock_gettime (113)
------------------ SYSCALL ENTRY STOP ------------------
------------------ SYSCALL EXIT START ------------------
PID: 14876
SPID: 14876
Timestamp: 1691401717526012
Return value: 000000000000000000
------------------ SYSCALL EXIT STOP ------------------
------------------ SYSCALL ENTRY START ------------------
PID: 14876
SPID: 14876
Timestamp: 1691401717526298
Syscall = clock_gettime (113)
------------------ SYSCALL ENTRY STOP ------------------
------------------ SYSCALL EXIT START ------------------
PID: 14876
SPID: 14876
Timestamp: 1691401717527527
Return value: 000000000000000000
------------------ SYSCALL EXIT STOP ------------------
------------------ SYSCALL ENTRY START ------------------
PID: 14876
SPID: 14876
Timestamp: 1691401717527674
Syscall = clock_gettime (113)
------------------ SYSCALL ENTRY STOP ------------------
------------------ SYSCALL EXIT START ------------------
PID: 14876
SPID: 14876
Timestamp: 1691401717528497
Return value: 000000000000000000
------------------ SYSCALL EXIT STOP ------------------
------------------ SYSCALL ENTRY START ------------------
PID: 14876
SPID: 14876
Timestamp: 1691401717528593
Syscall = gettimeofday (169)
------------------ SYSCALL ENTRY STOP ------------------
------------------ SYSCALL EXIT START ------------------
PID: 14876
SPID: 14876
Timestamp: 1691401717529188
Return value: 000000000000000000
------------------ SYSCALL EXIT STOP ------------------
------------------ SYSCALL ENTRY START ------------------
PID: 14876
SPID: 14876
Timestamp: 1691401717529300
Syscall = write (64)
------------------ SYSCALL ENTRY STOP ------------------
------------------ SYSCALL EXIT START ------------------
PID: 14876
SPID: 14876
Timestamp: 1691401717530016
Return value: 0x0000000000000008
------------------ SYSCALL EXIT STOP ------------------
------------------ SYSCALL ENTRY START ------------------
PID: 14876
SPID: 14876
Timestamp: 1691401717530123
Syscall = sendto (206)
------------------ SYSCALL ENTRY STOP ------------------
------------------ SYSCALL EXIT START ------------------
PID: 14876
SPID: 14876
Timestamp: 1691401717530877
Return value: 0x0000000000000018
------------------ SYSCALL EXIT STOP ------------------
------------------ SYSCALL ENTRY START ------------------
PID: 14876
SPID: 14876
Timestamp: 1691401717530987
Syscall = recvfrom (207)
------------------ SYSCALL ENTRY STOP ------------------
------------------ SYSCALL EXIT START ------------------
PID: 14989
SPID: 14989
Timestamp: 1691401740171000
Return value: 0xfffffffffffffff5
------------------ SYSCALL EXIT STOP ------------------
------------------ SYSCALL ENTRY START ------------------
PID: 14989
SPID: 14989
Timestamp: 1691401740171146
Syscall = clock_gettime (113)
------------------ SYSCALL ENTRY STOP ------------------
------------------ SYSCALL EXIT START ------------------
PID: 14989
SPID: 14989
Timestamp: 1691401740171324
Return value: 000000000000000000
------------------ SYSCALL EXIT STOP ------------------
------------------ SYSCALL ENTRY START ------------------
PID: 14989
SPID: 14989
Timestamp: 1691401740171463
Syscall = clock_gettime (113)
------------------ SYSCALL ENTRY STOP ------------------
------------------ SYSCALL EXIT START ------------------
PID: 14989
SPID: 14989
Timestamp: 1691401740171630
Return value: 000000000000000000
------------------ SYSCALL EXIT STOP ------------------
------------------ SYSCALL ENTRY START ------------------
PID: 14989
SPID: 14989
Timestamp: 1691401740171733
Syscall = gettimeofday (169)
------------------ SYSCALL ENTRY STOP ------------------
------------------ SYSCALL EXIT START ------------------
PID: 14989
SPID: 14989
Timestamp: 1691401740171903
Return value: 000000000000000000
------------------ SYSCALL EXIT STOP ------------------
------------------ SYSCALL ENTRY START ------------------
PID: 14989
SPID: 14989
Timestamp: 1691401740172014
Syscall = read (63)
------------------ SYSCALL ENTRY STOP ------------------
------------------ SYSCALL EXIT START ------------------
PID: 14989
SPID: 14989
Timestamp: 1691401740172189
Return value: 0x0000000000000030
------------------ SYSCALL EXIT STOP ------------------
------------------ SYSCALL ENTRY START ------------------
PID: 14989
SPID: 14989
Timestamp: 1691401740172605
Syscall = clock_gettime (113)
------------------ SYSCALL ENTRY STOP ------------------
------------------ SYSCALL EXIT START ------------------
PID: 14989
SPID: 14989
Timestamp: 1691401740172895
Return value: 000000000000000000
------------------ SYSCALL EXIT STOP ------------------
------------------ SYSCALL ENTRY START ------------------
PID: 14989
SPID: 14989
Timestamp: 1691401740172937
Syscall = getuid (174)
------------------ SYSCALL ENTRY STOP ------------------
------------------ SYSCALL EXIT START ------------------
PID: 14989
SPID: 14989
Timestamp: 1691401740173148
Return value: 0x000000000000287c
------------------ SYSCALL EXIT STOP ------------------
------------------ SYSCALL ENTRY START ------------------
PID: 14989
SPID: 14989
Timestamp: 1691401740173181
Syscall = writev (66)
------------------ SYSCALL ENTRY STOP ------------------
------------------ SYSCALL EXIT START ------------------
PID: 14989
SPID: 14989
Timestamp: 1691401740173403
Return value: 0x0000000000000041
------------------ SYSCALL EXIT STOP ------------------
------------------ SYSCALL ENTRY START ------------------
PID: 14989
SPID: 14989
Timestamp: 1691401740173897
Syscall = clock_gettime (113)
------------------ SYSCALL ENTRY STOP ------------------
------------------ SYSCALL EXIT START ------------------
PID: 14989
SPID: 14989
Timestamp: 1691401740174164
Return value: 000000000000000000
------------------ SYSCALL EXIT STOP ------------------
------------------ SYSCALL ENTRY START ------------------
PID: 14989
SPID: 14989
Timestamp: 1691401740174221
Syscall = clock_gettime (113)
------------------ SYSCALL ENTRY STOP ------------------
------------------ SYSCALL EXIT START ------------------
PID: 14989
SPID: 14989
Timestamp: 1691401740174416
Return value: 000000000000000000
------------------ SYSCALL EXIT STOP ------------------
------------------ SYSCALL ENTRY START ------------------
PID: 14989
SPID: 14989
Timestamp: 1691401740174467
Syscall = clock_gettime (113)
------------------ SYSCALL ENTRY STOP ------------------
------------------ SYSCALL EXIT START ------------------
PID: 14989
SPID: 14989
Timestamp: 1691401740174671
Return value: 000000000000000000
------------------ SYSCALL EXIT STOP ------------------
------------------ SYSCALL ENTRY START ------------------
PID: 14989
SPID: 14989
Timestamp: 1691401740174799
Syscall = clock_gettime (113)
------------------ SYSCALL ENTRY STOP ------------------
------------------ SYSCALL EXIT START ------------------
PID: 14989
SPID: 14989
Timestamp: 1691401740176770
Return value: 000000000000000000
------------------ SYSCALL EXIT STOP ------------------
------------------ SYSCALL ENTRY START ------------------
PID: 14989
SPID: 14989
Timestamp: 1691401740176911
Syscall = gettimeofday (169)
------------------ SYSCALL ENTRY STOP ------------------
------------------ SYSCALL EXIT START ------------------
PID: 14989
SPID: 14989
Timestamp: 1691401740179137
Return value: 000000000000000000
------------------ SYSCALL EXIT STOP ------------------
------------------ SYSCALL ENTRY START ------------------
PID: 14989
SPID: 14989
Timestamp: 1691401740179321
Syscall = clock_gettime (113)
------------------ SYSCALL ENTRY STOP ------------------
------------------ SYSCALL EXIT START ------------------
PID: 14989
SPID: 14989
Timestamp: 1691401740180124
Return value: 000000000000000000
------------------ SYSCALL EXIT STOP ------------------
------------------ SYSCALL ENTRY START ------------------
PID: 14989
SPID: 14989
Timestamp: 1691401740180331
Syscall = write (64)
------------------ SYSCALL ENTRY STOP ------------------
------------------ SYSCALL EXIT START ------------------
PID: 14989
SPID: 14989
Timestamp: 1691401740182715
Return value: 0x0000000000000008
------------------ SYSCALL EXIT STOP ------------------
------------------ SYSCALL ENTRY START ------------------
PID: 14989
SPID: 14989
Timestamp: 1691401740184140
Syscall = futex (98)
------------------ SYSCALL ENTRY STOP ------------------
------------------ SYSCALL EXIT START ------------------
PID: 14989
SPID: 14989
Timestamp: 1691401740184466
Return value: 0x0000000000000001
------------------ SYSCALL EXIT STOP ------------------
------------------ SYSCALL ENTRY START ------------------
PID: 14989
SPID: 14989
Timestamp: 1691401740184513
Syscall = futex (98)
------------------ SYSCALL ENTRY STOP ------------------
------------------ SYSCALL EXIT START ------------------
PID: 14989
SPID: 14989
Timestamp: 1691401740184791
Return value: 0x0000000000000001
------------------ SYSCALL EXIT STOP ------------------
------------------ SYSCALL ENTRY START ------------------
PID: 14989
SPID: 14989
Timestamp: 1691401740185510
Syscall = futex (98)
------------------ SYSCALL ENTRY STOP ------------------
------------------ SYSCALL EXIT START ------------------
PID: 14989
SPID: 14989
Timestamp: 1691401740186519
Return value: 000000000000000000
------------------ SYSCALL EXIT STOP ------------------
------------------ SYSCALL ENTRY START ------------------
PID: 14989
SPID: 14989
Timestamp: 1691401740186596
Syscall = futex (98)
------------------ SYSCALL ENTRY STOP ------------------
------------------ SYSCALL EXIT START ------------------
PID: 14989
SPID: 14989
Timestamp: 1691401740187194
Return value: 0x0000000000000001
------------------ SYSCALL EXIT STOP ------------------
------------------ SYSCALL ENTRY START ------------------
PID: 14989
SPID: 14989
Timestamp: 1691401740187503
Syscall = clock_gettime (113)
------------------ SYSCALL ENTRY STOP ------------------
------------------ SYSCALL EXIT START ------------------
PID: 14989
SPID: 14989
Timestamp: 1691401740188122
Return value: 000000000000000000
------------------ SYSCALL EXIT STOP ------------------
------------------ SYSCALL ENTRY START ------------------
PID: 14989
SPID: 14989
Timestamp: 1691401740188217
Syscall = clock_gettime (113)
------------------ SYSCALL ENTRY STOP ------------------
------------------ SYSCALL EXIT START ------------------
PID: 14989
SPID: 14989
Timestamp: 1691401740188798
Return value: 000000000000000000
------------------ SYSCALL EXIT STOP ------------------
------------------ SYSCALL ENTRY START ------------------
PID: 14989
SPID: 14989
Timestamp: 1691401740188855
Syscall = gettimeofday (169)
------------------ SYSCALL ENTRY STOP ------------------
------------------ SYSCALL EXIT START ------------------
PID: 14989
SPID: 14989
Timestamp: 1691401740189925
Return value: 000000000000000000
------------------ SYSCALL EXIT STOP ------------------
------------------ SYSCALL ENTRY START ------------------
PID: 14989
SPID: 14989
Timestamp: 1691401740190638
Syscall= clock_gettime (113)
------------------ SYSCALL ENTRY STOP ------------------
------------------ SYSCALL EXIT START ------------------
PID: 14989
SPID: 14989
Timestamp: 1691401740191511
Return value: 000000000000000000
------------------ SYSCALL EXIT STOP ------------------
------------------ SYSCALL ENTRY START ------------------
PID: 14989
SPID: 14989
Timestamp: 1691401740191594
Syscall = clock_gettime (113)
------------------ SYSCALL ENTRY STOP ------------------
------------------ SYSCALL EXIT START ------------------
PID: 14989
SPID: 14989
Timestamp: 1691401740192245
Return value: 000000000000000000
------------------ SYSCALL EXIT STOP ------------------
------------------ SYSCALL ENTRY START ------------------
PID: 14989
SPID: 14989
Timestamp: 1691401740192305
Syscall = ioctl (29)
------------------ SYSCALL ENTRY STOP ------------------
------------------ SYSCALL EXIT START ------------------
PID: 14989
SPID: 14989
Timestamp: 1691401740193937
Return value: 000000000000000000
------------------ SYSCALLEXIT STOP ------------------
------------------ SYSCALL ENTRY START ------------------
PID: 14989
SPID: 14989
Timestamp: 1691401740195999
Syscall = clock_gettime (113)
------------------ SYSCALL ENTRY STOP ------------------
------------------ SYSCALL EXIT START ------------------
PID: 14989
SPID: 14989
Timestamp: 1691401740199273
Return value: 000000000000000000
------------------ SYSCALL EXIT STOP ------------------
------------------ SYSCALL ENTRY START ------------------
PID: 14989
SPID: 14989
Timestamp: 1691401740199502
Syscall = fcntl (25)
------------------ SYSCALL ENTRY STOP ------------------
------------------ SYSCALL EXIT START ------------------
PID: 14989
SPID: 14989
Timestamp: 1691401740201630
Return value: 0x0000000000000066
------------------ SYSCALL EXIT STOP ------------------
------------------ SYSCALL ENTRY START ------------------
PID: 14989
SPID: 14989
Timestamp: 1691401740201796
Syscall = close (57)
------------------ SYSCALL ENTRY STOP ------------------
------------------ SYSCALL EXIT START ------------------
PID: 14989
SPID: 14989
Timestamp: 1691401740202153
Return value: 000000000000000000
------------------ SYSCALL EXIT STOP ------------------
------------------ SYSCALL ENTRY START ------------------
PID: 14989
SPID: 14989
Timestamp: 1691401740202210
Syscall = ioctl (29)
------------------ SYSCALL ENTRY STOP ------------------
------------------ SYSCALL EXIT START ------------------
PID: 14989
SPID: 14989
Timestamp: 1691401740203096
Return value: 000000000000000000
------------------ SYSCALL EXIT STOP ------------------
------------------ SYSCALL ENTRY START ------------------
PID: 14989
SPID: 14989
Timestamp: 1691401740203389
Syscall = clock_gettime (113)
------------------ SYSCALL ENTRY STOP ------------------
------------------ SYSCALL EXIT START ------------------
PID: 14989
SPID: 14989
Timestamp: 1691401740203657
Return value: 000000000000000000
------------------ SYSCALL EXIT STOP ------------------
------------------ SYSCALL ENTRY START ------------------
PID: 14989
SPID: 14989
Timestamp: 1691401740203699
Syscall = read (63)
------------------ SYSCALL ENTRY STOP ------------------
------------------ SYSCALL EXIT START ------------------
PID: 14989
SPID: 14989
Timestamp: 1691401740203900
Return value: 0x0000000000000030
------------------ SYSCALL EXIT STOP ------------------
------------------ SYSCALL ENTRY START ------------------
PID: 14989
SPID: 14989
Timestamp: 1691401740203962
Syscall = getuid (174)
------------------ SYSCALL ENTRY STOP ------------------
------------------ SYSCALL EXIT START ------------------
PID: 14989
SPID: 14989
Timestamp: 1691401740204157
Return value: 0x000000000000287c
------------------ SYSCALL EXIT STOP ------------------
------------------ SYSCALL ENTRY START ------------------
PID: 14989
SPID: 14989
Timestamp: 1691401740204208
Syscall = epoll_pwait (22)
------------------ SYSCALL ENTRY STOP ------------------
------------------ SYSCALL EXIT START ------------------
PID: 14989
SPID: 14989
Timestamp: 1691401740204406
Return value: 0x0000000000000001
------------------ SYSCALL EXIT STOP ------------------
------------------ SYSCALL ENTRY START ------------------
PID: 14989
SPID: 14989
Timestamp: 1691401740204436
Syscall = read (63)
------------------ SYSCALL ENTRY STOP ------------------
------------------ SYSCALL EXIT START ------------------
PID: 14989
SPID: 14989
Timestamp: 1691401740204635
Return value: 0x0000000000000008
------------------ SYSCALL EXIT STOP ------------------
------------------ SYSCALL ENTRY START ------------------
PID: 14989
SPID: 14989
Timestamp: 1691401740204669
Syscall = clock_gettime (113)
------------------ SYSCALL ENTRY STOP ------------------
------------------ SYSCALL EXIT START ------------------
PID: 14989
SPID: 14989
Timestamp: 1691401740204853
Return value: 000000000000000000
------------------ SYSCALL EXIT STOP ------------------
------------------ SYSCALL ENTRY START ------------------
PID: 14989
SPID: 14989
Timestamp: 1691401740204909
Syscall = clock_gettime (113)
------------------ SYSCALL ENTRY STOP ------------------
------------------ SYSCALL EXIT START ------------------
PID: 14989
SPID: 14989
Timestamp: 1691401740205093
Return value: 000000000000000000
------------------ SYSCALL EXIT STOP ------------------
------------------ SYSCALL ENTRY START ------------------
PID: 14989
SPID: 14989
Timestamp: 1691401740205128
Syscall = gettimeofday (169)
------------------ SYSCALL ENTRY STOP ------------------
------------------ SYSCALL EXIT START ------------------
PID: 14989
SPID: 14989
Timestamp: 1691401740205318
Return value: 000000000000000000
------------------ SYSCALL EXIT STOP ------------------
------------------ SYSCALL ENTRY START ------------------
PID: 14989
SPID: 14989
Timestamp: 1691401740205354
Syscall = read (63)
------------------ SYSCALL ENTRY STOP ------------------
------------------ SYSCALL EXIT START ------------------
PID: 14989
SPID: 14989
Timestamp: 1691401740206078
Return value: 0x0000000000000030
------------------ SYSCALL EXIT STOP ------------------
------------------ SYSCALL ENTRY START ------------------
PID: 14989
SPID: 14989
Timestamp: 1691401740206213
Syscall = clock_gettime (113)
------------------ SYSCALL ENTRY STOP ------------------
------------------ SYSCALL EXIT START ------------------
PID: 14989
SPID: 14989
Timestamp: 1691401740206956
Return value: 000000000000000000
------------------ SYSCALL EXIT STOP ------------------
------------------ SYSCALL ENTRY START ------------------
PID: 14989
SPID: 14989
Timestamp: 1691401740207071
Syscall = clock_gettime (113)
------------------ SYSCALL ENTRY STOP ------------------
------------------ SYSCALL EXIT START ------------------
PID: 14989
SPID: 14989
Timestamp: 1691401740207635
Return value: 000000000000000000
------------------ SYSCALL EXIT STOP ------------------
------------------ SYSCALL ENTRY START ------------------
PID: 14989
SPID: 14989
Timestamp: 1691401740207793
Syscall = clock_gettime (113)
------------------ SYSCALL ENTRY STOP ------------------
------------------ SYSCALL EXIT START ------------------
PID: 14989
SPID: 14989
Timestamp: 1691401740208381
Return value: 000000000000000000
------------------ SYSCALL EXIT STOP ------------------
------------------ SYSCALL ENTRY START ------------------
PID: 14989
SPID: 14989
Timestamp: 1691401740208427
Syscall = clock_gettime (113)
------------------ SYSCALL ENTRY STOP ------------------
------------------ SYSCALL EXIT START ------------------
PID: 14989
SPID: 14989
Timestamp: 1691401740209019
Return value: 000000000000000000
------------------ SYSCALL EXIT STOP ------------------
------------------ SYSCALL ENTRY START ------------------
PID: 14989
SPID: 14989
Timestamp: 1691401740209097
Syscall = clock_gettime (113)
------------------ SYSCALL ENTRY STOP ------------------
------------------ SYSCALL EXIT START ------------------
PID: 14989
SPID: 14989
Timestamp: 1691401740209338
Return value: 000000000000000000
------------------ SYSCALL EXIT STOP ------------------
------------------ SYSCALL ENTRY START ------------------
PID: 14989
SPID: 14989
Timestamp: 1691401740209378
Syscall = clock_gettime(113)
------------------ SYSCALL ENTRY STOP ------------------
------------------ SYSCALL EXIT START ------------------
PID: 14989
SPID: 14989
Timestamp: 1691401740209615
Return value: 000000000000000000
------------------ SYSCALL EXIT STOP ------------------
------------------ SYSCALL ENTRY START ------------------
PID: 14989
SPID: 14989
Timestamp: 1691401740209714
Syscall = clock_gettime (113)
------------------ SYSCALL ENTRY STOP ------------------
------------------ SYSCALL EXIT START ------------------
PID: 14989
SPID: 14989
Timestamp: 1691401740209927
Return value: 000000000000000000
------------------ SYSCALL EXIT STOP ------------------
------------------ SYSCALL ENTRY START ------------------
PID: 14989
SPID: 14989
Timestamp: 1691401740209962
Syscall = clock_gettime (113)
------------------ SYSCALL ENTRY STOP ------------------
------------------ SYSCALL EXIT START ------------------
PID: 14989
SPID: 14989
Timestamp: 1691401740210152
Return value: 000000000000000000
------------------ SYSCALL EXIT STOP ------------------
------------------ SYSCALL ENTRY START ------------------
PID: 14989
SPID: 14989
Timestamp: 1691401740210181
Syscall = clock_gettime (113)
------------------ SYSCALL ENTRY STOP ------------------
------------------ SYSCALL EXIT START ------------------
PID: 14989
SPID: 14989
Timestamp: 1691401740210366
Return value: 000000000000000000
------------------ SYSCALL EXIT STOP ------------------
------------------ SYSCALL ENTRY START ------------------
PID: 14989
SPID: 14989
Timestamp: 1691401740210462
Syscall = write (64)
------------------ SYSCALL ENTRY STOP ------------------
------------------ SYSCALL EXIT START ------------------
PID: 14989
SPID: 14989
Timestamp: 1691401740212499
Return value: 0x0000000000000008
------------------ SYSCALL EXIT STOP ------------------
------------------ SYSCALL ENTRY START ------------------
PID: 14989
SPID: 14989
Timestamp: 1691401740213037
Syscall = clock_gettime (113)
------------------ SYSCALL ENTRY STOP ------------------
------------------ SYSCALL EXIT START ------------------
PID: 14989
SPID: 14989
Timestamp: 1691401740213468
Return value: 000000000000000000
------------------ SYSCALL EXIT STOP ------------------
------------------ SYSCALL ENTRY START ------------------
PID: 14989
SPID: 14989
Timestamp: 1691401740214263
Syscall = clock_gettime (113)
------------------ SYSCALL ENTRY STOP ------------------
------------------ SYSCALL EXIT START ------------------
PID: 14989
SPID: 14989
Timestamp: 1691401740216946
Return value: 000000000000000000
------------------ SYSCALL EXIT STOP ------------------
------------------ SYSCALL ENTRY START ------------------
PID: 14989
SPID: 14989
Timestamp: 1691401740217119
Syscall = clock_gettime (113)
------------------ SYSCALL ENTRY STOP ------------------
------------------ SYSCALL EXIT START ------------------
PID: 14989
SPID: 14989
Timestamp: 1691401740217955
Return value: 000000000000000000
------------------ SYSCALL EXIT STOP ------------------
------------------ SYSCALL ENTRY START ------------------
PID: 14989
SPID: 14989
Timestamp: 1691401740218185
Syscall = recvfrom (207)
------------------ SYSCALL ENTRY STOP ------------------
------------------ SYSCALL EXIT START ------------------
PID: 14989
SPID: 14989
Timestamp: 1691401740218737
Return value: 0xfffffffffffffff5
------------------ SYSCALL EXIT STOP ------------------
------------------ SYSCALL ENTRY START ------------------
PID: 14989
SPID: 14989
Timestamp: 1691401740218840
Syscall = ioctl (29)
------------------ SYSCALL ENTRY STOP ------------------
------------------ SYSCALL EXIT START ------------------
PID: 14989
SPID: 14989
Timestamp: 1691401740219408
Return value: 000000000000000000
------------------ SYSCALL EXIT STOP ------------------
------------------ SYSCALL ENTRY START ------------------
PID: 14989
SPID: 14989
Timestamp: 1691401740219794
Syscall = clock_gettime (113)
------------------ SYSCALL ENTRY STOP ------------------
------------------ SYSCALL EXIT START ------------------
PID: 14989
SPID: 14989
Timestamp: 1691401740220310
Return value: 000000000000000000
------------------ SYSCALL EXIT STOP ------------------
------------------ SYSCALL ENTRY START ------------------
PID: 14989
SPID: 14989
Timestamp: 1691401740220490
Syscall = clock_gettime (113)
------------------ SYSCALL ENTRY STOP ------------------
------------------ SYSCALL EXIT START ------------------
PID: 14989
SPID: 14989
Timestamp: 1691401740221106
Return value: 000000000000000000
------------------ SYSCALL EXIT STOP ------------------
------------------ SYSCALL ENTRY START ------------------
PID: 14989
SPID: 14989
Timestamp: 1691401740221200
Syscall = write (64)
------------------ SYSCALL ENTRY STOP ------------------
------------------ SYSCALL EXIT START ------------------
PID: 14989
SPID: 14989
Timestamp: 1691401740222034
Return value: 0x0000000000000008
------------------ SYSCALL EXIT STOP ------------------
------------------ SYSCALL ENTRY START ------------------
PID: 14989
SPID: 14989
Timestamp: 1691401740224574
Syscall = futex (98)
------------------ SYSCALL ENTRY STOP ------------------
------------------ SYSCALL EXIT START ------------------
PID: 14989
SPID: 14989
Timestamp: 1691401740225422
Return value: 0x0000000000000001
------------------ SYSCALL EXIT STOP ------------------
------------------ SYSCALL ENTRY START ------------------
PID: 14989
SPID: 14989
Timestamp: 1691401740225603
Syscall = futex (98)
------------------ SYSCALL ENTRY STOP ------------------
------------------ SYSCALL EXIT START ------------------
PID: 14989
SPID: 14989
Timestamp: 1691401740225868
Return value: 000000000000000000
------------------ SYSCALL EXIT STOP ------------------
------------------ SYSCALL ENTRY START ------------------
PID: 14989
SPID: 14989
Timestamp: 1691401740227942
Syscall = madvise (233)
------------------ SYSCALL ENTRY STOP ------------------
------------------ SYSCALL EXIT START ------------------
PID: 14989
SPID: 14989
Timestamp: 1691401740231503
Return value: 000000000000000000
------------------ SYSCALL EXIT STOP ------------------
------------------ SYSCALL ENTRY START ------------------
PID: 14989
SPID: 14989
Timestamp: 1691401740231570
Syscall = madvise (233)
------------------ SYSCALL ENTRY STOP ------------------
------------------ SYSCALL EXIT START ------------------
PID: 14989
SPID: 14989
Timestamp: 1691401740232705
Return value: 000000000000000000
------------------ SYSCALL EXIT STOP ------------------
------------------ SYSCALL ENTRY START ------------------
PID: 14989
SPID: 14989
Timestamp: 1691401740232865
Syscall = madvise (233)
------------------ SYSCALL ENTRY STOP ------------------
------------------ SYSCALL EXIT START ------------------
PID: 14989
SPID: 14989
Timestamp: 1691401740233184
Return value: 000000000000000000
------------------ SYSCALL EXIT STOP ------------------
------------------ SYSCALL ENTRY START ------------------
PID: 14989
SPID: 14989
Timestamp: 1691401740233262
Syscall = madvise (233)
------------------ SYSCALL ENTRY STOP ------------------
------------------ SYSCALL EXIT START ------------------
PID: 14989
SPID: 14989
Timestamp: 1691401740233963
Return value: 000000000000000000
------------------ SYSCALL EXIT STOP ------------------
------------------ SYSCALL ENTRY START ------------------
PID: 14989
SPID: 14989
Timestamp: 1691401740234117
Syscall = madvise (233)
------------------ SYSCALL ENTRY STOP ------------------
------------------ SYSCALL EXIT START ------------------
PID: 14989
SPID: 14989
Timestamp: 1691401740234425
Return value: 000000000000000000
------------------ SYSCALL EXIT STOP ------------------
------------------ SYSCALL ENTRY START ------------------
PID: 14989
SPID: 14989
Timestamp: 1691401740234500
Syscall = madvise (233)
------------------ SYSCALL ENTRY STOP ------------------
------------------ SYSCALL EXIT START ------------------
PID: 14989
SPID: 14989
Timestamp: 1691401740235539
Return value: 000000000000000000
------------------ SYSCALL EXIT STOP ------------------
------------------ SYSCALL ENTRY START ------------------
PID: 14989
SPID: 14989
Timestamp: 1691401740235689
Syscall = madvise (233)
------------------ SYSCALL ENTRY STOP ------------------
------------------ SYSCALL EXIT START ------------------
PID: 14989
SPID: 14989
Timestamp: 1691401740242293
Return value: 000000000000000000
------------------ SYSCALL EXIT STOP ------------------
------------------ SYSCALL ENTRY START ------------------
PID: 14989
SPID: 14989
Timestamp: 1691401740242470
Syscall = madvise (233)
------------------ SYSCALL ENTRY STOP ------------------
------------------ SYSCALL EXIT START ------------------
PID: 14989
SPID: 14989
Timestamp: 1691401740243712
Return value: 000000000000000000
------------------ SYSCALL EXIT STOP ------------------
------------------ SYSCALL ENTRY START ------------------
PID: 14989
SPID: 14989
Timestamp: 1691401740264358
Syscall = clock_gettime (113)
------------------ SYSCALL ENTRY STOP ------------------
------------------ SYSCALL EXIT START ------------------
PID: 14989
SPID: 14989
Timestamp: 1691401740265711
Return value: 000000000000000000
------------------ SYSCALL EXIT STOP ------------------
------------------ SYSCALL ENTRY START ------------------
PID: 14989
SPID: 14989
Timestamp: 1691401740265956
Syscall = write (64)
------------------ SYSCALL ENTRY STOP ------------------
------------------ SYSCALL EXIT START ------------------
PID: 14989
SPID: 14989
Timestamp: 1691401740267103
Return value: 0x0000000000000008
------------------ SYSCALL EXIT STOP ------------------
------------------ SYSCALL ENTRY START ------------------
PID: 14989
SPID: 14989
Timestamp: 1691401740267245
Syscall = futex (98)
------------------ SYSCALL ENTRY STOP ------------------
------------------ SYSCALL EXIT START ------------------
PID: 14989
SPID: 14989
Timestamp: 1691401740270889
Return value: 0x0000000000000001
------------------ SYSCALL EXIT STOP ------------------
------------------ SYSCALL ENTRY START ------------------
PID: 14989
SPID: 14989
Timestamp: 1691401740274490
Syscall = futex (98)
------------------ SYSCALL ENTRY STOP ------------------
------------------ SYSCALL EXIT START ------------------
PID: 14989
SPID: 14989
Timestamp: 1691401740276621
Return value: 0xfffffffffffffff5
------------------ SYSCALL EXIT STOP ------------------
------------------ SYSCALL ENTRY START ------------------
PID: 14989
SPID: 14989
Timestamp: 1691401740276925
Syscall = clock_gettime (113)
------------------ SYSCALL ENTRY STOP ------------------
------------------ SYSCALL EXIT START ------------------
PID: 14989
SPID: 14989
Timestamp: 1691401740277655
Return value: 000000000000000000
------------------ SYSCALL EXIT STOP ------------------
------------------ SYSCALL ENTRY START ------------------
PID: 14989
SPID: 14989
Timestamp: 1691401740277957
Syscall = clock_gettime (113)
------------------ SYSCALL ENTRY STOP ------------------
------------------ SYSCALL EXIT START ------------------
PID: 14989
SPID: 14989
Timestamp: 1691401740282476
Return value: 000000000000000000
------------------ SYSCALL EXIT STOP ------------------
------------------ SYSCALL ENTRY START ------------------
PID: 14989
SPID: 14989
Timestamp: 1691401740284735
Syscall = read (63)
------------------ SYSCALL ENTRY STOP ------------------
------------------ SYSCALL EXIT START ------------------
PID: 14989
SPID: 14989
Timestamp: 1691401740285644
Return value: 0x0000000000000030
------------------ SYSCALL EXIT STOP ------------------
------------------ SYSCALL ENTRY START ------------------
PID: 14989
SPID: 14989
Timestamp: 1691401740287135
Syscall = getuid (174)
------------------ SYSCALL ENTRY STOP ------------------
------------------ SYSCALL EXIT START ------------------
PID: 14989
SPID: 14989
Timestamp: 1691401740287992
Return value: 0x000000000000287c
------------------ SYSCALL EXIT STOP ------------------
------------------ SYSCALL ENTRY START ------------------
PID: 14989
SPID: 14989
Timestamp: 1691401740288194
Syscall = epoll_pwait (22)
------------------ SYSCALL ENTRY STOP ------------------
------------------ SYSCALL EXIT START ------------------
PID: 14989
SPID: 14989
Timestamp: 1691401740288868
Return value: 0x0000000000000002
------------------ SYSCALL EXIT STOP ------------------
------------------ SYSCALL ENTRY START ------------------
PID: 14989
SPID: 14989
Timestamp: 1691401740289056
Syscall = read (63)
------------------ SYSCALL ENTRY STOP ------------------
------------------ SYSCALL EXIT START ------------------
PID: 14989
SPID: 14989
Timestamp: 1691401740289964
Return value: 0x0000000000000008
------------------ SYSCALL EXIT STOP ------------------
------------------ SYSCALL ENTRY START ------------------
PID: 14989
SPID: 14989
Timestamp: 1691401740290174
Syscall = recvfrom (207)
------------------ SYSCALL ENTRY STOP ------------------
------------------ SYSCALL EXIT START ------------------
PID: 14989
SPID: 14989
Timestamp: 1691401740291177
Return value: 0x0000000000000040
------------------ SYSCALL EXIT STOP ------------------
------------------ SYSCALL ENTRY START ------------------
PID: 14989
SPID: 14989
Timestamp: 1691401740291743
Syscall = recvfrom (207)
------------------ SYSCALL ENTRY STOP ------------------
------------------ SYSCALL EXIT START ------------------
PID: 14989
SPID: 14989
Timestamp: 1691401740292978
Return value: 0xfffffffffffffff5
------------------ SYSCALL EXIT STOP ------------------
------------------ SYSCALL ENTRY START ------------------
PID: 14989
SPID: 14989
Timestamp: 1691401740293634
Syscall = clock_gettime (113)
------------------ SYSCALL ENTRY STOP ------------------
------------------ SYSCALL EXIT START ------------------
PID: 14989
SPID: 14989
Timestamp: 1691401740294450
Return value: 000000000000000000
------------------ SYSCALL EXIT STOP ------------------
------------------ SYSCALL ENTRY START ------------------
PID: 14989
SPID: 14989
Timestamp: 1691401740297785
Syscall = clock_gettime (113)
------------------ SYSCALL ENTRY STOP ------------------
------------------ SYSCALL EXIT START ------------------
PID: 14989
SPID: 14989
Timestamp: 1691401740300787
Return value: 000000000000000000
------------------ SYSCALL EXIT STOP ------------------
------------------ SYSCALL ENTRY START ------------------
PID: 14989
SPID: 14989
Timestamp: 1691401740302549
Syscall = gettimeofday (169)
------------------ SYSCALL ENTRY STOP ------------------
------------------ SYSCALL EXIT START ------------------
PID: 14989
SPID: 14989
Timestamp: 1691401740303475
Return value: 000000000000000000
------------------ SYSCALL EXIT STOP ------------------
------------------ SYSCALL ENTRY START ------------------
PID: 14989
SPID: 14989
Timestamp: 1691401740303630
Syscall = clock_gettime (113)
------------------ SYSCALL ENTRY STOP ------------------
------------------ SYSCALL EXIT START ------------------
PID: 14989
SPID: 14989
Timestamp: 1691401740304253
Return value: 000000000000000000
------------------ SYSCALL EXIT STOP ------------------
------------------ SYSCALL ENTRY START ------------------
PID: 14989
SPID: 14989
Timestamp: 1691401740304380
Syscall = clock_gettime (113)
------------------ SYSCALL ENTRY STOP ------------------
------------------ SYSCALL EXIT START ------------------
PID: 14989
SPID: 14989
Timestamp: 1691401740307149
Return value: 000000000000000000
------------------ SYSCALL EXIT STOP ------------------
------------------ SYSCALL ENTRY START ------------------
PID: 14989
SPID: 14989
Timestamp: 1691401740307243
Syscall = gettimeofday (169)
------------------ SYSCALL ENTRY STOP ------------------
------------------ SYSCALL EXIT START ------------------
PID: 14989
SPID: 14989
Timestamp: 1691401740309431
Return value: 000000000000000000
------------------ SYSCALL EXIT STOP ------------------
------------------ SYSCALL ENTRY START ------------------
PID: 14989
SPID: 14989
Timestamp: 1691401740309540
Syscall = read (63)
------------------ SYSCALL ENTRY STOP ------------------
------------------ SYSCALL EXIT START ------------------
PID: 14989
SPID: 14989
Timestamp: 1691401740310299
Return value: 0x0000000000000030
------------------ SYSCALL EXIT STOP ------------------
------------------ SYSCALL ENTRY START ------------------
PID: 14989
SPID: 14989
Timestamp: 1691401740310496
Syscall = clock_gettime (113)
------------------ SYSCALL ENTRY STOP ------------------
------------------ SYSCALL EXIT START ------------------
PID: 14989
SPID: 14989
Timestamp: 1691401740312831
Return value: 000000000000000000
------------------ SYSCALL EXIT STOP ------------------
------------------ SYSCALL ENTRY START ------------------
PID: 14989
SPID: 14989
Timestamp: 1691401740313559
Syscall = read (63)
------------------ SYSCALL ENTRY STOP ------------------
------------------ SYSCALL EXIT START ------------------
PID: 14989
SPID: 14989
Timestamp: 1691401740314828
Return value: 0x0000000000000030
------------------ SYSCALL EXIT STOP ------------------
------------------ SYSCALL ENTRY START ------------------
PID: 14989
SPID: 14989
Timestamp: 1691401740314989
Syscall = getuid (174)
------------------ SYSCALL ENTRY STOP ------------------
------------------ SYSCALL EXIT START ------------------
PID: 14989
SPID: 14989
Timestamp: 1691401740315663
Return value: 0x000000000000287c
------------------ SYSCALL EXIT STOP ------------------
------------------ SYSCALL ENTRY START ------------------
PID: 14989
SPID: 14989
Timestamp: 1691401740315788
Syscall = epoll_pwait (22)
------------------ SYSCALL ENTRY STOP ------------------
------------------ SYSCALL EXIT START ------------------
PID: 14989
SPID: 14989
Timestamp: 1691401740316510
Return value: 000000000000000000
------------------ SYSCALL EXIT STOP ------------------
------------------ SYSCALL ENTRY START ------------------
PID: 14989
SPID: 14989
Timestamp: 1691401740316599
Syscall = clock_gettime (113)
------------------ SYSCALL ENTRY STOP ------------------
------------------ SYSCALL EXIT START ------------------
PID: 14989
SPID: 14989
Timestamp: 1691401740318105
Return value: 000000000000000000
------------------ SYSCALL EXIT STOP ------------------
------------------ SYSCALL ENTRY START ------------------
PID: 14989
SPID: 14989
Timestamp: 1691401740318247
Syscall = clock_gettime (113)
------------------ SYSCALL ENTRY STOP ------------------
------------------ SYSCALL EXIT START ------------------
PID: 14989
SPID: 14989
Timestamp: 1691401740318954
Return value: 000000000000000000
------------------ SYSCALL EXIT STOP ------------------
------------------ SYSCALL ENTRY START ------------------
PID: 14989
SPID: 14989
Timestamp: 1691401740319048
Syscall = gettimeofday (169)
------------------ SYSCALL ENTRY STOP ------------------
------------------ SYSCALL EXIT START ------------------
PID: 14989
SPID: 14989
Timestamp: 1691401740319656
Return value: 000000000000000000
------------------ SYSCALL EXIT STOP ------------------
------------------ SYSCALL ENTRY START ------------------
PID: 14989
SPID: 14989
Timestamp: 1691401740319744
Syscall = read (63)
------------------ SYSCALL ENTRY STOP ------------------
------------------ SYSCALL EXIT START ------------------
PID: 14989
SPID: 14989
Timestamp: 1691401740320565
Return value: 0x0000000000000030
------------------ SYSCALL EXIT STOP ------------------
------------------ SYSCALL ENTRY START ------------------
PID: 14989
SPID: 14989
Timestamp: 1691401740321294
Syscall = ioctl (29)
------------------ SYSCALL ENTRY STOP ------------------
------------------ SYSCALL EXIT START ------------------
PID: 14989
SPID: 14989
Timestamp: 1691401740322493
Return value: 000000000000000000
------------------ SYSCALL EXIT STOP ------------------
------------------ SYSCALL ENTRY START ------------------
PID: 14989
SPID: 14989
Timestamp: 1691401740322776
Syscall = clock_gettime (113)
------------------ SYSCALL ENTRY STOP ------------------
------------------ SYSCALL EXIT START ------------------
PID: 14989
SPID: 14989
Timestamp: 1691401740323550
Return value: 000000000000000000
------------------ SYSCALL EXIT STOP ------------------
------------------ SYSCALL ENTRY START ------------------
PID: 14989
SPID: 14989
Timestamp: 1691401740323790
Syscall = read (63)
------------------ SYSCALL ENTRY STOP ------------------
------------------ SYSCALL EXIT START ------------------
PID: 14989
SPID: 14989
Timestamp: 1691401740324612
Return value: 0x0000000000000030
------------------ SYSCALL EXIT STOP ------------------
------------------ SYSCALL ENTRY START ------------------
PID: 14989
SPID: 14989
Timestamp: 1691401740325039
Syscall = getuid (174)
------------------ SYSCALL ENTRY STOP ------------------
------------------ SYSCALL EXIT START ------------------
PID: 14989
SPID: 14989
Timestamp: 1691401740326192
Return value: 0x000000000000287c
------------------ SYSCALL EXIT STOP ------------------
------------------ SYSCALL ENTRY START ------------------
PID: 14989
SPID: 14989
Timestamp: 1691401740326388
Syscall = epoll_pwait (22)
------------------ SYSCALL ENTRY STOP ------------------
------------------ SYSCALL EXIT START ------------------
PID: 14989
SPID: 14989
Timestamp: 1691401740327192
Return value: 000000000000000000
------------------ SYSCALL EXIT STOP ------------------
------------------ SYSCALL ENTRY START ------------------
PID: 14989
SPID: 14989
Timestamp: 1691401740327403
Syscall = clock_gettime (113)
------------------ SYSCALL ENTRY STOP ------------------
------------------ SYSCALL EXIT START ------------------
