------------------ SYSCALL EXIT START ------------------
PID: 20403
SPID: 20403
Timestamp: 1684070933696168
Return value: 0x0000000000000001
------------------ SYSCALL EXIT STOP ------------------
------------------ SYSCALL ENTRY START ------------------
PID: 20403
SPID: 20403
Timestamp: 1684070933696335
Syscall = recvfrom (207)
------------------ SYSCALL ENTRY STOP ------------------
------------------ SYSCALL EXIT START ------------------
PID: 20403
SPID: 20403
Timestamp: 1684070933697098
Return value: 0x0000000000000068
------------------ SYSCALL EXIT STOP ------------------
------------------ SYSCALL ENTRY START ------------------
PID: 20403
SPID: 20403
Timestamp: 1684070933697181
Syscall = recvfrom (207)
------------------ SYSCALL ENTRY STOP ------------------
------------------ SYSCALL EXIT START ------------------
PID: 20403
SPID: 20403
Timestamp: 1684070933697447
Return value: 0xfffffffffffffff5
------------------ SYSCALL EXIT STOP ------------------
------------------ SYSCALLENTRY START ------------------
PID: 20403
SPID: 20403
Timestamp: 1684070933697498
Syscall = clock_gettime (113)
------------------ SYSCALL ENTRY STOP ------------------
------------------ SYSCALL EXIT START ------------------
PID: 20403
SPID: 20403
Timestamp: 1684070933697703
Return value: 000000000000000000
------------------ SYSCALL EXIT STOP ------------------
------------------ SYSCALL ENTRY START ------------------
PID: 20403
SPID: 20403
Timestamp: 1684070933697758
Syscall = epoll_pwait (22)
------------------ SYSCALL ENTRY STOP ------------------
------------------ SYSCALL EXIT START ------------------
PID: 20403
SPID: 20403
Timestamp: 1684070933897541
Return value: 0x0000000000000001
------------------ SYSCALL EXIT STOP ------------------
------------------ SYSCALL ENTRY START ------------------
PID: 20403
SPID: 20403
Timestamp: 1684070933898174
Syscall = recvfrom (207)
------------------ SYSCALL ENTRY STOP ------------------
------------------ SYSCALL EXIT START ------------------
PID: 20403
SPID: 20403
Timestamp: 1684070933899152
Return value: 0x0000000000000068
------------------ SYSCALL EXIT STOP ------------------
------------------ SYSCALL ENTRY START ------------------
PID: 20403
SPID: 20403
Timestamp: 1684070933899472
Syscall = recvfrom (207)
------------------ SYSCALL ENTRY STOP ------------------
------------------ SYSCALL EXIT START ------------------
PID: 20403
SPID: 20403
Timestamp: 1684070933900109
Return value: 0x0000000000000068
------------------ SYSCALL EXIT STOP ------------------
------------------ SYSCALLENTRY START ------------------
PID: 20403
SPID: 20403
Timestamp: 1684070933900219
Syscall = recvfrom (207)
------------------ SYSCALL ENTRY STOP ------------------
------------------ SYSCALL EXIT START ------------------
PID: 20403
SPID: 20403
Timestamp: 1684070933900784
Return value: 0xfffffffffffffff5
------------------ SYSCALL EXIT STOP ------------------
------------------ SYSCALL ENTRY START------------------
PID: 20403
SPID: 20403
Timestamp: 1684070933900881
Syscall = clock_gettime (113)
------------------ SYSCALL ENTRY STOP ------------------
------------------ SYSCALL EXIT START ------------------
PID: 20403
SPID: 20403
Timestamp: 1684070933901670
Return value: 000000000000000000
------------------ SYSCALL EXIT STOP ------------------
------------------ SYSCALL ENTRY START ------------------
PID: 20403
SPID: 20403
Timestamp: 1684070933901766
Syscall = epoll_pwait (22)
------------------ SYSCALL ENTRY STOP ------------------
------------------ SYSCALL EXIT START ------------------
PID: 20403
SPID: 20403
Timestamp: 1684070934098990
Return value: 0x0000000000000001
------------------ SYSCALL EXIT STOP ------------------
------------------ SYSCALL ENTRY START ------------------
PID: 20403
SPID: 20403
Timestamp: 1684070934099147
Syscall = recvfrom (207)
------------------ SYSCALL ENTRY STOP ------------------
------------------ SYSCALL EXIT START ------------------
PID: 20403
SPID: 20403
Timestamp: 1684070934099701
Return value: 0x0000000000000068
------------------ SYSCALL EXIT STOP ------------------
------------------ SYSCALL ENTRY START ------------------
PID: 20403
SPID: 20403
Timestamp: 1684070934100205
Syscall = recvfrom (207)
------------------ SYSCALL ENTRY STOP ------------------
------------------ SYSCALL EXIT START ------------------
PID: 20403
SPID: 20403
Timestamp: 1684070934100749
Return value: 0xfffffffffffffff5
------------------ SYSCALL EXIT STOP ------------------
------------------ SYSCALLENTRY START ------------------
PID: 20403
SPID: 20403
Timestamp: 1684070934100806
Syscall = clock_gettime (113)
------------------ SYSCALL ENTRY STOP ------------------
------------------ SYSCALL EXIT START ------------------
PID: 20403
SPID: 20403
Timestamp: 1684070934101338
Return value: 000000000000000000
------------------ SYSCALL EXIT STOP ------------------
------------------ SYSCALL ENTRY START ------------------
PID: 20403
SPID: 20403
Timestamp: 1684070934101439
Syscall = epoll_pwait (22)
------------------ SYSCALL ENTRY STOP ------------------
------------------ SYSCALL EXIT START ------------------
PID: 20403
SPID: 20403
Timestamp: 1684070934302134
Return value: 0x0000000000000001
------------------ SYSCALL EXIT STOP ------------------
------------------ SYSCALL ENTRY START ------------------
PID: 20403
SPID: 20403
Timestamp: 1684070934302662
Syscall = recvfrom (207)
------------------ SYSCALL ENTRY STOP ------------------
------------------ SYSCALL EXIT START ------------------
PID: 20403
SPID: 20403
Timestamp: 1684070934303493
Return value: 0x0000000000000068
------------------ SYSCALL EXIT STOP ------------------
------------------ SYSCALL ENTRY START ------------------
PID: 20403
SPID: 20403
Timestamp: 1684070934303683
Syscall = recvfrom (207)
------------------ SYSCALL ENTRY STOP ------------------
------------------ SYSCALL EXIT START ------------------
PID: 20403
SPID: 20403
Timestamp: 1684070934306035
Return value: 0xfffffffffffffff5
------------------ SYSCALL EXIT STOP ------------------
------------------ SYSCALLENTRY START ------------------
PID: 20403
SPID: 20403
Timestamp: 1684070934306164
Syscall = clock_gettime (113)
------------------ SYSCALL ENTRY STOP ------------------
------------------ SYSCALL EXIT START ------------------
PID: 20403
SPID: 20403
Timestamp: 1684070934307426
Return value: 000000000000000000
------------------ SYSCALL EXIT STOP ------------------
------------------ SYSCALL ENTRY START ------------------
PID: 20403
SPID: 20403
Timestamp: 1684070934307543
Syscall = epoll_pwait (22)
------------------ SYSCALL ENTRY STOP ------------------
------------------ SYSCALL EXIT START ------------------
PID: 20403
SPID: 20403
Timestamp: 1684070934502873
Return value: 0x0000000000000001
------------------ SYSCALL EXIT STOP ------------------
------------------ SYSCALL ENTRY START ------------------
PID: 20403
SPID: 20403
Timestamp: 1684070934503112
Syscall = futex (98)
------------------ SYSCALL ENTRY STOP ------------------
------------------ SYSCALL EXIT START ------------------
PID: 20403
SPID: 20403
Timestamp: 1684070934503484
Return value: 0xfffffffffffffff5
------------------ SYSCALL EXIT STOP ------------------
------------------SYSCALL ENTRY START ------------------
PID: 20403
SPID: 20403
Timestamp: 1684070934503600
Syscall =futex (98)
------------------ SYSCALL ENTRY STOP ------------------
------------------ SYSCALL EXITSTART ------------------
PID: 20403
SPID: 20403
Timestamp: 1684070934503912
Return value: 0x0000000000000001
------------------ SYSCALL EXIT STOP ------------------
------------------ SYSCALL ENTRY START ------------------
PID: 20403
SPID: 20403
Timestamp: 1684070934503985
Syscall = futex (98)
------------------ SYSCALL ENTRY STOP ------------------
------------------ SYSCALL EXIT START ------------------
PID: 20403
SPID: 20403
Timestamp: 1684070934504285
Return value: 0x0000000000000001
------------------ SYSCALL EXIT STOP ------------------
------------------ SYSCALL ENTRY START ------------------
PID: 20403
SPID: 20403
Timestamp: 1684070934504401
Syscall = recvfrom (207)
------------------ SYSCALL ENTRY STOP ------------------
------------------ SYSCALL EXIT START ------------------
PID: 20403
SPID: 20403
Timestamp: 1684070934504686
Return value: 0x0000000000000068
------------------SYSCALL EXIT STOP ------------------
------------------ SYSCALL ENTRY START ------------------
PID:20403
SPID: 20403
Timestamp: 1684070934504938
Syscall = gettimeofday (169)
------------------ SYSCALL ENTRY STOP ------------------
------------------ SYSCALL EXIT START ------------------
PID: 20403
SPID: 20403
Timestamp: 1684070934505208
Return value: 000000000000000000
------------------ SYSCALLEXIT STOP ------------------
------------------ SYSCALL ENTRY START ------------------
PID: 20403
SPID: 20403
Timestamp: 1684070934505377
Syscall = clock_gettime (113)
------------------ SYSCALL ENTRY STOP ------------------
------------------ SYSCALL EXIT START ------------------
PID: 20403
SPID: 20403
Timestamp: 1684070934505654
Return value: 000000000000000000
------------------ SYSCALL EXIT STOP ------------------
------------------ SYSCALL ENTRY START ------------------
PID: 20403
SPID: 20403
Timestamp: 1684070934505732
Syscall = clock_gettime (113)
------------------ SYSCALL ENTRY STOP ------------------
------------------ SYSCALL EXIT START ------------------
PID: 20403
SPID: 20403
Timestamp: 1684070934505983
Return value: 000000000000000000
------------------ SYSCALL EXIT STOP ------------------
------------------ SYSCALL ENTRY START ------------------
PID: 20403
SPID: 20403
Timestamp: 1684070934506149
Syscall = futex (98)
------------------ SYSCALL ENTRY STOP ------------------
------------------ SYSCALL EXIT START ------------------
PID: 20403
SPID: 20403
Timestamp: 1684070934506438
Return value: 000000000000000000
------------------ SYSCALL EXIT STOP ------------------
------------------ SYSCALL ENTRY START ------------------
PID: 20403
SPID: 20403
Timestamp: 1684070934506520
Syscall = futex (98)
------------------ SYSCALL ENTRY STOP ------------------
------------------ SYSCALL EXIT START ------------------
PID: 20403
SPID: 20403
Timestamp: 1684070934506794
Return value: 0x0000000000000001
------------------ SYSCALL EXIT STOP ------------------
------------------ SYSCALL ENTRY START ------------------
PID: 20403
SPID: 20403
Timestamp: 1684070934506871
Syscall= futex (98)
------------------ SYSCALL ENTRY STOP ------------------
------------------ SYSCALL EXIT START ------------------
PID: 20403
SPID: 20403
Timestamp: 1684070934507168
Return value: 0x0000000000000001
------------------ SYSCALL EXIT STOP ------------------
------------------ SYSCALL ENTRYSTART ------------------
PID: 20403
SPID: 20403
Timestamp: 1684070934507300
Syscall = clock_gettime(113)
------------------ SYSCALL ENTRY STOP ------------------
------------------ SYSCALL EXIT START ------------------
PID: 20403
SPID: 20403
Timestamp: 1684070934507552
Return value: 000000000000000000
------------------ SYSCALL EXIT STOP ------------------
------------------ SYSCALL ENTRY START ------------------
PID: 20403
SPID: 20403
Timestamp: 1684070934507966
Syscall = futex (98)
------------------ SYSCALL ENTRY STOP ------------------
------------------ SYSCALL EXIT START ------------------
PID: 20403
SPID: 20403
Timestamp: 1684070934508289
Return value: 000000000000000000
------------------ SYSCALL EXIT STOP ------------------
------------------ SYSCALL ENTRY START ------------------
PID: 20403
SPID: 20403
Timestamp: 1684070934508330
Syscall = futex (98)
------------------ SYSCALL ENTRY STOP ------------------
------------------ SYSCALL EXIT START ------------------
PID: 20403
SPID: 20403
Timestamp: 1684070934508603
Return value: 0x0000000000000001
------------------ SYSCALL EXIT STOP ------------------
------------------ SYSCALL ENTRY START ------------------
PID: 20403
SPID: 20403
Timestamp: 1684070934508658
Syscall = futex (98)
------------------ SYSCALL ENTRY STOP ------------------
------------------ SYSCALL EXIT START ------------------
PID: 20403
SPID: 20403
Timestamp: 1684070934508881
Return value: 0x0000000000000001
------------------ SYSCALL EXIT STOP ------------------
------------------ SYSCALL ENTRY START ------------------
PID: 20403
SPID: 20403
Timestamp: 1684070934508918
Syscall = clock_gettime (113)
------------------ SYSCALL ENTRY STOP ------------------
------------------ SYSCALL EXIT START ------------------
PID: 20403
SPID: 20403
Timestamp: 1684070934509119
Return value: 000000000000000000
------------------ SYSCALL EXIT STOP ------------------
------------------ SYSCALL ENTRY START ------------------
PID: 20403
SPID: 20403
Timestamp: 1684070934509167
Syscall = futex (98)
------------------ SYSCALL ENTRY STOP ------------------
------------------ SYSCALL EXIT START ------------------
PID: 20403
SPID: 20403
Timestamp: 1684070934509359
Return value: 000000000000000000
------------------ SYSCALL EXIT STOP ------------------
------------------ SYSCALL ENTRY START ------------------
PID: 20403
SPID: 20403
Timestamp: 1684070934509392
Syscall = futex (98)
------------------ SYSCALL ENTRY STOP ------------------
------------------ SYSCALL EXIT START ------------------
PID: 20403
SPID: 20403
Timestamp: 1684070934509582
Return value: 0x0000000000000001
------------------ SYSCALL EXIT STOP ------------------
------------------ SYSCALLENTRY START ------------------
PID: 20403
SPID: 20403
Timestamp: 1684070934509613
Syscall = futex (98)
------------------ SYSCALL ENTRY STOP ------------------
------------------ SYSCALL EXIT START ------------------
PID: 20403
SPID: 20403
Timestamp: 1684070934509820
Return value: 0x0000000000000001
------------------ SYSCALL EXIT STOP ------------------
------------------ SYSCALL ENTRY START ------------------
PID: 20403
SPID: 20403
Timestamp: 1684070934509901
Syscall = clock_gettime (113)
------------------ SYSCALL ENTRY STOP ------------------
------------------ SYSCALL EXIT START ------------------
PID: 20403
SPID: 20403
Timestamp: 1684070934510100
Return value: 000000000000000000
------------------ SYSCALL EXIT STOP ------------------
------------------ SYSCALL ENTRY START ------------------
PID: 20403
SPID: 20403
Timestamp: 1684070934510138
Syscall = clock_gettime (113)
------------------ SYSCALL ENTRY STOP ------------------
------------------ SYSCALL EXIT START ------------------
PID: 20403
SPID: 20403
Timestamp: 1684070934510330
Return value: 000000000000000000
------------------ SYSCALL EXIT STOP ------------------
------------------ SYSCALL ENTRY START ------------------
PID: 20403
SPID: 20403
Timestamp: 1684070934510381
Syscall = futex (98)
------------------ SYSCALLENTRY STOP ------------------
------------------ SYSCALL EXIT START ------------------
PID: 20403
SPID: 20403
Timestamp: 1684070934510570
Return value: 000000000000000000
------------------ SYSCALL EXIT STOP ------------------
------------------ SYSCALL ENTRY START ------------------
PID: 20403
SPID: 20403
Timestamp: 1684070934510608
Syscall = futex (98)
------------------ SYSCALL ENTRY STOP ------------------
------------------ SYSCALL EXIT START ------------------
PID: 20403
SPID: 20403
Timestamp: 1684070934510794
Return value: 0x0000000000000001
------------------ SYSCALL EXIT STOP ------------------
------------------ SYSCALL ENTRY START ------------------
PID: 20403
SPID: 20403
Timestamp: 1684070934510825
Syscall = futex (98)
------------------ SYSCALL ENTRY STOP ------------------
------------------ SYSCALL EXIT START ------------------
PID: 20403
SPID: 20403
Timestamp: 1684070934511024
Return value: 0x0000000000000001
------------------ SYSCALL EXIT STOP ------------------
------------------ SYSCALL ENTRY START ------------------
PID: 20403
SPID: 20403
Timestamp: 1684070934511079
Syscall = futex (98)
------------------ SYSCALL ENTRY STOP ------------------
------------------ SYSCALL EXIT START ------------------
PID: 20403
SPID: 20403
Timestamp: 1684070934511263
Return value: 0xfffffffffffffff5
------------------ SYSCALL EXIT STOP ------------------
------------------ SYSCALL ENTRY START ------------------
PID: 20403
SPID: 20403
Timestamp: 1684070934511300
Syscall = futex (98)
------------------ SYSCALL ENTRY STOP ------------------
------------------ SYSCALL EXIT START ------------------
PID: 20403
SPID: 20403
Timestamp: 1684070934511484
Return value: 000000000000000000
------------------ SYSCALL EXIT STOP ------------------
------------------ SYSCALL ENTRY START ------------------
PID: 20403
SPID: 20403
Timestamp: 1684070934511520
Syscall = futex (98)
------------------ SYSCALL ENTRY STOP ------------------
------------------ SYSCALL EXIT START ------------------
PID: 20403
SPID: 20403
Timestamp: 1684070934511712
Return value: 0x0000000000000001
------------------ SYSCALL EXIT STOP ------------------
------------------ SYSCALL ENTRY START ------------------
PID: 20403
SPID: 20403
Timestamp: 1684070934511743
Syscall = futex (98)
------------------ SYSCALL ENTRY STOP ------------------
------------------ SYSCALL EXIT START ------------------
PID: 20403
SPID: 20403
Timestamp: 1684070934511937
Return value: 0x0000000000000001
------------------ SYSCALL EXIT STOP ------------------
------------------ SYSCALL ENTRY START ------------------
PID: 20403
SPID: 20403
Timestamp: 1684070934512017
Syscall = clock_gettime (113)
------------------ SYSCALL ENTRY STOP ------------------
------------------ SYSCALL EXIT START ------------------
PID: 20403
SPID: 20403
Timestamp: 1684070934512230
Return value: 000000000000000000
------------------ SYSCALL EXITSTOP ------------------
------------------ SYSCALL ENTRY START ------------------
PID: 20403
SPID: 20403
Timestamp: 1684070934512265
Syscall = clock_gettime (113)
------------------ SYSCALL ENTRY STOP ------------------
------------------ SYSCALL EXIT START ------------------
PID: 20403
SPID: 20403
Timestamp: 1684070934512450
Return value: 000000000000000000
------------------ SYSCALL EXIT STOP ------------------
------------------ SYSCALL ENTRY START ------------------
PID: 20403
SPID: 20403
Timestamp: 1684070934512556
Syscall = futex (98)
------------------ SYSCALL ENTRY STOP ------------------
------------------ SYSCALL EXIT START ------------------
PID: 20403
SPID: 20403
Timestamp: 1684070934512740
Return value: 000000000000000000
------------------ SYSCALL EXIT STOP ------------------
------------------ SYSCALL ENTRY START ------------------
PID: 20403
SPID: 20403
Timestamp: 1684070934512773
Syscall = futex (98)
------------------ SYSCALL ENTRY STOP ------------------
------------------ SYSCALL EXIT START ------------------
PID: 20403
SPID: 20403
Timestamp: 1684070934512984
Return value: 0x0000000000000001
------------------ SYSCALL EXIT STOP ------------------
------------------ SYSCALL ENTRY START ------------------
PID: 20403
SPID: 20403
Timestamp: 1684070934513038
Syscall = futex (98)
------------------ SYSCALL ENTRY STOP ------------------
------------------ SYSCALL EXIT START ------------------
PID: 20403
SPID: 20403
Timestamp: 1684070934514893
Return value: 000000000000000000
------------------ SYSCALL EXIT STOP ------------------
------------------ SYSCALL ENTRY START ------------------
PID: 20403
SPID: 20403
Timestamp: 1684070934514957
Syscall = futex (98)
------------------ SYSCALL ENTRY STOP ------------------
------------------ SYSCALL EXIT START ------------------
PID: 20403
SPID: 20403
Timestamp: 1684070934515730
Return value: 0xfffffffffffffff5
------------------ SYSCALL EXIT STOP ------------------
------------------ SYSCALL ENTRY START ------------------
PID: 20403
SPID: 20403
Timestamp: 1684070934515854
Syscall = clock_gettime (113)
------------------ SYSCALL ENTRY STOP ------------------
------------------ SYSCALL EXIT START ------------------
PID: 20403
SPID: 20403
Timestamp: 1684070934516083
Return value: 000000000000000000
------------------ SYSCALL EXIT STOP ------------------
------------------ SYSCALL ENTRY START ------------------
PID: 20403
SPID: 20403
Timestamp: 1684070934516122
Syscall = clock_gettime (113)
------------------ SYSCALL ENTRY STOP ------------------
------------------ SYSCALL EXIT START ------------------
PID: 20403
SPID: 20403
Timestamp: 1684070934516316
Return value: 000000000000000000
------------------ SYSCALL EXIT STOP ------------------
------------------ SYSCALL ENTRY START ------------------
PID: 20403
SPID: 20403
Timestamp: 1684070934516390
Syscall = clock_gettime (113)
------------------ SYSCALL ENTRY STOP ------------------
------------------ SYSCALL EXIT START ------------------
PID: 20403
SPID: 20403
Timestamp: 1684070934516589
Return value: 000000000000000000
------------------ SYSCALL EXIT STOP ------------------
------------------ SYSCALL ENTRY START ------------------
PID: 20403
SPID: 20403
Timestamp: 1684070934516626
Syscall = clock_gettime (113)
------------------ SYSCALL ENTRY STOP ------------------
------------------ SYSCALL EXIT START ------------------
PID: 20403
SPID: 20403
Timestamp: 1684070934516825
Return value: 000000000000000000
------------------ SYSCALL EXIT STOP ------------------
------------------ SYSCALL ENTRY START ------------------
PID: 20403
SPID:20403
Timestamp: 1684070934516914
Syscall = clock_gettime (113)
------------------ SYSCALL ENTRY STOP ------------------
------------------ SYSCALL EXIT START ------------------
PID: 20403
SPID: 20403
Timestamp: 1684070934517105
Return value: 000000000000000000
------------------ SYSCALL EXIT STOP ------------------
------------------ SYSCALL ENTRY START ------------------
PID: 20403
SPID: 20403
Timestamp: 1684070934517137
Syscall = clock_gettime (113)
------------------ SYSCALL ENTRY STOP ------------------
------------------ SYSCALL EXIT START ------------------
PID: 20403
SPID: 20403
Timestamp: 1684070934517315
Return value: 000000000000000000
------------------ SYSCALL EXIT STOP ------------------
------------------ SYSCALL ENTRY START ------------------
PID: 20403
SPID: 20403
Timestamp: 1684070934517385
Syscall = clock_gettime (113)
------------------ SYSCALL ENTRY STOP ------------------
------------------ SYSCALL EXIT START ------------------
PID: 20403
SPID: 20403
Timestamp: 1684070934517578
Return value: 000000000000000000
------------------ SYSCALL EXIT STOP ------------------
------------------ SYSCALL ENTRY START ------------------
PID: 20403
SPID: 20403
Timestamp: 1684070934517615
Syscall = clock_gettime (113)
------------------ SYSCALL ENTRY STOP ------------------
------------------ SYSCALL EXIT START ------------------
PID: 20403
SPID: 20403
Timestamp: 1684070934517815
Return value: 000000000000000000
------------------ SYSCALL EXIT STOP ------------------
------------------ SYSCALL ENTRY START ------------------
PID: 20403
SPID: 20403
Timestamp: 1684070934517893
Syscall = clock_gettime (113)
------------------ SYSCALL ENTRY STOP ------------------
------------------ SYSCALL EXIT START ------------------
PID: 20403
SPID: 20403
Timestamp: 1684070934518116
Return value: 000000000000000000
------------------ SYSCALL EXIT STOP ------------------
------------------ SYSCALL ENTRY START ------------------
PID: 20403
SPID: 20403
Timestamp: 1684070934518146
Syscall = clock_gettime (113)
------------------ SYSCALL ENTRY STOP ------------------
------------------ SYSCALL EXIT START ------------------
PID: 20403
SPID: 20403
Timestamp: 1684070934518346
Return value: 000000000000000000
------------------ SYSCALL EXIT STOP ------------------
------------------ SYSCALL ENTRY START ------------------
PID: 20403
SPID: 20403
Timestamp: 1684070934518411
Syscall= clock_gettime (113)
------------------ SYSCALL ENTRY STOP ------------------
------------------ SYSCALL EXIT START ------------------
PID: 20403
SPID: 20403
Timestamp: 1684070934518604
Return value: 000000000000000000
------------------ SYSCALL EXIT STOP ------------------
------------------ SYSCALL ENTRY START ------------------
PID: 20403
SPID: 20403
Timestamp: 1684070934518643
Syscall = clock_gettime (113)
------------------ SYSCALL ENTRY STOP ------------------
------------------ SYSCALL EXIT START ------------------
PID: 20403
SPID: 20403
Timestamp: 1684070934518828
Return value: 000000000000000000
------------------ SYSCALL EXIT STOP ------------------
------------------ SYSCALL ENTRY START ------------------
PID: 20403
SPID: 20403
Timestamp: 1684070934518906
Syscall = clock_gettime (113)
------------------ SYSCALL ENTRY STOP ------------------
------------------ SYSCALL EXIT START ------------------
PID: 20403
SPID: 20403
Timestamp: 1684070934519117
Return value: 000000000000000000
------------------ SYSCALL EXIT STOP ------------------
------------------ SYSCALL ENTRY START ------------------
PID: 20403
SPID: 20403
Timestamp: 1684070934519146
Syscall = clock_gettime (113)
------------------ SYSCALL ENTRY STOP ------------------
------------------ SYSCALL EXIT START ------------------
PID: 20403
SPID: 20403
Timestamp: 1684070934519323
Return value: 000000000000000000
------------------ SYSCALL EXIT STOP ------------------
------------------ SYSCALL ENTRY START ------------------
PID: 20403
SPID: 20403
Timestamp: 1684070934519386
Syscall = clock_gettime (113)
------------------ SYSCALL ENTRY STOP ------------------
------------------ SYSCALL EXIT START ------------------
PID: 20403
SPID: 20403
Timestamp: 1684070934519575
Return value: 000000000000000000
------------------ SYSCALL EXIT STOP ------------------
------------------ SYSCALL ENTRY START ------------------
PID: 20403
SPID: 20403
Timestamp: 1684070934519606
Syscall = clock_gettime (113)
------------------ SYSCALL ENTRY STOP ------------------
------------------ SYSCALL EXIT START ------------------
PID: 20403
SPID: 20403
Timestamp: 1684070934519784
Return value: 000000000000000000
------------------ SYSCALL EXIT STOP ------------------
------------------ SYSCALL ENTRY START ------------------
PID: 20403
SPID: 20403
Timestamp: 1684070934519855
Syscall = clock_gettime (113)
------------------ SYSCALL ENTRY STOP ------------------
------------------ SYSCALL EXIT START ------------------
PID: 20403
SPID: 20403
Timestamp: 1684070934520045
Return value: 000000000000000000
------------------ SYSCALL EXIT STOP ------------------
------------------ SYSCALL ENTRY START ------------------
PID: 20403
SPID: 20403
Timestamp: 1684070934520073
Syscall = clock_gettime (113)
------------------ SYSCALLENTRY STOP ------------------
------------------ SYSCALL EXIT START ------------------
PID: 20403
SPID: 20403
Timestamp: 1684070934520265
Return value: 000000000000000000
------------------ SYSCALL EXIT STOP ------------------
------------------ SYSCALL ENTRY START ------------------
PID: 20403
SPID: 20403
Timestamp: 1684070934520326
Syscall = clock_gettime (113)
------------------ SYSCALL ENTRY STOP ------------------
------------------ SYSCALL EXIT START ------------------
PID: 20403
SPID: 20403
Timestamp: 1684070934520515
Return value: 000000000000000000
------------------ SYSCALL EXIT STOP ------------------
------------------ SYSCALL ENTRY START ------------------
PID: 20403
SPID: 20403
Timestamp: 1684070934520546
Syscall = clock_gettime (113)
------------------ SYSCALL ENTRY STOP ------------------
------------------ SYSCALL EXIT START ------------------
PID: 20403
SPID: 20403
Timestamp: 1684070934520727
Return value: 000000000000000000
------------------ SYSCALL EXIT STOP ------------------
------------------ SYSCALL ENTRY START ------------------
PID: 20403
SPID: 20403
Timestamp: 1684070934520798
Syscall = clock_gettime (113)
------------------ SYSCALL ENTRY STOP ------------------
------------------ SYSCALL EXIT START ------------------
PID: 20403
SPID: 20403
Timestamp:1684070934520989
Return value: 000000000000000000
------------------ SYSCALL EXIT STOP ------------------
------------------ SYSCALL ENTRY START ------------------
PID: 20403
SPID: 20403
Timestamp: 1684070934521018
Syscall = clock_gettime (113)
------------------ SYSCALL ENTRY STOP ------------------
------------------ SYSCALL EXIT START ------------------
PID: 20403
SPID: 20403
Timestamp: 1684070934521194
Return value: 000000000000000000
------------------ SYSCALL EXIT STOP ------------------
------------------ SYSCALL ENTRY START ------------------
PID: 20403
SPID: 20403
Timestamp: 1684070934521258
Syscall = clock_gettime (113)
------------------ SYSCALL ENTRY STOP ------------------
------------------ SYSCALL EXIT START ------------------
PID: 20403
SPID: 20403
Timestamp: 1684070934521457
Return value: 000000000000000000
------------------ SYSCALL EXIT STOP ------------------
------------------ SYSCALL ENTRY START ------------------
PID: 20403
SPID: 20403
Timestamp: 1684070934521486
Syscall = clock_gettime (113)
------------------ SYSCALL ENTRY STOP ------------------
------------------ SYSCALL EXIT START ------------------
PID: 20403
SPID: 20403
Timestamp: 1684070934521668
Return value: 000000000000000000
------------------ SYSCALL EXIT STOP ------------------
------------------ SYSCALL ENTRY START ------------------
PID: 20403
SPID: 20403
Timestamp: 1684070934521737
Syscall = clock_gettime (113)
------------------ SYSCALL ENTRY STOP ------------------
------------------SYSCALL EXIT START ------------------
PID: 20403
SPID: 20403
Timestamp: 1684070934521925
Return value: 000000000000000000
------------------ SYSCALL EXIT STOP ------------------
------------------ SYSCALL ENTRY START ------------------
PID: 20403
SPID: 20403
Timestamp: 1684070934521954
Syscall = clock_gettime (113)
------------------ SYSCALL ENTRY STOP ------------------
------------------ SYSCALL EXIT START ------------------
PID: 20403
SPID: 20403
Timestamp: 1684070934522130
Return value: 000000000000000000
------------------ SYSCALL EXIT STOP ------------------
------------------ SYSCALL ENTRY START ------------------
PID: 20403
SPID: 20403
Timestamp: 1684070934522188
Syscall = clock_gettime (113)
------------------ SYSCALL ENTRY STOP ------------------
------------------ SYSCALL EXIT START ------------------
PID: 20403
SPID: 20403
Timestamp: 1684070934522390
Return value: 000000000000000000
------------------ SYSCALL EXIT STOP ------------------
------------------ SYSCALL ENTRY START ------------------
PID: 20403
SPID: 20403
Timestamp: 1684070934522421
Syscall = clock_gettime (113)
------------------ SYSCALL ENTRY STOP ------------------
------------------ SYSCALL EXIT START ------------------
PID: 20403
SPID: 20403
Timestamp: 1684070934522601
Return value: 000000000000000000
------------------ SYSCALL EXIT STOP ------------------
------------------ SYSCALL ENTRY START ------------------
PID: 20403
SPID: 20403
Timestamp: 1684070934522658
Syscall = clock_gettime (113)
------------------ SYSCALL ENTRY STOP ------------------
------------------ SYSCALL EXIT START ------------------
PID: 20403
SPID: 20403
Timestamp: 1684070934522844
Return value: 000000000000000000
------------------ SYSCALL EXIT STOP ------------------
------------------ SYSCALL ENTRY START ------------------
PID: 20403
SPID: 20403
Timestamp: 1684070934522878
Syscall = clock_gettime (113)
------------------ SYSCALL ENTRY STOP ------------------
------------------ SYSCALL EXIT START ------------------
PID: 20403
SPID: 20403
Timestamp: 1684070934523063
Return value: 000000000000000000
------------------ SYSCALL EXIT STOP ------------------
------------------ SYSCALL ENTRY START ------------------
PID: 20403
SPID: 20403
Timestamp: 1684070934523116
Syscall = clock_gettime (113)
------------------ SYSCALL ENTRY STOP ------------------
------------------ SYSCALL EXIT START ------------------
PID: 20403
SPID: 20403
Timestamp: 1684070934523303
Return value: 000000000000000000
------------------ SYSCALL EXIT STOP ------------------
------------------ SYSCALL ENTRY START ------------------
PID: 20403
SPID: 20403
Timestamp: 1684070934523333
Syscall = clock_gettime (113)
------------------ SYSCALL ENTRY STOP ------------------
------------------ SYSCALL EXIT START ------------------
PID: 20403
SPID: 20403
Timestamp: 1684070934523527
Return value: 000000000000000000
------------------ SYSCALLEXIT STOP ------------------
------------------ SYSCALL ENTRY START ------------------
PID: 20403
SPID: 20403
Timestamp: 1684070934523577
Syscall = clock_gettime (113)
------------------ SYSCALL ENTRY STOP ------------------
------------------ SYSCALL EXIT START ------------------
PID: 20403
SPID: 20403
Timestamp: 1684070934523795
Return value: 000000000000000000
------------------ SYSCALL EXIT STOP ------------------
------------------ SYSCALL ENTRY START ------------------
PID: 20403
SPID: 20403
Timestamp: 1684070934523825
Syscall = clock_gettime (113)
------------------ SYSCALL ENTRY STOP ------------------
------------------ SYSCALL EXIT START ------------------
PID: 20403
SPID: 20403
Timestamp: 1684070934524004
Return value: 000000000000000000
------------------ SYSCALL EXIT STOP ------------------
------------------ SYSCALL ENTRY START ------------------
PID: 20403
SPID: 20403
Timestamp: 1684070934524050
Syscall = clock_gettime (113)
------------------ SYSCALL ENTRY STOP ------------------
------------------ SYSCALL EXIT START ------------------
PID: 20403
SPID: 20403
Timestamp: 1684070934524234
Return value: 000000000000000000
------------------ SYSCALL EXIT STOP ------------------
------------------ SYSCALL ENTRY START ------------------
PID: 20403
SPID: 20403
Timestamp:1684070934524264
Syscall = clock_gettime (113)
------------------ SYSCALL ENTRY STOP ------------------
------------------ SYSCALL EXIT START ------------------
PID: 20403
SPID: 20403
Timestamp: 1684070934524443
Return value: 000000000000000000
------------------ SYSCALL EXIT STOP ------------------
------------------ SYSCALL ENTRY START ------------------
PID: 20403
SPID: 20403
Timestamp: 1684070934524490
Syscall = clock_gettime (113)
------------------ SYSCALL ENTRY STOP ------------------
------------------ SYSCALL EXIT START ------------------
PID: 20403
SPID: 20403
Timestamp: 1684070934524690
Return value: 000000000000000000
------------------ SYSCALL EXIT STOP ------------------
------------------ SYSCALL ENTRY START ------------------
PID: 20403
SPID: 20403
Timestamp: 1684070934524720
Syscall = clock_gettime (113)
------------------ SYSCALL ENTRY STOP ------------------
------------------ SYSCALL EXIT START ------------------
PID: 20403
SPID: 20403
Timestamp: 1684070934524901
Return value: 000000000000000000
------------------ SYSCALL EXIT STOP ------------------
------------------ SYSCALL ENTRY START ------------------
PID: 20403
SPID: 20403
Timestamp: 1684070934524947
Syscall = clock_gettime (113)
------------------ SYSCALL ENTRY STOP ------------------
------------------ SYSCALL EXIT START ------------------
PID: 20403
SPID: 20403
Timestamp: 1684070934525129
Return value: 000000000000000000
------------------ SYSCALL EXIT STOP ------------------
------------------ SYSCALL ENTRY START ------------------
PID: 20403
SPID: 20403
Timestamp: 1684070934525157
Syscall = clock_gettime (113)
------------------ SYSCALL ENTRY STOP ------------------
------------------ SYSCALL EXIT START ------------------
PID: 20403
SPID: 20403
Timestamp: 1684070934525333
Return value: 000000000000000000
------------------ SYSCALL EXIT STOP ------------------
------------------ SYSCALLENTRY START ------------------
PID: 20403
SPID: 20403
Timestamp: 1684070934525384
Syscall = clock_gettime (113)
------------------ SYSCALL ENTRY STOP ------------------
------------------ SYSCALL EXIT START ------------------
PID: 20403
SPID: 20403
Timestamp: 1684070934525578
Return value: 000000000000000000
------------------ SYSCALL EXIT STOP ------------------
------------------ SYSCALL ENTRY START ------------------
PID: 20403
SPID: 20403
Timestamp: 1684070934525609
Syscall = clock_gettime (113)
------------------ SYSCALL ENTRY STOP ------------------
------------------ SYSCALL EXIT START------------------
PID: 20403
SPID: 20403
Timestamp: 1684070934525792
Return value: 000000000000000000
------------------ SYSCALL EXIT STOP ------------------
------------------ SYSCALL ENTRY START ------------------
PID: 20403
SPID: 20403
Timestamp: 1684070934525834
Syscall = clock_gettime (113)
------------------ SYSCALL ENTRY STOP ------------------
------------------ SYSCALL EXIT START ------------------
PID: 20403
SPID: 20403
Timestamp: 1684070934526024
Return value: 000000000000000000
------------------ SYSCALL EXIT STOP ------------------
------------------ SYSCALL ENTRY START ------------------
PID: 20403
SPID: 20403
Timestamp: 1684070934526058
Syscall = clock_gettime (113)
------------------ SYSCALL ENTRY STOP ------------------
------------------ SYSCALL EXIT START ------------------
PID: 20403
SPID: 20403
Timestamp: 1684070934526243
Return value: 000000000000000000
------------------ SYSCALL EXIT STOP ------------------
------------------ SYSCALL ENTRY START ------------------
PID: 20403
SPID: 20403
Timestamp: 1684070934526304
Syscall = clock_gettime (113)
------------------ SYSCALL ENTRY STOP ------------------
------------------ SYSCALL EXIT START ------------------
PID: 20403
SPID: 20403
Timestamp: 1684070934526497
Return value: 000000000000000000
------------------ SYSCALL EXIT STOP ------------------
------------------ SYSCALL ENTRY START ------------------
PID: 20403
SPID: 20403
Timestamp: 1684070934526534
Syscall = clock_gettime (113)
------------------ SYSCALL ENTRY STOP ------------------
------------------ SYSCALL EXIT START ------------------
PID: 20403
SPID: 20403
Timestamp: 1684070934526736
Return value: 000000000000000000
------------------ SYSCALL EXIT STOP ------------------
------------------ SYSCALL ENTRY START ------------------
PID: 20403
SPID: 20403
Timestamp: 1684070934526790
Syscall = clock_gettime (113)
------------------ SYSCALL ENTRY STOP ------------------
------------------ SYSCALL EXIT START ------------------
PID: 20403
SPID: 20403
Timestamp: 1684070934526981
Return value: 000000000000000000
------------------ SYSCALL EXITSTOP ------------------
------------------ SYSCALL ENTRY START ------------------
PID: 20403
SPID: 20403
Timestamp: 1684070934527016
Syscall = clock_gettime (113)
------------------ SYSCALL ENTRY STOP ------------------
------------------ SYSCALL EXIT START ------------------
PID: 20403
SPID: 20403
Timestamp: 1684070934527199
Return value: 000000000000000000
------------------ SYSCALL EXIT STOP ------------------
------------------ SYSCALL ENTRY START ------------------
PID: 20403
SPID: 20403
Timestamp: 1684070934527243
Syscall = clock_gettime (113)
------------------ SYSCALL ENTRY STOP ------------------
------------------ SYSCALL EXIT START ------------------
PID: 20403
SPID: 20403
Timestamp: 1684070934527435
Return value: 000000000000000000
------------------ SYSCALL EXIT STOP ------------------
------------------ SYSCALL ENTRY START ------------------
PID: 20403
SPID: 20403
Timestamp: 1684070934527468
Syscall = clock_gettime (113)
------------------ SYSCALL ENTRY STOP ------------------
------------------ SYSCALL EXIT START ------------------
PID: 20403
SPID: 20403
Timestamp: 1684070934527654
Return value: 000000000000000000
------------------ SYSCALL EXIT STOP ------------------
------------------ SYSCALL ENTRY START ------------------
PID: 20403
SPID: 20403
Timestamp: 1684070934527711
Syscall = clock_gettime (113)
------------------ SYSCALL ENTRY STOP ------------------
------------------ SYSCALL EXIT START ------------------
PID: 20403
SPID: 20403
Timestamp: 1684070934527919
Return value: 000000000000000000
------------------ SYSCALL EXIT STOP ------------------
------------------ SYSCALL ENTRY START ------------------
PID: 20403
SPID: 20403
Timestamp: 1684070934527955
Syscall = clock_gettime (113)
------------------ SYSCALL ENTRY STOP ------------------
------------------ SYSCALL EXIT START ------------------
PID: 20403
SPID: 20403
Timestamp: 1684070934528461
Return value: 000000000000000000
------------------ SYSCALL EXIT STOP ------------------
