
LIST OF ALL SENSOR TEXT RECORDS

	Sensor record
		Azimuth value: north
		Pitch value: north
		Roll value: north
		Start timestamp: 1683982192803
		Finish timestamp: 1683982196000

	Sensor record
		Azimuth value: north
		Pitch value: east
		Roll value: north
		Start timestamp: 1683982196001
		Finish timestamp: 1683982200215

	Sensor record
		Azimuth value: west
		Pitch value: east
		Roll value: north
		Start timestamp: 1683982200216
		Finish timestamp: 1683982200315

	Sensor record
		Azimuth value: west
		Pitch value: east
		Roll value: northwest
		Start timestamp: 1683982200316
		Finish timestamp: 1683982200517

	Sensor record
		Azimuth value: west
		Pitch value: east
		Roll value: north
		Start timestamp: 1683982200518
		Finish timestamp: 1683982201706

	Sensor record
		Azimuth value: northwest
		Pitch value: east
		Roll value: north
		Start timestamp: 1683982201707

