
LIST OF ALL SENSOR TEXT RECORDS

	Sensor record
		Azimuth value: north
		Pitch value: north
		Roll value: north
		Start timestamp: 1679572877599
		Finish timestamp: 1679572878004

	Sensor record
		Azimuth value: west
		Pitch value: north
		Roll value: north
		Start timestamp: 1679572878005
		Finish timestamp: 1679572878161

	Sensor record
		Azimuth value: west
		Pitch value: north
		Roll value: northwest
		Start timestamp: 1679572878162
		Finish timestamp: 1679572878390

	Sensor record
		Azimuth value: west
		Pitch value: north
		Roll value: north
		Start timestamp: 1679572878391
		Finish timestamp: 1679572878758

	Sensor record
		Azimuth value: north
		Pitch value: north
		Roll value: north
		Start timestamp: 1679572878759
		Finish timestamp: 1679572879171

	Sensor record
		Azimuth value: north
		Pitch value: east
		Roll value: north
		Start timestamp: 1679572879172
		Finish timestamp: 1679572880669

	Sensor record
		Azimuth value: north
		Pitch value: north
		Roll value: north
		Start timestamp: 1679572880670
		Finish timestamp: 1679572881380

	Sensor record
		Azimuth value: east
		Pitch value: north
		Roll value: east
		Start timestamp: 1679572881381
		Finish timestamp: 1679572881568

	Sensor record
		Azimuth value: east
		Pitch value: north
		Roll value: south
		Start timestamp: 1679572881569
		Finish timestamp: 1679572882166

	Sensor record
		Azimuth value: north
		Pitch value: north
		Roll value: east
		Start timestamp: 1679572882167
		Finish timestamp: 1679572882299

	Sensor record
		Azimuth value: north
		Pitch value: north
		Roll value: north
		Start timestamp: 1679572882300
		Finish timestamp: 1679572882483

	Sensor record
		Azimuth value: north
		Pitch value: east
		Roll value: north
		Start timestamp: 1679572882484
		Finish timestamp: 1679572883983

	Sensor record
		Azimuth value: north
		Pitch value: east
		Roll value: west
		Start timestamp: 1679572883984
		Finish timestamp: 1679572884769

	Sensor record
		Azimuth value: north
		Pitch value: east
		Roll value: north
		Start timestamp: 1679572884770
		Finish timestamp: 1679572898079

	Sensor record
		Azimuth value: north
		Pitch value: north
		Roll value: north
		Start timestamp: 1679572898080
		Finish timestamp: 1679572898377

	Sensor record
		Azimuth value: east
		Pitch value: north
		Roll value: south
		Start timestamp: 1679572898378
		Finish timestamp: 1679572899165

	Sensor record
		Azimuth value: north
		Pitch value: north
		Roll value: east
		Start timestamp: 1679572899166
		Finish timestamp: 1679572899390

	Sensor record
		Azimuth value: north
		Pitch value: east
		Roll value: north
		Start timestamp: 1679572899391
		Finish timestamp: 1679572900067

	Sensor record
		Azimuth value: west
		Pitch value: east
		Roll value: west
		Start timestamp: 1679572900068
		Finish timestamp: 1679572900665

	Sensor record
		Azimuth value: north
		Pitch value: east
		Roll value: west
		Start timestamp: 1679572900666
		Finish timestamp: 1679572901074

	Sensor record
		Azimuth value: north
		Pitch value: east
		Roll value: north
		Start timestamp: 1679572901075
		Finish timestamp: 1679572901579

	Sensor record
		Azimuth value: north
		Pitch value: north
		Roll value: north
		Start timestamp: 1679572901580
		Finish timestamp: 1679572901766

	Sensor record
		Azimuth value: west
		Pitch value: north
		Roll value: west
		Start timestamp: 1679572901767
		Finish timestamp: 1679572901976

	Sensor record
		Azimuth value: south
		Pitch value: north
		Roll value: south
		Start timestamp: 1679572901977
		Finish timestamp: 1679572902161

	Sensor record
		Azimuth value: east
		Pitch value: north
		Roll value: south
		Start timestamp: 1679572902162
		Finish timestamp: 1679572902385

	Sensor record
		Azimuth value: north
		Pitch value: north
		Roll value: north
		Start timestamp: 1679572902386
		Finish timestamp: 1679572902760

	Sensor record
		Azimuth value: north
		Pitch value: east
		Roll value: north
		Start timestamp: 1679572902761
		Finish timestamp: 1679572904388

	Sensor record
		Azimuth value: north
		Pitch value: north
		Roll value: north
		Start timestamp: 1679572904389
		Finish timestamp: 1679572904575

	Sensor record
		Azimuth value: south
		Pitch value: north
		Roll value: south
		Start timestamp: 1679572904576
		Finish timestamp: 1679572905175

	Sensor record
		Azimuth value: south
		Pitch value: north
		Roll value: southwest
		Start timestamp: 1679572905176
		Finish timestamp: 1679572905383

	Sensor record
		Azimuth value: south
		Pitch value: north
		Roll value: west
		Start timestamp: 1679572905384
		Finish timestamp: 1679572905884

	Sensor record
		Azimuth value: south
		Pitch value: north
		Roll value: south
		Start timestamp: 1679572905885
		Finish timestamp: 1679572906074

	Sensor record
		Azimuth value: north
		Pitch value: north
		Roll value: east
		Start timestamp: 1679572906075
		Finish timestamp: 1679572906261

	Sensor record
		Azimuth value: north
		Pitch value: north
		Roll value: north
		Start timestamp: 1679572906262
		Finish timestamp: 1679572906485

	Sensor record
		Azimuth value: north
		Pitch value: east
		Roll value: north
		Start timestamp: 1679572906486
		Finish timestamp: 1679572907253

	Sensor record
		Azimuth value: north
		Pitch value: east
		Roll value: west
		Start timestamp: 1679572907254
		Finish timestamp: 1679572908750

	Sensor record
		Azimuth value: north
		Pitch value: north
		Roll value: north
		Start timestamp: 1679572908751
		Finish timestamp: 1679572909259

	Sensor record
		Azimuth value: north
		Pitch value: east
		Roll value: north
		Start timestamp: 1679572909260
		Finish timestamp: 1679572909668

	Sensor record
		Azimuth value: north
		Pitch value: north
		Roll value: north
		Start timestamp: 1679572909669
		Finish timestamp: 1679572909985

	Sensor record
		Azimuth value: east
		Pitch value: north
		Roll value: south
		Start timestamp: 1679572909986
		Finish timestamp: 1679572910174

	Sensor record
		Azimuth value: north
		Pitch value: east
		Roll value: north
		Start timestamp: 1679572910175
		Finish timestamp: 1679572910978

	Sensor record
		Azimuth value: north
		Pitch value: east
		Roll value: west
		Start timestamp: 1679572910979
		Finish timestamp: 1679572911166

	Sensor record
		Azimuth value: west
		Pitch value: east
		Roll value: west
		Start timestamp: 1679572911167
		Finish timestamp: 1679572911484

	Sensor record
		Azimuth value: north
		Pitch value: east
		Roll value: west
		Start timestamp: 1679572911485
		Finish timestamp: 1679572911876

	Sensor record
		Azimuth value: north
		Pitch value: east
		Roll value: north
		Start timestamp: 1679572911877
		Finish timestamp: 1679572912665

	Sensor record
		Azimuth value: north
		Pitch value: north
		Roll value: north
		Start timestamp: 1679572912666
		Finish timestamp: 1679572912800

	Sensor record
		Azimuth value: west
		Pitch value: north
		Roll value: west
		Start timestamp: 1679572912801
		Finish timestamp: 1679572912981

	Sensor record
		Azimuth value: east
		Pitch value: north
		Roll value: south
		Start timestamp: 1679572912982
		Finish timestamp: 1679572913401

	Sensor record
		Azimuth value: north
		Pitch value: east
		Roll value: north
		Start timestamp: 1679572913402
		Finish timestamp: 1679572914161

	Sensor record
		Azimuth value: north
		Pitch value: east
		Roll value: west
		Start timestamp: 1679572914162

