
LIST OF ALL SEQUENCES FOR EACH INSTRUCTION

	Instruction
		Name: clock_gettime
		Next: [clock_gettime, epoll_pwait, fcntl, futex, gettimeofday, getuid, ioctl, read, recvfrom, write]

	Instruction
		Name: close
		Next: [ioctl]

	Instruction
		Name: epoll_pwait
		Next: [clock_gettime, read, recvfrom]

	Instruction
		Name: fcntl
		Next: [close]

	Instruction
		Name: futex
		Next: [clock_gettime, futex]

	Instruction
		Name: gettimeofday
		Next: [clock_gettime, gettimeofday, read, recvfrom, sendto, write]

	Instruction
		Name: getuid
		Next: [epoll_pwait, writev]

	Instruction
		Name: ioctl
		Next: [clock_gettime, ioctl, write]

	Instruction
		Name: madvise
		Next: [clock_gettime, madvise]

	Instruction
		Name: read
		Next: [clock_gettime, getuid, ioctl, recvfrom]

	Instruction
		Name: recvfrom
		Next: [clock_gettime, gettimeofday, ioctl, recvfrom]

	Instruction
		Name: sendto
		Next: [recvfrom]

	Instruction
		Name: write
		Next: [clock_gettime, futex, madvise]

	Instruction
		Name: writev
		Next: [futex]

