
LIST OF ALL TERMINATED INSTRUCTIONS

	Instruction
		Name: clock_gettime
		Pid: 20135
		Spid: 20135
		Status: Finished
		Start: 1679575010823076
		Finish: 1679575010828444
		Duration: 5368
		Return Value: 0

	Instruction
		Name: clock_gettime
		Pid: 20135
		Spid: 20135
		Status: Finished
		Start: 1679575010828729
		Finish: 1679575010828951
		Duration: 222
		Return Value: 0

	Instruction
		Name: clock_gettime
		Pid: 20135
		Spid: 20135
		Status: Finished
		Start: 1679575010829153
		Finish: 1679575010829329
		Duration: 176
		Return Value: 0

	Instruction
		Name: clock_gettime
		Pid: 20135
		Spid: 20135
		Status: Finished
		Start: 1679575010829425
		Finish: 1679575010829583
		Duration: 158
		Return Value: 0

	Instruction
		Name: clock_gettime
		Pid: 20135
		Spid: 20135
		Status: Finished
		Start: 1679575010829683
		Finish: 1679575010829878
		Duration: 195
		Return Value: 0

	Instruction
		Name: clock_gettime
		Pid: 20135
		Spid: 20135
		Status: Finished
		Start: 1679575010829977
		Finish: 1679575010832951
		Duration: 2974
		Return Value: 0

	Instruction
		Name: clock_gettime
		Pid: 20135
		Spid: 20135
		Status: Finished
		Start: 1679575010833003
		Finish: 1679575010833313
		Duration: 310
		Return Value: 0

	Instruction
		Name: clock_gettime
		Pid: 20135
		Spid: 20135
		Status: Finished
		Start: 1679575010833432
		Finish: 1679575010834051
		Duration: 619
		Return Value: 0

	Instruction
		Name: ioctl
		Pid: 20135
		Spid: 20135
		Status: Finished
		Start: 1679575010834227
		Finish: 1679575010835473
		Duration: 1246
		Return Value: 0

	Instruction
		Name: write
		Pid: 20135
		Spid: 20135
		Status: Finished
		Start: 1679575010836605
		Finish: 1679575010837329
		Duration: 724
		Return Value: 8

	Instruction
		Name: write
		Pid: 20135
		Spid: 20135
		Status: Finished
		Start: 1679575010837389
		Finish: 1679575010837738
		Duration: 349
		Return Value: 8

	Instruction
		Name: clock_gettime
		Pid: 20135
		Spid: 20135
		Status: Finished
		Start: 1679575010837947
		Finish: 1679575010838448
		Duration: 501
		Return Value: 0

	Instruction
		Name: clock_gettime
		Pid: 20135
		Spid: 20135
		Status: Finished
		Start: 1679575010838545
		Finish: 1679575010839038
		Duration: 493
		Return Value: 0

	Instruction
		Name: clock_gettime
		Pid: 20135
		Spid: 20135
		Status: Finished
		Start: 1679575010839173
		Finish: 1679575010839639
		Duration: 466
		Return Value: 0

	Instruction
		Name: clock_gettime
		Pid: 20135
		Spid: 20135
		Status: Finished
		Start: 1679575010839730
		Finish: 1679575010839983
		Duration: 253
		Return Value: 0

	Instruction
		Name: ioctl
		Pid: 20135
		Spid: 20135
		Status: Finished
		Start: 1679575010840050
		Finish: 1679575010840915
		Duration: 865
		Return Value: 0

	Instruction
		Name: clock_gettime
		Pid: 20135
		Spid: 20135
		Status: Finished
		Start: 1679575010840989
		Finish: 1679575010841322
		Duration: 333
		Return Value: 0

	Instruction
		Name: clock_gettime
		Pid: 20135
		Spid: 20135
		Status: Finished
		Start: 1679575010841552
		Finish: 1679575010862079
		Duration: 20527
		Return Value: 0

	Instruction
		Name: clock_gettime
		Pid: 20208
		Spid: 20208
		Status: Finished
		Start: 1679575059663777
		Finish: 1679575059670911
		Duration: 7134
		Return Value: 0

	Instruction
		Name: getuid
		Pid: 20208
		Spid: 20208
		Status: Finished
		Start: 1679575059671009
		Finish: 1679575059671262
		Duration: 253
		Return Value: 10635

	Instruction
		Name: clock_gettime
		Pid: 20208
		Spid: 20208
		Status: Finished
		Start: 1679575059671349
		Finish: 1679575059671560
		Duration: 211
		Return Value: 0

	Instruction
		Name: getuid
		Pid: 20208
		Spid: 20208
		Status: Finished
		Start: 1679575059671592
		Finish: 1679575059671771
		Duration: 179
		Return Value: 10635

	Instruction
		Name: writev
		Pid: 20208
		Spid: 20208
		Status: Finished
		Start: 1679575059671794
		Finish: 1679575059672461
		Duration: 667
		Return Value: 90

	Instruction
		Name: getuid
		Pid: 20208
		Spid: 20208
		Status: Finished
		Start: 1679575059672708
		Finish: 1679575059672933
		Duration: 225
		Return Value: 10635

	Instruction
		Name: fstat
		Pid: 20208
		Spid: 20208
		Status: Finished
		Start: 1679575059672973
		Finish: 1679575059673202
		Duration: 229
		Return Value: 0

	Instruction
		Name: ioctl
		Pid: 20208
		Spid: 20208
		Status: Finished
		Start: 1679575059673247
		Finish: 1679575059673488
		Duration: 241
		Return Value: 88

	Instruction
		Name: fstat
		Pid: 20208
		Spid: 20208
		Status: Finished
		Start: 1679575059673540
		Finish: 1679575059674103
		Duration: 563
		Return Value: 0

	Instruction
		Name: ioctl
		Pid: 20208
		Spid: 20208
		Status: Finished
		Start: 1679575059674189
		Finish: 1679575059675116
		Duration: 927
		Return Value: 0

	Instruction
		Name: futex
		Pid: 20208
		Spid: 20208
		Status: Finished
		Start: 1679575059675231
		Finish: 1679575059675954
		Duration: 723
		Return Value: 1

	Instruction
		Name: clock_gettime
		Pid: 20208
		Spid: 20208
		Status: Finished
		Start: 1679575059676051
		Finish: 1679575059676282
		Duration: 231
		Return Value: 0

	Instruction
		Name: clock_gettime
		Pid: 20208
		Spid: 20208
		Status: Finished
		Start: 1679575059676313
		Finish: 1679575059677093
		Duration: 780
		Return Value: 0

	Instruction
		Name: futex
		Pid: 20208
		Spid: 20208
		Status: Finished
		Start: 1679575059677175
		Finish: 1679575059677516
		Duration: 341
		Return Value: 1

	Instruction
		Name: clock_gettime
		Pid: 20208
		Spid: 20208
		Status: Finished
		Start: 1679575059677642
		Finish: 1679575059685657
		Duration: 8015
		Return Value: 0

	Instruction
		Name: clock_gettime
		Pid: 20208
		Spid: 20208
		Status: Finished
		Start: 1679575059686763
		Finish: 1679575059690327
		Duration: 3564
		Return Value: 0

	Instruction
		Name: clock_gettime
		Pid: 20208
		Spid: 20208
		Status: Finished
		Start: 1679575059691204
		Finish: 1679575059691868
		Duration: 664
		Return Value: 0

	Instruction
		Name: clock_gettime
		Pid: 20208
		Spid: 20208
		Status: Finished
		Start: 1679575059691976
		Finish: 1679575059692793
		Duration: 817
		Return Value: 0

	Instruction
		Name: clock_gettime
		Pid: 20208
		Spid: 20208
		Status: Finished
		Start: 1679575059692883
		Finish: 1679575059693738
		Duration: 855
		Return Value: 0

	Instruction
		Name: clock_gettime
		Pid: 20208
		Spid: 20208
		Status: Finished
		Start: 1679575059693855
		Finish: 1679575059694360
		Duration: 505
		Return Value: 0

	Instruction
		Name: clock_gettime
		Pid: 20208
		Spid: 20208
		Status: Finished
		Start: 1679575059694424
		Finish: 1679575059695297
		Duration: 873
		Return Value: 0

	Instruction
		Name: clock_gettime
		Pid: 20208
		Spid: 20208
		Status: Finished
		Start: 1679575059695387
		Finish: 1679575059699180
		Duration: 3793
		Return Value: 0

	Instruction
		Name: clock_gettime
		Pid: 20208
		Spid: 20208
		Status: Finished
		Start: 1679575059699251
		Finish: 1679575059699567
		Duration: 316
		Return Value: 0

	Instruction
		Name: clock_gettime
		Pid: 20208
		Spid: 20208
		Status: Finished
		Start: 1679575059699619
		Finish: 1679575059701910
		Duration: 2291
		Return Value: 0

	Instruction
		Name: clock_gettime
		Pid: 20208
		Spid: 20208
		Status: Finished
		Start: 1679575059702030
		Finish: 1679575059705007
		Duration: 2977
		Return Value: 0

	Instruction
		Name: clock_gettime
		Pid: 20208
		Spid: 20208
		Status: Finished
		Start: 1679575059705097
		Finish: 1679575059706134
		Duration: 1037
		Return Value: 0

	Instruction
		Name: clock_gettime
		Pid: 20208
		Spid: 20208
		Status: Finished
		Start: 1679575059706291
		Finish: 1679575059706817
		Duration: 526
		Return Value: 0

	Instruction
		Name: clock_gettime
		Pid: 20208
		Spid: 20208
		Status: Finished
		Start: 1679575059706924
		Finish: 1679575059707464
		Duration: 540
		Return Value: 0

	Instruction
		Name: ioctl
		Pid: 20208
		Spid: 20208
		Status: Finished
		Start: 1679575059707524
		Finish: 1679575059708644
		Duration: 1120
		Return Value: 0

	Instruction
		Name: clock_gettime
		Pid: 20208
		Spid: 20208
		Status: Finished
		Start: 1679575059708716
		Finish: 1679575059709338
		Duration: 622
		Return Value: 0

	Instruction
		Name: futex
		Pid: 20208
		Spid: 20208
		Status: Finished
		Start: 1679575059709622
		Finish: 1679575059710213
		Duration: 591
		Return Value: 1

	Instruction
		Name: getuid
		Pid: 20208
		Spid: 20208
		Status: Finished
		Start: 1679575059712247
		Finish: 1679575059712923
		Duration: 676
		Return Value: 10635

	Instruction
		Name: clock_gettime
		Pid: 20208
		Spid: 20208
		Status: Finished
		Start: 1679575059713689
		Finish: 1679575059716978
		Duration: 3289
		Return Value: 0

	Instruction
		Name: getuid
		Pid: 20208
		Spid: 20208
		Status: Finished
		Start: 1679575059717287
		Finish: 1679575059721644
		Duration: 4357
		Return Value: 10635

	Instruction
		Name: clock_gettime
		Pid: 20208
		Spid: 20208
		Status: Finished
		Start: 1679575059721951
		Finish: 1679575059725168
		Duration: 3217
		Return Value: 0

	Instruction
		Name: clock_gettime
		Pid: 20208
		Spid: 20208
		Status: Finished
		Start: 1679575059725267
		Finish: 1679575059725850
		Duration: 583
		Return Value: 0

	Instruction
		Name: clock_gettime
		Pid: 20208
		Spid: 20208
		Status: Finished
		Start: 1679575059726014
		Finish: 1679575059726554
		Duration: 540
		Return Value: 0

	Instruction
		Name: clock_gettime
		Pid: 20208
		Spid: 20208
		Status: Finished
		Start: 1679575059726607
		Finish: 1679575059726948
		Duration: 341
		Return Value: 0

	Instruction
		Name: clock_gettime
		Pid: 20208
		Spid: 20208
		Status: Finished
		Start: 1679575059727058
		Finish: 1679575059727594
		Duration: 536
		Return Value: 0

	Instruction
		Name: clock_gettime
		Pid: 20208
		Spid: 20208
		Status: Finished
		Start: 1679575059727644
		Finish: 1679575059728127
		Duration: 483
		Return Value: 0

	Instruction
		Name: clock_gettime
		Pid: 20208
		Spid: 20208
		Status: Finished
		Start: 1679575059728177
		Finish: 1679575059728674
		Duration: 497
		Return Value: 0

	Instruction
		Name: clock_gettime
		Pid: 20208
		Spid: 20208
		Status: Finished
		Start: 1679575059728813
		Finish: 1679575059729490
		Duration: 677
		Return Value: 0

	Instruction
		Name: clock_gettime
		Pid: 20208
		Spid: 20208
		Status: Finished
		Start: 1679575059729696
		Finish: 1679575059732276
		Duration: 2580
		Return Value: 0

	Instruction
		Name: ioctl
		Pid: 20208
		Spid: 20208
		Status: Finished
		Start: 1679575059732341
		Finish: 1679575059744533
		Duration: 12192
		Return Value: 0

	Instruction
		Name: clock_gettime
		Pid: 20208
		Spid: 20208
		Status: Finished
		Start: 1679575059744682
		Finish: 1679575059745851
		Duration: 1169
		Return Value: 0

	Instruction
		Name: clock_gettime
		Pid: 20208
		Spid: 20208
		Status: Finished
		Start: 1679575059746155
		Finish: 1679575059746792
		Duration: 637
		Return Value: 0

	Instruction
		Name: clock_gettime
		Pid: 20208
		Spid: 20208
		Status: Finished
		Start: 1679575059746879
		Finish: 1679575059748050
		Duration: 1171
		Return Value: 0

	Instruction
		Name: getuid
		Pid: 20208
		Spid: 20208
		Status: Finished
		Start: 1679575059748158
		Finish: 1679575059748920
		Duration: 762
		Return Value: 10635

	Instruction
		Name: clock_gettime
		Pid: 20208
		Spid: 20208
		Status: Finished
		Start: 1679575059749020
		Finish: 1679575059749720
		Duration: 700
		Return Value: 0

	Instruction
		Name: clock_gettime
		Pid: 20208
		Spid: 20208
		Status: Finished
		Start: 1679575059750273
		Finish: 1679575059750968
		Duration: 695
		Return Value: 0

	Instruction
		Name: clock_gettime
		Pid: 20208
		Spid: 20208
		Status: Finished
		Start: 1679575059751048
		Finish: 1679575059751713
		Duration: 665
		Return Value: 0

	Instruction
		Name: clock_gettime
		Pid: 20208
		Spid: 20208
		Status: Finished
		Start: 1679575059751819
		Finish: 1679575059752427
		Duration: 608
		Return Value: 0

	Instruction
		Name: clock_gettime
		Pid: 20208
		Spid: 20208
		Status: Finished
		Start: 1679575059752679
		Finish: 1679575059753355
		Duration: 676
		Return Value: 0

	Instruction
		Name: clock_gettime
		Pid: 20208
		Spid: 20208
		Status: Finished
		Start: 1679575059753431
		Finish: 1679575059754054
		Duration: 623
		Return Value: 0

	Instruction
		Name: clock_gettime
		Pid: 20208
		Spid: 20208
		Status: Finished
		Start: 1679575059754151
		Finish: 1679575059754912
		Duration: 761
		Return Value: 0

	Instruction
		Name: clock_gettime
		Pid: 20208
		Spid: 20208
		Status: Finished
		Start: 1679575059754999
		Finish: 1679575059755576
		Duration: 577
		Return Value: 0

	Instruction
		Name: clock_gettime
		Pid: 20208
		Spid: 20208
		Status: Finished
		Start: 1679575059755644
		Finish: 1679575059756205
		Duration: 561
		Return Value: 0

	Instruction
		Name: clock_gettime
		Pid: 20208
		Spid: 20208
		Status: Finished
		Start: 1679575059756287
		Finish: 1679575059756808
		Duration: 521
		Return Value: 0

	Instruction
		Name: clock_gettime
		Pid: 20208
		Spid: 20208
		Status: Finished
		Start: 1679575059757015
		Finish: 1679575059757611
		Duration: 596
		Return Value: 0

	Instruction
		Name: clock_gettime
		Pid: 20208
		Spid: 20208
		Status: Finished
		Start: 1679575059757711
		Finish: 1679575059758238
		Duration: 527
		Return Value: 0

	Instruction
		Name: ioctl
		Pid: 20208
		Spid: 20208
		Status: Finished
		Start: 1679575059758318
		Finish: 1679575059759258
		Duration: 940
		Return Value: 0

	Instruction
		Name: clock_gettime
		Pid: 20208
		Spid: 20208
		Status: Finished
		Start: 1679575059759327
		Finish: 1679575059760029
		Duration: 702
		Return Value: 0

	Instruction
		Name: gettimeofday
		Pid: 20208
		Spid: 20208
		Status: Finished
		Start: 1679575059760316
		Finish: 1679575059760944
		Duration: 628
		Return Value: 0

	Instruction
		Name: getppid
		Pid: 20208
		Spid: 20208
		Status: Finished
		Start: 1679575059761190
		Finish: 1679575059761829
		Duration: 639
		Return Value: 828

	Instruction
		Name: socket
		Pid: 20208
		Spid: 20208
		Status: Finished
		Start: 1679575059761891
		Finish: 1679575059762546
		Duration: 655
		Return Value: 78

	Instruction
		Name: fcntl
		Pid: 20208
		Spid: 20208
		Status: Finished
		Start: 1679575059762624
		Finish: 1679575059763386
		Duration: 762
		Return Value: 0

	Instruction
		Name: clock_gettime
		Pid: 20208
		Spid: 20208
		Status: Finished
		Start: 1679575059763448
		Finish: 1679575059764882
		Duration: 1434
		Return Value: 0

	Instruction
		Name: connect
		Pid: 20208
		Spid: 20208
		Status: Finished
		Start: 1679575059764932
		Finish: 1679575059765933
		Duration: 1001
		Return Value: 18446744073709551614

	Instruction
		Name: clock_gettime
		Pid: 20208
		Spid: 20208
		Status: Finished
		Start: 1679575059766651
		Finish: 1679575059767644
		Duration: 993
		Return Value: 0

	Instruction
		Name: close
		Pid: 20208
		Spid: 20208
		Status: Finished
		Start: 1679575059767728
		Finish: 1679575059768434
		Duration: 706
		Return Value: 0

	Instruction
		Name: clock_gettime
		Pid: 20208
		Spid: 20208
		Status: Finished
		Start: 1679575059768727
		Finish: 1679575059769510
		Duration: 783
		Return Value: 0

	Instruction
		Name: clock_gettime
		Pid: 20208
		Spid: 20208
		Status: Finished
		Start: 1679575059775150
		Finish: 1679575059775885
		Duration: 735
		Return Value: 0

	Instruction
		Name: clock_gettime
		Pid: 20208
		Spid: 20208
		Status: Finished
		Start: 1679575059776081
		Finish: 1679575059776818
		Duration: 737
		Return Value: 0

	Instruction
		Name: clock_gettime
		Pid: 20208
		Spid: 20208
		Status: Finished
		Start: 1679575059776886
		Finish: 1679575059777431
		Duration: 545
		Return Value: 0

	Instruction
		Name: clock_gettime
		Pid: 20208
		Spid: 20208
		Status: Finished
		Start: 1679575059777538
		Finish: 1679575059778056
		Duration: 518
		Return Value: 0

	Instruction
		Name: clock_gettime
		Pid: 20208
		Spid: 20208
		Status: Finished
		Start: 1679575059778240
		Finish: 1679575059778800
		Duration: 560
		Return Value: 0

	Instruction
		Name: clock_gettime
		Pid: 20208
		Spid: 20208
		Status: Finished
		Start: 1679575059778884
		Finish: 1679575059780364
		Duration: 1480
		Return Value: 0

	Instruction
		Name: clock_gettime
		Pid: 20208
		Spid: 20208
		Status: Finished
		Start: 1679575059780538
		Finish: 1679575059782198
		Duration: 1660
		Return Value: 0

	Instruction
		Name: clock_gettime
		Pid: 20208
		Spid: 20208
		Status: Finished
		Start: 1679575059783035
		Finish: 1679575059783926
		Duration: 891
		Return Value: 0

	Instruction
		Name: ioctl
		Pid: 20208
		Spid: 20208
		Status: Finished
		Start: 1679575059783998
		Finish: 1679575059796512
		Duration: 12514
		Return Value: 0

	Instruction
		Name: clock_gettime
		Pid: 20208
		Spid: 20208
		Status: Finished
		Start: 1679575059796685
		Finish: 1679575059796961
		Duration: 276
		Return Value: 0

	Instruction
		Name: clock_gettime
		Pid: 20208
		Spid: 20208
		Status: Finished
		Start: 1679575059797206
		Finish: 1679575059797623
		Duration: 417
		Return Value: 0

	Instruction
		Name: getuid
		Pid: 20208
		Spid: 20208
		Status: Finished
		Start: 1679575059798101
		Finish: 1679575059798730
		Duration: 629
		Return Value: 10635

	Instruction
		Name: clock_gettime
		Pid: 20208
		Spid: 20208
		Status: Finished
		Start: 1679575059798836
		Finish: 1679575059799471
		Duration: 635
		Return Value: 0

	Instruction
		Name: getuid
		Pid: 20208
		Spid: 20208
		Status: Finished
		Start: 1679575059799505
		Finish: 1679575059800044
		Duration: 539
		Return Value: 10635

	Instruction
		Name: writev
		Pid: 20208
		Spid: 20208
		Status: Finished
		Start: 1679575059800085
		Finish: 1679575059800607
		Duration: 522
		Return Value: 86

	Instruction
		Name: clock_gettime
		Pid: 20208
		Spid: 20208
		Status: Finished
		Start: 1679575059800998
		Finish: 1679575059801665
		Duration: 667
		Return Value: 0

	Instruction
		Name: clock_gettime
		Pid: 20208
		Spid: 20208
		Status: Finished
		Start: 1679575059802064
		Finish: 1679575059813076
		Duration: 11012
		Return Value: 0

	Instruction
		Name: clock_gettime
		Pid: 20208
		Spid: 20208
		Status: Finished
		Start: 1679575059813144
		Finish: 1679575059813420
		Duration: 276
		Return Value: 0

	Instruction
		Name: clock_gettime
		Pid: 20208
		Spid: 20208
		Status: Finished
		Start: 1679575059813492
		Finish: 1679575059813791
		Duration: 299
		Return Value: 0

	Instruction
		Name: clock_gettime
		Pid: 20208
		Spid: 20208
		Status: Finished
		Start: 1679575059813853
		Finish: 1679575059814082
		Duration: 229
		Return Value: 0

	Instruction
		Name: clock_gettime
		Pid: 20208
		Spid: 20208
		Status: Finished
		Start: 1679575059814142
		Finish: 1679575059815677
		Duration: 1535
		Return Value: 0

	Instruction
		Name: clock_gettime
		Pid: 20208
		Spid: 20208
		Status: Finished
		Start: 1679575059815842
		Finish: 1679575059817306
		Duration: 1464
		Return Value: 0

	Instruction
		Name: clock_gettime
		Pid: 20208
		Spid: 20208
		Status: Finished
		Start: 1679575059817429
		Finish: 1679575059817684
		Duration: 255
		Return Value: 0

	Instruction
		Name: clock_gettime
		Pid: 20208
		Spid: 20208
		Status: Finished
		Start: 1679575059817881
		Finish: 1679575059818132
		Duration: 251
		Return Value: 0

	Instruction
		Name: clock_gettime
		Pid: 20208
		Spid: 20208
		Status: Finished
		Start: 1679575059818187
		Finish: 1679575059818390
		Duration: 203
		Return Value: 0

	Instruction
		Name: clock_gettime
		Pid: 20208
		Spid: 20208
		Status: Finished
		Start: 1679575059818447
		Finish: 1679575059819007
		Duration: 560
		Return Value: 0

	Instruction
		Name: clock_gettime
		Pid: 20208
		Spid: 20208
		Status: Finished
		Start: 1679575059819090
		Finish: 1679575059819592
		Duration: 502
		Return Value: 0

	Instruction
		Name: clock_gettime
		Pid: 20208
		Spid: 20208
		Status: Finished
		Start: 1679575059819658
		Finish: 1679575059820156
		Duration: 498
		Return Value: 0

	Instruction
		Name: clock_gettime
		Pid: 20208
		Spid: 20208
		Status: Finished
		Start: 1679575059820235
		Finish: 1679575059820658
		Duration: 423
		Return Value: 0

	Instruction
		Name: clock_gettime
		Pid: 20208
		Spid: 20208
		Status: Finished
		Start: 1679575059820709
		Finish: 1679575059821156
		Duration: 447
		Return Value: 0

	Instruction
		Name: clock_gettime
		Pid: 20208
		Spid: 20208
		Status: Finished
		Start: 1679575059821227
		Finish: 1679575059821668
		Duration: 441
		Return Value: 0

	Instruction
		Name: clock_gettime
		Pid: 20208
		Spid: 20208
		Status: Finished
		Start: 1679575059821720
		Finish: 1679575059822169
		Duration: 449
		Return Value: 0

	Instruction
		Name: clock_gettime
		Pid: 20208
		Spid: 20208
		Status: Finished
		Start: 1679575059822243
		Finish: 1679575059822698
		Duration: 455
		Return Value: 0

	Instruction
		Name: clock_gettime
		Pid: 20208
		Spid: 20208
		Status: Finished
		Start: 1679575059822752
		Finish: 1679575059823192
		Duration: 440
		Return Value: 0

	Instruction
		Name: clock_gettime
		Pid: 20208
		Spid: 20208
		Status: Finished
		Start: 1679575059823244
		Finish: 1679575059823686
		Duration: 442
		Return Value: 0

	Instruction
		Name: clock_gettime
		Pid: 20208
		Spid: 20208
		Status: Finished
		Start: 1679575059823736
		Finish: 1679575059824180
		Duration: 444
		Return Value: 0

	Instruction
		Name: clock_gettime
		Pid: 20208
		Spid: 20208
		Status: Finished
		Start: 1679575059824231
		Finish: 1679575059825587
		Duration: 1356
		Return Value: 0

	Instruction
		Name: clock_gettime
		Pid: 20208
		Spid: 20208
		Status: Finished
		Start: 1679575059825653
		Finish: 1679575059826177
		Duration: 524
		Return Value: 0

	Instruction
		Name: clock_gettime
		Pid: 20208
		Spid: 20208
		Status: Finished
		Start: 1679575059826287
		Finish: 1679575059826763
		Duration: 476
		Return Value: 0

	Instruction
		Name: clock_gettime
		Pid: 20208
		Spid: 20208
		Status: Finished
		Start: 1679575059826817
		Finish: 1679575059827289
		Duration: 472
		Return Value: 0

	Instruction
		Name: clock_gettime
		Pid: 20208
		Spid: 20208
		Status: Finished
		Start: 1679575059827344
		Finish: 1679575059827808
		Duration: 464
		Return Value: 0

	Instruction
		Name: clock_gettime
		Pid: 20208
		Spid: 20208
		Status: Finished
		Start: 1679575059827861
		Finish: 1679575059828355
		Duration: 494
		Return Value: 0

	Instruction
		Name: clock_gettime
		Pid: 20208
		Spid: 20208
		Status: Finished
		Start: 1679575059828406
		Finish: 1679575059828875
		Duration: 469
		Return Value: 0

	Instruction
		Name: clock_gettime
		Pid: 20208
		Spid: 20208
		Status: Finished
		Start: 1679575059828924
		Finish: 1679575059829384
		Duration: 460
		Return Value: 0

	Instruction
		Name: clock_gettime
		Pid: 20208
		Spid: 20208
		Status: Finished
		Start: 1679575059829435
		Finish: 1679575059829907
		Duration: 472
		Return Value: 0

	Instruction
		Name: clock_gettime
		Pid: 20208
		Spid: 20208
		Status: Finished
		Start: 1679575059829960
		Finish: 1679575059830522
		Duration: 562
		Return Value: 0

	Instruction
		Name: clock_gettime
		Pid: 20208
		Spid: 20208
		Status: Finished
		Start: 1679575059830580
		Finish: 1679575059832545
		Duration: 1965
		Return Value: 0

	Instruction
		Name: clock_gettime
		Pid: 20208
		Spid: 20208
		Status: Finished
		Start: 1679575059832694
		Finish: 1679575059841213
		Duration: 8519
		Return Value: 0

	Instruction
		Name: clock_gettime
		Pid: 20208
		Spid: 20208
		Status: Finished
		Start: 1679575059841278
		Finish: 1679575059841784
		Duration: 506
		Return Value: 0

	Instruction
		Name: clock_gettime
		Pid: 20208
		Spid: 20208
		Status: Finished
		Start: 1679575059841839
		Finish: 1679575059842306
		Duration: 467
		Return Value: 0

	Instruction
		Name: clock_gettime
		Pid: 20208
		Spid: 20208
		Status: Finished
		Start: 1679575059842357
		Finish: 1679575059842831
		Duration: 474
		Return Value: 0

	Instruction
		Name: clock_gettime
		Pid: 20208
		Spid: 20208
		Status: Finished
		Start: 1679575059842880
		Finish: 1679575059843457
		Duration: 577
		Return Value: 0

	Instruction
		Name: clock_gettime
		Pid: 20208
		Spid: 20208
		Status: Finished
		Start: 1679575059843524
		Finish: 1679575059843736
		Duration: 212
		Return Value: 0

	Instruction
		Name: clock_gettime
		Pid: 20208
		Spid: 20208
		Status: Finished
		Start: 1679575059843777
		Finish: 1679575059843970
		Duration: 193
		Return Value: 0

	Instruction
		Name: clock_gettime
		Pid: 20208
		Spid: 20208
		Status: Finished
		Start: 1679575059844009
		Finish: 1679575059844191
		Duration: 182
		Return Value: 0

	Instruction
		Name: clock_gettime
		Pid: 20208
		Spid: 20208
		Status: Finished
		Start: 1679575059844228
		Finish: 1679575059844422
		Duration: 194
		Return Value: 0

	Instruction
		Name: clock_gettime
		Pid: 20208
		Spid: 20208
		Status: Finished
		Start: 1679575059844458
		Finish: 1679575059844646
		Duration: 188
		Return Value: 0

	Instruction
		Name: clock_gettime
		Pid: 20208
		Spid: 20208
		Status: Finished
		Start: 1679575059844679
		Finish: 1679575059844860
		Duration: 181
		Return Value: 0

	Instruction
		Name: clock_gettime
		Pid: 20208
		Spid: 20208
		Status: Finished
		Start: 1679575059844902
		Finish: 1679575059845086
		Duration: 184
		Return Value: 0

	Instruction
		Name: clock_gettime
		Pid: 20208
		Spid: 20208
		Status: Finished
		Start: 1679575059845115
		Finish: 1679575059845290
		Duration: 175
		Return Value: 0

	Instruction
		Name: clock_gettime
		Pid: 20208
		Spid: 20208
		Status: Finished
		Start: 1679575059845318
		Finish: 1679575059845504
		Duration: 186
		Return Value: 0

	Instruction
		Name: clock_gettime
		Pid: 20208
		Spid: 20208
		Status: Finished
		Start: 1679575059845533
		Finish: 1679575059845703
		Duration: 170
		Return Value: 0

	Instruction
		Name: clock_gettime
		Pid: 20208
		Spid: 20208
		Status: Finished
		Start: 1679575059845732
		Finish: 1679575059845918
		Duration: 186
		Return Value: 0

	Instruction
		Name: clock_gettime
		Pid: 20208
		Spid: 20208
		Status: Finished
		Start: 1679575059845946
		Finish: 1679575059846131
		Duration: 185
		Return Value: 0

	Instruction
		Name: clock_gettime
		Pid: 20208
		Spid: 20208
		Status: Finished
		Start: 1679575059846171
		Finish: 1679575059846352
		Duration: 181
		Return Value: 0

	Instruction
		Name: clock_gettime
		Pid: 20208
		Spid: 20208
		Status: Finished
		Start: 1679575059846380
		Finish: 1679575059846567
		Duration: 187
		Return Value: 0

	Instruction
		Name: clock_gettime
		Pid: 20208
		Spid: 20208
		Status: Finished
		Start: 1679575059846606
		Finish: 1679575059846780
		Duration: 174
		Return Value: 0

	Instruction
		Name: clock_gettime
		Pid: 20208
		Spid: 20208
		Status: Finished
		Start: 1679575059846807
		Finish: 1679575059846982
		Duration: 175
		Return Value: 0

	Instruction
		Name: clock_gettime
		Pid: 20208
		Spid: 20208
		Status: Finished
		Start: 1679575059847010
		Finish: 1679575059847191
		Duration: 181
		Return Value: 0

	Instruction
		Name: clock_gettime
		Pid: 20208
		Spid: 20208
		Status: Finished
		Start: 1679575059847222
		Finish: 1679575059847412
		Duration: 190
		Return Value: 0

	Instruction
		Name: clock_gettime
		Pid: 20208
		Spid: 20208
		Status: Finished
		Start: 1679575059847455
		Finish: 1679575059847638
		Duration: 183
		Return Value: 0

	Instruction
		Name: clock_gettime
		Pid: 20208
		Spid: 20208
		Status: Finished
		Start: 1679575059847665
		Finish: 1679575059849462
		Duration: 1797
		Return Value: 0

	Instruction
		Name: clock_gettime
		Pid: 20208
		Spid: 20208
		Status: Finished
		Start: 1679575059849508
		Finish: 1679575059849749
		Duration: 241
		Return Value: 0

	Instruction
		Name: clock_gettime
		Pid: 20208
		Spid: 20208
		Status: Finished
		Start: 1679575059849788
		Finish: 1679575059850054
		Duration: 266
		Return Value: 0

	Instruction
		Name: clock_gettime
		Pid: 20208
		Spid: 20208
		Status: Finished
		Start: 1679575059850105
		Finish: 1679575059850955
		Duration: 850
		Return Value: 0

	Instruction
		Name: clock_gettime
		Pid: 20208
		Spid: 20208
		Status: Finished
		Start: 1679575059850999
		Finish: 1679575059851266
		Duration: 267
		Return Value: 0

	Instruction
		Name: clock_gettime
		Pid: 20208
		Spid: 20208
		Status: Finished
		Start: 1679575059851312
		Finish: 1679575059851607
		Duration: 295
		Return Value: 0

	Instruction
		Name: clock_gettime
		Pid: 20208
		Spid: 20208
		Status: Finished
		Start: 1679575059851673
		Finish: 1679575059854133
		Duration: 2460
		Return Value: 0

	Instruction
		Name: clock_gettime
		Pid: 20208
		Spid: 20208
		Status: Finished
		Start: 1679575059854204
		Finish: 1679575059854423
		Duration: 219
		Return Value: 0

	Instruction
		Name: clock_gettime
		Pid: 20208
		Spid: 20208
		Status: Finished
		Start: 1679575059854461
		Finish: 1679575059855790
		Duration: 1329
		Return Value: 0

	Instruction
		Name: clock_gettime
		Pid: 20208
		Spid: 20208
		Status: Finished
		Start: 1679575059855849
		Finish: 1679575059856064
		Duration: 215
		Return Value: 0

	Instruction
		Name: clock_gettime
		Pid: 20208
		Spid: 20208
		Status: Finished
		Start: 1679575059856099
		Finish: 1679575059856288
		Duration: 189
		Return Value: 0

	Instruction
		Name: clock_gettime
		Pid: 20208
		Spid: 20208
		Status: Finished
		Start: 1679575059856336
		Finish: 1679575059856551
		Duration: 215
		Return Value: 0

	Instruction
		Name: clock_gettime
		Pid: 20208
		Spid: 20208
		Status: Finished
		Start: 1679575059856582
		Finish: 1679575059856773
		Duration: 191
		Return Value: 0

	Instruction
		Name: clock_gettime
		Pid: 20208
		Spid: 20208
		Status: Finished
		Start: 1679575059856806
		Finish: 1679575059856983
		Duration: 177
		Return Value: 0

	Instruction
		Name: clock_gettime
		Pid: 20208
		Spid: 20208
		Status: Finished
		Start: 1679575059857014
		Finish: 1679575059857189
		Duration: 175
		Return Value: 0

	Instruction
		Name: clock_gettime
		Pid: 20208
		Spid: 20208
		Status: Finished
		Start: 1679575059857220
		Finish: 1679575059857400
		Duration: 180
		Return Value: 0

	Instruction
		Name: clock_gettime
		Pid: 20208
		Spid: 20208
		Status: Finished
		Start: 1679575059857434
		Finish: 1679575059857615
		Duration: 181
		Return Value: 0

	Instruction
		Name: clock_gettime
		Pid: 20208
		Spid: 20208
		Status: Finished
		Start: 1679575059857647
		Finish: 1679575059857840
		Duration: 193
		Return Value: 0

	Instruction
		Name: clock_gettime
		Pid: 20208
		Spid: 20208
		Status: Finished
		Start: 1679575059857872
		Finish: 1679575059858050
		Duration: 178
		Return Value: 0

	Instruction
		Name: clock_gettime
		Pid: 20208
		Spid: 20208
		Status: Finished
		Start: 1679575059858085
		Finish: 1679575059858264
		Duration: 179
		Return Value: 0

	Instruction
		Name: clock_gettime
		Pid: 20208
		Spid: 20208
		Status: Finished
		Start: 1679575059858295
		Finish: 1679575059858474
		Duration: 179
		Return Value: 0

	Instruction
		Name: clock_gettime
		Pid: 20208
		Spid: 20208
		Status: Finished
		Start: 1679575059858520
		Finish: 1679575059858700
		Duration: 180
		Return Value: 0

	Instruction
		Name: clock_gettime
		Pid: 20208
		Spid: 20208
		Status: Finished
		Start: 1679575059858735
		Finish: 1679575059858924
		Duration: 189
		Return Value: 0

	Instruction
		Name: clock_gettime
		Pid: 20208
		Spid: 20208
		Status: Finished
		Start: 1679575059858955
		Finish: 1679575059859132
		Duration: 177
		Return Value: 0

	Instruction
		Name: clock_gettime
		Pid: 20208
		Spid: 20208
		Status: Finished
		Start: 1679575059859164
		Finish: 1679575059859343
		Duration: 179
		Return Value: 0

	Instruction
		Name: clock_gettime
		Pid: 20208
		Spid: 20208
		Status: Finished
		Start: 1679575059859378
		Finish: 1679575059859558
		Duration: 180
		Return Value: 0

	Instruction
		Name: clock_gettime
		Pid: 20208
		Spid: 20208
		Status: Finished
		Start: 1679575059859590
		Finish: 1679575059859783
		Duration: 193
		Return Value: 0

	Instruction
		Name: clock_gettime
		Pid: 20208
		Spid: 20208
		Status: Finished
		Start: 1679575059859818
		Finish: 1679575059859997
		Duration: 179
		Return Value: 0

	Instruction
		Name: clock_gettime
		Pid: 20208
		Spid: 20208
		Status: Finished
		Start: 1679575059860027
		Finish: 1679575059860204
		Duration: 177
		Return Value: 0

	Instruction
		Name: clock_gettime
		Pid: 20208
		Spid: 20208
		Status: Finished
		Start: 1679575059860235
		Finish: 1679575059860410
		Duration: 175
		Return Value: 0

	Instruction
		Name: clock_gettime
		Pid: 20208
		Spid: 20208
		Status: Finished
		Start: 1679575059860440
		Finish: 1679575059860614
		Duration: 174
		Return Value: 0

	Instruction
		Name: clock_gettime
		Pid: 20208
		Spid: 20208
		Status: Finished
		Start: 1679575059860645
		Finish: 1679575059860832
		Duration: 187
		Return Value: 0

	Instruction
		Name: clock_gettime
		Pid: 20208
		Spid: 20208
		Status: Finished
		Start: 1679575059860861
		Finish: 1679575059861033
		Duration: 172
		Return Value: 0

	Instruction
		Name: clock_gettime
		Pid: 20208
		Spid: 20208
		Status: Finished
		Start: 1679575059861075
		Finish: 1679575059861249
		Duration: 174
		Return Value: 0

	Instruction
		Name: clock_gettime
		Pid: 20208
		Spid: 20208
		Status: Finished
		Start: 1679575059861280
		Finish: 1679575059861454
		Duration: 174
		Return Value: 0

	Instruction
		Name: clock_gettime
		Pid: 20208
		Spid: 20208
		Status: Finished
		Start: 1679575059861484
		Finish: 1679575059861659
		Duration: 175
		Return Value: 0

	Instruction
		Name: clock_gettime
		Pid: 20208
		Spid: 20208
		Status: Finished
		Start: 1679575059861689
		Finish: 1679575059861876
		Duration: 187
		Return Value: 0

	Instruction
		Name: clock_gettime
		Pid: 20208
		Spid: 20208
		Status: Finished
		Start: 1679575059861907
		Finish: 1679575059862079
		Duration: 172
		Return Value: 0

	Instruction
		Name: clock_gettime
		Pid: 20208
		Spid: 20208
		Status: Finished
		Start: 1679575059862107
		Finish: 1679575059862280
		Duration: 173
		Return Value: 0

	Instruction
		Name: clock_gettime
		Pid: 20208
		Spid: 20208
		Status: Finished
		Start: 1679575059862310
		Finish: 1679575059862484
		Duration: 174
		Return Value: 0

	Instruction
		Name: clock_gettime
		Pid: 20208
		Spid: 20208
		Status: Finished
		Start: 1679575059862514
		Finish: 1679575059862744
		Duration: 230
		Return Value: 0

	Instruction
		Name: clock_gettime
		Pid: 20208
		Spid: 20208
		Status: Finished
		Start: 1679575059862778
		Finish: 1679575059862963
		Duration: 185
		Return Value: 0

	Instruction
		Name: clock_gettime
		Pid: 20208
		Spid: 20208
		Status: Finished
		Start: 1679575059862993
		Finish: 1679575059863166
		Duration: 173
		Return Value: 0

	Instruction
		Name: clock_gettime
		Pid: 20208
		Spid: 20208
		Status: Finished
		Start: 1679575059863198
		Finish: 1679575059863378
		Duration: 180
		Return Value: 0

	Instruction
		Name: clock_gettime
		Pid: 20208
		Spid: 20208
		Status: Finished
		Start: 1679575059863409
		Finish: 1679575059863585
		Duration: 176
		Return Value: 0

	Instruction
		Name: clock_gettime
		Pid: 20208
		Spid: 20208
		Status: Finished
		Start: 1679575059863617
		Finish: 1679575059863810
		Duration: 193
		Return Value: 0

	Instruction
		Name: clock_gettime
		Pid: 20208
		Spid: 20208
		Status: Finished
		Start: 1679575059863841
		Finish: 1679575059864017
		Duration: 176
		Return Value: 0

	Instruction
		Name: clock_gettime
		Pid: 20208
		Spid: 20208
		Status: Finished
		Start: 1679575059864048
		Finish: 1679575059864225
		Duration: 177
		Return Value: 0

	Instruction
		Name: clock_gettime
		Pid: 20208
		Spid: 20208
		Status: Finished
		Start: 1679575059864255
		Finish: 1679575059867666
		Duration: 3411
		Return Value: 0

	Instruction
		Name: clock_gettime
		Pid: 20208
		Spid: 20208
		Status: Finished
		Start: 1679575059871307
		Finish: 1679575059873493
		Duration: 2186
		Return Value: 0

	Instruction
		Name: clock_gettime
		Pid: 20208
		Spid: 20208
		Status: Finished
		Start: 1679575059873584
		Finish: 1679575059880738
		Duration: 7154
		Return Value: 0

	Instruction
		Name: clock_gettime
		Pid: 20208
		Spid: 20208
		Status: Finished
		Start: 1679575059880861
		Finish: 1679575059883211
		Duration: 2350
		Return Value: 0

	Instruction
		Name: clock_gettime
		Pid: 20208
		Spid: 20208
		Status: Finished
		Start: 1679575059883275
		Finish: 1679575059892011
		Duration: 8736
		Return Value: 0

	Instruction
		Name: clock_gettime
		Pid: 20208
		Spid: 20208
		Status: Finished
		Start: 1679575059892122
		Finish: 1679575059892357
		Duration: 235
		Return Value: 0

	Instruction
		Name: clock_gettime
		Pid: 20208
		Spid: 20208
		Status: Finished
		Start: 1679575059892394
		Finish: 1679575059892611
		Duration: 217
		Return Value: 0

	Instruction
		Name: clock_gettime
		Pid: 20208
		Spid: 20208
		Status: Finished
		Start: 1679575059892652
		Finish: 1679575059893628
		Duration: 976
		Return Value: 0

	Instruction
		Name: clock_gettime
		Pid: 20208
		Spid: 20208
		Status: Finished
		Start: 1679575059893696
		Finish: 1679575059893919
		Duration: 223
		Return Value: 0

	Instruction
		Name: clock_gettime
		Pid: 20208
		Spid: 20208
		Status: Finished
		Start: 1679575059893966
		Finish: 1679575059894157
		Duration: 191
		Return Value: 0

	Instruction
		Name: clock_gettime
		Pid: 20208
		Spid: 20208
		Status: Finished
		Start: 1679575059894187
		Finish: 1679575059894369
		Duration: 182
		Return Value: 0

	Instruction
		Name: clock_gettime
		Pid: 20208
		Spid: 20208
		Status: Finished
		Start: 1679575059894407
		Finish: 1679575059894638
		Duration: 231
		Return Value: 0

	Instruction
		Name: clock_gettime
		Pid: 20208
		Spid: 20208
		Status: Finished
		Start: 1679575059894668
		Finish: 1679575059894854
		Duration: 186
		Return Value: 0

	Instruction
		Name: clock_gettime
		Pid: 20208
		Spid: 20208
		Status: Finished
		Start: 1679575059894903
		Finish: 1679575059895108
		Duration: 205
		Return Value: 0

	Instruction
		Name: clock_gettime
		Pid: 20208
		Spid: 20208
		Status: Finished
		Start: 1679575059895138
		Finish: 1679575059895316
		Duration: 178
		Return Value: 0

	Instruction
		Name: clock_gettime
		Pid: 20208
		Spid: 20208
		Status: Finished
		Start: 1679575059895355
		Finish: 1679575059895528
		Duration: 173
		Return Value: 0

	Instruction
		Name: clock_gettime
		Pid: 20208
		Spid: 20208
		Status: Finished
		Start: 1679575059895555
		Finish: 1679575059896275
		Duration: 720
		Return Value: 0

	Instruction
		Name: clock_gettime
		Pid: 20208
		Spid: 20208
		Status: Finished
		Start: 1679575059896344
		Finish: 1679575059896578
		Duration: 234
		Return Value: 0

	Instruction
		Name: clock_gettime
		Pid: 20208
		Spid: 20208
		Status: Finished
		Start: 1679575059896616
		Finish: 1679575059896808
		Duration: 192
		Return Value: 0

	Instruction
		Name: clock_gettime
		Pid: 20208
		Spid: 20208
		Status: Finished
		Start: 1679575059896846
		Finish: 1679575059897034
		Duration: 188
		Return Value: 0

	Instruction
		Name: clock_gettime
		Pid: 20208
		Spid: 20208
		Status: Finished
		Start: 1679575059897067
		Finish: 1679575059897273
		Duration: 206
		Return Value: 0

	Instruction
		Name: clock_gettime
		Pid: 20208
		Spid: 20208
		Status: Finished
		Start: 1679575059897308
		Finish: 1679575059897500
		Duration: 192
		Return Value: 0

	Instruction
		Name: clock_gettime
		Pid: 20208
		Spid: 20208
		Status: Finished
		Start: 1679575059897533
		Finish: 1679575059897712
		Duration: 179
		Return Value: 0

	Instruction
		Name: clock_gettime
		Pid: 20208
		Spid: 20208
		Status: Finished
		Start: 1679575059897745
		Finish: 1679575059899134
		Duration: 1389
		Return Value: 0

	Instruction
		Name: clock_gettime
		Pid: 20208
		Spid: 20208
		Status: Finished
		Start: 1679575059899185
		Finish: 1679575059899445
		Duration: 260
		Return Value: 0

	Instruction
		Name: clock_gettime
		Pid: 20208
		Spid: 20208
		Status: Finished
		Start: 1679575059899487
		Finish: 1679575059899707
		Duration: 220
		Return Value: 0

	Instruction
		Name: clock_gettime
		Pid: 20208
		Spid: 20208
		Status: Finished
		Start: 1679575059899745
		Finish: 1679575059899939
		Duration: 194
		Return Value: 0

	Instruction
		Name: clock_gettime
		Pid: 20208
		Spid: 20208
		Status: Finished
		Start: 1679575059899975
		Finish: 1679575059900158
		Duration: 183
		Return Value: 0

	Instruction
		Name: clock_gettime
		Pid: 20208
		Spid: 20208
		Status: Finished
		Start: 1679575059900190
		Finish: 1679575059900374
		Duration: 184
		Return Value: 0

	Instruction
		Name: clock_gettime
		Pid: 20208
		Spid: 20208
		Status: Finished
		Start: 1679575059900406
		Finish: 1679575059900598
		Duration: 192
		Return Value: 0

	Instruction
		Name: clock_gettime
		Pid: 20208
		Spid: 20208
		Status: Finished
		Start: 1679575059900630
		Finish: 1679575059900895
		Duration: 265
		Return Value: 0

	Instruction
		Name: clock_gettime
		Pid: 20208
		Spid: 20208
		Status: Finished
		Start: 1679575059900947
		Finish: 1679575059901216
		Duration: 269
		Return Value: 0

	Instruction
		Name: clock_gettime
		Pid: 20208
		Spid: 20208
		Status: Finished
		Start: 1679575059901253
		Finish: 1679575059901937
		Duration: 684
		Return Value: 0

	Instruction
		Name: clock_gettime
		Pid: 20208
		Spid: 20208
		Status: Finished
		Start: 1679575059902021
		Finish: 1679575059902240
		Duration: 219
		Return Value: 0

	Instruction
		Name: clock_gettime
		Pid: 20208
		Spid: 20208
		Status: Finished
		Start: 1679575059902278
		Finish: 1679575059902467
		Duration: 189
		Return Value: 0

	Instruction
		Name: clock_gettime
		Pid: 20208
		Spid: 20208
		Status: Finished
		Start: 1679575059902510
		Finish: 1679575059902704
		Duration: 194
		Return Value: 0

	Instruction
		Name: clock_gettime
		Pid: 20208
		Spid: 20208
		Status: Finished
		Start: 1679575059902736
		Finish: 1679575059902911
		Duration: 175
		Return Value: 0

	Instruction
		Name: clock_gettime
		Pid: 20208
		Spid: 20208
		Status: Finished
		Start: 1679575059902942
		Finish: 1679575059903114
		Duration: 172
		Return Value: 0

	Instruction
		Name: clock_gettime
		Pid: 20208
		Spid: 20208
		Status: Finished
		Start: 1679575059903143
		Finish: 1679575059903343
		Duration: 200
		Return Value: 0

	Instruction
		Name: clock_gettime
		Pid: 20208
		Spid: 20208
		Status: Finished
		Start: 1679575059903373
		Finish: 1679575059903560
		Duration: 187
		Return Value: 0

	Instruction
		Name: clock_gettime
		Pid: 20208
		Spid: 20208
		Status: Finished
		Start: 1679575059903589
		Finish: 1679575059903763
		Duration: 174
		Return Value: 0

	Instruction
		Name: clock_gettime
		Pid: 20208
		Spid: 20208
		Status: Finished
		Start: 1679575059903794
		Finish: 1679575059904015
		Duration: 221
		Return Value: 0

	Instruction
		Name: clock_gettime
		Pid: 20208
		Spid: 20208
		Status: Finished
		Start: 1679575059904050
		Finish: 1679575059904277
		Duration: 227
		Return Value: 0

	Instruction
		Name: clock_gettime
		Pid: 20208
		Spid: 20208
		Status: Finished
		Start: 1679575059904332
		Finish: 1679575059905036
		Duration: 704
		Return Value: 0

	Instruction
		Name: clock_gettime
		Pid: 20208
		Spid: 20208
		Status: Finished
		Start: 1679575059905179
		Finish: 1679575059905824
		Duration: 645
		Return Value: 0

	Instruction
		Name: clock_gettime
		Pid: 20208
		Spid: 20208
		Status: Finished
		Start: 1679575059906434
		Finish: 1679575059906970
		Duration: 536
		Return Value: 0

	Instruction
		Name: clock_gettime
		Pid: 20208
		Spid: 20208
		Status: Finished
		Start: 1679575059907030
		Finish: 1679575059907323
		Duration: 293
		Return Value: 0

	Instruction
		Name: clock_gettime
		Pid: 20208
		Spid: 20208
		Status: Finished
		Start: 1679575059907379
		Finish: 1679575059907998
		Duration: 619
		Return Value: 0

	Instruction
		Name: clock_gettime
		Pid: 20208
		Spid: 20208
		Status: Finished
		Start: 1679575059908080
		Finish: 1679575059908361
		Duration: 281
		Return Value: 0

	Instruction
		Name: clock_gettime
		Pid: 20208
		Spid: 20208
		Status: Finished
		Start: 1679575059908447
		Finish: 1679575059908961
		Duration: 514
		Return Value: 0

	Instruction
		Name: clock_gettime
		Pid: 20208
		Spid: 20208
		Status: Finished
		Start: 1679575059909017
		Finish: 1679575059909547
		Duration: 530
		Return Value: 0

	Instruction
		Name: clock_gettime
		Pid: 20208
		Spid: 20208
		Status: Finished
		Start: 1679575059909666
		Finish: 1679575059910059
		Duration: 393
		Return Value: 0

	Instruction
		Name: clock_gettime
		Pid: 20208
		Spid: 20208
		Status: Finished
		Start: 1679575059910103
		Finish: 1679575059910558
		Duration: 455
		Return Value: 0

	Instruction
		Name: clock_gettime
		Pid: 20208
		Spid: 20208
		Status: Finished
		Start: 1679575059910965
		Finish: 1679575059911324
		Duration: 359
		Return Value: 0

	Instruction
		Name: clock_gettime
		Pid: 20208
		Spid: 20208
		Status: Finished
		Start: 1679575059911415
		Finish: 1679575059911909
		Duration: 494
		Return Value: 0

	Instruction
		Name: clock_gettime
		Pid: 20208
		Spid: 20208
		Status: Finished
		Start: 1679575059912052
		Finish: 1679575059912312
		Duration: 260
		Return Value: 0

	Instruction
		Name: clock_gettime
		Pid: 20208
		Spid: 20208
		Status: Finished
		Start: 1679575059912393
		Finish: 1679575059913316
		Duration: 923
		Return Value: 0

	Instruction
		Name: clock_gettime
		Pid: 20208
		Spid: 20208
		Status: Finished
		Start: 1679575059913428
		Finish: 1679575059913734
		Duration: 306
		Return Value: 0

	Instruction
		Name: clock_gettime
		Pid: 20208
		Spid: 20208
		Status: Finished
		Start: 1679575059913786
		Finish: 1679575059915618
		Duration: 1832
		Return Value: 0

	Instruction
		Name: clock_gettime
		Pid: 20208
		Spid: 20208
		Status: Finished
		Start: 1679575059915726
		Finish: 1679575059916477
		Duration: 751
		Return Value: 0

	Instruction
		Name: clock_gettime
		Pid: 20208
		Spid: 20208
		Status: Finished
		Start: 1679575059916561
		Finish: 1679575059916848
		Duration: 287
		Return Value: 0

	Instruction
		Name: clock_gettime
		Pid: 20208
		Spid: 20208
		Status: Finished
		Start: 1679575059917156
		Finish: 1679575059917725
		Duration: 569
		Return Value: 0

	Instruction
		Name: clock_gettime
		Pid: 20208
		Spid: 20208
		Status: Finished
		Start: 1679575059917809
		Finish: 1679575059918084
		Duration: 275
		Return Value: 0

	Instruction
		Name: clock_gettime
		Pid: 20208
		Spid: 20208
		Status: Finished
		Start: 1679575059918287
		Finish: 1679575059918619
		Duration: 332
		Return Value: 0

	Instruction
		Name: clock_gettime
		Pid: 20208
		Spid: 20208
		Status: Finished
		Start: 1679575059918701
		Finish: 1679575059919464
		Duration: 763
		Return Value: 0

	Instruction
		Name: clock_gettime
		Pid: 20208
		Spid: 20208
		Status: Finished
		Start: 1679575059919771
		Finish: 1679575059920118
		Duration: 347
		Return Value: 0

	Instruction
		Name: clock_gettime
		Pid: 20208
		Spid: 20208
		Status: Finished
		Start: 1679575059920174
		Finish: 1679575059920877
		Duration: 703
		Return Value: 0

	Instruction
		Name: clock_gettime
		Pid: 20208
		Spid: 20208
		Status: Finished
		Start: 1679575059921010
		Finish: 1679575059921345
		Duration: 335
		Return Value: 0

	Instruction
		Name: clock_gettime
		Pid: 20208
		Spid: 20208
		Status: Finished
		Start: 1679575059921431
		Finish: 1679575059921950
		Duration: 519
		Return Value: 0

	Instruction
		Name: clock_gettime
		Pid: 20208
		Spid: 20208
		Status: Finished
		Start: 1679575059922032
		Finish: 1679575059922583
		Duration: 551
		Return Value: 0

	Instruction
		Name: clock_gettime
		Pid: 20208
		Spid: 20208
		Status: Finished
		Start: 1679575059922642
		Finish: 1679575059923143
		Duration: 501
		Return Value: 0

	Instruction
		Name: clock_gettime
		Pid: 20208
		Spid: 20208
		Status: Finished
		Start: 1679575059923477
		Finish: 1679575059924047
		Duration: 570
		Return Value: 0

	Instruction
		Name: clock_gettime
		Pid: 20208
		Spid: 20208
		Status: Finished
		Start: 1679575059924109
		Finish: 1679575059924569
		Duration: 460
		Return Value: 0

	Instruction
		Name: clock_gettime
		Pid: 20208
		Spid: 20208
		Status: Finished
		Start: 1679575059924818
		Finish: 1679575059925217
		Duration: 399
		Return Value: 0

	Instruction
		Name: clock_gettime
		Pid: 20208
		Spid: 20208
		Status: Finished
		Start: 1679575059925273
		Finish: 1679575059925946
		Duration: 673
		Return Value: 0

	Instruction
		Name: clock_gettime
		Pid: 20208
		Spid: 20208
		Status: Finished
		Start: 1679575059926067
		Finish: 1679575059926381
		Duration: 314
		Return Value: 0

	Instruction
		Name: clock_gettime
		Pid: 20208
		Spid: 20208
		Status: Finished
		Start: 1679575059926497
		Finish: 1679575059931306
		Duration: 4809
		Return Value: 0

	Instruction
		Name: clock_gettime
		Pid: 20208
		Spid: 20208
		Status: Finished
		Start: 1679575059932109
		Finish: 1679575059933360
		Duration: 1251
		Return Value: 0

	Instruction
		Name: clock_gettime
		Pid: 20208
		Spid: 20208
		Status: Finished
		Start: 1679575059933449
		Finish: 1679575059934281
		Duration: 832
		Return Value: 0

	Instruction
		Name: clock_gettime
		Pid: 20208
		Spid: 20208
		Status: Finished
		Start: 1679575059934401
		Finish: 1679575059935592
		Duration: 1191
		Return Value: 0

	Instruction
		Name: clock_gettime
		Pid: 20208
		Spid: 20208
		Status: Finished
		Start: 1679575059935761
		Finish: 1679575059936740
		Duration: 979
		Return Value: 0

	Instruction
		Name: clock_gettime
		Pid: 20208
		Spid: 20208
		Status: Finished
		Start: 1679575059936930
		Finish: 1679575059937500
		Duration: 570
		Return Value: 0

	Instruction
		Name: clock_gettime
		Pid: 20208
		Spid: 20208
		Status: Finished
		Start: 1679575059937557
		Finish: 1679575059945393
		Duration: 7836
		Return Value: 0

	Instruction
		Name: clock_gettime
		Pid: 20208
		Spid: 20208
		Status: Finished
		Start: 1679575059945497
		Finish: 1679575059946016
		Duration: 519
		Return Value: 0

	Instruction
		Name: clock_gettime
		Pid: 20208
		Spid: 20208
		Status: Finished
		Start: 1679575059946064
		Finish: 1679575059946647
		Duration: 583
		Return Value: 0

	Instruction
		Name: clock_gettime
		Pid: 20208
		Spid: 20208
		Status: Finished
		Start: 1679575059946814
		Finish: 1679575059947308
		Duration: 494
		Return Value: 0

	Instruction
		Name: clock_gettime
		Pid: 20208
		Spid: 20208
		Status: Finished
		Start: 1679575059947358
		Finish: 1679575059948821
		Duration: 1463
		Return Value: 0

	Instruction
		Name: clock_gettime
		Pid: 20208
		Spid: 20208
		Status: Finished
		Start: 1679575059949108
		Finish: 1679575059949580
		Duration: 472
		Return Value: 0

	Instruction
		Name: clock_gettime
		Pid: 20208
		Spid: 20208
		Status: Finished
		Start: 1679575059949634
		Finish: 1679575059949965
		Duration: 331
		Return Value: 0

	Instruction
		Name: clock_gettime
		Pid: 20208
		Spid: 20208
		Status: Finished
		Start: 1679575059950053
		Finish: 1679575059950581
		Duration: 528
		Return Value: 0

	Instruction
		Name: clock_gettime
		Pid: 20208
		Spid: 20208
		Status: Finished
		Start: 1679575059950631
		Finish: 1679575059951109
		Duration: 478
		Return Value: 0

	Instruction
		Name: clock_gettime
		Pid: 20208
		Spid: 20208
		Status: Finished
		Start: 1679575059951340
		Finish: 1679575059951815
		Duration: 475
		Return Value: 0

	Instruction
		Name: clock_gettime
		Pid: 20208
		Spid: 20208
		Status: Finished
		Start: 1679575059951862
		Finish: 1679575059952343
		Duration: 481
		Return Value: 0

	Instruction
		Name: clock_gettime
		Pid: 20208
		Spid: 20208
		Status: Finished
		Start: 1679575059952438
		Finish: 1679575059953198
		Duration: 760
		Return Value: 0

	Instruction
		Name: clock_gettime
		Pid: 20208
		Spid: 20208
		Status: Finished
		Start: 1679575059953248
		Finish: 1679575059953736
		Duration: 488
		Return Value: 0

	Instruction
		Name: clock_gettime
		Pid: 20208
		Spid: 20208
		Status: Finished
		Start: 1679575059960561
		Finish: 1679575059961269
		Duration: 708
		Return Value: 0

	Instruction
		Name: clock_gettime
		Pid: 20208
		Spid: 20208
		Status: Finished
		Start: 1679575059961326
		Finish: 1679575059961853
		Duration: 527
		Return Value: 0

	Instruction
		Name: clock_gettime
		Pid: 20208
		Spid: 20208
		Status: Finished
		Start: 1679575059962105
		Finish: 1679575059962611
		Duration: 506
		Return Value: 0

	Instruction
		Name: clock_gettime
		Pid: 20208
		Spid: 20208
		Status: Finished
		Start: 1679575059962663
		Finish: 1679575059963150
		Duration: 487
		Return Value: 0

	Instruction
		Name: clock_gettime
		Pid: 20208
		Spid: 20208
		Status: Finished
		Start: 1679575059964242
		Finish: 1679575059966319
		Duration: 2077
		Return Value: 0

	Instruction
		Name: clock_gettime
		Pid: 20208
		Spid: 20208
		Status: Finished
		Start: 1679575059966656
		Finish: 1679575059967292
		Duration: 636
		Return Value: 0

	Instruction
		Name: clock_gettime
		Pid: 20208
		Spid: 20208
		Status: Finished
		Start: 1679575059968099
		Finish: 1679575059968918
		Duration: 819
		Return Value: 0

	Instruction
		Name: clock_gettime
		Pid: 20208
		Spid: 20208
		Status: Finished
		Start: 1679575059969047
		Finish: 1679575059969718
		Duration: 671
		Return Value: 0

	Instruction
		Name: clock_gettime
		Pid: 20208
		Spid: 20208
		Status: Finished
		Start: 1679575059974679
		Finish: 1679575059975529
		Duration: 850
		Return Value: 0

	Instruction
		Name: clock_gettime
		Pid: 20208
		Spid: 20208
		Status: Finished
		Start: 1679575059975595
		Finish: 1679575059976675
		Duration: 1080
		Return Value: 0

	Instruction
		Name: clock_gettime
		Pid: 20208
		Spid: 20208
		Status: Finished
		Start: 1679575059977299
		Finish: 1679575059978003
		Duration: 704
		Return Value: 0

	Instruction
		Name: clock_gettime
		Pid: 20208
		Spid: 20208
		Status: Finished
		Start: 1679575059978067
		Finish: 1679575059978663
		Duration: 596
		Return Value: 0

	Instruction
		Name: clock_gettime
		Pid: 20208
		Spid: 20208
		Status: Finished
		Start: 1679575059978800
		Finish: 1679575059979254
		Duration: 454
		Return Value: 0

	Instruction
		Name: clock_gettime
		Pid: 20208
		Spid: 20208
		Status: Finished
		Start: 1679575059979333
		Finish: 1679575059980386
		Duration: 1053
		Return Value: 0

	Instruction
		Name: clock_gettime
		Pid: 20208
		Spid: 20208
		Status: Finished
		Start: 1679575059980620
		Finish: 1679575059980931
		Duration: 311
		Return Value: 0

	Instruction
		Name: clock_gettime
		Pid: 20208
		Spid: 20208
		Status: Finished
		Start: 1679575059981011
		Finish: 1679575059991247
		Duration: 10236
		Return Value: 0

	Instruction
		Name: clock_gettime
		Pid: 20208
		Spid: 20208
		Status: Finished
		Start: 1679575059991453
		Finish: 1679575059992944
		Duration: 1491
		Return Value: 0

	Instruction
		Name: clock_gettime
		Pid: 20208
		Spid: 20208
		Status: Finished
		Start: 1679575059993091
		Finish: 1679575059993328
		Duration: 237
		Return Value: 0

	Instruction
		Name: clock_gettime
		Pid: 20208
		Spid: 20208
		Status: Finished
		Start: 1679575059993419
		Finish: 1679575059993991
		Duration: 572
		Return Value: 0

	Instruction
		Name: clock_gettime
		Pid: 20208
		Spid: 20208
		Status: Finished
		Start: 1679575059994046
		Finish: 1679575059996315
		Duration: 2269
		Return Value: 0

	Instruction
		Name: clock_gettime
		Pid: 20208
		Spid: 20208
		Status: Finished
		Start: 1679575059996455
		Finish: 1679575060000501
		Duration: 4046
		Return Value: 0

	Instruction
		Name: clock_gettime
		Pid: 20208
		Spid: 20208
		Status: Finished
		Start: 1679575060000584
		Finish: 1679575060001707
		Duration: 1123
		Return Value: 0

	Instruction
		Name: clock_gettime
		Pid: 20208
		Spid: 20208
		Status: Finished
		Start: 1679575060002516
		Finish: 1679575060003372
		Duration: 856
		Return Value: 0

	Instruction
		Name: clock_gettime
		Pid: 20208
		Spid: 20208
		Status: Finished
		Start: 1679575060003447
		Finish: 1679575060004066
		Duration: 619
		Return Value: 0

	Instruction
		Name: clock_gettime
		Pid: 20208
		Spid: 20208
		Status: Finished
		Start: 1679575060004238
		Finish: 1679575060005174
		Duration: 936
		Return Value: 0

	Instruction
		Name: clock_gettime
		Pid: 20208
		Spid: 20208
		Status: Finished
		Start: 1679575060005245
		Finish: 1679575060005873
		Duration: 628
		Return Value: 0

	Instruction
		Name: clock_gettime
		Pid: 20208
		Spid: 20208
		Status: Finished
		Start: 1679575060006257
		Finish: 1679575060006828
		Duration: 571
		Return Value: 0

	Instruction
		Name: clock_gettime
		Pid: 20208
		Spid: 20208
		Status: Finished
		Start: 1679575060006888
		Finish: 1679575060007448
		Duration: 560
		Return Value: 0

	Instruction
		Name: clock_gettime
		Pid: 20208
		Spid: 20208
		Status: Finished
		Start: 1679575060007555
		Finish: 1679575060008089
		Duration: 534
		Return Value: 0

	Instruction
		Name: clock_gettime
		Pid: 20208
		Spid: 20208
		Status: Finished
		Start: 1679575060008146
		Finish: 1679575060008702
		Duration: 556
		Return Value: 0

	Instruction
		Name: clock_gettime
		Pid: 20208
		Spid: 20208
		Status: Finished
		Start: 1679575060014302
		Finish: 1679575060017990
		Duration: 3688
		Return Value: 0

	Instruction
		Name: clock_gettime
		Pid: 20208
		Spid: 20208
		Status: Finished
		Start: 1679575060018062
		Finish: 1679575060018754
		Duration: 692
		Return Value: 0

	Instruction
		Name: clock_gettime
		Pid: 20208
		Spid: 20208
		Status: Finished
		Start: 1679575060018899
		Finish: 1679575060019456
		Duration: 557
		Return Value: 0

	Instruction
		Name: clock_gettime
		Pid: 20208
		Spid: 20208
		Status: Finished
		Start: 1679575060019546
		Finish: 1679575060020140
		Duration: 594
		Return Value: 0

	Instruction
		Name: clock_gettime
		Pid: 20208
		Spid: 20208
		Status: Finished
		Start: 1679575060020426
		Finish: 1679575060021018
		Duration: 592
		Return Value: 0

	Instruction
		Name: clock_gettime
		Pid: 20208
		Spid: 20208
		Status: Finished
		Start: 1679575060021107
		Finish: 1679575060021658
		Duration: 551
		Return Value: 0

	Instruction
		Name: clock_gettime
		Pid: 20208
		Spid: 20208
		Status: Finished
		Start: 1679575060021805
		Finish: 1679575060023199
		Duration: 1394
		Return Value: 0

	Instruction
		Name: clock_gettime
		Pid: 20208
		Spid: 20208
		Status: Finished
		Start: 1679575060023289
		Finish: 1679575060023849
		Duration: 560
		Return Value: 0

	Instruction
		Name: clock_gettime
		Pid: 20208
		Spid: 20208
		Status: Finished
		Start: 1679575060024033
		Finish: 1679575060024749
		Duration: 716
		Return Value: 0

	Instruction
		Name: clock_gettime
		Pid: 20208
		Spid: 20208
		Status: Finished
		Start: 1679575060024848
		Finish: 1679575060025809
		Duration: 961
		Return Value: 0

	Instruction
		Name: clock_gettime
		Pid: 20208
		Spid: 20208
		Status: Finished
		Start: 1679575060025960
		Finish: 1679575060026541
		Duration: 581
		Return Value: 0

	Instruction
		Name: clock_gettime
		Pid: 20208
		Spid: 20208
		Status: Finished
		Start: 1679575060026604
		Finish: 1679575060027172
		Duration: 568
		Return Value: 0

	Instruction
		Name: clock_gettime
		Pid: 20208
		Spid: 20208
		Status: Finished
		Start: 1679575060027306
		Finish: 1679575060027883
		Duration: 577
		Return Value: 0

	Instruction
		Name: clock_gettime
		Pid: 20208
		Spid: 20208
		Status: Finished
		Start: 1679575060027967
		Finish: 1679575060029373
		Duration: 1406
		Return Value: 0

	Instruction
		Name: clock_gettime
		Pid: 20208
		Spid: 20208
		Status: Finished
		Start: 1679575060029533
		Finish: 1679575060030152
		Duration: 619
		Return Value: 0

	Instruction
		Name: clock_gettime
		Pid: 20208
		Spid: 20208
		Status: Finished
		Start: 1679575060030236
		Finish: 1679575060030957
		Duration: 721
		Return Value: 0

	Instruction
		Name: clock_gettime
		Pid: 20208
		Spid: 20208
		Status: Finished
		Start: 1679575060031126
		Finish: 1679575060033357
		Duration: 2231
		Return Value: 0

	Instruction
		Name: clock_gettime
		Pid: 20208
		Spid: 20208
		Status: Finished
		Start: 1679575060033817
		Finish: 1679575060034483
		Duration: 666
		Return Value: 0

	Instruction
		Name: clock_gettime
		Pid: 20208
		Spid: 20208
		Status: Finished
		Start: 1679575060035128
		Finish: 1679575060036159
		Duration: 1031
		Return Value: 0

	Instruction
		Name: clock_gettime
		Pid: 20208
		Spid: 20208
		Status: Finished
		Start: 1679575060036256
		Finish: 1679575060036891
		Duration: 635
		Return Value: 0

	Instruction
		Name: clock_gettime
		Pid: 20208
		Spid: 20208
		Status: Finished
		Start: 1679575060037066
		Finish: 1679575060039142
		Duration: 2076
		Return Value: 0

	Instruction
		Name: clock_gettime
		Pid: 20208
		Spid: 20208
		Status: Finished
		Start: 1679575060039215
		Finish: 1679575060039895
		Duration: 680
		Return Value: 0

	Instruction
		Name: clock_gettime
		Pid: 20208
		Spid: 20208
		Status: Finished
		Start: 1679575060040044
		Finish: 1679575060040667
		Duration: 623
		Return Value: 0

	Instruction
		Name: clock_gettime
		Pid: 20208
		Spid: 20208
		Status: Finished
		Start: 1679575060040766
		Finish: 1679575060041361
		Duration: 595
		Return Value: 0

	Instruction
		Name: clock_gettime
		Pid: 20208
		Spid: 20208
		Status: Finished
		Start: 1679575060041521
		Finish: 1679575060042087
		Duration: 566
		Return Value: 0

	Instruction
		Name: clock_gettime
		Pid: 20208
		Spid: 20208
		Status: Finished
		Start: 1679575060042149
		Finish: 1679575060045978
		Duration: 3829
		Return Value: 0

	Instruction
		Name: clock_gettime
		Pid: 20208
		Spid: 20208
		Status: Finished
		Start: 1679575060046138
		Finish: 1679575060047443
		Duration: 1305
		Return Value: 0

	Instruction
		Name: clock_gettime
		Pid: 20208
		Spid: 20208
		Status: Finished
		Start: 1679575060047548
		Finish: 1679575060052933
		Duration: 5385
		Return Value: 0

	Instruction
		Name: clock_gettime
		Pid: 20208
		Spid: 20208
		Status: Finished
		Start: 1679575060053538
		Finish: 1679575060054394
		Duration: 856
		Return Value: 0

	Instruction
		Name: clock_gettime
		Pid: 20208
		Spid: 20208
		Status: Finished
		Start: 1679575060054571
		Finish: 1679575060056122
		Duration: 1551
		Return Value: 0

	Instruction
		Name: clock_gettime
		Pid: 20208
		Spid: 20208
		Status: Finished
		Start: 1679575060056628
		Finish: 1679575060057302
		Duration: 674
		Return Value: 0

	Instruction
		Name: clock_gettime
		Pid: 20208
		Spid: 20208
		Status: Finished
		Start: 1679575060057404
		Finish: 1679575060058003
		Duration: 599
		Return Value: 0

	Instruction
		Name: clock_gettime
		Pid: 20208
		Spid: 20208
		Status: Finished
		Start: 1679575060058135
		Finish: 1679575060061145
		Duration: 3010
		Return Value: 0

	Instruction
		Name: clock_gettime
		Pid: 20208
		Spid: 20208
		Status: Finished
		Start: 1679575060061244
		Finish: 1679575060061794
		Duration: 550
		Return Value: 0

	Instruction
		Name: clock_gettime
		Pid: 20208
		Spid: 20208
		Status: Finished
		Start: 1679575060061915
		Finish: 1679575060062511
		Duration: 596
		Return Value: 0

	Instruction
		Name: clock_gettime
		Pid: 20208
		Spid: 20208
		Status: Finished
		Start: 1679575060062611
		Finish: 1679575060064259
		Duration: 1648
		Return Value: 0

	Instruction
		Name: clock_gettime
		Pid: 20208
		Spid: 20208
		Status: Finished
		Start: 1679575060064431
		Finish: 1679575060066137
		Duration: 1706
		Return Value: 0

	Instruction
		Name: clock_gettime
		Pid: 20208
		Spid: 20208
		Status: Finished
		Start: 1679575060066233
		Finish: 1679575060067152
		Duration: 919
		Return Value: 0

	Instruction
		Name: clock_gettime
		Pid: 20208
		Spid: 20208
		Status: Finished
		Start: 1679575060067315
		Finish: 1679575060068699
		Duration: 1384
		Return Value: 0

	Instruction
		Name: clock_gettime
		Pid: 20208
		Spid: 20208
		Status: Finished
		Start: 1679575060068763
		Finish: 1679575060069360
		Duration: 597
		Return Value: 0

	Instruction
		Name: clock_gettime
		Pid: 20208
		Spid: 20208
		Status: Finished
		Start: 1679575060069612
		Finish: 1679575060070203
		Duration: 591
		Return Value: 0

	Instruction
		Name: clock_gettime
		Pid: 20208
		Spid: 20208
		Status: Finished
		Start: 1679575060070295
		Finish: 1679575060070887
		Duration: 592
		Return Value: 0

	Instruction
		Name: clock_gettime
		Pid: 20208
		Spid: 20208
		Status: Finished
		Start: 1679575060071346
		Finish: 1679575060071988
		Duration: 642
		Return Value: 0

	Instruction
		Name: clock_gettime
		Pid: 20208
		Spid: 20208
		Status: Finished
		Start: 1679575060072076
		Finish: 1679575060075986
		Duration: 3910
		Return Value: 0

	Instruction
		Name: clock_gettime
		Pid: 20208
		Spid: 20208
		Status: Finished
		Start: 1679575060076556
		Finish: 1679575060077235
		Duration: 679
		Return Value: 0

	Instruction
		Name: clock_gettime
		Pid: 20208
		Spid: 20208
		Status: Finished
		Start: 1679575060077328
		Finish: 1679575060077941
		Duration: 613
		Return Value: 0

	Instruction
		Name: clock_gettime
		Pid: 20208
		Spid: 20208
		Status: Finished
		Start: 1679575060078079
		Finish: 1679575060078641
		Duration: 562
		Return Value: 0

	Instruction
		Name: clock_gettime
		Pid: 20208
		Spid: 20208
		Status: Finished
		Start: 1679575060078699
		Finish: 1679575060081600
		Duration: 2901
		Return Value: 0

	Instruction
		Name: clock_gettime
		Pid: 20208
		Spid: 20208
		Status: Finished
		Start: 1679575060082151
		Finish: 1679575060082991
		Duration: 840
		Return Value: 0

	Instruction
		Name: clock_gettime
		Pid: 20208
		Spid: 20208
		Status: Finished
		Start: 1679575060083069
		Finish: 1679575060083670
		Duration: 601
		Return Value: 0

	Instruction
		Name: clock_gettime
		Pid: 20208
		Spid: 20208
		Status: Finished
		Start: 1679575060083828
		Finish: 1679575060084572
		Duration: 744
		Return Value: 0

	Instruction
		Name: clock_gettime
		Pid: 20208
		Spid: 20208
		Status: Finished
		Start: 1679575060085019
		Finish: 1679575060085696
		Duration: 677
		Return Value: 0

	Instruction
		Name: clock_gettime
		Pid: 20208
		Spid: 20208
		Status: Finished
		Start: 1679575060086060
		Finish: 1679575060086841
		Duration: 781
		Return Value: 0

	Instruction
		Name: clock_gettime
		Pid: 20208
		Spid: 20208
		Status: Finished
		Start: 1679575060086928
		Finish: 1679575060088101
		Duration: 1173
		Return Value: 0

	Instruction
		Name: clock_gettime
		Pid: 20208
		Spid: 20208
		Status: Finished
		Start: 1679575060088253
		Finish: 1679575060088904
		Duration: 651
		Return Value: 0

	Instruction
		Name: clock_gettime
		Pid: 20208
		Spid: 20208
		Status: Finished
		Start: 1679575060088964
		Finish: 1679575060089594
		Duration: 630
		Return Value: 0

	Instruction
		Name: clock_gettime
		Pid: 20208
		Spid: 20208
		Status: Finished
		Start: 1679575060089726
		Finish: 1679575060092543
		Duration: 2817
		Return Value: 0

	Instruction
		Name: clock_gettime
		Pid: 20208
		Spid: 20208
		Status: Finished
		Start: 1679575060092616
		Finish: 1679575060093329
		Duration: 713
		Return Value: 0

	Instruction
		Name: clock_gettime
		Pid: 20208
		Spid: 20208
		Status: Finished
		Start: 1679575060093495
		Finish: 1679575060094860
		Duration: 1365
		Return Value: 0

	Instruction
		Name: clock_gettime
		Pid: 20208
		Spid: 20208
		Status: Finished
		Start: 1679575060094926
		Finish: 1679575060095690
		Duration: 764
		Return Value: 0

	Instruction
		Name: clock_gettime
		Pid: 20208
		Spid: 20208
		Status: Finished
		Start: 1679575060095875
		Finish: 1679575060096522
		Duration: 647
		Return Value: 0

	Instruction
		Name: clock_gettime
		Pid: 20208
		Spid: 20208
		Status: Finished
		Start: 1679575060096613
		Finish: 1679575060097236
		Duration: 623
		Return Value: 0

	Instruction
		Name: clock_gettime
		Pid: 20208
		Spid: 20208
		Status: Finished
		Start: 1679575060097387
		Finish: 1679575060099672
		Duration: 2285
		Return Value: 0

	Instruction
		Name: clock_gettime
		Pid: 20208
		Spid: 20208
		Status: Finished
		Start: 1679575060099766
		Finish: 1679575060100278
		Duration: 512
		Return Value: 0

	Instruction
		Name: clock_gettime
		Pid: 20208
		Spid: 20208
		Status: Finished
		Start: 1679575060100410
		Finish: 1679575060100935
		Duration: 525
		Return Value: 0

	Instruction
		Name: clock_gettime
		Pid: 20208
		Spid: 20208
		Status: Finished
		Start: 1679575060101016
		Finish: 1679575060101519
		Duration: 503
		Return Value: 0

	Instruction
		Name: clock_gettime
		Pid: 20208
		Spid: 20208
		Status: Finished
		Start: 1679575060101642
		Finish: 1679575060102114
		Duration: 472
		Return Value: 0

	Instruction
		Name: clock_gettime
		Pid: 20208
		Spid: 20208
		Status: Finished
		Start: 1679575060102168
		Finish: 1679575060102732
		Duration: 564
		Return Value: 0

	Instruction
		Name: clock_gettime
		Pid: 20208
		Spid: 20208
		Status: Finished
		Start: 1679575060102898
		Finish: 1679575060103515
		Duration: 617
		Return Value: 0

	Instruction
		Name: clock_gettime
		Pid: 20208
		Spid: 20208
		Status: Finished
		Start: 1679575060103580
		Finish: 1679575060104206
		Duration: 626
		Return Value: 0

	Instruction
		Name: clock_gettime
		Pid: 20208
		Spid: 20208
		Status: Finished
		Start: 1679575060104356
		Finish: 1679575060105404
		Duration: 1048
		Return Value: 0

	Instruction
		Name: clock_gettime
		Pid: 20208
		Spid: 20208
		Status: Finished
		Start: 1679575060105500
		Finish: 1679575060106197
		Duration: 697
		Return Value: 0

	Instruction
		Name: clock_gettime
		Pid: 20208
		Spid: 20208
		Status: Finished
		Start: 1679575060106409
		Finish: 1679575060107449
		Duration: 1040
		Return Value: 0

	Instruction
		Name: clock_gettime
		Pid: 20208
		Spid: 20208
		Status: Finished
		Start: 1679575060107520
		Finish: 1679575060108258
		Duration: 738
		Return Value: 0

	Instruction
		Name: clock_gettime
		Pid: 20208
		Spid: 20208
		Status: Finished
		Start: 1679575060108449
		Finish: 1679575060108996
		Duration: 547
		Return Value: 0

	Instruction
		Name: clock_gettime
		Pid: 20208
		Spid: 20208
		Status: Finished
		Start: 1679575060109079
		Finish: 1679575060109789
		Duration: 710
		Return Value: 0

	Instruction
		Name: clock_gettime
		Pid: 20208
		Spid: 20208
		Status: Finished
		Start: 1679575060109952
		Finish: 1679575060110558
		Duration: 606
		Return Value: 0

	Instruction
		Name: clock_gettime
		Pid: 20208
		Spid: 20208
		Status: Finished
		Start: 1679575060110650
		Finish: 1679575060111249
		Duration: 599
		Return Value: 0

	Instruction
		Name: clock_gettime
		Pid: 20208
		Spid: 20208
		Status: Finished
		Start: 1679575060111430
		Finish: 1679575060112102
		Duration: 672
		Return Value: 0

	Instruction
		Name: clock_gettime
		Pid: 20208
		Spid: 20208
		Status: Finished
		Start: 1679575060112191
		Finish: 1679575060112810
		Duration: 619
		Return Value: 0

	Instruction
		Name: clock_gettime
		Pid: 20208
		Spid: 20208
		Status: Finished
		Start: 1679575060112984
		Finish: 1679575060113596
		Duration: 612
		Return Value: 0

	Instruction
		Name: clock_gettime
		Pid: 20208
		Spid: 20208
		Status: Finished
		Start: 1679575060113684
		Finish: 1679575060117588
		Duration: 3904
		Return Value: 0

	Instruction
		Name: clock_gettime
		Pid: 20208
		Spid: 20208
		Status: Finished
		Start: 1679575060117762
		Finish: 1679575060118427
		Duration: 665
		Return Value: 0

	Instruction
		Name: clock_gettime
		Pid: 20208
		Spid: 20208
		Status: Finished
		Start: 1679575060118489
		Finish: 1679575060119121
		Duration: 632
		Return Value: 0

	Instruction
		Name: clock_gettime
		Pid: 20208
		Spid: 20208
		Status: Finished
		Start: 1679575060119274
		Finish: 1679575060119861
		Duration: 587
		Return Value: 0

	Instruction
		Name: clock_gettime
		Pid: 20208
		Spid: 20208
		Status: Finished
		Start: 1679575060119950
		Finish: 1679575060120786
		Duration: 836
		Return Value: 0

	Instruction
		Name: clock_gettime
		Pid: 20208
		Spid: 20208
		Status: Finished
		Start: 1679575060120954
		Finish: 1679575060121578
		Duration: 624
		Return Value: 0

	Instruction
		Name: clock_gettime
		Pid: 20208
		Spid: 20208
		Status: Finished
		Start: 1679575060121665
		Finish: 1679575060122253
		Duration: 588
		Return Value: 0

	Instruction
		Name: clock_gettime
		Pid: 20208
		Spid: 20208
		Status: Finished
		Start: 1679575060122405
		Finish: 1679575060122982
		Duration: 577
		Return Value: 0

	Instruction
		Name: clock_gettime
		Pid: 20208
		Spid: 20208
		Status: Finished
		Start: 1679575060123046
		Finish: 1679575060123605
		Duration: 559
		Return Value: 0

	Instruction
		Name: clock_gettime
		Pid: 20208
		Spid: 20208
		Status: Finished
		Start: 1679575060124057
		Finish: 1679575060125389
		Duration: 1332
		Return Value: 0

	Instruction
		Name: clock_gettime
		Pid: 20208
		Spid: 20208
		Status: Finished
		Start: 1679575060125486
		Finish: 1679575060126088
		Duration: 602
		Return Value: 0

	Instruction
		Name: clock_gettime
		Pid: 20208
		Spid: 20208
		Status: Finished
		Start: 1679575060126246
		Finish: 1679575060126854
		Duration: 608
		Return Value: 0

	Instruction
		Name: clock_gettime
		Pid: 20208
		Spid: 20208
		Status: Finished
		Start: 1679575060127080
		Finish: 1679575060127753
		Duration: 673
		Return Value: 0

	Instruction
		Name: clock_gettime
		Pid: 20208
		Spid: 20208
		Status: Finished
		Start: 1679575060127918
		Finish: 1679575060128495
		Duration: 577
		Return Value: 0

	Instruction
		Name: clock_gettime
		Pid: 20208
		Spid: 20208
		Status: Finished
		Start: 1679575060128576
		Finish: 1679575060129131
		Duration: 555
		Return Value: 0

	Instruction
		Name: clock_gettime
		Pid: 20208
		Spid: 20208
		Status: Finished
		Start: 1679575060130498
		Finish: 1679575060131516
		Duration: 1018
		Return Value: 0

	Instruction
		Name: clock_gettime
		Pid: 20208
		Spid: 20208
		Status: Finished
		Start: 1679575060131616
		Finish: 1679575060133196
		Duration: 1580
		Return Value: 0

	Instruction
		Name: clock_gettime
		Pid: 20208
		Spid: 20208
		Status: Finished
		Start: 1679575060133415
		Finish: 1679575060134037
		Duration: 622
		Return Value: 0

	Instruction
		Name: clock_gettime
		Pid: 20208
		Spid: 20208
		Status: Finished
		Start: 1679575060134121
		Finish: 1679575060135223
		Duration: 1102
		Return Value: 0

	Instruction
		Name: clock_gettime
		Pid: 20208
		Spid: 20208
		Status: Finished
		Start: 1679575060135412
		Finish: 1679575060137025
		Duration: 1613
		Return Value: 0

	Instruction
		Name: clock_gettime
		Pid: 20208
		Spid: 20208
		Status: Finished
		Start: 1679575060137127
		Finish: 1679575060137778
		Duration: 651
		Return Value: 0

	Instruction
		Name: clock_gettime
		Pid: 20208
		Spid: 20208
		Status: Finished
		Start: 1679575060137898
		Finish: 1679575060138532
		Duration: 634
		Return Value: 0

	Instruction
		Name: clock_gettime
		Pid: 20208
		Spid: 20208
		Status: Finished
		Start: 1679575060138621
		Finish: 1679575060139204
		Duration: 583
		Return Value: 0

	Instruction
		Name: clock_gettime
		Pid: 20208
		Spid: 20208
		Status: Finished
		Start: 1679575060139349
		Finish: 1679575060139913
		Duration: 564
		Return Value: 0

	Instruction
		Name: clock_gettime
		Pid: 20208
		Spid: 20208
		Status: Finished
		Start: 1679575060140000
		Finish: 1679575060140554
		Duration: 554
		Return Value: 0

	Instruction
		Name: clock_gettime
		Pid: 20208
		Spid: 20208
		Status: Finished
		Start: 1679575060140736
		Finish: 1679575060141357
		Duration: 621
		Return Value: 0

	Instruction
		Name: clock_gettime
		Pid: 20208
		Spid: 20208
		Status: Finished
		Start: 1679575060141444
		Finish: 1679575060141999
		Duration: 555
		Return Value: 0

	Instruction
		Name: clock_gettime
		Pid: 20208
		Spid: 20208
		Status: Finished
		Start: 1679575060142163
		Finish: 1679575060142711
		Duration: 548
		Return Value: 0

	Instruction
		Name: clock_gettime
		Pid: 20208
		Spid: 20208
		Status: Finished
		Start: 1679575060142796
		Finish: 1679575060143346
		Duration: 550
		Return Value: 0

	Instruction
		Name: clock_gettime
		Pid: 20208
		Spid: 20208
		Status: Finished
		Start: 1679575060143494
		Finish: 1679575060144055
		Duration: 561
		Return Value: 0

	Instruction
		Name: clock_gettime
		Pid: 20208
		Spid: 20208
		Status: Finished
		Start: 1679575060144202
		Finish: 1679575060145248
		Duration: 1046
		Return Value: 0

	Instruction
		Name: clock_gettime
		Pid: 20208
		Spid: 20208
		Status: Finished
		Start: 1679575060145425
		Finish: 1679575060146019
		Duration: 594
		Return Value: 0

	Instruction
		Name: clock_gettime
		Pid: 20208
		Spid: 20208
		Status: Finished
		Start: 1679575060146111
		Finish: 1679575060148290
		Duration: 2179
		Return Value: 0

	Instruction
		Name: clock_gettime
		Pid: 20208
		Spid: 20208
		Status: Finished
		Start: 1679575060148444
		Finish: 1679575060149399
		Duration: 955
		Return Value: 0

	Instruction
		Name: clock_gettime
		Pid: 20208
		Spid: 20208
		Status: Finished
		Start: 1679575060149526
		Finish: 1679575060150289
		Duration: 763
		Return Value: 0

	Instruction
		Name: clock_gettime
		Pid: 20208
		Spid: 20208
		Status: Finished
		Start: 1679575060150435
		Finish: 1679575060151071
		Duration: 636
		Return Value: 0

	Instruction
		Name: clock_gettime
		Pid: 20208
		Spid: 20208
		Status: Finished
		Start: 1679575060151401
		Finish: 1679575060152065
		Duration: 664
		Return Value: 0

	Instruction
		Name: clock_gettime
		Pid: 20208
		Spid: 20208
		Status: Finished
		Start: 1679575060152203
		Finish: 1679575060152775
		Duration: 572
		Return Value: 0

	Instruction
		Name: clock_gettime
		Pid: 20208
		Spid: 20208
		Status: Finished
		Start: 1679575060152852
		Finish: 1679575060153420
		Duration: 568
		Return Value: 0

	Instruction
		Name: clock_gettime
		Pid: 20208
		Spid: 20208
		Status: Finished
		Start: 1679575060153838
		Finish: 1679575060154587
		Duration: 749
		Return Value: 0

	Instruction
		Name: clock_gettime
		Pid: 20208
		Spid: 20208
		Status: Finished
		Start: 1679575060155015
		Finish: 1679575060155678
		Duration: 663
		Return Value: 0

	Instruction
		Name: clock_gettime
		Pid: 20208
		Spid: 20208
		Status: Finished
		Start: 1679575060155744
		Finish: 1679575060156329
		Duration: 585
		Return Value: 0

	Instruction
		Name: clock_gettime
		Pid: 20208
		Spid: 20208
		Status: Finished
		Start: 1679575060156396
		Finish: 1679575060156960
		Duration: 564
		Return Value: 0

	Instruction
		Name: clock_gettime
		Pid: 20208
		Spid: 20208
		Status: Finished
		Start: 1679575060157023
		Finish: 1679575060157582
		Duration: 559
		Return Value: 0

	Instruction
		Name: clock_gettime
		Pid: 20208
		Spid: 20208
		Status: Finished
		Start: 1679575060158843
		Finish: 1679575060159545
		Duration: 702
		Return Value: 0

	Instruction
		Name: clock_gettime
		Pid: 20208
		Spid: 20208
		Status: Finished
		Start: 1679575060159619
		Finish: 1679575060160207
		Duration: 588
		Return Value: 0

	Instruction
		Name: clock_gettime
		Pid: 20208
		Spid: 20208
		Status: Finished
		Start: 1679575060160269
		Finish: 1679575060160837
		Duration: 568
		Return Value: 0

	Instruction
		Name: clock_gettime
		Pid: 20208
		Spid: 20208
		Status: Finished
		Start: 1679575060160984
		Finish: 1679575060161548
		Duration: 564
		Return Value: 0

	Instruction
		Name: clock_gettime
		Pid: 20208
		Spid: 20208
		Status: Finished
		Start: 1679575060161680
		Finish: 1679575060162291
		Duration: 611
		Return Value: 0

	Instruction
		Name: clock_gettime
		Pid: 20208
		Spid: 20208
		Status: Finished
		Start: 1679575060162436
		Finish: 1679575060163033
		Duration: 597
		Return Value: 0

	Instruction
		Name: clock_gettime
		Pid: 20208
		Spid: 20208
		Status: Finished
		Start: 1679575060163095
		Finish: 1679575060163665
		Duration: 570
		Return Value: 0

	Instruction
		Name: clock_gettime
		Pid: 20208
		Spid: 20208
		Status: Finished
		Start: 1679575060163776
		Finish: 1679575060164328
		Duration: 552
		Return Value: 0

	Instruction
		Name: clock_gettime
		Pid: 20208
		Spid: 20208
		Status: Finished
		Start: 1679575060164415
		Finish: 1679575060165899
		Duration: 1484
		Return Value: 0

	Instruction
		Name: clock_gettime
		Pid: 20208
		Spid: 20208
		Status: Finished
		Start: 1679575060166037
		Finish: 1679575060166808
		Duration: 771
		Return Value: 0

	Instruction
		Name: clock_gettime
		Pid: 20208
		Spid: 20208
		Status: Finished
		Start: 1679575060166900
		Finish: 1679575060167630
		Duration: 730
		Return Value: 0

	Instruction
		Name: clock_gettime
		Pid: 20208
		Spid: 20208
		Status: Finished
		Start: 1679575060167738
		Finish: 1679575060168324
		Duration: 586
		Return Value: 0

	Instruction
		Name: clock_gettime
		Pid: 20208
		Spid: 20208
		Status: Finished
		Start: 1679575060168424
		Finish: 1679575060169029
		Duration: 605
		Return Value: 0

	Instruction
		Name: clock_gettime
		Pid: 20208
		Spid: 20208
		Status: Finished
		Start: 1679575060169179
		Finish: 1679575060169752
		Duration: 573
		Return Value: 0

	Instruction
		Name: clock_gettime
		Pid: 20208
		Spid: 20208
		Status: Finished
		Start: 1679575060169827
		Finish: 1679575060170461
		Duration: 634
		Return Value: 0

	Instruction
		Name: clock_gettime
		Pid: 20208
		Spid: 20208
		Status: Finished
		Start: 1679575060170907
		Finish: 1679575060173605
		Duration: 2698
		Return Value: 0

	Instruction
		Name: clock_gettime
		Pid: 20208
		Spid: 20208
		Status: Finished
		Start: 1679575060173707
		Finish: 1679575060174342
		Duration: 635
		Return Value: 0

	Instruction
		Name: clock_gettime
		Pid: 20208
		Spid: 20208
		Status: Finished
		Start: 1679575060174411
		Finish: 1679575060175302
		Duration: 891
		Return Value: 0

	Instruction
		Name: clock_gettime
		Pid: 20208
		Spid: 20208
		Status: Finished
		Start: 1679575060175379
		Finish: 1679575060175985
		Duration: 606
		Return Value: 0

	Instruction
		Name: clock_gettime
		Pid: 20208
		Spid: 20208
		Status: Finished
		Start: 1679575060176055
		Finish: 1679575060176687
		Duration: 632
		Return Value: 0

LIST OF ALL NOT TERMINATED INSTRUCTIONS

	Instruction
		Name: clock_gettime
		Pid: 20135
		Spid: 20135
		Status: Executing
		Start: 1679575010862287

