
LIST OF ALL SENSOR TEXT RECORDS

	Sensor record
		Azimuth value: north
		Pitch value: north
		Roll value: north
		Start timestamp: 1682253888403
		Finish timestamp: 1682253889189

	Sensor record
		Azimuth value: north
		Pitch value: east
		Roll value: north
		Start timestamp: 1682253889190
		Finish timestamp: 1682253889631

	Sensor record
		Azimuth value: north
		Pitch value: north
		Roll value: north
		Start timestamp: 1682253889632
		Finish timestamp: 1682253889911

	Sensor record
		Azimuth value: north
		Pitch value: east
		Roll value: north
		Start timestamp: 1682253889912
		Finish timestamp: 1682253891123

	Sensor record
		Azimuth value: north
		Pitch value: north
		Roll value: north
		Start timestamp: 1682253891124
		Finish timestamp: 1682253891423

	Sensor record
		Azimuth value: east
		Pitch value: north
		Roll value: north
		Start timestamp: 1682253891424
		Finish timestamp: 1682253891927

	Sensor record
		Azimuth value: north
		Pitch value: north
		Roll value: north
		Start timestamp: 1682253891928
		Finish timestamp: 1682253892131

	Sensor record
		Azimuth value: north
		Pitch value: north
		Roll value: west
		Start timestamp: 1682253892132
		Finish timestamp: 1682253892725

	Sensor record
		Azimuth value: north
		Pitch value: east
		Roll value: north
		Start timestamp: 1682253892726
		Finish timestamp: 1682253893420

	Sensor record
		Azimuth value: east
		Pitch value: northeast
		Roll value: north
		Start timestamp: 1682253893421
		Finish timestamp: 1682253893626

	Sensor record
		Azimuth value: north
		Pitch value: east
		Roll value: north
		Start timestamp: 1682253893627
		Finish timestamp: 1682253894429

	Sensor record
		Azimuth value: north
		Pitch value: northeast
		Roll value: north
		Start timestamp: 1682253894430
		Finish timestamp: 1682253894630

	Sensor record
		Azimuth value: north
		Pitch value: east
		Roll value: north
		Start timestamp: 1682253894631
		Finish timestamp: 1682253895113

	Sensor record
		Azimuth value: north
		Pitch value: east
		Roll value: east
		Start timestamp: 1682253895114
		Finish timestamp: 1682253895620

	Sensor record
		Azimuth value: east
		Pitch value: north
		Roll value: south
		Start timestamp: 1682253895621
		Finish timestamp: 1682253895728

	Sensor record
		Azimuth value: east
		Pitch value: north
		Roll value: west
		Start timestamp: 1682253895729
		Finish timestamp: 1682253895922

	Sensor record
		Azimuth value: east
		Pitch value: north
		Roll value: south
		Start timestamp: 1682253895923
		Finish timestamp: 1682253896124

	Sensor record
		Azimuth value: east
		Pitch value: north
		Roll value: east
		Start timestamp: 1682253896125
		Finish timestamp: 1682253896627

	Sensor record
		Azimuth value: east
		Pitch value: east
		Roll value: north
		Start timestamp: 1682253896628
		Finish timestamp: 1682253896727

	Sensor record
		Azimuth value: east
		Pitch value: northeast
		Roll value: north
		Start timestamp: 1682253896728
		Finish timestamp: 1682253896934

	Sensor record
		Azimuth value: east
		Pitch value: north
		Roll value: north
		Start timestamp: 1682253896935
		Finish timestamp: 1682253897131

	Sensor record
		Azimuth value: north
		Pitch value: north
		Roll value: north
		Start timestamp: 1682253897132
		Finish timestamp: 1682253897414

	Sensor record
		Azimuth value: east
		Pitch value: east
		Roll value: north
		Start timestamp: 1682253897415
		Finish timestamp: 1682253897918

	Sensor record
		Azimuth value: east
		Pitch value: east
		Roll value: east
		Start timestamp: 1682253897919
		Finish timestamp: 1682253898622

	Sensor record
		Azimuth value: east
		Pitch value: north
		Roll value: south
		Start timestamp: 1682253898623
		Finish timestamp: 1682253898725

	Sensor record
		Azimuth value: south
		Pitch value: north
		Roll value: west
		Start timestamp: 1682253898726
		Finish timestamp: 1682253898934

	Sensor record
		Azimuth value: west
		Pitch value: north
		Roll value: west
		Start timestamp: 1682253898935
		Finish timestamp: 1682253899130

	Sensor record
		Azimuth value: west
		Pitch value: north
		Roll value: north
		Start timestamp: 1682253899131
		Finish timestamp: 1682253899415

	Sensor record
		Azimuth value: north
		Pitch value: north
		Roll value: east
		Start timestamp: 1682253899416
		Finish timestamp: 1682253899613

	Sensor record
		Azimuth value: east
		Pitch value: north
		Roll value: east
		Start timestamp: 1682253899614
		Finish timestamp: 1682253899725

	Sensor record
		Azimuth value: east
		Pitch value: east
		Roll value: north
		Start timestamp: 1682253899726
		Finish timestamp: 1682253900627

	Sensor record
		Azimuth value: north
		Pitch value: east
		Roll value: north
		Start timestamp: 1682253900628
		Finish timestamp: 1682253900925

	Sensor record
		Azimuth value: north
		Pitch value: north
		Roll value: north
		Start timestamp: 1682253900926
		Finish timestamp: 1682253901629

	Sensor record
		Azimuth value: north
		Pitch value: east
		Roll value: north
		Start timestamp: 1682253901630
		Finish timestamp: 1682253901724

	Sensor record
		Azimuth value: east
		Pitch value: east
		Roll value: north
		Start timestamp: 1682253901725
		Finish timestamp: 1682253901910

	Sensor record
		Azimuth value: north
		Pitch value: east
		Roll value: north
		Start timestamp: 1682253901911
		Finish timestamp: 1682253902112

	Sensor record
		Azimuth value: east
		Pitch value: east
		Roll value: east
		Start timestamp: 1682253902113
		Finish timestamp: 1682253902731

	Sensor record
		Azimuth value: south
		Pitch value: east
		Roll value: west
		Start timestamp: 1682253902732
		Finish timestamp: 1682253903122

	Sensor record
		Azimuth value: south
		Pitch value: west
		Roll value: south
		Start timestamp: 1682253903123
		Finish timestamp: 1682253903424

	Sensor record
		Azimuth value: east
		Pitch value: west
		Roll value: east
		Start timestamp: 1682253903425
		Finish timestamp: 1682253903926

	Sensor record
		Azimuth value: north
		Pitch value: west
		Roll value: east
		Start timestamp: 1682253903927
		Finish timestamp: 1682253904128

	Sensor record
		Azimuth value: south
		Pitch value: west
		Roll value: west
		Start timestamp: 1682253904129
		Finish timestamp: 1682253904413

	Sensor record
		Azimuth value: south
		Pitch value: northwest
		Roll value: south
		Start timestamp: 1682253904414
		Finish timestamp: 1682253904612

	Sensor record
		Azimuth value: south
		Pitch value: west
		Roll value: south
		Start timestamp: 1682253904613
		Finish timestamp: 1682253904917

	Sensor record
		Azimuth value: east
		Pitch value: west
		Roll value: south
		Start timestamp: 1682253904918
		Finish timestamp: 1682253905116

	Sensor record
		Azimuth value: east
		Pitch value: west
		Roll value: east
		Start timestamp: 1682253905117
		Finish timestamp: 1682253907232

	Sensor record
		Azimuth value: north
		Pitch value: west
		Roll value: east
		Start timestamp: 1682253907233
		Finish timestamp: 1682253907415

	Sensor record
		Azimuth value: south
		Pitch value: north
		Roll value: south
		Start timestamp: 1682253907416
		Finish timestamp: 1682253907618

	Sensor record
		Azimuth value: south
		Pitch value: north
		Roll value: west
		Start timestamp: 1682253907619
		Finish timestamp: 1682253907921

	Sensor record
		Azimuth value: south
		Pitch value: north
		Roll value: southwest
		Start timestamp: 1682253907922
		Finish timestamp: 1682253908124

	Sensor record
		Azimuth value: south
		Pitch value: north
		Roll value: south
		Start timestamp: 1682253908125
		Finish timestamp: 1682253908224

	Sensor record
		Azimuth value: east
		Pitch value: north
		Roll value: south
		Start timestamp: 1682253908225
		Finish timestamp: 1682253908428

	Sensor record
		Azimuth value: east
		Pitch value: north
		Roll value: east
		Start timestamp: 1682253908429
		Finish timestamp: 1682253908625

	Sensor record
		Azimuth value: east
		Pitch value: east
		Roll value: north
		Start timestamp: 1682253908626
		Finish timestamp: 1682253935427

	Sensor record
		Azimuth value: east
		Pitch value: north
		Roll value: north
		Start timestamp: 1682253935428
		Finish timestamp: 1682253935629

	Sensor record
		Azimuth value: east
		Pitch value: east
		Roll value: north
		Start timestamp: 1682253935630
		Finish timestamp: 1682253936702

	Sensor record
		Azimuth value: east
		Pitch value: north
		Roll value: north
		Start timestamp: 1682253936703
		Finish timestamp: 1682253936788

	Sensor record
		Azimuth value: south
		Pitch value: north
		Roll value: north
		Start timestamp: 1682253936789
		Finish timestamp: 1682253936939

	Sensor record
		Azimuth value: south
		Pitch value: north
		Roll value: east
		Start timestamp: 1682253936940
		Finish timestamp: 1682253937740

	Sensor record
		Azimuth value: east
		Pitch value: north
		Roll value: north
		Start timestamp: 1682253937741
		Finish timestamp: 1682253938130

	Sensor record
		Azimuth value: east
		Pitch value: north
		Roll value: west
		Start timestamp: 1682253938131
		Finish timestamp: 1682253938742

	Sensor record
		Azimuth value: east
		Pitch value: east
		Roll value: north
		Start timestamp: 1682253938743
		Finish timestamp: 1682253940431

	Sensor record
		Azimuth value: north
		Pitch value: north
		Roll value: north
		Start timestamp: 1682253940432
		Finish timestamp: 1682253940631

	Sensor record
		Azimuth value: east
		Pitch value: north
		Roll value: east
		Start timestamp: 1682253940632
		Finish timestamp: 1682253941640

	Sensor record
		Azimuth value: north
		Pitch value: north
		Roll value: east
		Start timestamp: 1682253941641
		Finish timestamp: 1682253941949

	Sensor record
		Azimuth value: south
		Pitch value: north
		Roll value: west
		Start timestamp: 1682253941950
		Finish timestamp: 1682253942247

	Sensor record
		Azimuth value: south
		Pitch value: west
		Roll value: south
		Start timestamp: 1682253942248
		Finish timestamp: 1682253942426

	Sensor record
		Azimuth value: east
		Pitch value: northwest
		Roll value: south
		Start timestamp: 1682253942427
		Finish timestamp: 1682253942628

	Sensor record
		Azimuth value: east
		Pitch value: northwest
		Roll value: east
		Start timestamp: 1682253942629
		Finish timestamp: 1682253942931

	Sensor record
		Azimuth value: east
		Pitch value: east
		Roll value: north
		Start timestamp: 1682253942932
		Finish timestamp: 1682253943436

	Sensor record
		Azimuth value: northeast
		Pitch value: east
		Roll value: north
		Start timestamp: 1682253943437
		Finish timestamp: 1682253943636

	Sensor record
		Azimuth value: east
		Pitch value: east
		Roll value: north
		Start timestamp: 1682253943637
		Finish timestamp: 1682253944154

	Sensor record
		Azimuth value: north
		Pitch value: east
		Roll value: north
		Start timestamp: 1682253944155
		Finish timestamp: 1682253945432

	Sensor record
		Azimuth value: east
		Pitch value: east
		Roll value: north
		Start timestamp: 1682253945433
		Finish timestamp: 1682253945632

	Sensor record
		Azimuth value: north
		Pitch value: east
		Roll value: north
		Start timestamp: 1682253945633

