
LIST OF ALL SENSOR NUMBER RECORDS

	Sensor record
		Azimuth value: 0
		Pitch value: 2
		Roll value: 0
		Start timestamp: 1684058667715
		Finish timestamp: 1684058667761

	Sensor record
		Azimuth value: 359
		Pitch value: 2
		Roll value: 0
		Start timestamp: 1684058667762
		Finish timestamp: 1684058668038

	Sensor record
		Azimuth value: 0
		Pitch value: 2
		Roll value: 359
		Start timestamp: 1684058668039
		Finish timestamp: 1684058671396

	Sensor record
		Azimuth value: 359
		Pitch value: 2
		Roll value: 0
		Start timestamp: 1684058671397
		Finish timestamp: 1684058671617

	Sensor record
		Azimuth value: 0
		Pitch value: 2
		Roll value: 359
		Start timestamp: 1684058671618
		Finish timestamp: 1684058671776

	Sensor record
		Azimuth value: 359
		Pitch value: 2
		Roll value: 0
		Start timestamp: 1684058671777
		Finish timestamp: 1684058672587

	Sensor record
		Azimuth value: 0
		Pitch value: 2
		Roll value: 359
		Start timestamp: 1684058672588
		Finish timestamp: 1684058673400

	Sensor record
		Azimuth value: 359
		Pitch value: 2
		Roll value: 0
		Start timestamp: 1684058673401
		Finish timestamp: 1684058673593

	Sensor record
		Azimuth value: 0
		Pitch value: 2
		Roll value: 359
		Start timestamp: 1684058673594
		Finish timestamp: 1684058675607

	Sensor record
		Azimuth value: 0
		Pitch value: 5
		Roll value: 17
		Start timestamp: 1684058675608
		Finish timestamp: 1684058675811

	Sensor record
		Azimuth value: 14
		Pitch value: 0
		Roll value: 31
		Start timestamp: 1684058675812
		Finish timestamp: 1684058675812

	Sensor record
		Azimuth value: 15
		Pitch value: -43
		Roll value: 34
		Start timestamp: 1684058675813
		Finish timestamp: 1684058676011

	Sensor record
		Azimuth value: 6
		Pitch value: -54
		Roll value: 9
		Start timestamp: 1684058676012
		Finish timestamp: 1684058676213

	Sensor record
		Azimuth value: 338
		Pitch value: -50
		Roll value: 331
		Start timestamp: 1684058676214
		Finish timestamp: 1684058676414

	Sensor record
		Azimuth value: 333
		Pitch value: -33
		Roll value: 322
		Start timestamp: 1684058676415
		Finish timestamp: 1684058676618

	Sensor record
		Azimuth value: 336
		Pitch value: -20
		Roll value: 335
		Start timestamp: 1684058676619
		Finish timestamp: 1684058676621

	Sensor record
		Azimuth value: 336
		Pitch value: -20
		Roll value: 354
		Start timestamp: 1684058676622
		Finish timestamp: 1684058676822

	Sensor record
		Azimuth value: 334
		Pitch value: -22
		Roll value: 9
		Start timestamp: 1684058676823
		Finish timestamp: 1684058677023

	Sensor record
		Azimuth value: 332
		Pitch value: -22
		Roll value: 14
		Start timestamp: 1684058677024
		Finish timestamp: 1684058677224

	Sensor record
		Azimuth value: 335
		Pitch value: -19
		Roll value: 15
		Start timestamp: 1684058677225
		Finish timestamp: 1684058677424

	Sensor record
		Azimuth value: 346
		Pitch value: -15
		Roll value: 20
		Start timestamp: 1684058677425
		Finish timestamp: 1684058677425

	Sensor record
		Azimuth value: 352
		Pitch value: -2
		Roll value: 28
		Start timestamp: 1684058677426
		Finish timestamp: 1684058677626

	Sensor record
		Azimuth value: 358
		Pitch value: 6
		Roll value: 31
		Start timestamp: 1684058677627
		Finish timestamp: 1684058677827

	Sensor record
		Azimuth value: 0
		Pitch value: 0
		Roll value: 30
		Start timestamp: 1684058677828
		Finish timestamp: 1684058678030

	Sensor record
		Azimuth value: 0
		Pitch value: -4
		Roll value: 28
		Start timestamp: 1684058678031
		Finish timestamp: 1684058678231

	Sensor record
		Azimuth value: 4
		Pitch value: 0
		Roll value: 28
		Start timestamp: 1684058678232
		Finish timestamp: 1684058678232

	Sensor record
		Azimuth value: 5
		Pitch value: 0
		Roll value: 33
		Start timestamp: 1684058678233
		Finish timestamp: 1684058678434

	Sensor record
		Azimuth value: 7
		Pitch value: 0
		Roll value: 39
		Start timestamp: 1684058678435
		Finish timestamp: 1684058678636

	Sensor record
		Azimuth value: 6
		Pitch value: 2
		Roll value: 36
		Start timestamp: 1684058678637
		Finish timestamp: 1684058678837

	Sensor record
		Azimuth value: 7
		Pitch value: 2
		Roll value: 20
		Start timestamp: 1684058678838
		Finish timestamp: 1684058679038

	Sensor record
		Azimuth value: 6
		Pitch value: 2
		Roll value: 14
		Start timestamp: 1684058679039
		Finish timestamp: 1684058679040

	Sensor record
		Azimuth value: 5
		Pitch value: 2
		Roll value: 13
		Start timestamp: 1684058679041
		Finish timestamp: 1684058679504

	Sensor record
		Azimuth value: 5
		Pitch value: 2
		Roll value: 12
		Start timestamp: 1684058679505
		Finish timestamp: 1684058679504

	Sensor record
		Azimuth value: 6
		Pitch value: 1
		Roll value: 5
		Start timestamp: 1684058679505
		Finish timestamp: 1684058679544

	Sensor record
		Azimuth value: 4
		Pitch value: 1
		Roll value: 5
		Start timestamp: 1684058679545
		Finish timestamp: 1684058680230

	Sensor record
		Azimuth value: 4
		Pitch value: 1
		Roll value: 4
		Start timestamp: 1684058680231
		Finish timestamp: 1684058680437

	Sensor record
		Azimuth value: 4
		Pitch value: 1
		Roll value: 3
		Start timestamp: 1684058680438
		Finish timestamp: 1684058680547

	Sensor record
		Azimuth value: 4
		Pitch value: 2
		Roll value: 2
		Start timestamp: 1684058680548
		Finish timestamp: 1684058680734

	Sensor record
		Azimuth value: 4
		Pitch value: 2
		Roll value: 1
		Start timestamp: 1684058680735
		Finish timestamp: 1684058680937

	Sensor record
		Azimuth value: 4
		Pitch value: 2
		Roll value: 0
		Start timestamp: 1684058680938
		Finish timestamp: 1684058685738

	Sensor record
		Azimuth value: 2
		Pitch value: 2
		Roll value: 0
		Start timestamp: 1684058685739
		Finish timestamp: 1684058695941

	Sensor record
		Azimuth value: 2
		Pitch value: 2
		Roll value: 359
		Start timestamp: 1684058695942
		Finish timestamp: 1684058696242

	Sensor record
		Azimuth value: 4
		Pitch value: 6
		Roll value: 8
		Start timestamp: 1684058696243
		Finish timestamp: 1684058696445

	Sensor record
		Azimuth value: 21
		Pitch value: 3
		Roll value: 8
		Start timestamp: 1684058696446
		Finish timestamp: 1684058696544

	Sensor record
		Azimuth value: 358
		Pitch value: -28
		Roll value: 332
		Start timestamp: 1684058696545
		Finish timestamp: 1684058696729

	Sensor record
		Azimuth value: 356
		Pitch value: -27
		Roll value: 317
		Start timestamp: 1684058696730
		Finish timestamp: 1684058696930

	Sensor record
		Azimuth value: 343
		Pitch value: -20
		Roll value: 324
		Start timestamp: 1684058696931
		Finish timestamp: 1684058697233

	Sensor record
		Azimuth value: 340
		Pitch value: -17
		Roll value: 335
		Start timestamp: 1684058697234
		Finish timestamp: 1684058697432

	Sensor record
		Azimuth value: 331
		Pitch value: -14
		Roll value: 352
		Start timestamp: 1684058697433
		Finish timestamp: 1684058697545

	Sensor record
		Azimuth value: 329
		Pitch value: -25
		Roll value: 353
		Start timestamp: 1684058697546
		Finish timestamp: 1684058697736

	Sensor record
		Azimuth value: 339
		Pitch value: -23
		Roll value: 1
		Start timestamp: 1684058697737
		Finish timestamp: 1684058697937

	Sensor record
		Azimuth value: 344
		Pitch value: -32
		Roll value: 1
		Start timestamp: 1684058697938
		Finish timestamp: 1684058698240

	Sensor record
		Azimuth value: 350
		Pitch value: -40
		Roll value: 0
		Start timestamp: 1684058698241
		Finish timestamp: 1684058698451

	Sensor record
		Azimuth value: 347
		Pitch value: -44
		Roll value: 352
		Start timestamp: 1684058698452
		Finish timestamp: 1684058698649

	Sensor record
		Azimuth value: 350
		Pitch value: -43
		Roll value: 347
		Start timestamp: 1684058698650
		Finish timestamp: 1684058698744

	Sensor record
		Azimuth value: 356
		Pitch value: -40
		Roll value: 349
		Start timestamp: 1684058698745
		Finish timestamp: 1684058698947

	Sensor record
		Azimuth value: 357
		Pitch value: -36
		Roll value: 352
		Start timestamp: 1684058698948
		Finish timestamp: 1684058699234

	Sensor record
		Azimuth value: 356
		Pitch value: -35
		Roll value: 357
		Start timestamp: 1684058699235
		Finish timestamp: 1684058699429

	Sensor record
		Azimuth value: 354
		Pitch value: -30
		Roll value: 1
		Start timestamp: 1684058699430
		Finish timestamp: 1684058699543

	Sensor record
		Azimuth value: 352
		Pitch value: -14
		Roll value: 10
		Start timestamp: 1684058699544
		Finish timestamp: 1684058699738

	Sensor record
		Azimuth value: 347
		Pitch value: -16
		Roll value: 10
		Start timestamp: 1684058699739
		Finish timestamp: 1684058699935

	Sensor record
		Azimuth value: 338
		Pitch value: -29
		Roll value: 358
		Start timestamp: 1684058699936
		Finish timestamp: 1684058700241

	Sensor record
		Azimuth value: 354
		Pitch value: -32
		Roll value: 359
		Start timestamp: 1684058700242
		Finish timestamp: 1684058701491

	Sensor record
		Azimuth value: 90
		Pitch value: 0
		Roll value: 359
		Start timestamp: 1684058701492
		Finish timestamp: 1684058701733

	Sensor record
		Azimuth value: 351
		Pitch value: -25
		Roll value: 352
		Start timestamp: 1684058701734
		Finish timestamp: 1684058701934

	Sensor record
		Azimuth value: 351
		Pitch value: -26
		Roll value: 352
		Start timestamp: 1684058701935
		Finish timestamp: 1684058702239

	Sensor record
		Azimuth value: 352
		Pitch value: -24
		Roll value: 353
		Start timestamp: 1684058702240
		Finish timestamp: 1684058702438

	Sensor record
		Azimuth value: 354
		Pitch value: -18
		Roll value: 357
		Start timestamp: 1684058702439
		Finish timestamp: 1684058702544

	Sensor record
		Azimuth value: 354
		Pitch value: -14
		Roll value: 0
		Start timestamp: 1684058702545
		Finish timestamp: 1684058702742

	Sensor record
		Azimuth value: 358
		Pitch value: -10
		Roll value: 2
		Start timestamp: 1684058702743
		Finish timestamp: 1684058702942

	Sensor record
		Azimuth value: 359
		Pitch value: -13
		Roll value: 3
		Start timestamp: 1684058702943
		Finish timestamp: 1684058703455

	Sensor record
		Azimuth value: 359
		Pitch value: -14
		Roll value: 7
		Start timestamp: 1684058703456
		Finish timestamp: 1684058703458

	Sensor record
		Azimuth value: 0
		Pitch value: -12
		Roll value: 8
		Start timestamp: 1684058703459
		Finish timestamp: 1684058703548

	Sensor record
		Azimuth value: 1
		Pitch value: -14
		Roll value: 6
		Start timestamp: 1684058703549
		Finish timestamp: 1684058703750

	Sensor record
		Azimuth value: 4
		Pitch value: -15
		Roll value: 6
		Start timestamp: 1684058703751
		Finish timestamp: 1684058703954

	Sensor record
		Azimuth value: 4
		Pitch value: -15
		Roll value: 5
		Start timestamp: 1684058703955
		Finish timestamp: 1684058704234

	Sensor record
		Azimuth value: 5
		Pitch value: -15
		Roll value: 6
		Start timestamp: 1684058704235
		Finish timestamp: 1684058704436

	Sensor record
		Azimuth value: 5
		Pitch value: -14
		Roll value: 6
		Start timestamp: 1684058704437
		Finish timestamp: 1684058704547

	Sensor record
		Azimuth value: 5
		Pitch value: -12
		Roll value: 5
		Start timestamp: 1684058704548
		Finish timestamp: 1684058704738

	Sensor record
		Azimuth value: 6
		Pitch value: -11
		Roll value: 6
		Start timestamp: 1684058704739
		Finish timestamp: 1684058704939

	Sensor record
		Azimuth value: 6
		Pitch value: -11
		Roll value: 7
		Start timestamp: 1684058704940
		Finish timestamp: 1684058705243

	Sensor record
		Azimuth value: 6
		Pitch value: -12
		Roll value: 7
		Start timestamp: 1684058705244
		Finish timestamp: 1684058705448

	Sensor record
		Azimuth value: 6
		Pitch value: -9
		Roll value: 6
		Start timestamp: 1684058705449
		Finish timestamp: 1684058705544

	Sensor record
		Azimuth value: 7
		Pitch value: -10
		Roll value: 7
		Start timestamp: 1684058705545
		Finish timestamp: 1684058705746

	Sensor record
		Azimuth value: 7
		Pitch value: -13
		Roll value: 7
		Start timestamp: 1684058705747
		Finish timestamp: 1684058705950

	Sensor record
		Azimuth value: 7
		Pitch value: -12
		Roll value: 4
		Start timestamp: 1684058705951
		Finish timestamp: 1684058706231

	Sensor record
		Azimuth value: 12
		Pitch value: -12
		Roll value: 4
		Start timestamp: 1684058706232
		Finish timestamp: 1684058706434

	Sensor record
		Azimuth value: 11
		Pitch value: -12
		Roll value: 4
		Start timestamp: 1684058706435
		Finish timestamp: 1684058706545

	Sensor record
		Azimuth value: 10
		Pitch value: -14
		Roll value: 6
		Start timestamp: 1684058706546
		Finish timestamp: 1684058706734

	Sensor record
		Azimuth value: 8
		Pitch value: -12
		Roll value: 3
		Start timestamp: 1684058706735
		Finish timestamp: 1684058707239

	Sensor record
		Azimuth value: 8
		Pitch value: -13
		Roll value: 2
		Start timestamp: 1684058707240
		Finish timestamp: 1684058707442

	Sensor record
		Azimuth value: 8
		Pitch value: -13
		Roll value: 4
		Start timestamp: 1684058707443
		Finish timestamp: 1684058707545

	Sensor record
		Azimuth value: 7
		Pitch value: -12
		Roll value: 4
		Start timestamp: 1684058707546
		Finish timestamp: 1684058708103

	Sensor record
		Azimuth value: 6
		Pitch value: -14
		Roll value: 1
		Start timestamp: 1684058708104
		Finish timestamp: 1684058708253

	Sensor record
		Azimuth value: 8
		Pitch value: -13
		Roll value: 2
		Start timestamp: 1684058708254
		Finish timestamp: 1684058708454

	Sensor record
		Azimuth value: 9
		Pitch value: -13
		Roll value: 2
		Start timestamp: 1684058708455
		Finish timestamp: 1684058708544

	Sensor record
		Azimuth value: 8
		Pitch value: -14
		Roll value: 0
		Start timestamp: 1684058708545
		Finish timestamp: 1684058708931

	Sensor record
		Azimuth value: 7
		Pitch value: -22
		Roll value: 356
		Start timestamp: 1684058708932
		Finish timestamp: 1684058709233

	Sensor record
		Azimuth value: 4
		Pitch value: -36
		Roll value: 352
		Start timestamp: 1684058709234
		Finish timestamp: 1684058709434

	Sensor record
		Azimuth value: 344
		Pitch value: -38
		Roll value: 328
		Start timestamp: 1684058709435
		Finish timestamp: 1684058709545

	Sensor record
		Azimuth value: 337
		Pitch value: -30
		Roll value: 328
		Start timestamp: 1684058709546
		Finish timestamp: 1684058709843

	Sensor record
		Azimuth value: 330
		Pitch value: -31
		Roll value: 325
		Start timestamp: 1684058709844
		Finish timestamp: 1684058709939

	Sensor record
		Azimuth value: 335
		Pitch value: -30
		Roll value: 328
		Start timestamp: 1684058709940
		Finish timestamp: 1684058710241

	Sensor record
		Azimuth value: 341
		Pitch value: -27
		Roll value: 336
		Start timestamp: 1684058710242
		Finish timestamp: 1684058710446

	Sensor record
		Azimuth value: 347
		Pitch value: -26
		Roll value: 345
		Start timestamp: 1684058710447
		Finish timestamp: 1684058710543

	Sensor record
		Azimuth value: 355
		Pitch value: -20
		Roll value: 357
		Start timestamp: 1684058710544
		Finish timestamp: 1684058710726

	Sensor record
		Azimuth value: 359
		Pitch value: -18
		Roll value: 4
		Start timestamp: 1684058710727
		Finish timestamp: 1684058711057

	Sensor record
		Azimuth value: 0
		Pitch value: -16
		Roll value: 10
		Start timestamp: 1684058711058
		Finish timestamp: 1684058711230

	Sensor record
		Azimuth value: 358
		Pitch value: -17
		Roll value: 10
		Start timestamp: 1684058711231
		Finish timestamp: 1684058711432

	Sensor record
		Azimuth value: 357
		Pitch value: -17
		Roll value: 9
		Start timestamp: 1684058711433
		Finish timestamp: 1684058711544

	Sensor record
		Azimuth value: 357
		Pitch value: -19
		Roll value: 8
		Start timestamp: 1684058711545
		Finish timestamp: 1684058711735

	Sensor record
		Azimuth value: 356
		Pitch value: -18
		Roll value: 5
		Start timestamp: 1684058711736
		Finish timestamp: 1684058711938

	Sensor record
		Azimuth value: 354
		Pitch value: -17
		Roll value: 359
		Start timestamp: 1684058711939
		Finish timestamp: 1684058712238

	Sensor record
		Azimuth value: 351
		Pitch value: -16
		Roll value: 354
		Start timestamp: 1684058712239
		Finish timestamp: 1684058712440

	Sensor record
		Azimuth value: 351
		Pitch value: -15
		Roll value: 353
		Start timestamp: 1684058712441
		Finish timestamp: 1684058712544

	Sensor record
		Azimuth value: 352
		Pitch value: -14
		Roll value: 354
		Start timestamp: 1684058712545
		Finish timestamp: 1684058712743

	Sensor record
		Azimuth value: 353
		Pitch value: -14
		Roll value: 355
		Start timestamp: 1684058712744
		Finish timestamp: 1684058712945

	Sensor record
		Azimuth value: 356
		Pitch value: -15
		Roll value: 357
		Start timestamp: 1684058712946
		Finish timestamp: 1684058713230

	Sensor record
		Azimuth value: 359
		Pitch value: -16
		Roll value: 358
		Start timestamp: 1684058713231
		Finish timestamp: 1684058713431

	Sensor record
		Azimuth value: 1
		Pitch value: -15
		Roll value: 0
		Start timestamp: 1684058713432
		Finish timestamp: 1684058713734

	Sensor record
		Azimuth value: 2
		Pitch value: -14
		Roll value: 0
		Start timestamp: 1684058713735
		Finish timestamp: 1684058713939

	Sensor record
		Azimuth value: 1
		Pitch value: -14
		Roll value: 0
		Start timestamp: 1684058713940
		Finish timestamp: 1684058714239

	Sensor record
		Azimuth value: 2
		Pitch value: -14
		Roll value: 0
		Start timestamp: 1684058714240
		Finish timestamp: 1684058714742

	Sensor record
		Azimuth value: 2
		Pitch value: -15
		Roll value: 0
		Start timestamp: 1684058714743
		Finish timestamp: 1684058714946

	Sensor record
		Azimuth value: 2
		Pitch value: -15
		Roll value: 1
		Start timestamp: 1684058714947
		Finish timestamp: 1684058715045

	Sensor record
		Azimuth value: 2
		Pitch value: -16
		Roll value: 1
		Start timestamp: 1684058715046
		Finish timestamp: 1684058715247

	Sensor record
		Azimuth value: 3
		Pitch value: -16
		Roll value: 1
		Start timestamp: 1684058715248
		Finish timestamp: 1684058715448

	Sensor record
		Azimuth value: 3
		Pitch value: -16
		Roll value: 2
		Start timestamp: 1684058715449
		Finish timestamp: 1684058715731

	Sensor record
		Azimuth value: 4
		Pitch value: -18
		Roll value: 3
		Start timestamp: 1684058715732
		Finish timestamp: 1684058716031

	Sensor record
		Azimuth value: 4
		Pitch value: -17
		Roll value: 3
		Start timestamp: 1684058716032
		Finish timestamp: 1684058716057

	Sensor record
		Azimuth value: 5
		Pitch value: -17
		Roll value: 4
		Start timestamp: 1684058716058
		Finish timestamp: 1684058716237

	Sensor record
		Azimuth value: 5
		Pitch value: -15
		Roll value: 5
		Start timestamp: 1684058716238
		Finish timestamp: 1684058716438

	Sensor record
		Azimuth value: 8
		Pitch value: -11
		Roll value: 19
		Start timestamp: 1684058716439
		Finish timestamp: 1684058716740

	Sensor record
		Azimuth value: 11
		Pitch value: -1
		Roll value: 23
		Start timestamp: 1684058716741
		Finish timestamp: 1684058716941

	Sensor record
		Azimuth value: 16
		Pitch value: 3
		Roll value: 17
		Start timestamp: 1684058716942
		Finish timestamp: 1684058717044

	Sensor record
		Azimuth value: 24
		Pitch value: 3
		Roll value: 5
		Start timestamp: 1684058717045
		Finish timestamp: 1684058717243

	Sensor record
		Azimuth value: 25
		Pitch value: 2
		Roll value: 358
		Start timestamp: 1684058717244
		Finish timestamp: 1684058717445

	Sensor record
		Azimuth value: 23
		Pitch value: 2
		Roll value: 358
		Start timestamp: 1684058717446
		Finish timestamp: 1684058718045

	Sensor record
		Azimuth value: 23
		Pitch value: 2
		Roll value: 359
		Start timestamp: 1684058718046
		Finish timestamp: 1684058719047

	Sensor record
		Azimuth value: 23
		Pitch value: 2
		Roll value: 0
		Start timestamp: 1684058719048

