
ANALYSIS OF ALL INSTRUCTIONS

	Instruction
		Name: clock_gettime
		Minimum duration: 184
		Maximum duration: 2439
		Average duration: 468.9178082191781
		Variance: 128487.36310752487
		Number measurements: 73
		List measurements: [252, 511, 221, 208, 199, 200, 649, 194, 207, 241, 184, 2439, 213, 197, 192, 204, 186, 192, 274, 231, 592, 610, 568, 666, 307, 287, 245, 220, 200, 935, 650, 208, 282, 193, 554, 246, 205, 202, 246, 523, 328, 717, 867, 508, 501, 530, 618, 732, 500, 480, 1094, 519, 255, 203, 185, 189, 245, 303, 631, 548, 544, 570, 311, 463, 1185, 680, 621, 1630, 904, 650, 543, 511, 533]

	Instruction
		Name: epoll_pwait
		Minimum duration: 201
		Maximum duration: 531
		Average duration: 271.57142857142856
		Variance: 11740.530612244896
		Number measurements: 7
		List measurements: [202, 201, 260, 235, 213, 531, 259]

	Instruction
		Name: futex
		Minimum duration: 213
		Maximum duration: 2650
		Average duration: 1055.125
		Variance: 875321.359375
		Number measurements: 8
		List measurements: [2650, 324, 287, 213, 2473, 399, 744, 1351]

	Instruction
		Name: gettimeofday
		Minimum duration: 193
		Maximum duration: 941
		Average duration: 380.8
		Variance: 59530.76000000001
		Number measurements: 10
		List measurements: [219, 193, 514, 263, 205, 941, 218, 278, 268, 709]

	Instruction
		Name: getuid
		Minimum duration: 193
		Maximum duration: 673
		Average duration: 287.85714285714283
		Variance: 26376.12244897959
		Number measurements: 7
		List measurements: [203, 193, 211, 204, 210, 673, 321]

	Instruction
		Name: ioctl
		Minimum duration: 240
		Maximum duration: 1226
		Average duration: 642.2857142857143
		Variance: 86957.63265306123
		Number measurements: 7
		List measurements: [1226, 490, 469, 571, 639, 861, 240]

	Instruction
		Name: madvise
		Minimum duration: 181
		Maximum duration: 8641
		Average duration: 904.2941176470588
		Variance: 3794181.2664359864
		Number measurements: 17
		List measurements: [910, 684, 624, 652, 822, 560, 334, 265, 273, 264, 277, 8641, 269, 196, 185, 181, 236]

	Instruction
		Name: read
		Minimum duration: 184
		Maximum duration: 1396
		Average duration: 361.6875
		Variance: 97671.58984375
		Number measurements: 16
		List measurements: [184, 213, 214, 220, 225, 207, 202, 409, 252, 234, 203, 1396, 249, 505, 238, 836]

	Instruction
		Name: recvfrom
		Minimum duration: 184
		Maximum duration: 288
		Average duration: 231.875
		Variance: 1315.359375
		Number measurements: 8
		List measurements: [193, 193, 257, 224, 184, 258, 258, 288]

	Instruction
		Name: write
		Minimum duration: 198
		Maximum duration: 14573
		Average duration: 2432.1428571428573
		Variance: 24584980.97959184
		Number measurements: 7
		List measurements: [14573, 451, 600, 436, 237, 198, 530]

