
LIST OF ALL TERMINATED INSTRUCTIONS

	Instruction
		Name: clock_gettime
		Pid: 31040
		Spid: 31040
		Status: Finished
		Start: 1686293999834215
		Finish: 1686293999839430
		Duration: 5215
		Return Value: 0

	Instruction
		Name: clock_gettime
		Pid: 31040
		Spid: 31040
		Status: Finished
		Start: 1686293999839860
		Finish: 1686293999840530
		Duration: 670
		Return Value: 0

	Instruction
		Name: clock_gettime
		Pid: 31040
		Spid: 31040
		Status: Finished
		Start: 1686293999841322
		Finish: 1686293999843469
		Duration: 2147
		Return Value: 0

	Instruction
		Name: clock_gettime
		Pid: 31040
		Spid: 31040
		Status: Finished
		Start: 1686293999853391
		Finish: 1686293999855467
		Duration: 2076
		Return Value: 0

	Instruction
		Name: clock_gettime
		Pid: 31040
		Spid: 31040
		Status: Finished
		Start: 1686293999856319
		Finish: 1686293999857311
		Duration: 992
		Return Value: 0

	Instruction
		Name: clock_gettime
		Pid: 31040
		Spid: 31040
		Status: Finished
		Start: 1686293999857660
		Finish: 1686293999860768
		Duration: 3108
		Return Value: 0

	Instruction
		Name: futex
		Pid: 31040
		Spid: 31040
		Status: Finished
		Start: 1686293999861012
		Finish: 1686293999861821
		Duration: 809
		Return Value: 1

	Instruction
		Name: futex
		Pid: 31040
		Spid: 31040
		Status: Finished
		Start: 1686293999861906
		Finish: 1686293999862597
		Duration: 691
		Return Value: 1

	Instruction
		Name: clock_gettime
		Pid: 31040
		Spid: 31040
		Status: Finished
		Start: 1686293999862739
		Finish: 1686293999867209
		Duration: 4470
		Return Value: 0

	Instruction
		Name: clock_gettime
		Pid: 31040
		Spid: 31040
		Status: Finished
		Start: 1686293999867383
		Finish: 1686293999867697
		Duration: 314
		Return Value: 0

	Instruction
		Name: clock_gettime
		Pid: 31040
		Spid: 31040
		Status: Finished
		Start: 1686293999867943
		Finish: 1686293999868160
		Duration: 217
		Return Value: 0

	Instruction
		Name: clock_gettime
		Pid: 31040
		Spid: 31040
		Status: Finished
		Start: 1686293999868305
		Finish: 1686293999869454
		Duration: 1149
		Return Value: 0

	Instruction
		Name: clock_gettime
		Pid: 31040
		Spid: 31040
		Status: Finished
		Start: 1686293999869692
		Finish: 1686293999870336
		Duration: 644
		Return Value: 0

	Instruction
		Name: clock_gettime
		Pid: 31040
		Spid: 31040
		Status: Finished
		Start: 1686293999870513
		Finish: 1686293999870706
		Duration: 193
		Return Value: 0

	Instruction
		Name: clock_gettime
		Pid: 31040
		Spid: 31040
		Status: Finished
		Start: 1686293999870882
		Finish: 1686293999871056
		Duration: 174
		Return Value: 0

	Instruction
		Name: clock_gettime
		Pid: 31040
		Spid: 31040
		Status: Finished
		Start: 1686293999871091
		Finish: 1686293999871285
		Duration: 194
		Return Value: 0

	Instruction
		Name: clock_gettime
		Pid: 31040
		Spid: 31040
		Status: Finished
		Start: 1686293999871398
		Finish: 1686293999871611
		Duration: 213
		Return Value: 0

	Instruction
		Name: clock_gettime
		Pid: 31040
		Spid: 31040
		Status: Finished
		Start: 1686293999871652
		Finish: 1686293999871857
		Duration: 205
		Return Value: 0

	Instruction
		Name: clock_gettime
		Pid: 31384
		Spid: 31384
		Status: Finished
		Start: 1686294080892170
		Finish: 1686294080892399
		Duration: 229
		Return Value: 0

	Instruction
		Name: clock_gettime
		Pid: 31384
		Spid: 31384
		Status: Finished
		Start: 1686294080892493
		Finish: 1686294080892682
		Duration: 189
		Return Value: 0

	Instruction
		Name: clock_gettime
		Pid: 31384
		Spid: 31384
		Status: Finished
		Start: 1686294080892895
		Finish: 1686294080893135
		Duration: 240
		Return Value: 0

	Instruction
		Name: clock_gettime
		Pid: 31384
		Spid: 31384
		Status: Finished
		Start: 1686294080893572
		Finish: 1686294080894060
		Duration: 488
		Return Value: 0

	Instruction
		Name: clock_gettime
		Pid: 31384
		Spid: 31384
		Status: Finished
		Start: 1686294080895515
		Finish: 1686294080895878
		Duration: 363
		Return Value: 0

	Instruction
		Name: clock_gettime
		Pid: 31384
		Spid: 31384
		Status: Finished
		Start: 1686294080897546
		Finish: 1686294080898028
		Duration: 482
		Return Value: 0

	Instruction
		Name: ioctl
		Pid: 31384
		Spid: 31384
		Status: Finished
		Start: 1686294080898147
		Finish: 1686294080925045
		Duration: 26898
		Return Value: 0

	Instruction
		Name: clock_gettime
		Pid: 31384
		Spid: 31384
		Status: Finished
		Start: 1686294080925144
		Finish: 1686294080926351
		Duration: 1207
		Return Value: 0

	Instruction
		Name: ioctl
		Pid: 31384
		Spid: 31384
		Status: Finished
		Start: 1686294080928317
		Finish: 1686294080929690
		Duration: 1373
		Return Value: 0

	Instruction
		Name: ioctl
		Pid: 31384
		Spid: 31384
		Status: Finished
		Start: 1686294080929800
		Finish: 1686294080933779
		Duration: 3979
		Return Value: 0

	Instruction
		Name: futex
		Pid: 31384
		Spid: 31384
		Status: Finished
		Start: 1686294080933913
		Finish: 1686294080934279
		Duration: 366
		Return Value: 1

	Instruction
		Name: ioctl
		Pid: 31384
		Spid: 31384
		Status: Finished
		Start: 1686294080934432
		Finish: 1686294080935404
		Duration: 972
		Return Value: 0

	Instruction
		Name: ioctl
		Pid: 31384
		Spid: 31384
		Status: Finished
		Start: 1686294080935480
		Finish: 1686294080936372
		Duration: 892
		Return Value: 0

	Instruction
		Name: futex
		Pid: 31384
		Spid: 31384
		Status: Finished
		Start: 1686294080936454
		Finish: 1686294080937885
		Duration: 1431
		Return Value: 1

	Instruction
		Name: getuid
		Pid: 31384
		Spid: 31384
		Status: Finished
		Start: 1686294080939715
		Finish: 1686294080940839
		Duration: 1124
		Return Value: 10333

	Instruction
		Name: prctl
		Pid: 31384
		Spid: 31384
		Status: Finished
		Start: 1686294080940923
		Finish: 1686294080947413
		Duration: 6490
		Return Value: 1

	Instruction
		Name: mprotect
		Pid: 31384
		Spid: 31384
		Status: Finished
		Start: 1686294080949095
		Finish: 1686294080950267
		Duration: 1172
		Return Value: 0

	Instruction
		Name: mprotect
		Pid: 31384
		Spid: 31384
		Status: Finished
		Start: 1686294080950332
		Finish: 1686294080950764
		Duration: 432
		Return Value: 0

	Instruction
		Name: mprotect
		Pid: 31384
		Spid: 31384
		Status: Finished
		Start: 1686294080950996
		Finish: 1686294080951386
		Duration: 390
		Return Value: 0

	Instruction
		Name: mprotect
		Pid: 31384
		Spid: 31384
		Status: Finished
		Start: 1686294080951457
		Finish: 1686294080951770
		Duration: 313
		Return Value: 0

	Instruction
		Name: mmap
		Pid: 31384
		Spid: 31384
		Status: Finished
		Start: 1686294080951860
		Finish: 1686294080952534
		Duration: 674
		Return Value: 483448406016

	Instruction
		Name: prctl
		Pid: 31384
		Spid: 31384
		Status: Finished
		Start: 1686294080952645
		Finish: 1686294080953824
		Duration: 1179
		Return Value: 0

	Instruction
		Name: openat
		Pid: 31384
		Spid: 31384
		Status: Finished
		Start: 1686294080953959
		Finish: 1686294080954187
		Duration: 228
		Return Value: 18446744073709551614

	Instruction
		Name: openat
		Pid: 31384
		Spid: 31384
		Status: Finished
		Start: 1686294080954225
		Finish: 1686294080955066
		Duration: 841
		Return Value: 18446744073709551614

	Instruction
		Name: mprotect
		Pid: 31384
		Spid: 31384
		Status: Finished
		Start: 1686294080955170
		Finish: 1686294080955637
		Duration: 467
		Return Value: 0

	Instruction
		Name: mprotect
		Pid: 31384
		Spid: 31384
		Status: Finished
		Start: 1686294080955732
		Finish: 1686294080956646
		Duration: 914
		Return Value: 0

	Instruction
		Name: mprotect
		Pid: 31384
		Spid: 31384
		Status: Finished
		Start: 1686294080956707
		Finish: 1686294080958657
		Duration: 1950
		Return Value: 0

	Instruction
		Name: mprotect
		Pid: 31384
		Spid: 31384
		Status: Finished
		Start: 1686294080958747
		Finish: 1686294080962786
		Duration: 4039
		Return Value: 0

	Instruction
		Name: munmap
		Pid: 31384
		Spid: 31384
		Status: Finished
		Start: 1686294080962864
		Finish: 1686294080964291
		Duration: 1427
		Return Value: 0

	Instruction
		Name: ioctl
		Pid: 31384
		Spid: 31384
		Status: Finished
		Start: 1686294080965078
		Finish: 1686294080965732
		Duration: 654
		Return Value: 0

	Instruction
		Name: clock_gettime
		Pid: 31384
		Spid: 31384
		Status: Finished
		Start: 1686294080965986
		Finish: 1686294080966705
		Duration: 719
		Return Value: 0

	Instruction
		Name: clock_gettime
		Pid: 31384
		Spid: 31384
		Status: Finished
		Start: 1686294080966800
		Finish: 1686294080967685
		Duration: 885
		Return Value: 0

	Instruction
		Name: clock_gettime
		Pid: 31384
		Spid: 31384
		Status: Finished
		Start: 1686294080968017
		Finish: 1686294080968716
		Duration: 699
		Return Value: 0

	Instruction
		Name: ioctl
		Pid: 31384
		Spid: 31384
		Status: Finished
		Start: 1686294080968796
		Finish: 1686294080969808
		Duration: 1012
		Return Value: 0

	Instruction
		Name: clock_gettime
		Pid: 31384
		Spid: 31384
		Status: Finished
		Start: 1686294080969885
		Finish: 1686294080970559
		Duration: 674
		Return Value: 0

	Instruction
		Name: ioctl
		Pid: 31384
		Spid: 31384
		Status: Finished
		Start: 1686294080970629
		Finish: 1686294080972160
		Duration: 1531
		Return Value: 0

	Instruction
		Name: mprotect
		Pid: 31384
		Spid: 31384
		Status: Finished
		Start: 1686294080972391
		Finish: 1686294080973449
		Duration: 1058
		Return Value: 0

	Instruction
		Name: mprotect
		Pid: 31384
		Spid: 31384
		Status: Finished
		Start: 1686294080973588
		Finish: 1686294080978583
		Duration: 4995
		Return Value: 0

	Instruction
		Name: clock_gettime
		Pid: 31384
		Spid: 31384
		Status: Finished
		Start: 1686294080978928
		Finish: 1686294080981342
		Duration: 2414
		Return Value: 0

	Instruction
		Name: ioctl
		Pid: 31384
		Spid: 31384
		Status: Finished
		Start: 1686294080981463
		Finish: 1686294080982450
		Duration: 987
		Return Value: 0

	Instruction
		Name: clock_gettime
		Pid: 31384
		Spid: 31384
		Status: Finished
		Start: 1686294080982539
		Finish: 1686294080983397
		Duration: 858
		Return Value: 0

	Instruction
		Name: ioctl
		Pid: 31384
		Spid: 31384
		Status: Finished
		Start: 1686294080983479
		Finish: 1686294080984555
		Duration: 1076
		Return Value: 0

	Instruction
		Name: write
		Pid: 31384
		Spid: 31384
		Status: Finished
		Start: 1686294080985198
		Finish: 1686294080986330
		Duration: 1132
		Return Value: 8

	Instruction
		Name: clock_gettime
		Pid: 31384
		Spid: 31384
		Status: Finished
		Start: 1686294080989007
		Finish: 1686294080989675
		Duration: 668
		Return Value: 0

	Instruction
		Name: clock_gettime
		Pid: 31384
		Spid: 31384
		Status: Finished
		Start: 1686294080989789
		Finish: 1686294080990400
		Duration: 611
		Return Value: 0

	Instruction
		Name: clock_gettime
		Pid: 31384
		Spid: 31384
		Status: Finished
		Start: 1686294080994176
		Finish: 1686294080996759
		Duration: 2583
		Return Value: 0

	Instruction
		Name: recvfrom
		Pid: 31384
		Spid: 31384
		Status: Finished
		Start: 1686294080997101
		Finish: 1686294080997969
		Duration: 868
		Return Value: 18446744073709551605

	Instruction
		Name: ioctl
		Pid: 31384
		Spid: 31384
		Status: Finished
		Start: 1686294080998103
		Finish: 1686294080999447
		Duration: 1344
		Return Value: 0

	Instruction
		Name: write
		Pid: 31384
		Spid: 31384
		Status: Finished
		Start: 1686294080999660
		Finish: 1686294081000324
		Duration: 664
		Return Value: 8

	Instruction
		Name: ioctl
		Pid: 31384
		Spid: 31384
		Status: Finished
		Start: 1686294081000917
		Finish: 1686294081001950
		Duration: 1033
		Return Value: 0

	Instruction
		Name: clock_gettime
		Pid: 31384
		Spid: 31384
		Status: Finished
		Start: 1686294081002555
		Finish: 1686294081004125
		Duration: 1570
		Return Value: 0

	Instruction
		Name: ioctl
		Pid: 31384
		Spid: 31384
		Status: Finished
		Start: 1686294081005975
		Finish: 1686294081007708
		Duration: 1733
		Return Value: 0

	Instruction
		Name: clock_gettime
		Pid: 31384
		Spid: 31384
		Status: Finished
		Start: 1686294081010645
		Finish: 1686294081017980
		Duration: 7335
		Return Value: 0

	Instruction
		Name: ioctl
		Pid: 31384
		Spid: 31384
		Status: Finished
		Start: 1686294081018471
		Finish: 1686294081019075
		Duration: 604
		Return Value: 0

	Instruction
		Name: write
		Pid: 31384
		Spid: 31384
		Status: Finished
		Start: 1686294081024099
		Finish: 1686294081025855
		Duration: 1756
		Return Value: 8

	Instruction
		Name: write
		Pid: 31384
		Spid: 31384
		Status: Finished
		Start: 1686294081026017
		Finish: 1686294081033653
		Duration: 7636
		Return Value: 8

	Instruction
		Name: getuid
		Pid: 31384
		Spid: 31384
		Status: Finished
		Start: 1686294081036841
		Finish: 1686294081039956
		Duration: 3115
		Return Value: 10333

	Instruction
		Name: getuid
		Pid: 31384
		Spid: 31384
		Status: Finished
		Start: 1686294081041384
		Finish: 1686294081047294
		Duration: 5910
		Return Value: 10333

	Instruction
		Name: getuid
		Pid: 31384
		Spid: 31384
		Status: Finished
		Start: 1686294081047655
		Finish: 1686294081051846
		Duration: 4191
		Return Value: 10333

	Instruction
		Name: getuid
		Pid: 31384
		Spid: 31384
		Status: Finished
		Start: 1686294081052073
		Finish: 1686294081052853
		Duration: 780
		Return Value: 10333

	Instruction
		Name: gettimeofday
		Pid: 31384
		Spid: 31384
		Status: Finished
		Start: 1686294081053129
		Finish: 1686294081058199
		Duration: 5070
		Return Value: 0

	Instruction
		Name: write
		Pid: 31384
		Spid: 31384
		Status: Finished
		Start: 1686294081061858
		Finish: 1686294081063719
		Duration: 1861
		Return Value: 8

	Instruction
		Name: clock_gettime
		Pid: 31384
		Spid: 31384
		Status: Finished
		Start: 1686294081083523
		Finish: 1686294081084793
		Duration: 1270
		Return Value: 0

	Instruction
		Name: clock_gettime
		Pid: 31384
		Spid: 31384
		Status: Finished
		Start: 1686294081084882
		Finish: 1686294081085507
		Duration: 625
		Return Value: 0

	Instruction
		Name: clock_gettime
		Pid: 31384
		Spid: 31384
		Status: Finished
		Start: 1686294081085681
		Finish: 1686294081086218
		Duration: 537
		Return Value: 0

	Instruction
		Name: clock_gettime
		Pid: 31384
		Spid: 31384
		Status: Finished
		Start: 1686294081086288
		Finish: 1686294081086972
		Duration: 684
		Return Value: 0

	Instruction
		Name: clock_gettime
		Pid: 31384
		Spid: 31384
		Status: Finished
		Start: 1686294081087961
		Finish: 1686294081090031
		Duration: 2070
		Return Value: 0

	Instruction
		Name: clock_gettime
		Pid: 31384
		Spid: 31384
		Status: Finished
		Start: 1686294081090184
		Finish: 1686294081095105
		Duration: 4921
		Return Value: 0

	Instruction
		Name: ioctl
		Pid: 31384
		Spid: 31384
		Status: Finished
		Start: 1686294081095270
		Finish: 1686294081100153
		Duration: 4883
		Return Value: 0

	Instruction
		Name: clock_gettime
		Pid: 31384
		Spid: 31384
		Status: Finished
		Start: 1686294081100299
		Finish: 1686294081100975
		Duration: 676
		Return Value: 0

	Instruction
		Name: ioctl
		Pid: 31384
		Spid: 31384
		Status: Finished
		Start: 1686294081101112
		Finish: 1686294081101744
		Duration: 632
		Return Value: 0

	Instruction
		Name: clock_gettime
		Pid: 31384
		Spid: 31384
		Status: Finished
		Start: 1686294081102394
		Finish: 1686294081103049
		Duration: 655
		Return Value: 0

	Instruction
		Name: clock_gettime
		Pid: 31384
		Spid: 31384
		Status: Finished
		Start: 1686294081103657
		Finish: 1686294081110962
		Duration: 7305
		Return Value: 0

	Instruction
		Name: clock_gettime
		Pid: 31384
		Spid: 31384
		Status: Finished
		Start: 1686294081112503
		Finish: 1686294081119354
		Duration: 6851
		Return Value: 0

	Instruction
		Name: getuid
		Pid: 31384
		Spid: 31384
		Status: Finished
		Start: 1686294081119602
		Finish: 1686294081122003
		Duration: 2401
		Return Value: 10333

	Instruction
		Name: ioctl
		Pid: 31384
		Spid: 31384
		Status: Finished
		Start: 1686294081123791
		Finish: 1686294081129652
		Duration: 5861
		Return Value: 0

	Instruction
		Name: clock_gettime
		Pid: 31384
		Spid: 31384
		Status: Finished
		Start: 1686294081130297
		Finish: 1686294081133429
		Duration: 3132
		Return Value: 0

	Instruction
		Name: clock_gettime
		Pid: 31384
		Spid: 31384
		Status: Finished
		Start: 1686294081133563
		Finish: 1686294081134568
		Duration: 1005
		Return Value: 0

	Instruction
		Name: clock_gettime
		Pid: 31384
		Spid: 31384
		Status: Finished
		Start: 1686294081134815
		Finish: 1686294081135660
		Duration: 845
		Return Value: 0

	Instruction
		Name: clock_gettime
		Pid: 31384
		Spid: 31384
		Status: Finished
		Start: 1686294081135767
		Finish: 1686294081136498
		Duration: 731
		Return Value: 0

	Instruction
		Name: clock_gettime
		Pid: 31384
		Spid: 31384
		Status: Finished
		Start: 1686294081137122
		Finish: 1686294081143515
		Duration: 6393
		Return Value: 0

	Instruction
		Name: clock_gettime
		Pid: 31384
		Spid: 31384
		Status: Finished
		Start: 1686294081145002
		Finish: 1686294081147100
		Duration: 2098
		Return Value: 0

	Instruction
		Name: clock_gettime
		Pid: 31384
		Spid: 31384
		Status: Finished
		Start: 1686294081147265
		Finish: 1686294081147880
		Duration: 615
		Return Value: 0

	Instruction
		Name: clock_gettime
		Pid: 31384
		Spid: 31384
		Status: Finished
		Start: 1686294081147931
		Finish: 1686294081148540
		Duration: 609
		Return Value: 0

	Instruction
		Name: write
		Pid: 31384
		Spid: 31384
		Status: Finished
		Start: 1686294081148791
		Finish: 1686294081149561
		Duration: 770
		Return Value: 8

	Instruction
		Name: clock_gettime
		Pid: 31384
		Spid: 31384
		Status: Finished
		Start: 1686294081149663
		Finish: 1686294081150203
		Duration: 540
		Return Value: 0

	Instruction
		Name: clock_gettime
		Pid: 31384
		Spid: 31384
		Status: Finished
		Start: 1686294081150643
		Finish: 1686294081151276
		Duration: 633
		Return Value: 0

	Instruction
		Name: clock_gettime
		Pid: 31384
		Spid: 31384
		Status: Finished
		Start: 1686294081151336
		Finish: 1686294081151894
		Duration: 558
		Return Value: 0

	Instruction
		Name: clock_gettime
		Pid: 31384
		Spid: 31384
		Status: Finished
		Start: 1686294081152013
		Finish: 1686294081152523
		Duration: 510
		Return Value: 0

LIST OF ALL NOT TERMINATED INSTRUCTIONS

	Instruction
		Name: clock_gettime
		Pid: 31040
		Spid: 31040
		Status: Executing
		Start: 1686293999873887

