
LIST OF ALL SENSOR NUMBER RECORDS

	Sensor record
		Azimuth value: 0
		Pitch value: -23
		Roll value: 0
		Start timestamp: 1686294153494
		Finish timestamp: 1686294153498

	Sensor record
		Azimuth value: 0
		Pitch value: -23
		Roll value: 359
		Start timestamp: 1686294153499
		Finish timestamp: 1686294153658

	Sensor record
		Azimuth value: 359
		Pitch value: -23
		Roll value: 0
		Start timestamp: 1686294153659
		Finish timestamp: 1686294154061

	Sensor record
		Azimuth value: 358
		Pitch value: -23
		Roll value: 1
		Start timestamp: 1686294154062
		Finish timestamp: 1686294154262

	Sensor record
		Azimuth value: 357
		Pitch value: -23
		Roll value: 1
		Start timestamp: 1686294154263
		Finish timestamp: 1686294154268

	Sensor record
		Azimuth value: 356
		Pitch value: -22
		Roll value: 2
		Start timestamp: 1686294154269
		Finish timestamp: 1686294154465

	Sensor record
		Azimuth value: 356
		Pitch value: -22
		Roll value: 3
		Start timestamp: 1686294154466
		Finish timestamp: 1686294154665

	Sensor record
		Azimuth value: 356
		Pitch value: -22
		Roll value: 4
		Start timestamp: 1686294154666
		Finish timestamp: 1686294154875

	Sensor record
		Azimuth value: 355
		Pitch value: -23
		Roll value: 3
		Start timestamp: 1686294154876
		Finish timestamp: 1686294155069

	Sensor record
		Azimuth value: 356
		Pitch value: -23
		Roll value: 3
		Start timestamp: 1686294155070
		Finish timestamp: 1686294155273

	Sensor record
		Azimuth value: 356
		Pitch value: -23
		Roll value: 2
		Start timestamp: 1686294155274
		Finish timestamp: 1686294156482

	Sensor record
		Azimuth value: 356
		Pitch value: -23
		Roll value: 1
		Start timestamp: 1686294156483
		Finish timestamp: 1686294157490

	Sensor record
		Azimuth value: 356
		Pitch value: -24
		Roll value: 1
		Start timestamp: 1686294157491
		Finish timestamp: 1686294157694

	Sensor record
		Azimuth value: 356
		Pitch value: -24
		Roll value: 2
		Start timestamp: 1686294157695
		Finish timestamp: 1686294157894

	Sensor record
		Azimuth value: 355
		Pitch value: -24
		Roll value: 2
		Start timestamp: 1686294157895
		Finish timestamp: 1686294158296

	Sensor record
		Azimuth value: 355
		Pitch value: -28
		Roll value: 2
		Start timestamp: 1686294158297
		Finish timestamp: 1686294158297

	Sensor record
		Azimuth value: 356
		Pitch value: -28
		Roll value: 2
		Start timestamp: 1686294158298
		Finish timestamp: 1686294158501

	Sensor record
		Azimuth value: 356
		Pitch value: -29
		Roll value: 2
		Start timestamp: 1686294158502
		Finish timestamp: 1686294158705

	Sensor record
		Azimuth value: 357
		Pitch value: -30
		Roll value: 3
		Start timestamp: 1686294158706
		Finish timestamp: 1686294158903

	Sensor record
		Azimuth value: 358
		Pitch value: -32
		Roll value: 4
		Start timestamp: 1686294158904
		Finish timestamp: 1686294159108

	Sensor record
		Azimuth value: 359
		Pitch value: -34
		Roll value: 6
		Start timestamp: 1686294159109
		Finish timestamp: 1686294159169

	Sensor record
		Azimuth value: 0
		Pitch value: -35
		Roll value: 8
		Start timestamp: 1686294159170
		Finish timestamp: 1686294159314

	Sensor record
		Azimuth value: 2
		Pitch value: -38
		Roll value: 12
		Start timestamp: 1686294159315
		Finish timestamp: 1686294159506

	Sensor record
		Azimuth value: 4
		Pitch value: -42
		Roll value: 16
		Start timestamp: 1686294159507
		Finish timestamp: 1686294159710

	Sensor record
		Azimuth value: 5
		Pitch value: -41
		Roll value: 16
		Start timestamp: 1686294159711
		Finish timestamp: 1686294159913

	Sensor record
		Azimuth value: 5
		Pitch value: -27
		Roll value: 16
		Start timestamp: 1686294159914
		Finish timestamp: 1686294159917

	Sensor record
		Azimuth value: 9
		Pitch value: -25
		Roll value: 20
		Start timestamp: 1686294159918
		Finish timestamp: 1686294160112

	Sensor record
		Azimuth value: 13
		Pitch value: -24
		Roll value: 20
		Start timestamp: 1686294160113
		Finish timestamp: 1686294160315

	Sensor record
		Azimuth value: 12
		Pitch value: -24
		Roll value: 20
		Start timestamp: 1686294160316
		Finish timestamp: 1686294160515

	Sensor record
		Azimuth value: 11
		Pitch value: -23
		Roll value: 19
		Start timestamp: 1686294160516
		Finish timestamp: 1686294160718

	Sensor record
		Azimuth value: 10
		Pitch value: -23
		Roll value: 19
		Start timestamp: 1686294160719
		Finish timestamp: 1686294160919

	Sensor record
		Azimuth value: 11
		Pitch value: -22
		Roll value: 22
		Start timestamp: 1686294160920
		Finish timestamp: 1686294161122

	Sensor record
		Azimuth value: 9
		Pitch value: -23
		Roll value: 22
		Start timestamp: 1686294161123
		Finish timestamp: 1686294161323

	Sensor record
		Azimuth value: 10
		Pitch value: -22
		Roll value: 22
		Start timestamp: 1686294161324
		Finish timestamp: 1686294161527

	Sensor record
		Azimuth value: 10
		Pitch value: -22
		Roll value: 21
		Start timestamp: 1686294161528
		Finish timestamp: 1686294161928

	Sensor record
		Azimuth value: 9
		Pitch value: -23
		Roll value: 20
		Start timestamp: 1686294161929
		Finish timestamp: 1686294162335

	Sensor record
		Azimuth value: 8
		Pitch value: -23
		Roll value: 19
		Start timestamp: 1686294162336
		Finish timestamp: 1686294162336

	Sensor record
		Azimuth value: 7
		Pitch value: -24
		Roll value: 18
		Start timestamp: 1686294162337
		Finish timestamp: 1686294162533

	Sensor record
		Azimuth value: 7
		Pitch value: -28
		Roll value: 15
		Start timestamp: 1686294162534
		Finish timestamp: 1686294162736

	Sensor record
		Azimuth value: 6
		Pitch value: -28
		Roll value: 8
		Start timestamp: 1686294162737
		Finish timestamp: 1686294162943

	Sensor record
		Azimuth value: 6
		Pitch value: -26
		Roll value: 5
		Start timestamp: 1686294162944
		Finish timestamp: 1686294163188

	Sensor record
		Azimuth value: 5
		Pitch value: -29
		Roll value: 6
		Start timestamp: 1686294163189
		Finish timestamp: 1686294163199

	Sensor record
		Azimuth value: 1
		Pitch value: -33
		Roll value: 4
		Start timestamp: 1686294163200
		Finish timestamp: 1686294163343

	Sensor record
		Azimuth value: 0
		Pitch value: -32
		Roll value: 4
		Start timestamp: 1686294163344
		Finish timestamp: 1686294163549

	Sensor record
		Azimuth value: 0
		Pitch value: -37
		Roll value: 5
		Start timestamp: 1686294163550
		Finish timestamp: 1686294163786

	Sensor record
		Azimuth value: 1
		Pitch value: -37
		Roll value: 4
		Start timestamp: 1686294163787

