
LIST OF ALL SENSOR NUMBER RECORDS

	Sensor record
		Azimuth value: 0
		Pitch value: -33
		Roll value: 0
		Start timestamp: 1685193221378
		Finish timestamp: 1685193221514

	Sensor record
		Azimuth value: 357
		Pitch value: -23
		Roll value: 351
		Start timestamp: 1685193221515
		Finish timestamp: 1685193221716

	Sensor record
		Azimuth value: 358
		Pitch value: -20
		Roll value: 353
		Start timestamp: 1685193221717
		Finish timestamp: 1685193221717

	Sensor record
		Azimuth value: 353
		Pitch value: -11
		Roll value: 358
		Start timestamp: 1685193221718
		Finish timestamp: 1685193221917

	Sensor record
		Azimuth value: 350
		Pitch value: -5
		Roll value: 28
		Start timestamp: 1685193221918
		Finish timestamp: 1685193222119

	Sensor record
		Azimuth value: 355
		Pitch value: -14
		Roll value: 45
		Start timestamp: 1685193222120
		Finish timestamp: 1685193222321

	Sensor record
		Azimuth value: 358
		Pitch value: -24
		Roll value: 66
		Start timestamp: 1685193222322
		Finish timestamp: 1685193222522

	Sensor record
		Azimuth value: 7
		Pitch value: -26
		Roll value: 87
		Start timestamp: 1685193222523
		Finish timestamp: 1685193222523

	Sensor record
		Azimuth value: 3
		Pitch value: -20
		Roll value: 86
		Start timestamp: 1685193222524
		Finish timestamp: 1685193222724

	Sensor record
		Azimuth value: 4
		Pitch value: -11
		Roll value: 81
		Start timestamp: 1685193222725
		Finish timestamp: 1685193222927

	Sensor record
		Azimuth value: 10
		Pitch value: -17
		Roll value: 93
		Start timestamp: 1685193222928
		Finish timestamp: 1685193223127

	Sensor record
		Azimuth value: 2
		Pitch value: -17
		Roll value: 83
		Start timestamp: 1685193223128
		Finish timestamp: 1685193223328

	Sensor record
		Azimuth value: 358
		Pitch value: -24
		Roll value: 71
		Start timestamp: 1685193223329
		Finish timestamp: 1685193223329

	Sensor record
		Azimuth value: 0
		Pitch value: -25
		Roll value: 64
		Start timestamp: 1685193223330
		Finish timestamp: 1685193223531

	Sensor record
		Azimuth value: 3
		Pitch value: -24
		Roll value: 62
		Start timestamp: 1685193223532
		Finish timestamp: 1685193223734

	Sensor record
		Azimuth value: 2
		Pitch value: -24
		Roll value: 61
		Start timestamp: 1685193223735
		Finish timestamp: 1685193223935

	Sensor record
		Azimuth value: 0
		Pitch value: -23
		Roll value: 57
		Start timestamp: 1685193223936
		Finish timestamp: 1685193224136

	Sensor record
		Azimuth value: 2
		Pitch value: -21
		Roll value: 58
		Start timestamp: 1685193224137
		Finish timestamp: 1685193224138

	Sensor record
		Azimuth value: 6
		Pitch value: -12
		Roll value: 69
		Start timestamp: 1685193224139
		Finish timestamp: 1685193224338

	Sensor record
		Azimuth value: 9
		Pitch value: 1
		Roll value: 79
		Start timestamp: 1685193224339
		Finish timestamp: 1685193224540

	Sensor record
		Azimuth value: 11
		Pitch value: 7
		Roll value: 77
		Start timestamp: 1685193224541
		Finish timestamp: 1685193224742

	Sensor record
		Azimuth value: 11
		Pitch value: 1
		Roll value: 72
		Start timestamp: 1685193224743
		Finish timestamp: 1685193224942

	Sensor record
		Azimuth value: 14
		Pitch value: 2
		Roll value: 50
		Start timestamp: 1685193224943
		Finish timestamp: 1685193224944

	Sensor record
		Azimuth value: 8
		Pitch value: 2
		Roll value: 38
		Start timestamp: 1685193224945
		Finish timestamp: 1685193225145

	Sensor record
		Azimuth value: 359
		Pitch value: 2
		Roll value: 39
		Start timestamp: 1685193225146
		Finish timestamp: 1685193225352

	Sensor record
		Azimuth value: 0
		Pitch value: 2
		Roll value: 39
		Start timestamp: 1685193225353
		Finish timestamp: 1685193225547

	Sensor record
		Azimuth value: 0
		Pitch value: 2
		Roll value: 38
		Start timestamp: 1685193225548

