
LIST OF ALL SEQUENCES FOR EACH INSTRUCTION

	Instruction
		Name: clock_gettime
		Next: [clock_gettime, futex, getuid, ioctl, prctl, recvfrom, write]

	Instruction
		Name: close
		Next: [mprotect]

	Instruction
		Name: fstat
		Next: [mmap]

	Instruction
		Name: futex
		Next: [clock_gettime, futex, ioctl, write]

	Instruction
		Name: gettimeofday
		Next: [futex]

	Instruction
		Name: getuid
		Next: [gettimeofday, getuid, ioctl, prctl]

	Instruction
		Name: ioctl
		Next: [clock_gettime, getuid, ioctl, mprotect, write]

	Instruction
		Name: madvise
		Next: []

	Instruction
		Name: mmap
		Next: [prctl]

	Instruction
		Name: mprotect
		Next: [clock_gettime, mmap, mprotect, munmap, write]

	Instruction
		Name: munmap
		Next: [close, futex, prctl]

	Instruction
		Name: openat
		Next: [mprotect, openat, readlinkat]

	Instruction
		Name: prctl
		Next: [madvise, mprotect, munmap, openat]

	Instruction
		Name: readlinkat
		Next: [fstat]

	Instruction
		Name: recvfrom
		Next: [ioctl]

	Instruction
		Name: rt_sigprocmask
		Next: [mprotect, rt_sigprocmask]

	Instruction
		Name: write
		Next: [clock_gettime, getuid, ioctl, write]

