
LIST OF ALL SEQUENCES FOR EACH INSTRUCTION

	Instruction
		Name: clock_gettime
		Next: [clock_gettime, epoll_pwait, futex, gettimeofday, read, recvfrom, write]

	Instruction
		Name: epoll_pwait
		Next: [read, recvfrom]

	Instruction
		Name: futex
		Next: [clock_gettime, epoll_pwait, futex]

	Instruction
		Name: gettimeofday
		Next: [clock_gettime, read, write]

	Instruction
		Name: getuid
		Next: [epoll_pwait]

	Instruction
		Name: ioctl
		Next: [write]

	Instruction
		Name: read
		Next: [clock_gettime, getuid, recvfrom]

	Instruction
		Name: recvfrom
		Next: [clock_gettime, ioctl, recvfrom]

	Instruction
		Name: write
		Next: [clock_gettime, futex]

