
LIST OF ALL SENSOR NUMBER RECORDS

	Sensor record
		Azimuth value: 0
		Pitch value: -42
		Roll value: 0
		Start timestamp: 1682328496195
		Finish timestamp: 1682328496352

	Sensor record
		Azimuth value: 351
		Pitch value: -42
		Roll value: 357
		Start timestamp: 1682328496353
		Finish timestamp: 1682328496557

	Sensor record
		Azimuth value: 353
		Pitch value: -44
		Roll value: 4
		Start timestamp: 1682328496558
		Finish timestamp: 1682328496856

	Sensor record
		Azimuth value: 5
		Pitch value: -48
		Roll value: 13
		Start timestamp: 1682328496857
		Finish timestamp: 1682328497056

	Sensor record
		Azimuth value: 16
		Pitch value: -55
		Roll value: 13
		Start timestamp: 1682328497057
		Finish timestamp: 1682328497154

	Sensor record
		Azimuth value: 52
		Pitch value: -66
		Roll value: 48
		Start timestamp: 1682328497155
		Finish timestamp: 1682328497337

	Sensor record
		Azimuth value: 51
		Pitch value: -62
		Roll value: 36
		Start timestamp: 1682328497338
		Finish timestamp: 1682328497539

	Sensor record
		Azimuth value: 34
		Pitch value: -52
		Roll value: 18
		Start timestamp: 1682328497540
		Finish timestamp: 1682328497842

	Sensor record
		Azimuth value: 16
		Pitch value: -39
		Roll value: 7
		Start timestamp: 1682328497843
		Finish timestamp: 1682328498044

	Sensor record
		Azimuth value: 12
		Pitch value: -30
		Roll value: 9
		Start timestamp: 1682328498045
		Finish timestamp: 1682328498153

	Sensor record
		Azimuth value: 11
		Pitch value: -23
		Roll value: 27
		Start timestamp: 1682328498154
		Finish timestamp: 1682328498346

	Sensor record
		Azimuth value: 1
		Pitch value: -8
		Roll value: 41
		Start timestamp: 1682328498347
		Finish timestamp: 1682328498547

	Sensor record
		Azimuth value: 350
		Pitch value: 3
		Roll value: 44
		Start timestamp: 1682328498548
		Finish timestamp: 1682328498855

	Sensor record
		Azimuth value: 347
		Pitch value: 2
		Roll value: 38
		Start timestamp: 1682328498856
		Finish timestamp: 1682328499052

	Sensor record
		Azimuth value: 348
		Pitch value: 2
		Roll value: 19
		Start timestamp: 1682328499053
		Finish timestamp: 1682328499153

	Sensor record
		Azimuth value: 352
		Pitch value: 1
		Roll value: 20
		Start timestamp: 1682328499154
		Finish timestamp: 1682328500040

	Sensor record
		Azimuth value: 352
		Pitch value: 1
		Roll value: 19
		Start timestamp: 1682328500041
		Finish timestamp: 1682328500153

	Sensor record
		Azimuth value: 352
		Pitch value: 2
		Roll value: 19
		Start timestamp: 1682328500154
		Finish timestamp: 1682328519845

	Sensor record
		Azimuth value: 352
		Pitch value: 2
		Roll value: 18
		Start timestamp: 1682328519846
		Finish timestamp: 1682328520047

	Sensor record
		Azimuth value: 0
		Pitch value: 5
		Roll value: 38
		Start timestamp: 1682328520048
		Finish timestamp: 1682328520156

	Sensor record
		Azimuth value: 15
		Pitch value: -41
		Roll value: 49
		Start timestamp: 1682328520157
		Finish timestamp: 1682328520353

	Sensor record
		Azimuth value: 288
		Pitch value: -62
		Roll value: 318
		Start timestamp: 1682328520354
		Finish timestamp: 1682328520554

	Sensor record
		Azimuth value: 291
		Pitch value: -31
		Roll value: 288
		Start timestamp: 1682328520555
		Finish timestamp: 1682328520853

	Sensor record
		Azimuth value: 321
		Pitch value: -43
		Roll value: 314
		Start timestamp: 1682328520854
		Finish timestamp: 1682328521062

	Sensor record
		Azimuth value: 167
		Pitch value: -41
		Roll value: 105
		Start timestamp: 1682328521063
		Finish timestamp: 1682328521153

	Sensor record
		Azimuth value: 175
		Pitch value: -48
		Roll value: 136
		Start timestamp: 1682328521154
		Finish timestamp: 1682328521340

	Sensor record
		Azimuth value: 286
		Pitch value: -52
		Roll value: 225
		Start timestamp: 1682328521341
		Finish timestamp: 1682328521541

	Sensor record
		Azimuth value: 2
		Pitch value: -23
		Roll value: 277
		Start timestamp: 1682328521542
		Finish timestamp: 1682328521843

	Sensor record
		Azimuth value: 39
		Pitch value: -23
		Roll value: 329
		Start timestamp: 1682328521844
		Finish timestamp: 1682328522045

	Sensor record
		Azimuth value: 19
		Pitch value: -18
		Roll value: 349
		Start timestamp: 1682328522046
		Finish timestamp: 1682328522155

	Sensor record
		Azimuth value: 16
		Pitch value: -28
		Roll value: 3
		Start timestamp: 1682328522156
		Finish timestamp: 1682328522348

	Sensor record
		Azimuth value: 7
		Pitch value: -47
		Roll value: 17
		Start timestamp: 1682328522349
		Finish timestamp: 1682328522550

	Sensor record
		Azimuth value: 33
		Pitch value: -54
		Roll value: 40
		Start timestamp: 1682328522551
		Finish timestamp: 1682328522852

	Sensor record
		Azimuth value: 44
		Pitch value: -46
		Roll value: 45
		Start timestamp: 1682328522853
		Finish timestamp: 1682328523055

	Sensor record
		Azimuth value: 46
		Pitch value: -16
		Roll value: 29
		Start timestamp: 1682328523056
		Finish timestamp: 1682328523154

	Sensor record
		Azimuth value: 66
		Pitch value: 0
		Roll value: 42
		Start timestamp: 1682328523155
		Finish timestamp: 1682328523355

	Sensor record
		Azimuth value: 61
		Pitch value: -6
		Roll value: 43
		Start timestamp: 1682328523356
		Finish timestamp: 1682328523557

	Sensor record
		Azimuth value: 59
		Pitch value: -6
		Roll value: 26
		Start timestamp: 1682328523558
		Finish timestamp: 1682328523842

	Sensor record
		Azimuth value: 60
		Pitch value: -5
		Roll value: 12
		Start timestamp: 1682328523843
		Finish timestamp: 1682328524040

	Sensor record
		Azimuth value: 59
		Pitch value: -5
		Roll value: 12
		Start timestamp: 1682328524041
		Finish timestamp: 1682328524152

	Sensor record
		Azimuth value: 59
		Pitch value: -5
		Roll value: 13
		Start timestamp: 1682328524153
		Finish timestamp: 1682328524345

	Sensor record
		Azimuth value: 59
		Pitch value: -4
		Roll value: 13
		Start timestamp: 1682328524346
		Finish timestamp: 1682328524547

	Sensor record
		Azimuth value: 59
		Pitch value: -2
		Roll value: 15
		Start timestamp: 1682328524548
		Finish timestamp: 1682328524847

	Sensor record
		Azimuth value: 59
		Pitch value: 0
		Roll value: 17
		Start timestamp: 1682328524848
		Finish timestamp: 1682328525154

	Sensor record
		Azimuth value: 59
		Pitch value: 1
		Roll value: 18
		Start timestamp: 1682328525155
		Finish timestamp: 1682328525553

	Sensor record
		Azimuth value: 59
		Pitch value: 1
		Roll value: 19
		Start timestamp: 1682328525554
		Finish timestamp: 1682328525857

	Sensor record
		Azimuth value: 59
		Pitch value: 2
		Roll value: 19
		Start timestamp: 1682328525858
		Finish timestamp: 1682328526153

	Sensor record
		Azimuth value: 59
		Pitch value: 3
		Roll value: 23
		Start timestamp: 1682328526154
		Finish timestamp: 1682328526345

	Sensor record
		Azimuth value: 63
		Pitch value: 8
		Roll value: 64
		Start timestamp: 1682328526346
		Finish timestamp: 1682328526543

	Sensor record
		Azimuth value: 81
		Pitch value: -30
		Roll value: 79
		Start timestamp: 1682328526544
		Finish timestamp: 1682328526846

	Sensor record
		Azimuth value: 325
		Pitch value: -76
		Roll value: 263
		Start timestamp: 1682328526847
		Finish timestamp: 1682328527046

	Sensor record
		Azimuth value: 2
		Pitch value: -39
		Roll value: 277
		Start timestamp: 1682328527047
		Finish timestamp: 1682328527151

	Sensor record
		Azimuth value: 54
		Pitch value: -24
		Roll value: 282
		Start timestamp: 1682328527152
		Finish timestamp: 1682328527350

	Sensor record
		Azimuth value: 198
		Pitch value: -65
		Roll value: 62
		Start timestamp: 1682328527351
		Finish timestamp: 1682328527552

	Sensor record
		Azimuth value: 228
		Pitch value: -39
		Roll value: 134
		Start timestamp: 1682328527553
		Finish timestamp: 1682328527854

	Sensor record
		Azimuth value: 236
		Pitch value: -47
		Roll value: 170
		Start timestamp: 1682328527855
		Finish timestamp: 1682328528057

	Sensor record
		Azimuth value: 309
		Pitch value: -71
		Roll value: 245
		Start timestamp: 1682328528058
		Finish timestamp: 1682328528153

	Sensor record
		Azimuth value: 4
		Pitch value: -49
		Roll value: 259
		Start timestamp: 1682328528154
		Finish timestamp: 1682328528358

	Sensor record
		Azimuth value: 29
		Pitch value: -46
		Roll value: 249
		Start timestamp: 1682328528359
		Finish timestamp: 1682328528560

	Sensor record
		Azimuth value: 64
		Pitch value: -52
		Roll value: 328
		Start timestamp: 1682328528561
		Finish timestamp: 1682328528841

	Sensor record
		Azimuth value: 65
		Pitch value: -49
		Roll value: 325
		Start timestamp: 1682328528842
		Finish timestamp: 1682328529044

	Sensor record
		Azimuth value: 39
		Pitch value: -29
		Roll value: 343
		Start timestamp: 1682328529045
		Finish timestamp: 1682328529151

	Sensor record
		Azimuth value: 40
		Pitch value: -30
		Roll value: 8
		Start timestamp: 1682328529152
		Finish timestamp: 1682328529346

	Sensor record
		Azimuth value: 29
		Pitch value: -47
		Roll value: 32
		Start timestamp: 1682328529347
		Finish timestamp: 1682328529550

	Sensor record
		Azimuth value: 12
		Pitch value: -68
		Roll value: 36
		Start timestamp: 1682328529551
		Finish timestamp: 1682328529850

	Sensor record
		Azimuth value: 249
		Pitch value: -62
		Roll value: 308
		Start timestamp: 1682328529851
		Finish timestamp: 1682328530053

	Sensor record
		Azimuth value: 206
		Pitch value: -26
		Roll value: 293
		Start timestamp: 1682328530054
		Finish timestamp: 1682328530152

	Sensor record
		Azimuth value: 211
		Pitch value: -39
		Roll value: 303
		Start timestamp: 1682328530153
		Finish timestamp: 1682328530356

	Sensor record
		Azimuth value: 302
		Pitch value: -48
		Roll value: 12
		Start timestamp: 1682328530357
		Finish timestamp: 1682328530557

	Sensor record
		Azimuth value: 29
		Pitch value: -1
		Roll value: 36
		Start timestamp: 1682328530558
		Finish timestamp: 1682328530839

	Sensor record
		Azimuth value: 45
		Pitch value: -9
		Roll value: 52
		Start timestamp: 1682328530840
		Finish timestamp: 1682328531040

	Sensor record
		Azimuth value: 357
		Pitch value: -55
		Roll value: 52
		Start timestamp: 1682328531041
		Finish timestamp: 1682328531348

	Sensor record
		Azimuth value: 205
		Pitch value: -51
		Roll value: 299
		Start timestamp: 1682328531349
		Finish timestamp: 1682328531545

	Sensor record
		Azimuth value: 168
		Pitch value: -16
		Roll value: 291
		Start timestamp: 1682328531546
		Finish timestamp: 1682328531653

	Sensor record
		Azimuth value: 161
		Pitch value: -37
		Roll value: 277
		Start timestamp: 1682328531654
		Finish timestamp: 1682328531846

	Sensor record
		Azimuth value: 306
		Pitch value: -52
		Roll value: 13
		Start timestamp: 1682328531847
		Finish timestamp: 1682328532049

	Sensor record
		Azimuth value: 24
		Pitch value: -28
		Roll value: 8
		Start timestamp: 1682328532050
		Finish timestamp: 1682328532353

	Sensor record
		Azimuth value: 34
		Pitch value: -29
		Roll value: 1
		Start timestamp: 1682328532354
		Finish timestamp: 1682328532553

	Sensor record
		Azimuth value: 0
		Pitch value: -36
		Roll value: 349
		Start timestamp: 1682328532554
		Finish timestamp: 1682328532652

	Sensor record
		Azimuth value: 356
		Pitch value: -39
		Roll value: 347
		Start timestamp: 1682328532653
		Finish timestamp: 1682328532855

	Sensor record
		Azimuth value: 3
		Pitch value: -33
		Roll value: 345
		Start timestamp: 1682328532856
		Finish timestamp: 1682328533057

	Sensor record
		Azimuth value: 7
		Pitch value: -28
		Roll value: 347
		Start timestamp: 1682328533058
		Finish timestamp: 1682328533344

	Sensor record
		Azimuth value: 19
		Pitch value: -10
		Roll value: 350
		Start timestamp: 1682328533345
		Finish timestamp: 1682328533544

	Sensor record
		Azimuth value: 36
		Pitch value: 15
		Roll value: 359
		Start timestamp: 1682328533545
		Finish timestamp: 1682328533653

	Sensor record
		Azimuth value: 35
		Pitch value: 0
		Roll value: 23
		Start timestamp: 1682328533654
		Finish timestamp: 1682328533844

	Sensor record
		Azimuth value: 5
		Pitch value: -20
		Roll value: 18
		Start timestamp: 1682328533845
		Finish timestamp: 1682328534046

	Sensor record
		Azimuth value: 348
		Pitch value: -28
		Roll value: 1
		Start timestamp: 1682328534047
		Finish timestamp: 1682328534348

	Sensor record
		Azimuth value: 355
		Pitch value: -45
		Roll value: 2
		Start timestamp: 1682328534349
		Finish timestamp: 1682328534552

	Sensor record
		Azimuth value: 6
		Pitch value: -47
		Roll value: 9
		Start timestamp: 1682328534553
		Finish timestamp: 1682328534652

	Sensor record
		Azimuth value: 18
		Pitch value: -33
		Roll value: 15
		Start timestamp: 1682328534653
		Finish timestamp: 1682328534852

	Sensor record
		Azimuth value: 40
		Pitch value: -9
		Roll value: 25
		Start timestamp: 1682328534853
		Finish timestamp: 1682328535054

	Sensor record
		Azimuth value: 58
		Pitch value: -4
		Roll value: 41
		Start timestamp: 1682328535055
		Finish timestamp: 1682328535356

	Sensor record
		Azimuth value: 56
		Pitch value: -3
		Roll value: 44
		Start timestamp: 1682328535357
		Finish timestamp: 1682328535558

	Sensor record
		Azimuth value: 60
		Pitch value: -3
		Roll value: 21
		Start timestamp: 1682328535559
		Finish timestamp: 1682328535654

	Sensor record
		Azimuth value: 61
		Pitch value: -3
		Roll value: 9
		Start timestamp: 1682328535655
		Finish timestamp: 1682328535842

	Sensor record
		Azimuth value: 57
		Pitch value: -2
		Roll value: 10
		Start timestamp: 1682328535843
		Finish timestamp: 1682328536350

	Sensor record
		Azimuth value: 57
		Pitch value: -2
		Roll value: 11
		Start timestamp: 1682328536351
		Finish timestamp: 1682328536653

	Sensor record
		Azimuth value: 57
		Pitch value: 0
		Roll value: 14
		Start timestamp: 1682328536654
		Finish timestamp: 1682328536848

	Sensor record
		Azimuth value: 57
		Pitch value: 0
		Roll value: 16
		Start timestamp: 1682328536849
		Finish timestamp: 1682328537050

	Sensor record
		Azimuth value: 57
		Pitch value: 1
		Roll value: 17
		Start timestamp: 1682328537051
		Finish timestamp: 1682328537352

	Sensor record
		Azimuth value: 57
		Pitch value: 1
		Roll value: 18
		Start timestamp: 1682328537353
		Finish timestamp: 1682328537654

	Sensor record
		Azimuth value: 57
		Pitch value: 2
		Roll value: 18
		Start timestamp: 1682328537655
		Finish timestamp: 1682328537857

	Sensor record
		Azimuth value: 57
		Pitch value: 2
		Roll value: 19
		Start timestamp: 1682328537858
		Finish timestamp: 1682328541365

	Sensor record
		Azimuth value: 59
		Pitch value: 3
		Roll value: 21
		Start timestamp: 1682328541366
		Finish timestamp: 1682328541566

	Sensor record
		Azimuth value: 65
		Pitch value: 6
		Roll value: 29
		Start timestamp: 1682328541567
		Finish timestamp: 1682328541768

	Sensor record
		Azimuth value: 83
		Pitch value: -7
		Roll value: 45
		Start timestamp: 1682328541769
		Finish timestamp: 1682328541970

	Sensor record
		Azimuth value: 97
		Pitch value: -48
		Roll value: 46
		Start timestamp: 1682328541971
		Finish timestamp: 1682328541974

	Sensor record
		Azimuth value: 35
		Pitch value: -54
		Roll value: 310
		Start timestamp: 1682328541975
		Finish timestamp: 1682328542171

	Sensor record
		Azimuth value: 19
		Pitch value: -20
		Roll value: 309
		Start timestamp: 1682328542172
		Finish timestamp: 1682328542378

	Sensor record
		Azimuth value: 43
		Pitch value: -14
		Roll value: 342
		Start timestamp: 1682328542379
		Finish timestamp: 1682328542577

	Sensor record
		Azimuth value: 31
		Pitch value: -15
		Roll value: 0
		Start timestamp: 1682328542578
		Finish timestamp: 1682328542826

	Sensor record
		Azimuth value: 25
		Pitch value: -12
		Roll value: 12
		Start timestamp: 1682328542827
		Finish timestamp: 1682328542833

	Sensor record
		Azimuth value: 24
		Pitch value: -18
		Roll value: 3
		Start timestamp: 1682328542834
		Finish timestamp: 1682328542979

	Sensor record
		Azimuth value: 35
		Pitch value: -22
		Roll value: 5
		Start timestamp: 1682328542980
		Finish timestamp: 1682328544074

	Sensor record
		Azimuth value: 96
		Pitch value: 0
		Roll value: 18
		Start timestamp: 1682328544075
		Finish timestamp: 1682328544085

	Sensor record
		Azimuth value: 6
		Pitch value: -20
		Roll value: 19
		Start timestamp: 1682328544086
		Finish timestamp: 1682328544229

	Sensor record
		Azimuth value: 5
		Pitch value: -22
		Roll value: 22
		Start timestamp: 1682328544230
		Finish timestamp: 1682328544431

	Sensor record
		Azimuth value: 7
		Pitch value: -23
		Roll value: 22
		Start timestamp: 1682328544432
		Finish timestamp: 1682328544631

	Sensor record
		Azimuth value: 13
		Pitch value: -26
		Roll value: 28
		Start timestamp: 1682328544632
		Finish timestamp: 1682328544836

	Sensor record
		Azimuth value: 12
		Pitch value: -33
		Roll value: 37
		Start timestamp: 1682328544837
		Finish timestamp: 1682328544840

	Sensor record
		Azimuth value: 3
		Pitch value: -34
		Roll value: 36
		Start timestamp: 1682328544841
		Finish timestamp: 1682328545035

	Sensor record
		Azimuth value: 355
		Pitch value: -37
		Roll value: 25
		Start timestamp: 1682328545036
		Finish timestamp: 1682328545238

	Sensor record
		Azimuth value: 347
		Pitch value: -20
		Roll value: 10
		Start timestamp: 1682328545239
		Finish timestamp: 1682328545439

	Sensor record
		Azimuth value: 341
		Pitch value: -16
		Roll value: 29
		Start timestamp: 1682328545440
		Finish timestamp: 1682328545641

	Sensor record
		Azimuth value: 6
		Pitch value: -13
		Roll value: 43
		Start timestamp: 1682328545642
		Finish timestamp: 1682328545650

	Sensor record
		Azimuth value: 23
		Pitch value: -4
		Roll value: 49
		Start timestamp: 1682328545651
		Finish timestamp: 1682328545845

	Sensor record
		Azimuth value: 29
		Pitch value: 0
		Roll value: 47
		Start timestamp: 1682328545846
		Finish timestamp: 1682328546044

	Sensor record
		Azimuth value: 30
		Pitch value: 0
		Roll value: 32
		Start timestamp: 1682328546045
		Finish timestamp: 1682328546245

	Sensor record
		Azimuth value: 34
		Pitch value: 1
		Roll value: 29
		Start timestamp: 1682328546246
		Finish timestamp: 1682328546446

	Sensor record
		Azimuth value: 33
		Pitch value: 1
		Roll value: 24
		Start timestamp: 1682328546447
		Finish timestamp: 1682328546450

	Sensor record
		Azimuth value: 30
		Pitch value: 1
		Roll value: 19
		Start timestamp: 1682328546451
		Finish timestamp: 1682328546648

	Sensor record
		Azimuth value: 27
		Pitch value: 1
		Roll value: 19
		Start timestamp: 1682328546649
		Finish timestamp: 1682328546851

	Sensor record
		Azimuth value: 8
		Pitch value: 1
		Roll value: 19
		Start timestamp: 1682328546852
		Finish timestamp: 1682328547865

	Sensor record
		Azimuth value: 8
		Pitch value: 2
		Roll value: 19
		Start timestamp: 1682328547866

