
LIST OF ALL SENSOR NUMBER RECORDS

	Sensor record
		Azimuth value: 0
		Pitch value: -46
		Roll value: 0
		Start timestamp: 1682861412269
		Finish timestamp: 1682861412446

	Sensor record
		Azimuth value: 3
		Pitch value: -51
		Roll value: 1
		Start timestamp: 1682861412447
		Finish timestamp: 1682861412472

	Sensor record
		Azimuth value: 8
		Pitch value: -52
		Roll value: 0
		Start timestamp: 1682861412473
		Finish timestamp: 1682861412647

	Sensor record
		Azimuth value: 8
		Pitch value: -51
		Roll value: 356
		Start timestamp: 1682861412648
		Finish timestamp: 1682861412851

	Sensor record
		Azimuth value: 3
		Pitch value: -50
		Roll value: 351
		Start timestamp: 1682861412852
		Finish timestamp: 1682861413048

	Sensor record
		Azimuth value: 357
		Pitch value: -49
		Roll value: 343
		Start timestamp: 1682861413049
		Finish timestamp: 1682861413250

	Sensor record
		Azimuth value: 358
		Pitch value: -48
		Roll value: 341
		Start timestamp: 1682861413251
		Finish timestamp: 1682861413254

	Sensor record
		Azimuth value: 0
		Pitch value: -48
		Roll value: 343
		Start timestamp: 1682861413255
		Finish timestamp: 1682861413453

	Sensor record
		Azimuth value: 6
		Pitch value: -52
		Roll value: 348
		Start timestamp: 1682861413454
		Finish timestamp: 1682861413659

	Sensor record
		Azimuth value: 10
		Pitch value: -59
		Roll value: 340
		Start timestamp: 1682861413660
		Finish timestamp: 1682861413855

	Sensor record
		Azimuth value: 27
		Pitch value: -61
		Roll value: 350
		Start timestamp: 1682861413856
		Finish timestamp: 1682861414058

	Sensor record
		Azimuth value: 22
		Pitch value: -62
		Roll value: 345
		Start timestamp: 1682861414059
		Finish timestamp: 1682861414112

	Sensor record
		Azimuth value: 39
		Pitch value: -61
		Roll value: 1
		Start timestamp: 1682861414113
		Finish timestamp: 1682861414522

	Sensor record
		Azimuth value: 48
		Pitch value: -59
		Roll value: 5
		Start timestamp: 1682861414523
		Finish timestamp: 1682861414566

	Sensor record
		Azimuth value: 45
		Pitch value: -59
		Roll value: 3
		Start timestamp: 1682861414567
		Finish timestamp: 1682861414764

	Sensor record
		Azimuth value: 44
		Pitch value: -59
		Roll value: 3
		Start timestamp: 1682861414765
		Finish timestamp: 1682861414967

	Sensor record
		Azimuth value: 43
		Pitch value: -59
		Roll value: 1
		Start timestamp: 1682861414968
		Finish timestamp: 1682861415271

	Sensor record
		Azimuth value: 39
		Pitch value: -59
		Roll value: 358
		Start timestamp: 1682861415272
		Finish timestamp: 1682861415471

	Sensor record
		Azimuth value: 26
		Pitch value: -55
		Roll value: 345
		Start timestamp: 1682861415472
		Finish timestamp: 1682861415584

	Sensor record
		Azimuth value: 4
		Pitch value: -44
		Roll value: 329
		Start timestamp: 1682861415585
		Finish timestamp: 1682861415752

	Sensor record
		Azimuth value: 358
		Pitch value: -23
		Roll value: 345
		Start timestamp: 1682861415753
		Finish timestamp: 1682861415954

	Sensor record
		Azimuth value: 358
		Pitch value: -19
		Roll value: 350
		Start timestamp: 1682861415955
		Finish timestamp: 1682861416258

	Sensor record
		Azimuth value: 345
		Pitch value: -27
		Roll value: 345
		Start timestamp: 1682861416259
		Finish timestamp: 1682861416459

	Sensor record
		Azimuth value: 346
		Pitch value: -30
		Roll value: 349
		Start timestamp: 1682861416460
		Finish timestamp: 1682861416635

	Sensor record
		Azimuth value: 348
		Pitch value: -33
		Roll value: 351
		Start timestamp: 1682861416636
		Finish timestamp: 1682861416854

	Sensor record
		Azimuth value: 344
		Pitch value: -33
		Roll value: 350
		Start timestamp: 1682861416855

