
LIST OF ALL SENSOR TEXT RECORDS

	Sensor record
		Azimuth value: north
		Pitch value: east
		Roll value: north
		Start timestamp: 1684680907690
		Finish timestamp: 1684680909828

	Sensor record
		Azimuth value: north
		Pitch value: east
		Roll value: east
		Start timestamp: 1684680909829
		Finish timestamp: 1684680910334

	Sensor record
		Azimuth value: north
		Pitch value: east
		Roll value: north
		Start timestamp: 1684680910335
		Finish timestamp: 1684680911548

	Sensor record
		Azimuth value: north
		Pitch value: east
		Roll value: east
		Start timestamp: 1684680911549
		Finish timestamp: 1684680912047

	Sensor record
		Azimuth value: north
		Pitch value: east
		Roll value: north
		Start timestamp: 1684680912048
		Finish timestamp: 1684680912565

	Sensor record
		Azimuth value: north
		Pitch value: north
		Roll value: north
		Start timestamp: 1684680912566
		Finish timestamp: 1684680912568

	Sensor record
		Azimuth value: north
		Pitch value: east
		Roll value: north
		Start timestamp: 1684680912569
		Finish timestamp: 1684680914526

	Sensor record
		Azimuth value: north
		Pitch value: east
		Roll value: west
		Start timestamp: 1684680914527
		Finish timestamp: 1684680914830

	Sensor record
		Azimuth value: west
		Pitch value: north
		Roll value: south
		Start timestamp: 1684680914831
		Finish timestamp: 1684680915032

	Sensor record
		Azimuth value: west
		Pitch value: west
		Roll value: south
		Start timestamp: 1684680915033
		Finish timestamp: 1684680915839

	Sensor record
		Azimuth value: west
		Pitch value: west
		Roll value: west
		Start timestamp: 1684680915840
		Finish timestamp: 1684680916041

	Sensor record
		Azimuth value: north
		Pitch value: east
		Roll value: north
		Start timestamp: 1684680916042
		Finish timestamp: 1684680916139

	Sensor record
		Azimuth value: west
		Pitch value: east
		Roll value: north
		Start timestamp: 1684680916140
		Finish timestamp: 1684680916344

	Sensor record
		Azimuth value: north
		Pitch value: east
		Roll value: north
		Start timestamp: 1684680916345
		Finish timestamp: 1684680916828

	Sensor record
		Azimuth value: west
		Pitch value: east
		Roll value: north
		Start timestamp: 1684680916829
		Finish timestamp: 1684680918039

	Sensor record
		Azimuth value: west
		Pitch value: east
		Roll value: northeast
		Start timestamp: 1684680918040
		Finish timestamp: 1684680918140

	Sensor record
		Azimuth value: west
		Pitch value: east
		Roll value: east
		Start timestamp: 1684680918141
		Finish timestamp: 1684680918341

	Sensor record
		Azimuth value: west
		Pitch value: east
		Roll value: northeast
		Start timestamp: 1684680918342
		Finish timestamp: 1684680918542

	Sensor record
		Azimuth value: west
		Pitch value: east
		Roll value: north
		Start timestamp: 1684680918543
		Finish timestamp: 1684680928040

	Sensor record
		Azimuth value: north
		Pitch value: east
		Roll value: north
		Start timestamp: 1684680928041
		Finish timestamp: 1684680940345

	Sensor record
		Azimuth value: west
		Pitch value: east
		Roll value: north
		Start timestamp: 1684680940346
		Finish timestamp: 1684680940829

	Sensor record
		Azimuth value: west
		Pitch value: north
		Roll value: north
		Start timestamp: 1684680940830
		Finish timestamp: 1684680941031

	Sensor record
		Azimuth value: north
		Pitch value: north
		Roll value: south
		Start timestamp: 1684680941032
		Finish timestamp: 1684680941140

	Sensor record
		Azimuth value: north
		Pitch value: west
		Roll value: south
		Start timestamp: 1684680941141
		Finish timestamp: 1684680941837

	Sensor record
		Azimuth value: west
		Pitch value: west
		Roll value: east
		Start timestamp: 1684680941838
		Finish timestamp: 1684680942038

	Sensor record
		Azimuth value: south
		Pitch value: east
		Roll value: north
		Start timestamp: 1684680942039
		Finish timestamp: 1684680942141

	Sensor record
		Azimuth value: west
		Pitch value: east
		Roll value: north
		Start timestamp: 1684680942142
		Finish timestamp: 1684680942827

	Sensor record
		Azimuth value: west
		Pitch value: north
		Roll value: north
		Start timestamp: 1684680942828
		Finish timestamp: 1684680943140

	Sensor record
		Azimuth value: west
		Pitch value: east
		Roll value: north
		Start timestamp: 1684680943141
		Finish timestamp: 1684680943530

	Sensor record
		Azimuth value: west
		Pitch value: north
		Roll value: north
		Start timestamp: 1684680943531

