
ANALYSIS OF ALL INSTRUCTIONS

	Instruction
		Name: clock_gettime
		Minimum duration: 164
		Maximum duration: 13278
		Average duration: 632.8295341922695
		Variance: 1209280.234568762
		Number measurements: 1009
		List measurements: [612, 237, 200, 173, 641, 171, 166, 164, 189, 181, 164, 530, 568, 544, 499, 779, 782, 549, 535, 522, 593, 1692, 674, 1865, 684, 1098, 630, 4102, 2604, 999, 1887, 607, 598, 572, 566, 1074, 624, 625, 6338, 7615, 836, 1429, 695, 677, 593, 565, 698, 580, 446, 429, 540, 471, 513, 506, 484, 541, 488, 560, 490, 521, 793, 929, 562, 987, 813, 809, 520, 527, 967, 649, 775, 674, 638, 920, 700, 593, 617, 532, 539, 935, 792, 394, 419, 375, 454, 277, 222, 670, 648, 769, 725, 799, 1073, 518, 574, 555, 719, 667, 553, 553, 629, 630, 697, 561, 550, 1110, 1063, 652, 719, 663, 987, 707, 585, 231, 235, 209, 234, 209, 202, 197, 212, 215, 208, 498, 473, 324, 511, 786, 567, 676, 687, 919, 697, 628, 778, 593, 495, 492, 538, 468, 543, 488, 467, 451, 489, 698, 539, 562, 265, 213, 217, 1757, 876, 227, 468, 1055, 659, 781, 561, 282, 339, 246, 285, 259, 226, 232, 200, 730, 499, 503, 490, 306, 308, 264, 262, 273, 277, 261, 287, 258, 258, 268, 283, 322, 392, 286, 964, 352, 746, 755, 527, 581, 546, 6383, 240, 209, 228, 225, 627, 644, 510, 955, 624, 528, 560, 651, 868, 1031, 678, 646, 2004, 320, 228, 777, 699, 225, 199, 190, 205, 188, 192, 199, 183, 183, 183, 196, 180, 226, 270, 203, 200, 252, 482, 290, 204, 211, 207, 3259, 714, 6396, 635, 279, 248, 593, 230, 234, 224, 212, 347, 270, 293, 817, 10259, 5984, 1336, 298, 234, 289, 244, 257, 242, 270, 231, 238, 244, 300, 209, 263, 279, 205, 262, 946, 1835, 592, 708, 1711, 632, 718, 609, 238, 375, 2622, 1123, 676, 697, 626, 1029, 655, 581, 788, 756, 790, 647, 621, 694, 1035, 650, 656, 1187, 971, 793, 207, 211, 226, 606, 224, 217, 197, 209, 191, 203, 191, 338, 193, 190, 216, 402, 1887, 534, 534, 199, 322, 233, 222, 288, 241, 220, 212, 211, 213, 212, 208, 208, 224, 204, 713, 12520, 762, 273, 859, 649, 1764, 767, 304, 250, 236, 223, 582, 250, 197, 190, 217, 217, 190, 240, 211, 200, 186, 252, 230, 220, 200, 216, 200, 183, 658, 843, 648, 1318, 510, 462, 696, 476, 494, 479, 513, 480, 485, 658, 2320, 548, 743, 581, 932, 582, 1582, 612, 272, 766, 201, 597, 251, 216, 173, 737, 514, 522, 588, 510, 8049, 541, 521, 516, 507, 183, 238, 201, 201, 192, 989, 337, 275, 1325, 903, 644, 913, 228, 220, 239, 207, 210, 207, 226, 213, 205, 242, 320, 254, 232, 249, 225, 322, 1819, 234, 214, 217, 212, 216, 199, 200, 216, 189, 196, 190, 210, 194, 193, 220, 299, 249, 260, 240, 196, 321, 227, 208, 219, 204, 207, 200, 200, 219, 201, 190, 195, 191, 204, 195, 190, 229, 294, 929, 2223, 1255, 626, 449, 1144, 435, 547, 468, 453, 609, 896, 1321, 795, 534, 443, 463, 266, 241, 220, 239, 304, 241, 233, 255, 536, 803, 663, 507, 854, 836, 680, 568, 673, 759, 908, 641, 1551, 677, 637, 677, 641, 9406, 1378, 445, 396, 423, 770, 842, 546, 601, 798, 963, 1285, 256, 1383, 1617, 261, 212, 212, 208, 203, 222, 219, 275, 273, 229, 237, 221, 975, 1345, 573, 573, 560, 698, 543, 564, 594, 543, 529, 553, 560, 542, 667, 697, 662, 675, 271, 281, 738, 477, 920, 537, 528, 530, 540, 883, 558, 565, 522, 525, 507, 537, 518, 500, 517, 527, 553, 1287, 728, 4342, 13278, 524, 728, 787, 615, 196, 602, 496, 209, 196, 191, 209, 184, 208, 188, 182, 197, 184, 209, 262, 480, 682, 963, 569, 282, 939, 244, 230, 211, 196, 208, 192, 196, 208, 184, 190, 190, 202, 186, 215, 228, 269, 206, 197, 198, 198, 1725, 1275, 716, 240, 217, 202, 489, 445, 524, 509, 476, 475, 538, 1164, 877, 499, 2280, 638, 636, 618, 565, 529, 334, 267, 343, 205, 197, 220, 192, 210, 205, 199, 210, 197, 462, 2091, 199, 207, 225, 281, 749, 220, 207, 745, 347, 278, 265, 1263, 346, 812, 1659, 762, 550, 538, 635, 529, 885, 4984, 685, 649, 11746, 742, 675, 650, 588, 1373, 969, 490, 499, 2750, 536, 519, 477, 440, 512, 569, 1024, 657, 904, 494, 532, 481, 250, 286, 612, 524, 838, 499, 1201, 670, 995, 689, 556, 614, 244, 4861, 213, 210, 201, 221, 199, 198, 198, 217, 213, 254, 242, 213, 213, 192, 555, 499, 515, 298, 628, 568, 628, 583, 666, 11513, 250, 215, 190, 193, 208, 212, 263, 221, 204, 226, 208, 963, 308, 237, 271, 659, 452, 627, 666, 494, 551, 825, 530, 718, 508, 465, 486, 675, 749, 1907, 692, 1158, 916, 566, 568, 590, 567, 548, 591, 537, 524, 520, 518, 660, 648, 1202, 251, 229, 972, 216, 262, 217, 1638, 699, 1548, 277, 246, 228, 221, 211, 209, 194, 193, 194, 209, 380, 205, 225, 200, 771, 223, 683, 259, 214, 194, 202, 181, 251, 220, 223, 212, 201, 213, 195, 206, 253, 201, 206, 241, 193, 187, 186, 198, 204, 258, 685, 215, 225, 201, 290, 239, 212, 202, 555, 262, 221, 200, 207, 194, 184, 193, 190, 200, 187, 190, 204, 259, 710, 1335, 714, 1479, 278, 593, 505, 279, 267, 278, 240, 269, 259, 266, 242, 317, 238, 232, 260, 212, 272, 358, 319, 406, 327, 276, 712, 479, 434, 224, 305, 273, 247, 241, 286, 240, 232, 239, 252, 234, 232, 229, 272, 313, 439, 428, 1105, 664, 581, 517, 828, 1532, 658, 665, 234, 263, 203, 204, 214, 197, 195, 193, 207, 194, 205, 253, 208, 203, 293, 268, 573, 571, 631, 731, 1080, 793, 664, 685, 680, 719, 828, 748, 637, 1034, 684, 851, 706, 790, 620, 555, 523, 905, 303, 216, 423, 452, 499, 808, 308, 355, 1457, 1195, 1335, 1118, 536, 376, 912, 892, 633, 861, 562, 550, 516, 2211, 304, 245, 232, 257, 379, 368, 311, 330, 308, 311, 405, 303, 293, 301, 293, 306, 290, 737, 710, 6784, 702, 460, 335, 254, 231, 220, 624, 526, 5283, 267]

	Instruction
		Name: close
		Minimum duration: 1000
		Maximum duration: 1000
		Average duration: 1000
		Variance: 0.0
		Number measurements: 1
		List measurements: [1000]

	Instruction
		Name: epoll_pwait
		Minimum duration: 196
		Maximum duration: 314777
		Average duration: 57853.32394366197
		Variance: 5886633561.627455
		Number measurements: 142
		List measurements: [1345, 547, 561, 626, 590, 314777, 187273, 868, 1510, 44288, 1534, 596, 137465, 199250, 198014, 144812, 415, 40543, 199886, 200181, 200725, 716, 558, 109208, 251, 216, 147258, 10790, 277, 159871, 1753, 588, 127160, 14511, 496, 168733, 15229, 620, 122414, 12911, 654, 159478, 10679, 689, 131519, 8525, 236, 153625, 8750, 617, 157366, 6871, 196, 177702, 2325, 1564, 130470, 3296, 203, 135706, 828, 225, 168320, 15933, 213, 166999, 213, 2437, 161176, 13872, 232, 152341, 3854, 804, 132186, 951, 218, 152598, 625, 553, 141580, 5237, 398, 117271, 242, 816, 163865, 8998, 524, 173437, 211, 617, 160968, 8197, 210, 161983, 4356, 855, 137093, 692, 525, 151174, 4759, 204, 147918, 915, 203, 163701, 4915, 606, 150179, 9344, 210, 141985, 11349, 214, 170408, 13790, 199, 170007, 13109, 1228, 163011, 6637, 291, 170277, 5315, 635, 168259, 614, 259, 153740, 1583, 540, 145337, 5150, 730, 149974, 3324, 1645, 154125, 4819]

	Instruction
		Name: fstat
		Minimum duration: 1596
		Maximum duration: 1596
		Average duration: 1596
		Variance: 0.0
		Number measurements: 1
		List measurements: [1596]

	Instruction
		Name: futex
		Minimum duration: 174
		Maximum duration: 11205
		Average duration: 868.1236203090508
		Variance: 1389395.8478526769
		Number measurements: 453
		List measurements: [1179, 654, 656, 3413, 776, 2754, 548, 1135, 222, 270, 742, 874, 895, 754, 463, 223, 524, 539, 677, 682, 547, 554, 5840, 1083, 571, 661, 514, 891, 543, 519, 549, 792, 611, 570, 605, 522, 546, 601, 6195, 1078, 931, 3045, 700, 2014, 753, 234, 1789, 545, 1051, 1293, 264, 391, 451, 716, 643, 649, 680, 554, 536, 557, 562, 587, 593, 692, 247, 666, 11205, 1643, 202, 799, 683, 2897, 463, 1669, 3002, 820, 477, 229, 249, 665, 487, 484, 244, 244, 292, 1024, 3869, 737, 764, 6958, 805, 702, 753, 759, 291, 233, 1998, 245, 232, 441, 288, 669, 187, 664, 1438, 929, 508, 579, 248, 211, 236, 291, 541, 959, 589, 527, 504, 571, 514, 482, 474, 521, 433, 212, 253, 887, 553, 1269, 261, 233, 204, 3200, 1182, 648, 763, 1947, 254, 202, 236, 490, 2035, 718, 246, 244, 233, 1268, 1603, 1037, 741, 261, 243, 294, 230, 924, 1387, 327, 737, 1004, 539, 840, 7443, 245, 251, 308, 267, 261, 281, 282, 264, 1586, 286, 1243, 385, 568, 528, 1112, 440, 660, 643, 636, 2932, 519, 601, 7941, 547, 568, 243, 1099, 770, 1326, 719, 2012, 979, 972, 497, 477, 215, 250, 608, 569, 639, 701, 3086, 262, 342, 265, 3221, 790, 1117, 2687, 1124, 3420, 5135, 2095, 2343, 272, 220, 516, 516, 1669, 643, 3451, 1344, 649, 1683, 632, 6318, 507, 292, 227, 200, 200, 208, 219, 688, 562, 1238, 586, 795, 451, 243, 1222, 339, 257, 823, 1190, 288, 676, 910, 575, 232, 198, 212, 219, 207, 256, 569, 224, 205, 224, 211, 209, 227, 511, 6245, 262, 268, 262, 574, 588, 424, 221, 195, 560, 532, 583, 773, 3941, 1601, 724, 611, 635, 252, 246, 226, 562, 8084, 823, 542, 531, 555, 254, 639, 1960, 684, 1007, 964, 577, 581, 639, 557, 580, 631, 547, 219, 228, 198, 194, 403, 534, 1208, 298, 627, 363, 1245, 858, 3999, 259, 293, 619, 248, 228, 776, 566, 555, 647, 1410, 511, 773, 217, 249, 1035, 739, 203, 191, 195, 698, 1729, 243, 207, 1335, 3951, 305, 226, 666, 227, 232, 715, 716, 292, 258, 191, 288, 923, 2094, 299, 1084, 275, 241, 1470, 984, 472, 235, 220, 642, 234, 230, 294, 329, 217, 290, 1406, 535, 1054, 1653, 300, 509, 547, 888, 583, 562, 1031, 582, 571, 1059, 827, 820, 583, 545, 530, 444, 216, 534, 498, 3798, 251, 233, 203, 619, 3007, 602, 564, 838, 563, 2072, 689, 2208, 505, 578, 223, 282, 616, 199, 232, 242, 176, 174, 184, 550, 526, 701, 591, 669, 597, 661, 327, 285, 508, 512, 801, 522, 732, 232, 230, 619, 562, 629, 674, 920, 1828, 490, 454, 756, 564, 1136, 513, 1092, 301, 253, 763, 962, 739, 265]

	Instruction
		Name: gettimeofday
		Minimum duration: 176
		Maximum duration: 4058
		Average duration: 571.2474226804123
		Variance: 342491.58826655324
		Number measurements: 97
		List measurements: [176, 418, 1019, 855, 997, 507, 517, 640, 566, 800, 374, 577, 3495, 456, 626, 632, 1075, 769, 907, 578, 279, 4058, 220, 206, 199, 185, 1106, 988, 223, 201, 572, 557, 307, 209, 237, 212, 215, 187, 519, 526, 205, 543, 713, 216, 197, 192, 198, 200, 519, 634, 613, 703, 666, 253, 560, 547, 598, 687, 438, 189, 190, 188, 195, 483, 194, 257, 835, 973, 547, 525, 227, 2091, 560, 839, 498, 768, 1098, 623, 214, 190, 194, 212, 218, 195, 312, 274, 266, 238, 557, 209, 664, 968, 348, 346, 330, 314, 2210]

	Instruction
		Name: getuid
		Minimum duration: 192
		Maximum duration: 2757
		Average duration: 590.7291666666666
		Variance: 189768.5724826389
		Number measurements: 48
		List measurements: [725, 1461, 637, 590, 651, 617, 551, 432, 744, 238, 283, 624, 984, 748, 744, 1287, 771, 623, 192, 2757, 210, 224, 213, 431, 232, 412, 221, 534, 635, 565, 263, 924, 216, 706, 656, 200, 205, 641, 950, 198, 204, 674, 291, 276, 250, 442, 889, 1034]

	Instruction
		Name: ioctl
		Minimum duration: 225
		Maximum duration: 3346
		Average duration: 687.875
		Variance: 454554.984375
		Number measurements: 48
		List measurements: [673, 2950, 599, 1595, 1415, 696, 1009, 1037, 584, 645, 711, 275, 230, 311, 3346, 234, 391, 253, 708, 374, 246, 246, 267, 316, 711, 2719, 747, 659, 717, 241, 526, 257, 296, 256, 762, 513, 761, 747, 261, 250, 236, 406, 282, 677, 922, 225, 325, 411]

	Instruction
		Name: madvise
		Minimum duration: 184
		Maximum duration: 1662
		Average duration: 431
		Variance: 163782.4
		Number measurements: 15
		List measurements: [302, 197, 193, 184, 197, 1662, 981, 686, 697, 317, 239, 223, 199, 195, 193]

	Instruction
		Name: mmap
		Minimum duration: 279
		Maximum duration: 279
		Average duration: 279
		Variance: 0.0
		Number measurements: 1
		List measurements: [279]

	Instruction
		Name: openat
		Minimum duration: 5938
		Maximum duration: 5938
		Average duration: 5938
		Variance: 0.0
		Number measurements: 1
		List measurements: [5938]

	Instruction
		Name: read
		Minimum duration: 183
		Maximum duration: 8043
		Average duration: 582.3812949640288
		Variance: 620181.2574918484
		Number measurements: 139
		List measurements: [186, 564, 603, 8043, 568, 1397, 679, 1712, 553, 619, 618, 880, 867, 694, 608, 527, 954, 392, 390, 980, 503, 498, 2423, 226, 196, 311, 282, 308, 276, 721, 649, 188, 1193, 595, 288, 1894, 579, 223, 830, 642, 558, 558, 587, 198, 554, 199, 247, 766, 695, 196, 192, 200, 454, 651, 799, 516, 194, 183, 211, 222, 320, 196, 230, 211, 200, 250, 672, 530, 235, 213, 568, 418, 413, 223, 216, 202, 584, 512, 516, 549, 4292, 378, 189, 720, 819, 191, 207, 216, 501, 606, 607, 207, 206, 705, 627, 656, 779, 496, 806, 503, 222, 220, 189, 668, 198, 185, 691, 578, 593, 545, 782, 618, 209, 199, 184, 206, 196, 183, 191, 658, 715, 252, 318, 277, 242, 574, 704, 208, 287, 273, 794, 474, 759, 348, 1345, 701, 303, 548, 506]

	Instruction
		Name: recvfrom
		Minimum duration: 177
		Maximum duration: 3568
		Average duration: 589.6309012875537
		Variance: 208091.1341524066
		Number measurements: 233
		List measurements: [438, 177, 530, 681, 1083, 610, 723, 630, 1152, 615, 788, 546, 614, 622, 792, 583, 796, 984, 545, 486, 357, 390, 225, 223, 593, 427, 566, 634, 1141, 530, 542, 3398, 220, 204, 993, 570, 525, 341, 270, 692, 555, 615, 568, 858, 276, 262, 266, 287, 754, 233, 220, 197, 214, 976, 557, 387, 254, 268, 364, 318, 707, 3568, 280, 752, 709, 1153, 239, 219, 597, 244, 293, 224, 307, 281, 214, 593, 240, 235, 697, 738, 688, 640, 1689, 703, 521, 818, 1604, 774, 1517, 295, 615, 226, 233, 596, 579, 244, 232, 249, 231, 231, 254, 228, 461, 202, 208, 1062, 468, 371, 341, 600, 1041, 530, 970, 1304, 930, 644, 809, 1756, 672, 683, 583, 540, 931, 598, 564, 675, 578, 583, 630, 520, 565, 1001, 849, 728, 3157, 324, 226, 234, 218, 213, 306, 486, 669, 660, 214, 221, 268, 391, 220, 290, 235, 302, 299, 642, 284, 245, 503, 498, 804, 631, 539, 1103, 738, 564, 1337, 2116, 544, 1077, 481, 472, 665, 1369, 793, 608, 843, 620, 639, 613, 900, 550, 674, 543, 263, 260, 292, 288, 209, 250, 762, 224, 207, 200, 257, 213, 220, 902, 374, 853, 367, 336, 329, 273, 631, 354, 252, 349, 270, 361, 852, 1218, 829, 602, 1294, 755, 564, 686, 1309, 666, 229, 207, 228, 348, 799, 381, 255, 271, 403, 642, 338, 244, 235, 769, 1117]

	Instruction
		Name: rt_sigprocmask
		Minimum duration: 288
		Maximum duration: 298
		Average duration: 293
		Variance: 25.0
		Number measurements: 2
		List measurements: [298, 288]

	Instruction
		Name: write
		Minimum duration: 177
		Maximum duration: 10225
		Average duration: 620.3809523809524
		Variance: 991212.1167800453
		Number measurements: 168
		List measurements: [177, 910, 1801, 914, 554, 1351, 558, 934, 507, 519, 1310, 375, 275, 297, 584, 269, 276, 485, 847, 219, 1124, 692, 271, 196, 199, 281, 251, 7561, 264, 365, 260, 233, 833, 809, 806, 638, 575, 1230, 257, 576, 231, 342, 366, 220, 1694, 275, 303, 222, 225, 237, 594, 451, 961, 345, 246, 278, 10225, 999, 264, 644, 223, 284, 280, 205, 205, 344, 286, 213, 204, 318, 557, 1064, 231, 315, 1596, 729, 540, 1428, 1426, 772, 210, 349, 893, 600, 610, 835, 1837, 511, 524, 814, 754, 227, 198, 361, 284, 194, 207, 300, 1065, 342, 482, 547, 266, 197, 223, 303, 352, 734, 592, 952, 1799, 489, 232, 343, 842, 228, 207, 344, 520, 566, 203, 310, 882, 483, 499, 586, 634, 555, 221, 221, 287, 202, 219, 234, 265, 217, 199, 344, 252, 213, 198, 485, 307, 260, 292, 301, 299, 284, 246, 363, 1050, 2117, 198, 249, 1302, 744, 648, 875, 239, 330, 650, 822, 296, 324, 308, 761, 284, 708]

