
LIST OF ALL TERMINATED INSTRUCTIONS

	Instruction
		Name: write
		Pid: 14493
		Spid: 14493
		Status: Finished
		Start: 1679572871560290
		Finish: 1679572871575308
		Duration: 15018
		Return Value: 8

	Instruction
		Name: clock_gettime
		Pid: 14552
		Spid: 14552
		Status: Finished
		Start: 1679572875404235
		Finish: 1679572875408040
		Duration: 3805
		Return Value: 0

	Instruction
		Name: clock_gettime
		Pid: 14552
		Spid: 14552
		Status: Finished
		Start: 1679572875408174
		Finish: 1679572875411149
		Duration: 2975
		Return Value: 0

	Instruction
		Name: clock_gettime
		Pid: 14552
		Spid: 14552
		Status: Finished
		Start: 1679572875411301
		Finish: 1679572875412101
		Duration: 800
		Return Value: 0

	Instruction
		Name: clock_gettime
		Pid: 14552
		Spid: 14552
		Status: Finished
		Start: 1679572875412183
		Finish: 1679572875412939
		Duration: 756
		Return Value: 0

	Instruction
		Name: ioctl
		Pid: 14552
		Spid: 14552
		Status: Finished
		Start: 1679572875412992
		Finish: 1679572875414329
		Duration: 1337
		Return Value: 0

	Instruction
		Name: clock_gettime
		Pid: 14552
		Spid: 14552
		Status: Finished
		Start: 1679572875414406
		Finish: 1679572875415098
		Duration: 692
		Return Value: 0

	Instruction
		Name: clock_gettime
		Pid: 14552
		Spid: 14552
		Status: Finished
		Start: 1679572875415350
		Finish: 1679572875416833
		Duration: 1483
		Return Value: 0

	Instruction
		Name: clock_gettime
		Pid: 14552
		Spid: 14552
		Status: Finished
		Start: 1679572875416900
		Finish: 1679572875418170
		Duration: 1270
		Return Value: 0

	Instruction
		Name: clock_gettime
		Pid: 14552
		Spid: 14552
		Status: Finished
		Start: 1679572875418288
		Finish: 1679572875419067
		Duration: 779
		Return Value: 0

	Instruction
		Name: clock_gettime
		Pid: 14552
		Spid: 14552
		Status: Finished
		Start: 1679572875419119
		Finish: 1679572875419972
		Duration: 853
		Return Value: 0

	Instruction
		Name: clock_gettime
		Pid: 14552
		Spid: 14552
		Status: Finished
		Start: 1679572875420689
		Finish: 1679572875423001
		Duration: 2312
		Return Value: 0

	Instruction
		Name: clock_gettime
		Pid: 14552
		Spid: 14552
		Status: Finished
		Start: 1679572875423108
		Finish: 1679572875426496
		Duration: 3388
		Return Value: 0

	Instruction
		Name: clock_gettime
		Pid: 14552
		Spid: 14552
		Status: Finished
		Start: 1679572875426586
		Finish: 1679572875432235
		Duration: 5649
		Return Value: 0

	Instruction
		Name: ioctl
		Pid: 14552
		Spid: 14552
		Status: Finished
		Start: 1679572875432300
		Finish: 1679572875433630
		Duration: 1330
		Return Value: 0

	Instruction
		Name: clock_gettime
		Pid: 14552
		Spid: 14552
		Status: Finished
		Start: 1679572875433691
		Finish: 1679572875433971
		Duration: 280
		Return Value: 0

	Instruction
		Name: fcntl
		Pid: 14552
		Spid: 14552
		Status: Finished
		Start: 1679572875434090
		Finish: 1679572875435976
		Duration: 1886
		Return Value: 86

	Instruction
		Name: futex
		Pid: 14552
		Spid: 14552
		Status: Finished
		Start: 1679572875436042
		Finish: 1679572875437402
		Duration: 1360
		Return Value: 1

	Instruction
		Name: futex
		Pid: 14552
		Spid: 14552
		Status: Finished
		Start: 1679572875438697
		Finish: 1679572875442580
		Duration: 3883
		Return Value: 1

	Instruction
		Name: close
		Pid: 14552
		Spid: 14552
		Status: Finished
		Start: 1679572875442917
		Finish: 1679572875443605
		Duration: 688
		Return Value: 0

	Instruction
		Name: dup
		Pid: 14552
		Spid: 14552
		Status: Finished
		Start: 1679572875443802
		Finish: 1679572875444472
		Duration: 670
		Return Value: 83

	Instruction
		Name: write
		Pid: 14552
		Spid: 14552
		Status: Finished
		Start: 1679572875444542
		Finish: 1679572875445273
		Duration: 731
		Return Value: 8

	Instruction
		Name: getsockopt
		Pid: 14552
		Spid: 14552
		Status: Finished
		Start: 1679572875445452
		Finish: 1679572875446081
		Duration: 629
		Return Value: 18446744073709551528

	Instruction
		Name: close
		Pid: 14552
		Spid: 14552
		Status: Finished
		Start: 1679572875446156
		Finish: 1679572875446797
		Duration: 641
		Return Value: 0

	Instruction
		Name: write
		Pid: 14552
		Spid: 14552
		Status: Finished
		Start: 1679572875446995
		Finish: 1679572875447597
		Duration: 602
		Return Value: 8

	Instruction
		Name: clock_gettime
		Pid: 14552
		Spid: 14552
		Status: Finished
		Start: 1679572875447884
		Finish: 1679572875448544
		Duration: 660
		Return Value: 0

	Instruction
		Name: clock_gettime
		Pid: 14552
		Spid: 14552
		Status: Finished
		Start: 1679572875448712
		Finish: 1679572875449280
		Duration: 568
		Return Value: 0

	Instruction
		Name: write
		Pid: 14552
		Spid: 14552
		Status: Finished
		Start: 1679572875449540
		Finish: 1679572875450239
		Duration: 699
		Return Value: 8

	Instruction
		Name: write
		Pid: 14552
		Spid: 14552
		Status: Finished
		Start: 1679572875450413
		Finish: 1679572875451070
		Duration: 657
		Return Value: 8

	Instruction
		Name: clock_gettime
		Pid: 14552
		Spid: 14552
		Status: Finished
		Start: 1679572875451732
		Finish: 1679572875452448
		Duration: 716
		Return Value: 0

	Instruction
		Name: clock_gettime
		Pid: 14552
		Spid: 14552
		Status: Finished
		Start: 1679572875455096
		Finish: 1679572875455950
		Duration: 854
		Return Value: 0

	Instruction
		Name: clock_gettime
		Pid: 14552
		Spid: 14552
		Status: Finished
		Start: 1679572875456051
		Finish: 1679572875463257
		Duration: 7206
		Return Value: 0

	Instruction
		Name: recvfrom
		Pid: 14552
		Spid: 14552
		Status: Finished
		Start: 1679572875463733
		Finish: 1679572875464534
		Duration: 801
		Return Value: 18446744073709551605

	Instruction
		Name: ioctl
		Pid: 14552
		Spid: 14552
		Status: Finished
		Start: 1679572875464617
		Finish: 1679572875465480
		Duration: 863
		Return Value: 0

	Instruction
		Name: clock_gettime
		Pid: 14552
		Spid: 14552
		Status: Finished
		Start: 1679572875465663
		Finish: 1679572875467170
		Duration: 1507
		Return Value: 0

	Instruction
		Name: write
		Pid: 14552
		Spid: 14552
		Status: Finished
		Start: 1679572875467306
		Finish: 1679572875467871
		Duration: 565
		Return Value: 8

	Instruction
		Name: clock_gettime
		Pid: 14552
		Spid: 14552
		Status: Finished
		Start: 1679572875468168
		Finish: 1679572875469078
		Duration: 910
		Return Value: 0

	Instruction
		Name: clock_gettime
		Pid: 14552
		Spid: 14552
		Status: Finished
		Start: 1679572875469138
		Finish: 1679572875469808
		Duration: 670
		Return Value: 0

	Instruction
		Name: clock_gettime
		Pid: 14552
		Spid: 14552
		Status: Finished
		Start: 1679572875473091
		Finish: 1679572875475144
		Duration: 2053
		Return Value: 0

	Instruction
		Name: clock_gettime
		Pid: 14552
		Spid: 14552
		Status: Finished
		Start: 1679572875475258
		Finish: 1679572875475966
		Duration: 708
		Return Value: 0

	Instruction
		Name: clock_gettime
		Pid: 14552
		Spid: 14552
		Status: Finished
		Start: 1679572875476086
		Finish: 1679572875476787
		Duration: 701
		Return Value: 0

	Instruction
		Name: clock_gettime
		Pid: 14552
		Spid: 14552
		Status: Finished
		Start: 1679572875477111
		Finish: 1679572875477995
		Duration: 884
		Return Value: 0

	Instruction
		Name: clock_gettime
		Pid: 14552
		Spid: 14552
		Status: Finished
		Start: 1679572875478145
		Finish: 1679572875478818
		Duration: 673
		Return Value: 0

	Instruction
		Name: ioctl
		Pid: 14552
		Spid: 14552
		Status: Finished
		Start: 1679572875479127
		Finish: 1679572875484634
		Duration: 5507
		Return Value: 0

	Instruction
		Name: clock_gettime
		Pid: 14552
		Spid: 14552
		Status: Finished
		Start: 1679572875484727
		Finish: 1679572875485554
		Duration: 827
		Return Value: 0

	Instruction
		Name: fcntl
		Pid: 14552
		Spid: 14552
		Status: Finished
		Start: 1679572875485938
		Finish: 1679572875486811
		Duration: 873
		Return Value: 78

	Instruction
		Name: fcntl
		Pid: 14552
		Spid: 14552
		Status: Finished
		Start: 1679572875488612
		Finish: 1679572875489667
		Duration: 1055
		Return Value: 0

	Instruction
		Name: close
		Pid: 14552
		Spid: 14552
		Status: Finished
		Start: 1679572875491035
		Finish: 1679572875492445
		Duration: 1410
		Return Value: 0

	Instruction
		Name: epoll_ctl
		Pid: 14552
		Spid: 14552
		Status: Finished
		Start: 1679572875492980
		Finish: 1679572875493660
		Duration: 680
		Return Value: 0

	Instruction
		Name: clock_gettime
		Pid: 14552
		Spid: 14552
		Status: Finished
		Start: 1679572875494800
		Finish: 1679572875495443
		Duration: 643
		Return Value: 0

	Instruction
		Name: clock_gettime
		Pid: 14552
		Spid: 14552
		Status: Finished
		Start: 1679572875495535
		Finish: 1679572875496081
		Duration: 546
		Return Value: 0

	Instruction
		Name: clock_gettime
		Pid: 14552
		Spid: 14552
		Status: Finished
		Start: 1679572875496294
		Finish: 1679572875496854
		Duration: 560
		Return Value: 0

	Instruction
		Name: clock_gettime
		Pid: 14552
		Spid: 14552
		Status: Finished
		Start: 1679572875496937
		Finish: 1679572875497547
		Duration: 610
		Return Value: 0

	Instruction
		Name: ioctl
		Pid: 14552
		Spid: 14552
		Status: Finished
		Start: 1679572875497605
		Finish: 1679572875498518
		Duration: 913
		Return Value: 0

	Instruction
		Name: clock_gettime
		Pid: 14552
		Spid: 14552
		Status: Finished
		Start: 1679572875498575
		Finish: 1679572875501449
		Duration: 2874
		Return Value: 0

	Instruction
		Name: clock_gettime
		Pid: 14552
		Spid: 14552
		Status: Finished
		Start: 1679572875501867
		Finish: 1679572875502702
		Duration: 835
		Return Value: 0

	Instruction
		Name: clock_gettime
		Pid: 14552
		Spid: 14552
		Status: Finished
		Start: 1679572875502859
		Finish: 1679572875504052
		Duration: 1193
		Return Value: 0

	Instruction
		Name: read
		Pid: 14552
		Spid: 14552
		Status: Finished
		Start: 1679572875504168
		Finish: 1679572875509323
		Duration: 5155
		Return Value: 48

	Instruction
		Name: getuid
		Pid: 14552
		Spid: 14552
		Status: Finished
		Start: 1679572875509439
		Finish: 1679572875512224
		Duration: 2785
		Return Value: 10635

	Instruction
		Name: epoll_pwait
		Pid: 14552
		Spid: 14552
		Status: Finished
		Start: 1679572875512362
		Finish: 1679572875513421
		Duration: 1059
		Return Value: 1

	Instruction
		Name: recvfrom
		Pid: 14552
		Spid: 14552
		Status: Finished
		Start: 1679572875513475
		Finish: 1679572875514374
		Duration: 899
		Return Value: 40

	Instruction
		Name: recvfrom
		Pid: 14552
		Spid: 14552
		Status: Finished
		Start: 1679572875514447
		Finish: 1679572875515732
		Duration: 1285
		Return Value: 18446744073709551605

	Instruction
		Name: clock_gettime
		Pid: 14552
		Spid: 14552
		Status: Finished
		Start: 1679572875515930
		Finish: 1679572875516464
		Duration: 534
		Return Value: 0

	Instruction
		Name: clock_gettime
		Pid: 14552
		Spid: 14552
		Status: Finished
		Start: 1679572875516584
		Finish: 1679572875517231
		Duration: 647
		Return Value: 0

	Instruction
		Name: gettimeofday
		Pid: 14552
		Spid: 14552
		Status: Finished
		Start: 1679572875517295
		Finish: 1679572875517864
		Duration: 569
		Return Value: 0

	Instruction
		Name: clock_gettime
		Pid: 14552
		Spid: 14552
		Status: Finished
		Start: 1679572875517979
		Finish: 1679572875518558
		Duration: 579
		Return Value: 0

	Instruction
		Name: clock_gettime
		Pid: 14552
		Spid: 14552
		Status: Finished
		Start: 1679572875518671
		Finish: 1679572875519228
		Duration: 557
		Return Value: 0

	Instruction
		Name: gettimeofday
		Pid: 14552
		Spid: 14552
		Status: Finished
		Start: 1679572875519309
		Finish: 1679572875519856
		Duration: 547
		Return Value: 0

	Instruction
		Name: read
		Pid: 14552
		Spid: 14552
		Status: Finished
		Start: 1679572875519931
		Finish: 1679572875523162
		Duration: 3231
		Return Value: 48

	Instruction
		Name: clock_gettime
		Pid: 14552
		Spid: 14552
		Status: Finished
		Start: 1679572875523466
		Finish: 1679572875524245
		Duration: 779
		Return Value: 0

	Instruction
		Name: clock_gettime
		Pid: 14552
		Spid: 14552
		Status: Finished
		Start: 1679572875524454
		Finish: 1679572875525030
		Duration: 576
		Return Value: 0

	Instruction
		Name: getuid
		Pid: 14552
		Spid: 14552
		Status: Finished
		Start: 1679572875525070
		Finish: 1679572875525564
		Duration: 494
		Return Value: 10635

	Instruction
		Name: writev
		Pid: 14552
		Spid: 14552
		Status: Finished
		Start: 1679572875525602
		Finish: 1679572875526105
		Duration: 503
		Return Value: 88

	Instruction
		Name: clock_gettime
		Pid: 14552
		Spid: 14552
		Status: Finished
		Start: 1679572875526347
		Finish: 1679572875527143
		Duration: 796
		Return Value: 0

	Instruction
		Name: clock_gettime
		Pid: 14552
		Spid: 14552
		Status: Finished
		Start: 1679572875527259
		Finish: 1679572875528092
		Duration: 833
		Return Value: 0

	Instruction
		Name: read
		Pid: 14552
		Spid: 14552
		Status: Finished
		Start: 1679572875528166
		Finish: 1679572875528893
		Duration: 727
		Return Value: 48

	Instruction
		Name: clock_gettime
		Pid: 14552
		Spid: 14552
		Status: Finished
		Start: 1679572875529414
		Finish: 1679572875530053
		Duration: 639
		Return Value: 0

	Instruction
		Name: getuid
		Pid: 14552
		Spid: 14552
		Status: Finished
		Start: 1679572875530137
		Finish: 1679572875530719
		Duration: 582
		Return Value: 10635

	Instruction
		Name: writev
		Pid: 14552
		Spid: 14552
		Status: Finished
		Start: 1679572875530784
		Finish: 1679572875531378
		Duration: 594
		Return Value: 557

	Instruction
		Name: getuid
		Pid: 14552
		Spid: 14552
		Status: Finished
		Start: 1679572875532095
		Finish: 1679572875533485
		Duration: 1390
		Return Value: 10635

	Instruction
		Name: epoll_pwait
		Pid: 14552
		Spid: 14552
		Status: Finished
		Start: 1679572875533600
		Finish: 1679572875534250
		Duration: 650
		Return Value: 0

	Instruction
		Name: clock_gettime
		Pid: 14552
		Spid: 14552
		Status: Finished
		Start: 1679572875534318
		Finish: 1679572875534940
		Duration: 622
		Return Value: 0

	Instruction
		Name: clock_gettime
		Pid: 14552
		Spid: 14552
		Status: Finished
		Start: 1679572875535102
		Finish: 1679572875535797
		Duration: 695
		Return Value: 0

	Instruction
		Name: gettimeofday
		Pid: 14552
		Spid: 14552
		Status: Finished
		Start: 1679572875535879
		Finish: 1679572875536534
		Duration: 655
		Return Value: 0

	Instruction
		Name: read
		Pid: 14552
		Spid: 14552
		Status: Finished
		Start: 1679572875536619
		Finish: 1679572875538401
		Duration: 1782
		Return Value: 48

	Instruction
		Name: clock_gettime
		Pid: 14552
		Spid: 14552
		Status: Finished
		Start: 1679572875538776
		Finish: 1679572875539726
		Duration: 950
		Return Value: 0

	Instruction
		Name: read
		Pid: 14552
		Spid: 14552
		Status: Finished
		Start: 1679572875539795
		Finish: 1679572875540425
		Duration: 630
		Return Value: 48

	Instruction
		Name: getuid
		Pid: 14552
		Spid: 14552
		Status: Finished
		Start: 1679572875540509
		Finish: 1679572875541156
		Duration: 647
		Return Value: 10635

	Instruction
		Name: epoll_pwait
		Pid: 14552
		Spid: 14552
		Status: Finished
		Start: 1679572875541224
		Finish: 1679572875542449
		Duration: 1225
		Return Value: 0

	Instruction
		Name: clock_gettime
		Pid: 14552
		Spid: 14552
		Status: Finished
		Start: 1679572875542525
		Finish: 1679572875543220
		Duration: 695
		Return Value: 0

	Instruction
		Name: clock_gettime
		Pid: 14552
		Spid: 14552
		Status: Finished
		Start: 1679572875543356
		Finish: 1679572875543987
		Duration: 631
		Return Value: 0

	Instruction
		Name: gettimeofday
		Pid: 14552
		Spid: 14552
		Status: Finished
		Start: 1679572875544059
		Finish: 1679572875544736
		Duration: 677
		Return Value: 0

	Instruction
		Name: futex
		Pid: 14552
		Spid: 14552
		Status: Finished
		Start: 1679572875544949
		Finish: 1679572875551906
		Duration: 6957
		Return Value: 1

	Instruction
		Name: futex
		Pid: 14552
		Spid: 14552
		Status: Finished
		Start: 1679572875551942
		Finish: 1679572875552195
		Duration: 253
		Return Value: 1

	Instruction
		Name: read
		Pid: 14552
		Spid: 14552
		Status: Finished
		Start: 1679572875552252
		Finish: 1679572875552515
		Duration: 263
		Return Value: 48

	Instruction
		Name: clock_gettime
		Pid: 14552
		Spid: 14552
		Status: Finished
		Start: 1679572875552651
		Finish: 1679572875552895
		Duration: 244
		Return Value: 0

	Instruction
		Name: read
		Pid: 14552
		Spid: 14552
		Status: Finished
		Start: 1679572875552950
		Finish: 1679572875553169
		Duration: 219
		Return Value: 48

	Instruction
		Name: getuid
		Pid: 14552
		Spid: 14552
		Status: Finished
		Start: 1679572875553230
		Finish: 1679572875553433
		Duration: 203
		Return Value: 10635

	Instruction
		Name: epoll_pwait
		Pid: 14552
		Spid: 14552
		Status: Finished
		Start: 1679572875553484
		Finish: 1679572875554425
		Duration: 941
		Return Value: 0

	Instruction
		Name: clock_gettime
		Pid: 14552
		Spid: 14552
		Status: Finished
		Start: 1679572875554538
		Finish: 1679572875555437
		Duration: 899
		Return Value: 0

	Instruction
		Name: clock_gettime
		Pid: 14552
		Spid: 14552
		Status: Finished
		Start: 1679572875555944
		Finish: 1679572875556227
		Duration: 283
		Return Value: 0

	Instruction
		Name: gettimeofday
		Pid: 14552
		Spid: 14552
		Status: Finished
		Start: 1679572875556272
		Finish: 1679572875556517
		Duration: 245
		Return Value: 0

	Instruction
		Name: read
		Pid: 14552
		Spid: 14552
		Status: Finished
		Start: 1679572875556575
		Finish: 1679572875557153
		Duration: 578
		Return Value: 48

	Instruction
		Name: clock_gettime
		Pid: 14552
		Spid: 14552
		Status: Finished
		Start: 1679572875557269
		Finish: 1679572875558157
		Duration: 888
		Return Value: 0

	Instruction
		Name: gettimeofday
		Pid: 14552
		Spid: 14552
		Status: Finished
		Start: 1679572875558418
		Finish: 1679572875559203
		Duration: 785
		Return Value: 0

	Instruction
		Name: clock_gettime
		Pid: 14552
		Spid: 14552
		Status: Finished
		Start: 1679572875559341
		Finish: 1679572875560002
		Duration: 661
		Return Value: 0

	Instruction
		Name: clock_gettime
		Pid: 14552
		Spid: 14552
		Status: Finished
		Start: 1679572875560123
		Finish: 1679572875560641
		Duration: 518
		Return Value: 0

	Instruction
		Name: read
		Pid: 14552
		Spid: 14552
		Status: Finished
		Start: 1679572875560694
		Finish: 1679572875561308
		Duration: 614
		Return Value: 48

	Instruction
		Name: getuid
		Pid: 14552
		Spid: 14552
		Status: Finished
		Start: 1679572875561401
		Finish: 1679572875562043
		Duration: 642
		Return Value: 10635

	Instruction
		Name: epoll_pwait
		Pid: 14552
		Spid: 14552
		Status: Finished
		Start: 1679572875562110
		Finish: 1679572875562700
		Duration: 590
		Return Value: 0

	Instruction
		Name: clock_gettime
		Pid: 14552
		Spid: 14552
		Status: Finished
		Start: 1679572875562770
		Finish: 1679572875563375
		Duration: 605
		Return Value: 0

	Instruction
		Name: clock_gettime
		Pid: 14552
		Spid: 14552
		Status: Finished
		Start: 1679572875563438
		Finish: 1679572875563995
		Duration: 557
		Return Value: 0

	Instruction
		Name: gettimeofday
		Pid: 14552
		Spid: 14552
		Status: Finished
		Start: 1679572875564101
		Finish: 1679572875567739
		Duration: 3638
		Return Value: 0

	Instruction
		Name: read
		Pid: 14552
		Spid: 14552
		Status: Finished
		Start: 1679572875567819
		Finish: 1679572875568047
		Duration: 228
		Return Value: 48

	Instruction
		Name: clock_gettime
		Pid: 14552
		Spid: 14552
		Status: Finished
		Start: 1679572875568135
		Finish: 1679572875568347
		Duration: 212
		Return Value: 0

	Instruction
		Name: clock_gettime
		Pid: 14552
		Spid: 14552
		Status: Finished
		Start: 1679572875568523
		Finish: 1679572875568744
		Duration: 221
		Return Value: 0

	Instruction
		Name: clock_gettime
		Pid: 14552
		Spid: 14552
		Status: Finished
		Start: 1679572875568823
		Finish: 1679572875569088
		Duration: 265
		Return Value: 0

	Instruction
		Name: read
		Pid: 14552
		Spid: 14552
		Status: Finished
		Start: 1679572875569127
		Finish: 1679572875569349
		Duration: 222
		Return Value: 48

	Instruction
		Name: getuid
		Pid: 14552
		Spid: 14552
		Status: Finished
		Start: 1679572875569415
		Finish: 1679572875569696
		Duration: 281
		Return Value: 10635

	Instruction
		Name: epoll_pwait
		Pid: 14552
		Spid: 14552
		Status: Finished
		Start: 1679572875569795
		Finish: 1679572875571399
		Duration: 1604
		Return Value: 0

	Instruction
		Name: clock_gettime
		Pid: 14552
		Spid: 14552
		Status: Finished
		Start: 1679572875571547
		Finish: 1679572875572066
		Duration: 519
		Return Value: 0

	Instruction
		Name: clock_gettime
		Pid: 14552
		Spid: 14552
		Status: Finished
		Start: 1679572875572172
		Finish: 1679572875572437
		Duration: 265
		Return Value: 0

	Instruction
		Name: gettimeofday
		Pid: 14552
		Spid: 14552
		Status: Finished
		Start: 1679572875572479
		Finish: 1679572875572687
		Duration: 208
		Return Value: 0

	Instruction
		Name: read
		Pid: 14552
		Spid: 14552
		Status: Finished
		Start: 1679572875572731
		Finish: 1679572875572937
		Duration: 206
		Return Value: 48

	Instruction
		Name: write
		Pid: 14552
		Spid: 14552
		Status: Finished
		Start: 1679572875573076
		Finish: 1679572875573330
		Duration: 254
		Return Value: 8

	Instruction
		Name: futex
		Pid: 14552
		Spid: 14552
		Status: Finished
		Start: 1679572875573367
		Finish: 1679572875573577
		Duration: 210
		Return Value: 18446744073709551605

	Instruction
		Name: clock_gettime
		Pid: 14552
		Spid: 14552
		Status: Finished
		Start: 1679572875573710
		Finish: 1679572875573934
		Duration: 224
		Return Value: 0

	Instruction
		Name: read
		Pid: 14552
		Spid: 14552
		Status: Finished
		Start: 1679572875573997
		Finish: 1679572875574202
		Duration: 205
		Return Value: 48

	Instruction
		Name: getuid
		Pid: 14552
		Spid: 14552
		Status: Finished
		Start: 1679572875574266
		Finish: 1679572875574465
		Duration: 199
		Return Value: 10635

	Instruction
		Name: epoll_pwait
		Pid: 14552
		Spid: 14552
		Status: Finished
		Start: 1679572875574515
		Finish: 1679572875574712
		Duration: 197
		Return Value: 0

	Instruction
		Name: clock_gettime
		Pid: 14552
		Spid: 14552
		Status: Finished
		Start: 1679572875574752
		Finish: 1679572875574951
		Duration: 199
		Return Value: 0

	Instruction
		Name: clock_gettime
		Pid: 14552
		Spid: 14552
		Status: Finished
		Start: 1679572875574998
		Finish: 1679572875575209
		Duration: 211
		Return Value: 0

	Instruction
		Name: gettimeofday
		Pid: 14552
		Spid: 14552
		Status: Finished
		Start: 1679572875575246
		Finish: 1679572875575442
		Duration: 196
		Return Value: 0

	Instruction
		Name: read
		Pid: 14552
		Spid: 14552
		Status: Finished
		Start: 1679572875575485
		Finish: 1679572875575684
		Duration: 199
		Return Value: 48

	Instruction
		Name: clock_gettime
		Pid: 14552
		Spid: 14552
		Status: Finished
		Start: 1679572875575766
		Finish: 1679572875575968
		Duration: 202
		Return Value: 0

	Instruction
		Name: clock_gettime
		Pid: 14552
		Spid: 14552
		Status: Finished
		Start: 1679572875576147
		Finish: 1679572875576378
		Duration: 231
		Return Value: 0

	Instruction
		Name: clock_gettime
		Pid: 14552
		Spid: 14552
		Status: Finished
		Start: 1679572875576446
		Finish: 1679572875576645
		Duration: 199
		Return Value: 0

	Instruction
		Name: read
		Pid: 14552
		Spid: 14552
		Status: Finished
		Start: 1679572875576688
		Finish: 1679572875576890
		Duration: 202
		Return Value: 48

	Instruction
		Name: getuid
		Pid: 14552
		Spid: 14552
		Status: Finished
		Start: 1679572875576952
		Finish: 1679572875577151
		Duration: 199
		Return Value: 10635

	Instruction
		Name: epoll_pwait
		Pid: 14552
		Spid: 14552
		Status: Finished
		Start: 1679572875577202
		Finish: 1679572875577402
		Duration: 200
		Return Value: 0

	Instruction
		Name: clock_gettime
		Pid: 14552
		Spid: 14552
		Status: Finished
		Start: 1679572875577439
		Finish: 1679572875577647
		Duration: 208
		Return Value: 0

	Instruction
		Name: clock_gettime
		Pid: 14552
		Spid: 14552
		Status: Finished
		Start: 1679572875577719
		Finish: 1679572875578193
		Duration: 474
		Return Value: 0

	Instruction
		Name: gettimeofday
		Pid: 14552
		Spid: 14552
		Status: Finished
		Start: 1679572875578251
		Finish: 1679572875579279
		Duration: 1028
		Return Value: 0

	Instruction
		Name: read
		Pid: 14552
		Spid: 14552
		Status: Finished
		Start: 1679572875579357
		Finish: 1679572875579637
		Duration: 280
		Return Value: 48

	Instruction
		Name: clock_gettime
		Pid: 14552
		Spid: 14552
		Status: Finished
		Start: 1679572875579729
		Finish: 1679572875579969
		Duration: 240
		Return Value: 0

	Instruction
		Name: clock_gettime
		Pid: 14552
		Spid: 14552
		Status: Finished
		Start: 1679572875580090
		Finish: 1679572875580334
		Duration: 244
		Return Value: 0

	Instruction
		Name: clock_gettime
		Pid: 14552
		Spid: 14552
		Status: Finished
		Start: 1679572875580379
		Finish: 1679572875580582
		Duration: 203
		Return Value: 0

	Instruction
		Name: clock_gettime
		Pid: 14552
		Spid: 14552
		Status: Finished
		Start: 1679572875580623
		Finish: 1679572875580814
		Duration: 191
		Return Value: 0

	Instruction
		Name: clock_gettime
		Pid: 14552
		Spid: 14552
		Status: Finished
		Start: 1679572875580844
		Finish: 1679572875581027
		Duration: 183
		Return Value: 0

	Instruction
		Name: clock_gettime
		Pid: 14552
		Spid: 14552
		Status: Finished
		Start: 1679572875581058
		Finish: 1679572875581246
		Duration: 188
		Return Value: 0

	Instruction
		Name: clock_gettime
		Pid: 14552
		Spid: 14552
		Status: Finished
		Start: 1679572875581282
		Finish: 1679572875581506
		Duration: 224
		Return Value: 0

	Instruction
		Name: clock_gettime
		Pid: 14552
		Spid: 14552
		Status: Finished
		Start: 1679572875581538
		Finish: 1679572875581745
		Duration: 207
		Return Value: 0

	Instruction
		Name: write
		Pid: 14552
		Spid: 14552
		Status: Finished
		Start: 1679572875581844
		Finish: 1679572875582047
		Duration: 203
		Return Value: 8

	Instruction
		Name: clock_gettime
		Pid: 14552
		Spid: 14552
		Status: Finished
		Start: 1679572875582849
		Finish: 1679572875583127
		Duration: 278
		Return Value: 0

	Instruction
		Name: clock_gettime
		Pid: 14552
		Spid: 14552
		Status: Finished
		Start: 1679572875583200
		Finish: 1679572875583437
		Duration: 237
		Return Value: 0

	Instruction
		Name: gettimeofday
		Pid: 14552
		Spid: 14552
		Status: Finished
		Start: 1679572875583471
		Finish: 1679572875583673
		Duration: 202
		Return Value: 0

	Instruction
		Name: clock_gettime
		Pid: 14552
		Spid: 14552
		Status: Finished
		Start: 1679572875586225
		Finish: 1679572875586508
		Duration: 283
		Return Value: 0

	Instruction
		Name: clock_gettime
		Pid: 14552
		Spid: 14552
		Status: Finished
		Start: 1679572875586563
		Finish: 1679572875586782
		Duration: 219
		Return Value: 0

	Instruction
		Name: recvfrom
		Pid: 14552
		Spid: 14552
		Status: Finished
		Start: 1679572875586910
		Finish: 1679572875588046
		Duration: 1136
		Return Value: 18446744073709551605

	Instruction
		Name: ioctl
		Pid: 14552
		Spid: 14552
		Status: Finished
		Start: 1679572875588101
		Finish: 1679572875588457
		Duration: 356
		Return Value: 0

	Instruction
		Name: clock_gettime
		Pid: 14552
		Spid: 14552
		Status: Finished
		Start: 1679572875588504
		Finish: 1679572875589042
		Duration: 538
		Return Value: 0

	Instruction
		Name: clock_gettime
		Pid: 14552
		Spid: 14552
		Status: Finished
		Start: 1679572875592794
		Finish: 1679572875594037
		Duration: 1243
		Return Value: 0

	Instruction
		Name: clock_gettime
		Pid: 14552
		Spid: 14552
		Status: Finished
		Start: 1679572875594131
		Finish: 1679572875594449
		Duration: 318
		Return Value: 0

	Instruction
		Name: clock_gettime
		Pid: 14552
		Spid: 14552
		Status: Finished
		Start: 1679572875594503
		Finish: 1679572875594987
		Duration: 484
		Return Value: 0

	Instruction
		Name: clock_gettime
		Pid: 14552
		Spid: 14552
		Status: Finished
		Start: 1679572875595077
		Finish: 1679572875596270
		Duration: 1193
		Return Value: 0

	Instruction
		Name: clock_gettime
		Pid: 14552
		Spid: 14552
		Status: Finished
		Start: 1679572875596378
		Finish: 1679572875597151
		Duration: 773
		Return Value: 0

	Instruction
		Name: clock_gettime
		Pid: 14552
		Spid: 14552
		Status: Finished
		Start: 1679572875597213
		Finish: 1679572875597704
		Duration: 491
		Return Value: 0

	Instruction
		Name: rt_sigprocmask
		Pid: 14552
		Spid: 14552
		Status: Finished
		Start: 1679572875600168
		Finish: 1679572875600818
		Duration: 650
		Return Value: 0

	Instruction
		Name: rt_sigprocmask
		Pid: 14552
		Spid: 14552
		Status: Finished
		Start: 1679572875600885
		Finish: 1679572875601613
		Duration: 728
		Return Value: 0

	Instruction
		Name: rt_sigprocmask
		Pid: 14552
		Spid: 14552
		Status: Finished
		Start: 1679572875601870
		Finish: 1679572875602876
		Duration: 1006
		Return Value: 0

	Instruction
		Name: rt_sigprocmask
		Pid: 14552
		Spid: 14552
		Status: Finished
		Start: 1679572875603005
		Finish: 1679572875605578
		Duration: 2573
		Return Value: 0

	Instruction
		Name: clock_gettime
		Pid: 14552
		Spid: 14552
		Status: Finished
		Start: 1679572875608296
		Finish: 1679572875608991
		Duration: 695
		Return Value: 0

	Instruction
		Name: clock_gettime
		Pid: 14552
		Spid: 14552
		Status: Finished
		Start: 1679572875609156
		Finish: 1679572875609638
		Duration: 482
		Return Value: 0

	Instruction
		Name: clock_gettime
		Pid: 14552
		Spid: 14552
		Status: Finished
		Start: 1679572875609689
		Finish: 1679572875610201
		Duration: 512
		Return Value: 0

	Instruction
		Name: clock_gettime
		Pid: 14552
		Spid: 14552
		Status: Finished
		Start: 1679572875610482
		Finish: 1679572875610995
		Duration: 513
		Return Value: 0

	Instruction
		Name: clock_gettime
		Pid: 14552
		Spid: 14552
		Status: Finished
		Start: 1679572875611052
		Finish: 1679572875611700
		Duration: 648
		Return Value: 0

	Instruction
		Name: clock_gettime
		Pid: 14552
		Spid: 14552
		Status: Finished
		Start: 1679572875611816
		Finish: 1679572875612367
		Duration: 551
		Return Value: 0

	Instruction
		Name: clock_gettime
		Pid: 14552
		Spid: 14552
		Status: Finished
		Start: 1679572875612439
		Finish: 1679572875613061
		Duration: 622
		Return Value: 0

	Instruction
		Name: clock_gettime
		Pid: 14552
		Spid: 14552
		Status: Finished
		Start: 1679572875613167
		Finish: 1679572875613620
		Duration: 453
		Return Value: 0

	Instruction
		Name: clock_gettime
		Pid: 14552
		Spid: 14552
		Status: Finished
		Start: 1679572875613677
		Finish: 1679572875614144
		Duration: 467
		Return Value: 0

	Instruction
		Name: clock_gettime
		Pid: 14552
		Spid: 14552
		Status: Finished
		Start: 1679572875614244
		Finish: 1679572875614670
		Duration: 426
		Return Value: 0

	Instruction
		Name: clock_gettime
		Pid: 14552
		Spid: 14552
		Status: Finished
		Start: 1679572875614728
		Finish: 1679572875615687
		Duration: 959
		Return Value: 0

	Instruction
		Name: clock_gettime
		Pid: 14552
		Spid: 14552
		Status: Finished
		Start: 1679572875615798
		Finish: 1679572875616266
		Duration: 468
		Return Value: 0

	Instruction
		Name: clock_gettime
		Pid: 14552
		Spid: 14552
		Status: Finished
		Start: 1679572875616322
		Finish: 1679572875616803
		Duration: 481
		Return Value: 0

	Instruction
		Name: clock_gettime
		Pid: 14552
		Spid: 14552
		Status: Finished
		Start: 1679572875616895
		Finish: 1679572875617315
		Duration: 420
		Return Value: 0

	Instruction
		Name: clock_gettime
		Pid: 14552
		Spid: 14552
		Status: Finished
		Start: 1679572875617368
		Finish: 1679572875617828
		Duration: 460
		Return Value: 0

	Instruction
		Name: clock_gettime
		Pid: 14552
		Spid: 14552
		Status: Finished
		Start: 1679572875617921
		Finish: 1679572875618337
		Duration: 416
		Return Value: 0

	Instruction
		Name: clock_gettime
		Pid: 14552
		Spid: 14552
		Status: Finished
		Start: 1679572875618389
		Finish: 1679572875618884
		Duration: 495
		Return Value: 0

	Instruction
		Name: clock_gettime
		Pid: 14552
		Spid: 14552
		Status: Finished
		Start: 1679572875618979
		Finish: 1679572875619406
		Duration: 427
		Return Value: 0

	Instruction
		Name: clock_gettime
		Pid: 14552
		Spid: 14552
		Status: Finished
		Start: 1679572875619549
		Finish: 1679572875619992
		Duration: 443
		Return Value: 0

	Instruction
		Name: clock_gettime
		Pid: 14552
		Spid: 14552
		Status: Finished
		Start: 1679572875620040
		Finish: 1679572875620950
		Duration: 910
		Return Value: 0

	Instruction
		Name: clock_gettime
		Pid: 14552
		Spid: 14552
		Status: Finished
		Start: 1679572875621049
		Finish: 1679572875622300
		Duration: 1251
		Return Value: 0

	Instruction
		Name: clock_gettime
		Pid: 14552
		Spid: 14552
		Status: Finished
		Start: 1679572875622452
		Finish: 1679572875622936
		Duration: 484
		Return Value: 0

	Instruction
		Name: clock_gettime
		Pid: 14552
		Spid: 14552
		Status: Finished
		Start: 1679572875623003
		Finish: 1679572875623531
		Duration: 528
		Return Value: 0

	Instruction
		Name: clock_gettime
		Pid: 14552
		Spid: 14552
		Status: Finished
		Start: 1679572875623653
		Finish: 1679572875624182
		Duration: 529
		Return Value: 0

	Instruction
		Name: clock_gettime
		Pid: 14552
		Spid: 14552
		Status: Finished
		Start: 1679572875624242
		Finish: 1679572875624777
		Duration: 535
		Return Value: 0

	Instruction
		Name: clock_gettime
		Pid: 14552
		Spid: 14552
		Status: Finished
		Start: 1679572875624890
		Finish: 1679572875625479
		Duration: 589
		Return Value: 0

	Instruction
		Name: clock_gettime
		Pid: 14552
		Spid: 14552
		Status: Finished
		Start: 1679572875625550
		Finish: 1679572875626128
		Duration: 578
		Return Value: 0

	Instruction
		Name: clock_gettime
		Pid: 14552
		Spid: 14552
		Status: Finished
		Start: 1679572875626243
		Finish: 1679572875626776
		Duration: 533
		Return Value: 0

	Instruction
		Name: clock_gettime
		Pid: 14552
		Spid: 14552
		Status: Finished
		Start: 1679572875626833
		Finish: 1679572875627310
		Duration: 477
		Return Value: 0

	Instruction
		Name: clock_gettime
		Pid: 14552
		Spid: 14552
		Status: Finished
		Start: 1679572875627423
		Finish: 1679572875627909
		Duration: 486
		Return Value: 0

	Instruction
		Name: clock_gettime
		Pid: 14552
		Spid: 14552
		Status: Finished
		Start: 1679572875627965
		Finish: 1679572875628688
		Duration: 723
		Return Value: 0

	Instruction
		Name: clock_gettime
		Pid: 14552
		Spid: 14552
		Status: Finished
		Start: 1679572875628788
		Finish: 1679572875629222
		Duration: 434
		Return Value: 0

	Instruction
		Name: clock_gettime
		Pid: 14552
		Spid: 14552
		Status: Finished
		Start: 1679572875629278
		Finish: 1679572875629740
		Duration: 462
		Return Value: 0

	Instruction
		Name: clock_gettime
		Pid: 14552
		Spid: 14552
		Status: Finished
		Start: 1679572875629840
		Finish: 1679572875630238
		Duration: 398
		Return Value: 0

	Instruction
		Name: clock_gettime
		Pid: 14552
		Spid: 14552
		Status: Finished
		Start: 1679572875630286
		Finish: 1679572875630743
		Duration: 457
		Return Value: 0

	Instruction
		Name: clock_gettime
		Pid: 14552
		Spid: 14552
		Status: Finished
		Start: 1679572875630835
		Finish: 1679572875631275
		Duration: 440
		Return Value: 0

	Instruction
		Name: clock_gettime
		Pid: 14552
		Spid: 14552
		Status: Finished
		Start: 1679572875631378
		Finish: 1679572875632168
		Duration: 790
		Return Value: 0

	Instruction
		Name: clock_gettime
		Pid: 14552
		Spid: 14552
		Status: Finished
		Start: 1679572875632308
		Finish: 1679572875632860
		Duration: 552
		Return Value: 0

	Instruction
		Name: clock_gettime
		Pid: 14552
		Spid: 14552
		Status: Finished
		Start: 1679572875632946
		Finish: 1679572875633487
		Duration: 541
		Return Value: 0

	Instruction
		Name: clock_gettime
		Pid: 14552
		Spid: 14552
		Status: Finished
		Start: 1679572875633543
		Finish: 1679572875634118
		Duration: 575
		Return Value: 0

	Instruction
		Name: clock_gettime
		Pid: 14552
		Spid: 14552
		Status: Finished
		Start: 1679572875636360
		Finish: 1679572875638187
		Duration: 1827
		Return Value: 0

	Instruction
		Name: clock_gettime
		Pid: 14552
		Spid: 14552
		Status: Finished
		Start: 1679572875639035
		Finish: 1679572875639994
		Duration: 959
		Return Value: 0

	Instruction
		Name: clock_gettime
		Pid: 14552
		Spid: 14552
		Status: Finished
		Start: 1679572875640100
		Finish: 1679572875640963
		Duration: 863
		Return Value: 0

	Instruction
		Name: clock_gettime
		Pid: 14552
		Spid: 14552
		Status: Finished
		Start: 1679572875641136
		Finish: 1679572875642018
		Duration: 882
		Return Value: 0

	Instruction
		Name: futex
		Pid: 14552
		Spid: 14552
		Status: Finished
		Start: 1679572875642193
		Finish: 1679572875642672
		Duration: 479
		Return Value: 0

	Instruction
		Name: futex
		Pid: 14552
		Spid: 14552
		Status: Finished
		Start: 1679572875642703
		Finish: 1679572875643154
		Duration: 451
		Return Value: 0

	Instruction
		Name: futex
		Pid: 14552
		Spid: 14552
		Status: Finished
		Start: 1679572875643181
		Finish: 1679572875643624
		Duration: 443
		Return Value: 0

	Instruction
		Name: futex
		Pid: 14552
		Spid: 14552
		Status: Finished
		Start: 1679572875643650
		Finish: 1679572875644091
		Duration: 441
		Return Value: 0

	Instruction
		Name: futex
		Pid: 14552
		Spid: 14552
		Status: Finished
		Start: 1679572875644114
		Finish: 1679572875644553
		Duration: 439
		Return Value: 0

	Instruction
		Name: futex
		Pid: 14552
		Spid: 14552
		Status: Finished
		Start: 1679572875644581
		Finish: 1679572875645031
		Duration: 450
		Return Value: 0

	Instruction
		Name: futex
		Pid: 14552
		Spid: 14552
		Status: Finished
		Start: 1679572875645057
		Finish: 1679572875645523
		Duration: 466
		Return Value: 0

	Instruction
		Name: futex
		Pid: 14552
		Spid: 14552
		Status: Finished
		Start: 1679572875645549
		Finish: 1679572875645967
		Duration: 418
		Return Value: 0

	Instruction
		Name: futex
		Pid: 14552
		Spid: 14552
		Status: Finished
		Start: 1679572875645993
		Finish: 1679572875646412
		Duration: 419
		Return Value: 0

	Instruction
		Name: futex
		Pid: 14552
		Spid: 14552
		Status: Finished
		Start: 1679572875646437
		Finish: 1679572875646848
		Duration: 411
		Return Value: 0

	Instruction
		Name: futex
		Pid: 14552
		Spid: 14552
		Status: Finished
		Start: 1679572875646874
		Finish: 1679572875647316
		Duration: 442
		Return Value: 0

	Instruction
		Name: futex
		Pid: 14552
		Spid: 14552
		Status: Finished
		Start: 1679572875647341
		Finish: 1679572875647756
		Duration: 415
		Return Value: 0

	Instruction
		Name: futex
		Pid: 14552
		Spid: 14552
		Status: Finished
		Start: 1679572875647781
		Finish: 1679572875648193
		Duration: 412
		Return Value: 0

	Instruction
		Name: futex
		Pid: 14552
		Spid: 14552
		Status: Finished
		Start: 1679572875648217
		Finish: 1679572875648671
		Duration: 454
		Return Value: 0

	Instruction
		Name: futex
		Pid: 14552
		Spid: 14552
		Status: Finished
		Start: 1679572875648696
		Finish: 1679572875649108
		Duration: 412
		Return Value: 0

	Instruction
		Name: futex
		Pid: 14552
		Spid: 14552
		Status: Finished
		Start: 1679572875649133
		Finish: 1679572875649576
		Duration: 443
		Return Value: 0

	Instruction
		Name: futex
		Pid: 14552
		Spid: 14552
		Status: Finished
		Start: 1679572875649601
		Finish: 1679572875650053
		Duration: 452
		Return Value: 0

	Instruction
		Name: futex
		Pid: 14552
		Spid: 14552
		Status: Finished
		Start: 1679572875650077
		Finish: 1679572875650487
		Duration: 410
		Return Value: 0

	Instruction
		Name: futex
		Pid: 14552
		Spid: 14552
		Status: Finished
		Start: 1679572875650512
		Finish: 1679572875650925
		Duration: 413
		Return Value: 0

	Instruction
		Name: futex
		Pid: 14552
		Spid: 14552
		Status: Finished
		Start: 1679572875650950
		Finish: 1679572875651393
		Duration: 443
		Return Value: 0

	Instruction
		Name: futex
		Pid: 14552
		Spid: 14552
		Status: Finished
		Start: 1679572875651422
		Finish: 1679572875652692
		Duration: 1270
		Return Value: 0

	Instruction
		Name: futex
		Pid: 14552
		Spid: 14552
		Status: Finished
		Start: 1679572875652767
		Finish: 1679572875652969
		Duration: 202
		Return Value: 3

	Instruction
		Name: futex
		Pid: 14552
		Spid: 14552
		Status: Finished
		Start: 1679572875652995
		Finish: 1679572875653196
		Duration: 201
		Return Value: 1

	Instruction
		Name: clock_gettime
		Pid: 14552
		Spid: 14552
		Status: Finished
		Start: 1679572875653724
		Finish: 1679572875654859
		Duration: 1135
		Return Value: 0

	Instruction
		Name: clock_gettime
		Pid: 14552
		Spid: 14552
		Status: Finished
		Start: 1679572875655194
		Finish: 1679572875655905
		Duration: 711
		Return Value: 0

	Instruction
		Name: clock_gettime
		Pid: 14552
		Spid: 14552
		Status: Finished
		Start: 1679572875655984
		Finish: 1679572875656221
		Duration: 237
		Return Value: 0

	Instruction
		Name: clock_gettime
		Pid: 14552
		Spid: 14552
		Status: Finished
		Start: 1679572875656285
		Finish: 1679572875656545
		Duration: 260
		Return Value: 0

	Instruction
		Name: clock_gettime
		Pid: 14552
		Spid: 14552
		Status: Finished
		Start: 1679572875658112
		Finish: 1679572875658797
		Duration: 685
		Return Value: 0

	Instruction
		Name: clock_gettime
		Pid: 14552
		Spid: 14552
		Status: Finished
		Start: 1679572875658922
		Finish: 1679572875659176
		Duration: 254
		Return Value: 0

	Instruction
		Name: clock_gettime
		Pid: 14552
		Spid: 14552
		Status: Finished
		Start: 1679572875659220
		Finish: 1679572875659450
		Duration: 230
		Return Value: 0

	Instruction
		Name: clock_gettime
		Pid: 14552
		Spid: 14552
		Status: Finished
		Start: 1679572875659543
		Finish: 1679572875659751
		Duration: 208
		Return Value: 0

	Instruction
		Name: clock_gettime
		Pid: 14552
		Spid: 14552
		Status: Finished
		Start: 1679572875659790
		Finish: 1679572875660019
		Duration: 229
		Return Value: 0

	Instruction
		Name: clock_gettime
		Pid: 14552
		Spid: 14552
		Status: Finished
		Start: 1679572875660101
		Finish: 1679572875661302
		Duration: 1201
		Return Value: 0

	Instruction
		Name: clock_gettime
		Pid: 14552
		Spid: 14552
		Status: Finished
		Start: 1679572875661402
		Finish: 1679572875662252
		Duration: 850
		Return Value: 0

	Instruction
		Name: clock_gettime
		Pid: 14552
		Spid: 14552
		Status: Finished
		Start: 1679572875662511
		Finish: 1679572875663347
		Duration: 836
		Return Value: 0

	Instruction
		Name: clock_gettime
		Pid: 14552
		Spid: 14552
		Status: Finished
		Start: 1679572875663403
		Finish: 1679572875663907
		Duration: 504
		Return Value: 0

	Instruction
		Name: clock_gettime
		Pid: 14552
		Spid: 14552
		Status: Finished
		Start: 1679572875664014
		Finish: 1679572875664227
		Duration: 213
		Return Value: 0

	Instruction
		Name: clock_gettime
		Pid: 14552
		Spid: 14552
		Status: Finished
		Start: 1679572875664263
		Finish: 1679572875664447
		Duration: 184
		Return Value: 0

	Instruction
		Name: clock_gettime
		Pid: 14552
		Spid: 14552
		Status: Finished
		Start: 1679572875664539
		Finish: 1679572875664744
		Duration: 205
		Return Value: 0

	Instruction
		Name: clock_gettime
		Pid: 14552
		Spid: 14552
		Status: Finished
		Start: 1679572875664777
		Finish: 1679572875664963
		Duration: 186
		Return Value: 0

	Instruction
		Name: clock_gettime
		Pid: 14552
		Spid: 14552
		Status: Finished
		Start: 1679572875665024
		Finish: 1679572875665210
		Duration: 186
		Return Value: 0

	Instruction
		Name: clock_gettime
		Pid: 14552
		Spid: 14552
		Status: Finished
		Start: 1679572875665241
		Finish: 1679572875665418
		Duration: 177
		Return Value: 0

	Instruction
		Name: clock_gettime
		Pid: 14552
		Spid: 14552
		Status: Finished
		Start: 1679572875665463
		Finish: 1679572875665639
		Duration: 176
		Return Value: 0

	Instruction
		Name: clock_gettime
		Pid: 14552
		Spid: 14552
		Status: Finished
		Start: 1679572875665670
		Finish: 1679572875665862
		Duration: 192
		Return Value: 0

	Instruction
		Name: clock_gettime
		Pid: 14552
		Spid: 14552
		Status: Finished
		Start: 1679572875665931
		Finish: 1679572875666108
		Duration: 177
		Return Value: 0

	Instruction
		Name: clock_gettime
		Pid: 14552
		Spid: 14552
		Status: Finished
		Start: 1679572875666139
		Finish: 1679572875666314
		Duration: 175
		Return Value: 0

	Instruction
		Name: clock_gettime
		Pid: 14552
		Spid: 14552
		Status: Finished
		Start: 1679572875666401
		Finish: 1679572875666581
		Duration: 180
		Return Value: 0

	Instruction
		Name: clock_gettime
		Pid: 14552
		Spid: 14552
		Status: Finished
		Start: 1679572875666613
		Finish: 1679572875666802
		Duration: 189
		Return Value: 0

	Instruction
		Name: clock_gettime
		Pid: 14552
		Spid: 14552
		Status: Finished
		Start: 1679572875666872
		Finish: 1679572875667051
		Duration: 179
		Return Value: 0

	Instruction
		Name: clock_gettime
		Pid: 14552
		Spid: 14552
		Status: Finished
		Start: 1679572875667082
		Finish: 1679572875667256
		Duration: 174
		Return Value: 0

	Instruction
		Name: clock_gettime
		Pid: 14552
		Spid: 14552
		Status: Finished
		Start: 1679572875667303
		Finish: 1679572875667482
		Duration: 179
		Return Value: 0

	Instruction
		Name: clock_gettime
		Pid: 14552
		Spid: 14552
		Status: Finished
		Start: 1679572875667513
		Finish: 1679572875668126
		Duration: 613
		Return Value: 0

	Instruction
		Name: clock_gettime
		Pid: 14552
		Spid: 14552
		Status: Finished
		Start: 1679572875668317
		Finish: 1679572875669788
		Duration: 1471
		Return Value: 0

	Instruction
		Name: clock_gettime
		Pid: 14552
		Spid: 14552
		Status: Finished
		Start: 1679572875669903
		Finish: 1679572875673382
		Duration: 3479
		Return Value: 0

	Instruction
		Name: clock_gettime
		Pid: 14552
		Spid: 14552
		Status: Finished
		Start: 1679572875673767
		Finish: 1679572875674043
		Duration: 276
		Return Value: 0

	Instruction
		Name: clock_gettime
		Pid: 14552
		Spid: 14552
		Status: Finished
		Start: 1679572875674115
		Finish: 1679572875674774
		Duration: 659
		Return Value: 0

	Instruction
		Name: clock_gettime
		Pid: 14552
		Spid: 14552
		Status: Finished
		Start: 1679572875674894
		Finish: 1679572875675506
		Duration: 612
		Return Value: 0

	Instruction
		Name: clock_gettime
		Pid: 14552
		Spid: 14552
		Status: Finished
		Start: 1679572875675569
		Finish: 1679572875676136
		Duration: 567
		Return Value: 0

	Instruction
		Name: clock_gettime
		Pid: 14552
		Spid: 14552
		Status: Finished
		Start: 1679572875676300
		Finish: 1679572875676765
		Duration: 465
		Return Value: 0

	Instruction
		Name: clock_gettime
		Pid: 14552
		Spid: 14552
		Status: Finished
		Start: 1679572875676857
		Finish: 1679572875677649
		Duration: 792
		Return Value: 0

	Instruction
		Name: clock_gettime
		Pid: 14552
		Spid: 14552
		Status: Finished
		Start: 1679572875677831
		Finish: 1679572875678303
		Duration: 472
		Return Value: 0

	Instruction
		Name: clock_gettime
		Pid: 14552
		Spid: 14552
		Status: Finished
		Start: 1679572875678384
		Finish: 1679572875678647
		Duration: 263
		Return Value: 0

	Instruction
		Name: clock_gettime
		Pid: 14552
		Spid: 14552
		Status: Finished
		Start: 1679572875678789
		Finish: 1679572875679270
		Duration: 481
		Return Value: 0

	Instruction
		Name: clock_gettime
		Pid: 14552
		Spid: 14552
		Status: Finished
		Start: 1679572875679344
		Finish: 1679572875679559
		Duration: 215
		Return Value: 0

	Instruction
		Name: clock_gettime
		Pid: 14552
		Spid: 14552
		Status: Finished
		Start: 1679572875679687
		Finish: 1679572875680130
		Duration: 443
		Return Value: 0

	Instruction
		Name: clock_gettime
		Pid: 14552
		Spid: 14552
		Status: Finished
		Start: 1679572875680172
		Finish: 1679572875680600
		Duration: 428
		Return Value: 0

	Instruction
		Name: clock_gettime
		Pid: 14552
		Spid: 14552
		Status: Finished
		Start: 1679572875680665
		Finish: 1679572875681102
		Duration: 437
		Return Value: 0

	Instruction
		Name: clock_gettime
		Pid: 14552
		Spid: 14552
		Status: Finished
		Start: 1679572875681141
		Finish: 1679572875681642
		Duration: 501
		Return Value: 0

	Instruction
		Name: clock_gettime
		Pid: 14552
		Spid: 14552
		Status: Finished
		Start: 1679572875681713
		Finish: 1679572875682131
		Duration: 418
		Return Value: 0

	Instruction
		Name: clock_gettime
		Pid: 14552
		Spid: 14552
		Status: Finished
		Start: 1679572875682177
		Finish: 1679572875682602
		Duration: 425
		Return Value: 0

	Instruction
		Name: clock_gettime
		Pid: 14552
		Spid: 14552
		Status: Finished
		Start: 1679572875682687
		Finish: 1679572875683080
		Duration: 393
		Return Value: 0

	Instruction
		Name: write
		Pid: 14552
		Spid: 14552
		Status: Finished
		Start: 1679572875685285
		Finish: 1679572875686153
		Duration: 868
		Return Value: 8

	Instruction
		Name: clock_gettime
		Pid: 14552
		Spid: 14552
		Status: Finished
		Start: 1679572875686305
		Finish: 1679572875686608
		Duration: 303
		Return Value: 0

	Instruction
		Name: clock_gettime
		Pid: 14552
		Spid: 14552
		Status: Finished
		Start: 1679572875687473
		Finish: 1679572875688337
		Duration: 864
		Return Value: 0

	Instruction
		Name: clock_gettime
		Pid: 14552
		Spid: 14552
		Status: Finished
		Start: 1679572875688537
		Finish: 1679572875688868
		Duration: 331
		Return Value: 0

	Instruction
		Name: clock_gettime
		Pid: 14552
		Spid: 14552
		Status: Finished
		Start: 1679572875688958
		Finish: 1679572875689583
		Duration: 625
		Return Value: 0

	Instruction
		Name: clock_gettime
		Pid: 14552
		Spid: 14552
		Status: Finished
		Start: 1679572875689636
		Finish: 1679572875690230
		Duration: 594
		Return Value: 0

	Instruction
		Name: clock_gettime
		Pid: 14552
		Spid: 14552
		Status: Finished
		Start: 1679572875690402
		Finish: 1679572875690873
		Duration: 471
		Return Value: 0

	Instruction
		Name: clock_gettime
		Pid: 14552
		Spid: 14552
		Status: Finished
		Start: 1679572875690959
		Finish: 1679572875691224
		Duration: 265
		Return Value: 0

	Instruction
		Name: ioctl
		Pid: 14552
		Spid: 14552
		Status: Finished
		Start: 1679572875691344
		Finish: 1679572875701374
		Duration: 10030
		Return Value: 0

	Instruction
		Name: clock_gettime
		Pid: 14552
		Spid: 14552
		Status: Finished
		Start: 1679572875701434
		Finish: 1679572875702180
		Duration: 746
		Return Value: 0

	Instruction
		Name: clock_gettime
		Pid: 14552
		Spid: 14552
		Status: Finished
		Start: 1679572875702851
		Finish: 1679572875703626
		Duration: 775
		Return Value: 0

	Instruction
		Name: ioctl
		Pid: 14552
		Spid: 14552
		Status: Finished
		Start: 1679572875703696
		Finish: 1679572875704799
		Duration: 1103
		Return Value: 0

	Instruction
		Name: clock_gettime
		Pid: 14552
		Spid: 14552
		Status: Finished
		Start: 1679572875704918
		Finish: 1679572875707944
		Duration: 3026
		Return Value: 0

	Instruction
		Name: getuid
		Pid: 14552
		Spid: 14552
		Status: Finished
		Start: 1679572875708042
		Finish: 1679572875709573
		Duration: 1531
		Return Value: 10635

	Instruction
		Name: futex
		Pid: 14552
		Spid: 14552
		Status: Finished
		Start: 1679572875709798
		Finish: 1679572875712361
		Duration: 2563
		Return Value: 18446744073709551605

	Instruction
		Name: prctl
		Pid: 14552
		Spid: 14552
		Status: Finished
		Start: 1679572875712457
		Finish: 1679572875714021
		Duration: 1564
		Return Value: 1

	Instruction
		Name: mprotect
		Pid: 14552
		Spid: 14552
		Status: Finished
		Start: 1679572875714123
		Finish: 1679572875714762
		Duration: 639
		Return Value: 0

	Instruction
		Name: mprotect
		Pid: 14552
		Spid: 14552
		Status: Finished
		Start: 1679572875714796
		Finish: 1679572875715306
		Duration: 510
		Return Value: 0

	Instruction
		Name: mprotect
		Pid: 14552
		Spid: 14552
		Status: Finished
		Start: 1679572875715331
		Finish: 1679572875715841
		Duration: 510
		Return Value: 0

	Instruction
		Name: mprotect
		Pid: 14552
		Spid: 14552
		Status: Finished
		Start: 1679572875715871
		Finish: 1679572875716398
		Duration: 527
		Return Value: 0

	Instruction
		Name: mmap
		Pid: 14552
		Spid: 14552
		Status: Finished
		Start: 1679572875716426
		Finish: 1679572875716896
		Duration: 470
		Return Value: 492209745920

	Instruction
		Name: prctl
		Pid: 14552
		Spid: 14552
		Status: Finished
		Start: 1679572875716923
		Finish: 1679572875717360
		Duration: 437
		Return Value: 0

	Instruction
		Name: openat
		Pid: 14552
		Spid: 14552
		Status: Finished
		Start: 1679572875717444
		Finish: 1679572875717838
		Duration: 394
		Return Value: 18446744073709551614

	Instruction
		Name: openat
		Pid: 14552
		Spid: 14552
		Status: Finished
		Start: 1679572875717869
		Finish: 1679572875718341
		Duration: 472
		Return Value: 18446744073709551614

	Instruction
		Name: mprotect
		Pid: 14552
		Spid: 14552
		Status: Finished
		Start: 1679572875718389
		Finish: 1679572875718855
		Duration: 466
		Return Value: 0

	Instruction
		Name: mprotect
		Pid: 14552
		Spid: 14552
		Status: Finished
		Start: 1679572875718883
		Finish: 1679572875719397
		Duration: 514
		Return Value: 0

	Instruction
		Name: mprotect
		Pid: 14552
		Spid: 14552
		Status: Finished
		Start: 1679572875719424
		Finish: 1679572875720106
		Duration: 682
		Return Value: 0

	Instruction
		Name: mprotect
		Pid: 14552
		Spid: 14552
		Status: Finished
		Start: 1679572875720133
		Finish: 1679572875720953
		Duration: 820
		Return Value: 0

	Instruction
		Name: munmap
		Pid: 14552
		Spid: 14552
		Status: Finished
		Start: 1679572875721021
		Finish: 1679572875722015
		Duration: 994
		Return Value: 0

	Instruction
		Name: futex
		Pid: 14552
		Spid: 14552
		Status: Finished
		Start: 1679572875722068
		Finish: 1679572875722611
		Duration: 543
		Return Value: 0

	Instruction
		Name: clock_gettime
		Pid: 14552
		Spid: 14552
		Status: Finished
		Start: 1679572875723199
		Finish: 1679572875724376
		Duration: 1177
		Return Value: 0

	Instruction
		Name: clock_gettime
		Pid: 14552
		Spid: 14552
		Status: Finished
		Start: 1679572875724439
		Finish: 1679572875725107
		Duration: 668
		Return Value: 0

	Instruction
		Name: clock_gettime
		Pid: 14552
		Spid: 14552
		Status: Finished
		Start: 1679572875725212
		Finish: 1679572875725632
		Duration: 420
		Return Value: 0

	Instruction
		Name: clock_gettime
		Pid: 14552
		Spid: 14552
		Status: Finished
		Start: 1679572875725689
		Finish: 1679572875726161
		Duration: 472
		Return Value: 0

	Instruction
		Name: ioctl
		Pid: 14552
		Spid: 14552
		Status: Finished
		Start: 1679572875726197
		Finish: 1679572875726896
		Duration: 699
		Return Value: 0

	Instruction
		Name: clock_gettime
		Pid: 14552
		Spid: 14552
		Status: Finished
		Start: 1679572875726946
		Finish: 1679572875727592
		Duration: 646
		Return Value: 0

	Instruction
		Name: mprotect
		Pid: 14552
		Spid: 14552
		Status: Finished
		Start: 1679572875727908
		Finish: 1679572875728370
		Duration: 462
		Return Value: 0

	Instruction
		Name: mprotect
		Pid: 14552
		Spid: 14552
		Status: Finished
		Start: 1679572875728406
		Finish: 1679572875728885
		Duration: 479
		Return Value: 0

	Instruction
		Name: futex
		Pid: 14552
		Spid: 14552
		Status: Finished
		Start: 1679572875728915
		Finish: 1679572875729380
		Duration: 465
		Return Value: 0

	Instruction
		Name: clock_gettime
		Pid: 14552
		Spid: 14552
		Status: Finished
		Start: 1679572875729455
		Finish: 1679572875729855
		Duration: 400
		Return Value: 0

	Instruction
		Name: ioctl
		Pid: 14552
		Spid: 14552
		Status: Finished
		Start: 1679572875729890
		Finish: 1679572875731059
		Duration: 1169
		Return Value: 0

	Instruction
		Name: clock_gettime
		Pid: 14552
		Spid: 14552
		Status: Finished
		Start: 1679572875731118
		Finish: 1679572875731840
		Duration: 722
		Return Value: 0

	Instruction
		Name: write
		Pid: 14552
		Spid: 14552
		Status: Finished
		Start: 1679572875732883
		Finish: 1679572875733199
		Duration: 316
		Return Value: 8

	Instruction
		Name: write
		Pid: 14552
		Spid: 14552
		Status: Finished
		Start: 1679572875733262
		Finish: 1679572875733487
		Duration: 225
		Return Value: 8

	Instruction
		Name: clock_gettime
		Pid: 14552
		Spid: 14552
		Status: Finished
		Start: 1679572875736234
		Finish: 1679572875736566
		Duration: 332
		Return Value: 0

	Instruction
		Name: clock_gettime
		Pid: 14552
		Spid: 14552
		Status: Finished
		Start: 1679572875736630
		Finish: 1679572875736840
		Duration: 210
		Return Value: 0

	Instruction
		Name: clock_gettime
		Pid: 14552
		Spid: 14552
		Status: Finished
		Start: 1679572875736874
		Finish: 1679572875737054
		Duration: 180
		Return Value: 0

	Instruction
		Name: clock_gettime
		Pid: 14552
		Spid: 14552
		Status: Finished
		Start: 1679572875737192
		Finish: 1679572875737412
		Duration: 220
		Return Value: 0

	Instruction
		Name: clock_gettime
		Pid: 14552
		Spid: 14552
		Status: Finished
		Start: 1679572875737451
		Finish: 1679572875737641
		Duration: 190
		Return Value: 0

	Instruction
		Name: clock_gettime
		Pid: 14552
		Spid: 14552
		Status: Finished
		Start: 1679572875737699
		Finish: 1679572875738117
		Duration: 418
		Return Value: 0

	Instruction
		Name: clock_gettime
		Pid: 14552
		Spid: 14552
		Status: Finished
		Start: 1679572875738175
		Finish: 1679572875738486
		Duration: 311
		Return Value: 0

	Instruction
		Name: clock_gettime
		Pid: 14552
		Spid: 14552
		Status: Finished
		Start: 1679572875738555
		Finish: 1679572875738766
		Duration: 211
		Return Value: 0

	Instruction
		Name: clock_gettime
		Pid: 14552
		Spid: 14552
		Status: Finished
		Start: 1679572875738800
		Finish: 1679572875738999
		Duration: 199
		Return Value: 0

	Instruction
		Name: clock_gettime
		Pid: 14552
		Spid: 14552
		Status: Finished
		Start: 1679572875739077
		Finish: 1679572875739320
		Duration: 243
		Return Value: 0

	Instruction
		Name: clock_gettime
		Pid: 14552
		Spid: 14552
		Status: Finished
		Start: 1679572875739360
		Finish: 1679572875739545
		Duration: 185
		Return Value: 0

	Instruction
		Name: clock_gettime
		Pid: 14552
		Spid: 14552
		Status: Finished
		Start: 1679572875739583
		Finish: 1679572875739766
		Duration: 183
		Return Value: 0

	Instruction
		Name: clock_gettime
		Pid: 14552
		Spid: 14552
		Status: Finished
		Start: 1679572875740243
		Finish: 1679572875740533
		Duration: 290
		Return Value: 0

	Instruction
		Name: clock_gettime
		Pid: 14552
		Spid: 14552
		Status: Finished
		Start: 1679572875740587
		Finish: 1679572875740796
		Duration: 209
		Return Value: 0

	Instruction
		Name: clock_gettime
		Pid: 14552
		Spid: 14552
		Status: Finished
		Start: 1679572875740872
		Finish: 1679572875741074
		Duration: 202
		Return Value: 0

	Instruction
		Name: clock_gettime
		Pid: 14552
		Spid: 14552
		Status: Finished
		Start: 1679572875741120
		Finish: 1679572875741309
		Duration: 189
		Return Value: 0

	Instruction
		Name: ioctl
		Pid: 14552
		Spid: 14552
		Status: Finished
		Start: 1679572875741344
		Finish: 1679572875741896
		Duration: 552
		Return Value: 0

	Instruction
		Name: clock_gettime
		Pid: 14552
		Spid: 14552
		Status: Finished
		Start: 1679572875741963
		Finish: 1679572875742265
		Duration: 302
		Return Value: 0

	Instruction
		Name: futex
		Pid: 14552
		Spid: 14552
		Status: Finished
		Start: 1679572875742665
		Finish: 1679572875758934
		Duration: 16269
		Return Value: 0

	Instruction
		Name: clock_gettime
		Pid: 14552
		Spid: 14552
		Status: Finished
		Start: 1679572875759213
		Finish: 1679572875759487
		Duration: 274
		Return Value: 0

	Instruction
		Name: clock_gettime
		Pid: 14552
		Spid: 14552
		Status: Finished
		Start: 1679572875760866
		Finish: 1679572875761204
		Duration: 338
		Return Value: 0

	Instruction
		Name: clock_gettime
		Pid: 14552
		Spid: 14552
		Status: Finished
		Start: 1679572875761310
		Finish: 1679572875761919
		Duration: 609
		Return Value: 0

	Instruction
		Name: write
		Pid: 14552
		Spid: 14552
		Status: Finished
		Start: 1679572875762038
		Finish: 1679572875762664
		Duration: 626
		Return Value: 8

	Instruction
		Name: clock_gettime
		Pid: 14552
		Spid: 14552
		Status: Finished
		Start: 1679572875763152
		Finish: 1679572875763911
		Duration: 759
		Return Value: 0

	Instruction
		Name: clock_gettime
		Pid: 14552
		Spid: 14552
		Status: Finished
		Start: 1679572875764046
		Finish: 1679572875764503
		Duration: 457
		Return Value: 0

	Instruction
		Name: clock_gettime
		Pid: 14552
		Spid: 14552
		Status: Finished
		Start: 1679572875764566
		Finish: 1679572875765114
		Duration: 548
		Return Value: 0

	Instruction
		Name: clock_gettime
		Pid: 14552
		Spid: 14552
		Status: Finished
		Start: 1679572875765565
		Finish: 1679572875766138
		Duration: 573
		Return Value: 0

	Instruction
		Name: clock_gettime
		Pid: 14552
		Spid: 14552
		Status: Finished
		Start: 1679572875766215
		Finish: 1679572875766853
		Duration: 638
		Return Value: 0

	Instruction
		Name: clock_gettime
		Pid: 14552
		Spid: 14552
		Status: Finished
		Start: 1679572875766963
		Finish: 1679572875767199
		Duration: 236
		Return Value: 0

	Instruction
		Name: clock_gettime
		Pid: 14552
		Spid: 14552
		Status: Finished
		Start: 1679572875767231
		Finish: 1679572875767423
		Duration: 192
		Return Value: 0

	Instruction
		Name: clock_gettime
		Pid: 14552
		Spid: 14552
		Status: Finished
		Start: 1679572875767450
		Finish: 1679572875767634
		Duration: 184
		Return Value: 0

	Instruction
		Name: clock_gettime
		Pid: 14552
		Spid: 14552
		Status: Finished
		Start: 1679572875767714
		Finish: 1679572875767931
		Duration: 217
		Return Value: 0

	Instruction
		Name: clock_gettime
		Pid: 14552
		Spid: 14552
		Status: Finished
		Start: 1679572875768026
		Finish: 1679572875768216
		Duration: 190
		Return Value: 0

	Instruction
		Name: clock_gettime
		Pid: 14552
		Spid: 14552
		Status: Finished
		Start: 1679572875768250
		Finish: 1679572875768431
		Duration: 181
		Return Value: 0

	Instruction
		Name: clock_gettime
		Pid: 14552
		Spid: 14552
		Status: Finished
		Start: 1679572875768508
		Finish: 1679572875768691
		Duration: 183
		Return Value: 0

	Instruction
		Name: clock_gettime
		Pid: 14552
		Spid: 14552
		Status: Finished
		Start: 1679572875768727
		Finish: 1679572875768905
		Duration: 178
		Return Value: 0

	Instruction
		Name: clock_gettime
		Pid: 14552
		Spid: 14552
		Status: Finished
		Start: 1679572875768976
		Finish: 1679572875769175
		Duration: 199
		Return Value: 0

	Instruction
		Name: clock_gettime
		Pid: 14552
		Spid: 14552
		Status: Finished
		Start: 1679572875769209
		Finish: 1679572875769391
		Duration: 182
		Return Value: 0

	Instruction
		Name: clock_gettime
		Pid: 14552
		Spid: 14552
		Status: Finished
		Start: 1679572875769489
		Finish: 1679572875769672
		Duration: 183
		Return Value: 0

	Instruction
		Name: clock_gettime
		Pid: 14552
		Spid: 14552
		Status: Finished
		Start: 1679572875769715
		Finish: 1679572875769902
		Duration: 187
		Return Value: 0

	Instruction
		Name: clock_gettime
		Pid: 14552
		Spid: 14552
		Status: Finished
		Start: 1679572875769936
		Finish: 1679572875770118
		Duration: 182
		Return Value: 0

	Instruction
		Name: clock_gettime
		Pid: 14552
		Spid: 14552
		Status: Finished
		Start: 1679572875770296
		Finish: 1679572875770515
		Duration: 219
		Return Value: 0

	Instruction
		Name: clock_gettime
		Pid: 14552
		Spid: 14552
		Status: Finished
		Start: 1679572875770594
		Finish: 1679572875770784
		Duration: 190
		Return Value: 0

	Instruction
		Name: clock_gettime
		Pid: 14552
		Spid: 14552
		Status: Finished
		Start: 1679572875770825
		Finish: 1679572875772690
		Duration: 1865
		Return Value: 0

	Instruction
		Name: clock_gettime
		Pid: 14552
		Spid: 14552
		Status: Finished
		Start: 1679572875772729
		Finish: 1679572875772934
		Duration: 205
		Return Value: 0

	Instruction
		Name: clock_gettime
		Pid: 14552
		Spid: 14552
		Status: Finished
		Start: 1679572875773022
		Finish: 1679572875773238
		Duration: 216
		Return Value: 0

	Instruction
		Name: clock_gettime
		Pid: 14552
		Spid: 14552
		Status: Finished
		Start: 1679572875773317
		Finish: 1679572875773510
		Duration: 193
		Return Value: 0

	Instruction
		Name: clock_gettime
		Pid: 14552
		Spid: 14552
		Status: Finished
		Start: 1679572875773545
		Finish: 1679572875773730
		Duration: 185
		Return Value: 0

	Instruction
		Name: clock_gettime
		Pid: 14552
		Spid: 14552
		Status: Finished
		Start: 1679572875773764
		Finish: 1679572875773942
		Duration: 178
		Return Value: 0

	Instruction
		Name: clock_gettime
		Pid: 14552
		Spid: 14552
		Status: Finished
		Start: 1679572875773982
		Finish: 1679572875774165
		Duration: 183
		Return Value: 0

	Instruction
		Name: clock_gettime
		Pid: 14552
		Spid: 14552
		Status: Finished
		Start: 1679572875774233
		Finish: 1679572875774434
		Duration: 201
		Return Value: 0

	Instruction
		Name: clock_gettime
		Pid: 14552
		Spid: 14552
		Status: Finished
		Start: 1679572875774467
		Finish: 1679572875774652
		Duration: 185
		Return Value: 0

	Instruction
		Name: clock_gettime
		Pid: 14552
		Spid: 14552
		Status: Finished
		Start: 1679572875774709
		Finish: 1679572875775021
		Duration: 312
		Return Value: 0

	Instruction
		Name: clock_gettime
		Pid: 14552
		Spid: 14552
		Status: Finished
		Start: 1679572875775060
		Finish: 1679572875775337
		Duration: 277
		Return Value: 0

	Instruction
		Name: clock_gettime
		Pid: 14552
		Spid: 14552
		Status: Finished
		Start: 1679572875775399
		Finish: 1679572875775592
		Duration: 193
		Return Value: 0

	Instruction
		Name: clock_gettime
		Pid: 14552
		Spid: 14552
		Status: Finished
		Start: 1679572875775625
		Finish: 1679572875775827
		Duration: 202
		Return Value: 0

	Instruction
		Name: clock_gettime
		Pid: 14552
		Spid: 14552
		Status: Finished
		Start: 1679572875775880
		Finish: 1679572875776065
		Duration: 185
		Return Value: 0

	Instruction
		Name: clock_gettime
		Pid: 14552
		Spid: 14552
		Status: Finished
		Start: 1679572875776096
		Finish: 1679572875776273
		Duration: 177
		Return Value: 0

	Instruction
		Name: clock_gettime
		Pid: 14552
		Spid: 14552
		Status: Finished
		Start: 1679572875776334
		Finish: 1679572875776937
		Duration: 603
		Return Value: 0

	Instruction
		Name: clock_gettime
		Pid: 14552
		Spid: 14552
		Status: Finished
		Start: 1679572875777000
		Finish: 1679572875777226
		Duration: 226
		Return Value: 0

	Instruction
		Name: clock_gettime
		Pid: 14552
		Spid: 14552
		Status: Finished
		Start: 1679572875777283
		Finish: 1679572875777470
		Duration: 187
		Return Value: 0

	Instruction
		Name: clock_gettime
		Pid: 14552
		Spid: 14552
		Status: Finished
		Start: 1679572875777502
		Finish: 1679572875777681
		Duration: 179
		Return Value: 0

	Instruction
		Name: clock_gettime
		Pid: 14552
		Spid: 14552
		Status: Finished
		Start: 1679572875777736
		Finish: 1679572875777919
		Duration: 183
		Return Value: 0

	Instruction
		Name: clock_gettime
		Pid: 14552
		Spid: 14552
		Status: Finished
		Start: 1679572875777955
		Finish: 1679572875778137
		Duration: 182
		Return Value: 0

	Instruction
		Name: clock_gettime
		Pid: 14552
		Spid: 14552
		Status: Finished
		Start: 1679572875778185
		Finish: 1679572875778376
		Duration: 191
		Return Value: 0

	Instruction
		Name: clock_gettime
		Pid: 14552
		Spid: 14552
		Status: Finished
		Start: 1679572875778407
		Finish: 1679572875778585
		Duration: 178
		Return Value: 0

	Instruction
		Name: clock_gettime
		Pid: 14552
		Spid: 14552
		Status: Finished
		Start: 1679572875778632
		Finish: 1679572875778812
		Duration: 180
		Return Value: 0

	Instruction
		Name: clock_gettime
		Pid: 14552
		Spid: 14552
		Status: Finished
		Start: 1679572875778842
		Finish: 1679572875779020
		Duration: 178
		Return Value: 0

	Instruction
		Name: clock_gettime
		Pid: 14552
		Spid: 14552
		Status: Finished
		Start: 1679572875779066
		Finish: 1679572875779242
		Duration: 176
		Return Value: 0

	Instruction
		Name: clock_gettime
		Pid: 14552
		Spid: 14552
		Status: Finished
		Start: 1679572875779272
		Finish: 1679572875779461
		Duration: 189
		Return Value: 0

	Instruction
		Name: clock_gettime
		Pid: 14552
		Spid: 14552
		Status: Finished
		Start: 1679572875779509
		Finish: 1679572875779687
		Duration: 178
		Return Value: 0

	Instruction
		Name: clock_gettime
		Pid: 14552
		Spid: 14552
		Status: Finished
		Start: 1679572875779716
		Finish: 1679572875779891
		Duration: 175
		Return Value: 0

	Instruction
		Name: clock_gettime
		Pid: 14552
		Spid: 14552
		Status: Finished
		Start: 1679572875779938
		Finish: 1679572875780113
		Duration: 175
		Return Value: 0

	Instruction
		Name: clock_gettime
		Pid: 14552
		Spid: 14552
		Status: Finished
		Start: 1679572875780141
		Finish: 1679572875780330
		Duration: 189
		Return Value: 0

	Instruction
		Name: clock_gettime
		Pid: 14552
		Spid: 14552
		Status: Finished
		Start: 1679572875780375
		Finish: 1679572875780549
		Duration: 174
		Return Value: 0

	Instruction
		Name: clock_gettime
		Pid: 14552
		Spid: 14552
		Status: Finished
		Start: 1679572875780579
		Finish: 1679572875780759
		Duration: 180
		Return Value: 0

	Instruction
		Name: clock_gettime
		Pid: 14552
		Spid: 14552
		Status: Finished
		Start: 1679572875780804
		Finish: 1679572875780981
		Duration: 177
		Return Value: 0

	Instruction
		Name: clock_gettime
		Pid: 14552
		Spid: 14552
		Status: Finished
		Start: 1679572875781010
		Finish: 1679572875781187
		Duration: 177
		Return Value: 0

	Instruction
		Name: clock_gettime
		Pid: 14552
		Spid: 14552
		Status: Finished
		Start: 1679572875781233
		Finish: 1679572875781429
		Duration: 196
		Return Value: 0

	Instruction
		Name: clock_gettime
		Pid: 14552
		Spid: 14552
		Status: Finished
		Start: 1679572875781460
		Finish: 1679572875781681
		Duration: 221
		Return Value: 0

	Instruction
		Name: clock_gettime
		Pid: 14552
		Spid: 14552
		Status: Finished
		Start: 1679572875781731
		Finish: 1679572875781921
		Duration: 190
		Return Value: 0

	Instruction
		Name: clock_gettime
		Pid: 14552
		Spid: 14552
		Status: Finished
		Start: 1679572875781952
		Finish: 1679572875782126
		Duration: 174
		Return Value: 0

	Instruction
		Name: clock_gettime
		Pid: 14552
		Spid: 14552
		Status: Finished
		Start: 1679572875782174
		Finish: 1679572875782350
		Duration: 176
		Return Value: 0

	Instruction
		Name: clock_gettime
		Pid: 14552
		Spid: 14552
		Status: Finished
		Start: 1679572875782380
		Finish: 1679572875782572
		Duration: 192
		Return Value: 0

	Instruction
		Name: clock_gettime
		Pid: 14552
		Spid: 14552
		Status: Finished
		Start: 1679572875782618
		Finish: 1679572875782792
		Duration: 174
		Return Value: 0

	Instruction
		Name: clock_gettime
		Pid: 14552
		Spid: 14552
		Status: Finished
		Start: 1679572875782822
		Finish: 1679572875782996
		Duration: 174
		Return Value: 0

	Instruction
		Name: clock_gettime
		Pid: 14552
		Spid: 14552
		Status: Finished
		Start: 1679572875783041
		Finish: 1679572875783216
		Duration: 175
		Return Value: 0

	Instruction
		Name: clock_gettime
		Pid: 14552
		Spid: 14552
		Status: Finished
		Start: 1679572875783246
		Finish: 1679572875783436
		Duration: 190
		Return Value: 0

	Instruction
		Name: clock_gettime
		Pid: 14552
		Spid: 14552
		Status: Finished
		Start: 1679572875783482
		Finish: 1679572875783657
		Duration: 175
		Return Value: 0

	Instruction
		Name: clock_gettime
		Pid: 14552
		Spid: 14552
		Status: Finished
		Start: 1679572875783686
		Finish: 1679572875783860
		Duration: 174
		Return Value: 0

	Instruction
		Name: clock_gettime
		Pid: 14552
		Spid: 14552
		Status: Finished
		Start: 1679572875783903
		Finish: 1679572875784081
		Duration: 178
		Return Value: 0

	Instruction
		Name: clock_gettime
		Pid: 14552
		Spid: 14552
		Status: Finished
		Start: 1679572875784109
		Finish: 1679572875784287
		Duration: 178
		Return Value: 0

	Instruction
		Name: clock_gettime
		Pid: 14552
		Spid: 14552
		Status: Finished
		Start: 1679572875784333
		Finish: 1679572875784525
		Duration: 192
		Return Value: 0

	Instruction
		Name: clock_gettime
		Pid: 14552
		Spid: 14552
		Status: Finished
		Start: 1679572875784565
		Finish: 1679572875785120
		Duration: 555
		Return Value: 0

	Instruction
		Name: clock_gettime
		Pid: 14552
		Spid: 14552
		Status: Finished
		Start: 1679572875785272
		Finish: 1679572875785477
		Duration: 205
		Return Value: 0

	Instruction
		Name: clock_gettime
		Pid: 14552
		Spid: 14552
		Status: Finished
		Start: 1679572875785520
		Finish: 1679572875785707
		Duration: 187
		Return Value: 0

	Instruction
		Name: clock_gettime
		Pid: 14552
		Spid: 14552
		Status: Finished
		Start: 1679572875785740
		Finish: 1679572875785919
		Duration: 179
		Return Value: 0

	Instruction
		Name: clock_gettime
		Pid: 14552
		Spid: 14552
		Status: Finished
		Start: 1679572875785948
		Finish: 1679572875786142
		Duration: 194
		Return Value: 0

	Instruction
		Name: clock_gettime
		Pid: 14552
		Spid: 14552
		Status: Finished
		Start: 1679572875786176
		Finish: 1679572875786348
		Duration: 172
		Return Value: 0

	Instruction
		Name: clock_gettime
		Pid: 14552
		Spid: 14552
		Status: Finished
		Start: 1679572875786380
		Finish: 1679572875786558
		Duration: 178
		Return Value: 0

	Instruction
		Name: clock_gettime
		Pid: 14552
		Spid: 14552
		Status: Finished
		Start: 1679572875786599
		Finish: 1679572875786779
		Duration: 180
		Return Value: 0

	Instruction
		Name: clock_gettime
		Pid: 14552
		Spid: 14552
		Status: Finished
		Start: 1679572875786881
		Finish: 1679572875787082
		Duration: 201
		Return Value: 0

	Instruction
		Name: clock_gettime
		Pid: 14552
		Spid: 14552
		Status: Finished
		Start: 1679572875787145
		Finish: 1679572875787372
		Duration: 227
		Return Value: 0

	Instruction
		Name: clock_gettime
		Pid: 14552
		Spid: 14552
		Status: Finished
		Start: 1679572875787409
		Finish: 1679572875788379
		Duration: 970
		Return Value: 0

	Instruction
		Name: clock_gettime
		Pid: 14552
		Spid: 14552
		Status: Finished
		Start: 1679572875788499
		Finish: 1679572875788825
		Duration: 326
		Return Value: 0

	Instruction
		Name: clock_gettime
		Pid: 14552
		Spid: 14552
		Status: Finished
		Start: 1679572875788870
		Finish: 1679572875789065
		Duration: 195
		Return Value: 0

	Instruction
		Name: clock_gettime
		Pid: 14552
		Spid: 14552
		Status: Finished
		Start: 1679572875789100
		Finish: 1679572875789299
		Duration: 199
		Return Value: 0

	Instruction
		Name: clock_gettime
		Pid: 14552
		Spid: 14552
		Status: Finished
		Start: 1679572875789333
		Finish: 1679572875789514
		Duration: 181
		Return Value: 0

	Instruction
		Name: clock_gettime
		Pid: 14552
		Spid: 14552
		Status: Finished
		Start: 1679572875789580
		Finish: 1679572875789765
		Duration: 185
		Return Value: 0

	Instruction
		Name: clock_gettime
		Pid: 14552
		Spid: 14552
		Status: Finished
		Start: 1679572875789809
		Finish: 1679572875789992
		Duration: 183
		Return Value: 0

	Instruction
		Name: clock_gettime
		Pid: 14552
		Spid: 14552
		Status: Finished
		Start: 1679572875790056
		Finish: 1679572875790241
		Duration: 185
		Return Value: 0

	Instruction
		Name: clock_gettime
		Pid: 14552
		Spid: 14552
		Status: Finished
		Start: 1679572875790274
		Finish: 1679572875790471
		Duration: 197
		Return Value: 0

	Instruction
		Name: clock_gettime
		Pid: 14552
		Spid: 14552
		Status: Finished
		Start: 1679572875790556
		Finish: 1679572875790738
		Duration: 182
		Return Value: 0

	Instruction
		Name: clock_gettime
		Pid: 14552
		Spid: 14552
		Status: Finished
		Start: 1679572875790774
		Finish: 1679572875790955
		Duration: 181
		Return Value: 0

	Instruction
		Name: clock_gettime
		Pid: 14552
		Spid: 14552
		Status: Finished
		Start: 1679572875790986
		Finish: 1679572875791164
		Duration: 178
		Return Value: 0

	Instruction
		Name: clock_gettime
		Pid: 14552
		Spid: 14552
		Status: Finished
		Start: 1679572875791195
		Finish: 1679572875791386
		Duration: 191
		Return Value: 0

	Instruction
		Name: clock_gettime
		Pid: 14552
		Spid: 14552
		Status: Finished
		Start: 1679572875791453
		Finish: 1679572875792225
		Duration: 772
		Return Value: 0

	Instruction
		Name: clock_gettime
		Pid: 14552
		Spid: 14552
		Status: Finished
		Start: 1679572875792294
		Finish: 1679572875793030
		Duration: 736
		Return Value: 0

	Instruction
		Name: clock_gettime
		Pid: 14552
		Spid: 14552
		Status: Finished
		Start: 1679572875793102
		Finish: 1679572875793417
		Duration: 315
		Return Value: 0

	Instruction
		Name: clock_gettime
		Pid: 14552
		Spid: 14552
		Status: Finished
		Start: 1679572875793824
		Finish: 1679572875794150
		Duration: 326
		Return Value: 0

	Instruction
		Name: clock_gettime
		Pid: 14552
		Spid: 14552
		Status: Finished
		Start: 1679572875794250
		Finish: 1679572875794934
		Duration: 684
		Return Value: 0

	Instruction
		Name: clock_gettime
		Pid: 14552
		Spid: 14552
		Status: Finished
		Start: 1679572875795044
		Finish: 1679572875795843
		Duration: 799
		Return Value: 0

	Instruction
		Name: clock_gettime
		Pid: 14552
		Spid: 14552
		Status: Finished
		Start: 1679572875795943
		Finish: 1679572875796424
		Duration: 481
		Return Value: 0

	Instruction
		Name: clock_gettime
		Pid: 14552
		Spid: 14552
		Status: Finished
		Start: 1679572875796475
		Finish: 1679572875796925
		Duration: 450
		Return Value: 0

	Instruction
		Name: clock_gettime
		Pid: 14552
		Spid: 14552
		Status: Finished
		Start: 1679572875797011
		Finish: 1679572875797496
		Duration: 485
		Return Value: 0

	Instruction
		Name: clock_gettime
		Pid: 14552
		Spid: 14552
		Status: Finished
		Start: 1679572875797540
		Finish: 1679572875798066
		Duration: 526
		Return Value: 0

	Instruction
		Name: clock_gettime
		Pid: 14552
		Spid: 14552
		Status: Finished
		Start: 1679572875798139
		Finish: 1679572875798538
		Duration: 399
		Return Value: 0

	Instruction
		Name: clock_gettime
		Pid: 14552
		Spid: 14552
		Status: Finished
		Start: 1679572875798578
		Finish: 1679572875799065
		Duration: 487
		Return Value: 0

	Instruction
		Name: clock_gettime
		Pid: 14552
		Spid: 14552
		Status: Finished
		Start: 1679572875799136
		Finish: 1679572875799537
		Duration: 401
		Return Value: 0

LIST OF ALL NOT TERMINATED INSTRUCTIONS

