
LIST OF ALL TERMINATED INSTRUCTIONS

	Instruction
		Name: clock_gettime
		Pid: 18138
		Spid: 18138
		Status: Finished
		Start: 1682861410282717
		Finish: 1682861410284799
		Duration: 2082
		Return Value: 0

	Instruction
		Name: epoll_pwait
		Pid: 18138
		Spid: 18138
		Status: Finished
		Start: 1682861410285204
		Finish: 1682861410287892
		Duration: 2688
		Return Value: 1

	Instruction
		Name: recvfrom
		Pid: 18138
		Spid: 18138
		Status: Finished
		Start: 1682861410288106
		Finish: 1682861410290232
		Duration: 2126
		Return Value: 64

	Instruction
		Name: recvfrom
		Pid: 18138
		Spid: 18138
		Status: Finished
		Start: 1682861410290358
		Finish: 1682861410290978
		Duration: 620
		Return Value: 18446744073709551605

	Instruction
		Name: clock_gettime
		Pid: 18138
		Spid: 18138
		Status: Finished
		Start: 1682861410291155
		Finish: 1682861410291676
		Duration: 521
		Return Value: 0

	Instruction
		Name: clock_gettime
		Pid: 18138
		Spid: 18138
		Status: Finished
		Start: 1682861410291814
		Finish: 1682861410292321
		Duration: 507
		Return Value: 0

	Instruction
		Name: gettimeofday
		Pid: 18138
		Spid: 18138
		Status: Finished
		Start: 1682861410292375
		Finish: 1682861410297236
		Duration: 4861
		Return Value: 0

	Instruction
		Name: write
		Pid: 18138
		Spid: 18138
		Status: Finished
		Start: 1682861410297316
		Finish: 1682861410297596
		Duration: 280
		Return Value: 8

	Instruction
		Name: clock_gettime
		Pid: 18138
		Spid: 18138
		Status: Finished
		Start: 1682861410297649
		Finish: 1682861410297869
		Duration: 220
		Return Value: 0

	Instruction
		Name: clock_gettime
		Pid: 18343
		Spid: 18343
		Status: Finished
		Start: 1682861455042888
		Finish: 1682861455043573
		Duration: 685
		Return Value: 0

	Instruction
		Name: clock_gettime
		Pid: 18343
		Spid: 18343
		Status: Finished
		Start: 1682861455043718
		Finish: 1682861455044384
		Duration: 666
		Return Value: 0

	Instruction
		Name: gettimeofday
		Pid: 18343
		Spid: 18343
		Status: Finished
		Start: 1682861455044499
		Finish: 1682861455047859
		Duration: 3360
		Return Value: 0

	Instruction
		Name: read
		Pid: 18343
		Spid: 18343
		Status: Finished
		Start: 1682861455048429
		Finish: 1682861455049240
		Duration: 811
		Return Value: 48

	Instruction
		Name: clock_gettime
		Pid: 18343
		Spid: 18343
		Status: Finished
		Start: 1682861455049399
		Finish: 1682861455050084
		Duration: 685
		Return Value: 0

	Instruction
		Name: clock_gettime
		Pid: 18343
		Spid: 18343
		Status: Finished
		Start: 1682861455050190
		Finish: 1682861455050803
		Duration: 613
		Return Value: 0

	Instruction
		Name: clock_gettime
		Pid: 18343
		Spid: 18343
		Status: Finished
		Start: 1682861455050955
		Finish: 1682861455051462
		Duration: 507
		Return Value: 0

	Instruction
		Name: clock_gettime
		Pid: 18343
		Spid: 18343
		Status: Finished
		Start: 1682861455051614
		Finish: 1682861455052668
		Duration: 1054
		Return Value: 0

	Instruction
		Name: clock_gettime
		Pid: 18343
		Spid: 18343
		Status: Finished
		Start: 1682861455052726
		Finish: 1682861455053239
		Duration: 513
		Return Value: 0

	Instruction
		Name: clock_gettime
		Pid: 18343
		Spid: 18343
		Status: Finished
		Start: 1682861455053277
		Finish: 1682861455053773
		Duration: 496
		Return Value: 0

	Instruction
		Name: clock_gettime
		Pid: 18343
		Spid: 18343
		Status: Finished
		Start: 1682861455053807
		Finish: 1682861455054265
		Duration: 458
		Return Value: 0

	Instruction
		Name: clock_gettime
		Pid: 18343
		Spid: 18343
		Status: Finished
		Start: 1682861455054303
		Finish: 1682861455054746
		Duration: 443
		Return Value: 0

	Instruction
		Name: clock_gettime
		Pid: 18343
		Spid: 18343
		Status: Finished
		Start: 1682861455054783
		Finish: 1682861455055490
		Duration: 707
		Return Value: 0

	Instruction
		Name: write
		Pid: 18343
		Spid: 18343
		Status: Finished
		Start: 1682861455055625
		Finish: 1682861455056109
		Duration: 484
		Return Value: 8

	Instruction
		Name: clock_gettime
		Pid: 18343
		Spid: 18343
		Status: Finished
		Start: 1682861455056579
		Finish: 1682861455057077
		Duration: 498
		Return Value: 0

	Instruction
		Name: futex
		Pid: 18343
		Spid: 18343
		Status: Finished
		Start: 1682861455057693
		Finish: 1682861455058223
		Duration: 530
		Return Value: 0

	Instruction
		Name: futex
		Pid: 18343
		Spid: 18343
		Status: Finished
		Start: 1682861455058286
		Finish: 1682861455058855
		Duration: 569
		Return Value: 0

	Instruction
		Name: clock_gettime
		Pid: 18343
		Spid: 18343
		Status: Finished
		Start: 1682861455068697
		Finish: 1682861455069391
		Duration: 694
		Return Value: 0

	Instruction
		Name: clock_gettime
		Pid: 18343
		Spid: 18343
		Status: Finished
		Start: 1682861455069507
		Finish: 1682861455070046
		Duration: 539
		Return Value: 0

	Instruction
		Name: recvfrom
		Pid: 18343
		Spid: 18343
		Status: Finished
		Start: 1682861455070236
		Finish: 1682861455070726
		Duration: 490
		Return Value: 18446744073709551605

	Instruction
		Name: ioctl
		Pid: 18343
		Spid: 18343
		Status: Finished
		Start: 1682861455070827
		Finish: 1682861455071460
		Duration: 633
		Return Value: 0

	Instruction
		Name: clock_gettime
		Pid: 18343
		Spid: 18343
		Status: Finished
		Start: 1682861455071909
		Finish: 1682861455072841
		Duration: 932
		Return Value: 0

	Instruction
		Name: clock_gettime
		Pid: 18343
		Spid: 18343
		Status: Finished
		Start: 1682861455072941
		Finish: 1682861455073520
		Duration: 579
		Return Value: 0

	Instruction
		Name: write
		Pid: 18343
		Spid: 18343
		Status: Finished
		Start: 1682861455073647
		Finish: 1682861455074344
		Duration: 697
		Return Value: 8

	Instruction
		Name: clock_gettime
		Pid: 18343
		Spid: 18343
		Status: Finished
		Start: 1682861455075569
		Finish: 1682861455076180
		Duration: 611
		Return Value: 0

	Instruction
		Name: write
		Pid: 18343
		Spid: 18343
		Status: Finished
		Start: 1682861455076241
		Finish: 1682861455077207
		Duration: 966
		Return Value: 8

	Instruction
		Name: futex
		Pid: 18343
		Spid: 18343
		Status: Finished
		Start: 1682861455077267
		Finish: 1682861455080809
		Duration: 3542
		Return Value: 1

	Instruction
		Name: futex
		Pid: 18343
		Spid: 18343
		Status: Finished
		Start: 1682861455081486
		Finish: 1682861455083736
		Duration: 2250
		Return Value: 18446744073709551605

	Instruction
		Name: clock_gettime
		Pid: 18343
		Spid: 18343
		Status: Finished
		Start: 1682861455083933
		Finish: 1682861455084590
		Duration: 657
		Return Value: 0

	Instruction
		Name: clock_gettime
		Pid: 18343
		Spid: 18343
		Status: Finished
		Start: 1682861455084755
		Finish: 1682861455085300
		Duration: 545
		Return Value: 0

	Instruction
		Name: read
		Pid: 18343
		Spid: 18343
		Status: Finished
		Start: 1682861455085359
		Finish: 1682861455085931
		Duration: 572
		Return Value: 48

	Instruction
		Name: getuid
		Pid: 18343
		Spid: 18343
		Status: Finished
		Start: 1682861455086046
		Finish: 1682861455086854
		Duration: 808
		Return Value: 10327

	Instruction
		Name: epoll_pwait
		Pid: 18343
		Spid: 18343
		Status: Finished
		Start: 1682861455086966
		Finish: 1682861455087616
		Duration: 650
		Return Value: 2

	Instruction
		Name: read
		Pid: 18343
		Spid: 18343
		Status: Finished
		Start: 1682861455087684
		Finish: 1682861455088240
		Duration: 556
		Return Value: 8

	Instruction
		Name: recvfrom
		Pid: 18343
		Spid: 18343
		Status: Finished
		Start: 1682861455088312
		Finish: 1682861455088924
		Duration: 612
		Return Value: 64

	Instruction
		Name: recvfrom
		Pid: 18343
		Spid: 18343
		Status: Finished
		Start: 1682861455088988
		Finish: 1682861455089600
		Duration: 612
		Return Value: 18446744073709551605

	Instruction
		Name: clock_gettime
		Pid: 18343
		Spid: 18343
		Status: Finished
		Start: 1682861455089775
		Finish: 1682861455090279
		Duration: 504
		Return Value: 0

	Instruction
		Name: clock_gettime
		Pid: 18343
		Spid: 18343
		Status: Finished
		Start: 1682861455090422
		Finish: 1682861455090989
		Duration: 567
		Return Value: 0

	Instruction
		Name: gettimeofday
		Pid: 18343
		Spid: 18343
		Status: Finished
		Start: 1682861455091078
		Finish: 1682861455091638
		Duration: 560
		Return Value: 0

	Instruction
		Name: clock_gettime
		Pid: 18343
		Spid: 18343
		Status: Finished
		Start: 1682861455091915
		Finish: 1682861455092598
		Duration: 683
		Return Value: 0

	Instruction
		Name: clock_gettime
		Pid: 18343
		Spid: 18343
		Status: Finished
		Start: 1682861455092731
		Finish: 1682861455093211
		Duration: 480
		Return Value: 0

	Instruction
		Name: gettimeofday
		Pid: 18343
		Spid: 18343
		Status: Finished
		Start: 1682861455093266
		Finish: 1682861455093993
		Duration: 727
		Return Value: 0

	Instruction
		Name: read
		Pid: 18343
		Spid: 18343
		Status: Finished
		Start: 1682861455094149
		Finish: 1682861455094887
		Duration: 738
		Return Value: 48

	Instruction
		Name: clock_gettime
		Pid: 18343
		Spid: 18343
		Status: Finished
		Start: 1682861455095746
		Finish: 1682861455099300
		Duration: 3554
		Return Value: 0

	Instruction
		Name: futex
		Pid: 18343
		Spid: 18343
		Status: Finished
		Start: 1682861455099394
		Finish: 1682861455100099
		Duration: 705
		Return Value: 0

	Instruction
		Name: futex
		Pid: 18343
		Spid: 18343
		Status: Finished
		Start: 1682861455100219
		Finish: 1682861455100728
		Duration: 509
		Return Value: 1

	Instruction
		Name: futex
		Pid: 18343
		Spid: 18343
		Status: Finished
		Start: 1682861455100785
		Finish: 1682861455101344
		Duration: 559
		Return Value: 1

	Instruction
		Name: read
		Pid: 18343
		Spid: 18343
		Status: Finished
		Start: 1682861455101420
		Finish: 1682861455102434
		Duration: 1014
		Return Value: 48

	Instruction
		Name: getuid
		Pid: 18343
		Spid: 18343
		Status: Finished
		Start: 1682861455102838
		Finish: 1682861455103554
		Duration: 716
		Return Value: 10327

	Instruction
		Name: epoll_pwait
		Pid: 18343
		Spid: 18343
		Status: Finished
		Start: 1682861455103677
		Finish: 1682861455104287
		Duration: 610
		Return Value: 0

	Instruction
		Name: clock_gettime
		Pid: 18343
		Spid: 18343
		Status: Finished
		Start: 1682861455104378
		Finish: 1682861455104983
		Duration: 605
		Return Value: 0

	Instruction
		Name: clock_gettime
		Pid: 18343
		Spid: 18343
		Status: Finished
		Start: 1682861455105092
		Finish: 1682861455105736
		Duration: 644
		Return Value: 0

	Instruction
		Name: gettimeofday
		Pid: 18343
		Spid: 18343
		Status: Finished
		Start: 1682861455105803
		Finish: 1682861455106521
		Duration: 718
		Return Value: 0

	Instruction
		Name: read
		Pid: 18343
		Spid: 18343
		Status: Finished
		Start: 1682861455106582
		Finish: 1682861455107101
		Duration: 519
		Return Value: 48

	Instruction
		Name: clock_gettime
		Pid: 18343
		Spid: 18343
		Status: Finished
		Start: 1682861455107471
		Finish: 1682861455108120
		Duration: 649
		Return Value: 0

LIST OF ALL NOT TERMINATED INSTRUCTIONS

	Instruction
		Name: clock_gettime
		Pid: 18138
		Spid: 18138
		Status: Executing
		Start: 1682861410297928

