
LIST OF ALL SENSOR NUMBER RECORDS

	Sensor record
		Azimuth value: 0
		Pitch value: -10
		Roll value: 0
		Start timestamp: 1684850069810
		Finish timestamp: 1684850069947

	Sensor record
		Azimuth value: 0
		Pitch value: -9
		Roll value: 1
		Start timestamp: 1684850069948
		Finish timestamp: 1684850070150

	Sensor record
		Azimuth value: 0
		Pitch value: -9
		Roll value: 2
		Start timestamp: 1684850070151
		Finish timestamp: 1684850070350

	Sensor record
		Azimuth value: 0
		Pitch value: -9
		Roll value: 3
		Start timestamp: 1684850070351
		Finish timestamp: 1684850070552

	Sensor record
		Azimuth value: 1
		Pitch value: -8
		Roll value: 4
		Start timestamp: 1684850070553
		Finish timestamp: 1684850070754

	Sensor record
		Azimuth value: 1
		Pitch value: -8
		Roll value: 5
		Start timestamp: 1684850070755
		Finish timestamp: 1684850070956

	Sensor record
		Azimuth value: 2
		Pitch value: -8
		Roll value: 5
		Start timestamp: 1684850070957
		Finish timestamp: 1684850070958

	Sensor record
		Azimuth value: 3
		Pitch value: -8
		Roll value: 6
		Start timestamp: 1684850070959
		Finish timestamp: 1684850071157

	Sensor record
		Azimuth value: 3
		Pitch value: -8
		Roll value: 7
		Start timestamp: 1684850071158
		Finish timestamp: 1684850071561

	Sensor record
		Azimuth value: 4
		Pitch value: -9
		Roll value: 8
		Start timestamp: 1684850071562
		Finish timestamp: 1684850071762

	Sensor record
		Azimuth value: 4
		Pitch value: -9
		Roll value: 9
		Start timestamp: 1684850071763
		Finish timestamp: 1684850071764

	Sensor record
		Azimuth value: 5
		Pitch value: -10
		Roll value: 9
		Start timestamp: 1684850071765
		Finish timestamp: 1684850071965

	Sensor record
		Azimuth value: 5
		Pitch value: -10
		Roll value: 10
		Start timestamp: 1684850071966
		Finish timestamp: 1684850072166

	Sensor record
		Azimuth value: 5
		Pitch value: -11
		Roll value: 10
		Start timestamp: 1684850072167
		Finish timestamp: 1684850072368

	Sensor record
		Azimuth value: 4
		Pitch value: -11
		Roll value: 11
		Start timestamp: 1684850072369
		Finish timestamp: 1684850072568

	Sensor record
		Azimuth value: 4
		Pitch value: -12
		Roll value: 11
		Start timestamp: 1684850072569
		Finish timestamp: 1684850072569

	Sensor record
		Azimuth value: 5
		Pitch value: -12
		Roll value: 11
		Start timestamp: 1684850072570
		Finish timestamp: 1684850072771

	Sensor record
		Azimuth value: 5
		Pitch value: -12
		Roll value: 12
		Start timestamp: 1684850072772
		Finish timestamp: 1684850072973

	Sensor record
		Azimuth value: 5
		Pitch value: -13
		Roll value: 12
		Start timestamp: 1684850072974
		Finish timestamp: 1684850073176

	Sensor record
		Azimuth value: 5
		Pitch value: -14
		Roll value: 12
		Start timestamp: 1684850073177
		Finish timestamp: 1684850073377

	Sensor record
		Azimuth value: 4
		Pitch value: -15
		Roll value: 13
		Start timestamp: 1684850073378
		Finish timestamp: 1684850073378

	Sensor record
		Azimuth value: 4
		Pitch value: -16
		Roll value: 13
		Start timestamp: 1684850073379
		Finish timestamp: 1684850073578

	Sensor record
		Azimuth value: 3
		Pitch value: -16
		Roll value: 13
		Start timestamp: 1684850073579
		Finish timestamp: 1684850073980

	Sensor record
		Azimuth value: 4
		Pitch value: -16
		Roll value: 13
		Start timestamp: 1684850073981
		Finish timestamp: 1684850074183

	Sensor record
		Azimuth value: 5
		Pitch value: -16
		Roll value: 13
		Start timestamp: 1684850074184
		Finish timestamp: 1684850074384

	Sensor record
		Azimuth value: 6
		Pitch value: -17
		Roll value: 13
		Start timestamp: 1684850074385
		Finish timestamp: 1684850074990

	Sensor record
		Azimuth value: 7
		Pitch value: -17
		Roll value: 13
		Start timestamp: 1684850074991
		Finish timestamp: 1684850075191

	Sensor record
		Azimuth value: 7
		Pitch value: -17
		Roll value: 11
		Start timestamp: 1684850075192
		Finish timestamp: 1684850075392

	Sensor record
		Azimuth value: 8
		Pitch value: -16
		Roll value: 10
		Start timestamp: 1684850075393
		Finish timestamp: 1684850075596

	Sensor record
		Azimuth value: 9
		Pitch value: -15
		Roll value: 8
		Start timestamp: 1684850075597
		Finish timestamp: 1684850075797

	Sensor record
		Azimuth value: 8
		Pitch value: -16
		Roll value: 6
		Start timestamp: 1684850075798
		Finish timestamp: 1684850075799

	Sensor record
		Azimuth value: 7
		Pitch value: -17
		Roll value: 6
		Start timestamp: 1684850075800
		Finish timestamp: 1684850075999

	Sensor record
		Azimuth value: 6
		Pitch value: -18
		Roll value: 7
		Start timestamp: 1684850076000
		Finish timestamp: 1684850076199

	Sensor record
		Azimuth value: 5
		Pitch value: -17
		Roll value: 7
		Start timestamp: 1684850076200
		Finish timestamp: 1684850076403

	Sensor record
		Azimuth value: 4
		Pitch value: -17
		Roll value: 6
		Start timestamp: 1684850076404
		Finish timestamp: 1684850076805

	Sensor record
		Azimuth value: 5
		Pitch value: -16
		Roll value: 6
		Start timestamp: 1684850076806
		Finish timestamp: 1684850077411

	Sensor record
		Azimuth value: 6
		Pitch value: -16
		Roll value: 6
		Start timestamp: 1684850077412
		Finish timestamp: 1684850077814

	Sensor record
		Azimuth value: 6
		Pitch value: -18
		Roll value: 7
		Start timestamp: 1684850077815
		Finish timestamp: 1684850078015

	Sensor record
		Azimuth value: 0
		Pitch value: -23
		Roll value: 6
		Start timestamp: 1684850078016
		Finish timestamp: 1684850078217

	Sensor record
		Azimuth value: 355
		Pitch value: -27
		Roll value: 359
		Start timestamp: 1684850078218
		Finish timestamp: 1684850078217

	Sensor record
		Azimuth value: 2
		Pitch value: -32
		Roll value: 357
		Start timestamp: 1684850078218
		Finish timestamp: 1684850078418

	Sensor record
		Azimuth value: 5
		Pitch value: -32
		Roll value: 358
		Start timestamp: 1684850078419
		Finish timestamp: 1684850078822

	Sensor record
		Azimuth value: 5
		Pitch value: -32
		Roll value: 359
		Start timestamp: 1684850078823
		Finish timestamp: 1684850079028

	Sensor record
		Azimuth value: 5
		Pitch value: -32
		Roll value: 358
		Start timestamp: 1684850079029
		Finish timestamp: 1684850079029

	Sensor record
		Azimuth value: 5
		Pitch value: -33
		Roll value: 358
		Start timestamp: 1684850079030
		Finish timestamp: 1684850079225

	Sensor record
		Azimuth value: 6
		Pitch value: -33
		Roll value: 358
		Start timestamp: 1684850079226
		Finish timestamp: 1684850079427

	Sensor record
		Azimuth value: 9
		Pitch value: -32
		Roll value: 359
		Start timestamp: 1684850079428
		Finish timestamp: 1684850079630

	Sensor record
		Azimuth value: 12
		Pitch value: -32
		Roll value: 0
		Start timestamp: 1684850079631
		Finish timestamp: 1684850079830

	Sensor record
		Azimuth value: 13
		Pitch value: -32
		Roll value: 0
		Start timestamp: 1684850079831
		Finish timestamp: 1684850079831

	Sensor record
		Azimuth value: 14
		Pitch value: -32
		Roll value: 1
		Start timestamp: 1684850079832
		Finish timestamp: 1684850080032

	Sensor record
		Azimuth value: 13
		Pitch value: -31
		Roll value: 0
		Start timestamp: 1684850080033
		Finish timestamp: 1684850080233

	Sensor record
		Azimuth value: 14
		Pitch value: -30
		Roll value: 359
		Start timestamp: 1684850080234
		Finish timestamp: 1684850080436

	Sensor record
		Azimuth value: 17
		Pitch value: -29
		Roll value: 359
		Start timestamp: 1684850080437
		Finish timestamp: 1684850080637

	Sensor record
		Azimuth value: 18
		Pitch value: -29
		Roll value: 358
		Start timestamp: 1684850080638
		Finish timestamp: 1684850080638

	Sensor record
		Azimuth value: 17
		Pitch value: -30
		Roll value: 358
		Start timestamp: 1684850080639
		Finish timestamp: 1684850080840

	Sensor record
		Azimuth value: 15
		Pitch value: -30
		Roll value: 357
		Start timestamp: 1684850080841
		Finish timestamp: 1684850081040

	Sensor record
		Azimuth value: 12
		Pitch value: -30
		Roll value: 355
		Start timestamp: 1684850081041
		Finish timestamp: 1684850081244

	Sensor record
		Azimuth value: 5
		Pitch value: -29
		Roll value: 350
		Start timestamp: 1684850081245
		Finish timestamp: 1684850081443

	Sensor record
		Azimuth value: 4
		Pitch value: -32
		Roll value: 350
		Start timestamp: 1684850081444
		Finish timestamp: 1684850081445

	Sensor record
		Azimuth value: 358
		Pitch value: -37
		Roll value: 348
		Start timestamp: 1684850081446
		Finish timestamp: 1684850081646

	Sensor record
		Azimuth value: 354
		Pitch value: -42
		Roll value: 349
		Start timestamp: 1684850081647
		Finish timestamp: 1684850081849

	Sensor record
		Azimuth value: 350
		Pitch value: -39
		Roll value: 350
		Start timestamp: 1684850081850
		Finish timestamp: 1684850082049

	Sensor record
		Azimuth value: 350
		Pitch value: -39
		Roll value: 352
		Start timestamp: 1684850082050
		Finish timestamp: 1684850082250

	Sensor record
		Azimuth value: 350
		Pitch value: -37
		Roll value: 354
		Start timestamp: 1684850082251
		Finish timestamp: 1684850082251

	Sensor record
		Azimuth value: 352
		Pitch value: -37
		Roll value: 354
		Start timestamp: 1684850082252
		Finish timestamp: 1684850082499

	Sensor record
		Azimuth value: 352
		Pitch value: -37
		Roll value: 355
		Start timestamp: 1684850082500
		Finish timestamp: 1684850082655

	Sensor record
		Azimuth value: 353
		Pitch value: -37
		Roll value: 355
		Start timestamp: 1684850082656

