
LIST OF ALL SENSOR NUMBER RECORDS

	Sensor record
		Azimuth value: 0
		Pitch value: -11
		Roll value: 0
		Start timestamp: 1682861457036
		Finish timestamp: 1682861457214

	Sensor record
		Azimuth value: 1
		Pitch value: -13
		Roll value: 358
		Start timestamp: 1682861457215
		Finish timestamp: 1682861457416

	Sensor record
		Azimuth value: 354
		Pitch value: -20
		Roll value: 355
		Start timestamp: 1682861457417
		Finish timestamp: 1682861457423

	Sensor record
		Azimuth value: 343
		Pitch value: -17
		Roll value: 2
		Start timestamp: 1682861457424
		Finish timestamp: 1682861457618

	Sensor record
		Azimuth value: 332
		Pitch value: -17
		Roll value: 2
		Start timestamp: 1682861457619
		Finish timestamp: 1682861457819

	Sensor record
		Azimuth value: 334
		Pitch value: -21
		Roll value: 6
		Start timestamp: 1682861457820
		Finish timestamp: 1682861458033

	Sensor record
		Azimuth value: 331
		Pitch value: -22
		Roll value: 7
		Start timestamp: 1682861458034
		Finish timestamp: 1682861458225

	Sensor record
		Azimuth value: 333
		Pitch value: -20
		Roll value: 9
		Start timestamp: 1682861458226
		Finish timestamp: 1682861458241

	Sensor record
		Azimuth value: 336
		Pitch value: -23
		Roll value: 9
		Start timestamp: 1682861458242
		Finish timestamp: 1682861458428

	Sensor record
		Azimuth value: 340
		Pitch value: -30
		Roll value: 8
		Start timestamp: 1682861458429
		Finish timestamp: 1682861458649

	Sensor record
		Azimuth value: 340
		Pitch value: -32
		Roll value: 7
		Start timestamp: 1682861458650

