
LIST OF ALL SENSOR TEXT RECORDS

	Sensor record
		Azimuth value: north
		Pitch value: east
		Roll value: north
		Start timestamp: 1684850427846
		Finish timestamp: 1684850428224

	Sensor record
		Azimuth value: north
		Pitch value: north
		Roll value: north
		Start timestamp: 1684850428225
		Finish timestamp: 1684850430020

	Sensor record
		Azimuth value: east
		Pitch value: north
		Roll value: north
		Start timestamp: 1684850430021
		Finish timestamp: 1684850430423

	Sensor record
		Azimuth value: east
		Pitch value: north
		Roll value: east
		Start timestamp: 1684850430424
		Finish timestamp: 1684850430706

	Sensor record
		Azimuth value: south
		Pitch value: north
		Roll value: east
		Start timestamp: 1684850430707
		Finish timestamp: 1684850431209

	Sensor record
		Azimuth value: north
		Pitch value: north
		Roll value: north
		Start timestamp: 1684850431210
		Finish timestamp: 1684850431916

	Sensor record
		Azimuth value: north
		Pitch value: east
		Roll value: north
		Start timestamp: 1684850431917
		Finish timestamp: 1684850432234

	Sensor record
		Azimuth value: north
		Pitch value: east
		Roll value: east
		Start timestamp: 1684850432235
		Finish timestamp: 1684850433712

	Sensor record
		Azimuth value: north
		Pitch value: east
		Roll value: north
		Start timestamp: 1684850433713
		Finish timestamp: 1684850438651

	Sensor record
		Azimuth value: north
		Pitch value: northeast
		Roll value: north
		Start timestamp: 1684850438652
		Finish timestamp: 1684850438656

	Sensor record
		Azimuth value: north
		Pitch value: north
		Roll value: north
		Start timestamp: 1684850438657
		Finish timestamp: 1684850438665

	Sensor record
		Azimuth value: north
		Pitch value: northeast
		Roll value: north
		Start timestamp: 1684850438666
		Finish timestamp: 1684850438669

	Sensor record
		Azimuth value: north
		Pitch value: east
		Roll value: north
		Start timestamp: 1684850438670
		Finish timestamp: 1684850469719

	Sensor record
		Azimuth value: east
		Pitch value: east
		Roll value: north
		Start timestamp: 1684850469720
		Finish timestamp: 1684850469722

	Sensor record
		Azimuth value: north
		Pitch value: east
		Roll value: north
		Start timestamp: 1684850469723
		Finish timestamp: 1684850472480

	Sensor record
		Azimuth value: east
		Pitch value: east
		Roll value: north
		Start timestamp: 1684850472481
		Finish timestamp: 1684850472486

	Sensor record
		Azimuth value: north
		Pitch value: east
		Roll value: north
		Start timestamp: 1684850472487

