
LIST OF ALL SENSOR NUMBER RECORDS

	Sensor record
		Azimuth value: 0
		Pitch value: -40
		Roll value: 0
		Start timestamp: 1680032496685
		Finish timestamp: 1680032496778

	Sensor record
		Azimuth value: 3
		Pitch value: -42
		Roll value: 11
		Start timestamp: 1680032496779
		Finish timestamp: 1680032496946

	Sensor record
		Azimuth value: 10
		Pitch value: -42
		Roll value: 19
		Start timestamp: 1680032496947
		Finish timestamp: 1680032497133

	Sensor record
		Azimuth value: 11
		Pitch value: -35
		Roll value: 23
		Start timestamp: 1680032497134
		Finish timestamp: 1680032497320

	Sensor record
		Azimuth value: 19
		Pitch value: -34
		Roll value: 28
		Start timestamp: 1680032497321
		Finish timestamp: 1680032497507

	Sensor record
		Azimuth value: 17
		Pitch value: -38
		Roll value: 30
		Start timestamp: 1680032497508
		Finish timestamp: 1680032497697

	Sensor record
		Azimuth value: 11
		Pitch value: -56
		Roll value: 29
		Start timestamp: 1680032497698
		Finish timestamp: 1680032497881

	Sensor record
		Azimuth value: 354
		Pitch value: -60
		Roll value: 17
		Start timestamp: 1680032497882
		Finish timestamp: 1680032498072

	Sensor record
		Azimuth value: 347
		Pitch value: -62
		Roll value: 0
		Start timestamp: 1680032498073
		Finish timestamp: 1680032498256

	Sensor record
		Azimuth value: 341
		Pitch value: -62
		Roll value: 345
		Start timestamp: 1680032498257
		Finish timestamp: 1680032498443

	Sensor record
		Azimuth value: 334
		Pitch value: -60
		Roll value: 333
		Start timestamp: 1680032498444
		Finish timestamp: 1680032498631

	Sensor record
		Azimuth value: 336
		Pitch value: -56
		Roll value: 332
		Start timestamp: 1680032498632
		Finish timestamp: 1680032498817

	Sensor record
		Azimuth value: 350
		Pitch value: -42
		Roll value: 349
		Start timestamp: 1680032498818
		Finish timestamp: 1680032499006

	Sensor record
		Azimuth value: 3
		Pitch value: -35
		Roll value: 8
		Start timestamp: 1680032499007
		Finish timestamp: 1680032499216

	Sensor record
		Azimuth value: 6
		Pitch value: -24
		Roll value: 20
		Start timestamp: 1680032499217
		Finish timestamp: 1680032499379

	Sensor record
		Azimuth value: 12
		Pitch value: -16
		Roll value: 33
		Start timestamp: 1680032499380
		Finish timestamp: 1680032499566

	Sensor record
		Azimuth value: 14
		Pitch value: -19
		Roll value: 42
		Start timestamp: 1680032499567
		Finish timestamp: 1680032499755

	Sensor record
		Azimuth value: 7
		Pitch value: -33
		Roll value: 32
		Start timestamp: 1680032499756
		Finish timestamp: 1680032499941

	Sensor record
		Azimuth value: 355
		Pitch value: -49
		Roll value: 16
		Start timestamp: 1680032499942
		Finish timestamp: 1680032500130

	Sensor record
		Azimuth value: 337
		Pitch value: -52
		Roll value: 349
		Start timestamp: 1680032500131
		Finish timestamp: 1680032500315

	Sensor record
		Azimuth value: 334
		Pitch value: -55
		Roll value: 334
		Start timestamp: 1680032500316
		Finish timestamp: 1680032500502

	Sensor record
		Azimuth value: 337
		Pitch value: -56
		Roll value: 335
		Start timestamp: 1680032500503
		Finish timestamp: 1680032500691

	Sensor record
		Azimuth value: 346
		Pitch value: -58
		Roll value: 347
		Start timestamp: 1680032500692
		Finish timestamp: 1680032500879

	Sensor record
		Azimuth value: 7
		Pitch value: -56
		Roll value: 15
		Start timestamp: 1680032500880
		Finish timestamp: 1680032501098

	Sensor record
		Azimuth value: 19
		Pitch value: -36
		Roll value: 37
		Start timestamp: 1680032501099
		Finish timestamp: 1680032501251

	Sensor record
		Azimuth value: 19
		Pitch value: -27
		Roll value: 39
		Start timestamp: 1680032501252
		Finish timestamp: 1680032501439

	Sensor record
		Azimuth value: 17
		Pitch value: -28
		Roll value: 42
		Start timestamp: 1680032501440
		Finish timestamp: 1680032501625

	Sensor record
		Azimuth value: 19
		Pitch value: -29
		Roll value: 48
		Start timestamp: 1680032501626
		Finish timestamp: 1680032501812

	Sensor record
		Azimuth value: 16
		Pitch value: -23
		Roll value: 39
		Start timestamp: 1680032501813
		Finish timestamp: 1680032502001

	Sensor record
		Azimuth value: 357
		Pitch value: -42
		Roll value: 16
		Start timestamp: 1680032502002
		Finish timestamp: 1680032502186

	Sensor record
		Azimuth value: 353
		Pitch value: -65
		Roll value: 1
		Start timestamp: 1680032502187
		Finish timestamp: 1680032502384

	Sensor record
		Azimuth value: 41
		Pitch value: -63
		Roll value: 52
		Start timestamp: 1680032502385
		Finish timestamp: 1680032502400

	Sensor record
		Azimuth value: 68
		Pitch value: -69
		Roll value: 83
		Start timestamp: 1680032502401
		Finish timestamp: 1680032502562

	Sensor record
		Azimuth value: 29
		Pitch value: -65
		Roll value: 48
		Start timestamp: 1680032502563
		Finish timestamp: 1680032502786

	Sensor record
		Azimuth value: 3
		Pitch value: -41
		Roll value: 17
		Start timestamp: 1680032502787
		Finish timestamp: 1680032502972

	Sensor record
		Azimuth value: 349
		Pitch value: -21
		Roll value: 7
		Start timestamp: 1680032502973
		Finish timestamp: 1680032503161

	Sensor record
		Azimuth value: 351
		Pitch value: -29
		Roll value: 18
		Start timestamp: 1680032503162
		Finish timestamp: 1680032503367

	Sensor record
		Azimuth value: 347
		Pitch value: -54
		Roll value: 29
		Start timestamp: 1680032503368
		Finish timestamp: 1680032503553

	Sensor record
		Azimuth value: 347
		Pitch value: -60
		Roll value: 45
		Start timestamp: 1680032503554
		Finish timestamp: 1680032503694

	Sensor record
		Azimuth value: 340
		Pitch value: -51
		Roll value: 42
		Start timestamp: 1680032503695
		Finish timestamp: 1680032503871

	Sensor record
		Azimuth value: 341
		Pitch value: -44
		Roll value: 23
		Start timestamp: 1680032503872
		Finish timestamp: 1680032504060

	Sensor record
		Azimuth value: 338
		Pitch value: -46
		Roll value: 358
		Start timestamp: 1680032504061
		Finish timestamp: 1680032504285

	Sensor record
		Azimuth value: 356
		Pitch value: -46
		Roll value: 353
		Start timestamp: 1680032504286
		Finish timestamp: 1680032504470

	Sensor record
		Azimuth value: 358
		Pitch value: -44
		Roll value: 352
		Start timestamp: 1680032504471
		Finish timestamp: 1680032504658

	Sensor record
		Azimuth value: 358
		Pitch value: -41
		Roll value: 349
		Start timestamp: 1680032504659
		Finish timestamp: 1680032504864

	Sensor record
		Azimuth value: 0
		Pitch value: -40
		Roll value: 350
		Start timestamp: 1680032504865
		Finish timestamp: 1680032505050

	Sensor record
		Azimuth value: 1
		Pitch value: -40
		Roll value: 351
		Start timestamp: 1680032505051
		Finish timestamp: 1680032505191

	Sensor record
		Azimuth value: 2
		Pitch value: -43
		Roll value: 353
		Start timestamp: 1680032505192
		Finish timestamp: 1680032505368

	Sensor record
		Azimuth value: 0
		Pitch value: -42
		Roll value: 351
		Start timestamp: 1680032505369
		Finish timestamp: 1680032505555

	Sensor record
		Azimuth value: 0
		Pitch value: -42
		Roll value: 352
		Start timestamp: 1680032505556
		Finish timestamp: 1680032505794

	Sensor record
		Azimuth value: 0
		Pitch value: -41
		Roll value: 352
		Start timestamp: 1680032505795
		Finish timestamp: 1680032505968

	Sensor record
		Azimuth value: 0
		Pitch value: -40
		Roll value: 351
		Start timestamp: 1680032505969
		Finish timestamp: 1680032506157

	Sensor record
		Azimuth value: 0
		Pitch value: -35
		Roll value: 350
		Start timestamp: 1680032506158
		Finish timestamp: 1680032506380

	Sensor record
		Azimuth value: 0
		Pitch value: -29
		Roll value: 351
		Start timestamp: 1680032506381
		Finish timestamp: 1680032506568

	Sensor record
		Azimuth value: 3
		Pitch value: -28
		Roll value: 353
		Start timestamp: 1680032506569
		Finish timestamp: 1680032506691

	Sensor record
		Azimuth value: 4
		Pitch value: -27
		Roll value: 353
		Start timestamp: 1680032506692
		Finish timestamp: 1680032506866

	Sensor record
		Azimuth value: 4
		Pitch value: -27
		Roll value: 354
		Start timestamp: 1680032506867
		Finish timestamp: 1680032507054

	Sensor record
		Azimuth value: 5
		Pitch value: -30
		Roll value: 356
		Start timestamp: 1680032507055
		Finish timestamp: 1680032507279

	Sensor record
		Azimuth value: 7
		Pitch value: -28
		Roll value: 358
		Start timestamp: 1680032507280
		Finish timestamp: 1680032507466

	Sensor record
		Azimuth value: 12
		Pitch value: -32
		Roll value: 5
		Start timestamp: 1680032507467
		Finish timestamp: 1680032507652

	Sensor record
		Azimuth value: 12
		Pitch value: -34
		Roll value: 9
		Start timestamp: 1680032507653
		Finish timestamp: 1680032508066

	Sensor record
		Azimuth value: 13
		Pitch value: -34
		Roll value: 9
		Start timestamp: 1680032508067
		Finish timestamp: 1680032508192

	Sensor record
		Azimuth value: 13
		Pitch value: -33
		Roll value: 10
		Start timestamp: 1680032508193
		Finish timestamp: 1680032508365

	Sensor record
		Azimuth value: 14
		Pitch value: -33
		Roll value: 10
		Start timestamp: 1680032508366
		Finish timestamp: 1680032508777

	Sensor record
		Azimuth value: 14
		Pitch value: -33
		Roll value: 11
		Start timestamp: 1680032508778
		Finish timestamp: 1680032508965

	Sensor record
		Azimuth value: 15
		Pitch value: -33
		Roll value: 11
		Start timestamp: 1680032508966
		Finish timestamp: 1680032509881

	Sensor record
		Azimuth value: 16
		Pitch value: -33
		Roll value: 10
		Start timestamp: 1680032509882
		Finish timestamp: 1680032510274

	Sensor record
		Azimuth value: 17
		Pitch value: -34
		Roll value: 11
		Start timestamp: 1680032510275
		Finish timestamp: 1680032510463

	Sensor record
		Azimuth value: 18
		Pitch value: -36
		Roll value: 13
		Start timestamp: 1680032510464
		Finish timestamp: 1680032510649

	Sensor record
		Azimuth value: 19
		Pitch value: -40
		Roll value: 19
		Start timestamp: 1680032510650
		Finish timestamp: 1680032510872

	Sensor record
		Azimuth value: 19
		Pitch value: -43
		Roll value: 28
		Start timestamp: 1680032510873
		Finish timestamp: 1680032511084

	Sensor record
		Azimuth value: 21
		Pitch value: -41
		Roll value: 39
		Start timestamp: 1680032511085
		Finish timestamp: 1680032511196

	Sensor record
		Azimuth value: 11
		Pitch value: -35
		Roll value: 37
		Start timestamp: 1680032511197
		Finish timestamp: 1680032511380

	Sensor record
		Azimuth value: 10
		Pitch value: -30
		Roll value: 33
		Start timestamp: 1680032511381
		Finish timestamp: 1680032511580

	Sensor record
		Azimuth value: 17
		Pitch value: -30
		Roll value: 33
		Start timestamp: 1680032511581
		Finish timestamp: 1680032511773

	Sensor record
		Azimuth value: 18
		Pitch value: -33
		Roll value: 33
		Start timestamp: 1680032511774
		Finish timestamp: 1680032511957

	Sensor record
		Azimuth value: 16
		Pitch value: -36
		Roll value: 31
		Start timestamp: 1680032511958
		Finish timestamp: 1680032512147

	Sensor record
		Azimuth value: 10
		Pitch value: -42
		Roll value: 21
		Start timestamp: 1680032512148
		Finish timestamp: 1680032512371

	Sensor record
		Azimuth value: 6
		Pitch value: -47
		Roll value: 10
		Start timestamp: 1680032512372
		Finish timestamp: 1680032512560

	Sensor record
		Azimuth value: 3
		Pitch value: -50
		Roll value: 2
		Start timestamp: 1680032512561
		Finish timestamp: 1680032512696

	Sensor record
		Azimuth value: 359
		Pitch value: -51
		Roll value: 355
		Start timestamp: 1680032512697
		Finish timestamp: 1680032512877

	Sensor record
		Azimuth value: 3
		Pitch value: -52
		Roll value: 358
		Start timestamp: 1680032512878
		Finish timestamp: 1680032513066

	Sensor record
		Azimuth value: 10
		Pitch value: -53
		Roll value: 6
		Start timestamp: 1680032513067
		Finish timestamp: 1680032513289

	Sensor record
		Azimuth value: 19
		Pitch value: -51
		Roll value: 19
		Start timestamp: 1680032513290
		Finish timestamp: 1680032513475

	Sensor record
		Azimuth value: 23
		Pitch value: -46
		Roll value: 31
		Start timestamp: 1680032513476
		Finish timestamp: 1680032513666

	Sensor record
		Azimuth value: 18
		Pitch value: -40
		Roll value: 36
		Start timestamp: 1680032513667
		Finish timestamp: 1680032513867

	Sensor record
		Azimuth value: 16
		Pitch value: -35
		Roll value: 39
		Start timestamp: 1680032513868
		Finish timestamp: 1680032514058

	Sensor record
		Azimuth value: 17
		Pitch value: -32
		Roll value: 41
		Start timestamp: 1680032514059
		Finish timestamp: 1680032514192

	Sensor record
		Azimuth value: 19
		Pitch value: -31
		Roll value: 43
		Start timestamp: 1680032514193
		Finish timestamp: 1680032514376

	Sensor record
		Azimuth value: 18
		Pitch value: -33
		Roll value: 42
		Start timestamp: 1680032514377
		Finish timestamp: 1680032514562

	Sensor record
		Azimuth value: 5
		Pitch value: -40
		Roll value: 23
		Start timestamp: 1680032514563
		Finish timestamp: 1680032514786

	Sensor record
		Azimuth value: 9
		Pitch value: -50
		Roll value: 12
		Start timestamp: 1680032514787
		Finish timestamp: 1680032514975

	Sensor record
		Azimuth value: 8
		Pitch value: -56
		Roll value: 9
		Start timestamp: 1680032514976
		Finish timestamp: 1680032515160

	Sensor record
		Azimuth value: 9
		Pitch value: -56
		Roll value: 10
		Start timestamp: 1680032515161
		Finish timestamp: 1680032515371

	Sensor record
		Azimuth value: 11
		Pitch value: -57
		Roll value: 12
		Start timestamp: 1680032515372
		Finish timestamp: 1680032515552

	Sensor record
		Azimuth value: 13
		Pitch value: -56
		Roll value: 15
		Start timestamp: 1680032515553
		Finish timestamp: 1680032515692

	Sensor record
		Azimuth value: 14
		Pitch value: -54
		Roll value: 16
		Start timestamp: 1680032515693
		Finish timestamp: 1680032515875

	Sensor record
		Azimuth value: 14
		Pitch value: -55
		Roll value: 16
		Start timestamp: 1680032515876
		Finish timestamp: 1680032516061

	Sensor record
		Azimuth value: 16
		Pitch value: -53
		Roll value: 17
		Start timestamp: 1680032516062
		Finish timestamp: 1680032516480

	Sensor record
		Azimuth value: 17
		Pitch value: -53
		Roll value: 18
		Start timestamp: 1680032516481
		Finish timestamp: 1680032517169

	Sensor record
		Azimuth value: 18
		Pitch value: -52
		Roll value: 18
		Start timestamp: 1680032517170
		Finish timestamp: 1680032517370

	Sensor record
		Azimuth value: 18
		Pitch value: -52
		Roll value: 19
		Start timestamp: 1680032517371
		Finish timestamp: 1680032517967

	Sensor record
		Azimuth value: 19
		Pitch value: -52
		Roll value: 19
		Start timestamp: 1680032517968
		Finish timestamp: 1680032518287

	Sensor record
		Azimuth value: 19
		Pitch value: -51
		Roll value: 20
		Start timestamp: 1680032518288
		Finish timestamp: 1680032518472

	Sensor record
		Azimuth value: 20
		Pitch value: -51
		Roll value: 20
		Start timestamp: 1680032518473
		Finish timestamp: 1680032518663

	Sensor record
		Azimuth value: 20
		Pitch value: -51
		Roll value: 21
		Start timestamp: 1680032518664
		Finish timestamp: 1680032518869

	Sensor record
		Azimuth value: 21
		Pitch value: -51
		Roll value: 21
		Start timestamp: 1680032518870
		Finish timestamp: 1680032519280

	Sensor record
		Azimuth value: 22
		Pitch value: -50
		Roll value: 21
		Start timestamp: 1680032519281
		Finish timestamp: 1680032519467

	Sensor record
		Azimuth value: 21
		Pitch value: -47
		Roll value: 20
		Start timestamp: 1680032519468
		Finish timestamp: 1680032519652

	Sensor record
		Azimuth value: 20
		Pitch value: -38
		Roll value: 19
		Start timestamp: 1680032519653
		Finish timestamp: 1680032519784

	Sensor record
		Azimuth value: 19
		Pitch value: -32
		Roll value: 24
		Start timestamp: 1680032519785
		Finish timestamp: 1680032519975

	Sensor record
		Azimuth value: 23
		Pitch value: -33
		Roll value: 30
		Start timestamp: 1680032519976
		Finish timestamp: 1680032520159

	Sensor record
		Azimuth value: 21
		Pitch value: -36
		Roll value: 33
		Start timestamp: 1680032520160
		Finish timestamp: 1680032520366

	Sensor record
		Azimuth value: 29
		Pitch value: -42
		Roll value: 40
		Start timestamp: 1680032520367
		Finish timestamp: 1680032520552

	Sensor record
		Azimuth value: 39
		Pitch value: -47
		Roll value: 52
		Start timestamp: 1680032520553
		Finish timestamp: 1680032520776

	Sensor record
		Azimuth value: 20
		Pitch value: -37
		Roll value: 27
		Start timestamp: 1680032520777
		Finish timestamp: 1680032520966

	Sensor record
		Azimuth value: 18
		Pitch value: -15
		Roll value: 3
		Start timestamp: 1680032520967
		Finish timestamp: 1680032521150

	Sensor record
		Azimuth value: 22
		Pitch value: -17
		Roll value: 359
		Start timestamp: 1680032521151
		Finish timestamp: 1680032521339

	Sensor record
		Azimuth value: 18
		Pitch value: -18
		Roll value: 0
		Start timestamp: 1680032521340
		Finish timestamp: 1680032521472

	Sensor record
		Azimuth value: 19
		Pitch value: -22
		Roll value: 3
		Start timestamp: 1680032521473
		Finish timestamp: 1680032521697

	Sensor record
		Azimuth value: 23
		Pitch value: -28
		Roll value: 6
		Start timestamp: 1680032521698
		Finish timestamp: 1680032521920

	Sensor record
		Azimuth value: 27
		Pitch value: -28
		Roll value: 7
		Start timestamp: 1680032521921

