
LIST OF ALL SENSOR TEXT RECORDS

	Sensor record
		Azimuth value: north
		Pitch value: east
		Roll value: north
		Start timestamp: 1680032496678
		Finish timestamp: 1680032497698

	Sensor record
		Azimuth value: north
		Pitch value: north
		Roll value: north
		Start timestamp: 1680032497699
		Finish timestamp: 1680032498817

	Sensor record
		Azimuth value: north
		Pitch value: east
		Roll value: north
		Start timestamp: 1680032498818
		Finish timestamp: 1680032499942

	Sensor record
		Azimuth value: north
		Pitch value: north
		Roll value: north
		Start timestamp: 1680032499943
		Finish timestamp: 1680032501099

	Sensor record
		Azimuth value: north
		Pitch value: east
		Roll value: north
		Start timestamp: 1680032501100
		Finish timestamp: 1680032501633

	Sensor record
		Azimuth value: north
		Pitch value: east
		Roll value: east
		Start timestamp: 1680032501634
		Finish timestamp: 1680032501812

	Sensor record
		Azimuth value: north
		Pitch value: east
		Roll value: north
		Start timestamp: 1680032501813
		Finish timestamp: 1680032502187

	Sensor record
		Azimuth value: north
		Pitch value: north
		Roll value: north
		Start timestamp: 1680032502188
		Finish timestamp: 1680032502385

	Sensor record
		Azimuth value: north
		Pitch value: north
		Roll value: east
		Start timestamp: 1680032502386
		Finish timestamp: 1680032502401

	Sensor record
		Azimuth value: east
		Pitch value: north
		Roll value: east
		Start timestamp: 1680032502402
		Finish timestamp: 1680032502563

	Sensor record
		Azimuth value: north
		Pitch value: north
		Roll value: east
		Start timestamp: 1680032502564
		Finish timestamp: 1680032502787

	Sensor record
		Azimuth value: north
		Pitch value: east
		Roll value: north
		Start timestamp: 1680032502788
		Finish timestamp: 1680032503368

	Sensor record
		Azimuth value: north
		Pitch value: north
		Roll value: north
		Start timestamp: 1680032503369
		Finish timestamp: 1680032503554

	Sensor record
		Azimuth value: north
		Pitch value: north
		Roll value: northeast
		Start timestamp: 1680032503555
		Finish timestamp: 1680032503695

	Sensor record
		Azimuth value: north
		Pitch value: north
		Roll value: north
		Start timestamp: 1680032503696
		Finish timestamp: 1680032503871

	Sensor record
		Azimuth value: north
		Pitch value: east
		Roll value: north
		Start timestamp: 1680032503872
		Finish timestamp: 1680032504061

	Sensor record
		Azimuth value: north
		Pitch value: north
		Roll value: north
		Start timestamp: 1680032504062
		Finish timestamp: 1680032504470

	Sensor record
		Azimuth value: north
		Pitch value: east
		Roll value: north
		Start timestamp: 1680032504471
		Finish timestamp: 1680032512383

	Sensor record
		Azimuth value: north
		Pitch value: north
		Roll value: north
		Start timestamp: 1680032512384
		Finish timestamp: 1680032513667

	Sensor record
		Azimuth value: north
		Pitch value: east
		Roll value: north
		Start timestamp: 1680032513668
		Finish timestamp: 1680032514787

	Sensor record
		Azimuth value: north
		Pitch value: north
		Roll value: north
		Start timestamp: 1680032514788
		Finish timestamp: 1680032519653

	Sensor record
		Azimuth value: north
		Pitch value: east
		Roll value: north
		Start timestamp: 1680032519654
		Finish timestamp: 1680032520558

	Sensor record
		Azimuth value: north
		Pitch value: east
		Roll value: east
		Start timestamp: 1680032520559
		Finish timestamp: 1680032520777

	Sensor record
		Azimuth value: north
		Pitch value: east
		Roll value: north
		Start timestamp: 1680032520778

