
LIST OF ALL SEQUENCES FOR EACH INSTRUCTION

	Instruction
		Name: clock_gettime
		Next: [clock_gettime, epoll_pwait, futex, gettimeofday, read, recvfrom, write]

	Instruction
		Name: close
		Next: [rt_sigprocmask]

	Instruction
		Name: epoll_pwait
		Next: [clock_gettime, futex, read, recvfrom]

	Instruction
		Name: fstat
		Next: [mmap]

	Instruction
		Name: futex
		Next: [clock_gettime, epoll_pwait, futex, gettimeofday, getuid, read, recvfrom, write]

	Instruction
		Name: gettimeofday
		Next: [clock_gettime, futex, gettimeofday, openat, read, recvfrom, sendto, write]

	Instruction
		Name: getuid
		Next: [epoll_pwait, futex]

	Instruction
		Name: ioctl
		Next: [futex, write]

	Instruction
		Name: madvise
		Next: [clock_gettime]

	Instruction
		Name: mmap
		Next: [close]

	Instruction
		Name: openat
		Next: [fstat]

	Instruction
		Name: read
		Next: [clock_gettime, futex, getuid, recvfrom, sched_yield]

	Instruction
		Name: recvfrom
		Next: [clock_gettime, futex, gettimeofday, ioctl, madvise, recvfrom]

	Instruction
		Name: rt_sigprocmask
		Next: [madvise, rt_sigprocmask]

	Instruction
		Name: sched_yield
		Next: [clock_gettime]

	Instruction
		Name: sendto
		Next: [recvfrom]

	Instruction
		Name: write
		Next: [clock_gettime, futex, gettimeofday, recvfrom]

