
LIST OF ALL SENSOR TEXT RECORDS

	Sensor record
		Azimuth value: north
		Pitch value: east
		Roll value: north
		Start timestamp: 1683990344478
		Finish timestamp: 1683990370486

	Sensor record
		Azimuth value: north
		Pitch value: east
		Roll value: west
		Start timestamp: 1683990370487
		Finish timestamp: 1683990370691

	Sensor record
		Azimuth value: west
		Pitch value: east
		Roll value: west
		Start timestamp: 1683990370692
		Finish timestamp: 1683990370893

	Sensor record
		Azimuth value: west
		Pitch value: west
		Roll value: south
		Start timestamp: 1683990370894
		Finish timestamp: 1683990371614

	Sensor record
		Azimuth value: west
		Pitch value: north
		Roll value: south
		Start timestamp: 1683990371615
		Finish timestamp: 1683990371800

	Sensor record
		Azimuth value: south
		Pitch value: north
		Roll value: south
		Start timestamp: 1683990371801
		Finish timestamp: 1683990372002

	Sensor record
		Azimuth value: east
		Pitch value: north
		Roll value: north
		Start timestamp: 1683990372003
		Finish timestamp: 1683990372284

	Sensor record
		Azimuth value: east
		Pitch value: east
		Roll value: north
		Start timestamp: 1683990372285
		Finish timestamp: 1683990372484

	Sensor record
		Azimuth value: north
		Pitch value: east
		Roll value: north
		Start timestamp: 1683990372485
		Finish timestamp: 1683990377004

	Sensor record
		Azimuth value: north
		Pitch value: east
		Roll value: west
		Start timestamp: 1683990377005
		Finish timestamp: 1683990377284

	Sensor record
		Azimuth value: northwest
		Pitch value: west
		Roll value: south
		Start timestamp: 1683990377285
		Finish timestamp: 1683990377487

	Sensor record
		Azimuth value: north
		Pitch value: west
		Roll value: south
		Start timestamp: 1683990377488
		Finish timestamp: 1683990378297

	Sensor record
		Azimuth value: north
		Pitch value: west
		Roll value: west
		Start timestamp: 1683990378298
		Finish timestamp: 1683990378497

	Sensor record
		Azimuth value: north
		Pitch value: east
		Roll value: north
		Start timestamp: 1683990378498
		Finish timestamp: 1683990379096

	Sensor record
		Azimuth value: north
		Pitch value: northeast
		Roll value: north
		Start timestamp: 1683990379097
		Finish timestamp: 1683990379285

	Sensor record
		Azimuth value: north
		Pitch value: north
		Roll value: north
		Start timestamp: 1683990379286
		Finish timestamp: 1683990379486

	Sensor record
		Azimuth value: north
		Pitch value: east
		Roll value: north
		Start timestamp: 1683990379487
		Finish timestamp: 1683990379786

	Sensor record
		Azimuth value: west
		Pitch value: east
		Roll value: north
		Start timestamp: 1683990379787
		Finish timestamp: 1683990380292

	Sensor record
		Azimuth value: north
		Pitch value: east
		Roll value: north
		Start timestamp: 1683990380293
		Finish timestamp: 1683990380494

	Sensor record
		Azimuth value: north
		Pitch value: north
		Roll value: north
		Start timestamp: 1683990380495
		Finish timestamp: 1683990380795

	Sensor record
		Azimuth value: north
		Pitch value: east
		Roll value: north
		Start timestamp: 1683990380796
		Finish timestamp: 1683990381098

	Sensor record
		Azimuth value: west
		Pitch value: east
		Roll value: north
		Start timestamp: 1683990381099
		Finish timestamp: 1683990381300

	Sensor record
		Azimuth value: north
		Pitch value: east
		Roll value: north
		Start timestamp: 1683990381301
		Finish timestamp: 1683990381987

	Sensor record
		Azimuth value: west
		Pitch value: east
		Roll value: north
		Start timestamp: 1683990381988
		Finish timestamp: 1683990382098

	Sensor record
		Azimuth value: north
		Pitch value: east
		Roll value: north
		Start timestamp: 1683990382099
		Finish timestamp: 1683990382489

	Sensor record
		Azimuth value: west
		Pitch value: east
		Roll value: west
		Start timestamp: 1683990382490
		Finish timestamp: 1683990382995

	Sensor record
		Azimuth value: west
		Pitch value: west
		Roll value: south
		Start timestamp: 1683990382996
		Finish timestamp: 1683990383296

	Sensor record
		Azimuth value: north
		Pitch value: west
		Roll value: south
		Start timestamp: 1683990383297
		Finish timestamp: 1683990384003

	Sensor record
		Azimuth value: north
		Pitch value: west
		Roll value: west
		Start timestamp: 1683990384004
		Finish timestamp: 1683990384285

	Sensor record
		Azimuth value: north
		Pitch value: east
		Roll value: north
		Start timestamp: 1683990384286
		Finish timestamp: 1683990384992

	Sensor record
		Azimuth value: west
		Pitch value: east
		Roll value: north
		Start timestamp: 1683990384993
		Finish timestamp: 1683990385294

	Sensor record
		Azimuth value: north
		Pitch value: east
		Roll value: north
		Start timestamp: 1683990385295
		Finish timestamp: 1683990385798

	Sensor record
		Azimuth value: west
		Pitch value: east
		Roll value: north
		Start timestamp: 1683990385799
		Finish timestamp: 1683990386303

	Sensor record
		Azimuth value: north
		Pitch value: east
		Roll value: north
		Start timestamp: 1683990386304
		Finish timestamp: 1683990399210

	Sensor record
		Azimuth value: north
		Pitch value: north
		Roll value: north
		Start timestamp: 1683990399211
		Finish timestamp: 1683990399412

	Sensor record
		Azimuth value: west
		Pitch value: north
		Roll value: west
		Start timestamp: 1683990399413
		Finish timestamp: 1683990399613

	Sensor record
		Azimuth value: west
		Pitch value: west
		Roll value: south
		Start timestamp: 1683990399614
		Finish timestamp: 1683990400684

	Sensor record
		Azimuth value: west
		Pitch value: west
		Roll value: west
		Start timestamp: 1683990400685
		Finish timestamp: 1683990400698

	Sensor record
		Azimuth value: north
		Pitch value: north
		Roll value: north
		Start timestamp: 1683990400699
		Finish timestamp: 1683990400927

	Sensor record
		Azimuth value: north
		Pitch value: east
		Roll value: north
		Start timestamp: 1683990400928
		Finish timestamp: 1683990403426

	Sensor record
		Azimuth value: west
		Pitch value: east
		Roll value: north
		Start timestamp: 1683990403427
		Finish timestamp: 1683990403628

	Sensor record
		Azimuth value: north
		Pitch value: east
		Roll value: north
		Start timestamp: 1683990403629
		Finish timestamp: 1683990404414

	Sensor record
		Azimuth value: north
		Pitch value: east
		Roll value: west
		Start timestamp: 1683990404415
		Finish timestamp: 1683990404616

	Sensor record
		Azimuth value: west
		Pitch value: north
		Roll value: south
		Start timestamp: 1683990404617
		Finish timestamp: 1683990404920

	Sensor record
		Azimuth value: west
		Pitch value: west
		Roll value: south
		Start timestamp: 1683990404921
		Finish timestamp: 1683990406129

	Sensor record
		Azimuth value: west
		Pitch value: west
		Roll value: west
		Start timestamp: 1683990406130
		Finish timestamp: 1683990406233

	Sensor record
		Azimuth value: north
		Pitch value: west
		Roll value: west
		Start timestamp: 1683990406234
		Finish timestamp: 1683990406412

	Sensor record
		Azimuth value: north
		Pitch value: east
		Roll value: north
		Start timestamp: 1683990406413
		Finish timestamp: 1683990406916

	Sensor record
		Azimuth value: west
		Pitch value: east
		Roll value: north
		Start timestamp: 1683990406917
		Finish timestamp: 1683990407131

	Sensor record
		Azimuth value: north
		Pitch value: east
		Roll value: north
		Start timestamp: 1683990407132
		Finish timestamp: 1683990407224

	Sensor record
		Azimuth value: north
		Pitch value: east
		Roll value: east
		Start timestamp: 1683990407225
		Finish timestamp: 1683990407421

	Sensor record
		Azimuth value: north
		Pitch value: north
		Roll value: north
		Start timestamp: 1683990407422
		Finish timestamp: 1683990407926

	Sensor record
		Azimuth value: north
		Pitch value: north
		Roll value: east
		Start timestamp: 1683990407927
		Finish timestamp: 1683990409417

	Sensor record
		Azimuth value: north
		Pitch value: north
		Roll value: northeast
		Start timestamp: 1683990409418
		Finish timestamp: 1683990409619

	Sensor record
		Azimuth value: north
		Pitch value: east
		Roll value: north
		Start timestamp: 1683990409620

