
LIST OF ALL CORRECTLY USED ALERTS

	Alert record
		Alert: True
		Start timestamp: 1684744819373
		Finish timestamp: 1684744849890

	Alert record
		Alert: False
		Start timestamp: 1684744849891
		Finish timestamp: 1684744851072

	Alert record
		Alert: True
		Start timestamp: 1684744851073
		Finish timestamp: 1684744851394

	Alert record
		Alert: False
		Start timestamp: 1684744851395
		Finish timestamp: 1684744852568

	Alert record
		Alert: True
		Start timestamp: 1684744852569
		Finish timestamp: 1684744855171

	Alert record
		Alert: False
		Start timestamp: 1684744855172
		Finish timestamp: 1684744855383

	Alert record
		Alert: True
		Start timestamp: 1684744855384

LIST OF ALL AZIMUTH ALERTS

	Alert record
		Alert: False
		Start timestamp: 1684744819373
		Finish timestamp: 1684744855171

	Alert record
		Alert: True
		Start timestamp: 1684744855172
		Finish timestamp: 1684744855383

	Alert record
		Alert: False
		Start timestamp: 1684744855384

LIST OF ALL PITCH ALERTS

	Alert record
		Alert: False
		Start timestamp: 1684744819373
		Finish timestamp: 1684744849890

	Alert record
		Alert: True
		Start timestamp: 1684744849891
		Finish timestamp: 1684744851072

	Alert record
		Alert: False
		Start timestamp: 1684744851073
		Finish timestamp: 1684744851394

	Alert record
		Alert: True
		Start timestamp: 1684744851395
		Finish timestamp: 1684744852568

	Alert record
		Alert: False
		Start timestamp: 1684744852569

LIST OF ALL ROLL ALERTS

	Alert record
		Alert: False
		Start timestamp: 1684744819373
		Finish timestamp: 1684744849890

	Alert record
		Alert: True
		Start timestamp: 1684744849891
		Finish timestamp: 1684744851072

	Alert record
		Alert: False
		Start timestamp: 1684744851073
		Finish timestamp: 1684744855172

	Alert record
		Alert: True
		Start timestamp: 1684744855173
		Finish timestamp: 1684744855383

	Alert record
		Alert: False
		Start timestamp: 1684744855384

