
LIST OF ALL TERMINATED INSTRUCTIONS

	Instruction
		Name: clock_gettime
		Pid: 16488
		Spid: 16488
		Status: Finished
		Start: 1683990984325367
		Finish: 1683990984328517
		Duration: 3150
		Return Value: 0

	Instruction
		Name: epoll_pwait
		Pid: 16488
		Spid: 16488
		Status: Finished
		Start: 1683990984331109
		Finish: 1683990984331800
		Duration: 691
		Return Value: 1

	Instruction
		Name: recvfrom
		Pid: 16488
		Spid: 16488
		Status: Finished
		Start: 1683990984332092
		Finish: 1683990984332651
		Duration: 559
		Return Value: 64

	Instruction
		Name: recvfrom
		Pid: 16488
		Spid: 16488
		Status: Finished
		Start: 1683990984332908
		Finish: 1683990984333489
		Duration: 581
		Return Value: 18446744073709551605

	Instruction
		Name: clock_gettime
		Pid: 16488
		Spid: 16488
		Status: Finished
		Start: 1683990984333872
		Finish: 1683990984334488
		Duration: 616
		Return Value: 0

	Instruction
		Name: clock_gettime
		Pid: 16488
		Spid: 16488
		Status: Finished
		Start: 1683990984335078
		Finish: 1683990984335851
		Duration: 773
		Return Value: 0

	Instruction
		Name: gettimeofday
		Pid: 16488
		Spid: 16488
		Status: Finished
		Start: 1683990984336127
		Finish: 1683990984336717
		Duration: 590
		Return Value: 0

	Instruction
		Name: write
		Pid: 16488
		Spid: 16488
		Status: Finished
		Start: 1683990984337037
		Finish: 1683990984337595
		Duration: 558
		Return Value: 8

	Instruction
		Name: clock_gettime
		Pid: 16488
		Spid: 16488
		Status: Finished
		Start: 1683990984337875
		Finish: 1683990984338439
		Duration: 564
		Return Value: 0

	Instruction
		Name: clock_gettime
		Pid: 16488
		Spid: 16488
		Status: Finished
		Start: 1683990984338565
		Finish: 1683990984339200
		Duration: 635
		Return Value: 0

	Instruction
		Name: gettimeofday
		Pid: 16488
		Spid: 16488
		Status: Finished
		Start: 1683990984339281
		Finish: 1683990984339856
		Duration: 575
		Return Value: 0

	Instruction
		Name: read
		Pid: 16488
		Spid: 16488
		Status: Finished
		Start: 1683990984339946
		Finish: 1683990984340531
		Duration: 585
		Return Value: 48

	Instruction
		Name: clock_gettime
		Pid: 16488
		Spid: 16488
		Status: Finished
		Start: 1683990984340675
		Finish: 1683990984341328
		Duration: 653
		Return Value: 0

	Instruction
		Name: clock_gettime
		Pid: 16488
		Spid: 16488
		Status: Finished
		Start: 1683990984341462
		Finish: 1683990984342107
		Duration: 645
		Return Value: 0

	Instruction
		Name: clock_gettime
		Pid: 16488
		Spid: 16488
		Status: Finished
		Start: 1683990984342167
		Finish: 1683990984342741
		Duration: 574
		Return Value: 0

	Instruction
		Name: clock_gettime
		Pid: 16488
		Spid: 16488
		Status: Finished
		Start: 1683990984342839
		Finish: 1683990984347224
		Duration: 4385
		Return Value: 0

	Instruction
		Name: clock_gettime
		Pid: 16488
		Spid: 16488
		Status: Finished
		Start: 1683990984347359
		Finish: 1683990984348096
		Duration: 737
		Return Value: 0

	Instruction
		Name: clock_gettime
		Pid: 16488
		Spid: 16488
		Status: Finished
		Start: 1683990984348516
		Finish: 1683990984349052
		Duration: 536
		Return Value: 0

	Instruction
		Name: clock_gettime
		Pid: 16669
		Spid: 16669
		Status: Finished
		Start: 1683991156503679
		Finish: 1683991156504153
		Duration: 474
		Return Value: 0

	Instruction
		Name: clock_gettime
		Pid: 16669
		Spid: 16669
		Status: Finished
		Start: 1683991156504248
		Finish: 1683991156504830
		Duration: 582
		Return Value: 0

	Instruction
		Name: recvfrom
		Pid: 16669
		Spid: 16669
		Status: Finished
		Start: 1683991156505555
		Finish: 1683991156506320
		Duration: 765
		Return Value: 18446744073709551605

	Instruction
		Name: ioctl
		Pid: 16669
		Spid: 16669
		Status: Finished
		Start: 1683991156506426
		Finish: 1683991156507016
		Duration: 590
		Return Value: 0

	Instruction
		Name: write
		Pid: 16669
		Spid: 16669
		Status: Finished
		Start: 1683991156507144
		Finish: 1683991156509248
		Duration: 2104
		Return Value: 8

	Instruction
		Name: clock_gettime
		Pid: 16669
		Spid: 16669
		Status: Finished
		Start: 1683991156509520
		Finish: 1683991156510066
		Duration: 546
		Return Value: 0

	Instruction
		Name: clock_gettime
		Pid: 16669
		Spid: 16669
		Status: Finished
		Start: 1683991156510725
		Finish: 1683991156511362
		Duration: 637
		Return Value: 0

	Instruction
		Name: clock_gettime
		Pid: 16669
		Spid: 16669
		Status: Finished
		Start: 1683991156511454
		Finish: 1683991156512063
		Duration: 609
		Return Value: 0

	Instruction
		Name: clock_gettime
		Pid: 16669
		Spid: 16669
		Status: Finished
		Start: 1683991156512148
		Finish: 1683991156512759
		Duration: 611
		Return Value: 0

	Instruction
		Name: write
		Pid: 16669
		Spid: 16669
		Status: Finished
		Start: 1683991156512897
		Finish: 1683991156513385
		Duration: 488
		Return Value: 8

	Instruction
		Name: clock_gettime
		Pid: 16669
		Spid: 16669
		Status: Finished
		Start: 1683991156513770
		Finish: 1683991156516240
		Duration: 2470
		Return Value: 0

	Instruction
		Name: clock_gettime
		Pid: 16669
		Spid: 16669
		Status: Finished
		Start: 1683991156517905
		Finish: 1683991156518615
		Duration: 710
		Return Value: 0

	Instruction
		Name: write
		Pid: 16669
		Spid: 16669
		Status: Finished
		Start: 1683991156518734
		Finish: 1683991156519281
		Duration: 547
		Return Value: 8

	Instruction
		Name: futex
		Pid: 16669
		Spid: 16669
		Status: Finished
		Start: 1683991156519360
		Finish: 1683991156519937
		Duration: 577
		Return Value: 18446744073709551605

	Instruction
		Name: clock_gettime
		Pid: 16669
		Spid: 16669
		Status: Finished
		Start: 1683991156520110
		Finish: 1683991156520765
		Duration: 655
		Return Value: 0

	Instruction
		Name: clock_gettime
		Pid: 16669
		Spid: 16669
		Status: Finished
		Start: 1683991156520890
		Finish: 1683991156521475
		Duration: 585
		Return Value: 0

	Instruction
		Name: clock_gettime
		Pid: 16669
		Spid: 16669
		Status: Finished
		Start: 1683991156521962
		Finish: 1683991156522778
		Duration: 816
		Return Value: 0

	Instruction
		Name: read
		Pid: 16669
		Spid: 16669
		Status: Finished
		Start: 1683991156522876
		Finish: 1683991156523461
		Duration: 585
		Return Value: 48

	Instruction
		Name: getuid
		Pid: 16669
		Spid: 16669
		Status: Finished
		Start: 1683991156523587
		Finish: 1683991156527199
		Duration: 3612
		Return Value: 10327

	Instruction
		Name: epoll_pwait
		Pid: 16669
		Spid: 16669
		Status: Finished
		Start: 1683991156527914
		Finish: 1683991156528619
		Duration: 705
		Return Value: 2

	Instruction
		Name: read
		Pid: 16669
		Spid: 16669
		Status: Finished
		Start: 1683991156528711
		Finish: 1683991156529342
		Duration: 631
		Return Value: 8

	Instruction
		Name: recvfrom
		Pid: 16669
		Spid: 16669
		Status: Finished
		Start: 1683991156529423
		Finish: 1683991156530038
		Duration: 615
		Return Value: 64

	Instruction
		Name: recvfrom
		Pid: 16669
		Spid: 16669
		Status: Finished
		Start: 1683991156530132
		Finish: 1683991156531034
		Duration: 902
		Return Value: 18446744073709551605

	Instruction
		Name: clock_gettime
		Pid: 16669
		Spid: 16669
		Status: Finished
		Start: 1683991156531240
		Finish: 1683991156531764
		Duration: 524
		Return Value: 0

	Instruction
		Name: clock_gettime
		Pid: 16669
		Spid: 16669
		Status: Finished
		Start: 1683991156531891
		Finish: 1683991156532401
		Duration: 510
		Return Value: 0

	Instruction
		Name: gettimeofday
		Pid: 16669
		Spid: 16669
		Status: Finished
		Start: 1683991156532460
		Finish: 1683991156532946
		Duration: 486
		Return Value: 0

	Instruction
		Name: clock_gettime
		Pid: 16669
		Spid: 16669
		Status: Finished
		Start: 1683991156533038
		Finish: 1683991156533541
		Duration: 503
		Return Value: 0

	Instruction
		Name: clock_gettime
		Pid: 16669
		Spid: 16669
		Status: Finished
		Start: 1683991156533636
		Finish: 1683991156534125
		Duration: 489
		Return Value: 0

	Instruction
		Name: gettimeofday
		Pid: 16669
		Spid: 16669
		Status: Finished
		Start: 1683991156534184
		Finish: 1683991156534698
		Duration: 514
		Return Value: 0

	Instruction
		Name: read
		Pid: 16669
		Spid: 16669
		Status: Finished
		Start: 1683991156535219
		Finish: 1683991156535967
		Duration: 748
		Return Value: 48

	Instruction
		Name: clock_gettime
		Pid: 16669
		Spid: 16669
		Status: Finished
		Start: 1683991156536433
		Finish: 1683991156537173
		Duration: 740
		Return Value: 0

	Instruction
		Name: clock_gettime
		Pid: 16669
		Spid: 16669
		Status: Finished
		Start: 1683991156537302
		Finish: 1683991156537831
		Duration: 529
		Return Value: 0

	Instruction
		Name: clock_gettime
		Pid: 16669
		Spid: 16669
		Status: Finished
		Start: 1683991156537906
		Finish: 1683991156538524
		Duration: 618
		Return Value: 0

	Instruction
		Name: clock_gettime
		Pid: 16669
		Spid: 16669
		Status: Finished
		Start: 1683991156538618
		Finish: 1683991156539388
		Duration: 770
		Return Value: 0

	Instruction
		Name: clock_gettime
		Pid: 16669
		Spid: 16669
		Status: Finished
		Start: 1683991156539490
		Finish: 1683991156540347
		Duration: 857
		Return Value: 0

	Instruction
		Name: clock_gettime
		Pid: 16669
		Spid: 16669
		Status: Finished
		Start: 1683991156540486
		Finish: 1683991156542156
		Duration: 1670
		Return Value: 0

	Instruction
		Name: futex
		Pid: 16669
		Spid: 16669
		Status: Finished
		Start: 1683991156543747
		Finish: 1683991156544546
		Duration: 799
		Return Value: 0

	Instruction
		Name: clock_gettime
		Pid: 16669
		Spid: 16669
		Status: Finished
		Start: 1683991156545153
		Finish: 1683991156545938
		Duration: 785
		Return Value: 0

	Instruction
		Name: clock_gettime
		Pid: 16669
		Spid: 16669
		Status: Finished
		Start: 1683991156546082
		Finish: 1683991156546618
		Duration: 536
		Return Value: 0

	Instruction
		Name: clock_gettime
		Pid: 16669
		Spid: 16669
		Status: Finished
		Start: 1683991156546723
		Finish: 1683991156547288
		Duration: 565
		Return Value: 0

	Instruction
		Name: recvfrom
		Pid: 16669
		Spid: 16669
		Status: Finished
		Start: 1683991156547524
		Finish: 1683991156548379
		Duration: 855
		Return Value: 18446744073709551605

	Instruction
		Name: ioctl
		Pid: 16669
		Spid: 16669
		Status: Finished
		Start: 1683991156548834
		Finish: 1683991156549750
		Duration: 916
		Return Value: 0

	Instruction
		Name: write
		Pid: 16669
		Spid: 16669
		Status: Finished
		Start: 1683991156549929
		Finish: 1683991156550815
		Duration: 886
		Return Value: 8

	Instruction
		Name: clock_gettime
		Pid: 16669
		Spid: 16669
		Status: Finished
		Start: 1683991156551119
		Finish: 1683991156552002
		Duration: 883
		Return Value: 0

	Instruction
		Name: clock_gettime
		Pid: 16669
		Spid: 16669
		Status: Finished
		Start: 1683991156552213
		Finish: 1683991156553132
		Duration: 919
		Return Value: 0

	Instruction
		Name: clock_gettime
		Pid: 16669
		Spid: 16669
		Status: Finished
		Start: 1683991156553259
		Finish: 1683991156553775
		Duration: 516
		Return Value: 0

	Instruction
		Name: clock_gettime
		Pid: 16669
		Spid: 16669
		Status: Finished
		Start: 1683991156553832
		Finish: 1683991156554383
		Duration: 551
		Return Value: 0

	Instruction
		Name: write
		Pid: 16669
		Spid: 16669
		Status: Finished
		Start: 1683991156554539
		Finish: 1683991156555635
		Duration: 1096
		Return Value: 8

	Instruction
		Name: clock_gettime
		Pid: 16669
		Spid: 16669
		Status: Finished
		Start: 1683991156556223
		Finish: 1683991156556976
		Duration: 753
		Return Value: 0

	Instruction
		Name: clock_gettime
		Pid: 16669
		Spid: 16669
		Status: Finished
		Start: 1683991156559045
		Finish: 1683991156561071
		Duration: 2026
		Return Value: 0

	Instruction
		Name: write
		Pid: 16669
		Spid: 16669
		Status: Finished
		Start: 1683991156561138
		Finish: 1683991156561965
		Duration: 827
		Return Value: 8

	Instruction
		Name: futex
		Pid: 16669
		Spid: 16669
		Status: Finished
		Start: 1683991156562038
		Finish: 1683991156564803
		Duration: 2765
		Return Value: 1

	Instruction
		Name: futex
		Pid: 16669
		Spid: 16669
		Status: Finished
		Start: 1683991156565005
		Finish: 1683991156567006
		Duration: 2001
		Return Value: 18446744073709551605

	Instruction
		Name: clock_gettime
		Pid: 16669
		Spid: 16669
		Status: Finished
		Start: 1683991156567245
		Finish: 1683991156567799
		Duration: 554
		Return Value: 0

	Instruction
		Name: clock_gettime
		Pid: 16669
		Spid: 16669
		Status: Finished
		Start: 1683991156567913
		Finish: 1683991156568452
		Duration: 539
		Return Value: 0

	Instruction
		Name: clock_gettime
		Pid: 16669
		Spid: 16669
		Status: Finished
		Start: 1683991156568573
		Finish: 1683991156569172
		Duration: 599
		Return Value: 0

	Instruction
		Name: read
		Pid: 16669
		Spid: 16669
		Status: Finished
		Start: 1683991156569266
		Finish: 1683991156569813
		Duration: 547
		Return Value: 48

	Instruction
		Name: getuid
		Pid: 16669
		Spid: 16669
		Status: Finished
		Start: 1683991156569928
		Finish: 1683991156570508
		Duration: 580
		Return Value: 10327

	Instruction
		Name: epoll_pwait
		Pid: 16669
		Spid: 16669
		Status: Finished
		Start: 1683991156570598
		Finish: 1683991156571117
		Duration: 519
		Return Value: 2

	Instruction
		Name: read
		Pid: 16669
		Spid: 16669
		Status: Finished
		Start: 1683991156571169
		Finish: 1683991156571668
		Duration: 499
		Return Value: 8

	Instruction
		Name: recvfrom
		Pid: 16669
		Spid: 16669
		Status: Finished
		Start: 1683991156571720
		Finish: 1683991156572304
		Duration: 584
		Return Value: 64

	Instruction
		Name: recvfrom
		Pid: 16669
		Spid: 16669
		Status: Finished
		Start: 1683991156572363
		Finish: 1683991156573352
		Duration: 989
		Return Value: 18446744073709551605

	Instruction
		Name: clock_gettime
		Pid: 16669
		Spid: 16669
		Status: Finished
		Start: 1683991156574100
		Finish: 1683991156578775
		Duration: 4675
		Return Value: 0

	Instruction
		Name: clock_gettime
		Pid: 16669
		Spid: 16669
		Status: Finished
		Start: 1683991156578916
		Finish: 1683991156579551
		Duration: 635
		Return Value: 0

	Instruction
		Name: gettimeofday
		Pid: 16669
		Spid: 16669
		Status: Finished
		Start: 1683991156579615
		Finish: 1683991156580124
		Duration: 509
		Return Value: 0

	Instruction
		Name: clock_gettime
		Pid: 16669
		Spid: 16669
		Status: Finished
		Start: 1683991156580224
		Finish: 1683991156580794
		Duration: 570
		Return Value: 0

	Instruction
		Name: clock_gettime
		Pid: 16669
		Spid: 16669
		Status: Finished
		Start: 1683991156581003
		Finish: 1683991156581781
		Duration: 778
		Return Value: 0

	Instruction
		Name: gettimeofday
		Pid: 16669
		Spid: 16669
		Status: Finished
		Start: 1683991156581846
		Finish: 1683991156582425
		Duration: 579
		Return Value: 0

	Instruction
		Name: read
		Pid: 16669
		Spid: 16669
		Status: Finished
		Start: 1683991156582536
		Finish: 1683991156590176
		Duration: 7640
		Return Value: 48

	Instruction
		Name: clock_gettime
		Pid: 16669
		Spid: 16669
		Status: Finished
		Start: 1683991156590323
		Finish: 1683991156592359
		Duration: 2036
		Return Value: 0

	Instruction
		Name: clock_gettime
		Pid: 16669
		Spid: 16669
		Status: Finished
		Start: 1683991156594133
		Finish: 1683991156595002
		Duration: 869
		Return Value: 0

	Instruction
		Name: clock_gettime
		Pid: 16669
		Spid: 16669
		Status: Finished
		Start: 1683991156595088
		Finish: 1683991156597347
		Duration: 2259
		Return Value: 0

	Instruction
		Name: clock_gettime
		Pid: 16669
		Spid: 16669
		Status: Finished
		Start: 1683991156597422
		Finish: 1683991156599284
		Duration: 1862
		Return Value: 0

	Instruction
		Name: clock_gettime
		Pid: 16669
		Spid: 16669
		Status: Finished
		Start: 1683991156599386
		Finish: 1683991156600128
		Duration: 742
		Return Value: 0

	Instruction
		Name: clock_gettime
		Pid: 16669
		Spid: 16669
		Status: Finished
		Start: 1683991156600283
		Finish: 1683991156600864
		Duration: 581
		Return Value: 0

	Instruction
		Name: clock_gettime
		Pid: 16669
		Spid: 16669
		Status: Finished
		Start: 1683991156601145
		Finish: 1683991156601871
		Duration: 726
		Return Value: 0

	Instruction
		Name: clock_gettime
		Pid: 16669
		Spid: 16669
		Status: Finished
		Start: 1683991156602013
		Finish: 1683991156604688
		Duration: 2675
		Return Value: 0

	Instruction
		Name: clock_gettime
		Pid: 16669
		Spid: 16669
		Status: Finished
		Start: 1683991156604826
		Finish: 1683991156606853
		Duration: 2027
		Return Value: 0

	Instruction
		Name: recvfrom
		Pid: 16669
		Spid: 16669
		Status: Finished
		Start: 1683991156607079
		Finish: 1683991156611754
		Duration: 4675
		Return Value: 18446744073709551605

	Instruction
		Name: ioctl
		Pid: 16669
		Spid: 16669
		Status: Finished
		Start: 1683991156611853
		Finish: 1683991156612523
		Duration: 670
		Return Value: 0

	Instruction
		Name: write
		Pid: 16669
		Spid: 16669
		Status: Finished
		Start: 1683991156612665
		Finish: 1683991156614403
		Duration: 1738
		Return Value: 8

	Instruction
		Name: clock_gettime
		Pid: 16669
		Spid: 16669
		Status: Finished
		Start: 1683991156614607
		Finish: 1683991156615497
		Duration: 890
		Return Value: 0

	Instruction
		Name: clock_gettime
		Pid: 16669
		Spid: 16669
		Status: Finished
		Start: 1683991156615610
		Finish: 1683991156617438
		Duration: 1828
		Return Value: 0

	Instruction
		Name: clock_gettime
		Pid: 16669
		Spid: 16669
		Status: Finished
		Start: 1683991156617523
		Finish: 1683991156618178
		Duration: 655
		Return Value: 0

	Instruction
		Name: write
		Pid: 16669
		Spid: 16669
		Status: Finished
		Start: 1683991156618311
		Finish: 1683991156618896
		Duration: 585
		Return Value: 8

	Instruction
		Name: clock_gettime
		Pid: 16669
		Spid: 16669
		Status: Finished
		Start: 1683991156619301
		Finish: 1683991156619857
		Duration: 556
		Return Value: 0

	Instruction
		Name: clock_gettime
		Pid: 16669
		Spid: 16669
		Status: Finished
		Start: 1683991156621153
		Finish: 1683991156621941
		Duration: 788
		Return Value: 0

	Instruction
		Name: write
		Pid: 16669
		Spid: 16669
		Status: Finished
		Start: 1683991156622009
		Finish: 1683991156623330
		Duration: 1321
		Return Value: 8

	Instruction
		Name: futex
		Pid: 16669
		Spid: 16669
		Status: Finished
		Start: 1683991156623423
		Finish: 1683991156624842
		Duration: 1419
		Return Value: 1

	Instruction
		Name: futex
		Pid: 16669
		Spid: 16669
		Status: Finished
		Start: 1683991156626899
		Finish: 1683991156629467
		Duration: 2568
		Return Value: 18446744073709551605

	Instruction
		Name: clock_gettime
		Pid: 16669
		Spid: 16669
		Status: Finished
		Start: 1683991156629626
		Finish: 1683991156630248
		Duration: 622
		Return Value: 0

	Instruction
		Name: clock_gettime
		Pid: 16669
		Spid: 16669
		Status: Finished
		Start: 1683991156630355
		Finish: 1683991156630865
		Duration: 510
		Return Value: 0

	Instruction
		Name: clock_gettime
		Pid: 16669
		Spid: 16669
		Status: Finished
		Start: 1683991156630973
		Finish: 1683991156631481
		Duration: 508
		Return Value: 0

	Instruction
		Name: read
		Pid: 16669
		Spid: 16669
		Status: Finished
		Start: 1683991156631558
		Finish: 1683991156632074
		Duration: 516
		Return Value: 48

	Instruction
		Name: getuid
		Pid: 16669
		Spid: 16669
		Status: Finished
		Start: 1683991156632187
		Finish: 1683991156632982
		Duration: 795
		Return Value: 10327

	Instruction
		Name: epoll_pwait
		Pid: 16669
		Spid: 16669
		Status: Finished
		Start: 1683991156633077
		Finish: 1683991156633620
		Duration: 543
		Return Value: 2

	Instruction
		Name: read
		Pid: 16669
		Spid: 16669
		Status: Finished
		Start: 1683991156633699
		Finish: 1683991156634300
		Duration: 601
		Return Value: 8

	Instruction
		Name: recvfrom
		Pid: 16669
		Spid: 16669
		Status: Finished
		Start: 1683991156634377
		Finish: 1683991156635282
		Duration: 905
		Return Value: 64

	Instruction
		Name: recvfrom
		Pid: 16669
		Spid: 16669
		Status: Finished
		Start: 1683991156635348
		Finish: 1683991156635906
		Duration: 558
		Return Value: 18446744073709551605

	Instruction
		Name: clock_gettime
		Pid: 16669
		Spid: 16669
		Status: Finished
		Start: 1683991156636072
		Finish: 1683991156636591
		Duration: 519
		Return Value: 0

	Instruction
		Name: clock_gettime
		Pid: 16669
		Spid: 16669
		Status: Finished
		Start: 1683991156636712
		Finish: 1683991156637222
		Duration: 510
		Return Value: 0

	Instruction
		Name: gettimeofday
		Pid: 16669
		Spid: 16669
		Status: Finished
		Start: 1683991156637512
		Finish: 1683991156638038
		Duration: 526
		Return Value: 0

	Instruction
		Name: clock_gettime
		Pid: 16669
		Spid: 16669
		Status: Finished
		Start: 1683991156638162
		Finish: 1683991156642150
		Duration: 3988
		Return Value: 0

	Instruction
		Name: clock_gettime
		Pid: 16669
		Spid: 16669
		Status: Finished
		Start: 1683991156642295
		Finish: 1683991156643246
		Duration: 951
		Return Value: 0

	Instruction
		Name: gettimeofday
		Pid: 16669
		Spid: 16669
		Status: Finished
		Start: 1683991156643312
		Finish: 1683991156643851
		Duration: 539
		Return Value: 0

	Instruction
		Name: read
		Pid: 16669
		Spid: 16669
		Status: Finished
		Start: 1683991156643909
		Finish: 1683991156644415
		Duration: 506
		Return Value: 48

	Instruction
		Name: clock_gettime
		Pid: 16669
		Spid: 16669
		Status: Finished
		Start: 1683991156645282
		Finish: 1683991156645816
		Duration: 534
		Return Value: 0

	Instruction
		Name: clock_gettime
		Pid: 16669
		Spid: 16669
		Status: Finished
		Start: 1683991156645939
		Finish: 1683991156646456
		Duration: 517
		Return Value: 0

	Instruction
		Name: clock_gettime
		Pid: 16669
		Spid: 16669
		Status: Finished
		Start: 1683991156646509
		Finish: 1683991156647045
		Duration: 536
		Return Value: 0

	Instruction
		Name: clock_gettime
		Pid: 16669
		Spid: 16669
		Status: Finished
		Start: 1683991156647135
		Finish: 1683991156647640
		Duration: 505
		Return Value: 0

	Instruction
		Name: clock_gettime
		Pid: 16669
		Spid: 16669
		Status: Finished
		Start: 1683991156647699
		Finish: 1683991156648198
		Duration: 499
		Return Value: 0

	Instruction
		Name: clock_gettime
		Pid: 16669
		Spid: 16669
		Status: Finished
		Start: 1683991156648249
		Finish: 1683991156649371
		Duration: 1122
		Return Value: 0

	Instruction
		Name: clock_gettime
		Pid: 16669
		Spid: 16669
		Status: Finished
		Start: 1683991156649882
		Finish: 1683991156650490
		Duration: 608
		Return Value: 0

	Instruction
		Name: clock_gettime
		Pid: 16669
		Spid: 16669
		Status: Finished
		Start: 1683991156650549
		Finish: 1683991156651108
		Duration: 559
		Return Value: 0

	Instruction
		Name: clock_gettime
		Pid: 16669
		Spid: 16669
		Status: Finished
		Start: 1683991156651160
		Finish: 1683991156651809
		Duration: 649
		Return Value: 0

	Instruction
		Name: clock_gettime
		Pid: 16669
		Spid: 16669
		Status: Finished
		Start: 1683991156651902
		Finish: 1683991156652855
		Duration: 953
		Return Value: 0

	Instruction
		Name: clock_gettime
		Pid: 16669
		Spid: 16669
		Status: Finished
		Start: 1683991156652969
		Finish: 1683991156653522
		Duration: 553
		Return Value: 0

	Instruction
		Name: read
		Pid: 16669
		Spid: 16669
		Status: Finished
		Start: 1683991156653604
		Finish: 1683991156654153
		Duration: 549
		Return Value: 48

	Instruction
		Name: getuid
		Pid: 16669
		Spid: 16669
		Status: Finished
		Start: 1683991156654260
		Finish: 1683991156654899
		Duration: 639
		Return Value: 10327

	Instruction
		Name: epoll_pwait
		Pid: 16669
		Spid: 16669
		Status: Finished
		Start: 1683991156655205
		Finish: 1683991156655902
		Duration: 697
		Return Value: 0

	Instruction
		Name: clock_gettime
		Pid: 16669
		Spid: 16669
		Status: Finished
		Start: 1683991156655961
		Finish: 1683991156656523
		Duration: 562
		Return Value: 0

	Instruction
		Name: epoll_pwait
		Pid: 16669
		Spid: 16669
		Status: Finished
		Start: 1683991156656631
		Finish: 1683991156873459
		Duration: 216828
		Return Value: 1

	Instruction
		Name: recvfrom
		Pid: 16669
		Spid: 16669
		Status: Finished
		Start: 1683991156873700
		Finish: 1683991156873964
		Duration: 264
		Return Value: 104

	Instruction
		Name: recvfrom
		Pid: 16669
		Spid: 16669
		Status: Finished
		Start: 1683991156874086
		Finish: 1683991156874329
		Duration: 243
		Return Value: 18446744073709551605

	Instruction
		Name: clock_gettime
		Pid: 16669
		Spid: 16669
		Status: Finished
		Start: 1683991156874379
		Finish: 1683991156874593
		Duration: 214
		Return Value: 0

	Instruction
		Name: epoll_pwait
		Pid: 16669
		Spid: 16669
		Status: Finished
		Start: 1683991156874644
		Finish: 1683991157075128
		Duration: 200484
		Return Value: 1

	Instruction
		Name: recvfrom
		Pid: 16669
		Spid: 16669
		Status: Finished
		Start: 1683991157075399
		Finish: 1683991157075681
		Duration: 282
		Return Value: 104

	Instruction
		Name: recvfrom
		Pid: 16669
		Spid: 16669
		Status: Finished
		Start: 1683991157075773
		Finish: 1683991157076405
		Duration: 632
		Return Value: 18446744073709551605

	Instruction
		Name: clock_gettime
		Pid: 16669
		Spid: 16669
		Status: Finished
		Start: 1683991157076479
		Finish: 1683991157076702
		Duration: 223
		Return Value: 0

	Instruction
		Name: epoll_pwait
		Pid: 16669
		Spid: 16669
		Status: Finished
		Start: 1683991157076755
		Finish: 1683991157276876
		Duration: 200121
		Return Value: 1

	Instruction
		Name: recvfrom
		Pid: 16669
		Spid: 16669
		Status: Finished
		Start: 1683991157277020
		Finish: 1683991157277681
		Duration: 661
		Return Value: 208

	Instruction
		Name: recvfrom
		Pid: 16669
		Spid: 16669
		Status: Finished
		Start: 1683991157277812
		Finish: 1683991157278404
		Duration: 592
		Return Value: 18446744073709551605

	Instruction
		Name: clock_gettime
		Pid: 16669
		Spid: 16669
		Status: Finished
		Start: 1683991157278487
		Finish: 1683991157278993
		Duration: 506
		Return Value: 0

	Instruction
		Name: epoll_pwait
		Pid: 16669
		Spid: 16669
		Status: Finished
		Start: 1683991157279072
		Finish: 1683991157478291
		Duration: 199219
		Return Value: 1

	Instruction
		Name: recvfrom
		Pid: 16669
		Spid: 16669
		Status: Finished
		Start: 1683991157478490
		Finish: 1683991157479275
		Duration: 785
		Return Value: 104

	Instruction
		Name: recvfrom
		Pid: 16669
		Spid: 16669
		Status: Finished
		Start: 1683991157479431
		Finish: 1683991157480069
		Duration: 638
		Return Value: 18446744073709551605

	Instruction
		Name: clock_gettime
		Pid: 16669
		Spid: 16669
		Status: Finished
		Start: 1683991157480188
		Finish: 1683991157480831
		Duration: 643
		Return Value: 0

	Instruction
		Name: epoll_pwait
		Pid: 16669
		Spid: 16669
		Status: Finished
		Start: 1683991157480953
		Finish: 1683991157680148
		Duration: 199195
		Return Value: 1

	Instruction
		Name: recvfrom
		Pid: 16669
		Spid: 16669
		Status: Finished
		Start: 1683991157680396
		Finish: 1683991157681054
		Duration: 658
		Return Value: 104

	Instruction
		Name: recvfrom
		Pid: 16669
		Spid: 16669
		Status: Finished
		Start: 1683991157681246
		Finish: 1683991157681566
		Duration: 320
		Return Value: 18446744073709551605

	Instruction
		Name: clock_gettime
		Pid: 16669
		Spid: 16669
		Status: Finished
		Start: 1683991157681669
		Finish: 1683991157682159
		Duration: 490
		Return Value: 0

	Instruction
		Name: epoll_pwait
		Pid: 16669
		Spid: 16669
		Status: Finished
		Start: 1683991157682258
		Finish: 1683991157882102
		Duration: 199844
		Return Value: 1

	Instruction
		Name: recvfrom
		Pid: 16669
		Spid: 16669
		Status: Finished
		Start: 1683991157882334
		Finish: 1683991157884065
		Duration: 1731
		Return Value: 104

	Instruction
		Name: recvfrom
		Pid: 16669
		Spid: 16669
		Status: Finished
		Start: 1683991157884261
		Finish: 1683991157884558
		Duration: 297
		Return Value: 18446744073709551605

	Instruction
		Name: clock_gettime
		Pid: 16669
		Spid: 16669
		Status: Finished
		Start: 1683991157884657
		Finish: 1683991157885379
		Duration: 722
		Return Value: 0

	Instruction
		Name: epoll_pwait
		Pid: 16669
		Spid: 16669
		Status: Finished
		Start: 1683991157885567
		Finish: 1683991158084019
		Duration: 198452
		Return Value: 1

	Instruction
		Name: recvfrom
		Pid: 16669
		Spid: 16669
		Status: Finished
		Start: 1683991158084226
		Finish: 1683991158084556
		Duration: 330
		Return Value: 208

	Instruction
		Name: recvfrom
		Pid: 16669
		Spid: 16669
		Status: Finished
		Start: 1683991158084689
		Finish: 1683991158085003
		Duration: 314
		Return Value: 18446744073709551605

	Instruction
		Name: clock_gettime
		Pid: 16669
		Spid: 16669
		Status: Finished
		Start: 1683991158085151
		Finish: 1683991158085389
		Duration: 238
		Return Value: 0

	Instruction
		Name: epoll_pwait
		Pid: 16669
		Spid: 16669
		Status: Finished
		Start: 1683991158085541
		Finish: 1683991158285339
		Duration: 199798
		Return Value: 1

	Instruction
		Name: futex
		Pid: 16669
		Spid: 16669
		Status: Finished
		Start: 1683991158285509
		Finish: 1683991158286317
		Duration: 808
		Return Value: 0

	Instruction
		Name: futex
		Pid: 16669
		Spid: 16669
		Status: Finished
		Start: 1683991158286466
		Finish: 1683991158286752
		Duration: 286
		Return Value: 1

	Instruction
		Name: futex
		Pid: 16669
		Spid: 16669
		Status: Finished
		Start: 1683991158286859
		Finish: 1683991158287163
		Duration: 304
		Return Value: 1

	Instruction
		Name: recvfrom
		Pid: 16669
		Spid: 16669
		Status: Finished
		Start: 1683991158287398
		Finish: 1683991158287651
		Duration: 253
		Return Value: 104

	Instruction
		Name: recvfrom
		Pid: 16669
		Spid: 16669
		Status: Finished
		Start: 1683991158287780
		Finish: 1683991158288005
		Duration: 225
		Return Value: 18446744073709551605

	Instruction
		Name: clock_gettime
		Pid: 16669
		Spid: 16669
		Status: Finished
		Start: 1683991158288090
		Finish: 1683991158288296
		Duration: 206
		Return Value: 0

	Instruction
		Name: futex
		Pid: 16669
		Spid: 16669
		Status: Finished
		Start: 1683991158288453
		Finish: 1683991158288709
		Duration: 256
		Return Value: 1

	Instruction
		Name: futex
		Pid: 16669
		Spid: 16669
		Status: Finished
		Start: 1683991158288793
		Finish: 1683991158288989
		Duration: 196
		Return Value: 1

	Instruction
		Name: epoll_pwait
		Pid: 16669
		Spid: 16669
		Status: Finished
		Start: 1683991158289070
		Finish: 1683991158487523
		Duration: 198453
		Return Value: 1

	Instruction
		Name: recvfrom
		Pid: 16669
		Spid: 16669
		Status: Finished
		Start: 1683991158487683
		Finish: 1683991158488387
		Duration: 704
		Return Value: 104

	Instruction
		Name: gettimeofday
		Pid: 16669
		Spid: 16669
		Status: Finished
		Start: 1683991158488666
		Finish: 1683991158489321
		Duration: 655
		Return Value: 0

	Instruction
		Name: clock_gettime
		Pid: 16669
		Spid: 16669
		Status: Finished
		Start: 1683991158489529
		Finish: 1683991158490139
		Duration: 610
		Return Value: 0

	Instruction
		Name: clock_gettime
		Pid: 16669
		Spid: 16669
		Status: Finished
		Start: 1683991158490199
		Finish: 1683991158490762
		Duration: 563
		Return Value: 0

	Instruction
		Name: clock_gettime
		Pid: 16669
		Spid: 16669
		Status: Finished
		Start: 1683991158490907
		Finish: 1683991158491465
		Duration: 558
		Return Value: 0

	Instruction
		Name: clock_gettime
		Pid: 16669
		Spid: 16669
		Status: Finished
		Start: 1683991158491524
		Finish: 1683991158492114
		Duration: 590
		Return Value: 0

	Instruction
		Name: clock_gettime
		Pid: 16669
		Spid: 16669
		Status: Finished
		Start: 1683991158492233
		Finish: 1683991158492792
		Duration: 559
		Return Value: 0

	Instruction
		Name: clock_gettime
		Pid: 16669
		Spid: 16669
		Status: Finished
		Start: 1683991158492851
		Finish: 1683991158493354
		Duration: 503
		Return Value: 0

	Instruction
		Name: clock_gettime
		Pid: 16669
		Spid: 16669
		Status: Finished
		Start: 1683991158493484
		Finish: 1683991158494032
		Duration: 548
		Return Value: 0

	Instruction
		Name: clock_gettime
		Pid: 16669
		Spid: 16669
		Status: Finished
		Start: 1683991158494098
		Finish: 1683991158494609
		Duration: 511
		Return Value: 0

	Instruction
		Name: clock_gettime
		Pid: 16669
		Spid: 16669
		Status: Finished
		Start: 1683991158494758
		Finish: 1683991158495552
		Duration: 794
		Return Value: 0

	Instruction
		Name: clock_gettime
		Pid: 16669
		Spid: 16669
		Status: Finished
		Start: 1683991158495639
		Finish: 1683991158496210
		Duration: 571
		Return Value: 0

	Instruction
		Name: clock_gettime
		Pid: 16669
		Spid: 16669
		Status: Finished
		Start: 1683991158496378
		Finish: 1683991158496895
		Duration: 517
		Return Value: 0

	Instruction
		Name: clock_gettime
		Pid: 16669
		Spid: 16669
		Status: Finished
		Start: 1683991158496951
		Finish: 1683991158497592
		Duration: 641
		Return Value: 0

	Instruction
		Name: clock_gettime
		Pid: 16669
		Spid: 16669
		Status: Finished
		Start: 1683991158497698
		Finish: 1683991158498282
		Duration: 584
		Return Value: 0

	Instruction
		Name: clock_gettime
		Pid: 16669
		Spid: 16669
		Status: Finished
		Start: 1683991158498355
		Finish: 1683991158499015
		Duration: 660
		Return Value: 0

	Instruction
		Name: futex
		Pid: 16669
		Spid: 16669
		Status: Finished
		Start: 1683991158499113
		Finish: 1683991158499736
		Duration: 623
		Return Value: 1

	Instruction
		Name: futex
		Pid: 16669
		Spid: 16669
		Status: Finished
		Start: 1683991158499802
		Finish: 1683991158500370
		Duration: 568
		Return Value: 1

	Instruction
		Name: clock_gettime
		Pid: 16669
		Spid: 16669
		Status: Finished
		Start: 1683991158500499
		Finish: 1683991158501112
		Duration: 613
		Return Value: 0

	Instruction
		Name: clock_gettime
		Pid: 16669
		Spid: 16669
		Status: Finished
		Start: 1683991158501174
		Finish: 1683991158501394
		Duration: 220
		Return Value: 0

	Instruction
		Name: clock_gettime
		Pid: 16669
		Spid: 16669
		Status: Finished
		Start: 1683991158501481
		Finish: 1683991158501642
		Duration: 161
		Return Value: 0

	Instruction
		Name: clock_gettime
		Pid: 16669
		Spid: 16669
		Status: Finished
		Start: 1683991158501679
		Finish: 1683991158501838
		Duration: 159
		Return Value: 0

	Instruction
		Name: futex
		Pid: 16669
		Spid: 16669
		Status: Finished
		Start: 1683991158501903
		Finish: 1683991158502060
		Duration: 157
		Return Value: 0

	Instruction
		Name: futex
		Pid: 16669
		Spid: 16669
		Status: Finished
		Start: 1683991158502097
		Finish: 1683991158502303
		Duration: 206
		Return Value: 1

	Instruction
		Name: futex
		Pid: 16669
		Spid: 16669
		Status: Finished
		Start: 1683991158502333
		Finish: 1683991158502868
		Duration: 535
		Return Value: 1

	Instruction
		Name: futex
		Pid: 16669
		Spid: 16669
		Status: Finished
		Start: 1683991158502965
		Finish: 1683991158503592
		Duration: 627
		Return Value: 18446744073709551605

	Instruction
		Name: clock_gettime
		Pid: 16669
		Spid: 16669
		Status: Finished
		Start: 1683991158503779
		Finish: 1683991158504430
		Duration: 651
		Return Value: 0

	Instruction
		Name: clock_gettime
		Pid: 16669
		Spid: 16669
		Status: Finished
		Start: 1683991158504502
		Finish: 1683991158506152
		Duration: 1650
		Return Value: 0

	Instruction
		Name: clock_gettime
		Pid: 16669
		Spid: 16669
		Status: Finished
		Start: 1683991158506286
		Finish: 1683991158506966
		Duration: 680
		Return Value: 0

	Instruction
		Name: clock_gettime
		Pid: 16669
		Spid: 16669
		Status: Finished
		Start: 1683991158507048
		Finish: 1683991158507675
		Duration: 627
		Return Value: 0

	Instruction
		Name: futex
		Pid: 16669
		Spid: 16669
		Status: Finished
		Start: 1683991158507804
		Finish: 1683991158508536
		Duration: 732
		Return Value: 1

	Instruction
		Name: futex
		Pid: 16669
		Spid: 16669
		Status: Finished
		Start: 1683991158508595
		Finish: 1683991158509136
		Duration: 541
		Return Value: 1

	Instruction
		Name: clock_gettime
		Pid: 16669
		Spid: 16669
		Status: Finished
		Start: 1683991158509277
		Finish: 1683991158510172
		Duration: 895
		Return Value: 0

	Instruction
		Name: clock_gettime
		Pid: 16669
		Spid: 16669
		Status: Finished
		Start: 1683991158510277
		Finish: 1683991158511442
		Duration: 1165
		Return Value: 0

	Instruction
		Name: futex
		Pid: 16669
		Spid: 16669
		Status: Finished
		Start: 1683991158511549
		Finish: 1683991158512525
		Duration: 976
		Return Value: 18446744073709551605

	Instruction
		Name: clock_gettime
		Pid: 16669
		Spid: 16669
		Status: Finished
		Start: 1683991158512655
		Finish: 1683991158513775
		Duration: 1120
		Return Value: 0

	Instruction
		Name: clock_gettime
		Pid: 16669
		Spid: 16669
		Status: Finished
		Start: 1683991158513850
		Finish: 1683991158514845
		Duration: 995
		Return Value: 0

	Instruction
		Name: futex
		Pid: 16669
		Spid: 16669
		Status: Finished
		Start: 1683991158515160
		Finish: 1683991158516883
		Duration: 1723
		Return Value: 1

	Instruction
		Name: futex
		Pid: 16669
		Spid: 16669
		Status: Finished
		Start: 1683991158516948
		Finish: 1683991158517889
		Duration: 941
		Return Value: 1

	Instruction
		Name: clock_gettime
		Pid: 16669
		Spid: 16669
		Status: Finished
		Start: 1683991158518957
		Finish: 1683991158519845
		Duration: 888
		Return Value: 0

	Instruction
		Name: clock_gettime
		Pid: 16669
		Spid: 16669
		Status: Finished
		Start: 1683991158519901
		Finish: 1683991158520408
		Duration: 507
		Return Value: 0

	Instruction
		Name: clock_gettime
		Pid: 16669
		Spid: 16669
		Status: Finished
		Start: 1683991158520504
		Finish: 1683991158521017
		Duration: 513
		Return Value: 0

	Instruction
		Name: clock_gettime
		Pid: 16669
		Spid: 16669
		Status: Finished
		Start: 1683991158521071
		Finish: 1683991158521633
		Duration: 562
		Return Value: 0

	Instruction
		Name: futex
		Pid: 16669
		Spid: 16669
		Status: Finished
		Start: 1683991158521684
		Finish: 1683991158522240
		Duration: 556
		Return Value: 1

	Instruction
		Name: futex
		Pid: 16669
		Spid: 16669
		Status: Finished
		Start: 1683991158522306
		Finish: 1683991158522937
		Duration: 631
		Return Value: 1

	Instruction
		Name: futex
		Pid: 16669
		Spid: 16669
		Status: Finished
		Start: 1683991158523002
		Finish: 1683991158527928
		Duration: 4926
		Return Value: 18446744073709551605

	Instruction
		Name: futex
		Pid: 16669
		Spid: 16669
		Status: Finished
		Start: 1683991158528020
		Finish: 1683991158528812
		Duration: 792
		Return Value: 1

	Instruction
		Name: futex
		Pid: 16669
		Spid: 16669
		Status: Finished
		Start: 1683991158528892
		Finish: 1683991158529791
		Duration: 899
		Return Value: 1

	Instruction
		Name: futex
		Pid: 16669
		Spid: 16669
		Status: Finished
		Start: 1683991158529878
		Finish: 1683991158530655
		Duration: 777
		Return Value: 1

	Instruction
		Name: futex
		Pid: 16669
		Spid: 16669
		Status: Finished
		Start: 1683991158530733
		Finish: 1683991158534173
		Duration: 3440
		Return Value: 1

	Instruction
		Name: futex
		Pid: 16669
		Spid: 16669
		Status: Finished
		Start: 1683991158534259
		Finish: 1683991158535228
		Duration: 969
		Return Value: 1

	Instruction
		Name: futex
		Pid: 16669
		Spid: 16669
		Status: Finished
		Start: 1683991158535296
		Finish: 1683991158536010
		Duration: 714
		Return Value: 1

	Instruction
		Name: futex
		Pid: 16669
		Spid: 16669
		Status: Finished
		Start: 1683991158536069
		Finish: 1683991158536612
		Duration: 543
		Return Value: 18446744073709551605

	Instruction
		Name: futex
		Pid: 16669
		Spid: 16669
		Status: Finished
		Start: 1683991158536657
		Finish: 1683991158536925
		Duration: 268
		Return Value: 0

	Instruction
		Name: futex
		Pid: 16669
		Spid: 16669
		Status: Finished
		Start: 1683991158536959
		Finish: 1683991158537173
		Duration: 214
		Return Value: 1

	Instruction
		Name: futex
		Pid: 16669
		Spid: 16669
		Status: Finished
		Start: 1683991158537203
		Finish: 1683991158545045
		Duration: 7842
		Return Value: 0

	Instruction
		Name: futex
		Pid: 16669
		Spid: 16669
		Status: Finished
		Start: 1683991158545118
		Finish: 1683991158545963
		Duration: 845
		Return Value: 18446744073709551605

	Instruction
		Name: clock_gettime
		Pid: 16669
		Spid: 16669
		Status: Finished
		Start: 1683991158546050
		Finish: 1683991158546275
		Duration: 225
		Return Value: 0

	Instruction
		Name: clock_gettime
		Pid: 16669
		Spid: 16669
		Status: Finished
		Start: 1683991158546329
		Finish: 1683991158546534
		Duration: 205
		Return Value: 0

	Instruction
		Name: clock_gettime
		Pid: 16669
		Spid: 16669
		Status: Finished
		Start: 1683991158546624
		Finish: 1683991158546874
		Duration: 250
		Return Value: 0

	Instruction
		Name: clock_gettime
		Pid: 16669
		Spid: 16669
		Status: Finished
		Start: 1683991158546920
		Finish: 1683991158547118
		Duration: 198
		Return Value: 0

	Instruction
		Name: clock_gettime
		Pid: 16669
		Spid: 16669
		Status: Finished
		Start: 1683991158547192
		Finish: 1683991158547425
		Duration: 233
		Return Value: 0

	Instruction
		Name: clock_gettime
		Pid: 16669
		Spid: 16669
		Status: Finished
		Start: 1683991158547471
		Finish: 1683991158547703
		Duration: 232
		Return Value: 0

	Instruction
		Name: gettimeofday
		Pid: 16669
		Spid: 16669
		Status: Finished
		Start: 1683991158548006
		Finish: 1683991158548237
		Duration: 231
		Return Value: 0

	Instruction
		Name: gettimeofday
		Pid: 16669
		Spid: 16669
		Status: Finished
		Start: 1683991158548326
		Finish: 1683991158548533
		Duration: 207
		Return Value: 0

LIST OF ALL NOT TERMINATED INSTRUCTIONS

	Instruction
		Name: clock_gettime
		Pid: 16488
		Spid: 16488
		Status: Executing
		Start: 1683990984349439

