
LIST OF ALL SEQUENCES FOR EACH INSTRUCTION

	Instruction
		Name: clock_gettime
		Next: [clock_gettime, epoll_ctl, futex, gettimeofday, getuid, ioctl, read]

	Instruction
		Name: epoll_ctl
		Next: [clock_gettime]

	Instruction
		Name: epoll_pwait
		Next: [clock_gettime, recvfrom]

	Instruction
		Name: futex
		Next: [clock_gettime, futex, getuid, madvise]

	Instruction
		Name: gettimeofday
		Next: [clock_gettime, read]

	Instruction
		Name: getuid
		Next: [clock_gettime, epoll_pwait, writev]

	Instruction
		Name: ioctl
		Next: [clock_gettime, ioctl]

	Instruction
		Name: madvise
		Next: [write]

	Instruction
		Name: mprotect
		Next: [futex, mprotect]

	Instruction
		Name: read
		Next: [clock_gettime, getuid]

	Instruction
		Name: recvfrom
		Next: [clock_gettime, recvfrom]

	Instruction
		Name: write
		Next: [futex]

	Instruction
		Name: writev
		Next: [clock_gettime, futex]

