
LIST OF ALL SENSOR NUMBER RECORDS

	Sensor record
		Azimuth value: 0
		Pitch value: -22
		Roll value: 0
		Start timestamp: 1682862954908
		Finish timestamp: 1682862955035

	Sensor record
		Azimuth value: 359
		Pitch value: -22
		Roll value: 359
		Start timestamp: 1682862955036
		Finish timestamp: 1682862955239

	Sensor record
		Azimuth value: 359
		Pitch value: -23
		Roll value: 358
		Start timestamp: 1682862955240
		Finish timestamp: 1682862955640

	Sensor record
		Azimuth value: 359
		Pitch value: -24
		Roll value: 358
		Start timestamp: 1682862955641
		Finish timestamp: 1682862955852

	Sensor record
		Azimuth value: 356
		Pitch value: -25
		Roll value: 358
		Start timestamp: 1682862955853
		Finish timestamp: 1682862956045

	Sensor record
		Azimuth value: 350
		Pitch value: -24
		Roll value: 354
		Start timestamp: 1682862956046
		Finish timestamp: 1682862956248

	Sensor record
		Azimuth value: 349
		Pitch value: -27
		Roll value: 357
		Start timestamp: 1682862956249
		Finish timestamp: 1682862956448

	Sensor record
		Azimuth value: 346
		Pitch value: -28
		Roll value: 355
		Start timestamp: 1682862956449
		Finish timestamp: 1682862956649

	Sensor record
		Azimuth value: 347
		Pitch value: -29
		Roll value: 358
		Start timestamp: 1682862956650
		Finish timestamp: 1682862956657

	Sensor record
		Azimuth value: 338
		Pitch value: -26
		Roll value: 355
		Start timestamp: 1682862956658
		Finish timestamp: 1682862956852

	Sensor record
		Azimuth value: 342
		Pitch value: -20
		Roll value: 3
		Start timestamp: 1682862956853
		Finish timestamp: 1682862957054

	Sensor record
		Azimuth value: 348
		Pitch value: -19
		Roll value: 3
		Start timestamp: 1682862957055
		Finish timestamp: 1682862957255

	Sensor record
		Azimuth value: 356
		Pitch value: -19
		Roll value: 5
		Start timestamp: 1682862957256
		Finish timestamp: 1682862957462

	Sensor record
		Azimuth value: 358
		Pitch value: -20
		Roll value: 3
		Start timestamp: 1682862957463
		Finish timestamp: 1682862957507

	Sensor record
		Azimuth value: 358
		Pitch value: -19
		Roll value: 2
		Start timestamp: 1682862957508
		Finish timestamp: 1682862957659

	Sensor record
		Azimuth value: 357
		Pitch value: -19
		Roll value: 2
		Start timestamp: 1682862957660
		Finish timestamp: 1682862957861

	Sensor record
		Azimuth value: 357
		Pitch value: -20
		Roll value: 1
		Start timestamp: 1682862957862
		Finish timestamp: 1682862958068

	Sensor record
		Azimuth value: 355
		Pitch value: -22
		Roll value: 358
		Start timestamp: 1682862958069
		Finish timestamp: 1682862958264

	Sensor record
		Azimuth value: 351
		Pitch value: -26
		Roll value: 352
		Start timestamp: 1682862958265
		Finish timestamp: 1682862958269

	Sensor record
		Azimuth value: 348
		Pitch value: -27
		Roll value: 351
		Start timestamp: 1682862958270
		Finish timestamp: 1682862958466

	Sensor record
		Azimuth value: 347
		Pitch value: -26
		Roll value: 352
		Start timestamp: 1682862958467
		Finish timestamp: 1682862958667

	Sensor record
		Azimuth value: 347
		Pitch value: -26
		Roll value: 353
		Start timestamp: 1682862958668
		Finish timestamp: 1682862959073

	Sensor record
		Azimuth value: 347
		Pitch value: -26
		Roll value: 352
		Start timestamp: 1682862959074
		Finish timestamp: 1682862959273

	Sensor record
		Azimuth value: 347
		Pitch value: -25
		Roll value: 352
		Start timestamp: 1682862959274
		Finish timestamp: 1682862959676

	Sensor record
		Azimuth value: 349
		Pitch value: -24
		Roll value: 355
		Start timestamp: 1682862959677
		Finish timestamp: 1682862959877

	Sensor record
		Azimuth value: 350
		Pitch value: -23
		Roll value: 0
		Start timestamp: 1682862959878
		Finish timestamp: 1682862959884

	Sensor record
		Azimuth value: 352
		Pitch value: -20
		Roll value: 4
		Start timestamp: 1682862959885
		Finish timestamp: 1682862960082

	Sensor record
		Azimuth value: 352
		Pitch value: -20
		Roll value: 3
		Start timestamp: 1682862960083
		Finish timestamp: 1682862960286

	Sensor record
		Azimuth value: 355
		Pitch value: -21
		Roll value: 1
		Start timestamp: 1682862960287
		Finish timestamp: 1682862960686

	Sensor record
		Azimuth value: 354
		Pitch value: -22
		Roll value: 1
		Start timestamp: 1682862960687
		Finish timestamp: 1682862960702

	Sensor record
		Azimuth value: 354
		Pitch value: -21
		Roll value: 1
		Start timestamp: 1682862960703
		Finish timestamp: 1682862961290

	Sensor record
		Azimuth value: 354
		Pitch value: -20
		Roll value: 0
		Start timestamp: 1682862961291
		Finish timestamp: 1682862961492

	Sensor record
		Azimuth value: 354
		Pitch value: -18
		Roll value: 359
		Start timestamp: 1682862961493
		Finish timestamp: 1682862961497

	Sensor record
		Azimuth value: 353
		Pitch value: -21
		Roll value: 355
		Start timestamp: 1682862961498
		Finish timestamp: 1682862961694

	Sensor record
		Azimuth value: 344
		Pitch value: -19
		Roll value: 349
		Start timestamp: 1682862961695
		Finish timestamp: 1682862961895

	Sensor record
		Azimuth value: 339
		Pitch value: -17
		Roll value: 351
		Start timestamp: 1682862961896
		Finish timestamp: 1682862962097

	Sensor record
		Azimuth value: 339
		Pitch value: -14
		Roll value: 5
		Start timestamp: 1682862962098
		Finish timestamp: 1682862962299

	Sensor record
		Azimuth value: 345
		Pitch value: -12
		Roll value: 10
		Start timestamp: 1682862962300
		Finish timestamp: 1682862962326

	Sensor record
		Azimuth value: 357
		Pitch value: -12
		Roll value: 9
		Start timestamp: 1682862962327
		Finish timestamp: 1682862962500

	Sensor record
		Azimuth value: 3
		Pitch value: -12
		Roll value: 9
		Start timestamp: 1682862962501
		Finish timestamp: 1682862962702

	Sensor record
		Azimuth value: 5
		Pitch value: -16
		Roll value: 9
		Start timestamp: 1682862962703
		Finish timestamp: 1682862962905

	Sensor record
		Azimuth value: 357
		Pitch value: -32
		Roll value: 7
		Start timestamp: 1682862962906
		Finish timestamp: 1682862963109

	Sensor record
		Azimuth value: 345
		Pitch value: -45
		Roll value: 359
		Start timestamp: 1682862963110
		Finish timestamp: 1682862963160

	Sensor record
		Azimuth value: 335
		Pitch value: -48
		Roll value: 347
		Start timestamp: 1682862963161
		Finish timestamp: 1682862963307

	Sensor record
		Azimuth value: 342
		Pitch value: -49
		Roll value: 348
		Start timestamp: 1682862963308
		Finish timestamp: 1682862963509

	Sensor record
		Azimuth value: 343
		Pitch value: -45
		Roll value: 349
		Start timestamp: 1682862963510
		Finish timestamp: 1682862963710

	Sensor record
		Azimuth value: 345
		Pitch value: -43
		Roll value: 351
		Start timestamp: 1682862963711
		Finish timestamp: 1682862963913

	Sensor record
		Azimuth value: 348
		Pitch value: -38
		Roll value: 355
		Start timestamp: 1682862963914
		Finish timestamp: 1682862963918

	Sensor record
		Azimuth value: 350
		Pitch value: -30
		Roll value: 0
		Start timestamp: 1682862963919
		Finish timestamp: 1682862964116

	Sensor record
		Azimuth value: 351
		Pitch value: -17
		Roll value: 4
		Start timestamp: 1682862964117
		Finish timestamp: 1682862964317

	Sensor record
		Azimuth value: 355
		Pitch value: -12
		Roll value: 3
		Start timestamp: 1682862964318
		Finish timestamp: 1682862964518

	Sensor record
		Azimuth value: 357
		Pitch value: -15
		Roll value: 1
		Start timestamp: 1682862964519
		Finish timestamp: 1682862964720

	Sensor record
		Azimuth value: 358
		Pitch value: -16
		Roll value: 0
		Start timestamp: 1682862964721
		Finish timestamp: 1682862964744

	Sensor record
		Azimuth value: 359
		Pitch value: -15
		Roll value: 1
		Start timestamp: 1682862964745
		Finish timestamp: 1682862964921

	Sensor record
		Azimuth value: 1
		Pitch value: -13
		Roll value: 0
		Start timestamp: 1682862964922
		Finish timestamp: 1682862965122

	Sensor record
		Azimuth value: 3
		Pitch value: -12
		Roll value: 359
		Start timestamp: 1682862965123
		Finish timestamp: 1682862965325

	Sensor record
		Azimuth value: 3
		Pitch value: -10
		Roll value: 356
		Start timestamp: 1682862965326
		Finish timestamp: 1682862965528

	Sensor record
		Azimuth value: 3
		Pitch value: -9
		Roll value: 353
		Start timestamp: 1682862965529
		Finish timestamp: 1682862965531

	Sensor record
		Azimuth value: 4
		Pitch value: -9
		Roll value: 352
		Start timestamp: 1682862965532
		Finish timestamp: 1682862965728

	Sensor record
		Azimuth value: 1
		Pitch value: -9
		Roll value: 353
		Start timestamp: 1682862965729
		Finish timestamp: 1682862965930

	Sensor record
		Azimuth value: 2
		Pitch value: -8
		Roll value: 353
		Start timestamp: 1682862965931
		Finish timestamp: 1682862966131

	Sensor record
		Azimuth value: 3
		Pitch value: -8
		Roll value: 354
		Start timestamp: 1682862966132
		Finish timestamp: 1682862966334

	Sensor record
		Azimuth value: 3
		Pitch value: -9
		Roll value: 353
		Start timestamp: 1682862966335
		Finish timestamp: 1682862966538

	Sensor record
		Azimuth value: 3
		Pitch value: -8
		Roll value: 353
		Start timestamp: 1682862966539
		Finish timestamp: 1682862966738

	Sensor record
		Azimuth value: 4
		Pitch value: -9
		Roll value: 354
		Start timestamp: 1682862966739
		Finish timestamp: 1682862966938

	Sensor record
		Azimuth value: 5
		Pitch value: -20
		Roll value: 0
		Start timestamp: 1682862966939
		Finish timestamp: 1682862967141

	Sensor record
		Azimuth value: 2
		Pitch value: -19
		Roll value: 6
		Start timestamp: 1682862967142
		Finish timestamp: 1682862967150

	Sensor record
		Azimuth value: 359
		Pitch value: -13
		Roll value: 2
		Start timestamp: 1682862967151
		Finish timestamp: 1682862967343

	Sensor record
		Azimuth value: 1
		Pitch value: -19
		Roll value: 4
		Start timestamp: 1682862967344
		Finish timestamp: 1682862967543

	Sensor record
		Azimuth value: 359
		Pitch value: -26
		Roll value: 5
		Start timestamp: 1682862967544
		Finish timestamp: 1682862967746

	Sensor record
		Azimuth value: 357
		Pitch value: -21
		Roll value: 1
		Start timestamp: 1682862967747
		Finish timestamp: 1682862967957

	Sensor record
		Azimuth value: 357
		Pitch value: -14
		Roll value: 356
		Start timestamp: 1682862967958
		Finish timestamp: 1682862967987

	Sensor record
		Azimuth value: 356
		Pitch value: -17
		Roll value: 357
		Start timestamp: 1682862967988
		Finish timestamp: 1682862968154

	Sensor record
		Azimuth value: 1
		Pitch value: -24
		Roll value: 2
		Start timestamp: 1682862968155
		Finish timestamp: 1682862968387

	Sensor record
		Azimuth value: 358
		Pitch value: -26
		Roll value: 0
		Start timestamp: 1682862968388
		Finish timestamp: 1682862968633

	Sensor record
		Azimuth value: 358
		Pitch value: -29
		Roll value: 357
		Start timestamp: 1682862968634

