
LIST OF ALL SENSOR TEXT RECORDS

	Sensor record
		Azimuth value: north
		Pitch value: northeast
		Roll value: north
		Start timestamp: 1685193132476
		Finish timestamp: 1685193133221

	Sensor record
		Azimuth value: north
		Pitch value: north
		Roll value: north
		Start timestamp: 1685193133222
		Finish timestamp: 1685193133621

	Sensor record
		Azimuth value: north
		Pitch value: northeast
		Roll value: north
		Start timestamp: 1685193133622
		Finish timestamp: 1685193133622

	Sensor record
		Azimuth value: north
		Pitch value: east
		Roll value: north
		Start timestamp: 1685193133623
		Finish timestamp: 1685193134631

	Sensor record
		Azimuth value: north
		Pitch value: east
		Roll value: west
		Start timestamp: 1685193134632
		Finish timestamp: 1685193134834

	Sensor record
		Azimuth value: west
		Pitch value: east
		Roll value: west
		Start timestamp: 1685193134835
		Finish timestamp: 1685193135034

	Sensor record
		Azimuth value: west
		Pitch value: west
		Roll value: south
		Start timestamp: 1685193135035
		Finish timestamp: 1685193135438

	Sensor record
		Azimuth value: west
		Pitch value: west
		Roll value: west
		Start timestamp: 1685193135439
		Finish timestamp: 1685193135842

	Sensor record
		Azimuth value: north
		Pitch value: east
		Roll value: north
		Start timestamp: 1685193135843
		Finish timestamp: 1685193154501

	Sensor record
		Azimuth value: east
		Pitch value: east
		Roll value: north
		Start timestamp: 1685193154502
		Finish timestamp: 1685193154640

	Sensor record
		Azimuth value: north
		Pitch value: east
		Roll value: north
		Start timestamp: 1685193154641
		Finish timestamp: 1685193156861

	Sensor record
		Azimuth value: north
		Pitch value: north
		Roll value: north
		Start timestamp: 1685193156862
		Finish timestamp: 1685193157064

	Sensor record
		Azimuth value: west
		Pitch value: north
		Roll value: north
		Start timestamp: 1685193157065
		Finish timestamp: 1685193157262

	Sensor record
		Azimuth value: west
		Pitch value: north
		Roll value: west
		Start timestamp: 1685193157263
		Finish timestamp: 1685193157871

	Sensor record
		Azimuth value: north
		Pitch value: north
		Roll value: west
		Start timestamp: 1685193157872
		Finish timestamp: 1685193158473

	Sensor record
		Azimuth value: west
		Pitch value: north
		Roll value: west
		Start timestamp: 1685193158474
		Finish timestamp: 1685193160691

	Sensor record
		Azimuth value: north
		Pitch value: north
		Roll value: west
		Start timestamp: 1685193160692
		Finish timestamp: 1685193160894

	Sensor record
		Azimuth value: north
		Pitch value: north
		Roll value: north
		Start timestamp: 1685193160895
		Finish timestamp: 1685193161097

	Sensor record
		Azimuth value: north
		Pitch value: east
		Roll value: north
		Start timestamp: 1685193161098
		Finish timestamp: 1685193161298

	Sensor record
		Azimuth value: east
		Pitch value: east
		Roll value: north
		Start timestamp: 1685193161299
		Finish timestamp: 1685193162306

	Sensor record
		Azimuth value: east
		Pitch value: east
		Roll value: east
		Start timestamp: 1685193162307
		Finish timestamp: 1685193165333

	Sensor record
		Azimuth value: east
		Pitch value: north
		Roll value: north
		Start timestamp: 1685193165334
		Finish timestamp: 1685193165939

	Sensor record
		Azimuth value: east
		Pitch value: east
		Roll value: north
		Start timestamp: 1685193165940
		Finish timestamp: 1685193166342

	Sensor record
		Azimuth value: north
		Pitch value: east
		Roll value: north
		Start timestamp: 1685193166343

