
LIST OF ALL SENSOR NUMBER RECORDS

	Sensor record
		Azimuth value: 0
		Pitch value: -45
		Roll value: 0
		Start timestamp: 1685193132477
		Finish timestamp: 1685193132619

	Sensor record
		Azimuth value: 1
		Pitch value: -45
		Roll value: 0
		Start timestamp: 1685193132620
		Finish timestamp: 1685193132815

	Sensor record
		Azimuth value: 3
		Pitch value: -45
		Roll value: 2
		Start timestamp: 1685193132816
		Finish timestamp: 1685193132818

	Sensor record
		Azimuth value: 7
		Pitch value: -45
		Roll value: 5
		Start timestamp: 1685193132819
		Finish timestamp: 1685193133017

	Sensor record
		Azimuth value: 11
		Pitch value: -45
		Roll value: 9
		Start timestamp: 1685193133018
		Finish timestamp: 1685193133220

	Sensor record
		Azimuth value: 12
		Pitch value: -46
		Roll value: 12
		Start timestamp: 1685193133221
		Finish timestamp: 1685193133421

	Sensor record
		Azimuth value: 13
		Pitch value: -46
		Roll value: 14
		Start timestamp: 1685193133422
		Finish timestamp: 1685193133620

	Sensor record
		Azimuth value: 15
		Pitch value: -45
		Roll value: 17
		Start timestamp: 1685193133621
		Finish timestamp: 1685193133622

	Sensor record
		Azimuth value: 15
		Pitch value: -43
		Roll value: 19
		Start timestamp: 1685193133623
		Finish timestamp: 1685193133823

	Sensor record
		Azimuth value: 13
		Pitch value: -41
		Roll value: 19
		Start timestamp: 1685193133824
		Finish timestamp: 1685193134024

	Sensor record
		Azimuth value: 10
		Pitch value: -41
		Roll value: 15
		Start timestamp: 1685193134025
		Finish timestamp: 1685193134228

	Sensor record
		Azimuth value: 355
		Pitch value: -38
		Roll value: 349
		Start timestamp: 1685193134229
		Finish timestamp: 1685193134428

	Sensor record
		Azimuth value: 351
		Pitch value: -40
		Roll value: 332
		Start timestamp: 1685193134429
		Finish timestamp: 1685193134428

	Sensor record
		Azimuth value: 351
		Pitch value: -37
		Roll value: 319
		Start timestamp: 1685193134429
		Finish timestamp: 1685193134630

	Sensor record
		Azimuth value: 324
		Pitch value: -43
		Roll value: 281
		Start timestamp: 1685193134631
		Finish timestamp: 1685193134833

	Sensor record
		Azimuth value: 290
		Pitch value: -36
		Roll value: 227
		Start timestamp: 1685193134834
		Finish timestamp: 1685193135034

	Sensor record
		Azimuth value: 288
		Pitch value: -12
		Roll value: 187
		Start timestamp: 1685193135035
		Finish timestamp: 1685193135236

	Sensor record
		Azimuth value: 298
		Pitch value: 14
		Roll value: 179
		Start timestamp: 1685193135237
		Finish timestamp: 1685193135237

	Sensor record
		Azimuth value: 274
		Pitch value: 8
		Roll value: 213
		Start timestamp: 1685193135238
		Finish timestamp: 1685193135437

	Sensor record
		Azimuth value: 256
		Pitch value: -30
		Roll value: 255
		Start timestamp: 1685193135438
		Finish timestamp: 1685193135640

	Sensor record
		Azimuth value: 296
		Pitch value: -39
		Roll value: 313
		Start timestamp: 1685193135641
		Finish timestamp: 1685193135841

	Sensor record
		Azimuth value: 332
		Pitch value: -35
		Roll value: 351
		Start timestamp: 1685193135842
		Finish timestamp: 1685193136042

	Sensor record
		Azimuth value: 346
		Pitch value: -22
		Roll value: 355
		Start timestamp: 1685193136043
		Finish timestamp: 1685193136043

	Sensor record
		Azimuth value: 346
		Pitch value: -25
		Roll value: 359
		Start timestamp: 1685193136044
		Finish timestamp: 1685193136243

	Sensor record
		Azimuth value: 357
		Pitch value: -30
		Roll value: 7
		Start timestamp: 1685193136244
		Finish timestamp: 1685193136447

	Sensor record
		Azimuth value: 3
		Pitch value: -25
		Roll value: 9
		Start timestamp: 1685193136448
		Finish timestamp: 1685193136652

	Sensor record
		Azimuth value: 0
		Pitch value: -18
		Roll value: 5
		Start timestamp: 1685193136653
		Finish timestamp: 1685193136848

	Sensor record
		Azimuth value: 1
		Pitch value: -22
		Roll value: 2
		Start timestamp: 1685193136849
		Finish timestamp: 1685193136849

	Sensor record
		Azimuth value: 1
		Pitch value: -20
		Roll value: 3
		Start timestamp: 1685193136850
		Finish timestamp: 1685193137050

	Sensor record
		Azimuth value: 353
		Pitch value: -15
		Roll value: 359
		Start timestamp: 1685193137051
		Finish timestamp: 1685193137255

	Sensor record
		Azimuth value: 1
		Pitch value: -19
		Roll value: 12
		Start timestamp: 1685193137256
		Finish timestamp: 1685193137454

	Sensor record
		Azimuth value: 347
		Pitch value: -7
		Roll value: 23
		Start timestamp: 1685193137455
		Finish timestamp: 1685193137655

	Sensor record
		Azimuth value: 336
		Pitch value: 0
		Roll value: 32
		Start timestamp: 1685193137656
		Finish timestamp: 1685193137656

	Sensor record
		Azimuth value: 332
		Pitch value: 1
		Roll value: 32
		Start timestamp: 1685193137657
		Finish timestamp: 1685193137860

	Sensor record
		Azimuth value: 332
		Pitch value: 0
		Roll value: 31
		Start timestamp: 1685193137861
		Finish timestamp: 1685193138059

	Sensor record
		Azimuth value: 333
		Pitch value: 0
		Roll value: 14
		Start timestamp: 1685193138060
		Finish timestamp: 1685193138262

	Sensor record
		Azimuth value: 334
		Pitch value: 0
		Roll value: 2
		Start timestamp: 1685193138263
		Finish timestamp: 1685193138463

	Sensor record
		Azimuth value: 322
		Pitch value: 0
		Roll value: 1
		Start timestamp: 1685193138464
		Finish timestamp: 1685193139309

	Sensor record
		Azimuth value: 322
		Pitch value: 1
		Roll value: 1
		Start timestamp: 1685193139310
		Finish timestamp: 1685193139487

	Sensor record
		Azimuth value: 322
		Pitch value: 2
		Roll value: 1
		Start timestamp: 1685193139488
		Finish timestamp: 1685193152583

	Sensor record
		Azimuth value: 322
		Pitch value: 2
		Roll value: 2
		Start timestamp: 1685193152584
		Finish timestamp: 1685193153262

	Sensor record
		Azimuth value: 322
		Pitch value: 2
		Roll value: 1
		Start timestamp: 1685193153263
		Finish timestamp: 1685193154490

	Sensor record
		Azimuth value: 84
		Pitch value: 0
		Roll value: 1
		Start timestamp: 1685193154491
		Finish timestamp: 1685193154639

	Sensor record
		Azimuth value: 354
		Pitch value: 2
		Roll value: 1
		Start timestamp: 1685193154640
		Finish timestamp: 1685193156052

	Sensor record
		Azimuth value: 354
		Pitch value: 3
		Roll value: 2
		Start timestamp: 1685193156053
		Finish timestamp: 1685193156254

	Sensor record
		Azimuth value: 354
		Pitch value: 3
		Roll value: 3
		Start timestamp: 1685193156255
		Finish timestamp: 1685193156256

	Sensor record
		Azimuth value: 353
		Pitch value: 3
		Roll value: 4
		Start timestamp: 1685193156257
		Finish timestamp: 1685193156455

	Sensor record
		Azimuth value: 353
		Pitch value: -6
		Roll value: 7
		Start timestamp: 1685193156456
		Finish timestamp: 1685193156657

	Sensor record
		Azimuth value: 358
		Pitch value: -38
		Roll value: 19
		Start timestamp: 1685193156658
		Finish timestamp: 1685193156860

	Sensor record
		Azimuth value: 355
		Pitch value: -57
		Roll value: 23
		Start timestamp: 1685193156861
		Finish timestamp: 1685193157062

	Sensor record
		Azimuth value: 331
		Pitch value: -72
		Roll value: 359
		Start timestamp: 1685193157063
		Finish timestamp: 1685193157063

	Sensor record
		Azimuth value: 302
		Pitch value: -69
		Roll value: 322
		Start timestamp: 1685193157064
		Finish timestamp: 1685193157262

	Sensor record
		Azimuth value: 292
		Pitch value: -62
		Roll value: 300
		Start timestamp: 1685193157263
		Finish timestamp: 1685193157463

	Sensor record
		Azimuth value: 295
		Pitch value: -55
		Roll value: 289
		Start timestamp: 1685193157464
		Finish timestamp: 1685193157665

	Sensor record
		Azimuth value: 311
		Pitch value: -45
		Roll value: 292
		Start timestamp: 1685193157666
		Finish timestamp: 1685193157868

	Sensor record
		Azimuth value: 314
		Pitch value: -35
		Roll value: 284
		Start timestamp: 1685193157869
		Finish timestamp: 1685193157870

	Sensor record
		Azimuth value: 321
		Pitch value: -25
		Roll value: 284
		Start timestamp: 1685193157871
		Finish timestamp: 1685193158070

	Sensor record
		Azimuth value: 330
		Pitch value: -28
		Roll value: 292
		Start timestamp: 1685193158071
		Finish timestamp: 1685193158273

	Sensor record
		Azimuth value: 329
		Pitch value: -50
		Roll value: 296
		Start timestamp: 1685193158274
		Finish timestamp: 1685193158473

	Sensor record
		Azimuth value: 300
		Pitch value: -55
		Roll value: 287
		Start timestamp: 1685193158474
		Finish timestamp: 1685193158673

	Sensor record
		Azimuth value: 298
		Pitch value: -55
		Roll value: 285
		Start timestamp: 1685193158674
		Finish timestamp: 1685193158674

	Sensor record
		Azimuth value: 296
		Pitch value: -56
		Roll value: 284
		Start timestamp: 1685193158675
		Finish timestamp: 1685193158875

	Sensor record
		Azimuth value: 295
		Pitch value: -57
		Roll value: 282
		Start timestamp: 1685193158876
		Finish timestamp: 1685193159077

	Sensor record
		Azimuth value: 297
		Pitch value: -58
		Roll value: 282
		Start timestamp: 1685193159078
		Finish timestamp: 1685193159280

	Sensor record
		Azimuth value: 299
		Pitch value: -57
		Roll value: 283
		Start timestamp: 1685193159281
		Finish timestamp: 1685193159482

	Sensor record
		Azimuth value: 299
		Pitch value: -58
		Roll value: 282
		Start timestamp: 1685193159483
		Finish timestamp: 1685193159482

	Sensor record
		Azimuth value: 298
		Pitch value: -58
		Roll value: 281
		Start timestamp: 1685193159483
		Finish timestamp: 1685193159683

	Sensor record
		Azimuth value: 296
		Pitch value: -58
		Roll value: 279
		Start timestamp: 1685193159684
		Finish timestamp: 1685193159886

	Sensor record
		Azimuth value: 296
		Pitch value: -59
		Roll value: 278
		Start timestamp: 1685193159887
		Finish timestamp: 1685193160087

	Sensor record
		Azimuth value: 295
		Pitch value: -59
		Roll value: 277
		Start timestamp: 1685193160088
		Finish timestamp: 1685193160288

	Sensor record
		Azimuth value: 297
		Pitch value: -58
		Roll value: 278
		Start timestamp: 1685193160289
		Finish timestamp: 1685193160288

	Sensor record
		Azimuth value: 300
		Pitch value: -57
		Roll value: 280
		Start timestamp: 1685193160289
		Finish timestamp: 1685193160490

	Sensor record
		Azimuth value: 307
		Pitch value: -53
		Roll value: 285
		Start timestamp: 1685193160491
		Finish timestamp: 1685193160691

	Sensor record
		Azimuth value: 324
		Pitch value: -56
		Roll value: 302
		Start timestamp: 1685193160692
		Finish timestamp: 1685193160893

	Sensor record
		Azimuth value: 359
		Pitch value: -59
		Roll value: 342
		Start timestamp: 1685193160894
		Finish timestamp: 1685193161095

	Sensor record
		Azimuth value: 22
		Pitch value: -52
		Roll value: 9
		Start timestamp: 1685193161096
		Finish timestamp: 1685193161097

	Sensor record
		Azimuth value: 32
		Pitch value: -36
		Roll value: 16
		Start timestamp: 1685193161098
		Finish timestamp: 1685193161298

	Sensor record
		Azimuth value: 47
		Pitch value: -34
		Roll value: 16
		Start timestamp: 1685193161299
		Finish timestamp: 1685193161499

	Sensor record
		Azimuth value: 62
		Pitch value: -33
		Roll value: 10
		Start timestamp: 1685193161500
		Finish timestamp: 1685193161700

	Sensor record
		Azimuth value: 68
		Pitch value: -39
		Roll value: 7
		Start timestamp: 1685193161701
		Finish timestamp: 1685193161903

	Sensor record
		Azimuth value: 76
		Pitch value: -42
		Roll value: 20
		Start timestamp: 1685193161904
		Finish timestamp: 1685193161904

	Sensor record
		Azimuth value: 83
		Pitch value: -40
		Roll value: 31
		Start timestamp: 1685193161905
		Finish timestamp: 1685193162103

	Sensor record
		Azimuth value: 87
		Pitch value: -39
		Roll value: 37
		Start timestamp: 1685193162104
		Finish timestamp: 1685193162305

	Sensor record
		Azimuth value: 95
		Pitch value: -42
		Roll value: 51
		Start timestamp: 1685193162306
		Finish timestamp: 1685193162506

	Sensor record
		Azimuth value: 96
		Pitch value: -45
		Roll value: 59
		Start timestamp: 1685193162507
		Finish timestamp: 1685193162709

	Sensor record
		Azimuth value: 98
		Pitch value: -49
		Roll value: 65
		Start timestamp: 1685193162710
		Finish timestamp: 1685193162711

	Sensor record
		Azimuth value: 104
		Pitch value: -52
		Roll value: 71
		Start timestamp: 1685193162712
		Finish timestamp: 1685193162910

	Sensor record
		Azimuth value: 110
		Pitch value: -54
		Roll value: 74
		Start timestamp: 1685193162911
		Finish timestamp: 1685193163113

	Sensor record
		Azimuth value: 113
		Pitch value: -55
		Roll value: 77
		Start timestamp: 1685193163114
		Finish timestamp: 1685193163314

	Sensor record
		Azimuth value: 116
		Pitch value: -56
		Roll value: 80
		Start timestamp: 1685193163315
		Finish timestamp: 1685193163528

	Sensor record
		Azimuth value: 118
		Pitch value: -57
		Roll value: 82
		Start timestamp: 1685193163529
		Finish timestamp: 1685193163530

	Sensor record
		Azimuth value: 122
		Pitch value: -58
		Roll value: 86
		Start timestamp: 1685193163531
		Finish timestamp: 1685193163718

	Sensor record
		Azimuth value: 124
		Pitch value: -58
		Roll value: 85
		Start timestamp: 1685193163719
		Finish timestamp: 1685193163920

	Sensor record
		Azimuth value: 124
		Pitch value: -58
		Roll value: 84
		Start timestamp: 1685193163921
		Finish timestamp: 1685193164121

	Sensor record
		Azimuth value: 124
		Pitch value: -57
		Roll value: 83
		Start timestamp: 1685193164122
		Finish timestamp: 1685193164323

	Sensor record
		Azimuth value: 125
		Pitch value: -57
		Roll value: 83
		Start timestamp: 1685193164324
		Finish timestamp: 1685193164324

	Sensor record
		Azimuth value: 126
		Pitch value: -57
		Roll value: 84
		Start timestamp: 1685193164325
		Finish timestamp: 1685193164524

	Sensor record
		Azimuth value: 126
		Pitch value: -56
		Roll value: 84
		Start timestamp: 1685193164525
		Finish timestamp: 1685193164726

	Sensor record
		Azimuth value: 125
		Pitch value: -56
		Roll value: 83
		Start timestamp: 1685193164727
		Finish timestamp: 1685193164927

	Sensor record
		Azimuth value: 124
		Pitch value: -57
		Roll value: 81
		Start timestamp: 1685193164928
		Finish timestamp: 1685193165129

	Sensor record
		Azimuth value: 121
		Pitch value: -59
		Roll value: 76
		Start timestamp: 1685193165130
		Finish timestamp: 1685193165129

	Sensor record
		Azimuth value: 119
		Pitch value: -61
		Roll value: 68
		Start timestamp: 1685193165130
		Finish timestamp: 1685193165332

	Sensor record
		Azimuth value: 101
		Pitch value: -63
		Roll value: 41
		Start timestamp: 1685193165333
		Finish timestamp: 1685193165533

	Sensor record
		Azimuth value: 77
		Pitch value: -63
		Roll value: 4
		Start timestamp: 1685193165534
		Finish timestamp: 1685193165735

	Sensor record
		Azimuth value: 49
		Pitch value: -54
		Roll value: 318
		Start timestamp: 1685193165736
		Finish timestamp: 1685193165938

	Sensor record
		Azimuth value: 59
		Pitch value: -40
		Roll value: 319
		Start timestamp: 1685193165939
		Finish timestamp: 1685193165940

	Sensor record
		Azimuth value: 59
		Pitch value: -33
		Roll value: 336
		Start timestamp: 1685193165941
		Finish timestamp: 1685193166139

	Sensor record
		Azimuth value: 47
		Pitch value: -33
		Roll value: 349
		Start timestamp: 1685193166140
		Finish timestamp: 1685193166341

	Sensor record
		Azimuth value: 40
		Pitch value: -43
		Roll value: 358
		Start timestamp: 1685193166342
		Finish timestamp: 1685193166541

	Sensor record
		Azimuth value: 34
		Pitch value: -39
		Roll value: 3
		Start timestamp: 1685193166542
		Finish timestamp: 1685193166745

	Sensor record
		Azimuth value: 26
		Pitch value: -31
		Roll value: 4
		Start timestamp: 1685193166746
		Finish timestamp: 1685193166747

	Sensor record
		Azimuth value: 21
		Pitch value: -29
		Roll value: 8
		Start timestamp: 1685193166748
		Finish timestamp: 1685193166946

	Sensor record
		Azimuth value: 25
		Pitch value: -29
		Roll value: 14
		Start timestamp: 1685193166947
		Finish timestamp: 1685193167147

	Sensor record
		Azimuth value: 28
		Pitch value: -27
		Roll value: 24
		Start timestamp: 1685193167148
		Finish timestamp: 1685193167348

	Sensor record
		Azimuth value: 29
		Pitch value: -28
		Roll value: 29
		Start timestamp: 1685193167349
		Finish timestamp: 1685193167551

	Sensor record
		Azimuth value: 29
		Pitch value: -27
		Roll value: 30
		Start timestamp: 1685193167552
		Finish timestamp: 1685193167553

	Sensor record
		Azimuth value: 30
		Pitch value: -27
		Roll value: 32
		Start timestamp: 1685193167554
		Finish timestamp: 1685193167753

	Sensor record
		Azimuth value: 30
		Pitch value: -27
		Roll value: 31
		Start timestamp: 1685193167754
		Finish timestamp: 1685193167955

	Sensor record
		Azimuth value: 28
		Pitch value: -26
		Roll value: 25
		Start timestamp: 1685193167956
		Finish timestamp: 1685193168155

	Sensor record
		Azimuth value: 30
		Pitch value: -23
		Roll value: 18
		Start timestamp: 1685193168156
		Finish timestamp: 1685193168356

	Sensor record
		Azimuth value: 31
		Pitch value: -22
		Roll value: 12
		Start timestamp: 1685193168357
		Finish timestamp: 1685193168357

	Sensor record
		Azimuth value: 32
		Pitch value: -22
		Roll value: 8
		Start timestamp: 1685193168358
		Finish timestamp: 1685193168558

	Sensor record
		Azimuth value: 32
		Pitch value: -25
		Roll value: 6
		Start timestamp: 1685193168559
		Finish timestamp: 1685193168760

	Sensor record
		Azimuth value: 31
		Pitch value: -25
		Roll value: 5
		Start timestamp: 1685193168761
		Finish timestamp: 1685193168963

	Sensor record
		Azimuth value: 30
		Pitch value: -26
		Roll value: 6
		Start timestamp: 1685193168964
		Finish timestamp: 1685193169163

	Sensor record
		Azimuth value: 30
		Pitch value: -28
		Roll value: 7
		Start timestamp: 1685193169164
		Finish timestamp: 1685193169164

	Sensor record
		Azimuth value: 28
		Pitch value: -30
		Roll value: 7
		Start timestamp: 1685193169165
		Finish timestamp: 1685193169365

	Sensor record
		Azimuth value: 28
		Pitch value: -32
		Roll value: 7
		Start timestamp: 1685193169366
		Finish timestamp: 1685193169567

	Sensor record
		Azimuth value: 32
		Pitch value: -32
		Roll value: 11
		Start timestamp: 1685193169568
		Finish timestamp: 1685193169768

	Sensor record
		Azimuth value: 41
		Pitch value: -33
		Roll value: 18
		Start timestamp: 1685193169769
		Finish timestamp: 1685193169972

	Sensor record
		Azimuth value: 33
		Pitch value: -36
		Roll value: 12
		Start timestamp: 1685193169973
		Finish timestamp: 1685193169972

	Sensor record
		Azimuth value: 36
		Pitch value: -36
		Roll value: 13
		Start timestamp: 1685193169973
		Finish timestamp: 1685193170173

	Sensor record
		Azimuth value: 34
		Pitch value: -37
		Roll value: 12
		Start timestamp: 1685193170174
		Finish timestamp: 1685193170374

	Sensor record
		Azimuth value: 36
		Pitch value: -40
		Roll value: 16
		Start timestamp: 1685193170375
		Finish timestamp: 1685193170645

	Sensor record
		Azimuth value: 35
		Pitch value: -37
		Roll value: 16
		Start timestamp: 1685193170646
		Finish timestamp: 1685193170887

	Sensor record
		Azimuth value: 33
		Pitch value: -37
		Roll value: 14
		Start timestamp: 1685193170888
		Finish timestamp: 1685193170904

	Sensor record
		Azimuth value: 36
		Pitch value: -38
		Roll value: 18
		Start timestamp: 1685193170905

