
LIST OF ALL TERMINATED INSTRUCTIONS

	Instruction
		Name: recvfrom
		Pid: 17250
		Spid: 17250
		Status: Finished
		Start: 1682861007093745
		Finish: 1682861007094462
		Duration: 717
		Return Value: 104

	Instruction
		Name: recvfrom
		Pid: 17250
		Spid: 17250
		Status: Finished
		Start: 1682861007094637
		Finish: 1682861007095356
		Duration: 719
		Return Value: 104

	Instruction
		Name: recvfrom
		Pid: 17250
		Spid: 17250
		Status: Finished
		Start: 1682861007095495
		Finish: 1682861007096194
		Duration: 699
		Return Value: 18446744073709551605

	Instruction
		Name: clock_gettime
		Pid: 17250
		Spid: 17250
		Status: Finished
		Start: 1682861007096303
		Finish: 1682861007097572
		Duration: 1269
		Return Value: 0

	Instruction
		Name: epoll_pwait
		Pid: 17250
		Spid: 17250
		Status: Finished
		Start: 1682861007097692
		Finish: 1682861007294643
		Duration: 196951
		Return Value: 1

	Instruction
		Name: recvfrom
		Pid: 17250
		Spid: 17250
		Status: Finished
		Start: 1682861007295114
		Finish: 1682861007295891
		Duration: 777
		Return Value: 104

	Instruction
		Name: recvfrom
		Pid: 17250
		Spid: 17250
		Status: Finished
		Start: 1682861007296065
		Finish: 1682861007296793
		Duration: 728
		Return Value: 18446744073709551605

	Instruction
		Name: clock_gettime
		Pid: 17250
		Spid: 17250
		Status: Finished
		Start: 1682861007296912
		Finish: 1682861007297933
		Duration: 1021
		Return Value: 0

	Instruction
		Name: epoll_pwait
		Pid: 17250
		Spid: 17250
		Status: Finished
		Start: 1682861007298131
		Finish: 1682861007496569
		Duration: 198438
		Return Value: 1

	Instruction
		Name: recvfrom
		Pid: 17250
		Spid: 17250
		Status: Finished
		Start: 1682861007496729
		Finish: 1682861007496967
		Duration: 238
		Return Value: 104

	Instruction
		Name: recvfrom
		Pid: 17250
		Spid: 17250
		Status: Finished
		Start: 1682861007497112
		Finish: 1682861007497350
		Duration: 238
		Return Value: 18446744073709551605

	Instruction
		Name: clock_gettime
		Pid: 17250
		Spid: 17250
		Status: Finished
		Start: 1682861007497489
		Finish: 1682861007497754
		Duration: 265
		Return Value: 0

	Instruction
		Name: epoll_pwait
		Pid: 17250
		Spid: 17250
		Status: Finished
		Start: 1682861007497842
		Finish: 1682861007698509
		Duration: 200667
		Return Value: 1

	Instruction
		Name: recvfrom
		Pid: 17250
		Spid: 17250
		Status: Finished
		Start: 1682861007698719
		Finish: 1682861007699241
		Duration: 522
		Return Value: 104

	Instruction
		Name: recvfrom
		Pid: 17250
		Spid: 17250
		Status: Finished
		Start: 1682861007699372
		Finish: 1682861007699590
		Duration: 218
		Return Value: 18446744073709551605

	Instruction
		Name: clock_gettime
		Pid: 17250
		Spid: 17250
		Status: Finished
		Start: 1682861007699680
		Finish: 1682861007699871
		Duration: 191
		Return Value: 0

	Instruction
		Name: epoll_pwait
		Pid: 17250
		Spid: 17250
		Status: Finished
		Start: 1682861007699954
		Finish: 1682861008168369
		Duration: 468415
		Return Value: 1

	Instruction
		Name: recvfrom
		Pid: 17250
		Spid: 17250
		Status: Finished
		Start: 1682861008168807
		Finish: 1682861008169295
		Duration: 488
		Return Value: 312

	Instruction
		Name: gettimeofday
		Pid: 17250
		Spid: 17250
		Status: Finished
		Start: 1682861008169625
		Finish: 1682861008169881
		Duration: 256
		Return Value: 0

	Instruction
		Name: clock_gettime
		Pid: 17250
		Spid: 17250
		Status: Finished
		Start: 1682861008170100
		Finish: 1682861008170335
		Duration: 235
		Return Value: 0

	Instruction
		Name: clock_gettime
		Pid: 17250
		Spid: 17250
		Status: Finished
		Start: 1682861008170423
		Finish: 1682861008170777
		Duration: 354
		Return Value: 0

	Instruction
		Name: clock_gettime
		Pid: 17250
		Spid: 17250
		Status: Finished
		Start: 1682861008170926
		Finish: 1682861008171181
		Duration: 255
		Return Value: 0

	Instruction
		Name: clock_gettime
		Pid: 17250
		Spid: 17250
		Status: Finished
		Start: 1682861008171257
		Finish: 1682861008171448
		Duration: 191
		Return Value: 0

	Instruction
		Name: clock_gettime
		Pid: 17250
		Spid: 17250
		Status: Finished
		Start: 1682861008171572
		Finish: 1682861008171919
		Duration: 347
		Return Value: 0

	Instruction
		Name: clock_gettime
		Pid: 17250
		Spid: 17250
		Status: Finished
		Start: 1682861008172024
		Finish: 1682861008172239
		Duration: 215
		Return Value: 0

	Instruction
		Name: clock_gettime
		Pid: 17250
		Spid: 17250
		Status: Finished
		Start: 1682861008172390
		Finish: 1682861008172611
		Duration: 221
		Return Value: 0

	Instruction
		Name: clock_gettime
		Pid: 17250
		Spid: 17250
		Status: Finished
		Start: 1682861008172697
		Finish: 1682861008172916
		Duration: 219
		Return Value: 0

	Instruction
		Name: clock_gettime
		Pid: 17250
		Spid: 17250
		Status: Finished
		Start: 1682861008173034
		Finish: 1682861008173244
		Duration: 210
		Return Value: 0

	Instruction
		Name: clock_gettime
		Pid: 17250
		Spid: 17250
		Status: Finished
		Start: 1682861008173325
		Finish: 1682861008173521
		Duration: 196
		Return Value: 0

	Instruction
		Name: clock_gettime
		Pid: 17250
		Spid: 17250
		Status: Finished
		Start: 1682861008173652
		Finish: 1682861008173858
		Duration: 206
		Return Value: 0

	Instruction
		Name: clock_gettime
		Pid: 17250
		Spid: 17250
		Status: Finished
		Start: 1682861008173938
		Finish: 1682861008174134
		Duration: 196
		Return Value: 0

	Instruction
		Name: clock_gettime
		Pid: 17250
		Spid: 17250
		Status: Finished
		Start: 1682861008174252
		Finish: 1682861008174471
		Duration: 219
		Return Value: 0

	Instruction
		Name: clock_gettime
		Pid: 17250
		Spid: 17250
		Status: Finished
		Start: 1682861008174613
		Finish: 1682861008174887
		Duration: 274
		Return Value: 0

	Instruction
		Name: futex
		Pid: 17250
		Spid: 17250
		Status: Finished
		Start: 1682861008174982
		Finish: 1682861008175205
		Duration: 223
		Return Value: 1

	Instruction
		Name: futex
		Pid: 17250
		Spid: 17250
		Status: Finished
		Start: 1682861008175282
		Finish: 1682861008175626
		Duration: 344
		Return Value: 1

	Instruction
		Name: clock_gettime
		Pid: 17250
		Spid: 17250
		Status: Finished
		Start: 1682861008175813
		Finish: 1682861008176472
		Duration: 659
		Return Value: 0

	Instruction
		Name: clock_gettime
		Pid: 17250
		Spid: 17250
		Status: Finished
		Start: 1682861008176546
		Finish: 1682861008177131
		Duration: 585
		Return Value: 0

	Instruction
		Name: futex
		Pid: 17250
		Spid: 17250
		Status: Finished
		Start: 1682861008177181
		Finish: 1682861008178101
		Duration: 920
		Return Value: 0

	Instruction
		Name: clock_gettime
		Pid: 17250
		Spid: 17250
		Status: Finished
		Start: 1682861008178232
		Finish: 1682861008178475
		Duration: 243
		Return Value: 0

	Instruction
		Name: clock_gettime
		Pid: 17250
		Spid: 17250
		Status: Finished
		Start: 1682861008178560
		Finish: 1682861008179494
		Duration: 934
		Return Value: 0

	Instruction
		Name: futex
		Pid: 17250
		Spid: 17250
		Status: Finished
		Start: 1682861008179598
		Finish: 1682861008179843
		Duration: 245
		Return Value: 1

	Instruction
		Name: futex
		Pid: 17250
		Spid: 17250
		Status: Finished
		Start: 1682861008179901
		Finish: 1682861008180266
		Duration: 365
		Return Value: 1

	Instruction
		Name: clock_gettime
		Pid: 17250
		Spid: 17250
		Status: Finished
		Start: 1682861008180483
		Finish: 1682861008180760
		Duration: 277
		Return Value: 0

	Instruction
		Name: clock_gettime
		Pid: 17250
		Spid: 17250
		Status: Finished
		Start: 1682861008180813
		Finish: 1682861008181034
		Duration: 221
		Return Value: 0

	Instruction
		Name: clock_gettime
		Pid: 17250
		Spid: 17250
		Status: Finished
		Start: 1682861008181149
		Finish: 1682861008181363
		Duration: 214
		Return Value: 0

	Instruction
		Name: clock_gettime
		Pid: 17250
		Spid: 17250
		Status: Finished
		Start: 1682861008181412
		Finish: 1682861008181761
		Duration: 349
		Return Value: 0

	Instruction
		Name: futex
		Pid: 17250
		Spid: 17250
		Status: Finished
		Start: 1682861008181878
		Finish: 1682861008182137
		Duration: 259
		Return Value: 0

	Instruction
		Name: futex
		Pid: 17250
		Spid: 17250
		Status: Finished
		Start: 1682861008182187
		Finish: 1682861008182414
		Duration: 227
		Return Value: 1

	Instruction
		Name: futex
		Pid: 17250
		Spid: 17250
		Status: Finished
		Start: 1682861008182468
		Finish: 1682861008182761
		Duration: 293
		Return Value: 1

	Instruction
		Name: futex
		Pid: 17250
		Spid: 17250
		Status: Finished
		Start: 1682861008182823
		Finish: 1682861008183091
		Duration: 268
		Return Value: 18446744073709551605

	Instruction
		Name: futex
		Pid: 17250
		Spid: 17250
		Status: Finished
		Start: 1682861008183161
		Finish: 1682861008192049
		Duration: 8888
		Return Value: 0

	Instruction
		Name: futex
		Pid: 17250
		Spid: 17250
		Status: Finished
		Start: 1682861008192113
		Finish: 1682861008192945
		Duration: 832
		Return Value: 1

	Instruction
		Name: futex
		Pid: 17250
		Spid: 17250
		Status: Finished
		Start: 1682861008193008
		Finish: 1682861008193609
		Duration: 601
		Return Value: 1

	Instruction
		Name: clock_gettime
		Pid: 17250
		Spid: 17250
		Status: Finished
		Start: 1682861008193782
		Finish: 1682861008194264
		Duration: 482
		Return Value: 0

	Instruction
		Name: clock_gettime
		Pid: 17250
		Spid: 17250
		Status: Finished
		Start: 1682861008194367
		Finish: 1682861008194720
		Duration: 353
		Return Value: 0

	Instruction
		Name: clock_gettime
		Pid: 17250
		Spid: 17250
		Status: Finished
		Start: 1682861008194804
		Finish: 1682861008195056
		Duration: 252
		Return Value: 0

LIST OF ALL NOT TERMINATED INSTRUCTIONS

