
LIST OF ALL CORRECTLY USED ALERTS

	Alert record
		Alert: True
		Start timestamp: 1679061549946
		Finish timestamp: 1679061555059

	Alert record
		Alert: False
		Start timestamp: 1679061555060
		Finish timestamp: 1679061555417

	Alert record
		Alert: True
		Start timestamp: 1679061555418

LIST OF ALL AZIMUTH ALERTS

	Alert record
		Alert: False
		Start timestamp: 1679061549946

LIST OF ALL PITCH ALERTS

	Alert record
		Alert: False
		Start timestamp: 1679061549946

LIST OF ALL ROLL ALERTS

	Alert record
		Alert: False
		Start timestamp: 1679061549946
		Finish timestamp: 1679061555059

	Alert record
		Alert: True
		Start timestamp: 1679061555060
		Finish timestamp: 1679061555417

	Alert record
		Alert: False
		Start timestamp: 1679061555418

