
ANALYSIS OF ALL INSTRUCTIONS

	Instruction
		Name: clock_gettime
		Minimum duration: 171
		Maximum duration: 14035
		Average duration: 1157.2583333333334
		Variance: 3418861.3249305557
		Number measurements: 480
		List measurements: [1468, 1200, 522, 487, 11657, 483, 517, 468, 463, 452, 1027, 474, 611, 3266, 868, 985, 787, 631, 393, 343, 299, 1064, 891, 3528, 4969, 1498, 2746, 2577, 873, 2251, 289, 323, 212, 245, 290, 225, 343, 211, 186, 210, 184, 183, 200, 183, 180, 176, 180, 298, 252, 729, 839, 2739, 13809, 2879, 602, 200, 423, 918, 234, 215, 185, 187, 179, 174, 200, 188, 182, 202, 187, 885, 736, 755, 565, 580, 662, 783, 992, 1349, 427, 819, 277, 292, 211, 189, 198, 202, 189, 187, 199, 176, 176, 184, 182, 1456, 743, 231, 194, 715, 296, 334, 451, 297, 720, 295, 204, 176, 201, 2016, 600, 364, 273, 287, 233, 641, 2821, 2346, 740, 1923, 858, 1694, 955, 975, 759, 2253, 596, 1519, 627, 1010, 745, 2395, 3791, 10403, 9697, 291, 1309, 788, 750, 264, 282, 4506, 624, 362, 250, 1059, 487, 523, 390, 436, 1881, 800, 2152, 5844, 9849, 427, 348, 318, 251, 237, 237, 249, 181, 197, 196, 176, 207, 199, 216, 179, 233, 439, 388, 226, 379, 365, 419, 234, 399, 807, 10005, 284, 298, 474, 381, 392, 302, 627, 675, 593, 540, 538, 571, 556, 669, 612, 410, 242, 229, 296, 246, 776, 678, 1057, 422, 447, 684, 598, 1143, 656, 14035, 251, 260, 236, 2885, 781, 907, 1489, 2423, 1435, 1447, 7983, 875, 522, 631, 685, 771, 9625, 808, 1348, 984, 1503, 1114, 1542, 2575, 2229, 1866, 488, 232, 330, 3306, 585, 658, 873, 1033, 953, 1255, 768, 851, 1317, 604, 638, 352, 527, 667, 330, 693, 972, 404, 713, 6717, 728, 412, 318, 300, 1007, 1588, 345, 549, 451, 250, 187, 184, 545, 1746, 946, 6017, 976, 2507, 1247, 777, 469, 1109, 625, 1416, 232, 193, 9852, 1734, 352, 760, 1480, 4838, 211, 200, 207, 189, 754, 7368, 342, 312, 756, 380, 268, 552, 1693, 1016, 695, 739, 874, 2617, 970, 2749, 8621, 1163, 1063, 1295, 586, 1830, 1830, 10549, 1285, 1075, 554, 637, 273, 8982, 428, 644, 553, 2124, 759, 305, 1294, 853, 663, 1884, 613, 603, 2823, 444, 396, 630, 698, 893, 1084, 768, 1044, 869, 929, 1116, 875, 548, 504, 838, 841, 547, 932, 853, 536, 688, 782, 529, 847, 483, 477, 474, 611, 346, 431, 516, 1132, 277, 233, 198, 187, 258, 577, 580, 811, 842, 577, 1961, 1601, 775, 901, 806, 634, 650, 1487, 642, 481, 424, 576, 650, 660, 390, 738, 692, 785, 1000, 1343, 525, 736, 719, 902, 1740, 3053, 1578, 982, 2116, 7576, 1049, 1597, 1991, 235, 487, 943, 549, 1257, 722, 604, 796, 4038, 1746, 969, 1982, 535, 490, 483, 543, 501, 526, 546, 658, 1248, 1762, 601, 895, 5730, 612, 725, 656, 1130, 229, 256, 538, 243, 2167, 206, 1680, 4560, 253, 2353, 171, 323, 555, 3376, 384, 519, 954, 1322, 562, 966, 1108, 589, 510, 533, 565, 265, 284, 3105, 839, 417, 1287, 872, 762, 825, 631, 1140, 598, 567]

	Instruction
		Name: epoll_pwait
		Minimum duration: 191
		Maximum duration: 194243
		Average duration: 48333.542372881355
		Variance: 4503311575.265154
		Number measurements: 59
		List measurements: [6908, 3289, 227, 5788, 2739, 608, 2614, 191, 4906, 1765, 35756, 175560, 194243, 177617, 185820, 184753, 183133, 179002, 184908, 182809, 4096, 512, 76586, 630, 850, 35603, 11445, 616, 58991, 2193, 656, 121395, 292, 202, 93149, 4032, 418, 76513, 14543, 2980, 97599, 1189, 265, 76444, 8060, 637, 132537, 4471, 634, 88408, 2822, 547, 15821, 4124, 650, 90689, 3939, 1877, 102628]

	Instruction
		Name: futex
		Minimum duration: 183
		Maximum duration: 14084
		Average duration: 1550.3323353293413
		Variance: 4531978.036259815
		Number measurements: 334
		List measurements: [772, 3511, 204, 6126, 245, 1130, 578, 629, 734, 2119, 561, 608, 458, 2811, 1271, 4205, 535, 261, 273, 560, 889, 641, 540, 429, 849, 322, 250, 548, 502, 12692, 581, 514, 880, 552, 632, 571, 483, 509, 500, 612, 499, 477, 455, 486, 468, 576, 609, 1085, 8485, 545, 538, 712, 557, 562, 609, 9649, 757, 564, 6648, 234, 491, 1175, 4044, 379, 244, 2125, 840, 2668, 4037, 395, 976, 603, 1096, 784, 678, 3631, 530, 360, 759, 452, 476, 1083, 242, 726, 2425, 645, 6655, 3998, 1525, 780, 2212, 3115, 1501, 955, 942, 1433, 1019, 897, 1616, 3780, 2354, 2903, 2765, 644, 2169, 3950, 572, 1294, 318, 420, 574, 614, 763, 981, 531, 863, 717, 547, 998, 1488, 250, 251, 294, 5992, 10452, 1001, 293, 652, 3097, 718, 353, 401, 2693, 330, 859, 2424, 985, 6241, 706, 5204, 887, 1038, 711, 700, 2779, 836, 665, 1217, 402, 1216, 941, 5026, 546, 1096, 1581, 4098, 1444, 2003, 994, 1705, 309, 1119, 249, 258, 694, 715, 2944, 1034, 2028, 817, 777, 2159, 649, 607, 503, 542, 503, 496, 5894, 196, 189, 198, 189, 1316, 9482, 2317, 894, 2440, 8017, 9310, 610, 513, 11622, 619, 432, 694, 550, 733, 728, 562, 606, 338, 231, 372, 267, 4079, 335, 302, 768, 690, 711, 482, 780, 502, 659, 2046, 897, 1029, 2770, 2459, 11598, 1408, 886, 824, 693, 350, 320, 301, 691, 2870, 4264, 1451, 1254, 2257, 727, 585, 396, 696, 189, 183, 587, 597, 8648, 769, 664, 542, 864, 561, 573, 621, 3962, 3163, 524, 367, 622, 581, 675, 940, 2024, 612, 508, 823, 3213, 563, 523, 570, 14084, 825, 717, 587, 514, 769, 2642, 809, 786, 642, 725, 768, 917, 700, 3576, 6541, 778, 759, 1020, 786, 1304, 2310, 2976, 816, 1320, 1337, 790, 786, 725, 4612, 3087, 2496, 497, 1938, 1273, 577, 688, 838, 309, 201, 247, 207, 185, 885, 896, 5015, 294, 9631, 824, 867, 1009, 1138, 789, 4526, 585, 689, 677, 750, 611, 688, 776, 1002, 938, 4313, 881, 3083, 1026, 744]

	Instruction
		Name: gettimeofday
		Minimum duration: 179
		Maximum duration: 2415
		Average duration: 818.1492537313433
		Variance: 322744.3657830252
		Number measurements: 67
		List measurements: [499, 733, 323, 280, 184, 182, 2415, 247, 607, 900, 615, 200, 911, 699, 229, 454, 723, 1008, 669, 756, 916, 831, 719, 1035, 1146, 1556, 2251, 275, 179, 1605, 1076, 360, 182, 323, 218, 829, 1487, 1199, 2249, 537, 640, 572, 740, 668, 1114, 319, 289, 785, 927, 861, 466, 1736, 1174, 804, 1621, 2341, 1550, 2054, 886, 219, 345, 200, 561, 641, 646, 461, 589]

	Instruction
		Name: getuid
		Minimum duration: 180
		Maximum duration: 6775
		Average duration: 1276.6842105263158
		Variance: 2762441.058171745
		Number measurements: 19
		List measurements: [4657, 217, 344, 354, 180, 6775, 432, 254, 748, 355, 261, 681, 1751, 362, 1855, 2164, 882, 938, 1047]

	Instruction
		Name: ioctl
		Minimum duration: 225
		Maximum duration: 3536
		Average duration: 1097.611111111111
		Variance: 841647.237654321
		Number measurements: 18
		List measurements: [685, 329, 727, 227, 225, 547, 3536, 970, 322, 2052, 1204, 1332, 3089, 238, 871, 1386, 880, 1137]

	Instruction
		Name: read
		Minimum duration: 175
		Maximum duration: 15349
		Average duration: 1604.2181818181818
		Variance: 7060223.152396693
		Number measurements: 55
		List measurements: [719, 2256, 3960, 467, 355, 180, 535, 230, 195, 511, 593, 199, 175, 1177, 915, 719, 691, 563, 1154, 7365, 344, 412, 1075, 679, 694, 184, 277, 1176, 214, 206, 1384, 1299, 747, 466, 7326, 570, 15349, 788, 329, 441, 658, 512, 8095, 858, 6642, 4686, 2783, 731, 1244, 744, 401, 494, 722, 2100, 643]

	Instruction
		Name: recvfrom
		Minimum duration: 184
		Maximum duration: 11167
		Average duration: 1146.313725490196
		Variance: 2839223.411380238
		Number measurements: 102
		List measurements: [1744, 1283, 811, 809, 2147, 319, 202, 188, 693, 330, 184, 190, 4402, 10435, 196, 988, 2946, 674, 469, 345, 208, 269, 357, 276, 277, 632, 607, 700, 671, 2544, 1974, 553, 340, 736, 879, 1726, 297, 514, 372, 806, 866, 723, 8002, 657, 640, 751, 662, 869, 979, 597, 1094, 796, 259, 389, 315, 210, 956, 874, 1321, 1112, 1176, 246, 733, 969, 1918, 2639, 488, 675, 285, 958, 2446, 1438, 856, 1223, 966, 719, 310, 213, 195, 377, 915, 625, 1240, 752, 11167, 1749, 220, 476, 853, 1551, 1935, 747, 923, 906, 1086, 774, 211, 2395, 1624, 605, 574, 601]

	Instruction
		Name: rt_sigprocmask
		Minimum duration: 890
		Maximum duration: 890
		Average duration: 890
		Variance: 0.0
		Number measurements: 1
		List measurements: [890]

	Instruction
		Name: write
		Minimum duration: 184
		Maximum duration: 12994
		Average duration: 1217.232142857143
		Variance: 3349106.4996811226
		Number measurements: 56
		List measurements: [501, 184, 1492, 314, 347, 1866, 416, 12994, 1162, 2021, 1460, 5466, 915, 879, 330, 328, 205, 279, 1008, 1082, 798, 2392, 293, 1024, 1077, 1208, 632, 868, 254, 625, 542, 655, 981, 759, 448, 310, 197, 830, 676, 1221, 732, 4113, 2310, 1014, 1068, 1598, 518, 720, 839, 536, 2196, 1047, 843, 527, 546, 519]

