
LIST OF ALL TERMINATED INSTRUCTIONS

	Instruction
		Name: clock_gettime
		Pid: 15937
		Spid: 15937
		Status: Finished
		Start: 1683990593145232
		Finish: 1683990593146292
		Duration: 1060
		Return Value: 0

	Instruction
		Name: epoll_pwait
		Pid: 15937
		Spid: 15937
		Status: Finished
		Start: 1683990593146392
		Finish: 1683990593151002
		Duration: 4610
		Return Value: 1

	Instruction
		Name: recvfrom
		Pid: 15937
		Spid: 15937
		Status: Finished
		Start: 1683990593151074
		Finish: 1683990593152099
		Duration: 1025
		Return Value: 64

	Instruction
		Name: recvfrom
		Pid: 15937
		Spid: 15937
		Status: Finished
		Start: 1683990593152165
		Finish: 1683990593152480
		Duration: 315
		Return Value: 18446744073709551605

	Instruction
		Name: clock_gettime
		Pid: 15937
		Spid: 15937
		Status: Finished
		Start: 1683990593152601
		Finish: 1683990593153193
		Duration: 592
		Return Value: 0

	Instruction
		Name: clock_gettime
		Pid: 15937
		Spid: 15937
		Status: Finished
		Start: 1683990593153329
		Finish: 1683990593153652
		Duration: 323
		Return Value: 0

	Instruction
		Name: gettimeofday
		Pid: 15937
		Spid: 15937
		Status: Finished
		Start: 1683990593153700
		Finish: 1683990593154500
		Duration: 800
		Return Value: 0

	Instruction
		Name: write
		Pid: 15937
		Spid: 15937
		Status: Finished
		Start: 1683990593154608
		Finish: 1683990593165118
		Duration: 10510
		Return Value: 8

	Instruction
		Name: clock_gettime
		Pid: 15937
		Spid: 15937
		Status: Finished
		Start: 1683990593165193
		Finish: 1683990593165730
		Duration: 537
		Return Value: 0

	Instruction
		Name: clock_gettime
		Pid: 15937
		Spid: 15937
		Status: Finished
		Start: 1683990593165798
		Finish: 1683990593166044
		Duration: 246
		Return Value: 0

	Instruction
		Name: gettimeofday
		Pid: 15937
		Spid: 15937
		Status: Finished
		Start: 1683990593166079
		Finish: 1683990593166286
		Duration: 207
		Return Value: 0

	Instruction
		Name: read
		Pid: 15937
		Spid: 15937
		Status: Finished
		Start: 1683990593166322
		Finish: 1683990593167719
		Duration: 1397
		Return Value: 48

	Instruction
		Name: clock_gettime
		Pid: 15937
		Spid: 15937
		Status: Finished
		Start: 1683990593167806
		Finish: 1683990593168048
		Duration: 242
		Return Value: 0

	Instruction
		Name: clock_gettime
		Pid: 15937
		Spid: 15937
		Status: Finished
		Start: 1683990593168114
		Finish: 1683990593168330
		Duration: 216
		Return Value: 0

	Instruction
		Name: clock_gettime
		Pid: 15937
		Spid: 15937
		Status: Finished
		Start: 1683990593168365
		Finish: 1683990593169258
		Duration: 893
		Return Value: 0

	Instruction
		Name: clock_gettime
		Pid: 15937
		Spid: 15937
		Status: Finished
		Start: 1683990593169419
		Finish: 1683990593170731
		Duration: 1312
		Return Value: 0

	Instruction
		Name: clock_gettime
		Pid: 15937
		Spid: 15937
		Status: Finished
		Start: 1683990593170844
		Finish: 1683990593171102
		Duration: 258
		Return Value: 0

	Instruction
		Name: clock_gettime
		Pid: 15937
		Spid: 15937
		Status: Finished
		Start: 1683990593171176
		Finish: 1683990593171409
		Duration: 233
		Return Value: 0

	Instruction
		Name: clock_gettime
		Pid: 15937
		Spid: 15937
		Status: Finished
		Start: 1683990593171582
		Finish: 1683990593171837
		Duration: 255
		Return Value: 0

	Instruction
		Name: clock_gettime
		Pid: 15937
		Spid: 15937
		Status: Finished
		Start: 1683990593171888
		Finish: 1683990593172168
		Duration: 280
		Return Value: 0

	Instruction
		Name: clock_gettime
		Pid: 15937
		Spid: 15937
		Status: Finished
		Start: 1683990593172216
		Finish: 1683990593172431
		Duration: 215
		Return Value: 0

	Instruction
		Name: recvfrom
		Pid: 15937
		Spid: 15937
		Status: Finished
		Start: 1683990593172544
		Finish: 1683990593172775
		Duration: 231
		Return Value: 18446744073709551605

	Instruction
		Name: ioctl
		Pid: 15937
		Spid: 15937
		Status: Finished
		Start: 1683990593172827
		Finish: 1683990593173100
		Duration: 273
		Return Value: 0

	Instruction
		Name: write
		Pid: 15937
		Spid: 15937
		Status: Finished
		Start: 1683990593173258
		Finish: 1683990593173647
		Duration: 389
		Return Value: 8

	Instruction
		Name: clock_gettime
		Pid: 15937
		Spid: 15937
		Status: Finished
		Start: 1683990593173918
		Finish: 1683990593174166
		Duration: 248
		Return Value: 0

	Instruction
		Name: clock_gettime
		Pid: 15937
		Spid: 15937
		Status: Finished
		Start: 1683990593174229
		Finish: 1683990593174480
		Duration: 251
		Return Value: 0

	Instruction
		Name: clock_gettime
		Pid: 15937
		Spid: 15937
		Status: Finished
		Start: 1683990593174524
		Finish: 1683990593175174
		Duration: 650
		Return Value: 0

	Instruction
		Name: clock_gettime
		Pid: 15937
		Spid: 15937
		Status: Finished
		Start: 1683990593175222
		Finish: 1683990593175659
		Duration: 437
		Return Value: 0

	Instruction
		Name: clock_gettime
		Pid: 16176
		Spid: 16176
		Status: Finished
		Start: 1683990821308814
		Finish: 1683990821309340
		Duration: 526
		Return Value: 0

	Instruction
		Name: clock_gettime
		Pid: 16176
		Spid: 16176
		Status: Finished
		Start: 1683990821309402
		Finish: 1683990821309896
		Duration: 494
		Return Value: 0

	Instruction
		Name: clock_gettime
		Pid: 16176
		Spid: 16176
		Status: Finished
		Start: 1683990821310012
		Finish: 1683990821310533
		Duration: 521
		Return Value: 0

	Instruction
		Name: clock_gettime
		Pid: 16176
		Spid: 16176
		Status: Finished
		Start: 1683990821310798
		Finish: 1683990821311347
		Duration: 549
		Return Value: 0

	Instruction
		Name: clock_gettime
		Pid: 16176
		Spid: 16176
		Status: Finished
		Start: 1683990821311435
		Finish: 1683990821311985
		Duration: 550
		Return Value: 0

	Instruction
		Name: clock_gettime
		Pid: 16176
		Spid: 16176
		Status: Finished
		Start: 1683990821312074
		Finish: 1683990821312584
		Duration: 510
		Return Value: 0

	Instruction
		Name: recvfrom
		Pid: 16176
		Spid: 16176
		Status: Finished
		Start: 1683990821312776
		Finish: 1683990821313357
		Duration: 581
		Return Value: 18446744073709551605

	Instruction
		Name: ioctl
		Pid: 16176
		Spid: 16176
		Status: Finished
		Start: 1683990821313467
		Finish: 1683990821314216
		Duration: 749
		Return Value: 0

	Instruction
		Name: write
		Pid: 16176
		Spid: 16176
		Status: Finished
		Start: 1683990821314358
		Finish: 1683990821315670
		Duration: 1312
		Return Value: 8

	Instruction
		Name: clock_gettime
		Pid: 16176
		Spid: 16176
		Status: Finished
		Start: 1683990821315930
		Finish: 1683990821316479
		Duration: 549
		Return Value: 0

	Instruction
		Name: clock_gettime
		Pid: 16176
		Spid: 16176
		Status: Finished
		Start: 1683990821316614
		Finish: 1683990821317165
		Duration: 551
		Return Value: 0

	Instruction
		Name: clock_gettime
		Pid: 16176
		Spid: 16176
		Status: Finished
		Start: 1683990821317225
		Finish: 1683990821317806
		Duration: 581
		Return Value: 0

	Instruction
		Name: clock_gettime
		Pid: 16176
		Spid: 16176
		Status: Finished
		Start: 1683990821317872
		Finish: 1683990821318592
		Duration: 720
		Return Value: 0

	Instruction
		Name: write
		Pid: 16176
		Spid: 16176
		Status: Finished
		Start: 1683990821318753
		Finish: 1683990821319521
		Duration: 768
		Return Value: 8

	Instruction
		Name: clock_gettime
		Pid: 16176
		Spid: 16176
		Status: Finished
		Start: 1683990821322881
		Finish: 1683990821323608
		Duration: 727
		Return Value: 0

	Instruction
		Name: clock_gettime
		Pid: 16176
		Spid: 16176
		Status: Finished
		Start: 1683990821325310
		Finish: 1683990821325987
		Duration: 677
		Return Value: 0

	Instruction
		Name: write
		Pid: 16176
		Spid: 16176
		Status: Finished
		Start: 1683990821326137
		Finish: 1683990821327011
		Duration: 874
		Return Value: 8

	Instruction
		Name: futex
		Pid: 16176
		Spid: 16176
		Status: Finished
		Start: 1683990821327105
		Finish: 1683990821329490
		Duration: 2385
		Return Value: 1

	Instruction
		Name: futex
		Pid: 16176
		Spid: 16176
		Status: Finished
		Start: 1683990821329579
		Finish: 1683990821330230
		Duration: 651
		Return Value: 18446744073709551605

	Instruction
		Name: clock_gettime
		Pid: 16176
		Spid: 16176
		Status: Finished
		Start: 1683990821330353
		Finish: 1683990821330600
		Duration: 247
		Return Value: 0

	Instruction
		Name: clock_gettime
		Pid: 16176
		Spid: 16176
		Status: Finished
		Start: 1683990821330661
		Finish: 1683990821330874
		Duration: 213
		Return Value: 0

	Instruction
		Name: clock_gettime
		Pid: 16176
		Spid: 16176
		Status: Finished
		Start: 1683990821330938
		Finish: 1683990821331144
		Duration: 206
		Return Value: 0

	Instruction
		Name: read
		Pid: 16176
		Spid: 16176
		Status: Finished
		Start: 1683990821331185
		Finish: 1683990821331403
		Duration: 218
		Return Value: 48

	Instruction
		Name: getuid
		Pid: 16176
		Spid: 16176
		Status: Finished
		Start: 1683990821331463
		Finish: 1683990821331664
		Duration: 201
		Return Value: 10327

	Instruction
		Name: epoll_pwait
		Pid: 16176
		Spid: 16176
		Status: Finished
		Start: 1683990821331712
		Finish: 1683990821331913
		Duration: 201
		Return Value: 2

	Instruction
		Name: read
		Pid: 16176
		Spid: 16176
		Status: Finished
		Start: 1683990821331945
		Finish: 1683990821332130
		Duration: 185
		Return Value: 8

	Instruction
		Name: recvfrom
		Pid: 16176
		Spid: 16176
		Status: Finished
		Start: 1683990821332161
		Finish: 1683990821332352
		Duration: 191
		Return Value: 64

	Instruction
		Name: recvfrom
		Pid: 16176
		Spid: 16176
		Status: Finished
		Start: 1683990821332376
		Finish: 1683990821332566
		Duration: 190
		Return Value: 18446744073709551605

	Instruction
		Name: clock_gettime
		Pid: 16176
		Spid: 16176
		Status: Finished
		Start: 1683990821332661
		Finish: 1683990821332969
		Duration: 308
		Return Value: 0

	Instruction
		Name: clock_gettime
		Pid: 16176
		Spid: 16176
		Status: Finished
		Start: 1683990821333157
		Finish: 1683990821333696
		Duration: 539
		Return Value: 0

	Instruction
		Name: gettimeofday
		Pid: 16176
		Spid: 16176
		Status: Finished
		Start: 1683990821333780
		Finish: 1683990821334376
		Duration: 596
		Return Value: 0

	Instruction
		Name: clock_gettime
		Pid: 16176
		Spid: 16176
		Status: Finished
		Start: 1683990821334476
		Finish: 1683990821334700
		Duration: 224
		Return Value: 0

	Instruction
		Name: clock_gettime
		Pid: 16176
		Spid: 16176
		Status: Finished
		Start: 1683990821334788
		Finish: 1683990821338433
		Duration: 3645
		Return Value: 0

	Instruction
		Name: gettimeofday
		Pid: 16176
		Spid: 16176
		Status: Finished
		Start: 1683990821338496
		Finish: 1683990821339385
		Duration: 889
		Return Value: 0

	Instruction
		Name: read
		Pid: 16176
		Spid: 16176
		Status: Finished
		Start: 1683990821339427
		Finish: 1683990821339654
		Duration: 227
		Return Value: 48

	Instruction
		Name: clock_gettime
		Pid: 16176
		Spid: 16176
		Status: Finished
		Start: 1683990821339722
		Finish: 1683990821339938
		Duration: 216
		Return Value: 0

	Instruction
		Name: clock_gettime
		Pid: 16176
		Spid: 16176
		Status: Finished
		Start: 1683990821340004
		Finish: 1683990821340207
		Duration: 203
		Return Value: 0

	Instruction
		Name: clock_gettime
		Pid: 16176
		Spid: 16176
		Status: Finished
		Start: 1683990821340239
		Finish: 1683990821340447
		Duration: 208
		Return Value: 0

	Instruction
		Name: clock_gettime
		Pid: 16176
		Spid: 16176
		Status: Finished
		Start: 1683990821340480
		Finish: 1683990821340834
		Duration: 354
		Return Value: 0

	Instruction
		Name: clock_gettime
		Pid: 16176
		Spid: 16176
		Status: Finished
		Start: 1683990821340868
		Finish: 1683990821341153
		Duration: 285
		Return Value: 0

	Instruction
		Name: clock_gettime
		Pid: 16176
		Spid: 16176
		Status: Finished
		Start: 1683990821341248
		Finish: 1683990821341789
		Duration: 541
		Return Value: 0

	Instruction
		Name: clock_gettime
		Pid: 16176
		Spid: 16176
		Status: Finished
		Start: 1683990821342054
		Finish: 1683990821342579
		Duration: 525
		Return Value: 0

	Instruction
		Name: clock_gettime
		Pid: 16176
		Spid: 16176
		Status: Finished
		Start: 1683990821342665
		Finish: 1683990821343112
		Duration: 447
		Return Value: 0

	Instruction
		Name: clock_gettime
		Pid: 16176
		Spid: 16176
		Status: Finished
		Start: 1683990821343190
		Finish: 1683990821343630
		Duration: 440
		Return Value: 0

	Instruction
		Name: recvfrom
		Pid: 16176
		Spid: 16176
		Status: Finished
		Start: 1683990821343808
		Finish: 1683990821344321
		Duration: 513
		Return Value: 18446744073709551605

	Instruction
		Name: ioctl
		Pid: 16176
		Spid: 16176
		Status: Finished
		Start: 1683990821344412
		Finish: 1683990821345080
		Duration: 668
		Return Value: 0

	Instruction
		Name: write
		Pid: 16176
		Spid: 16176
		Status: Finished
		Start: 1683990821345191
		Finish: 1683990821346346
		Duration: 1155
		Return Value: 8

	Instruction
		Name: clock_gettime
		Pid: 16176
		Spid: 16176
		Status: Finished
		Start: 1683990821346550
		Finish: 1683990821347200
		Duration: 650
		Return Value: 0

	Instruction
		Name: clock_gettime
		Pid: 16176
		Spid: 16176
		Status: Finished
		Start: 1683990821347273
		Finish: 1683990821347778
		Duration: 505
		Return Value: 0

	Instruction
		Name: clock_gettime
		Pid: 16176
		Spid: 16176
		Status: Finished
		Start: 1683990821347833
		Finish: 1683990821348295
		Duration: 462
		Return Value: 0

	Instruction
		Name: write
		Pid: 16176
		Spid: 16176
		Status: Finished
		Start: 1683990821348414
		Finish: 1683990821348845
		Duration: 431
		Return Value: 8

	Instruction
		Name: clock_gettime
		Pid: 16176
		Spid: 16176
		Status: Finished
		Start: 1683990821349199
		Finish: 1683990821349707
		Duration: 508
		Return Value: 0

	Instruction
		Name: clock_gettime
		Pid: 16176
		Spid: 16176
		Status: Finished
		Start: 1683990821351107
		Finish: 1683990821352017
		Duration: 910
		Return Value: 0

	Instruction
		Name: write
		Pid: 16176
		Spid: 16176
		Status: Finished
		Start: 1683990821352136
		Finish: 1683990821353043
		Duration: 907
		Return Value: 8

	Instruction
		Name: futex
		Pid: 16176
		Spid: 16176
		Status: Finished
		Start: 1683990821353916
		Finish: 1683990821356580
		Duration: 2664
		Return Value: 1

	Instruction
		Name: futex
		Pid: 16176
		Spid: 16176
		Status: Finished
		Start: 1683990821356717
		Finish: 1683990821357571
		Duration: 854
		Return Value: 18446744073709551605

	Instruction
		Name: clock_gettime
		Pid: 16176
		Spid: 16176
		Status: Finished
		Start: 1683990821357693
		Finish: 1683990821358212
		Duration: 519
		Return Value: 0

	Instruction
		Name: clock_gettime
		Pid: 16176
		Spid: 16176
		Status: Finished
		Start: 1683990821358312
		Finish: 1683990821358791
		Duration: 479
		Return Value: 0

	Instruction
		Name: clock_gettime
		Pid: 16176
		Spid: 16176
		Status: Finished
		Start: 1683990821358852
		Finish: 1683990821359665
		Duration: 813
		Return Value: 0

	Instruction
		Name: read
		Pid: 16176
		Spid: 16176
		Status: Finished
		Start: 1683990821359725
		Finish: 1683990821360214
		Duration: 489
		Return Value: 48

	Instruction
		Name: getuid
		Pid: 16176
		Spid: 16176
		Status: Finished
		Start: 1683990821360319
		Finish: 1683990821360827
		Duration: 508
		Return Value: 10327

	Instruction
		Name: epoll_pwait
		Pid: 16176
		Spid: 16176
		Status: Finished
		Start: 1683990821360881
		Finish: 1683990821361372
		Duration: 491
		Return Value: 2

	Instruction
		Name: read
		Pid: 16176
		Spid: 16176
		Status: Finished
		Start: 1683990821361424
		Finish: 1683990821362007
		Duration: 583
		Return Value: 8

	Instruction
		Name: recvfrom
		Pid: 16176
		Spid: 16176
		Status: Finished
		Start: 1683990821362094
		Finish: 1683990821362787
		Duration: 693
		Return Value: 64

	Instruction
		Name: recvfrom
		Pid: 16176
		Spid: 16176
		Status: Finished
		Start: 1683990821362877
		Finish: 1683990821363641
		Duration: 764
		Return Value: 18446744073709551605

	Instruction
		Name: clock_gettime
		Pid: 16176
		Spid: 16176
		Status: Finished
		Start: 1683990821363778
		Finish: 1683990821364370
		Duration: 592
		Return Value: 0

	Instruction
		Name: clock_gettime
		Pid: 16176
		Spid: 16176
		Status: Finished
		Start: 1683990821364470
		Finish: 1683990821365271
		Duration: 801
		Return Value: 0

	Instruction
		Name: gettimeofday
		Pid: 16176
		Spid: 16176
		Status: Finished
		Start: 1683990821365337
		Finish: 1683990821365853
		Duration: 516
		Return Value: 0

	Instruction
		Name: clock_gettime
		Pid: 16176
		Spid: 16176
		Status: Finished
		Start: 1683990821365907
		Finish: 1683990821366447
		Duration: 540
		Return Value: 0

	Instruction
		Name: clock_gettime
		Pid: 16176
		Spid: 16176
		Status: Finished
		Start: 1683990821366502
		Finish: 1683990821366982
		Duration: 480
		Return Value: 0

	Instruction
		Name: gettimeofday
		Pid: 16176
		Spid: 16176
		Status: Finished
		Start: 1683990821367035
		Finish: 1683990821367550
		Duration: 515
		Return Value: 0

	Instruction
		Name: read
		Pid: 16176
		Spid: 16176
		Status: Finished
		Start: 1683990821367612
		Finish: 1683990821375166
		Duration: 7554
		Return Value: 48

	Instruction
		Name: clock_gettime
		Pid: 16176
		Spid: 16176
		Status: Finished
		Start: 1683990821377090
		Finish: 1683990821378690
		Duration: 1600
		Return Value: 0

	Instruction
		Name: clock_gettime
		Pid: 16176
		Spid: 16176
		Status: Finished
		Start: 1683990821378875
		Finish: 1683990821379596
		Duration: 721
		Return Value: 0

	Instruction
		Name: clock_gettime
		Pid: 16176
		Spid: 16176
		Status: Finished
		Start: 1683990821380068
		Finish: 1683990821380624
		Duration: 556
		Return Value: 0

	Instruction
		Name: clock_gettime
		Pid: 16176
		Spid: 16176
		Status: Finished
		Start: 1683990821380975
		Finish: 1683990821381642
		Duration: 667
		Return Value: 0

	Instruction
		Name: clock_gettime
		Pid: 16176
		Spid: 16176
		Status: Finished
		Start: 1683990821381703
		Finish: 1683990821382251
		Duration: 548
		Return Value: 0

	Instruction
		Name: clock_gettime
		Pid: 16176
		Spid: 16176
		Status: Finished
		Start: 1683990821382310
		Finish: 1683990821382849
		Duration: 539
		Return Value: 0

	Instruction
		Name: clock_gettime
		Pid: 16176
		Spid: 16176
		Status: Finished
		Start: 1683990821382949
		Finish: 1683990821383481
		Duration: 532
		Return Value: 0

	Instruction
		Name: clock_gettime
		Pid: 16176
		Spid: 16176
		Status: Finished
		Start: 1683990821383832
		Finish: 1683990821384509
		Duration: 677
		Return Value: 0

	Instruction
		Name: clock_gettime
		Pid: 16176
		Spid: 16176
		Status: Finished
		Start: 1683990821384570
		Finish: 1683990821385393
		Duration: 823
		Return Value: 0

	Instruction
		Name: clock_gettime
		Pid: 16176
		Spid: 16176
		Status: Finished
		Start: 1683990821386675
		Finish: 1683990821387277
		Duration: 602
		Return Value: 0

	Instruction
		Name: clock_gettime
		Pid: 16176
		Spid: 16176
		Status: Finished
		Start: 1683990821387461
		Finish: 1683990821392415
		Duration: 4954
		Return Value: 0

	Instruction
		Name: read
		Pid: 16176
		Spid: 16176
		Status: Finished
		Start: 1683990821392542
		Finish: 1683990821393833
		Duration: 1291
		Return Value: 48

	Instruction
		Name: getuid
		Pid: 16176
		Spid: 16176
		Status: Finished
		Start: 1683990821393976
		Finish: 1683990821394624
		Duration: 648
		Return Value: 10327

	Instruction
		Name: epoll_pwait
		Pid: 16176
		Spid: 16176
		Status: Finished
		Start: 1683990821394900
		Finish: 1683990821395687
		Duration: 787
		Return Value: 0

	Instruction
		Name: clock_gettime
		Pid: 16176
		Spid: 16176
		Status: Finished
		Start: 1683990821395786
		Finish: 1683990821396428
		Duration: 642
		Return Value: 0

	Instruction
		Name: epoll_pwait
		Pid: 16176
		Spid: 16176
		Status: Finished
		Start: 1683990821396591
		Finish: 1683990821684225
		Duration: 287634
		Return Value: 1

	Instruction
		Name: recvfrom
		Pid: 16176
		Spid: 16176
		Status: Finished
		Start: 1683990821684411
		Finish: 1683990821685616
		Duration: 1205
		Return Value: 104

	Instruction
		Name: recvfrom
		Pid: 16176
		Spid: 16176
		Status: Finished
		Start: 1683990821685876
		Finish: 1683990821686702
		Duration: 826
		Return Value: 18446744073709551605

	Instruction
		Name: clock_gettime
		Pid: 16176
		Spid: 16176
		Status: Finished
		Start: 1683990821686828
		Finish: 1683990821688472
		Duration: 1644
		Return Value: 0

	Instruction
		Name: epoll_pwait
		Pid: 16176
		Spid: 16176
		Status: Finished
		Start: 1683990821688586
		Finish: 1683990821765823
		Duration: 77237
		Return Value: 0

	Instruction
		Name: clock_gettime
		Pid: 16176
		Spid: 16176
		Status: Finished
		Start: 1683990821765917
		Finish: 1683990821766604
		Duration: 687
		Return Value: 0

	Instruction
		Name: clock_gettime
		Pid: 16176
		Spid: 16176
		Status: Finished
		Start: 1683990821766715
		Finish: 1683990821767340
		Duration: 625
		Return Value: 0

	Instruction
		Name: gettimeofday
		Pid: 16176
		Spid: 16176
		Status: Finished
		Start: 1683990821767413
		Finish: 1683990821768167
		Duration: 754
		Return Value: 0

	Instruction
		Name: read
		Pid: 16176
		Spid: 16176
		Status: Finished
		Start: 1683990821768262
		Finish: 1683990821768850
		Duration: 588
		Return Value: 48

	Instruction
		Name: ioctl
		Pid: 16176
		Spid: 16176
		Status: Finished
		Start: 1683990821769269
		Finish: 1683990821769904
		Duration: 635
		Return Value: 0

	Instruction
		Name: clock_gettime
		Pid: 16176
		Spid: 16176
		Status: Finished
		Start: 1683990821770193
		Finish: 1683990821770934
		Duration: 741
		Return Value: 0

	Instruction
		Name: read
		Pid: 16176
		Spid: 16176
		Status: Finished
		Start: 1683990821770997
		Finish: 1683990821771977
		Duration: 980
		Return Value: 48

	Instruction
		Name: getuid
		Pid: 16176
		Spid: 16176
		Status: Finished
		Start: 1683990821772090
		Finish: 1683990821772708
		Duration: 618
		Return Value: 10327

	Instruction
		Name: epoll_pwait
		Pid: 16176
		Spid: 16176
		Status: Finished
		Start: 1683990821772817
		Finish: 1683990821773365
		Duration: 548
		Return Value: 0

	Instruction
		Name: clock_gettime
		Pid: 16176
		Spid: 16176
		Status: Finished
		Start: 1683990821773453
		Finish: 1683990821773970
		Duration: 517
		Return Value: 0

	Instruction
		Name: epoll_pwait
		Pid: 16176
		Spid: 16176
		Status: Finished
		Start: 1683990821774064
		Finish: 1683990821834038
		Duration: 59974
		Return Value: 0

	Instruction
		Name: clock_gettime
		Pid: 16176
		Spid: 16176
		Status: Finished
		Start: 1683990821834141
		Finish: 1683990821835293
		Duration: 1152
		Return Value: 0

	Instruction
		Name: clock_gettime
		Pid: 16176
		Spid: 16176
		Status: Finished
		Start: 1683990821835502
		Finish: 1683990821836086
		Duration: 584
		Return Value: 0

	Instruction
		Name: gettimeofday
		Pid: 16176
		Spid: 16176
		Status: Finished
		Start: 1683990821836500
		Finish: 1683990821837080
		Duration: 580
		Return Value: 0

	Instruction
		Name: read
		Pid: 16176
		Spid: 16176
		Status: Finished
		Start: 1683990821837148
		Finish: 1683990821837730
		Duration: 582
		Return Value: 48

	Instruction
		Name: clock_gettime
		Pid: 16176
		Spid: 16176
		Status: Finished
		Start: 1683990821837906
		Finish: 1683990821838502
		Duration: 596
		Return Value: 0

	Instruction
		Name: clock_gettime
		Pid: 16176
		Spid: 16176
		Status: Finished
		Start: 1683990821838730
		Finish: 1683990821839490
		Duration: 760
		Return Value: 0

	Instruction
		Name: read
		Pid: 16176
		Spid: 16176
		Status: Finished
		Start: 1683990821839616
		Finish: 1683990821840413
		Duration: 797
		Return Value: 48

	Instruction
		Name: getuid
		Pid: 16176
		Spid: 16176
		Status: Finished
		Start: 1683990821840534
		Finish: 1683990821841167
		Duration: 633
		Return Value: 10327

	Instruction
		Name: epoll_pwait
		Pid: 16176
		Spid: 16176
		Status: Finished
		Start: 1683990821841264
		Finish: 1683990821841807
		Duration: 543
		Return Value: 0

	Instruction
		Name: clock_gettime
		Pid: 16176
		Spid: 16176
		Status: Finished
		Start: 1683990821841862
		Finish: 1683990821842777
		Duration: 915
		Return Value: 0

LIST OF ALL NOT TERMINATED INSTRUCTIONS

	Instruction
		Name: clock_gettime
		Pid: 16176
		Spid: 16176
		Status: Executing
		Start: 1683990821842878

