
LIST OF ALL SENSOR NUMBER RECORDS

	Sensor record
		Azimuth value: 0
		Pitch value: 2
		Roll value: 0
		Start timestamp: 1685713452363
		Finish timestamp: 1685713452543

	Sensor record
		Azimuth value: 0
		Pitch value: 2
		Roll value: 359
		Start timestamp: 1685713452544
		Finish timestamp: 1685713454361

	Sensor record
		Azimuth value: 359
		Pitch value: 2
		Roll value: 0
		Start timestamp: 1685713454362
		Finish timestamp: 1685713454562

	Sensor record
		Azimuth value: 0
		Pitch value: 2
		Roll value: 359
		Start timestamp: 1685713454563
		Finish timestamp: 1685713456779

	Sensor record
		Azimuth value: 359
		Pitch value: 2
		Roll value: 0
		Start timestamp: 1685713456780
		Finish timestamp: 1685713457386

	Sensor record
		Azimuth value: 0
		Pitch value: 2
		Roll value: 359
		Start timestamp: 1685713457387
		Finish timestamp: 1685713461621

	Sensor record
		Azimuth value: 359
		Pitch value: 2
		Roll value: 0
		Start timestamp: 1685713461622
		Finish timestamp: 1685713461821

	Sensor record
		Azimuth value: 0
		Pitch value: 2
		Roll value: 0
		Start timestamp: 1685713461822
		Finish timestamp: 1685713462023

	Sensor record
		Azimuth value: 0
		Pitch value: 2
		Roll value: 359
		Start timestamp: 1685713462024
		Finish timestamp: 1685713466461

	Sensor record
		Azimuth value: 359
		Pitch value: 2
		Roll value: 0
		Start timestamp: 1685713466462
		Finish timestamp: 1685713467066

	Sensor record
		Azimuth value: 0
		Pitch value: 2
		Roll value: 359
		Start timestamp: 1685713467067
		Finish timestamp: 1685713468075

	Sensor record
		Azimuth value: 359
		Pitch value: 2
		Roll value: 0
		Start timestamp: 1685713468076
		Finish timestamp: 1685713468278

	Sensor record
		Azimuth value: 0
		Pitch value: 2
		Roll value: 359
		Start timestamp: 1685713468279
		Finish timestamp: 1685713473119

	Sensor record
		Azimuth value: 359
		Pitch value: 2
		Roll value: 0
		Start timestamp: 1685713473120
		Finish timestamp: 1685713474328

	Sensor record
		Azimuth value: 0
		Pitch value: 2
		Roll value: 359
		Start timestamp: 1685713474329
		Finish timestamp: 1685713474533

	Sensor record
		Azimuth value: 359
		Pitch value: 2
		Roll value: 0
		Start timestamp: 1685713474534
		Finish timestamp: 1685713474732

	Sensor record
		Azimuth value: 0
		Pitch value: 2
		Roll value: 359
		Start timestamp: 1685713474733
		Finish timestamp: 1685713475137

	Sensor record
		Azimuth value: 359
		Pitch value: 2
		Roll value: 0
		Start timestamp: 1685713475138
		Finish timestamp: 1685713478161

	Sensor record
		Azimuth value: 0
		Pitch value: 2
		Roll value: 359
		Start timestamp: 1685713478162
		Finish timestamp: 1685713479574

	Sensor record
		Azimuth value: 359
		Pitch value: 2
		Roll value: 0
		Start timestamp: 1685713479575
		Finish timestamp: 1685713479977

	Sensor record
		Azimuth value: 0
		Pitch value: 2
		Roll value: 359
		Start timestamp: 1685713479978
		Finish timestamp: 1685713480540

	Sensor record
		Azimuth value: 359
		Pitch value: 2
		Roll value: 0
		Start timestamp: 1685713480541
		Finish timestamp: 1685713481588

	Sensor record
		Azimuth value: 0
		Pitch value: 2
		Roll value: 359
		Start timestamp: 1685713481589
		Finish timestamp: 1685713481791

	Sensor record
		Azimuth value: 359
		Pitch value: 2
		Roll value: 0
		Start timestamp: 1685713481792
		Finish timestamp: 1685713481992

	Sensor record
		Azimuth value: 0
		Pitch value: 2
		Roll value: 359
		Start timestamp: 1685713481993
		Finish timestamp: 1685713482194

	Sensor record
		Azimuth value: 359
		Pitch value: 2
		Roll value: 0
		Start timestamp: 1685713482195
		Finish timestamp: 1685713482396

	Sensor record
		Azimuth value: 0
		Pitch value: 2
		Roll value: 359
		Start timestamp: 1685713482397
		Finish timestamp: 1685713482802

	Sensor record
		Azimuth value: 359
		Pitch value: 2
		Roll value: 359
		Start timestamp: 1685713482803
		Finish timestamp: 1685713483034

	Sensor record
		Azimuth value: 358
		Pitch value: 2
		Roll value: 0
		Start timestamp: 1685713483035
		Finish timestamp: 1685713483244

	Sensor record
		Azimuth value: 358
		Pitch value: 3
		Roll value: 359
		Start timestamp: 1685713483245
		Finish timestamp: 1685713483438

	Sensor record
		Azimuth value: 359
		Pitch value: 2
		Roll value: 359
		Start timestamp: 1685713483439
		Finish timestamp: 1685713483440

	Sensor record
		Azimuth value: 0
		Pitch value: 2
		Roll value: 359
		Start timestamp: 1685713483441
		Finish timestamp: 1685713483609

	Sensor record
		Azimuth value: 1
		Pitch value: 2
		Roll value: 359
		Start timestamp: 1685713483610
		Finish timestamp: 1685713483808

	Sensor record
		Azimuth value: 2
		Pitch value: 2
		Roll value: 359
		Start timestamp: 1685713483809
		Finish timestamp: 1685713484619

	Sensor record
		Azimuth value: 2
		Pitch value: 2
		Roll value: 0
		Start timestamp: 1685713484620
		Finish timestamp: 1685713485626

	Sensor record
		Azimuth value: 1
		Pitch value: 2
		Roll value: 0
		Start timestamp: 1685713485627
		Finish timestamp: 1685713485826

	Sensor record
		Azimuth value: 359
		Pitch value: 2
		Roll value: 1
		Start timestamp: 1685713485827
		Finish timestamp: 1685713486028

	Sensor record
		Azimuth value: 358
		Pitch value: 2
		Roll value: 1
		Start timestamp: 1685713486029
		Finish timestamp: 1685713486430

	Sensor record
		Azimuth value: 358
		Pitch value: 2
		Roll value: 0
		Start timestamp: 1685713486431
		Finish timestamp: 1685713486633

	Sensor record
		Azimuth value: 358
		Pitch value: 2
		Roll value: 359
		Start timestamp: 1685713486634
		Finish timestamp: 1685713486838

	Sensor record
		Azimuth value: 359
		Pitch value: 2
		Roll value: 359
		Start timestamp: 1685713486839
		Finish timestamp: 1685713487036

	Sensor record
		Azimuth value: 0
		Pitch value: 2
		Roll value: 359
		Start timestamp: 1685713487037
		Finish timestamp: 1685713487238

	Sensor record
		Azimuth value: 0
		Pitch value: 2
		Roll value: 0
		Start timestamp: 1685713487239
		Finish timestamp: 1685713487440

	Sensor record
		Azimuth value: 359
		Pitch value: 2
		Roll value: 359
		Start timestamp: 1685713487441
		Finish timestamp: 1685713487441

	Sensor record
		Azimuth value: 357
		Pitch value: 2
		Roll value: 359
		Start timestamp: 1685713487442

