
ANALYSIS OF ALL INSTRUCTIONS

	Instruction
		Name: clock_gettime
		Minimum duration: 197
		Maximum duration: 11271
		Average duration: 1326.09604519774
		Variance: 2611525.4653515914
		Number measurements: 177
		List measurements: [1972, 211, 232, 11271, 724, 2188, 310, 793, 239, 385, 222, 254, 197, 10451, 1482, 2686, 4861, 2299, 2214, 323, 275, 397, 4589, 277, 727, 4777, 390, 1092, 3085, 772, 4090, 1307, 3396, 1425, 997, 752, 553, 603, 677, 865, 589, 738, 1839, 2308, 687, 655, 991, 633, 760, 549, 560, 678, 666, 532, 635, 686, 951, 790, 1293, 1453, 840, 763, 655, 602, 598, 1670, 630, 915, 669, 592, 1295, 674, 533, 4241, 1175, 698, 943, 706, 3854, 531, 576, 997, 855, 3544, 1013, 784, 709, 633, 610, 575, 540, 719, 807, 7868, 793, 753, 707, 1059, 696, 662, 869, 5292, 1366, 1517, 598, 675, 647, 585, 1474, 4976, 657, 1073, 505, 531, 489, 1342, 4468, 931, 907, 637, 862, 529, 465, 661, 541, 2853, 850, 633, 2105, 859, 666, 1224, 832, 781, 741, 727, 635, 6718, 947, 531, 626, 1527, 816, 754, 681, 702, 718, 792, 4113, 1088, 595, 2645, 4469, 575, 487, 555, 527, 526, 693, 1350, 764, 1373, 799, 553, 628, 545, 794, 612, 1134, 536, 551, 649, 805, 1070, 1221, 531, 4379]

	Instruction
		Name: epoll_pwait
		Minimum duration: 220
		Maximum duration: 2864
		Average duration: 1029.75
		Variance: 1161667.1875
		Number measurements: 4
		List measurements: [220, 292, 2864, 743]

	Instruction
		Name: fstatfs
		Minimum duration: 570
		Maximum duration: 651
		Average duration: 610.5
		Variance: 1640.25
		Number measurements: 2
		List measurements: [651, 570]

	Instruction
		Name: futex
		Minimum duration: 542
		Maximum duration: 2319
		Average duration: 1155
		Variance: 501991.5
		Number measurements: 4
		List measurements: [1130, 2319, 542, 629]

	Instruction
		Name: gettimeofday
		Minimum duration: 205
		Maximum duration: 701
		Average duration: 446
		Variance: 43408.0
		Number measurements: 5
		List measurements: [205, 467, 213, 701, 644]

	Instruction
		Name: getuid
		Minimum duration: 216
		Maximum duration: 4470
		Average duration: 1412.6
		Variance: 2410879.84
		Number measurements: 5
		List measurements: [591, 216, 4470, 720, 1066]

	Instruction
		Name: ioctl
		Minimum duration: 311
		Maximum duration: 3687
		Average duration: 1046.6666666666667
		Variance: 820577.7222222224
		Number measurements: 12
		List measurements: [3687, 459, 311, 780, 798, 336, 1745, 647, 1596, 674, 990, 537]

	Instruction
		Name: mmap
		Minimum duration: 571
		Maximum duration: 928
		Average duration: 749.5
		Variance: 31862.25
		Number measurements: 2
		List measurements: [928, 571]

	Instruction
		Name: mprotect
		Minimum duration: 860
		Maximum duration: 860
		Average duration: 860
		Variance: 0.0
		Number measurements: 1
		List measurements: [860]

	Instruction
		Name: munmap
		Minimum duration: 519
		Maximum duration: 809
		Average duration: 664
		Variance: 21025.0
		Number measurements: 2
		List measurements: [809, 519]

	Instruction
		Name: prctl
		Minimum duration: 370
		Maximum duration: 370
		Average duration: 370
		Variance: 0.0
		Number measurements: 1
		List measurements: [370]

	Instruction
		Name: pread64
		Minimum duration: 723
		Maximum duration: 12860
		Average duration: 3865.75
		Variance: 26986971.6875
		Number measurements: 4
		List measurements: [12860, 1105, 723, 775]

	Instruction
		Name: read
		Minimum duration: 209
		Maximum duration: 20399
		Average duration: 3291.4285714285716
		Variance: 48825896.53061224
		Number measurements: 7
		List measurements: [271, 212, 20399, 209, 509, 581, 859]

	Instruction
		Name: recvfrom
		Minimum duration: 434
		Maximum duration: 2312
		Average duration: 1022.25
		Variance: 564382.1875
		Number measurements: 4
		List measurements: [434, 2312, 703, 640]

	Instruction
		Name: rt_sigprocmask
		Minimum duration: 775
		Maximum duration: 836
		Average duration: 805.5
		Variance: 930.25
		Number measurements: 2
		List measurements: [836, 775]

	Instruction
		Name: sendto
		Minimum duration: 639
		Maximum duration: 639
		Average duration: 639
		Variance: 0.0
		Number measurements: 1
		List measurements: [639]

	Instruction
		Name: write
		Minimum duration: 650
		Maximum duration: 1295
		Average duration: 972.5
		Variance: 104006.25
		Number measurements: 2
		List measurements: [1295, 650]

