
LIST OF ALL TERMINATED INSTRUCTIONS

	Instruction
		Name: recvfrom
		Pid: 32741
		Spid: 32741
		Status: Finished
		Start: 1683982320986130
		Finish: 1683982320986734
		Duration: 604
		Return Value: 104

	Instruction
		Name: recvfrom
		Pid: 32741
		Spid: 32741
		Status: Finished
		Start: 1683982320986903
		Finish: 1683982320987626
		Duration: 723
		Return Value: 104

	Instruction
		Name: recvfrom
		Pid: 32741
		Spid: 32741
		Status: Finished
		Start: 1683982320987759
		Finish: 1683982320988359
		Duration: 600
		Return Value: 18446744073709551605

	Instruction
		Name: clock_gettime
		Pid: 32741
		Spid: 32741
		Status: Finished
		Start: 1683982320988449
		Finish: 1683982320989036
		Duration: 587
		Return Value: 0

	Instruction
		Name: epoll_pwait
		Pid: 32741
		Spid: 32741
		Status: Finished
		Start: 1683982320989134
		Finish: 1683982321187375
		Duration: 198241
		Return Value: 1

	Instruction
		Name: recvfrom
		Pid: 32741
		Spid: 32741
		Status: Finished
		Start: 1683982321187876
		Finish: 1683982321188522
		Duration: 646
		Return Value: 104

	Instruction
		Name: recvfrom
		Pid: 32741
		Spid: 32741
		Status: Finished
		Start: 1683982321188648
		Finish: 1683982321189252
		Duration: 604
		Return Value: 18446744073709551605

	Instruction
		Name: clock_gettime
		Pid: 32741
		Spid: 32741
		Status: Finished
		Start: 1683982321189339
		Finish: 1683982321190137
		Duration: 798
		Return Value: 0

	Instruction
		Name: epoll_pwait
		Pid: 32741
		Spid: 32741
		Status: Finished
		Start: 1683982321190224
		Finish: 1683982321389003
		Duration: 198779
		Return Value: 1

	Instruction
		Name: recvfrom
		Pid: 32741
		Spid: 32741
		Status: Finished
		Start: 1683982321389165
		Finish: 1683982321389851
		Duration: 686
		Return Value: 104

	Instruction
		Name: recvfrom
		Pid: 32741
		Spid: 32741
		Status: Finished
		Start: 1683982321389997
		Finish: 1683982321390703
		Duration: 706
		Return Value: 18446744073709551605

	Instruction
		Name: clock_gettime
		Pid: 32741
		Spid: 32741
		Status: Finished
		Start: 1683982321390796
		Finish: 1683982321391344
		Duration: 548
		Return Value: 0

	Instruction
		Name: epoll_pwait
		Pid: 32741
		Spid: 32741
		Status: Finished
		Start: 1683982321391430
		Finish: 1683982321590910
		Duration: 199480
		Return Value: 1

	Instruction
		Name: recvfrom
		Pid: 32741
		Spid: 32741
		Status: Finished
		Start: 1683982321591366
		Finish: 1683982321592108
		Duration: 742
		Return Value: 104

	Instruction
		Name: recvfrom
		Pid: 32741
		Spid: 32741
		Status: Finished
		Start: 1683982321592293
		Finish: 1683982321592986
		Duration: 693
		Return Value: 18446744073709551605

	Instruction
		Name: clock_gettime
		Pid: 32741
		Spid: 32741
		Status: Finished
		Start: 1683982321593093
		Finish: 1683982321593866
		Duration: 773
		Return Value: 0

	Instruction
		Name: epoll_pwait
		Pid: 32741
		Spid: 32741
		Status: Finished
		Start: 1683982321593961
		Finish: 1683982321792216
		Duration: 198255
		Return Value: 1

	Instruction
		Name: recvfrom
		Pid: 32741
		Spid: 32741
		Status: Finished
		Start: 1683982321792490
		Finish: 1683982321793155
		Duration: 665
		Return Value: 104

	Instruction
		Name: recvfrom
		Pid: 32741
		Spid: 32741
		Status: Finished
		Start: 1683982321793383
		Finish: 1683982321793824
		Duration: 441
		Return Value: 104

	Instruction
		Name: recvfrom
		Pid: 32741
		Spid: 32741
		Status: Finished
		Start: 1683982321794040
		Finish: 1683982321794356
		Duration: 316
		Return Value: 18446744073709551605

	Instruction
		Name: clock_gettime
		Pid: 32741
		Spid: 32741
		Status: Finished
		Start: 1683982321794454
		Finish: 1683982321794715
		Duration: 261
		Return Value: 0

	Instruction
		Name: epoll_pwait
		Pid: 32741
		Spid: 32741
		Status: Finished
		Start: 1683982321794837
		Finish: 1683982321993956
		Duration: 199119
		Return Value: 1

	Instruction
		Name: recvfrom
		Pid: 32741
		Spid: 32741
		Status: Finished
		Start: 1683982321994160
		Finish: 1683982321994493
		Duration: 333
		Return Value: 104

	Instruction
		Name: gettimeofday
		Pid: 32741
		Spid: 32741
		Status: Finished
		Start: 1683982321994763
		Finish: 1683982321995021
		Duration: 258
		Return Value: 0

	Instruction
		Name: clock_gettime
		Pid: 32741
		Spid: 32741
		Status: Finished
		Start: 1683982321995191
		Finish: 1683982321995434
		Duration: 243
		Return Value: 0

	Instruction
		Name: clock_gettime
		Pid: 32741
		Spid: 32741
		Status: Finished
		Start: 1683982321995497
		Finish: 1683982321996138
		Duration: 641
		Return Value: 0

	Instruction
		Name: clock_gettime
		Pid: 32741
		Spid: 32741
		Status: Finished
		Start: 1683982321996280
		Finish: 1683982321996494
		Duration: 214
		Return Value: 0

	Instruction
		Name: clock_gettime
		Pid: 32741
		Spid: 32741
		Status: Finished
		Start: 1683982321996528
		Finish: 1683982321996751
		Duration: 223
		Return Value: 0

	Instruction
		Name: clock_gettime
		Pid: 32741
		Spid: 32741
		Status: Finished
		Start: 1683982321996846
		Finish: 1683982321997029
		Duration: 183
		Return Value: 0

	Instruction
		Name: clock_gettime
		Pid: 32741
		Spid: 32741
		Status: Finished
		Start: 1683982321997058
		Finish: 1683982321997288
		Duration: 230
		Return Value: 0

	Instruction
		Name: clock_gettime
		Pid: 32741
		Spid: 32741
		Status: Finished
		Start: 1683982321997390
		Finish: 1683982321997582
		Duration: 192
		Return Value: 0

	Instruction
		Name: clock_gettime
		Pid: 32741
		Spid: 32741
		Status: Finished
		Start: 1683982321997660
		Finish: 1683982321997833
		Duration: 173
		Return Value: 0

	Instruction
		Name: clock_gettime
		Pid: 32741
		Spid: 32741
		Status: Finished
		Start: 1683982321997908
		Finish: 1683982321998102
		Duration: 194
		Return Value: 0

	Instruction
		Name: clock_gettime
		Pid: 32741
		Spid: 32741
		Status: Finished
		Start: 1683982321998178
		Finish: 1683982321998350
		Duration: 172
		Return Value: 0

	Instruction
		Name: clock_gettime
		Pid: 32741
		Spid: 32741
		Status: Finished
		Start: 1683982321998447
		Finish: 1683982321998619
		Duration: 172
		Return Value: 0

	Instruction
		Name: clock_gettime
		Pid: 32741
		Spid: 32741
		Status: Finished
		Start: 1683982321998647
		Finish: 1683982321998845
		Duration: 198
		Return Value: 0

	Instruction
		Name: clock_gettime
		Pid: 32741
		Spid: 32741
		Status: Finished
		Start: 1683982321998919
		Finish: 1683982321999090
		Duration: 171
		Return Value: 0

	Instruction
		Name: clock_gettime
		Pid: 32741
		Spid: 32741
		Status: Finished
		Start: 1683982321999120
		Finish: 1683982321999329
		Duration: 209
		Return Value: 0

	Instruction
		Name: clock_gettime
		Pid: 32741
		Spid: 32741
		Status: Finished
		Start: 1683982321999416
		Finish: 1683982321999602
		Duration: 186
		Return Value: 0

	Instruction
		Name: clock_gettime
		Pid: 32741
		Spid: 32741
		Status: Finished
		Start: 1683982321999631
		Finish: 1683982321999835
		Duration: 204
		Return Value: 0

	Instruction
		Name: clock_gettime
		Pid: 32741
		Spid: 32741
		Status: Finished
		Start: 1683982321999917
		Finish: 1683982322000089
		Duration: 172
		Return Value: 0

	Instruction
		Name: clock_gettime
		Pid: 32741
		Spid: 32741
		Status: Finished
		Start: 1683982322000117
		Finish: 1683982322000328
		Duration: 211
		Return Value: 0

	Instruction
		Name: clock_gettime
		Pid: 32741
		Spid: 32741
		Status: Finished
		Start: 1683982322000424
		Finish: 1683982322000611
		Duration: 187
		Return Value: 0

	Instruction
		Name: clock_gettime
		Pid: 32741
		Spid: 32741
		Status: Finished
		Start: 1683982322000640
		Finish: 1683982322000873
		Duration: 233
		Return Value: 0

	Instruction
		Name: clock_gettime
		Pid: 32741
		Spid: 32741
		Status: Finished
		Start: 1683982322000933
		Finish: 1683982322001096
		Duration: 163
		Return Value: 0

	Instruction
		Name: clock_gettime
		Pid: 32741
		Spid: 32741
		Status: Finished
		Start: 1683982322001123
		Finish: 1683982322001349
		Duration: 226
		Return Value: 0

	Instruction
		Name: clock_gettime
		Pid: 32741
		Spid: 32741
		Status: Finished
		Start: 1683982322001494
		Finish: 1683982322001704
		Duration: 210
		Return Value: 0

	Instruction
		Name: clock_gettime
		Pid: 32741
		Spid: 32741
		Status: Finished
		Start: 1683982322001739
		Finish: 1683982322001932
		Duration: 193
		Return Value: 0

	Instruction
		Name: clock_gettime
		Pid: 32741
		Spid: 32741
		Status: Finished
		Start: 1683982322001984
		Finish: 1683982322002185
		Duration: 201
		Return Value: 0

	Instruction
		Name: clock_gettime
		Pid: 32741
		Spid: 32741
		Status: Finished
		Start: 1683982322002208
		Finish: 1683982322002379
		Duration: 171
		Return Value: 0

	Instruction
		Name: clock_gettime
		Pid: 32741
		Spid: 32741
		Status: Finished
		Start: 1683982322002438
		Finish: 1683982322002645
		Duration: 207
		Return Value: 0

	Instruction
		Name: clock_gettime
		Pid: 32741
		Spid: 32741
		Status: Finished
		Start: 1683982322002672
		Finish: 1683982322002848
		Duration: 176
		Return Value: 0

	Instruction
		Name: clock_gettime
		Pid: 32741
		Spid: 32741
		Status: Finished
		Start: 1683982322002884
		Finish: 1683982322003067
		Duration: 183
		Return Value: 0

	Instruction
		Name: clock_gettime
		Pid: 32741
		Spid: 32741
		Status: Finished
		Start: 1683982322003090
		Finish: 1683982322003256
		Duration: 166
		Return Value: 0

	Instruction
		Name: clock_gettime
		Pid: 32741
		Spid: 32741
		Status: Finished
		Start: 1683982322003312
		Finish: 1683982322003494
		Duration: 182
		Return Value: 0

	Instruction
		Name: clock_gettime
		Pid: 32741
		Spid: 32741
		Status: Finished
		Start: 1683982322003519
		Finish: 1683982322003697
		Duration: 178
		Return Value: 0

	Instruction
		Name: clock_gettime
		Pid: 32741
		Spid: 32741
		Status: Finished
		Start: 1683982322003733
		Finish: 1683982322003899
		Duration: 166
		Return Value: 0

	Instruction
		Name: clock_gettime
		Pid: 32741
		Spid: 32741
		Status: Finished
		Start: 1683982322003924
		Finish: 1683982322004112
		Duration: 188
		Return Value: 0

	Instruction
		Name: clock_gettime
		Pid: 32741
		Spid: 32741
		Status: Finished
		Start: 1683982322004165
		Finish: 1683982322004351
		Duration: 186
		Return Value: 0

	Instruction
		Name: clock_gettime
		Pid: 32741
		Spid: 32741
		Status: Finished
		Start: 1683982322004380
		Finish: 1683982322004563
		Duration: 183
		Return Value: 0

	Instruction
		Name: gettimeofday
		Pid: 32741
		Spid: 32741
		Status: Finished
		Start: 1683982322004860
		Finish: 1683982322005074
		Duration: 214
		Return Value: 0

	Instruction
		Name: gettimeofday
		Pid: 32741
		Spid: 32741
		Status: Finished
		Start: 1683982322005154
		Finish: 1683982322005360
		Duration: 206
		Return Value: 0

	Instruction
		Name: openat
		Pid: 32741
		Spid: 32741
		Status: Finished
		Start: 1683982322006136
		Finish: 1683982322006420
		Duration: 284
		Return Value: 103

	Instruction
		Name: fstat
		Pid: 32741
		Spid: 32741
		Status: Finished
		Start: 1683982322006457
		Finish: 1683982322006667
		Duration: 210
		Return Value: 0

	Instruction
		Name: mmap
		Pid: 32741
		Spid: 32741
		Status: Finished
		Start: 1683982322006693
		Finish: 1683982322006890
		Duration: 197
		Return Value: 483605352448

	Instruction
		Name: close
		Pid: 32741
		Spid: 32741
		Status: Finished
		Start: 1683982322006922
		Finish: 1683982322007113
		Duration: 191
		Return Value: 0

	Instruction
		Name: rt_sigprocmask
		Pid: 32741
		Spid: 32741
		Status: Finished
		Start: 1683982322007274
		Finish: 1683982322007487
		Duration: 213
		Return Value: 0

	Instruction
		Name: rt_sigprocmask
		Pid: 32741
		Spid: 32741
		Status: Finished
		Start: 1683982322007740
		Finish: 1683982322007943
		Duration: 203
		Return Value: 0

	Instruction
		Name: clock_gettime
		Pid: 32741
		Spid: 32741
		Status: Finished
		Start: 1683982322009644
		Finish: 1683982322009928
		Duration: 284
		Return Value: 0

	Instruction
		Name: clock_gettime
		Pid: 32741
		Spid: 32741
		Status: Finished
		Start: 1683982322009981
		Finish: 1683982322010204
		Duration: 223
		Return Value: 0

	Instruction
		Name: clock_gettime
		Pid: 32741
		Spid: 32741
		Status: Finished
		Start: 1683982322010251
		Finish: 1683982322010458
		Duration: 207
		Return Value: 0

	Instruction
		Name: recvfrom
		Pid: 32741
		Spid: 32741
		Status: Finished
		Start: 1683982322010541
		Finish: 1683982322010769
		Duration: 228
		Return Value: 18446744073709551605

	Instruction
		Name: ioctl
		Pid: 32741
		Spid: 32741
		Status: Finished
		Start: 1683982322010814
		Finish: 1683982322011042
		Duration: 228
		Return Value: 0

	Instruction
		Name: write
		Pid: 32741
		Spid: 32741
		Status: Finished
		Start: 1683982322011101
		Finish: 1683982322011353
		Duration: 252
		Return Value: 8

	Instruction
		Name: recvfrom
		Pid: 32741
		Spid: 32741
		Status: Finished
		Start: 1683982322011496
		Finish: 1683982322011726
		Duration: 230
		Return Value: 18446744073709551605

	Instruction
		Name: clock_gettime
		Pid: 32741
		Spid: 32741
		Status: Finished
		Start: 1683982322011771
		Finish: 1683982322011975
		Duration: 204
		Return Value: 0

LIST OF ALL NOT TERMINATED INSTRUCTIONS

