
LIST OF ALL SENSOR NUMBER RECORDS

	Sensor record
		Azimuth value: 0
		Pitch value: -40
		Roll value: 0
		Start timestamp: 1677663352829
		Finish timestamp: 1677663352943

	Sensor record
		Azimuth value: 2
		Pitch value: -44
		Roll value: 3
		Start timestamp: 1677663352944
		Finish timestamp: 1677663353151

	Sensor record
		Azimuth value: 1
		Pitch value: -46
		Roll value: 3
		Start timestamp: 1677663353152
		Finish timestamp: 1677663353333

	Sensor record
		Azimuth value: 0
		Pitch value: -40
		Roll value: 0
		Start timestamp: 1677663353334
		Finish timestamp: 1677663353478

	Sensor record
		Azimuth value: 7
		Pitch value: -33
		Roll value: 1
		Start timestamp: 1677663353479
		Finish timestamp: 1677663353663

	Sensor record
		Azimuth value: 13
		Pitch value: -27
		Roll value: 5
		Start timestamp: 1677663353664
		Finish timestamp: 1677663353857

	Sensor record
		Azimuth value: 23
		Pitch value: -21
		Roll value: 15
		Start timestamp: 1677663353858
		Finish timestamp: 1677663354039

	Sensor record
		Azimuth value: 30
		Pitch value: -29
		Roll value: 23
		Start timestamp: 1677663354040
		Finish timestamp: 1677663354234

	Sensor record
		Azimuth value: 27
		Pitch value: -44
		Roll value: 19
		Start timestamp: 1677663354235
		Finish timestamp: 1677663354412

	Sensor record
		Azimuth value: 27
		Pitch value: -55
		Roll value: 8
		Start timestamp: 1677663354413
		Finish timestamp: 1677663354599

	Sensor record
		Azimuth value: 27
		Pitch value: -60
		Roll value: 358
		Start timestamp: 1677663354600
		Finish timestamp: 1677663354786

	Sensor record
		Azimuth value: 15
		Pitch value: -58
		Roll value: 345
		Start timestamp: 1677663354787
		Finish timestamp: 1677663354974

	Sensor record
		Azimuth value: 358
		Pitch value: -55
		Roll value: 336
		Start timestamp: 1677663354975
		Finish timestamp: 1677663355162

	Sensor record
		Azimuth value: 6
		Pitch value: -47
		Roll value: 349
		Start timestamp: 1677663355163
		Finish timestamp: 1677663355348

	Sensor record
		Azimuth value: 17
		Pitch value: -43
		Roll value: 9
		Start timestamp: 1677663355349
		Finish timestamp: 1677663355661

	Sensor record
		Azimuth value: 39
		Pitch value: -32
		Roll value: 20
		Start timestamp: 1677663355662
		Finish timestamp: 1677663355724

	Sensor record
		Azimuth value: 0
		Pitch value: -33
		Roll value: 0
		Start timestamp: 1677663355725
		Finish timestamp: 1677663355962

	Sensor record
		Azimuth value: 2
		Pitch value: -39
		Roll value: 356
		Start timestamp: 1677663355963
		Finish timestamp: 1677663356096

	Sensor record
		Azimuth value: 350
		Pitch value: -44
		Roll value: 336
		Start timestamp: 1677663356097
		Finish timestamp: 1677663356284

	Sensor record
		Azimuth value: 339
		Pitch value: -60
		Roll value: 321
		Start timestamp: 1677663356285
		Finish timestamp: 1677663356470

	Sensor record
		Azimuth value: 343
		Pitch value: -70
		Roll value: 317
		Start timestamp: 1677663356471
		Finish timestamp: 1677663356659

	Sensor record
		Azimuth value: 11
		Pitch value: -76
		Roll value: 340
		Start timestamp: 1677663356660
		Finish timestamp: 1677663356845

	Sensor record
		Azimuth value: 166
		Pitch value: -79
		Roll value: 124
		Start timestamp: 1677663356846
		Finish timestamp: 1677663357032

	Sensor record
		Azimuth value: 168
		Pitch value: -24
		Roll value: 124
		Start timestamp: 1677663357033
		Finish timestamp: 1677663357220

	Sensor record
		Azimuth value: 220
		Pitch value: 10
		Roll value: 107
		Start timestamp: 1677663357221
		Finish timestamp: 1677663357409

	Sensor record
		Azimuth value: 253
		Pitch value: 20
		Roll value: 123
		Start timestamp: 1677663357410
		Finish timestamp: 1677663357594

	Sensor record
		Azimuth value: 239
		Pitch value: 18
		Roll value: 182
		Start timestamp: 1677663357595
		Finish timestamp: 1677663357781

	Sensor record
		Azimuth value: 225
		Pitch value: -23
		Roll value: 241
		Start timestamp: 1677663357782
		Finish timestamp: 1677663357970

	Sensor record
		Azimuth value: 279
		Pitch value: -56
		Roll value: 295
		Start timestamp: 1677663357971
		Finish timestamp: 1677663358156

	Sensor record
		Azimuth value: 317
		Pitch value: -55
		Roll value: 349
		Start timestamp: 1677663358157
		Finish timestamp: 1677663358344

	Sensor record
		Azimuth value: 335
		Pitch value: -39
		Roll value: 349
		Start timestamp: 1677663358345
		Finish timestamp: 1677663358530

	Sensor record
		Azimuth value: 328
		Pitch value: -29
		Roll value: 351
		Start timestamp: 1677663358531
		Finish timestamp: 1677663358718

	Sensor record
		Azimuth value: 319
		Pitch value: -32
		Roll value: 351
		Start timestamp: 1677663358719
		Finish timestamp: 1677663358905

	Sensor record
		Azimuth value: 352
		Pitch value: -33
		Roll value: 358
		Start timestamp: 1677663358906
		Finish timestamp: 1677663359122

	Sensor record
		Azimuth value: 0
		Pitch value: -32
		Roll value: 0
		Start timestamp: 1677663359123
		Finish timestamp: 1677663359307

	Sensor record
		Azimuth value: 3
		Pitch value: -33
		Roll value: 359
		Start timestamp: 1677663359308
		Finish timestamp: 1677663359475

	Sensor record
		Azimuth value: 0
		Pitch value: -34
		Roll value: 358
		Start timestamp: 1677663359476
		Finish timestamp: 1677663359654

	Sensor record
		Azimuth value: 353
		Pitch value: -33
		Roll value: 350
		Start timestamp: 1677663359655
		Finish timestamp: 1677663359840

	Sensor record
		Azimuth value: 331
		Pitch value: -32
		Roll value: 351
		Start timestamp: 1677663359841
		Finish timestamp: 1677663360028

	Sensor record
		Azimuth value: 299
		Pitch value: -21
		Roll value: 337
		Start timestamp: 1677663360029
		Finish timestamp: 1677663360215

	Sensor record
		Azimuth value: 290
		Pitch value: -24
		Roll value: 333
		Start timestamp: 1677663360216
		Finish timestamp: 1677663360402

	Sensor record
		Azimuth value: 292
		Pitch value: -31
		Roll value: 331
		Start timestamp: 1677663360403
		Finish timestamp: 1677663360589

	Sensor record
		Azimuth value: 291
		Pitch value: -24
		Roll value: 330
		Start timestamp: 1677663360590
		Finish timestamp: 1677663360777

	Sensor record
		Azimuth value: 289
		Pitch value: -19
		Roll value: 330
		Start timestamp: 1677663360778
		Finish timestamp: 1677663361086

	Sensor record
		Azimuth value: 286
		Pitch value: -13
		Roll value: 338
		Start timestamp: 1677663361087
		Finish timestamp: 1677663361266

	Sensor record
		Azimuth value: 247
		Pitch value: -14
		Roll value: 351
		Start timestamp: 1677663361267
		Finish timestamp: 1677663361416

	Sensor record
		Azimuth value: 239
		Pitch value: -37
		Roll value: 357
		Start timestamp: 1677663361417
		Finish timestamp: 1677663361637

	Sensor record
		Azimuth value: 240
		Pitch value: -49
		Roll value: 354
		Start timestamp: 1677663361638
		Finish timestamp: 1677663361791

	Sensor record
		Azimuth value: 240
		Pitch value: -41
		Roll value: 343
		Start timestamp: 1677663361792
		Finish timestamp: 1677663362012

	Sensor record
		Azimuth value: 257
		Pitch value: -32
		Roll value: 336
		Start timestamp: 1677663362013
		Finish timestamp: 1677663362161

	Sensor record
		Azimuth value: 276
		Pitch value: -25
		Roll value: 339
		Start timestamp: 1677663362162
		Finish timestamp: 1677663362386

	Sensor record
		Azimuth value: 280
		Pitch value: -14
		Roll value: 335
		Start timestamp: 1677663362387
		Finish timestamp: 1677663362539

	Sensor record
		Azimuth value: 282
		Pitch value: -12
		Roll value: 334
		Start timestamp: 1677663362540
		Finish timestamp: 1677663362760

	Sensor record
		Azimuth value: 283
		Pitch value: -11
		Roll value: 334
		Start timestamp: 1677663362761
		Finish timestamp: 1677663362910

	Sensor record
		Azimuth value: 281
		Pitch value: -16
		Roll value: 337
		Start timestamp: 1677663362911
		Finish timestamp: 1677663363135

	Sensor record
		Azimuth value: 278
		Pitch value: -23
		Roll value: 339
		Start timestamp: 1677663363136
		Finish timestamp: 1677663363285

	Sensor record
		Azimuth value: 278
		Pitch value: -27
		Roll value: 337
		Start timestamp: 1677663363286
		Finish timestamp: 1677663363509

	Sensor record
		Azimuth value: 275
		Pitch value: -24
		Roll value: 336
		Start timestamp: 1677663363510
		Finish timestamp: 1677663363659

	Sensor record
		Azimuth value: 275
		Pitch value: -18
		Roll value: 335
		Start timestamp: 1677663363660
		Finish timestamp: 1677663363885

	Sensor record
		Azimuth value: 282
		Pitch value: -22
		Roll value: 336
		Start timestamp: 1677663363886
		Finish timestamp: 1677663364033

	Sensor record
		Azimuth value: 294
		Pitch value: -23
		Roll value: 345
		Start timestamp: 1677663364034
		Finish timestamp: 1677663364258

	Sensor record
		Azimuth value: 284
		Pitch value: -23
		Roll value: 342
		Start timestamp: 1677663364259
		Finish timestamp: 1677663364413

	Sensor record
		Azimuth value: 301
		Pitch value: -29
		Roll value: 350
		Start timestamp: 1677663364414
		Finish timestamp: 1677663364709

	Sensor record
		Azimuth value: 309
		Pitch value: -30
		Roll value: 350
		Start timestamp: 1677663364710
		Finish timestamp: 1677663364848

	Sensor record
		Azimuth value: 314
		Pitch value: -32
		Roll value: 348
		Start timestamp: 1677663364849
		Finish timestamp: 1677663365099

	Sensor record
		Azimuth value: 315
		Pitch value: -34
		Roll value: 348
		Start timestamp: 1677663365100
		Finish timestamp: 1677663365193

	Sensor record
		Azimuth value: 316
		Pitch value: -36
		Roll value: 349
		Start timestamp: 1677663365194
		Finish timestamp: 1677663365444

	Sensor record
		Azimuth value: 315
		Pitch value: -37
		Roll value: 347
		Start timestamp: 1677663365445
		Finish timestamp: 1677663365539

	Sensor record
		Azimuth value: 316
		Pitch value: -38
		Roll value: 343
		Start timestamp: 1677663365540
		Finish timestamp: 1677663365757

	Sensor record
		Azimuth value: 320
		Pitch value: -38
		Roll value: 345
		Start timestamp: 1677663365758
		Finish timestamp: 1677663366003

	Sensor record
		Azimuth value: 315
		Pitch value: -36
		Roll value: 340
		Start timestamp: 1677663366004
		Finish timestamp: 1677663366196

	Sensor record
		Azimuth value: 319
		Pitch value: -35
		Roll value: 342
		Start timestamp: 1677663366197
		Finish timestamp: 1677663366449

	Sensor record
		Azimuth value: 327
		Pitch value: -36
		Roll value: 348
		Start timestamp: 1677663366450
		Finish timestamp: 1677663366618

	Sensor record
		Azimuth value: 340
		Pitch value: -44
		Roll value: 0
		Start timestamp: 1677663366619
		Finish timestamp: 1677663366785

	Sensor record
		Azimuth value: 341
		Pitch value: -49
		Roll value: 356
		Start timestamp: 1677663366786
		Finish timestamp: 1677663366991

	Sensor record
		Azimuth value: 343
		Pitch value: -49
		Roll value: 353
		Start timestamp: 1677663366992
		Finish timestamp: 1677663367211

	Sensor record
		Azimuth value: 339
		Pitch value: -42
		Roll value: 352
		Start timestamp: 1677663367212
		Finish timestamp: 1677663367423

	Sensor record
		Azimuth value: 330
		Pitch value: -36
		Roll value: 352
		Start timestamp: 1677663367424
		Finish timestamp: 1677663367600

	Sensor record
		Azimuth value: 332
		Pitch value: -26
		Roll value: 359
		Start timestamp: 1677663367601
		Finish timestamp: 1677663372886

	Sensor record
		Azimuth value: 60
		Pitch value: 0
		Roll value: 344
		Start timestamp: 1677663372887
		Finish timestamp: 1677663373099

	Sensor record
		Azimuth value: 325
		Pitch value: -36
		Roll value: 338
		Start timestamp: 1677663373100
		Finish timestamp: 1677663373239

	Sensor record
		Azimuth value: 327
		Pitch value: -31
		Roll value: 342
		Start timestamp: 1677663373240
		Finish timestamp: 1677663373465

	Sensor record
		Azimuth value: 330
		Pitch value: -25
		Roll value: 340
		Start timestamp: 1677663373466
		Finish timestamp: 1677663373615

	Sensor record
		Azimuth value: 337
		Pitch value: -27
		Roll value: 341
		Start timestamp: 1677663373616
		Finish timestamp: 1677663373841

	Sensor record
		Azimuth value: 339
		Pitch value: -33
		Roll value: 342
		Start timestamp: 1677663373842
		Finish timestamp: 1677663373988

	Sensor record
		Azimuth value: 336
		Pitch value: -35
		Roll value: 340
		Start timestamp: 1677663373989
		Finish timestamp: 1677663374324

	Sensor record
		Azimuth value: 331
		Pitch value: -37
		Roll value: 335
		Start timestamp: 1677663374325
		Finish timestamp: 1677663374389

	Sensor record
		Azimuth value: 332
		Pitch value: -34
		Roll value: 337
		Start timestamp: 1677663374390

