
LIST OF ALL LIFECYCLE RECORDS

	Lifecycle record
		On resume: False
		On pause: True
		Start timestamp: 1682254157520
		Finish timestamp: 1682254159161

	Lifecycle record
		On resume: True
		On pause: False
		Start timestamp: 1682254159162
		Finish timestamp: 1682254181654

	Lifecycle record
		On resume: False
		On pause: True
		Start timestamp: 1682254181655
		Finish timestamp: 1682254184755

	Lifecycle record
		On resume: True
		On pause: False
		Start timestamp: 1682254184756
		Finish timestamp: 1682254194139

	Lifecycle record
		On resume: False
		On pause: True
		Start timestamp: 1682254194140
		Finish timestamp: 1682254194737

	Lifecycle record
		On resume: True
		On pause: False
		Start timestamp: 1682254194738
		Finish timestamp: 1682254216285

	Lifecycle record
		On resume: False
		On pause: True
		Start timestamp: 1682254216286

