
LIST OF ALL CORRECTLY USED ALERTS

	Alert record
		Alert: True
		Start timestamp: 1682254064508
		Finish timestamp: 1682254128530

	Alert record
		Alert: False
		Start timestamp: 1682254128531
		Finish timestamp: 1682254129034

	Alert record
		Alert: True
		Start timestamp: 1682254129035
		Finish timestamp: 1682254131345

	Alert record
		Alert: False
		Start timestamp: 1682254131346
		Finish timestamp: 1682254131740

	Alert record
		Alert: True
		Start timestamp: 1682254131741
		Finish timestamp: 1682254134038

	Alert record
		Alert: False
		Start timestamp: 1682254134039
		Finish timestamp: 1682254134742

	Alert record
		Alert: True
		Start timestamp: 1682254134743
		Finish timestamp: 1682254136344

	Alert record
		Alert: False
		Start timestamp: 1682254136345
		Finish timestamp: 1682254136535

	Alert record
		Alert: True
		Start timestamp: 1682254136536
		Finish timestamp: 1682254139743

	Alert record
		Alert: False
		Start timestamp: 1682254139744
		Finish timestamp: 1682254140247

	Alert record
		Alert: True
		Start timestamp: 1682254140248
		Finish timestamp: 1682254140732

	Alert record
		Alert: False
		Start timestamp: 1682254140733
		Finish timestamp: 1682254141038

	Alert record
		Alert: True
		Start timestamp: 1682254141039
		Finish timestamp: 1682254141240

	Alert record
		Alert: False
		Start timestamp: 1682254141241
		Finish timestamp: 1682254141345

	Alert record
		Alert: True
		Start timestamp: 1682254141346
		Finish timestamp: 1682254153862

	Alert record
		Alert: False
		Start timestamp: 1682254153863
		Finish timestamp: 1682254154367

	Alert record
		Alert: True
		Start timestamp: 1682254154368
		Finish timestamp: 1682254159872

	Alert record
		Alert: False
		Start timestamp: 1682254159873
		Finish timestamp: 1682254160860

	Alert record
		Alert: True
		Start timestamp: 1682254160861
		Finish timestamp: 1682254162675

	Alert record
		Alert: False
		Start timestamp: 1682254162676
		Finish timestamp: 1682254162878

	Alert record
		Alert: True
		Start timestamp: 1682254162879
		Finish timestamp: 1682254163674

	Alert record
		Alert: False
		Start timestamp: 1682254163675
		Finish timestamp: 1682254163878

	Alert record
		Alert: True
		Start timestamp: 1682254163879
		Finish timestamp: 1682254164070

	Alert record
		Alert: False
		Start timestamp: 1682254164071
		Finish timestamp: 1682254167210

	Alert record
		Alert: True
		Start timestamp: 1682254167211
		Finish timestamp: 1682254169111

	Alert record
		Alert: False
		Start timestamp: 1682254169112
		Finish timestamp: 1682254171613

	Alert record
		Alert: True
		Start timestamp: 1682254171614
		Finish timestamp: 1682254172901

	Alert record
		Alert: False
		Start timestamp: 1682254172902
		Finish timestamp: 1682254173120

	Alert record
		Alert: True
		Start timestamp: 1682254173121
		Finish timestamp: 1682254174598

	Alert record
		Alert: False
		Start timestamp: 1682254174599
		Finish timestamp: 1682254174712

	Alert record
		Alert: True
		Start timestamp: 1682254174713
		Finish timestamp: 1682254176896

	Alert record
		Alert: False
		Start timestamp: 1682254176897
		Finish timestamp: 1682254179902

	Alert record
		Alert: True
		Start timestamp: 1682254179903
		Finish timestamp: 1682254186397

	Alert record
		Alert: False
		Start timestamp: 1682254186398
		Finish timestamp: 1682254186900

	Alert record
		Alert: True
		Start timestamp: 1682254186901
		Finish timestamp: 1682254187907

	Alert record
		Alert: False
		Start timestamp: 1682254187908
		Finish timestamp: 1682254188612

	Alert record
		Alert: True
		Start timestamp: 1682254188613
		Finish timestamp: 1682254210597

	Alert record
		Alert: False
		Start timestamp: 1682254210598
		Finish timestamp: 1682254210709

	Alert record
		Alert: True
		Start timestamp: 1682254210710

LIST OF ALL AZIMUTH ALERTS

	Alert record
		Alert: False
		Start timestamp: 1682254064508
		Finish timestamp: 1682254128530

	Alert record
		Alert: True
		Start timestamp: 1682254128531
		Finish timestamp: 1682254129034

	Alert record
		Alert: False
		Start timestamp: 1682254129035
		Finish timestamp: 1682254131534

	Alert record
		Alert: True
		Start timestamp: 1682254131535
		Finish timestamp: 1682254131740

	Alert record
		Alert: False
		Start timestamp: 1682254131741
		Finish timestamp: 1682254134038

	Alert record
		Alert: True
		Start timestamp: 1682254134039
		Finish timestamp: 1682254134742

	Alert record
		Alert: False
		Start timestamp: 1682254134743
		Finish timestamp: 1682254136344

	Alert record
		Alert: True
		Start timestamp: 1682254136345
		Finish timestamp: 1682254136535

	Alert record
		Alert: False
		Start timestamp: 1682254136536
		Finish timestamp: 1682254140732

	Alert record
		Alert: True
		Start timestamp: 1682254140733
		Finish timestamp: 1682254141038

	Alert record
		Alert: False
		Start timestamp: 1682254141039
		Finish timestamp: 1682254153862

	Alert record
		Alert: True
		Start timestamp: 1682254153863
		Finish timestamp: 1682254154367

	Alert record
		Alert: False
		Start timestamp: 1682254154368
		Finish timestamp: 1682254159872

	Alert record
		Alert: True
		Start timestamp: 1682254159873
		Finish timestamp: 1682254160860

	Alert record
		Alert: False
		Start timestamp: 1682254160861
		Finish timestamp: 1682254163674

	Alert record
		Alert: True
		Start timestamp: 1682254163675
		Finish timestamp: 1682254163878

	Alert record
		Alert: False
		Start timestamp: 1682254163879
		Finish timestamp: 1682254164070

	Alert record
		Alert: True
		Start timestamp: 1682254164071
		Finish timestamp: 1682254167210

	Alert record
		Alert: False
		Start timestamp: 1682254167211
		Finish timestamp: 1682254169111

	Alert record
		Alert: True
		Start timestamp: 1682254169112
		Finish timestamp: 1682254171613

	Alert record
		Alert: False
		Start timestamp: 1682254171614
		Finish timestamp: 1682254172901

	Alert record
		Alert: True
		Start timestamp: 1682254172902
		Finish timestamp: 1682254173120

	Alert record
		Alert: False
		Start timestamp: 1682254173121
		Finish timestamp: 1682254174598

	Alert record
		Alert: True
		Start timestamp: 1682254174599
		Finish timestamp: 1682254174712

	Alert record
		Alert: False
		Start timestamp: 1682254174713
		Finish timestamp: 1682254176896

	Alert record
		Alert: True
		Start timestamp: 1682254176897
		Finish timestamp: 1682254179902

	Alert record
		Alert: False
		Start timestamp: 1682254179903
		Finish timestamp: 1682254186397

	Alert record
		Alert: True
		Start timestamp: 1682254186398
		Finish timestamp: 1682254186900

	Alert record
		Alert: False
		Start timestamp: 1682254186901
		Finish timestamp: 1682254187907

	Alert record
		Alert: True
		Start timestamp: 1682254187908
		Finish timestamp: 1682254188612

	Alert record
		Alert: False
		Start timestamp: 1682254188613
		Finish timestamp: 1682254210597

	Alert record
		Alert: True
		Start timestamp: 1682254210598
		Finish timestamp: 1682254210709

	Alert record
		Alert: False
		Start timestamp: 1682254210710

LIST OF ALL PITCH ALERTS

	Alert record
		Alert: False
		Start timestamp: 1682254064508

LIST OF ALL ROLL ALERTS

	Alert record
		Alert: False
		Start timestamp: 1682254064508
		Finish timestamp: 1682254128846

	Alert record
		Alert: True
		Start timestamp: 1682254128847
		Finish timestamp: 1682254129034

	Alert record
		Alert: False
		Start timestamp: 1682254129035
		Finish timestamp: 1682254131345

	Alert record
		Alert: True
		Start timestamp: 1682254131346
		Finish timestamp: 1682254131534

	Alert record
		Alert: False
		Start timestamp: 1682254131535
		Finish timestamp: 1682254134039

	Alert record
		Alert: True
		Start timestamp: 1682254134040
		Finish timestamp: 1682254134343

	Alert record
		Alert: False
		Start timestamp: 1682254134344
		Finish timestamp: 1682254134541

	Alert record
		Alert: True
		Start timestamp: 1682254134542
		Finish timestamp: 1682254134742

	Alert record
		Alert: False
		Start timestamp: 1682254134743
		Finish timestamp: 1682254139743

	Alert record
		Alert: True
		Start timestamp: 1682254139744
		Finish timestamp: 1682254140247

	Alert record
		Alert: False
		Start timestamp: 1682254140248
		Finish timestamp: 1682254141240

	Alert record
		Alert: True
		Start timestamp: 1682254141241
		Finish timestamp: 1682254141345

	Alert record
		Alert: False
		Start timestamp: 1682254141346
		Finish timestamp: 1682254162675

	Alert record
		Alert: True
		Start timestamp: 1682254162676
		Finish timestamp: 1682254162878

	Alert record
		Alert: False
		Start timestamp: 1682254162879

