
LIST OF ALL SENSOR TEXT RECORDS

	Sensor record
		Azimuth value: north
		Pitch value: east
		Roll value: north
		Start timestamp: 1684054369433
		Finish timestamp: 1684054373855

	Sensor record
		Azimuth value: east
		Pitch value: north
		Roll value: north
		Start timestamp: 1684054373856
		Finish timestamp: 1684054373862

	Sensor record
		Azimuth value: north
		Pitch value: north
		Roll value: north
		Start timestamp: 1684054373863
		Finish timestamp: 1684054374459

	Sensor record
		Azimuth value: north
		Pitch value: north
		Roll value: west
		Start timestamp: 1684054374460
		Finish timestamp: 1684054374941

	Sensor record
		Azimuth value: north
		Pitch value: north
		Roll value: north
		Start timestamp: 1684054374942
		Finish timestamp: 1684054374993

	Sensor record
		Azimuth value: east
		Pitch value: north
		Roll value: north
		Start timestamp: 1684054374994
		Finish timestamp: 1684054375369

	Sensor record
		Azimuth value: northeast
		Pitch value: east
		Roll value: north
		Start timestamp: 1684054375370
		Finish timestamp: 1684054375652

	Sensor record
		Azimuth value: north
		Pitch value: east
		Roll value: north
		Start timestamp: 1684054375653

