
LIST OF ALL SENSOR NUMBER RECORDS

	Sensor record
		Azimuth value: 0
		Pitch value: -42
		Roll value: 0
		Start timestamp: 1677744722915
		Finish timestamp: 1677744722994

	Sensor record
		Azimuth value: 356
		Pitch value: -43
		Roll value: 358
		Start timestamp: 1677744722995
		Finish timestamp: 1677744723161

	Sensor record
		Azimuth value: 354
		Pitch value: -43
		Roll value: 358
		Start timestamp: 1677744723162
		Finish timestamp: 1677744723348

	Sensor record
		Azimuth value: 353
		Pitch value: -43
		Roll value: 359
		Start timestamp: 1677744723349
		Finish timestamp: 1677744723534

	Sensor record
		Azimuth value: 354
		Pitch value: -42
		Roll value: 2
		Start timestamp: 1677744723535
		Finish timestamp: 1677744723720

	Sensor record
		Azimuth value: 0
		Pitch value: -38
		Roll value: 7
		Start timestamp: 1677744723721
		Finish timestamp: 1677744723910

	Sensor record
		Azimuth value: 10
		Pitch value: -29
		Roll value: 13
		Start timestamp: 1677744723911
		Finish timestamp: 1677744724095

	Sensor record
		Azimuth value: 21
		Pitch value: -28
		Roll value: 9
		Start timestamp: 1677744724096
		Finish timestamp: 1677744724282

	Sensor record
		Azimuth value: 32
		Pitch value: -36
		Roll value: 8
		Start timestamp: 1677744724283
		Finish timestamp: 1677744724546

	Sensor record
		Azimuth value: 29
		Pitch value: -38
		Roll value: 7
		Start timestamp: 1677744724547
		Finish timestamp: 1677744724661

	Sensor record
		Azimuth value: 0
		Pitch value: -41
		Roll value: 0
		Start timestamp: 1677744724662
		Finish timestamp: 1677744724859

	Sensor record
		Azimuth value: 0
		Pitch value: -43
		Roll value: 1
		Start timestamp: 1677744724860
		Finish timestamp: 1677744725030

	Sensor record
		Azimuth value: 358
		Pitch value: -60
		Roll value: 349
		Start timestamp: 1677744725031
		Finish timestamp: 1677744725229

	Sensor record
		Azimuth value: 347
		Pitch value: -63
		Roll value: 334
		Start timestamp: 1677744725230
		Finish timestamp: 1677744725405

	Sensor record
		Azimuth value: 332
		Pitch value: -78
		Roll value: 313
		Start timestamp: 1677744725406
		Finish timestamp: 1677744725592

	Sensor record
		Azimuth value: 234
		Pitch value: -83
		Roll value: 215
		Start timestamp: 1677744725593
		Finish timestamp: 1677744725779

	Sensor record
		Azimuth value: 209
		Pitch value: -68
		Roll value: 183
		Start timestamp: 1677744725780
		Finish timestamp: 1677744725967

	Sensor record
		Azimuth value: 205
		Pitch value: -60
		Roll value: 177
		Start timestamp: 1677744725968
		Finish timestamp: 1677744726154

	Sensor record
		Azimuth value: 234
		Pitch value: -77
		Roll value: 209
		Start timestamp: 1677744726155
		Finish timestamp: 1677744726381

	Sensor record
		Azimuth value: 350
		Pitch value: -65
		Roll value: 347
		Start timestamp: 1677744726382
		Finish timestamp: 1677744726567

	Sensor record
		Azimuth value: 334
		Pitch value: -29
		Roll value: 0
		Start timestamp: 1677744726568
		Finish timestamp: 1677744726753

	Sensor record
		Azimuth value: 320
		Pitch value: -25
		Roll value: 0
		Start timestamp: 1677744726754
		Finish timestamp: 1677744726959

	Sensor record
		Azimuth value: 327
		Pitch value: -27
		Roll value: 358
		Start timestamp: 1677744726960
		Finish timestamp: 1677744727198

	Sensor record
		Azimuth value: 331
		Pitch value: -32
		Roll value: 357
		Start timestamp: 1677744727199
		Finish timestamp: 1677744727322

	Sensor record
		Azimuth value: 326
		Pitch value: -32
		Roll value: 357
		Start timestamp: 1677744727323
		Finish timestamp: 1677744727466

	Sensor record
		Azimuth value: 327
		Pitch value: -26
		Roll value: 1
		Start timestamp: 1677744727467
		Finish timestamp: 1677744727694

	Sensor record
		Azimuth value: 332
		Pitch value: -25
		Roll value: 4
		Start timestamp: 1677744727695
		Finish timestamp: 1677744729251

	Sensor record
		Azimuth value: 322
		Pitch value: 0
		Roll value: 353
		Start timestamp: 1677744729252
		Finish timestamp: 1677744729475

	Sensor record
		Azimuth value: 247
		Pitch value: -20
		Roll value: 5
		Start timestamp: 1677744729476
		Finish timestamp: 1677744729655

	Sensor record
		Azimuth value: 238
		Pitch value: -22
		Roll value: 1
		Start timestamp: 1677744729656
		Finish timestamp: 1677744729886

	Sensor record
		Azimuth value: 238
		Pitch value: -27
		Roll value: 1
		Start timestamp: 1677744729887
		Finish timestamp: 1677744730068

	Sensor record
		Azimuth value: 229
		Pitch value: -32
		Roll value: 359
		Start timestamp: 1677744730069
		Finish timestamp: 1677744730257

	Sensor record
		Azimuth value: 231
		Pitch value: -40
		Roll value: 3
		Start timestamp: 1677744730258
		Finish timestamp: 1677744730369

	Sensor record
		Azimuth value: 231
		Pitch value: -40
		Roll value: 7
		Start timestamp: 1677744730370
		Finish timestamp: 1677744730572

	Sensor record
		Azimuth value: 222
		Pitch value: -41
		Roll value: 1
		Start timestamp: 1677744730573

