
LIST OF ALL SENSOR TEXT RECORDS

	Sensor record
		Azimuth value: north
		Pitch value: east
		Roll value: north
		Start timestamp: 1677744722914
		Finish timestamp: 1677744724660

	Sensor record
		Azimuth value: north
		Pitch value: east
		Roll value: north
		Start timestamp: 1677744724661
		Finish timestamp: 1677744725030

	Sensor record
		Azimuth value: north
		Pitch value: north
		Roll value: north
		Start timestamp: 1677744725031
		Finish timestamp: 1677744725407

	Sensor record
		Azimuth value: north
		Pitch value: north
		Roll value: west
		Start timestamp: 1677744725408
		Finish timestamp: 1677744725593

	Sensor record
		Azimuth value: west
		Pitch value: north
		Roll value: south
		Start timestamp: 1677744725594
		Finish timestamp: 1677744725780

	Sensor record
		Azimuth value: south
		Pitch value: north
		Roll value: south
		Start timestamp: 1677744725781
		Finish timestamp: 1677744726155

	Sensor record
		Azimuth value: west
		Pitch value: north
		Roll value: south
		Start timestamp: 1677744726156
		Finish timestamp: 1677744726382

	Sensor record
		Azimuth value: north
		Pitch value: north
		Roll value: north
		Start timestamp: 1677744726383
		Finish timestamp: 1677744726568

	Sensor record
		Azimuth value: north
		Pitch value: east
		Roll value: north
		Start timestamp: 1677744726569
		Finish timestamp: 1677744729477

	Sensor record
		Azimuth value: west
		Pitch value: east
		Roll value: north
		Start timestamp: 1677744729478
		Finish timestamp: 1677744730574

	Sensor record
		Azimuth value: south
		Pitch value: east
		Roll value: north
		Start timestamp: 1677744730575

