
LIST OF ALL SENSOR NUMBER RECORDS

	Sensor record
		Azimuth value: 0
		Pitch value: -37
		Roll value: 0
		Start timestamp: 1685713152868
		Finish timestamp: 1685713153042

	Sensor record
		Azimuth value: 359
		Pitch value: -36
		Roll value: 0
		Start timestamp: 1685713153043
		Finish timestamp: 1685713153242

	Sensor record
		Azimuth value: 359
		Pitch value: -35
		Roll value: 359
		Start timestamp: 1685713153243
		Finish timestamp: 1685713153243

	Sensor record
		Azimuth value: 358
		Pitch value: -36
		Roll value: 359
		Start timestamp: 1685713153244
		Finish timestamp: 1685713153445

	Sensor record
		Azimuth value: 358
		Pitch value: -36
		Roll value: 0
		Start timestamp: 1685713153446
		Finish timestamp: 1685713153646

	Sensor record
		Azimuth value: 358
		Pitch value: -37
		Roll value: 0
		Start timestamp: 1685713153647
		Finish timestamp: 1685713154050

	Sensor record
		Azimuth value: 358
		Pitch value: -35
		Roll value: 0
		Start timestamp: 1685713154051
		Finish timestamp: 1685713154051

	Sensor record
		Azimuth value: 358
		Pitch value: -34
		Roll value: 0
		Start timestamp: 1685713154052
		Finish timestamp: 1685713154251

	Sensor record
		Azimuth value: 359
		Pitch value: -34
		Roll value: 0
		Start timestamp: 1685713154252
		Finish timestamp: 1685713154453

	Sensor record
		Azimuth value: 359
		Pitch value: -33
		Roll value: 0
		Start timestamp: 1685713154454
		Finish timestamp: 1685713154655

	Sensor record
		Azimuth value: 359
		Pitch value: -33
		Roll value: 1
		Start timestamp: 1685713154656
		Finish timestamp: 1685713155261

	Sensor record
		Azimuth value: 358
		Pitch value: -33
		Roll value: 1
		Start timestamp: 1685713155262
		Finish timestamp: 1685713156674

	Sensor record
		Azimuth value: 358
		Pitch value: -34
		Roll value: 1
		Start timestamp: 1685713156675
		Finish timestamp: 1685713156873

	Sensor record
		Azimuth value: 357
		Pitch value: -34
		Roll value: 1
		Start timestamp: 1685713156874
		Finish timestamp: 1685713157277

	Sensor record
		Azimuth value: 358
		Pitch value: -34
		Roll value: 1
		Start timestamp: 1685713157278
		Finish timestamp: 1685713157278

	Sensor record
		Azimuth value: 358
		Pitch value: -33
		Roll value: 2
		Start timestamp: 1685713157279
		Finish timestamp: 1685713157481

	Sensor record
		Azimuth value: 357
		Pitch value: -34
		Roll value: 2
		Start timestamp: 1685713157482
		Finish timestamp: 1685713158285

	Sensor record
		Azimuth value: 357
		Pitch value: -34
		Roll value: 1
		Start timestamp: 1685713158286
		Finish timestamp: 1685713158704

	Sensor record
		Azimuth value: 357
		Pitch value: -34
		Roll value: 2
		Start timestamp: 1685713158705
		Finish timestamp: 1685713159497

	Sensor record
		Azimuth value: 357
		Pitch value: -33
		Roll value: 2
		Start timestamp: 1685713159498
		Finish timestamp: 1685713159899

	Sensor record
		Azimuth value: 357
		Pitch value: -33
		Roll value: 3
		Start timestamp: 1685713159900
		Finish timestamp: 1685713160101

	Sensor record
		Azimuth value: 357
		Pitch value: -34
		Roll value: 3
		Start timestamp: 1685713160102
		Finish timestamp: 1685713160909

	Sensor record
		Azimuth value: 357
		Pitch value: -34
		Roll value: 4
		Start timestamp: 1685713160910
		Finish timestamp: 1685713162320

	Sensor record
		Azimuth value: 358
		Pitch value: -34
		Roll value: 4
		Start timestamp: 1685713162321
		Finish timestamp: 1685713162525

	Sensor record
		Azimuth value: 358
		Pitch value: -34
		Roll value: 5
		Start timestamp: 1685713162526
		Finish timestamp: 1685713162724

	Sensor record
		Azimuth value: 357
		Pitch value: -34
		Roll value: 5
		Start timestamp: 1685713162725
		Finish timestamp: 1685713162924

	Sensor record
		Azimuth value: 357
		Pitch value: -34
		Roll value: 4
		Start timestamp: 1685713162925
		Finish timestamp: 1685713163126

	Sensor record
		Azimuth value: 357
		Pitch value: -34
		Roll value: 5
		Start timestamp: 1685713163127
		Finish timestamp: 1685713163328

	Sensor record
		Azimuth value: 357
		Pitch value: -34
		Roll value: 4
		Start timestamp: 1685713163329
		Finish timestamp: 1685713163732

	Sensor record
		Azimuth value: 357
		Pitch value: -34
		Roll value: 5
		Start timestamp: 1685713163733
		Finish timestamp: 1685713163933

	Sensor record
		Azimuth value: 357
		Pitch value: -34
		Roll value: 4
		Start timestamp: 1685713163934
		Finish timestamp: 1685713164338

	Sensor record
		Azimuth value: 357
		Pitch value: -34
		Roll value: 5
		Start timestamp: 1685713164339
		Finish timestamp: 1685713164740

	Sensor record
		Azimuth value: 357
		Pitch value: -34
		Roll value: 4
		Start timestamp: 1685713164741
		Finish timestamp: 1685713165748

	Sensor record
		Azimuth value: 357
		Pitch value: -33
		Roll value: 4
		Start timestamp: 1685713165749
		Finish timestamp: 1685713166153

	Sensor record
		Azimuth value: 357
		Pitch value: -33
		Roll value: 5
		Start timestamp: 1685713166154
		Finish timestamp: 1685713166959

	Sensor record
		Azimuth value: 358
		Pitch value: -33
		Roll value: 5
		Start timestamp: 1685713166960
		Finish timestamp: 1685713167771

	Sensor record
		Azimuth value: 357
		Pitch value: -33
		Roll value: 5
		Start timestamp: 1685713167772
		Finish timestamp: 1685713168372

	Sensor record
		Azimuth value: 357
		Pitch value: -33
		Roll value: 6
		Start timestamp: 1685713168373
		Finish timestamp: 1685713168575

	Sensor record
		Azimuth value: 358
		Pitch value: -33
		Roll value: 6
		Start timestamp: 1685713168576
		Finish timestamp: 1685713169582

	Sensor record
		Azimuth value: 358
		Pitch value: -33
		Roll value: 7
		Start timestamp: 1685713169583
		Finish timestamp: 1685713170188

	Sensor record
		Azimuth value: 358
		Pitch value: -33
		Roll value: 8
		Start timestamp: 1685713170189
		Finish timestamp: 1685713170189

	Sensor record
		Azimuth value: 357
		Pitch value: -33
		Roll value: 8
		Start timestamp: 1685713170190

