
LIST OF ALL SENSOR TEXT RECORDS

	Sensor record
		Azimuth value: north
		Pitch value: east
		Roll value: north
		Start timestamp: 1684053260193
		Finish timestamp: 1684053311380

	Sensor record
		Azimuth value: north
		Pitch value: north
		Roll value: north
		Start timestamp: 1684053311381
		Finish timestamp: 1684053311385

	Sensor record
		Azimuth value: west
		Pitch value: north
		Roll value: west
		Start timestamp: 1684053311386
		Finish timestamp: 1684053311586

	Sensor record
		Azimuth value: north
		Pitch value: east
		Roll value: north
		Start timestamp: 1684053311587
		Finish timestamp: 1684053311783

	Sensor record
		Azimuth value: west
		Pitch value: east
		Roll value: north
		Start timestamp: 1684053311784
		Finish timestamp: 1684053312590

	Sensor record
		Azimuth value: north
		Pitch value: east
		Roll value: north
		Start timestamp: 1684053312591
		Finish timestamp: 1684053312793

	Sensor record
		Azimuth value: west
		Pitch value: east
		Roll value: north
		Start timestamp: 1684053312794
		Finish timestamp: 1684053313006

	Sensor record
		Azimuth value: north
		Pitch value: east
		Roll value: north
		Start timestamp: 1684053313007
		Finish timestamp: 1684053313196

	Sensor record
		Azimuth value: north
		Pitch value: east
		Roll value: east
		Start timestamp: 1684053313197
		Finish timestamp: 1684053313801

	Sensor record
		Azimuth value: west
		Pitch value: east
		Roll value: north
		Start timestamp: 1684053313802
		Finish timestamp: 1684053313806

	Sensor record
		Azimuth value: north
		Pitch value: east
		Roll value: north
		Start timestamp: 1684053313807
		Finish timestamp: 1684053319852

	Sensor record
		Azimuth value: north
		Pitch value: north
		Roll value: north
		Start timestamp: 1684053319853
		Finish timestamp: 1684053320055

	Sensor record
		Azimuth value: west
		Pitch value: north
		Roll value: west
		Start timestamp: 1684053320056
		Finish timestamp: 1684053320261

	Sensor record
		Azimuth value: west
		Pitch value: east
		Roll value: north
		Start timestamp: 1684053320262
		Finish timestamp: 1684053321264

	Sensor record
		Azimuth value: north
		Pitch value: east
		Roll value: north
		Start timestamp: 1684053321265
		Finish timestamp: 1684053321466

	Sensor record
		Azimuth value: west
		Pitch value: east
		Roll value: east
		Start timestamp: 1684053321467
		Finish timestamp: 1684053321872

	Sensor record
		Azimuth value: west
		Pitch value: east
		Roll value: north
		Start timestamp: 1684053321873
		Finish timestamp: 1684053323488

	Sensor record
		Azimuth value: north
		Pitch value: east
		Roll value: north
		Start timestamp: 1684053323489
		Finish timestamp: 1684053324291

	Sensor record
		Azimuth value: west
		Pitch value: east
		Roll value: north
		Start timestamp: 1684053324292
		Finish timestamp: 1684053324692

	Sensor record
		Azimuth value: west
		Pitch value: north
		Roll value: north
		Start timestamp: 1684053324693
		Finish timestamp: 1684053325105

	Sensor record
		Azimuth value: north
		Pitch value: north
		Roll value: north
		Start timestamp: 1684053325106
		Finish timestamp: 1684053325499

	Sensor record
		Azimuth value: north
		Pitch value: east
		Roll value: north
		Start timestamp: 1684053325500
		Finish timestamp: 1684053325903

	Sensor record
		Azimuth value: northwest
		Pitch value: north
		Roll value: north
		Start timestamp: 1684053325904
		Finish timestamp: 1684053325912

	Sensor record
		Azimuth value: west
		Pitch value: north
		Roll value: north
		Start timestamp: 1684053325913
		Finish timestamp: 1684053328524

	Sensor record
		Azimuth value: west
		Pitch value: east
		Roll value: north
		Start timestamp: 1684053328525
		Finish timestamp: 1684053329130

	Sensor record
		Azimuth value: west
		Pitch value: north
		Roll value: north
		Start timestamp: 1684053329131
		Finish timestamp: 1684053331347

	Sensor record
		Azimuth value: west
		Pitch value: east
		Roll value: north
		Start timestamp: 1684053331348
		Finish timestamp: 1684053331754

	Sensor record
		Azimuth value: west
		Pitch value: east
		Roll value: east
		Start timestamp: 1684053331755
		Finish timestamp: 1684053331953

	Sensor record
		Azimuth value: north
		Pitch value: east
		Roll value: east
		Start timestamp: 1684053331954
		Finish timestamp: 1684053332361

	Sensor record
		Azimuth value: north
		Pitch value: north
		Roll value: south
		Start timestamp: 1684053332362
		Finish timestamp: 1684053332386

	Sensor record
		Azimuth value: east
		Pitch value: north
		Roll value: south
		Start timestamp: 1684053332387
		Finish timestamp: 1684053332759

	Sensor record
		Azimuth value: east
		Pitch value: west
		Roll value: south
		Start timestamp: 1684053332760
		Finish timestamp: 1684053332961

	Sensor record
		Azimuth value: north
		Pitch value: north
		Roll value: south
		Start timestamp: 1684053332962
		Finish timestamp: 1684053333163

	Sensor record
		Azimuth value: west
		Pitch value: north
		Roll value: east
		Start timestamp: 1684053333164
		Finish timestamp: 1684053333364

	Sensor record
		Azimuth value: northwest
		Pitch value: north
		Roll value: east
		Start timestamp: 1684053333365
		Finish timestamp: 1684053333568

	Sensor record
		Azimuth value: west
		Pitch value: north
		Roll value: north
		Start timestamp: 1684053333569
		Finish timestamp: 1684053333978

	Sensor record
		Azimuth value: north
		Pitch value: north
		Roll value: east
		Start timestamp: 1684053333979
		Finish timestamp: 1684053334802

	Sensor record
		Azimuth value: east
		Pitch value: north
		Roll value: south
		Start timestamp: 1684053334803
		Finish timestamp: 1684053334979

	Sensor record
		Azimuth value: east
		Pitch value: west
		Roll value: south
		Start timestamp: 1684053334980
		Finish timestamp: 1684053335583

	Sensor record
		Azimuth value: north
		Pitch value: west
		Roll value: south
		Start timestamp: 1684053335584
		Finish timestamp: 1684053336391

	Sensor record
		Azimuth value: north
		Pitch value: north
		Roll value: south
		Start timestamp: 1684053336392
		Finish timestamp: 1684053336793

	Sensor record
		Azimuth value: west
		Pitch value: north
		Roll value: east
		Start timestamp: 1684053336794
		Finish timestamp: 1684053337602

	Sensor record
		Azimuth value: west
		Pitch value: east
		Roll value: north
		Start timestamp: 1684053337603
		Finish timestamp: 1684053338007

	Sensor record
		Azimuth value: north
		Pitch value: east
		Roll value: north
		Start timestamp: 1684053338008
		Finish timestamp: 1684053339415

	Sensor record
		Azimuth value: north
		Pitch value: east
		Roll value: east
		Start timestamp: 1684053339416
		Finish timestamp: 1684053339616

	Sensor record
		Azimuth value: north
		Pitch value: east
		Roll value: north
		Start timestamp: 1684053339617
		Finish timestamp: 1684053339621

	Sensor record
		Azimuth value: north
		Pitch value: north
		Roll value: north
		Start timestamp: 1684053339622
		Finish timestamp: 1684053339819

	Sensor record
		Azimuth value: west
		Pitch value: north
		Roll value: north
		Start timestamp: 1684053339820
		Finish timestamp: 1684053340424

	Sensor record
		Azimuth value: north
		Pitch value: north
		Roll value: east
		Start timestamp: 1684053340425
		Finish timestamp: 1684053340828

	Sensor record
		Azimuth value: north
		Pitch value: north
		Roll value: south
		Start timestamp: 1684053340829
		Finish timestamp: 1684053341230

	Sensor record
		Azimuth value: north
		Pitch value: west
		Roll value: south
		Start timestamp: 1684053341231
		Finish timestamp: 1684053341235

	Sensor record
		Azimuth value: north
		Pitch value: north
		Roll value: south
		Start timestamp: 1684053341236
		Finish timestamp: 1684053341433

	Sensor record
		Azimuth value: west
		Pitch value: north
		Roll value: northeast
		Start timestamp: 1684053341434
		Finish timestamp: 1684053341635

	Sensor record
		Azimuth value: north
		Pitch value: east
		Roll value: north
		Start timestamp: 1684053341636
		Finish timestamp: 1684053341848

	Sensor record
		Azimuth value: northwest
		Pitch value: east
		Roll value: north
		Start timestamp: 1684053341849
		Finish timestamp: 1684053342038

	Sensor record
		Azimuth value: west
		Pitch value: east
		Roll value: north
		Start timestamp: 1684053342039
		Finish timestamp: 1684053342240

	Sensor record
		Azimuth value: west
		Pitch value: east
		Roll value: east
		Start timestamp: 1684053342241
		Finish timestamp: 1684053342460

	Sensor record
		Azimuth value: north
		Pitch value: east
		Roll value: east
		Start timestamp: 1684053342461
		Finish timestamp: 1684053342642

	Sensor record
		Azimuth value: west
		Pitch value: east
		Roll value: east
		Start timestamp: 1684053342643
		Finish timestamp: 1684053342845

	Sensor record
		Azimuth value: north
		Pitch value: east
		Roll value: east
		Start timestamp: 1684053342846
		Finish timestamp: 1684053342860

	Sensor record
		Azimuth value: east
		Pitch value: north
		Roll value: south
		Start timestamp: 1684053342861
		Finish timestamp: 1684053343246

	Sensor record
		Azimuth value: east
		Pitch value: west
		Roll value: south
		Start timestamp: 1684053343247
		Finish timestamp: 1684053343651

	Sensor record
		Azimuth value: north
		Pitch value: west
		Roll value: south
		Start timestamp: 1684053343652
		Finish timestamp: 1684053343854

	Sensor record
		Azimuth value: north
		Pitch value: west
		Roll value: east
		Start timestamp: 1684053343855
		Finish timestamp: 1684053344053

	Sensor record
		Azimuth value: west
		Pitch value: west
		Roll value: east
		Start timestamp: 1684053344054
		Finish timestamp: 1684053344256

	Sensor record
		Azimuth value: west
		Pitch value: northeast
		Roll value: north
		Start timestamp: 1684053344257
		Finish timestamp: 1684053344458

	Sensor record
		Azimuth value: west
		Pitch value: east
		Roll value: north
		Start timestamp: 1684053344459
		Finish timestamp: 1684053344660

	Sensor record
		Azimuth value: north
		Pitch value: east
		Roll value: north
		Start timestamp: 1684053344661
		Finish timestamp: 1684053351234

	Sensor record
		Azimuth value: north
		Pitch value: north
		Roll value: north
		Start timestamp: 1684053351235
		Finish timestamp: 1684053351438

	Sensor record
		Azimuth value: north
		Pitch value: north
		Roll value: east
		Start timestamp: 1684053351439
		Finish timestamp: 1684053351841

	Sensor record
		Azimuth value: north
		Pitch value: north
		Roll value: south
		Start timestamp: 1684053351842
		Finish timestamp: 1684053352041

	Sensor record
		Azimuth value: north
		Pitch value: west
		Roll value: south
		Start timestamp: 1684053352042
		Finish timestamp: 1684053352848

	Sensor record
		Azimuth value: north
		Pitch value: west
		Roll value: east
		Start timestamp: 1684053352849
		Finish timestamp: 1684053353048

	Sensor record
		Azimuth value: west
		Pitch value: east
		Roll value: north
		Start timestamp: 1684053353049
		Finish timestamp: 1684053354462

	Sensor record
		Azimuth value: northwest
		Pitch value: east
		Roll value: north
		Start timestamp: 1684053354463
		Finish timestamp: 1684053354873

	Sensor record
		Azimuth value: north
		Pitch value: east
		Roll value: north
		Start timestamp: 1684053354874
		Finish timestamp: 1684053357286

	Sensor record
		Azimuth value: west
		Pitch value: east
		Roll value: north
		Start timestamp: 1684053357287
		Finish timestamp: 1684053357294

	Sensor record
		Azimuth value: west
		Pitch value: northeast
		Roll value: north
		Start timestamp: 1684053357295
		Finish timestamp: 1684053357486

	Sensor record
		Azimuth value: west
		Pitch value: north
		Roll value: north
		Start timestamp: 1684053357487
		Finish timestamp: 1684053357890

	Sensor record
		Azimuth value: north
		Pitch value: north
		Roll value: east
		Start timestamp: 1684053357891
		Finish timestamp: 1684053358494

	Sensor record
		Azimuth value: north
		Pitch value: east
		Roll value: north
		Start timestamp: 1684053358495
		Finish timestamp: 1684053358696

	Sensor record
		Azimuth value: west
		Pitch value: east
		Roll value: east
		Start timestamp: 1684053358697
		Finish timestamp: 1684053358911

	Sensor record
		Azimuth value: north
		Pitch value: east
		Roll value: east
		Start timestamp: 1684053358912
		Finish timestamp: 1684053359705

	Sensor record
		Azimuth value: north
		Pitch value: east
		Roll value: north
		Start timestamp: 1684053359706
		Finish timestamp: 1684053359712

	Sensor record
		Azimuth value: north
		Pitch value: north
		Roll value: north
		Start timestamp: 1684053359713
		Finish timestamp: 1684053359908

	Sensor record
		Azimuth value: west
		Pitch value: north
		Roll value: north
		Start timestamp: 1684053359909
		Finish timestamp: 1684053360512

	Sensor record
		Azimuth value: west
		Pitch value: north
		Roll value: west
		Start timestamp: 1684053360513
		Finish timestamp: 1684053360519

	Sensor record
		Azimuth value: west
		Pitch value: north
		Roll value: north
		Start timestamp: 1684053360520
		Finish timestamp: 1684053360716

	Sensor record
		Azimuth value: east
		Pitch value: north
		Roll value: south
		Start timestamp: 1684053360717
		Finish timestamp: 1684053361119

	Sensor record
		Azimuth value: east
		Pitch value: west
		Roll value: south
		Start timestamp: 1684053361120
		Finish timestamp: 1684053361722

	Sensor record
		Azimuth value: north
		Pitch value: north
		Roll value: south
		Start timestamp: 1684053361723
		Finish timestamp: 1684053361925

	Sensor record
		Azimuth value: north
		Pitch value: north
		Roll value: east
		Start timestamp: 1684053361926
		Finish timestamp: 1684053362130

	Sensor record
		Azimuth value: west
		Pitch value: east
		Roll value: north
		Start timestamp: 1684053362131
		Finish timestamp: 1684053362531

	Sensor record
		Azimuth value: west
		Pitch value: east
		Roll value: east
		Start timestamp: 1684053362532
		Finish timestamp: 1684053362933

	Sensor record
		Azimuth value: east
		Pitch value: east
		Roll value: west
		Start timestamp: 1684053362934
		Finish timestamp: 1684053363539

	Sensor record
		Azimuth value: east
		Pitch value: west
		Roll value: south
		Start timestamp: 1684053363540
		Finish timestamp: 1684053363739

	Sensor record
		Azimuth value: north
		Pitch value: west
		Roll value: south
		Start timestamp: 1684053363740
		Finish timestamp: 1684053363942

	Sensor record
		Azimuth value: north
		Pitch value: west
		Roll value: east
		Start timestamp: 1684053363943
		Finish timestamp: 1684053364546

	Sensor record
		Azimuth value: north
		Pitch value: east
		Roll value: north
		Start timestamp: 1684053364547
		Finish timestamp: 1684053364567

	Sensor record
		Azimuth value: northwest
		Pitch value: north
		Roll value: north
		Start timestamp: 1684053364568
		Finish timestamp: 1684053364754

	Sensor record
		Azimuth value: north
		Pitch value: north
		Roll value: north
		Start timestamp: 1684053364755
		Finish timestamp: 1684053365363

	Sensor record
		Azimuth value: north
		Pitch value: north
		Roll value: east
		Start timestamp: 1684053365364
		Finish timestamp: 1684053366362

	Sensor record
		Azimuth value: east
		Pitch value: north
		Roll value: south
		Start timestamp: 1684053366363
		Finish timestamp: 1684053366562

	Sensor record
		Azimuth value: east
		Pitch value: west
		Roll value: south
		Start timestamp: 1684053366563
		Finish timestamp: 1684053366771

	Sensor record
		Azimuth value: north
		Pitch value: west
		Roll value: south
		Start timestamp: 1684053366772
		Finish timestamp: 1684053367571

	Sensor record
		Azimuth value: west
		Pitch value: west
		Roll value: east
		Start timestamp: 1684053367572
		Finish timestamp: 1684053367773

	Sensor record
		Azimuth value: west
		Pitch value: east
		Roll value: north
		Start timestamp: 1684053367774
		Finish timestamp: 1684053368380

	Sensor record
		Azimuth value: west
		Pitch value: north
		Roll value: north
		Start timestamp: 1684053368381
		Finish timestamp: 1684053368984

	Sensor record
		Azimuth value: north
		Pitch value: east
		Roll value: north
		Start timestamp: 1684053368985
		Finish timestamp: 1684053370237

	Sensor record
		Azimuth value: north
		Pitch value: north
		Roll value: north
		Start timestamp: 1684053370238

