
LIST OF ALL SENSOR TEXT RECORDS

	Sensor record
		Azimuth value: north
		Pitch value: east
		Roll value: north
		Start timestamp: 1682863019150
		Finish timestamp: 1682863023371

	Sensor record
		Azimuth value: north
		Pitch value: northeast
		Roll value: north
		Start timestamp: 1682863023372
		Finish timestamp: 1682863023376

	Sensor record
		Azimuth value: north
		Pitch value: north
		Roll value: north
		Start timestamp: 1682863023377
		Finish timestamp: 1682863024204

	Sensor record
		Azimuth value: west
		Pitch value: north
		Roll value: west
		Start timestamp: 1682863024205
		Finish timestamp: 1682863024380

	Sensor record
		Azimuth value: south
		Pitch value: north
		Roll value: south
		Start timestamp: 1682863024381
		Finish timestamp: 1682863025187

	Sensor record
		Azimuth value: north
		Pitch value: north
		Roll value: north
		Start timestamp: 1682863025188
		Finish timestamp: 1682863025595

	Sensor record
		Azimuth value: north
		Pitch value: east
		Roll value: north
		Start timestamp: 1682863025596

