
ANALYSIS OF ALL INSTRUCTIONS

	Instruction
		Name: clock_gettime
		Minimum duration: 180
		Maximum duration: 12475
		Average duration: 906.1753112033196
		Variance: 773583.6373157746
		Number measurements: 1928
		List measurements: [242, 289, 293, 292, 191, 391, 256, 230, 191, 180, 237, 228, 240, 209, 197, 247, 210, 193, 317, 296, 222, 344, 294, 202, 321, 339, 3805, 733, 675, 1162, 757, 968, 924, 3533, 615, 1070, 776, 852, 2094, 766, 523, 658, 643, 847, 1034, 798, 1474, 987, 1038, 635, 577, 533, 607, 633, 1217, 531, 523, 1051, 662, 821, 690, 666, 683, 690, 1526, 1577, 768, 525, 575, 579, 578, 764, 1791, 685, 669, 605, 572, 268, 1502, 727, 1370, 966, 789, 2120, 1710, 809, 699, 803, 680, 557, 233, 258, 241, 208, 302, 197, 272, 220, 301, 588, 707, 609, 763, 563, 1634, 775, 776, 725, 751, 768, 613, 818, 760, 586, 527, 729, 2179, 733, 600, 656, 548, 593, 1547, 842, 750, 719, 762, 579, 544, 2818, 1398, 1109, 658, 667, 632, 741, 930, 686, 777, 736, 662, 592, 776, 819, 798, 1341, 761, 820, 1013, 705, 558, 614, 596, 6741, 590, 544, 490, 2396, 780, 988, 726, 674, 1017, 830, 861, 598, 604, 748, 690, 556, 469, 549, 556, 464, 571, 677, 546, 621, 571, 511, 616, 607, 1629, 1108, 1951, 669, 900, 515, 616, 535, 598, 796, 744, 980, 888, 616, 3293, 1162, 1120, 4872, 1236, 1293, 604, 580, 662, 493, 585, 746, 613, 613, 1033, 1635, 498, 612, 597, 706, 758, 626, 546, 835, 656, 658, 533, 738, 654, 555, 643, 706, 1290, 912, 605, 570, 715, 675, 961, 837, 484, 695, 619, 901, 666, 821, 652, 1236, 632, 864, 1273, 757, 756, 797, 971, 4045, 769, 647, 814, 732, 687, 657, 1033, 580, 479, 1356, 677, 839, 660, 554, 669, 396, 553, 567, 618, 518, 865, 585, 473, 579, 557, 559, 477, 828, 588, 486, 566, 610, 556, 474, 1070, 755, 737, 645, 618, 562, 721, 801, 646, 712, 716, 1027, 779, 744, 4352, 1033, 772, 827, 712, 918, 858, 702, 582, 577, 561, 487, 555, 548, 1046, 598, 583, 557, 966, 597, 511, 570, 1273, 861, 652, 796, 704, 779, 613, 568, 527, 638, 903, 481, 806, 757, 1318, 675, 661, 855, 550, 648, 679, 593, 555, 632, 852, 775, 540, 595, 610, 670, 903, 1598, 688, 672, 1318, 495, 1087, 588, 2000, 640, 893, 612, 558, 786, 739, 643, 345, 278, 669, 196, 1664, 498, 1745, 685, 626, 815, 747, 877, 953, 851, 690, 872, 626, 788, 969, 922, 544, 1353, 1145, 1371, 909, 867, 718, 794, 452, 493, 1772, 551, 841, 854, 1448, 502, 554, 1371, 1420, 2445, 617, 903, 587, 705, 899, 771, 454, 563, 554, 677, 460, 561, 599, 4209, 481, 444, 441, 762, 489, 452, 404, 408, 399, 1348, 653, 519, 456, 1066, 522, 545, 513, 925, 581, 1931, 531, 1999, 742, 499, 656, 560, 561, 538, 474, 536, 553, 475, 543, 852, 681, 688, 3035, 4679, 607, 716, 853, 531, 497, 951, 594, 563, 508, 540, 1130, 519, 593, 600, 607, 558, 468, 551, 1046, 904, 532, 725, 1184, 777, 625, 932, 759, 628, 665, 568, 695, 1132, 589, 564, 664, 630, 673, 651, 572, 611, 490, 662, 929, 761, 875, 474, 502, 465, 673, 656, 495, 581, 597, 571, 741, 505, 537, 770, 511, 468, 511, 464, 462, 904, 607, 437, 511, 543, 1029, 499, 480, 494, 370, 485, 478, 391, 469, 866, 814, 1000, 839, 745, 677, 740, 620, 802, 670, 602, 663, 678, 747, 538, 583, 759, 696, 670, 577, 639, 794, 895, 986, 895, 740, 4302, 651, 571, 475, 489, 565, 565, 497, 840, 600, 796, 3259, 1075, 731, 963, 705, 620, 724, 744, 752, 734, 730, 795, 1219, 942, 621, 939, 943, 616, 571, 485, 694, 495, 572, 567, 618, 833, 1126, 1066, 1154, 586, 554, 442, 527, 526, 627, 602, 664, 628, 581, 557, 367, 713, 826, 534, 860, 461, 305, 188, 421, 604, 612, 493, 639, 545, 473, 549, 624, 511, 525, 570, 584, 978, 714, 613, 507, 847, 753, 534, 2914, 7004, 630, 581, 950, 532, 500, 834, 968, 932, 1032, 654, 630, 549, 506, 662, 521, 597, 751, 495, 477, 592, 470, 474, 581, 613, 591, 867, 808, 635, 693, 543, 635, 631, 525, 663, 971, 603, 562, 514, 1049, 591, 473, 671, 502, 561, 582, 494, 567, 586, 493, 545, 558, 529, 485, 550, 570, 1340, 1072, 582, 437, 1064, 885, 663, 618, 570, 1026, 1086, 1222, 818, 924, 635, 648, 677, 513, 758, 704, 548, 860, 624, 540, 690, 681, 711, 504, 3274, 472, 1077, 1288, 1003, 825, 579, 550, 934, 1459, 444, 474, 587, 559, 421, 513, 577, 524, 460, 462, 474, 489, 580, 952, 716, 810, 744, 719, 533, 1956, 802, 924, 789, 705, 2406, 673, 525, 720, 842, 1196, 1223, 911, 903, 810, 613, 528, 534, 5151, 759, 8359, 607, 1579, 826, 282, 265, 267, 253, 232, 225, 248, 249, 841, 1008, 567, 1206, 596, 1029, 637, 1366, 802, 498, 500, 506, 465, 519, 1052, 2495, 855, 607, 535, 431, 560, 521, 515, 447, 518, 546, 459, 976, 559, 455, 520, 922, 736, 675, 701, 835, 3358, 750, 415, 682, 1017, 848, 542, 642, 607, 558, 524, 809, 873, 720, 502, 644, 661, 569, 491, 568, 569, 507, 697, 590, 476, 557, 569, 544, 483, 801, 1168, 624, 992, 704, 1104, 654, 683, 657, 656, 857, 669, 578, 767, 1786, 667, 568, 739, 588, 472, 573, 520, 4209, 591, 530, 414, 543, 739, 735, 497, 553, 701, 921, 812, 785, 598, 743, 607, 638, 4615, 839, 579, 474, 466, 674, 593, 638, 756, 598, 546, 439, 610, 649, 548, 461, 534, 551, 639, 182, 645, 476, 907, 611, 539, 792, 1148, 827, 855, 695, 674, 696, 914, 747, 656, 656, 623, 576, 645, 686, 855, 966, 787, 555, 461, 550, 568, 462, 597, 557, 441, 1128, 1268, 1159, 606, 563, 454, 541, 562, 446, 541, 542, 523, 453, 556, 555, 1204, 787, 589, 759, 611, 717, 902, 906, 680, 609, 533, 522, 724, 666, 570, 424, 474, 587, 417, 431, 497, 572, 416, 559, 603, 407, 552, 3677, 822, 663, 761, 686, 789, 899, 559, 634, 622, 505, 609, 731, 474, 3642, 728, 718, 633, 474, 698, 934, 524, 671, 410, 808, 656, 648, 642, 792, 936, 563, 458, 563, 413, 548, 584, 744, 613, 516, 414, 522, 561, 693, 841, 508, 617, 469, 689, 631, 601, 577, 713, 504, 498, 581, 738, 499, 514, 537, 707, 553, 978, 752, 558, 1443, 668, 629, 491, 1956, 703, 622, 543, 573, 525, 565, 566, 566, 606, 530, 672, 585, 567, 692, 659, 590, 1363, 664, 554, 711, 2876, 1461, 686, 823, 658, 8555, 955, 743, 691, 775, 2972, 642, 799, 593, 1265, 580, 517, 519, 499, 604, 489, 509, 635, 544, 1204, 686, 365, 646, 671, 992, 1121, 717, 741, 1082, 782, 729, 689, 749, 10362, 674, 578, 558, 856, 972, 681, 1124, 689, 629, 812, 625, 495, 590, 912, 800, 550, 648, 698, 1423, 610, 505, 547, 526, 602, 723, 537, 480, 731, 609, 544, 571, 722, 480, 559, 534, 910, 971, 735, 705, 576, 505, 483, 806, 459, 492, 622, 570, 876, 902, 531, 767, 674, 576, 561, 630, 680, 831, 461, 975, 799, 879, 906, 508, 477, 705, 639, 687, 611, 632, 616, 628, 686, 625, 444, 638, 549, 501, 1020, 605, 571, 533, 470, 525, 530, 950, 1062, 1030, 1365, 721, 882, 1072, 860, 1175, 1129, 3294, 3620, 929, 842, 1183, 903, 1195, 962, 522, 812, 1417, 877, 959, 1186, 991, 772, 926, 1001, 940, 947, 963, 1302, 1510, 1736, 851, 633, 997, 1144, 696, 543, 911, 950, 924, 1579, 706, 848, 612, 1551, 1843, 2573, 922, 1057, 932, 930, 926, 1134, 1195, 1003, 1015, 965, 915, 1073, 1003, 953, 995, 862, 658, 670, 1280, 1267, 947, 812, 524, 1281, 1788, 1118, 930, 815, 949, 711, 899, 866, 1046, 798, 1101, 756, 678, 577, 841, 684, 598, 1201, 1171, 899, 479, 777, 741, 635, 837, 1075, 993, 744, 668, 606, 652, 5878, 614, 712, 982, 979, 1182, 1522, 1063, 994, 1073, 917, 1449, 926, 922, 933, 910, 1270, 996, 1181, 1423, 1025, 1007, 1072, 1121, 1234, 1109, 890, 1059, 1083, 1061, 972, 1124, 988, 1674, 613, 741, 587, 823, 760, 834, 689, 839, 496, 818, 1023, 668, 458, 417, 578, 919, 572, 784, 832, 1385, 891, 512, 1143, 782, 921, 950, 907, 1148, 714, 819, 680, 927, 607, 1232, 814, 670, 818, 1000, 941, 1613, 3511, 1083, 956, 3111, 1383, 742, 932, 1232, 2856, 1961, 3950, 2178, 943, 918, 731, 556, 690, 486, 583, 644, 784, 783, 753, 768, 686, 747, 1245, 1347, 1177, 575, 548, 528, 525, 4911, 1742, 1553, 1013, 1829, 870, 946, 637, 1176, 1026, 897, 855, 877, 852, 784, 794, 844, 768, 1071, 902, 854, 857, 6968, 463, 834, 872, 892, 867, 854, 1597, 1442, 562, 676, 555, 910, 1193, 622, 795, 773, 831, 814, 920, 885, 5699, 998, 1446, 1244, 999, 897, 6357, 6572, 1818, 1755, 874, 959, 813, 649, 1496, 1007, 1290, 606, 993, 833, 865, 807, 896, 529, 659, 637, 656, 1172, 1223, 942, 981, 3916, 802, 687, 6429, 1281, 1052, 581, 921, 1039, 1041, 985, 935, 1005, 1029, 1020, 1041, 1016, 1083, 1184, 1288, 1307, 868, 928, 1067, 1132, 888, 850, 1039, 1092, 1132, 1127, 1103, 1073, 1112, 1152, 635, 579, 572, 715, 1146, 1233, 1051, 1650, 1197, 2923, 771, 851, 883, 1006, 943, 1312, 878, 1047, 1068, 1120, 1228, 2877, 1137, 1004, 980, 1209, 4128, 1002, 874, 910, 693, 945, 848, 2981, 864, 1196, 944, 1566, 510, 1072, 727, 963, 677, 975, 644, 1155, 1135, 1552, 791, 1471, 1262, 670, 988, 665, 839, 1915, 1053, 6148, 811, 494, 665, 792, 778, 999, 687, 553, 871, 983, 574, 573, 817, 806, 781, 778, 1107, 703, 512, 804, 1247, 479, 646, 810, 539, 500, 775, 736, 800, 674, 948, 676, 479, 640, 1991, 2482, 528, 1194, 1427, 593, 582, 594, 790, 902, 506, 980, 1024, 930, 889, 573, 562, 1817, 805, 777, 1151, 630, 623, 773, 1051, 791, 1318, 1285, 856, 515, 558, 453, 706, 564, 639, 486, 532, 1012, 709, 11918, 12475, 736, 1174, 728, 792, 376, 948, 882, 873, 862, 841, 878, 1323, 866, 901, 2009, 1007, 1353, 974, 1553, 1418, 1209, 1031, 605, 1004, 1104, 797, 854, 852, 1020, 905, 1053, 1182, 890, 974, 2949, 1438, 877, 1015, 780, 3879, 1314, 1019, 746, 869, 864, 466, 503, 660, 1056, 2970, 2159, 1865, 650, 713, 596, 617, 537, 443, 775, 669, 656, 576, 592, 620, 488, 471, 1046, 3713, 978, 657, 594, 588, 644, 524, 617, 586, 542, 584, 619, 553, 622, 496, 573, 605, 1443, 1306, 1394, 855, 451, 782, 435, 451, 680, 611, 516, 620, 624, 867, 470, 5006, 661, 1107, 472, 719, 2544, 534, 826, 4849, 362, 1274, 1324, 5732, 992, 1639, 3393, 969, 1102, 916, 1128, 1793, 674, 1298, 795, 879, 1057, 1023, 1366, 966, 1011, 5022, 1270, 751, 909, 4421, 909, 769, 859, 509, 612, 648, 829, 4318, 873, 667, 973, 834, 353, 919, 903, 835, 933, 1020, 708, 612, 906, 410, 418, 714, 509, 2320, 6780, 700, 465, 10064, 1376, 643, 688, 638, 791, 626, 591, 767, 484, 983, 768, 587, 403, 539, 487, 1066, 1392, 743, 696, 949, 1258, 735, 566, 667, 880, 832, 714, 1213, 1345, 1394, 741, 676, 630, 763, 1252, 680, 772, 791, 772, 1016, 826, 487, 792, 1099, 560, 796, 640, 793, 845, 823, 759, 478, 467, 1557, 898, 474, 1804, 752, 793, 728, 1514, 1375, 2952, 523, 646, 1945, 520, 874, 428, 931, 643, 3972, 673, 621, 560, 578, 651, 587, 487, 593, 546, 553, 581, 624, 566, 592, 615, 1799, 555, 590, 591, 773, 641, 590, 548, 621, 564, 657, 605, 576, 556, 570, 617, 581, 577, 567, 628, 658, 577, 545, 1281, 920, 1210]

	Instruction
		Name: clone
		Minimum duration: 244188
		Maximum duration: 244188
		Average duration: 244188
		Variance: 0.0
		Number measurements: 1
		List measurements: [244188]

	Instruction
		Name: close
		Minimum duration: 188
		Maximum duration: 4342
		Average duration: 1148.4
		Variance: 1377969.64
		Number measurements: 10
		List measurements: [321, 188, 2066, 4342, 575, 1089, 715, 966, 629, 593]

	Instruction
		Name: connect
		Minimum duration: 1375
		Maximum duration: 1375
		Average duration: 1375
		Variance: 0.0
		Number measurements: 1
		List measurements: [1375]

	Instruction
		Name: dup
		Minimum duration: 299
		Maximum duration: 299
		Average duration: 299
		Variance: 0.0
		Number measurements: 1
		List measurements: [299]

	Instruction
		Name: epoll_ctl
		Minimum duration: 911
		Maximum duration: 911
		Average duration: 911
		Variance: 0.0
		Number measurements: 1
		List measurements: [911]

	Instruction
		Name: epoll_pwait
		Minimum duration: 472
		Maximum duration: 49914
		Average duration: 3095.676470588235
		Variance: 75281230.45415224
		Number measurements: 34
		List measurements: [711, 735, 804, 706, 832, 575, 757, 684, 8999, 484, 760, 631, 704, 472, 1009, 1536, 1174, 982, 1501, 792, 918, 2480, 791, 752, 744, 1044, 715, 16547, 3419, 809, 687, 839, 49914, 746]

	Instruction
		Name: fcntl
		Minimum duration: 247
		Maximum duration: 6901
		Average duration: 2355.285714285714
		Variance: 8086258.489795919
		Number measurements: 7
		List measurements: [247, 6790, 6901, 541, 702, 717, 589]

	Instruction
		Name: fstat
		Minimum duration: 573
		Maximum duration: 1105
		Average duration: 771
		Variance: 44514.5
		Number measurements: 4
		List measurements: [1105, 798, 608, 573]

	Instruction
		Name: futex
		Minimum duration: 171
		Maximum duration: 1200600
		Average duration: 2507.084033613445
		Variance: 1727155379.0781722
		Number measurements: 833
		List measurements: [261, 705, 243, 4145, 581, 485, 1017, 604, 713, 471, 541, 558, 846, 538, 545, 524, 476, 576, 542, 449, 532, 528, 484, 553, 825, 737, 479, 750, 666, 602, 726, 763, 1838, 742, 633, 669, 582, 655, 740, 630, 672, 615, 552, 686, 624, 761, 581, 637, 813, 822, 4467, 664, 850, 691, 901, 7333, 1074, 1806, 699, 601, 763, 1201, 744, 588, 4033, 614, 2209, 762, 7327, 324, 202, 171, 218, 220, 252, 13808, 320, 397, 355, 927, 672, 5444, 2634, 495, 622, 608, 469, 722, 852, 614, 556, 516, 571, 785, 1267, 2305, 2279, 859, 795, 1813, 2507, 541, 592, 587, 528, 544, 513, 2475, 693, 556, 630, 527, 858, 505, 556, 561, 556, 464, 775, 601, 597, 582, 673, 571, 619, 536, 854, 884, 821, 599, 634, 590, 569, 560, 629, 529, 627, 560, 607, 675, 500, 979, 1078, 537, 589, 763, 562, 625, 989, 834, 736, 696, 673, 762, 475, 563, 573, 563, 595, 3722, 617, 595, 490, 516, 754, 9019, 952, 727, 556, 521, 529, 527, 860, 891, 426, 625, 586, 556, 1030, 696, 591, 626, 619, 895, 572, 629, 580, 585, 656, 758, 677, 633, 594, 694, 536, 754, 740, 513, 633, 611, 601, 501, 530, 466, 492, 632, 707, 618, 587, 643, 575, 911, 525, 516, 550, 492, 558, 467, 1235, 655, 1507, 677, 1720, 971, 553, 510, 524, 532, 402, 598, 559, 531, 650, 731, 1161, 678, 699, 5421, 817, 721, 540, 638, 508, 485, 751, 578, 702, 546, 633, 3431, 673, 728, 586, 556, 624, 552, 4889, 204, 634, 874, 327, 281, 715, 630, 515, 590, 701, 645, 655, 739, 705, 293, 519, 439, 552, 471, 527, 3465, 4147, 582, 530, 480, 586, 576, 475, 654, 1013, 619, 594, 510, 458, 535, 574, 538, 496, 474, 524, 7080, 615, 582, 1121, 629, 7013, 815, 648, 557, 480, 554, 534, 555, 594, 1357, 661, 702, 534, 624, 470, 561, 745, 700, 666, 714, 632, 626, 733, 606, 558, 563, 564, 562, 545, 906, 739, 863, 767, 3447, 766, 1013, 485, 818, 460, 635, 655, 6165, 845, 201, 321, 265, 940, 261, 327, 301, 566, 4959, 309, 331, 449, 3687, 642, 856, 562, 481, 825, 904, 520, 871, 790, 607, 836, 797, 714, 593, 1353, 818, 535, 5247, 823, 2029, 867, 3052, 641, 729, 498, 596, 449, 547, 767, 629, 916, 930, 601, 565, 530, 510, 507, 678, 755, 585, 619, 833, 812, 580, 493, 446, 493, 885, 600, 619, 577, 589, 569, 288, 340, 202, 2172, 648, 620, 438, 577, 4023, 696, 546, 629, 656, 1533, 711, 584, 3767, 854, 714, 6360, 581, 575, 733, 562, 601, 516, 624, 519, 3616, 570, 1260, 533, 474, 577, 608, 572, 1088, 8250, 859, 802, 652, 576, 643, 638, 2131, 751, 588, 613, 632, 1333, 1321, 639, 574, 933, 974, 1264, 701, 587, 1063, 604, 1744, 604, 564, 6691, 722, 974, 315, 291, 280, 552, 527, 825, 539, 504, 450, 1884, 742, 577, 439, 786, 569, 527, 562, 516, 512, 434, 497, 459, 619, 485, 585, 954, 464, 616, 532, 439, 647, 576, 509, 518, 603, 735, 838, 2248, 649, 567, 2100, 1173, 819, 1017, 1215, 1042, 721, 601, 898, 574, 1019, 1108, 800, 876, 999, 583, 3627, 1700, 1855, 904, 1211, 955, 1059, 742, 881, 851, 1021, 959, 685, 894, 594, 752, 431, 811, 1138, 720, 816, 875, 362, 597, 899, 1226, 912, 1019, 1082, 1310, 705, 993, 1207, 914, 1185, 226, 229, 891, 1062, 962, 964, 816, 2742, 827, 1433, 2919, 539, 1163, 610, 1322, 658, 657, 1486, 842, 9006, 728, 1010, 821, 865, 804, 3361, 508, 4581, 1788, 1526, 1551, 1559, 1412, 726, 705, 672, 818, 852, 866, 871, 851, 918, 804, 1429, 527, 850, 851, 6837, 825, 846, 901, 904, 879, 857, 873, 702, 832, 871, 493, 4567, 640, 974, 760, 944, 732, 874, 956, 853, 877, 913, 1172, 15226, 15242, 1275, 956, 1069, 1141, 1104, 1115, 1301, 2805, 923, 1183, 1275, 3414, 1163, 1255, 1126, 978, 1041, 907, 661, 4310, 4373, 1136, 894, 954, 1065, 1151, 906, 909, 991, 1005, 1116, 1201, 718, 602, 874, 729, 661, 2736, 1010, 2119, 860, 1696, 4721, 1063, 1278, 680, 1102, 1048, 1389, 1462, 997, 1457, 7839, 1421, 744, 1427, 506, 719, 779, 785, 3254, 3322, 784, 757, 747, 710, 799, 738, 713, 544, 1151, 1044, 753, 776, 815, 774, 628, 985, 872, 767, 481, 1004, 340, 451, 697, 884, 885, 827, 796, 813, 731, 1092, 997, 879, 1131, 931, 864, 849, 1163, 779, 1114, 904, 1224, 1039, 781, 2461, 1506, 999, 720, 1712, 868, 872, 954, 905, 2015, 535, 651, 2744, 6284, 363, 503, 1200600, 1043, 745, 1530, 884, 2195, 566, 884, 772, 695, 701, 941, 1503, 984, 973, 1023, 4022, 950, 1031, 1041, 960, 4675, 711, 957, 573, 892, 557, 1095, 550, 937, 997, 944, 1392, 816, 1031, 734, 856, 866, 1037, 1029, 1014, 1158, 1483, 895, 1012, 1132, 820, 835, 651, 546, 810, 731, 718, 812, 494, 777, 5698, 496, 605, 683, 663, 698, 685, 787, 703, 815, 744, 647, 835, 557, 915]

	Instruction
		Name: getppid
		Minimum duration: 1119
		Maximum duration: 1119
		Average duration: 1119
		Variance: 0.0
		Number measurements: 1
		List measurements: [1119]

	Instruction
		Name: getpriority
		Minimum duration: 1054
		Maximum duration: 1054
		Average duration: 1054
		Variance: 0.0
		Number measurements: 1
		List measurements: [1054]

	Instruction
		Name: getsockopt
		Minimum duration: 202
		Maximum duration: 868
		Average duration: 563.6666666666666
		Variance: 75569.55555555556
		Number measurements: 3
		List measurements: [202, 868, 621]

	Instruction
		Name: gettimeofday
		Minimum duration: 342
		Maximum duration: 7383
		Average duration: 1004.8333333333334
		Variance: 978509.7449494953
		Number measurements: 66
		List measurements: [852, 720, 716, 1175, 517, 557, 571, 677, 728, 548, 733, 651, 793, 565, 1367, 462, 7383, 495, 581, 637, 616, 671, 474, 1057, 1008, 1173, 1414, 969, 680, 1015, 917, 3409, 874, 1539, 817, 702, 645, 946, 897, 752, 803, 748, 823, 2346, 580, 617, 1036, 892, 1622, 736, 4069, 803, 776, 887, 342, 609, 539, 935, 774, 726, 451, 1032, 537, 986, 781, 566]

	Instruction
		Name: getuid
		Minimum duration: 505
		Maximum duration: 2017
		Average duration: 906.0243902439024
		Variance: 129609.73111243307
		Number measurements: 41
		List measurements: [870, 1255, 2017, 563, 842, 717, 767, 626, 546, 964, 1503, 992, 622, 505, 830, 560, 650, 878, 572, 812, 535, 603, 1133, 898, 852, 877, 1223, 1059, 951, 786, 1828, 723, 694, 963, 1832, 598, 1366, 731, 1000, 763, 641]

	Instruction
		Name: ioctl
		Minimum duration: 236
		Maximum duration: 11779
		Average duration: 2203.277777777778
		Variance: 5799233.126543211
		Number measurements: 54
		List measurements: [734, 1238, 236, 3701, 1488, 1381, 7754, 1953, 3491, 839, 832, 1811, 1563, 805, 1653, 937, 820, 828, 2241, 4356, 593, 567, 1146, 1932, 942, 1396, 2024, 1280, 540, 11499, 11779, 5018, 5040, 4253, 1350, 1373, 2235, 1494, 1196, 5758, 5243, 1148, 1266, 603, 760, 1476, 1009, 828, 1057, 1301, 1507, 931, 882, 890]

	Instruction
		Name: madvise
		Minimum duration: 1247
		Maximum duration: 1247
		Average duration: 1247
		Variance: 0.0
		Number measurements: 1
		List measurements: [1247]

	Instruction
		Name: mmap
		Minimum duration: 575
		Maximum duration: 6051
		Average duration: 1269.5714285714287
		Variance: 1874127.1020408166
		Number measurements: 14
		List measurements: [717, 688, 604, 599, 773, 575, 959, 1070, 6051, 1017, 1947, 1164, 739, 871]

	Instruction
		Name: mprotect
		Minimum duration: 323
		Maximum duration: 1746
		Average duration: 981.225
		Variance: 81577.92437499999
		Number measurements: 40
		List measurements: [323, 744, 816, 857, 1618, 874, 850, 1018, 749, 565, 457, 1094, 1105, 1583, 631, 700, 711, 691, 993, 1173, 1746, 1084, 973, 936, 959, 1219, 980, 1156, 1119, 1272, 1111, 1072, 1153, 1126, 910, 833, 878, 868, 1019, 1283]

	Instruction
		Name: munmap
		Minimum duration: 594
		Maximum duration: 1039
		Average duration: 833
		Variance: 34496.857142857145
		Number measurements: 7
		List measurements: [594, 691, 607, 1037, 1039, 862, 1001]

	Instruction
		Name: openat
		Minimum duration: 663
		Maximum duration: 1175
		Average duration: 861.25
		Variance: 24827.4375
		Number measurements: 8
		List measurements: [716, 823, 1018, 746, 1175, 882, 663, 867]

	Instruction
		Name: prctl
		Minimum duration: 346
		Maximum duration: 1535
		Average duration: 930.4166666666666
		Variance: 107817.74305555556
		Number measurements: 12
		List measurements: [346, 595, 705, 722, 1021, 931, 926, 1524, 924, 1535, 1059, 877]

	Instruction
		Name: pread64
		Minimum duration: 497
		Maximum duration: 816
		Average duration: 673.5
		Variance: 13912.25
		Number measurements: 4
		List measurements: [733, 816, 648, 497]

	Instruction
		Name: read
		Minimum duration: 512
		Maximum duration: 1201000
		Average duration: 20107.571428571428
		Variance: 22492821969.641727
		Number measurements: 63
		List measurements: [2282, 6799, 830, 677, 608, 688, 790, 519, 559, 738, 512, 539, 674, 528, 889, 535, 1133, 706, 837, 1417, 601, 796, 677, 1441, 983, 717, 572, 887, 555, 1109, 1042, 1255, 1129, 1515, 1055, 703, 2041, 1025, 696, 850, 825, 1164, 701, 1149, 715, 922, 894, 770, 672, 754, 711, 609, 705, 1344, 636, 1201000, 1136, 886, 1196, 923, 3441, 2269, 1446]

	Instruction
		Name: recvfrom
		Minimum duration: 197
		Maximum duration: 8332
		Average duration: 1049.5
		Variance: 1526489.902173913
		Number measurements: 46
		List measurements: [197, 982, 677, 498, 622, 776, 971, 713, 572, 568, 2439, 604, 450, 617, 887, 411, 634, 561, 739, 716, 588, 747, 864, 797, 792, 1494, 1456, 581, 1516, 1081, 996, 475, 446, 3830, 1176, 1797, 732, 681, 413, 615, 696, 8332, 672, 1100, 970, 796]

	Instruction
		Name: rt_sigprocmask
		Minimum duration: 376
		Maximum duration: 1342
		Average duration: 735.6666666666666
		Variance: 71050.88888888889
		Number measurements: 12
		List measurements: [376, 606, 513, 678, 533, 792, 458, 1342, 1031, 658, 882, 959]

	Instruction
		Name: sched_yield
		Minimum duration: 1594
		Maximum duration: 1594
		Average duration: 1594
		Variance: 0.0
		Number measurements: 1
		List measurements: [1594]

	Instruction
		Name: sendto
		Minimum duration: 951
		Maximum duration: 951
		Average duration: 951
		Variance: 0.0
		Number measurements: 1
		List measurements: [951]

	Instruction
		Name: setpriority
		Minimum duration: 1274
		Maximum duration: 1274
		Average duration: 1274
		Variance: 0.0
		Number measurements: 1
		List measurements: [1274]

	Instruction
		Name: sigaltstack
		Minimum duration: 1198
		Maximum duration: 1198
		Average duration: 1198
		Variance: 0.0
		Number measurements: 1
		List measurements: [1198]

	Instruction
		Name: socket
		Minimum duration: 1494
		Maximum duration: 1494
		Average duration: 1494
		Variance: 0.0
		Number measurements: 1
		List measurements: [1494]

	Instruction
		Name: write
		Minimum duration: 203
		Maximum duration: 9019
		Average duration: 1216.3235294117646
		Variance: 2558685.748269896
		Number measurements: 34
		List measurements: [9019, 971, 287, 203, 276, 301, 605, 576, 1021, 571, 4542, 689, 1007, 1030, 3408, 760, 1146, 692, 623, 398, 559, 1073, 1321, 1053, 919, 1135, 818, 616, 545, 875, 838, 712, 2204, 562]

	Instruction
		Name: writev
		Minimum duration: 497
		Maximum duration: 5796
		Average duration: 2059.625
		Variance: 3478661.484375
		Number measurements: 8
		List measurements: [497, 5796, 610, 1011, 4559, 1234, 945, 1825]

