
LIST OF ALL CORRECTLY USED ALERTS

	Alert record
		Alert: True
		Start timestamp: 1688223787017
		Finish timestamp: 1688223788347

	Alert record
		Alert: False
		Start timestamp: 1688223788348
		Finish timestamp: 1688223788814

	Alert record
		Alert: True
		Start timestamp: 1688223788815
		Finish timestamp: 1688223789258

	Alert record
		Alert: False
		Start timestamp: 1688223789259
		Finish timestamp: 1688223789850

	Alert record
		Alert: True
		Start timestamp: 1688223789851
		Finish timestamp: 1688223870086

	Alert record
		Alert: False
		Start timestamp: 1688223870087
		Finish timestamp: 1688223870291

	Alert record
		Alert: True
		Start timestamp: 1688223870292
		Finish timestamp: 1688223870292

	Alert record
		Alert: False
		Start timestamp: 1688223870293
		Finish timestamp: 1688223870894

	Alert record
		Alert: True
		Start timestamp: 1688223870895

LIST OF ALL AZIMUTH ALERTS

	Alert record
		Alert: False
		Start timestamp: 1688223787017
		Finish timestamp: 1688223789538

	Alert record
		Alert: True
		Start timestamp: 1688223789539
		Finish timestamp: 1688223789739

	Alert record
		Alert: False
		Start timestamp: 1688223789740
		Finish timestamp: 1688223870086

	Alert record
		Alert: True
		Start timestamp: 1688223870087
		Finish timestamp: 1688223870291

	Alert record
		Alert: False
		Start timestamp: 1688223870292
		Finish timestamp: 1688223870693

	Alert record
		Alert: True
		Start timestamp: 1688223870694
		Finish timestamp: 1688223870894

	Alert record
		Alert: False
		Start timestamp: 1688223870895

LIST OF ALL PITCH ALERTS

	Alert record
		Alert: False
		Start timestamp: 1688223787017

LIST OF ALL ROLL ALERTS

	Alert record
		Alert: False
		Start timestamp: 1688223787017
		Finish timestamp: 1688223788347

	Alert record
		Alert: True
		Start timestamp: 1688223788348
		Finish timestamp: 1688223788814

	Alert record
		Alert: False
		Start timestamp: 1688223788815
		Finish timestamp: 1688223789258

	Alert record
		Alert: True
		Start timestamp: 1688223789259
		Finish timestamp: 1688223789850

	Alert record
		Alert: False
		Start timestamp: 1688223789851
		Finish timestamp: 1688223870292

	Alert record
		Alert: True
		Start timestamp: 1688223870293
		Finish timestamp: 1688223870894

	Alert record
		Alert: False
		Start timestamp: 1688223870895

