
LIST OF ALL SENSOR TEXT RECORDS

	Sensor record
		Azimuth value: north
		Pitch value: east
		Roll value: north
		Start timestamp: 1688223787177
		Finish timestamp: 1688223787540

	Sensor record
		Azimuth value: west
		Pitch value: east
		Roll value: west
		Start timestamp: 1688223787541
		Finish timestamp: 1688223787543

	Sensor record
		Azimuth value: north
		Pitch value: east
		Roll value: west
		Start timestamp: 1688223787544
		Finish timestamp: 1688223787739

	Sensor record
		Azimuth value: north
		Pitch value: east
		Roll value: north
		Start timestamp: 1688223787740
		Finish timestamp: 1688223788142

	Sensor record
		Azimuth value: north
		Pitch value: north
		Roll value: north
		Start timestamp: 1688223788143
		Finish timestamp: 1688223788346

	Sensor record
		Azimuth value: east
		Pitch value: west
		Roll value: south
		Start timestamp: 1688223788347
		Finish timestamp: 1688223788810

	Sensor record
		Azimuth value: east
		Pitch value: west
		Roll value: east
		Start timestamp: 1688223788811
		Finish timestamp: 1688223788850

	Sensor record
		Azimuth value: west
		Pitch value: west
		Roll value: west
		Start timestamp: 1688223788851
		Finish timestamp: 1688223789051

	Sensor record
		Azimuth value: north
		Pitch value: west
		Roll value: west
		Start timestamp: 1688223789052
		Finish timestamp: 1688223789257

	Sensor record
		Azimuth value: west
		Pitch value: north
		Roll value: south
		Start timestamp: 1688223789258
		Finish timestamp: 1688223789537

	Sensor record
		Azimuth value: south
		Pitch value: north
		Roll value: south
		Start timestamp: 1688223789538
		Finish timestamp: 1688223789738

	Sensor record
		Azimuth value: west
		Pitch value: north
		Roll value: south
		Start timestamp: 1688223789739
		Finish timestamp: 1688223789849

	Sensor record
		Azimuth value: north
		Pitch value: north
		Roll value: northwest
		Start timestamp: 1688223789850
		Finish timestamp: 1688223790042

	Sensor record
		Azimuth value: north
		Pitch value: east
		Roll value: north
		Start timestamp: 1688223790043
		Finish timestamp: 1688223869683

	Sensor record
		Azimuth value: east
		Pitch value: east
		Roll value: north
		Start timestamp: 1688223869684
		Finish timestamp: 1688223869885

	Sensor record
		Azimuth value: east
		Pitch value: north
		Roll value: north
		Start timestamp: 1688223869886
		Finish timestamp: 1688223870086

	Sensor record
		Azimuth value: south
		Pitch value: north
		Roll value: east
		Start timestamp: 1688223870087
		Finish timestamp: 1688223870291

	Sensor record
		Azimuth value: west
		Pitch value: north
		Roll value: south
		Start timestamp: 1688223870292
		Finish timestamp: 1688223870488

	Sensor record
		Azimuth value: west
		Pitch value: west
		Roll value: south
		Start timestamp: 1688223870489
		Finish timestamp: 1688223870691

	Sensor record
		Azimuth value: south
		Pitch value: west
		Roll value: southeast
		Start timestamp: 1688223870692
		Finish timestamp: 1688223870893

	Sensor record
		Azimuth value: east
		Pitch value: north
		Roll value: north
		Start timestamp: 1688223870894
		Finish timestamp: 1688223871360

	Sensor record
		Azimuth value: north
		Pitch value: east
		Roll value: north
		Start timestamp: 1688223871361
		Finish timestamp: 1688223871364

	Sensor record
		Azimuth value: north
		Pitch value: north
		Roll value: north
		Start timestamp: 1688223871365
		Finish timestamp: 1688223871397

	Sensor record
		Azimuth value: north
		Pitch value: north
		Roll value: west
		Start timestamp: 1688223871398
		Finish timestamp: 1688223871599

	Sensor record
		Azimuth value: north
		Pitch value: east
		Roll value: north
		Start timestamp: 1688223871600
		Finish timestamp: 1688223871838

	Sensor record
		Azimuth value: north
		Pitch value: northeast
		Roll value: north
		Start timestamp: 1688223871839
		Finish timestamp: 1688223872148

	Sensor record
		Azimuth value: north
		Pitch value: north
		Roll value: north
		Start timestamp: 1688223872149
		Finish timestamp: 1688223872589

	Sensor record
		Azimuth value: north
		Pitch value: east
		Roll value: north
		Start timestamp: 1688223872590
		Finish timestamp: 1688223872794

	Sensor record
		Azimuth value: north
		Pitch value: north
		Roll value: north
		Start timestamp: 1688223872795

