
LIST OF ALL SENSOR NUMBER RECORDS

	Sensor record
		Azimuth value: 0
		Pitch value: 2
		Roll value: 0
		Start timestamp: 1684054507237
		Finish timestamp: 1684054507396

	Sensor record
		Azimuth value: 359
		Pitch value: 2
		Roll value: 0
		Start timestamp: 1684054507397
		Finish timestamp: 1684054507799

	Sensor record
		Azimuth value: 0
		Pitch value: 2
		Roll value: 359
		Start timestamp: 1684054507800
		Finish timestamp: 1684054508002

	Sensor record
		Azimuth value: 359
		Pitch value: 2
		Roll value: 0
		Start timestamp: 1684054508003
		Finish timestamp: 1684054508405

	Sensor record
		Azimuth value: 0
		Pitch value: 2
		Roll value: 359
		Start timestamp: 1684054508406
		Finish timestamp: 1684054508808

	Sensor record
		Azimuth value: 359
		Pitch value: 2
		Roll value: 0
		Start timestamp: 1684054508809
		Finish timestamp: 1684054511632

	Sensor record
		Azimuth value: 0
		Pitch value: 2
		Roll value: 359
		Start timestamp: 1684054511633
		Finish timestamp: 1684054512238

	Sensor record
		Azimuth value: 359
		Pitch value: 2
		Roll value: 0
		Start timestamp: 1684054512239
		Finish timestamp: 1684054513054

	Sensor record
		Azimuth value: 0
		Pitch value: 2
		Roll value: 0
		Start timestamp: 1684054513055
		Finish timestamp: 1684054513246

	Sensor record
		Azimuth value: 359
		Pitch value: 2
		Roll value: 0
		Start timestamp: 1684054513247
		Finish timestamp: 1684054513452

	Sensor record
		Azimuth value: 0
		Pitch value: 2
		Roll value: 359
		Start timestamp: 1684054513453
		Finish timestamp: 1684054513850

	Sensor record
		Azimuth value: 359
		Pitch value: 2
		Roll value: 0
		Start timestamp: 1684054513851
		Finish timestamp: 1684054514657

	Sensor record
		Azimuth value: 0
		Pitch value: 2
		Roll value: 359
		Start timestamp: 1684054514658
		Finish timestamp: 1684054514858

	Sensor record
		Azimuth value: 359
		Pitch value: 2
		Roll value: 0
		Start timestamp: 1684054514859
		Finish timestamp: 1684054515060

	Sensor record
		Azimuth value: 0
		Pitch value: 2
		Roll value: 359
		Start timestamp: 1684054515061
		Finish timestamp: 1684054515262

	Sensor record
		Azimuth value: 359
		Pitch value: 2
		Roll value: 0
		Start timestamp: 1684054515263
		Finish timestamp: 1684054515463

	Sensor record
		Azimuth value: 0
		Pitch value: 2
		Roll value: 359
		Start timestamp: 1684054515464
		Finish timestamp: 1684054516069

	Sensor record
		Azimuth value: 359
		Pitch value: 2
		Roll value: 0
		Start timestamp: 1684054516070
		Finish timestamp: 1684054516471

	Sensor record
		Azimuth value: 0
		Pitch value: 2
		Roll value: 359
		Start timestamp: 1684054516472
		Finish timestamp: 1684054516876

	Sensor record
		Azimuth value: 359
		Pitch value: 2
		Roll value: 0
		Start timestamp: 1684054516877
		Finish timestamp: 1684054517079

	Sensor record
		Azimuth value: 0
		Pitch value: 2
		Roll value: 359
		Start timestamp: 1684054517080
		Finish timestamp: 1684054517481

	Sensor record
		Azimuth value: 359
		Pitch value: 2
		Roll value: 0
		Start timestamp: 1684054517482
		Finish timestamp: 1684054517887

	Sensor record
		Azimuth value: 0
		Pitch value: 2
		Roll value: 359
		Start timestamp: 1684054517888
		Finish timestamp: 1684054518087

	Sensor record
		Azimuth value: 359
		Pitch value: 2
		Roll value: 0
		Start timestamp: 1684054518088
		Finish timestamp: 1684054520507

	Sensor record
		Azimuth value: 0
		Pitch value: 2
		Roll value: 0
		Start timestamp: 1684054520508
		Finish timestamp: 1684054520708

	Sensor record
		Azimuth value: 359
		Pitch value: 2
		Roll value: 0
		Start timestamp: 1684054520709
		Finish timestamp: 1684054521717

	Sensor record
		Azimuth value: 0
		Pitch value: 2
		Roll value: 359
		Start timestamp: 1684054521718
		Finish timestamp: 1684054521922

	Sensor record
		Azimuth value: 359
		Pitch value: 6
		Roll value: 23
		Start timestamp: 1684054521923
		Finish timestamp: 1684054521943

	Sensor record
		Azimuth value: 13
		Pitch value: -2
		Roll value: 34
		Start timestamp: 1684054521944
		Finish timestamp: 1684054522120

	Sensor record
		Azimuth value: 355
		Pitch value: -43
		Roll value: 12
		Start timestamp: 1684054522121
		Finish timestamp: 1684054522323

	Sensor record
		Azimuth value: 2
		Pitch value: -56
		Roll value: 357
		Start timestamp: 1684054522324
		Finish timestamp: 1684054522524

	Sensor record
		Azimuth value: 337
		Pitch value: -61
		Roll value: 323
		Start timestamp: 1684054522525
		Finish timestamp: 1684054522725

	Sensor record
		Azimuth value: 321
		Pitch value: -43
		Roll value: 305
		Start timestamp: 1684054522726
		Finish timestamp: 1684054522737

	Sensor record
		Azimuth value: 320
		Pitch value: -18
		Roll value: 331
		Start timestamp: 1684054522738
		Finish timestamp: 1684054522927

	Sensor record
		Azimuth value: 305
		Pitch value: -11
		Roll value: 350
		Start timestamp: 1684054522928
		Finish timestamp: 1684054523128

	Sensor record
		Azimuth value: 301
		Pitch value: -9
		Roll value: 5
		Start timestamp: 1684054523129
		Finish timestamp: 1684054523329

	Sensor record
		Azimuth value: 306
		Pitch value: -12
		Roll value: 25
		Start timestamp: 1684054523330
		Finish timestamp: 1684054523533

	Sensor record
		Azimuth value: 317
		Pitch value: -22
		Roll value: 48
		Start timestamp: 1684054523534
		Finish timestamp: 1684054523538

	Sensor record
		Azimuth value: 323
		Pitch value: -34
		Roll value: 75
		Start timestamp: 1684054523539
		Finish timestamp: 1684054523736

	Sensor record
		Azimuth value: 316
		Pitch value: -44
		Roll value: 82
		Start timestamp: 1684054523737
		Finish timestamp: 1684054524199

	Sensor record
		Azimuth value: 348
		Pitch value: -77
		Roll value: 129
		Start timestamp: 1684054524200
		Finish timestamp: 1684054524208

	Sensor record
		Azimuth value: 64
		Pitch value: -55
		Roll value: 224
		Start timestamp: 1684054524209
		Finish timestamp: 1684054524241

	Sensor record
		Azimuth value: 47
		Pitch value: -56
		Roll value: 196
		Start timestamp: 1684054524242
		Finish timestamp: 1684054524448

	Sensor record
		Azimuth value: 346
		Pitch value: -36
		Roll value: 89
		Start timestamp: 1684054524449
		Finish timestamp: 1684054524643

	Sensor record
		Azimuth value: 351
		Pitch value: -9
		Roll value: 73
		Start timestamp: 1684054524644
		Finish timestamp: 1684054524925

	Sensor record
		Azimuth value: 26
		Pitch value: -30
		Roll value: 68
		Start timestamp: 1684054524926
		Finish timestamp: 1684054525126

	Sensor record
		Azimuth value: 13
		Pitch value: -74
		Roll value: 56
		Start timestamp: 1684054525127
		Finish timestamp: 1684054525239

	Sensor record
		Azimuth value: 110
		Pitch value: -87
		Roll value: 191
		Start timestamp: 1684054525240
		Finish timestamp: 1684054525430

	Sensor record
		Azimuth value: 344
		Pitch value: -82
		Roll value: 84
		Start timestamp: 1684054525431
		Finish timestamp: 1684054525632

	Sensor record
		Azimuth value: 316
		Pitch value: -32
		Roll value: 69
		Start timestamp: 1684054525633
		Finish timestamp: 1684054525935

	Sensor record
		Azimuth value: 343
		Pitch value: -7
		Roll value: 51
		Start timestamp: 1684054525936
		Finish timestamp: 1684054526138

	Sensor record
		Azimuth value: 7
		Pitch value: 1
		Roll value: 30
		Start timestamp: 1684054526139
		Finish timestamp: 1684054526238

	Sensor record
		Azimuth value: 23
		Pitch value: -1
		Roll value: 20
		Start timestamp: 1684054526239
		Finish timestamp: 1684054526438

	Sensor record
		Azimuth value: 29
		Pitch value: -19
		Roll value: 13
		Start timestamp: 1684054526439
		Finish timestamp: 1684054526644

	Sensor record
		Azimuth value: 16
		Pitch value: -40
		Roll value: 354
		Start timestamp: 1684054526645
		Finish timestamp: 1684054526944

	Sensor record
		Azimuth value: 2
		Pitch value: -44
		Roll value: 340
		Start timestamp: 1684054526945
		Finish timestamp: 1684054527143

	Sensor record
		Azimuth value: 359
		Pitch value: -48
		Roll value: 329
		Start timestamp: 1684054527144
		Finish timestamp: 1684054527426

	Sensor record
		Azimuth value: 11
		Pitch value: -48
		Roll value: 350
		Start timestamp: 1684054527427
		Finish timestamp: 1684054527628

	Sensor record
		Azimuth value: 37
		Pitch value: -29
		Roll value: 23
		Start timestamp: 1684054527629
		Finish timestamp: 1684054527740

	Sensor record
		Azimuth value: 48
		Pitch value: -26
		Roll value: 31
		Start timestamp: 1684054527741
		Finish timestamp: 1684054527931

	Sensor record
		Azimuth value: 52
		Pitch value: -28
		Roll value: 35
		Start timestamp: 1684054527932
		Finish timestamp: 1684054528132

	Sensor record
		Azimuth value: 46
		Pitch value: -47
		Roll value: 40
		Start timestamp: 1684054528133
		Finish timestamp: 1684054528436

	Sensor record
		Azimuth value: 31
		Pitch value: -44
		Roll value: 13
		Start timestamp: 1684054528437
		Finish timestamp: 1684054528636

	Sensor record
		Azimuth value: 14
		Pitch value: -43
		Roll value: 0
		Start timestamp: 1684054528637
		Finish timestamp: 1684054528739

	Sensor record
		Azimuth value: 4
		Pitch value: -38
		Roll value: 3
		Start timestamp: 1684054528740
		Finish timestamp: 1684054528940

	Sensor record
		Azimuth value: 3
		Pitch value: -43
		Roll value: 11
		Start timestamp: 1684054528941
		Finish timestamp: 1684054529140

	Sensor record
		Azimuth value: 1
		Pitch value: -44
		Roll value: 16
		Start timestamp: 1684054529141
		Finish timestamp: 1684054529442

	Sensor record
		Azimuth value: 1
		Pitch value: -42
		Roll value: 16
		Start timestamp: 1684054529443
		Finish timestamp: 1684054529644

	Sensor record
		Azimuth value: 1
		Pitch value: -42
		Roll value: 17
		Start timestamp: 1684054529645
		Finish timestamp: 1684054529739

	Sensor record
		Azimuth value: 3
		Pitch value: -42
		Roll value: 19
		Start timestamp: 1684054529740
		Finish timestamp: 1684054529927

	Sensor record
		Azimuth value: 6
		Pitch value: -42
		Roll value: 22
		Start timestamp: 1684054529928
		Finish timestamp: 1684054530130

	Sensor record
		Azimuth value: 10
		Pitch value: -35
		Roll value: 22
		Start timestamp: 1684054530131
		Finish timestamp: 1684054530431

	Sensor record
		Azimuth value: 27
		Pitch value: -14
		Roll value: 27
		Start timestamp: 1684054530432
		Finish timestamp: 1684054530641

	Sensor record
		Azimuth value: 47
		Pitch value: 0
		Roll value: 26
		Start timestamp: 1684054530642
		Finish timestamp: 1684054530738

	Sensor record
		Azimuth value: 54
		Pitch value: 5
		Roll value: 28
		Start timestamp: 1684054530739
		Finish timestamp: 1684054530937

	Sensor record
		Azimuth value: 57
		Pitch value: 0
		Roll value: 32
		Start timestamp: 1684054530938
		Finish timestamp: 1684054531139

	Sensor record
		Azimuth value: 68
		Pitch value: 0
		Roll value: 9
		Start timestamp: 1684054531140
		Finish timestamp: 1684054531439

	Sensor record
		Azimuth value: 63
		Pitch value: 0
		Roll value: 359
		Start timestamp: 1684054531440
		Finish timestamp: 1684054531642

	Sensor record
		Azimuth value: 59
		Pitch value: 0
		Roll value: 358
		Start timestamp: 1684054531643
		Finish timestamp: 1684054532628

	Sensor record
		Azimuth value: 59
		Pitch value: 1
		Roll value: 359
		Start timestamp: 1684054532629
		Finish timestamp: 1684054533134

	Sensor record
		Azimuth value: 59
		Pitch value: 2
		Roll value: 359
		Start timestamp: 1684054533135
		Finish timestamp: 1684054534424

	Sensor record
		Azimuth value: 59
		Pitch value: 2
		Roll value: 0
		Start timestamp: 1684054534425
		Finish timestamp: 1684054554746

	Sensor record
		Azimuth value: 59
		Pitch value: 4
		Roll value: 1
		Start timestamp: 1684054554747
		Finish timestamp: 1684054554938

	Sensor record
		Azimuth value: 70
		Pitch value: -12
		Roll value: 20
		Start timestamp: 1684054554939
		Finish timestamp: 1684054555140

	Sensor record
		Azimuth value: 77
		Pitch value: -42
		Roll value: 20
		Start timestamp: 1684054555141
		Finish timestamp: 1684054555443

	Sensor record
		Azimuth value: 59
		Pitch value: -67
		Roll value: 352
		Start timestamp: 1684054555444
		Finish timestamp: 1684054555644

	Sensor record
		Azimuth value: 5
		Pitch value: -51
		Roll value: 287
		Start timestamp: 1684054555645
		Finish timestamp: 1684054555739

	Sensor record
		Azimuth value: 358
		Pitch value: -31
		Roll value: 277
		Start timestamp: 1684054555740
		Finish timestamp: 1684054555926

	Sensor record
		Azimuth value: 355
		Pitch value: -23
		Roll value: 277
		Start timestamp: 1684054555927
		Finish timestamp: 1684054556128

	Sensor record
		Azimuth value: 355
		Pitch value: -19
		Roll value: 277
		Start timestamp: 1684054556129
		Finish timestamp: 1684054556431

	Sensor record
		Azimuth value: 354
		Pitch value: -20
		Roll value: 279
		Start timestamp: 1684054556432
		Finish timestamp: 1684054556633

	Sensor record
		Azimuth value: 353
		Pitch value: -23
		Roll value: 281
		Start timestamp: 1684054556634
		Finish timestamp: 1684054556739

	Sensor record
		Azimuth value: 353
		Pitch value: -28
		Roll value: 284
		Start timestamp: 1684054556740
		Finish timestamp: 1684054556935

	Sensor record
		Azimuth value: 354
		Pitch value: -36
		Roll value: 288
		Start timestamp: 1684054556936
		Finish timestamp: 1684054557137

	Sensor record
		Azimuth value: 357
		Pitch value: -45
		Roll value: 295
		Start timestamp: 1684054557138
		Finish timestamp: 1684054557439

	Sensor record
		Azimuth value: 8
		Pitch value: -57
		Roll value: 310
		Start timestamp: 1684054557440
		Finish timestamp: 1684054557641

	Sensor record
		Azimuth value: 57
		Pitch value: -73
		Roll value: 5
		Start timestamp: 1684054557642
		Finish timestamp: 1684054557738

	Sensor record
		Azimuth value: 75
		Pitch value: -72
		Roll value: 38
		Start timestamp: 1684054557739
		Finish timestamp: 1684054557943

	Sensor record
		Azimuth value: 82
		Pitch value: -67
		Roll value: 51
		Start timestamp: 1684054557944
		Finish timestamp: 1684054558146

	Sensor record
		Azimuth value: 81
		Pitch value: -63
		Roll value: 50
		Start timestamp: 1684054558147
		Finish timestamp: 1684054558427

	Sensor record
		Azimuth value: 79
		Pitch value: -61
		Roll value: 45
		Start timestamp: 1684054558428
		Finish timestamp: 1684054558629

	Sensor record
		Azimuth value: 77
		Pitch value: -58
		Roll value: 42
		Start timestamp: 1684054558630
		Finish timestamp: 1684054558738

	Sensor record
		Azimuth value: 72
		Pitch value: -59
		Roll value: 32
		Start timestamp: 1684054558739
		Finish timestamp: 1684054558931

	Sensor record
		Azimuth value: 48
		Pitch value: -58
		Roll value: 359
		Start timestamp: 1684054558932
		Finish timestamp: 1684054559134

	Sensor record
		Azimuth value: 45
		Pitch value: -57
		Roll value: 352
		Start timestamp: 1684054559135
		Finish timestamp: 1684054559437

	Sensor record
		Azimuth value: 43
		Pitch value: -56
		Roll value: 347
		Start timestamp: 1684054559438
		Finish timestamp: 1684054559639

	Sensor record
		Azimuth value: 38
		Pitch value: -57
		Roll value: 339
		Start timestamp: 1684054559640
		Finish timestamp: 1684054559739

	Sensor record
		Azimuth value: 31
		Pitch value: -56
		Roll value: 330
		Start timestamp: 1684054559740
		Finish timestamp: 1684054559943

	Sensor record
		Azimuth value: 27
		Pitch value: -55
		Roll value: 323
		Start timestamp: 1684054559944
		Finish timestamp: 1684054560141

	Sensor record
		Azimuth value: 15
		Pitch value: -51
		Roll value: 306
		Start timestamp: 1684054560142
		Finish timestamp: 1684054560427

	Sensor record
		Azimuth value: 2
		Pitch value: -39
		Roll value: 286
		Start timestamp: 1684054560428
		Finish timestamp: 1684054560627

	Sensor record
		Azimuth value: 355
		Pitch value: -25
		Roll value: 273
		Start timestamp: 1684054560628
		Finish timestamp: 1684054560739

	Sensor record
		Azimuth value: 359
		Pitch value: -9
		Roll value: 272
		Start timestamp: 1684054560740
		Finish timestamp: 1684054560928

	Sensor record
		Azimuth value: 9
		Pitch value: -2
		Roll value: 306
		Start timestamp: 1684054560929
		Finish timestamp: 1684054561130

	Sensor record
		Azimuth value: 9
		Pitch value: 3
		Roll value: 339
		Start timestamp: 1684054561131
		Finish timestamp: 1684054561437

	Sensor record
		Azimuth value: 28
		Pitch value: -8
		Roll value: 346
		Start timestamp: 1684054561438
		Finish timestamp: 1684054561637

	Sensor record
		Azimuth value: 14
		Pitch value: -26
		Roll value: 349
		Start timestamp: 1684054561638
		Finish timestamp: 1684054561739

	Sensor record
		Azimuth value: 22
		Pitch value: -16
		Roll value: 20
		Start timestamp: 1684054561740
		Finish timestamp: 1684054561937

	Sensor record
		Azimuth value: 18
		Pitch value: -17
		Roll value: 19
		Start timestamp: 1684054561938
		Finish timestamp: 1684054562142

	Sensor record
		Azimuth value: 33
		Pitch value: -14
		Roll value: 35
		Start timestamp: 1684054562143
		Finish timestamp: 1684054562441

	Sensor record
		Azimuth value: 41
		Pitch value: -20
		Roll value: 23
		Start timestamp: 1684054562442
		Finish timestamp: 1684054562644

	Sensor record
		Azimuth value: 34
		Pitch value: -31
		Roll value: 15
		Start timestamp: 1684054562645
		Finish timestamp: 1684054562927

	Sensor record
		Azimuth value: 13
		Pitch value: -38
		Roll value: 2
		Start timestamp: 1684054562928
		Finish timestamp: 1684054563127

	Sensor record
		Azimuth value: 2
		Pitch value: -12
		Roll value: 333
		Start timestamp: 1684054563128
		Finish timestamp: 1684054563239

	Sensor record
		Azimuth value: 11
		Pitch value: -2
		Roll value: 336
		Start timestamp: 1684054563240
		Finish timestamp: 1684054563430

	Sensor record
		Azimuth value: 17
		Pitch value: -13
		Roll value: 353
		Start timestamp: 1684054563431
		Finish timestamp: 1684054563631

	Sensor record
		Azimuth value: 17
		Pitch value: -22
		Roll value: 359
		Start timestamp: 1684054563632
		Finish timestamp: 1684054563936

	Sensor record
		Azimuth value: 27
		Pitch value: -38
		Roll value: 9
		Start timestamp: 1684054563937
		Finish timestamp: 1684054564134

	Sensor record
		Azimuth value: 36
		Pitch value: -45
		Roll value: 22
		Start timestamp: 1684054564135
		Finish timestamp: 1684054564239

	Sensor record
		Azimuth value: 56
		Pitch value: -43
		Roll value: 30
		Start timestamp: 1684054564240
		Finish timestamp: 1684054564442

	Sensor record
		Azimuth value: 69
		Pitch value: -44
		Roll value: 34
		Start timestamp: 1684054564443
		Finish timestamp: 1684054564640

	Sensor record
		Azimuth value: 70
		Pitch value: -48
		Roll value: 32
		Start timestamp: 1684054564641
		Finish timestamp: 1684054564942

	Sensor record
		Azimuth value: 62
		Pitch value: -57
		Roll value: 21
		Start timestamp: 1684054564943
		Finish timestamp: 1684054565144

	Sensor record
		Azimuth value: 31
		Pitch value: -63
		Roll value: 347
		Start timestamp: 1684054565145
		Finish timestamp: 1684054565239

	Sensor record
		Azimuth value: 5
		Pitch value: -57
		Roll value: 328
		Start timestamp: 1684054565240
		Finish timestamp: 1684054565427

	Sensor record
		Azimuth value: 351
		Pitch value: -50
		Roll value: 321
		Start timestamp: 1684054565428
		Finish timestamp: 1684054565628

	Sensor record
		Azimuth value: 348
		Pitch value: -49
		Roll value: 322
		Start timestamp: 1684054565629
		Finish timestamp: 1684054565930

	Sensor record
		Azimuth value: 356
		Pitch value: -38
		Roll value: 342
		Start timestamp: 1684054565931
		Finish timestamp: 1684054566132

	Sensor record
		Azimuth value: 351
		Pitch value: -23
		Roll value: 1
		Start timestamp: 1684054566133
		Finish timestamp: 1684054566240

	Sensor record
		Azimuth value: 344
		Pitch value: -7
		Roll value: 11
		Start timestamp: 1684054566241
		Finish timestamp: 1684054566436

	Sensor record
		Azimuth value: 344
		Pitch value: -5
		Roll value: 11
		Start timestamp: 1684054566437
		Finish timestamp: 1684054566638

	Sensor record
		Azimuth value: 19
		Pitch value: 0
		Roll value: 18
		Start timestamp: 1684054566639
		Finish timestamp: 1684054566941

	Sensor record
		Azimuth value: 47
		Pitch value: 2
		Roll value: 26
		Start timestamp: 1684054566942
		Finish timestamp: 1684054567140

	Sensor record
		Azimuth value: 44
		Pitch value: 0
		Roll value: 35
		Start timestamp: 1684054567141
		Finish timestamp: 1684054567239

	Sensor record
		Azimuth value: 36
		Pitch value: -18
		Roll value: 38
		Start timestamp: 1684054567240
		Finish timestamp: 1684054567443

	Sensor record
		Azimuth value: 23
		Pitch value: -43
		Roll value: 38
		Start timestamp: 1684054567444
		Finish timestamp: 1684054567645

	Sensor record
		Azimuth value: 22
		Pitch value: -45
		Roll value: 24
		Start timestamp: 1684054567646
		Finish timestamp: 1684054567930

	Sensor record
		Azimuth value: 23
		Pitch value: -49
		Roll value: 21
		Start timestamp: 1684054567931
		Finish timestamp: 1684054568136

	Sensor record
		Azimuth value: 25
		Pitch value: -49
		Roll value: 24
		Start timestamp: 1684054568137
		Finish timestamp: 1684054568241

	Sensor record
		Azimuth value: 25
		Pitch value: -51
		Roll value: 27
		Start timestamp: 1684054568242
		Finish timestamp: 1684054568436

	Sensor record
		Azimuth value: 25
		Pitch value: -54
		Roll value: 28
		Start timestamp: 1684054568437
		Finish timestamp: 1684054568637

	Sensor record
		Azimuth value: 29
		Pitch value: -56
		Roll value: 32
		Start timestamp: 1684054568638
		Finish timestamp: 1684054568935

	Sensor record
		Azimuth value: 29
		Pitch value: -50
		Roll value: 34
		Start timestamp: 1684054568936
		Finish timestamp: 1684054569138

	Sensor record
		Azimuth value: 18
		Pitch value: -11
		Roll value: 35
		Start timestamp: 1684054569139
		Finish timestamp: 1684054569238

	Sensor record
		Azimuth value: 11
		Pitch value: -9
		Roll value: 36
		Start timestamp: 1684054569239
		Finish timestamp: 1684054569442

	Sensor record
		Azimuth value: 8
		Pitch value: -32
		Roll value: 38
		Start timestamp: 1684054569443
		Finish timestamp: 1684054569642

	Sensor record
		Azimuth value: 8
		Pitch value: -41
		Roll value: 43
		Start timestamp: 1684054569643
		Finish timestamp: 1684054569926

	Sensor record
		Azimuth value: 24
		Pitch value: -47
		Roll value: 59
		Start timestamp: 1684054569927
		Finish timestamp: 1684054570128

	Sensor record
		Azimuth value: 34
		Pitch value: -52
		Roll value: 79
		Start timestamp: 1684054570129
		Finish timestamp: 1684054570238

	Sensor record
		Azimuth value: 53
		Pitch value: -54
		Roll value: 104
		Start timestamp: 1684054570239
		Finish timestamp: 1684054570428

	Sensor record
		Azimuth value: 54
		Pitch value: -56
		Roll value: 119
		Start timestamp: 1684054570429
		Finish timestamp: 1684054570634

	Sensor record
		Azimuth value: 91
		Pitch value: -43
		Roll value: 168
		Start timestamp: 1684054570635
		Finish timestamp: 1684054570934

	Sensor record
		Azimuth value: 105
		Pitch value: -5
		Roll value: 192
		Start timestamp: 1684054570935
		Finish timestamp: 1684054571139

	Sensor record
		Azimuth value: 98
		Pitch value: 0
		Roll value: 182
		Start timestamp: 1684054571140
		Finish timestamp: 1684054571238

	Sensor record
		Azimuth value: 101
		Pitch value: -27
		Roll value: 152
		Start timestamp: 1684054571239
		Finish timestamp: 1684054571438

	Sensor record
		Azimuth value: 72
		Pitch value: -48
		Roll value: 88
		Start timestamp: 1684054571439
		Finish timestamp: 1684054571640

	Sensor record
		Azimuth value: 28
		Pitch value: -18
		Roll value: 34
		Start timestamp: 1684054571641
		Finish timestamp: 1684054571942

	Sensor record
		Azimuth value: 8
		Pitch value: -21
		Roll value: 34
		Start timestamp: 1684054571943
		Finish timestamp: 1684054572148

	Sensor record
		Azimuth value: 2
		Pitch value: -26
		Roll value: 34
		Start timestamp: 1684054572149
		Finish timestamp: 1684054572238

	Sensor record
		Azimuth value: 3
		Pitch value: -23
		Roll value: 33
		Start timestamp: 1684054572239
		Finish timestamp: 1684054572425

	Sensor record
		Azimuth value: 2
		Pitch value: -24
		Roll value: 35
		Start timestamp: 1684054572426
		Finish timestamp: 1684054572627

	Sensor record
		Azimuth value: 3
		Pitch value: -25
		Roll value: 35
		Start timestamp: 1684054572628
		Finish timestamp: 1684054572930

	Sensor record
		Azimuth value: 10
		Pitch value: -26
		Roll value: 36
		Start timestamp: 1684054572931
		Finish timestamp: 1684054573131

	Sensor record
		Azimuth value: 7
		Pitch value: -27
		Roll value: 26
		Start timestamp: 1684054573132
		Finish timestamp: 1684054573244

	Sensor record
		Azimuth value: 19
		Pitch value: -26
		Roll value: 20
		Start timestamp: 1684054573245
		Finish timestamp: 1684054573436

	Sensor record
		Azimuth value: 29
		Pitch value: -26
		Roll value: 21
		Start timestamp: 1684054573437
		Finish timestamp: 1684054573638

	Sensor record
		Azimuth value: 31
		Pitch value: -26
		Roll value: 23
		Start timestamp: 1684054573639
		Finish timestamp: 1684054573937

	Sensor record
		Azimuth value: 31
		Pitch value: -25
		Roll value: 24
		Start timestamp: 1684054573938
		Finish timestamp: 1684054574140

	Sensor record
		Azimuth value: 33
		Pitch value: -25
		Roll value: 25
		Start timestamp: 1684054574141
		Finish timestamp: 1684054574239

	Sensor record
		Azimuth value: 33
		Pitch value: -24
		Roll value: 24
		Start timestamp: 1684054574240
		Finish timestamp: 1684054574444

	Sensor record
		Azimuth value: 34
		Pitch value: -24
		Roll value: 24
		Start timestamp: 1684054574445
		Finish timestamp: 1684054574645

	Sensor record
		Azimuth value: 38
		Pitch value: -24
		Roll value: 24
		Start timestamp: 1684054574646
		Finish timestamp: 1684054574926

	Sensor record
		Azimuth value: 39
		Pitch value: -22
		Roll value: 25
		Start timestamp: 1684054574927
		Finish timestamp: 1684054575128

	Sensor record
		Azimuth value: 44
		Pitch value: -17
		Roll value: 27
		Start timestamp: 1684054575129
		Finish timestamp: 1684054575431

	Sensor record
		Azimuth value: 53
		Pitch value: -24
		Roll value: 17
		Start timestamp: 1684054575432
		Finish timestamp: 1684054575635

	Sensor record
		Azimuth value: 41
		Pitch value: -20
		Roll value: 10
		Start timestamp: 1684054575636
		Finish timestamp: 1684054575740

	Sensor record
		Azimuth value: 32
		Pitch value: -21
		Roll value: 9
		Start timestamp: 1684054575741
		Finish timestamp: 1684054575936

	Sensor record
		Azimuth value: 33
		Pitch value: -24
		Roll value: 7
		Start timestamp: 1684054575937
		Finish timestamp: 1684054576137

	Sensor record
		Azimuth value: 34
		Pitch value: -26
		Roll value: 8
		Start timestamp: 1684054576138
		Finish timestamp: 1684054576438

	Sensor record
		Azimuth value: 35
		Pitch value: -27
		Roll value: 7
		Start timestamp: 1684054576439
		Finish timestamp: 1684054576642

	Sensor record
		Azimuth value: 36
		Pitch value: -27
		Roll value: 7
		Start timestamp: 1684054576643
		Finish timestamp: 1684054576739

	Sensor record
		Azimuth value: 35
		Pitch value: -26
		Roll value: 6
		Start timestamp: 1684054576740
		Finish timestamp: 1684054576960

	Sensor record
		Azimuth value: 37
		Pitch value: -23
		Roll value: 10
		Start timestamp: 1684054576961
		Finish timestamp: 1684054577169

	Sensor record
		Azimuth value: 29
		Pitch value: -27
		Roll value: 10
		Start timestamp: 1684054577170
		Finish timestamp: 1684054577442

	Sensor record
		Azimuth value: 30
		Pitch value: -26
		Roll value: 9
		Start timestamp: 1684054577443
		Finish timestamp: 1684054577735

	Sensor record
		Azimuth value: 34
		Pitch value: -24
		Roll value: 5
		Start timestamp: 1684054577736
		Finish timestamp: 1684054577742

	Sensor record
		Azimuth value: 34
		Pitch value: -24
		Roll value: 4
		Start timestamp: 1684054577743
		Finish timestamp: 1684054577932

	Sensor record
		Azimuth value: 32
		Pitch value: -36
		Roll value: 2
		Start timestamp: 1684054577933
		Finish timestamp: 1684054579933

	Sensor record
		Azimuth value: 90
		Pitch value: 0
		Roll value: 359
		Start timestamp: 1684054579934
		Finish timestamp: 1684054580170

	Sensor record
		Azimuth value: 0
		Pitch value: -32
		Roll value: 1
		Start timestamp: 1684054580171
		Finish timestamp: 1684054580240

	Sensor record
		Azimuth value: 357
		Pitch value: -31
		Roll value: 359
		Start timestamp: 1684054580241
		Finish timestamp: 1684054580437

	Sensor record
		Azimuth value: 1
		Pitch value: -32
		Roll value: 0
		Start timestamp: 1684054580438
		Finish timestamp: 1684054580638

	Sensor record
		Azimuth value: 0
		Pitch value: -31
		Roll value: 0
		Start timestamp: 1684054580639
		Finish timestamp: 1684054580937

	Sensor record
		Azimuth value: 355
		Pitch value: -30
		Roll value: 352
		Start timestamp: 1684054580938
		Finish timestamp: 1684054581139

	Sensor record
		Azimuth value: 348
		Pitch value: -20
		Roll value: 346
		Start timestamp: 1684054581140
		Finish timestamp: 1684054581238

	Sensor record
		Azimuth value: 321
		Pitch value: -15
		Roll value: 2
		Start timestamp: 1684054581239
		Finish timestamp: 1684054581440

	Sensor record
		Azimuth value: 307
		Pitch value: -18
		Roll value: 5
		Start timestamp: 1684054581441
		Finish timestamp: 1684054581644

	Sensor record
		Azimuth value: 309
		Pitch value: -15
		Roll value: 359
		Start timestamp: 1684054581645
		Finish timestamp: 1684054581925

	Sensor record
		Azimuth value: 331
		Pitch value: -17
		Roll value: 0
		Start timestamp: 1684054581926
		Finish timestamp: 1684054582128

	Sensor record
		Azimuth value: 348
		Pitch value: -17
		Roll value: 358
		Start timestamp: 1684054582129
		Finish timestamp: 1684054582429

	Sensor record
		Azimuth value: 1
		Pitch value: -13
		Roll value: 0
		Start timestamp: 1684054582430
		Finish timestamp: 1684054582634

	Sensor record
		Azimuth value: 347
		Pitch value: -9
		Roll value: 0
		Start timestamp: 1684054582635
		Finish timestamp: 1684054582739

	Sensor record
		Azimuth value: 344
		Pitch value: -11
		Roll value: 0
		Start timestamp: 1684054582740
		Finish timestamp: 1684054582936

	Sensor record
		Azimuth value: 346
		Pitch value: -13
		Roll value: 2
		Start timestamp: 1684054582937
		Finish timestamp: 1684054583135

	Sensor record
		Azimuth value: 344
		Pitch value: -15
		Roll value: 4
		Start timestamp: 1684054583136
		Finish timestamp: 1684054583438

	Sensor record
		Azimuth value: 345
		Pitch value: -19
		Roll value: 9
		Start timestamp: 1684054583439
		Finish timestamp: 1684054583639

	Sensor record
		Azimuth value: 341
		Pitch value: -23
		Roll value: 4
		Start timestamp: 1684054583640
		Finish timestamp: 1684054583796

	Sensor record
		Azimuth value: 348
		Pitch value: -31
		Roll value: 6
		Start timestamp: 1684054583797
		Finish timestamp: 1684054584040

	Sensor record
		Azimuth value: 356
		Pitch value: -36
		Roll value: 5
		Start timestamp: 1684054584041

