
LIST OF ALL SENSOR TEXT RECORDS

	Sensor record
		Azimuth value: north
		Pitch value: east
		Roll value: north
		Start timestamp: 1684054507236
		Finish timestamp: 1684054522323

	Sensor record
		Azimuth value: north
		Pitch value: north
		Roll value: north
		Start timestamp: 1684054522324
		Finish timestamp: 1684054522726

	Sensor record
		Azimuth value: north
		Pitch value: north
		Roll value: west
		Start timestamp: 1684054522727
		Finish timestamp: 1684054522738

	Sensor record
		Azimuth value: north
		Pitch value: east
		Roll value: north
		Start timestamp: 1684054522739
		Finish timestamp: 1684054522929

	Sensor record
		Azimuth value: west
		Pitch value: east
		Roll value: north
		Start timestamp: 1684054522930
		Finish timestamp: 1684054523534

	Sensor record
		Azimuth value: north
		Pitch value: east
		Roll value: east
		Start timestamp: 1684054523535
		Finish timestamp: 1684054524208

	Sensor record
		Azimuth value: east
		Pitch value: north
		Roll value: south
		Start timestamp: 1684054524209
		Finish timestamp: 1684054524448

	Sensor record
		Azimuth value: north
		Pitch value: north
		Roll value: east
		Start timestamp: 1684054524449
		Finish timestamp: 1684054525242

	Sensor record
		Azimuth value: east
		Pitch value: north
		Roll value: south
		Start timestamp: 1684054525243
		Finish timestamp: 1684054525431

	Sensor record
		Azimuth value: north
		Pitch value: north
		Roll value: east
		Start timestamp: 1684054525432
		Finish timestamp: 1684054526139

	Sensor record
		Azimuth value: north
		Pitch value: east
		Roll value: north
		Start timestamp: 1684054526140
		Finish timestamp: 1684054527144

	Sensor record
		Azimuth value: north
		Pitch value: north
		Roll value: north
		Start timestamp: 1684054527145
		Finish timestamp: 1684054527629

	Sensor record
		Azimuth value: north
		Pitch value: east
		Roll value: north
		Start timestamp: 1684054527630
		Finish timestamp: 1684054527740

	Sensor record
		Azimuth value: east
		Pitch value: east
		Roll value: north
		Start timestamp: 1684054527741
		Finish timestamp: 1684054528133

	Sensor record
		Azimuth value: east
		Pitch value: north
		Roll value: north
		Start timestamp: 1684054528134
		Finish timestamp: 1684054528437

	Sensor record
		Azimuth value: north
		Pitch value: east
		Roll value: north
		Start timestamp: 1684054528438
		Finish timestamp: 1684054530641

	Sensor record
		Azimuth value: east
		Pitch value: east
		Roll value: north
		Start timestamp: 1684054530642
		Finish timestamp: 1684054555444

	Sensor record
		Azimuth value: east
		Pitch value: north
		Roll value: north
		Start timestamp: 1684054555445
		Finish timestamp: 1684054555645

	Sensor record
		Azimuth value: north
		Pitch value: north
		Roll value: west
		Start timestamp: 1684054555646
		Finish timestamp: 1684054557643

	Sensor record
		Azimuth value: east
		Pitch value: north
		Roll value: north
		Start timestamp: 1684054557644
		Finish timestamp: 1684054557943

	Sensor record
		Azimuth value: east
		Pitch value: north
		Roll value: east
		Start timestamp: 1684054557944
		Finish timestamp: 1684054558427

	Sensor record
		Azimuth value: east
		Pitch value: north
		Roll value: northeast
		Start timestamp: 1684054558428
		Finish timestamp: 1684054558630

	Sensor record
		Azimuth value: east
		Pitch value: north
		Roll value: north
		Start timestamp: 1684054558631
		Finish timestamp: 1684054559135

	Sensor record
		Azimuth value: northeast
		Pitch value: north
		Roll value: north
		Start timestamp: 1684054559136
		Finish timestamp: 1684054559438

	Sensor record
		Azimuth value: north
		Pitch value: north
		Roll value: north
		Start timestamp: 1684054559439
		Finish timestamp: 1684054560141

	Sensor record
		Azimuth value: north
		Pitch value: north
		Roll value: west
		Start timestamp: 1684054560142
		Finish timestamp: 1684054561131

	Sensor record
		Azimuth value: north
		Pitch value: east
		Roll value: north
		Start timestamp: 1684054561132
		Finish timestamp: 1684054564135

	Sensor record
		Azimuth value: north
		Pitch value: northeast
		Roll value: north
		Start timestamp: 1684054564136
		Finish timestamp: 1684054564240

	Sensor record
		Azimuth value: east
		Pitch value: east
		Roll value: north
		Start timestamp: 1684054564241
		Finish timestamp: 1684054564641

	Sensor record
		Azimuth value: east
		Pitch value: north
		Roll value: north
		Start timestamp: 1684054564642
		Finish timestamp: 1684054565144

	Sensor record
		Azimuth value: north
		Pitch value: north
		Roll value: north
		Start timestamp: 1684054565145
		Finish timestamp: 1684054565931

	Sensor record
		Azimuth value: north
		Pitch value: east
		Roll value: north
		Start timestamp: 1684054565932
		Finish timestamp: 1684054566941

	Sensor record
		Azimuth value: east
		Pitch value: east
		Roll value: north
		Start timestamp: 1684054566942
		Finish timestamp: 1684054567140

	Sensor record
		Azimuth value: north
		Pitch value: east
		Roll value: north
		Start timestamp: 1684054567141
		Finish timestamp: 1684054567645

	Sensor record
		Azimuth value: north
		Pitch value: northeast
		Roll value: north
		Start timestamp: 1684054567646
		Finish timestamp: 1684054567931

	Sensor record
		Azimuth value: north
		Pitch value: north
		Roll value: north
		Start timestamp: 1684054567932
		Finish timestamp: 1684054569139

	Sensor record
		Azimuth value: north
		Pitch value: east
		Roll value: north
		Start timestamp: 1684054569140
		Finish timestamp: 1684054569928

	Sensor record
		Azimuth value: north
		Pitch value: east
		Roll value: east
		Start timestamp: 1684054569929
		Finish timestamp: 1684054570238

	Sensor record
		Azimuth value: east
		Pitch value: east
		Roll value: east
		Start timestamp: 1684054570239
		Finish timestamp: 1684054570638

	Sensor record
		Azimuth value: east
		Pitch value: west
		Roll value: south
		Start timestamp: 1684054570639
		Finish timestamp: 1684054571439

	Sensor record
		Azimuth value: east
		Pitch value: west
		Roll value: east
		Start timestamp: 1684054571440
		Finish timestamp: 1684054571641

	Sensor record
		Azimuth value: north
		Pitch value: east
		Roll value: north
		Start timestamp: 1684054571642
		Finish timestamp: 1684054575431

	Sensor record
		Azimuth value: east
		Pitch value: east
		Roll value: north
		Start timestamp: 1684054575432
		Finish timestamp: 1684054575636

	Sensor record
		Azimuth value: north
		Pitch value: east
		Roll value: north
		Start timestamp: 1684054575637
		Finish timestamp: 1684054579934

	Sensor record
		Azimuth value: east
		Pitch value: east
		Roll value: north
		Start timestamp: 1684054579935
		Finish timestamp: 1684054580170

	Sensor record
		Azimuth value: north
		Pitch value: east
		Roll value: north
		Start timestamp: 1684054580171
		Finish timestamp: 1684054581441

	Sensor record
		Azimuth value: west
		Pitch value: east
		Roll value: north
		Start timestamp: 1684054581442
		Finish timestamp: 1684054581925

	Sensor record
		Azimuth value: north
		Pitch value: east
		Roll value: north
		Start timestamp: 1684054581926

