
LIST OF ALL SENSOR TEXT RECORDS

	Sensor record
		Azimuth value: north
		Pitch value: east
		Roll value: north
		Start timestamp: 1685713197658
		Finish timestamp: 1685713215381

	Sensor record
		Azimuth value: north
		Pitch value: north
		Roll value: north
		Start timestamp: 1685713215382
		Finish timestamp: 1685713219618

	Sensor record
		Azimuth value: north
		Pitch value: northeast
		Roll value: north
		Start timestamp: 1685713219619
		Finish timestamp: 1685713219820

	Sensor record
		Azimuth value: north
		Pitch value: east
		Roll value: north
		Start timestamp: 1685713219821
		Finish timestamp: 1685713224863

	Sensor record
		Azimuth value: north
		Pitch value: north
		Roll value: north
		Start timestamp: 1685713224864
		Finish timestamp: 1685713225871

	Sensor record
		Azimuth value: north
		Pitch value: northeast
		Roll value: north
		Start timestamp: 1685713225872
		Finish timestamp: 1685713227283

	Sensor record
		Azimuth value: north
		Pitch value: east
		Roll value: north
		Start timestamp: 1685713227284

