
LIST OF ALL SENSOR NUMBER RECORDS

	Sensor record
		Azimuth value: 0
		Pitch value: 2
		Roll value: 0
		Start timestamp: 1683990595170
		Finish timestamp: 1683990595345

	Sensor record
		Azimuth value: 0
		Pitch value: 2
		Roll value: 359
		Start timestamp: 1683990595346
		Finish timestamp: 1683990598371

	Sensor record
		Azimuth value: 359
		Pitch value: 2
		Roll value: 0
		Start timestamp: 1683990598372
		Finish timestamp: 1683990598573

	Sensor record
		Azimuth value: 0
		Pitch value: 2
		Roll value: 359
		Start timestamp: 1683990598574
		Finish timestamp: 1683990602606

	Sensor record
		Azimuth value: 3
		Pitch value: 8
		Roll value: 353
		Start timestamp: 1683990602607
		Finish timestamp: 1683990602610

	Sensor record
		Azimuth value: 5
		Pitch value: 3
		Roll value: 319
		Start timestamp: 1683990602611
		Finish timestamp: 1683990602809

	Sensor record
		Azimuth value: 358
		Pitch value: -29
		Roll value: 304
		Start timestamp: 1683990602810
		Finish timestamp: 1683990603020

	Sensor record
		Azimuth value: 349
		Pitch value: -59
		Roll value: 298
		Start timestamp: 1683990603021
		Finish timestamp: 1683990603213

	Sensor record
		Azimuth value: 7
		Pitch value: -66
		Roll value: 340
		Start timestamp: 1683990603214
		Finish timestamp: 1683990603416

	Sensor record
		Azimuth value: 44
		Pitch value: -60
		Roll value: 15
		Start timestamp: 1683990603417
		Finish timestamp: 1683990603426

	Sensor record
		Azimuth value: 68
		Pitch value: -45
		Roll value: 38
		Start timestamp: 1683990603427
		Finish timestamp: 1683990603615

	Sensor record
		Azimuth value: 46
		Pitch value: -20
		Roll value: 34
		Start timestamp: 1683990603616
		Finish timestamp: 1683990603818

	Sensor record
		Azimuth value: 43
		Pitch value: -15
		Roll value: 15
		Start timestamp: 1683990603819
		Finish timestamp: 1683990604020

	Sensor record
		Azimuth value: 43
		Pitch value: -28
		Roll value: 338
		Start timestamp: 1683990604021
		Finish timestamp: 1683990604485

	Sensor record
		Azimuth value: 59
		Pitch value: -36
		Roll value: 335
		Start timestamp: 1683990604486
		Finish timestamp: 1683990604490

	Sensor record
		Azimuth value: 87
		Pitch value: -23
		Roll value: 24
		Start timestamp: 1683990604491
		Finish timestamp: 1683990604533

	Sensor record
		Azimuth value: 32
		Pitch value: -19
		Roll value: 43
		Start timestamp: 1683990604534
		Finish timestamp: 1683990604729

	Sensor record
		Azimuth value: 57
		Pitch value: -19
		Roll value: 56
		Start timestamp: 1683990604730
		Finish timestamp: 1683990604928

	Sensor record
		Azimuth value: 41
		Pitch value: -22
		Roll value: 61
		Start timestamp: 1683990604929
		Finish timestamp: 1683990605210

	Sensor record
		Azimuth value: 26
		Pitch value: -40
		Roll value: 38
		Start timestamp: 1683990605211
		Finish timestamp: 1683990605412

	Sensor record
		Azimuth value: 9
		Pitch value: -43
		Roll value: 7
		Start timestamp: 1683990605413
		Finish timestamp: 1683990605525

	Sensor record
		Azimuth value: 350
		Pitch value: -37
		Roll value: 351
		Start timestamp: 1683990605526
		Finish timestamp: 1683990605716

	Sensor record
		Azimuth value: 358
		Pitch value: -34
		Roll value: 9
		Start timestamp: 1683990605717
		Finish timestamp: 1683990605916

	Sensor record
		Azimuth value: 17
		Pitch value: -21
		Roll value: 46
		Start timestamp: 1683990605917
		Finish timestamp: 1683990606221

	Sensor record
		Azimuth value: 34
		Pitch value: -6
		Roll value: 69
		Start timestamp: 1683990606222
		Finish timestamp: 1683990606426

	Sensor record
		Azimuth value: 31
		Pitch value: -29
		Roll value: 37
		Start timestamp: 1683990606427
		Finish timestamp: 1683990606525

	Sensor record
		Azimuth value: 14
		Pitch value: -30
		Roll value: 1
		Start timestamp: 1683990606526
		Finish timestamp: 1683990606724

	Sensor record
		Azimuth value: 354
		Pitch value: -21
		Roll value: 358
		Start timestamp: 1683990606725
		Finish timestamp: 1683990606926

	Sensor record
		Azimuth value: 340
		Pitch value: -14
		Roll value: 3
		Start timestamp: 1683990606927
		Finish timestamp: 1683990607227

	Sensor record
		Azimuth value: 333
		Pitch value: -10
		Roll value: 6
		Start timestamp: 1683990607228
		Finish timestamp: 1683990607429

	Sensor record
		Azimuth value: 334
		Pitch value: -5
		Roll value: 8
		Start timestamp: 1683990607430
		Finish timestamp: 1683990607712

	Sensor record
		Azimuth value: 337
		Pitch value: -1
		Roll value: 10
		Start timestamp: 1683990607713
		Finish timestamp: 1683990607912

	Sensor record
		Azimuth value: 338
		Pitch value: 0
		Roll value: 9
		Start timestamp: 1683990607913
		Finish timestamp: 1683990608025

	Sensor record
		Azimuth value: 338
		Pitch value: -1
		Roll value: 9
		Start timestamp: 1683990608026
		Finish timestamp: 1683990608216

	Sensor record
		Azimuth value: 338
		Pitch value: -1
		Roll value: 12
		Start timestamp: 1683990608217
		Finish timestamp: 1683990608418

	Sensor record
		Azimuth value: 338
		Pitch value: -1
		Roll value: 11
		Start timestamp: 1683990608419
		Finish timestamp: 1683990608721

	Sensor record
		Azimuth value: 338
		Pitch value: 0
		Roll value: 7
		Start timestamp: 1683990608722
		Finish timestamp: 1683990608923

	Sensor record
		Azimuth value: 338
		Pitch value: 1
		Roll value: 4
		Start timestamp: 1683990608924
		Finish timestamp: 1683990609027

	Sensor record
		Azimuth value: 338
		Pitch value: 1
		Roll value: 2
		Start timestamp: 1683990609028
		Finish timestamp: 1683990609225

	Sensor record
		Azimuth value: 338
		Pitch value: 2
		Roll value: 1
		Start timestamp: 1683990609226
		Finish timestamp: 1683990609727

	Sensor record
		Azimuth value: 338
		Pitch value: 2
		Roll value: 0
		Start timestamp: 1683990609728
		Finish timestamp: 1683990611725

	Sensor record
		Azimuth value: 338
		Pitch value: 2
		Roll value: 359
		Start timestamp: 1683990611726
		Finish timestamp: 1683990614025

	Sensor record
		Azimuth value: 338
		Pitch value: 2
		Roll value: 0
		Start timestamp: 1683990614026

