
LIST OF ALL SENSOR NUMBER RECORDS

	Sensor record
		Azimuth value: 0
		Pitch value: -27
		Roll value: 0
		Start timestamp: 1684052604002
		Finish timestamp: 1684052604186

	Sensor record
		Azimuth value: 0
		Pitch value: -32
		Roll value: 355
		Start timestamp: 1684052604187
		Finish timestamp: 1684052604488

	Sensor record
		Azimuth value: 359
		Pitch value: -31
		Roll value: 354
		Start timestamp: 1684052604489
		Finish timestamp: 1684052604690

	Sensor record
		Azimuth value: 357
		Pitch value: -31
		Roll value: 355
		Start timestamp: 1684052604691
		Finish timestamp: 1684052604791

	Sensor record
		Azimuth value: 353
		Pitch value: -32
		Roll value: 356
		Start timestamp: 1684052604792
		Finish timestamp: 1684052604992

	Sensor record
		Azimuth value: 351
		Pitch value: -33
		Roll value: 355
		Start timestamp: 1684052604993
		Finish timestamp: 1684052605195

	Sensor record
		Azimuth value: 348
		Pitch value: -37
		Roll value: 353
		Start timestamp: 1684052605196
		Finish timestamp: 1684052605476

	Sensor record
		Azimuth value: 340
		Pitch value: -43
		Roll value: 350
		Start timestamp: 1684052605477
		Finish timestamp: 1684052605677

	Sensor record
		Azimuth value: 331
		Pitch value: -47
		Roll value: 344
		Start timestamp: 1684052605678
		Finish timestamp: 1684052605790

	Sensor record
		Azimuth value: 326
		Pitch value: -49
		Roll value: 339
		Start timestamp: 1684052605791
		Finish timestamp: 1684052605982

	Sensor record
		Azimuth value: 323
		Pitch value: -50
		Roll value: 337
		Start timestamp: 1684052605983
		Finish timestamp: 1684052606181

	Sensor record
		Azimuth value: 323
		Pitch value: -51
		Roll value: 338
		Start timestamp: 1684052606182
		Finish timestamp: 1684052606485

	Sensor record
		Azimuth value: 325
		Pitch value: -53
		Roll value: 340
		Start timestamp: 1684052606486
		Finish timestamp: 1684052606687

	Sensor record
		Azimuth value: 324
		Pitch value: -55
		Roll value: 338
		Start timestamp: 1684052606688
		Finish timestamp: 1684052606790

	Sensor record
		Azimuth value: 322
		Pitch value: -58
		Roll value: 335
		Start timestamp: 1684052606791
		Finish timestamp: 1684052606987

	Sensor record
		Azimuth value: 322
		Pitch value: -59
		Roll value: 335
		Start timestamp: 1684052606988
		Finish timestamp: 1684052607190

	Sensor record
		Azimuth value: 324
		Pitch value: -57
		Roll value: 336
		Start timestamp: 1684052607191
		Finish timestamp: 1684052607491

	Sensor record
		Azimuth value: 328
		Pitch value: -54
		Roll value: 341
		Start timestamp: 1684052607492
		Finish timestamp: 1684052607695

	Sensor record
		Azimuth value: 340
		Pitch value: -59
		Roll value: 352
		Start timestamp: 1684052607696
		Finish timestamp: 1684052607790

	Sensor record
		Azimuth value: 347
		Pitch value: -52
		Roll value: 352
		Start timestamp: 1684052607791
		Finish timestamp: 1684052607975

	Sensor record
		Azimuth value: 351
		Pitch value: -51
		Roll value: 351
		Start timestamp: 1684052607976
		Finish timestamp: 1684052608179

	Sensor record
		Azimuth value: 354
		Pitch value: -46
		Roll value: 350
		Start timestamp: 1684052608180
		Finish timestamp: 1684052608481

	Sensor record
		Azimuth value: 355
		Pitch value: -42
		Roll value: 348
		Start timestamp: 1684052608482
		Finish timestamp: 1684052608682

	Sensor record
		Azimuth value: 358
		Pitch value: -40
		Roll value: 346
		Start timestamp: 1684052608683
		Finish timestamp: 1684052608790

	Sensor record
		Azimuth value: 1
		Pitch value: -41
		Roll value: 345
		Start timestamp: 1684052608791
		Finish timestamp: 1684052608986

	Sensor record
		Azimuth value: 8
		Pitch value: -47
		Roll value: 347
		Start timestamp: 1684052608987
		Finish timestamp: 1684052609187

	Sensor record
		Azimuth value: 14
		Pitch value: -54
		Roll value: 352
		Start timestamp: 1684052609188
		Finish timestamp: 1684052609488

	Sensor record
		Azimuth value: 13
		Pitch value: -61
		Roll value: 357
		Start timestamp: 1684052609489
		Finish timestamp: 1684052609689

	Sensor record
		Azimuth value: 11
		Pitch value: -64
		Roll value: 359
		Start timestamp: 1684052609690
		Finish timestamp: 1684052609790

	Sensor record
		Azimuth value: 12
		Pitch value: -66
		Roll value: 1
		Start timestamp: 1684052609791
		Finish timestamp: 1684052609992

	Sensor record
		Azimuth value: 12
		Pitch value: -68
		Roll value: 2
		Start timestamp: 1684052609993
		Finish timestamp: 1684052610197

	Sensor record
		Azimuth value: 14
		Pitch value: -69
		Roll value: 4
		Start timestamp: 1684052610198
		Finish timestamp: 1684052610478

	Sensor record
		Azimuth value: 16
		Pitch value: -71
		Roll value: 6
		Start timestamp: 1684052610479
		Finish timestamp: 1684052610679

	Sensor record
		Azimuth value: 16
		Pitch value: -71
		Roll value: 7
		Start timestamp: 1684052610680
		Finish timestamp: 1684052610790

	Sensor record
		Azimuth value: 17
		Pitch value: -72
		Roll value: 9
		Start timestamp: 1684052610791
		Finish timestamp: 1684052610981

	Sensor record
		Azimuth value: 18
		Pitch value: -73
		Roll value: 10
		Start timestamp: 1684052610982
		Finish timestamp: 1684052611182

	Sensor record
		Azimuth value: 17
		Pitch value: -74
		Roll value: 10
		Start timestamp: 1684052611183
		Finish timestamp: 1684052611487

	Sensor record
		Azimuth value: 15
		Pitch value: -77
		Roll value: 8
		Start timestamp: 1684052611488
		Finish timestamp: 1684052611688

	Sensor record
		Azimuth value: 15
		Pitch value: -78
		Roll value: 7
		Start timestamp: 1684052611689
		Finish timestamp: 1684052611790

	Sensor record
		Azimuth value: 15
		Pitch value: -78
		Roll value: 6
		Start timestamp: 1684052611791
		Finish timestamp: 1684052611988

	Sensor record
		Azimuth value: 14
		Pitch value: -79
		Roll value: 5
		Start timestamp: 1684052611989
		Finish timestamp: 1684052612190

	Sensor record
		Azimuth value: 13
		Pitch value: -80
		Roll value: 4
		Start timestamp: 1684052612191
		Finish timestamp: 1684052612493

	Sensor record
		Azimuth value: 12
		Pitch value: -80
		Roll value: 3
		Start timestamp: 1684052612494
		Finish timestamp: 1684052612694

	Sensor record
		Azimuth value: 8
		Pitch value: -83
		Roll value: 358
		Start timestamp: 1684052612695
		Finish timestamp: 1684052612790

	Sensor record
		Azimuth value: 6
		Pitch value: -84
		Roll value: 355
		Start timestamp: 1684052612791
		Finish timestamp: 1684052612976

	Sensor record
		Azimuth value: 9
		Pitch value: -84
		Roll value: 358
		Start timestamp: 1684052612977
		Finish timestamp: 1684052613179

	Sensor record
		Azimuth value: 17
		Pitch value: -81
		Roll value: 6
		Start timestamp: 1684052613180
		Finish timestamp: 1684052613480

	Sensor record
		Azimuth value: 19
		Pitch value: -79
		Roll value: 11
		Start timestamp: 1684052613481
		Finish timestamp: 1684052613683

	Sensor record
		Azimuth value: 21
		Pitch value: -77
		Roll value: 15
		Start timestamp: 1684052613684
		Finish timestamp: 1684052613791

	Sensor record
		Azimuth value: 22
		Pitch value: -76
		Roll value: 17
		Start timestamp: 1684052613792
		Finish timestamp: 1684052613994

	Sensor record
		Azimuth value: 23
		Pitch value: -75
		Roll value: 19
		Start timestamp: 1684052613995
		Finish timestamp: 1684052614188

	Sensor record
		Azimuth value: 25
		Pitch value: -74
		Roll value: 21
		Start timestamp: 1684052614189
		Finish timestamp: 1684052614490

	Sensor record
		Azimuth value: 23
		Pitch value: -71
		Roll value: 21
		Start timestamp: 1684052614491
		Finish timestamp: 1684052614692

	Sensor record
		Azimuth value: 20
		Pitch value: -67
		Roll value: 18
		Start timestamp: 1684052614693
		Finish timestamp: 1684052614790

	Sensor record
		Azimuth value: 20
		Pitch value: -66
		Roll value: 18
		Start timestamp: 1684052614791
		Finish timestamp: 1684052614994

	Sensor record
		Azimuth value: 20
		Pitch value: -67
		Roll value: 18
		Start timestamp: 1684052614995
		Finish timestamp: 1684052615198

	Sensor record
		Azimuth value: 20
		Pitch value: -68
		Roll value: 18
		Start timestamp: 1684052615199
		Finish timestamp: 1684052615477

	Sensor record
		Azimuth value: 18
		Pitch value: -71
		Roll value: 17
		Start timestamp: 1684052615478
		Finish timestamp: 1684052615678

	Sensor record
		Azimuth value: 16
		Pitch value: -74
		Roll value: 14
		Start timestamp: 1684052615679
		Finish timestamp: 1684052615982

	Sensor record
		Azimuth value: 14
		Pitch value: -75
		Roll value: 11
		Start timestamp: 1684052615983
		Finish timestamp: 1684052616187

	Sensor record
		Azimuth value: 11
		Pitch value: -75
		Roll value: 7
		Start timestamp: 1684052616188
		Finish timestamp: 1684052616290

	Sensor record
		Azimuth value: 1
		Pitch value: -79
		Roll value: 358
		Start timestamp: 1684052616291
		Finish timestamp: 1684052616487

	Sensor record
		Azimuth value: 352
		Pitch value: -82
		Roll value: 349
		Start timestamp: 1684052616488
		Finish timestamp: 1684052616689

	Sensor record
		Azimuth value: 348
		Pitch value: -82
		Roll value: 346
		Start timestamp: 1684052616690
		Finish timestamp: 1684052616990

	Sensor record
		Azimuth value: 343
		Pitch value: -82
		Roll value: 341
		Start timestamp: 1684052616991
		Finish timestamp: 1684052617192

	Sensor record
		Azimuth value: 342
		Pitch value: -83
		Roll value: 339
		Start timestamp: 1684052617193
		Finish timestamp: 1684052617290

	Sensor record
		Azimuth value: 337
		Pitch value: -83
		Roll value: 335
		Start timestamp: 1684052617291
		Finish timestamp: 1684052617495

	Sensor record
		Azimuth value: 336
		Pitch value: -83
		Roll value: 333
		Start timestamp: 1684052617496
		Finish timestamp: 1684052617696

	Sensor record
		Azimuth value: 347
		Pitch value: -76
		Roll value: 344
		Start timestamp: 1684052617697
		Finish timestamp: 1684052617978

	Sensor record
		Azimuth value: 346
		Pitch value: -72
		Roll value: 347
		Start timestamp: 1684052617979
		Finish timestamp: 1684052618180

	Sensor record
		Azimuth value: 344
		Pitch value: -71
		Roll value: 345
		Start timestamp: 1684052618181
		Finish timestamp: 1684052618292

	Sensor record
		Azimuth value: 329
		Pitch value: -74
		Roll value: 330
		Start timestamp: 1684052618293
		Finish timestamp: 1684052618482

	Sensor record
		Azimuth value: 337
		Pitch value: -68
		Roll value: 337
		Start timestamp: 1684052618483
		Finish timestamp: 1684052618684

	Sensor record
		Azimuth value: 336
		Pitch value: -48
		Roll value: 338
		Start timestamp: 1684052618685
		Finish timestamp: 1684052618988

	Sensor record
		Azimuth value: 334
		Pitch value: -40
		Roll value: 346
		Start timestamp: 1684052618989
		Finish timestamp: 1684052619189

	Sensor record
		Azimuth value: 332
		Pitch value: -36
		Roll value: 350
		Start timestamp: 1684052619190
		Finish timestamp: 1684052619290

	Sensor record
		Azimuth value: 338
		Pitch value: -42
		Roll value: 350
		Start timestamp: 1684052619291
		Finish timestamp: 1684052619490

	Sensor record
		Azimuth value: 344
		Pitch value: -46
		Roll value: 351
		Start timestamp: 1684052619491
		Finish timestamp: 1684052619691

	Sensor record
		Azimuth value: 350
		Pitch value: -52
		Roll value: 356
		Start timestamp: 1684052619692
		Finish timestamp: 1684052619974

	Sensor record
		Azimuth value: 0
		Pitch value: -61
		Roll value: 2
		Start timestamp: 1684052619975
		Finish timestamp: 1684052620179

	Sensor record
		Azimuth value: 7
		Pitch value: -69
		Roll value: 6
		Start timestamp: 1684052620180
		Finish timestamp: 1684052620290

	Sensor record
		Azimuth value: 10
		Pitch value: -69
		Roll value: 9
		Start timestamp: 1684052620291
		Finish timestamp: 1684052620479

	Sensor record
		Azimuth value: 357
		Pitch value: -29
		Roll value: 351
		Start timestamp: 1684052620480
		Finish timestamp: 1684052620680

	Sensor record
		Azimuth value: 351
		Pitch value: -21
		Roll value: 343
		Start timestamp: 1684052620681
		Finish timestamp: 1684052620983

	Sensor record
		Azimuth value: 9
		Pitch value: -33
		Roll value: 5
		Start timestamp: 1684052620984
		Finish timestamp: 1684052621186

	Sensor record
		Azimuth value: 355
		Pitch value: -32
		Roll value: 29
		Start timestamp: 1684052621187
		Finish timestamp: 1684052621291

	Sensor record
		Azimuth value: 332
		Pitch value: -27
		Roll value: 36
		Start timestamp: 1684052621292
		Finish timestamp: 1684052621488

	Sensor record
		Azimuth value: 340
		Pitch value: -27
		Roll value: 24
		Start timestamp: 1684052621489
		Finish timestamp: 1684052621688

	Sensor record
		Azimuth value: 10
		Pitch value: -36
		Roll value: 43
		Start timestamp: 1684052621689
		Finish timestamp: 1684052621991

	Sensor record
		Azimuth value: 305
		Pitch value: -31
		Roll value: 343
		Start timestamp: 1684052621992
		Finish timestamp: 1684052622202

	Sensor record
		Azimuth value: 328
		Pitch value: -9
		Roll value: 346
		Start timestamp: 1684052622203
		Finish timestamp: 1684052622293

	Sensor record
		Azimuth value: 335
		Pitch value: 0
		Roll value: 357
		Start timestamp: 1684052622294
		Finish timestamp: 1684052622478

	Sensor record
		Azimuth value: 332
		Pitch value: -2
		Roll value: 357
		Start timestamp: 1684052622479
		Finish timestamp: 1684052622678

	Sensor record
		Azimuth value: 333
		Pitch value: -2
		Roll value: 358
		Start timestamp: 1684052622679
		Finish timestamp: 1684052622978

	Sensor record
		Azimuth value: 333
		Pitch value: -1
		Roll value: 358
		Start timestamp: 1684052622979
		Finish timestamp: 1684052623290

	Sensor record
		Azimuth value: 333
		Pitch value: 0
		Roll value: 358
		Start timestamp: 1684052623291
		Finish timestamp: 1684052623488

	Sensor record
		Azimuth value: 333
		Pitch value: 0
		Roll value: 357
		Start timestamp: 1684052623489
		Finish timestamp: 1684052623987

	Sensor record
		Azimuth value: 333
		Pitch value: 1
		Roll value: 357
		Start timestamp: 1684052623988
		Finish timestamp: 1684052641512

	Sensor record
		Azimuth value: 333
		Pitch value: 1
		Roll value: 358
		Start timestamp: 1684052641513
		Finish timestamp: 1684052641713

	Sensor record
		Azimuth value: 333
		Pitch value: 0
		Roll value: 359
		Start timestamp: 1684052641714
		Finish timestamp: 1684052641975

	Sensor record
		Azimuth value: 284
		Pitch value: 0
		Roll value: 359
		Start timestamp: 1684052641976
		Finish timestamp: 1684052642177

	Sensor record
		Azimuth value: 256
		Pitch value: 0
		Roll value: 359
		Start timestamp: 1684052642178
		Finish timestamp: 1684052642291

	Sensor record
		Azimuth value: 253
		Pitch value: 0
		Roll value: 359
		Start timestamp: 1684052642292
		Finish timestamp: 1684052642480

	Sensor record
		Azimuth value: 249
		Pitch value: 0
		Roll value: 359
		Start timestamp: 1684052642481
		Finish timestamp: 1684052642682

	Sensor record
		Azimuth value: 232
		Pitch value: 0
		Roll value: 359
		Start timestamp: 1684052642683
		Finish timestamp: 1684052642985

	Sensor record
		Azimuth value: 226
		Pitch value: 0
		Roll value: 358
		Start timestamp: 1684052642986
		Finish timestamp: 1684052643186

	Sensor record
		Azimuth value: 226
		Pitch value: 1
		Roll value: 358
		Start timestamp: 1684052643187
		Finish timestamp: 1684052643491

	Sensor record
		Azimuth value: 226
		Pitch value: 2
		Roll value: 358
		Start timestamp: 1684052643492
		Finish timestamp: 1684052643991

	Sensor record
		Azimuth value: 226
		Pitch value: 2
		Roll value: 357
		Start timestamp: 1684052643992
		Finish timestamp: 1684052659398

	Sensor record
		Azimuth value: 228
		Pitch value: 1
		Roll value: 354
		Start timestamp: 1684052659399
		Finish timestamp: 1684052659405

	Sensor record
		Azimuth value: 286
		Pitch value: 0
		Roll value: 352
		Start timestamp: 1684052659406
		Finish timestamp: 1684052659599

	Sensor record
		Azimuth value: 319
		Pitch value: 0
		Roll value: 353
		Start timestamp: 1684052659600
		Finish timestamp: 1684052659801

	Sensor record
		Azimuth value: 322
		Pitch value: 0
		Roll value: 353
		Start timestamp: 1684052659802
		Finish timestamp: 1684052660003

	Sensor record
		Azimuth value: 322
		Pitch value: 0
		Roll value: 354
		Start timestamp: 1684052660004
		Finish timestamp: 1684052660612

	Sensor record
		Azimuth value: 322
		Pitch value: 1
		Roll value: 355
		Start timestamp: 1684052660613
		Finish timestamp: 1684052660728

	Sensor record
		Azimuth value: 322
		Pitch value: 1
		Roll value: 356
		Start timestamp: 1684052660729
		Finish timestamp: 1684052661130

	Sensor record
		Azimuth value: 322
		Pitch value: 1
		Roll value: 357
		Start timestamp: 1684052661131
		Finish timestamp: 1684052661332

	Sensor record
		Azimuth value: 322
		Pitch value: 2
		Roll value: 357
		Start timestamp: 1684052661333
		Finish timestamp: 1684052676902

	Sensor record
		Azimuth value: 322
		Pitch value: 2
		Roll value: 0
		Start timestamp: 1684052676903
		Finish timestamp: 1684052677104

	Sensor record
		Azimuth value: 291
		Pitch value: 0
		Roll value: 0
		Start timestamp: 1684052677105
		Finish timestamp: 1684052677124

	Sensor record
		Azimuth value: 247
		Pitch value: 0
		Roll value: 359
		Start timestamp: 1684052677125
		Finish timestamp: 1684052677306

	Sensor record
		Azimuth value: 230
		Pitch value: 0
		Roll value: 359
		Start timestamp: 1684052677307
		Finish timestamp: 1684052677507

	Sensor record
		Azimuth value: 230
		Pitch value: 0
		Roll value: 358
		Start timestamp: 1684052677508
		Finish timestamp: 1684052677915

	Sensor record
		Azimuth value: 230
		Pitch value: 1
		Roll value: 358
		Start timestamp: 1684052677916
		Finish timestamp: 1684052678272

	Sensor record
		Azimuth value: 230
		Pitch value: 2
		Roll value: 358
		Start timestamp: 1684052678273
		Finish timestamp: 1684052678675

	Sensor record
		Azimuth value: 230
		Pitch value: 2
		Roll value: 357
		Start timestamp: 1684052678676
		Finish timestamp: 1684052689769

	Sensor record
		Azimuth value: 237
		Pitch value: 1
		Roll value: 354
		Start timestamp: 1684052689770
		Finish timestamp: 1684052689971

	Sensor record
		Azimuth value: 284
		Pitch value: 0
		Roll value: 354
		Start timestamp: 1684052689972
		Finish timestamp: 1684052689984

	Sensor record
		Azimuth value: 324
		Pitch value: 0
		Roll value: 354
		Start timestamp: 1684052689985
		Finish timestamp: 1684052690171

	Sensor record
		Azimuth value: 325
		Pitch value: 0
		Roll value: 355
		Start timestamp: 1684052690172
		Finish timestamp: 1684052690982

	Sensor record
		Azimuth value: 325
		Pitch value: 1
		Roll value: 356
		Start timestamp: 1684052690983
		Finish timestamp: 1684052691583

	Sensor record
		Azimuth value: 325
		Pitch value: 2
		Roll value: 357
		Start timestamp: 1684052691584

