
LIST OF ALL TERMINATED INSTRUCTIONS

	Instruction
		Name: recvfrom
		Pid: 24353
		Spid: 24353
		Status: Finished
		Start: 1682865152371561
		Finish: 1682865152373092
		Duration: 1531
		Return Value: 104

	Instruction
		Name: gettimeofday
		Pid: 24353
		Spid: 24353
		Status: Finished
		Start: 1682865152373298
		Finish: 1682865152373751
		Duration: 453
		Return Value: 0

	Instruction
		Name: gettimeofday
		Pid: 24353
		Spid: 24353
		Status: Finished
		Start: 1682865152373859
		Finish: 1682865152374116
		Duration: 257
		Return Value: 0

	Instruction
		Name: gettimeofday
		Pid: 24353
		Spid: 24353
		Status: Finished
		Start: 1682865152374194
		Finish: 1682865152374410
		Duration: 216
		Return Value: 0

	Instruction
		Name: clock_gettime
		Pid: 24353
		Spid: 24353
		Status: Finished
		Start: 1682865152376196
		Finish: 1682865152376486
		Duration: 290
		Return Value: 0

	Instruction
		Name: clock_gettime
		Pid: 24353
		Spid: 24353
		Status: Finished
		Start: 1682865152376542
		Finish: 1682865152376746
		Duration: 204
		Return Value: 0

	Instruction
		Name: clock_gettime
		Pid: 24353
		Spid: 24353
		Status: Finished
		Start: 1682865152376793
		Finish: 1682865152377014
		Duration: 221
		Return Value: 0

	Instruction
		Name: recvfrom
		Pid: 24353
		Spid: 24353
		Status: Finished
		Start: 1682865152377123
		Finish: 1682865152377333
		Duration: 210
		Return Value: 18446744073709551605

	Instruction
		Name: ioctl
		Pid: 24353
		Spid: 24353
		Status: Finished
		Start: 1682865152377388
		Finish: 1682865152377654
		Duration: 266
		Return Value: 0

	Instruction
		Name: write
		Pid: 24353
		Spid: 24353
		Status: Finished
		Start: 1682865152377782
		Finish: 1682865152378078
		Duration: 296
		Return Value: 8

	Instruction
		Name: recvfrom
		Pid: 24353
		Spid: 24353
		Status: Finished
		Start: 1682865152378189
		Finish: 1682865152378401
		Duration: 212
		Return Value: 18446744073709551605

	Instruction
		Name: clock_gettime
		Pid: 24353
		Spid: 24353
		Status: Finished
		Start: 1682865152378448
		Finish: 1682865152378659
		Duration: 211
		Return Value: 0

	Instruction
		Name: epoll_pwait
		Pid: 24353
		Spid: 24353
		Status: Finished
		Start: 1682865152378710
		Finish: 1682865152388306
		Duration: 9596
		Return Value: 1

	Instruction
		Name: recvfrom
		Pid: 24353
		Spid: 24353
		Status: Finished
		Start: 1682865152388726
		Finish: 1682865152389361
		Duration: 635
		Return Value: 64

	Instruction
		Name: recvfrom
		Pid: 24353
		Spid: 24353
		Status: Finished
		Start: 1682865152389426
		Finish: 1682865152389666
		Duration: 240
		Return Value: 18446744073709551605

	Instruction
		Name: clock_gettime
		Pid: 24353
		Spid: 24353
		Status: Finished
		Start: 1682865152389772
		Finish: 1682865152389985
		Duration: 213
		Return Value: 0

	Instruction
		Name: clock_gettime
		Pid: 24353
		Spid: 24353
		Status: Finished
		Start: 1682865152390055
		Finish: 1682865152390264
		Duration: 209
		Return Value: 0

	Instruction
		Name: gettimeofday
		Pid: 24353
		Spid: 24353
		Status: Finished
		Start: 1682865152390303
		Finish: 1682865152390492
		Duration: 189
		Return Value: 0

	Instruction
		Name: write
		Pid: 24353
		Spid: 24353
		Status: Finished
		Start: 1682865152390537
		Finish: 1682865152390730
		Duration: 193
		Return Value: 8

	Instruction
		Name: clock_gettime
		Pid: 24353
		Spid: 24353
		Status: Finished
		Start: 1682865152390779
		Finish: 1682865152390969
		Duration: 190
		Return Value: 0

	Instruction
		Name: clock_gettime
		Pid: 24353
		Spid: 24353
		Status: Finished
		Start: 1682865152391027
		Finish: 1682865152391228
		Duration: 201
		Return Value: 0

	Instruction
		Name: gettimeofday
		Pid: 24353
		Spid: 24353
		Status: Finished
		Start: 1682865152391264
		Finish: 1682865152391450
		Duration: 186
		Return Value: 0

	Instruction
		Name: read
		Pid: 24353
		Spid: 24353
		Status: Finished
		Start: 1682865152391487
		Finish: 1682865152391722
		Duration: 235
		Return Value: 48

	Instruction
		Name: clock_gettime
		Pid: 24353
		Spid: 24353
		Status: Finished
		Start: 1682865152391795
		Finish: 1682865152391986
		Duration: 191
		Return Value: 0

	Instruction
		Name: clock_gettime
		Pid: 24353
		Spid: 24353
		Status: Finished
		Start: 1682865152392053
		Finish: 1682865152392278
		Duration: 225
		Return Value: 0

	Instruction
		Name: clock_gettime
		Pid: 24353
		Spid: 24353
		Status: Finished
		Start: 1682865152392312
		Finish: 1682865152392517
		Duration: 205
		Return Value: 0

	Instruction
		Name: clock_gettime
		Pid: 24353
		Spid: 24353
		Status: Finished
		Start: 1682865152392555
		Finish: 1682865152392748
		Duration: 193
		Return Value: 0

	Instruction
		Name: clock_gettime
		Pid: 24353
		Spid: 24353
		Status: Finished
		Start: 1682865152392775
		Finish: 1682865152392962
		Duration: 187
		Return Value: 0

	Instruction
		Name: clock_gettime
		Pid: 24353
		Spid: 24353
		Status: Finished
		Start: 1682865152392990
		Finish: 1682865152393173
		Duration: 183
		Return Value: 0

	Instruction
		Name: clock_gettime
		Pid: 24353
		Spid: 24353
		Status: Finished
		Start: 1682865152393202
		Finish: 1682865152393385
		Duration: 183
		Return Value: 0

	Instruction
		Name: clock_gettime
		Pid: 24353
		Spid: 24353
		Status: Finished
		Start: 1682865152393411
		Finish: 1682865152393607
		Duration: 196
		Return Value: 0

	Instruction
		Name: write
		Pid: 24353
		Spid: 24353
		Status: Finished
		Start: 1682865152393677
		Finish: 1682865152393869
		Duration: 192
		Return Value: 8

	Instruction
		Name: clock_gettime
		Pid: 24353
		Spid: 24353
		Status: Finished
		Start: 1682865152394056
		Finish: 1682865152394262
		Duration: 206
		Return Value: 0

	Instruction
		Name: clock_gettime
		Pid: 24353
		Spid: 24353
		Status: Finished
		Start: 1682865152395090
		Finish: 1682865152395357
		Duration: 267
		Return Value: 0

	Instruction
		Name: write
		Pid: 24353
		Spid: 24353
		Status: Finished
		Start: 1682865152395393
		Finish: 1682865152395712
		Duration: 319
		Return Value: 8

	Instruction
		Name: futex
		Pid: 24353
		Spid: 24353
		Status: Finished
		Start: 1682865152395746
		Finish: 1682865152397478
		Duration: 1732
		Return Value: 1

	Instruction
		Name: futex
		Pid: 24353
		Spid: 24353
		Status: Finished
		Start: 1682865152397524
		Finish: 1682865152397787
		Duration: 263
		Return Value: 18446744073709551605

	Instruction
		Name: clock_gettime
		Pid: 24353
		Spid: 24353
		Status: Finished
		Start: 1682865152397879
		Finish: 1682865152398091
		Duration: 212
		Return Value: 0

	Instruction
		Name: clock_gettime
		Pid: 24353
		Spid: 24353
		Status: Finished
		Start: 1682865152398146
		Finish: 1682865152398339
		Duration: 193
		Return Value: 0

	Instruction
		Name: clock_gettime
		Pid: 24353
		Spid: 24353
		Status: Finished
		Start: 1682865152398397
		Finish: 1682865152398607
		Duration: 210
		Return Value: 0

	Instruction
		Name: read
		Pid: 24353
		Spid: 24353
		Status: Finished
		Start: 1682865152398642
		Finish: 1682865152398829
		Duration: 187
		Return Value: 48

	Instruction
		Name: getuid
		Pid: 24353
		Spid: 24353
		Status: Finished
		Start: 1682865152398882
		Finish: 1682865152399071
		Duration: 189
		Return Value: 10327

	Instruction
		Name: epoll_pwait
		Pid: 24353
		Spid: 24353
		Status: Finished
		Start: 1682865152399119
		Finish: 1682865152399310
		Duration: 191
		Return Value: 1

	Instruction
		Name: read
		Pid: 24353
		Spid: 24353
		Status: Finished
		Start: 1682865152399334
		Finish: 1682865152399513
		Duration: 179
		Return Value: 8

	Instruction
		Name: clock_gettime
		Pid: 24353
		Spid: 24353
		Status: Finished
		Start: 1682865152399542
		Finish: 1682865152399736
		Duration: 194
		Return Value: 0

	Instruction
		Name: epoll_pwait
		Pid: 24353
		Spid: 24353
		Status: Finished
		Start: 1682865152399782
		Finish: 1682865152573333
		Duration: 173551
		Return Value: 1

	Instruction
		Name: recvfrom
		Pid: 24353
		Spid: 24353
		Status: Finished
		Start: 1682865152573453
		Finish: 1682865152574344
		Duration: 891
		Return Value: 104

	Instruction
		Name: gettimeofday
		Pid: 24353
		Spid: 24353
		Status: Finished
		Start: 1682865152574589
		Finish: 1682865152575153
		Duration: 564
		Return Value: 0

	Instruction
		Name: clock_gettime
		Pid: 24353
		Spid: 24353
		Status: Finished
		Start: 1682865152577512
		Finish: 1682865152577991
		Duration: 479
		Return Value: 0

	Instruction
		Name: clock_gettime
		Pid: 24353
		Spid: 24353
		Status: Finished
		Start: 1682865152578068
		Finish: 1682865152579149
		Duration: 1081
		Return Value: 0

	Instruction
		Name: clock_gettime
		Pid: 24353
		Spid: 24353
		Status: Finished
		Start: 1682865152579227
		Finish: 1682865152579727
		Duration: 500
		Return Value: 0

	Instruction
		Name: futex
		Pid: 24353
		Spid: 24353
		Status: Finished
		Start: 1682865152579767
		Finish: 1682865152580306
		Duration: 539
		Return Value: 0

	Instruction
		Name: recvfrom
		Pid: 24353
		Spid: 24353
		Status: Finished
		Start: 1682865152580567
		Finish: 1682865152581085
		Duration: 518
		Return Value: 18446744073709551605

	Instruction
		Name: ioctl
		Pid: 24353
		Spid: 24353
		Status: Finished
		Start: 1682865152581163
		Finish: 1682865152581748
		Duration: 585
		Return Value: 0

	Instruction
		Name: write
		Pid: 24353
		Spid: 24353
		Status: Finished
		Start: 1682865152581931
		Finish: 1682865152583152
		Duration: 1221
		Return Value: 8

	Instruction
		Name: recvfrom
		Pid: 24353
		Spid: 24353
		Status: Finished
		Start: 1682865152583417
		Finish: 1682865152583977
		Duration: 560
		Return Value: 18446744073709551605

	Instruction
		Name: clock_gettime
		Pid: 24353
		Spid: 24353
		Status: Finished
		Start: 1682865152584038
		Finish: 1682865152584572
		Duration: 534
		Return Value: 0

	Instruction
		Name: epoll_pwait
		Pid: 24353
		Spid: 24353
		Status: Finished
		Start: 1682865152584916
		Finish: 1682865152588711
		Duration: 3795
		Return Value: 1

	Instruction
		Name: recvfrom
		Pid: 24353
		Spid: 24353
		Status: Finished
		Start: 1682865152588805
		Finish: 1682865152589792
		Duration: 987
		Return Value: 64

	Instruction
		Name: recvfrom
		Pid: 24353
		Spid: 24353
		Status: Finished
		Start: 1682865152589990
		Finish: 1682865152602579
		Duration: 12589
		Return Value: 18446744073709551605

	Instruction
		Name: clock_gettime
		Pid: 24353
		Spid: 24353
		Status: Finished
		Start: 1682865152602698
		Finish: 1682865152602957
		Duration: 259
		Return Value: 0

	Instruction
		Name: clock_gettime
		Pid: 24353
		Spid: 24353
		Status: Finished
		Start: 1682865152603044
		Finish: 1682865152603276
		Duration: 232
		Return Value: 0

	Instruction
		Name: gettimeofday
		Pid: 24353
		Spid: 24353
		Status: Finished
		Start: 1682865152603317
		Finish: 1682865152603525
		Duration: 208
		Return Value: 0

	Instruction
		Name: write
		Pid: 24353
		Spid: 24353
		Status: Finished
		Start: 1682865152603572
		Finish: 1682865152603801
		Duration: 229
		Return Value: 8

	Instruction
		Name: clock_gettime
		Pid: 24353
		Spid: 24353
		Status: Finished
		Start: 1682865152603849
		Finish: 1682865152604052
		Duration: 203
		Return Value: 0

	Instruction
		Name: clock_gettime
		Pid: 24353
		Spid: 24353
		Status: Finished
		Start: 1682865152604118
		Finish: 1682865152604320
		Duration: 202
		Return Value: 0

	Instruction
		Name: gettimeofday
		Pid: 24353
		Spid: 24353
		Status: Finished
		Start: 1682865152604356
		Finish: 1682865152604554
		Duration: 198
		Return Value: 0

	Instruction
		Name: read
		Pid: 24353
		Spid: 24353
		Status: Finished
		Start: 1682865152604591
		Finish: 1682865152604822
		Duration: 231
		Return Value: 48

	Instruction
		Name: clock_gettime
		Pid: 24353
		Spid: 24353
		Status: Finished
		Start: 1682865152604897
		Finish: 1682865152605098
		Duration: 201
		Return Value: 0

	Instruction
		Name: clock_gettime
		Pid: 24353
		Spid: 24353
		Status: Finished
		Start: 1682865152605171
		Finish: 1682865152605509
		Duration: 338
		Return Value: 0

	Instruction
		Name: clock_gettime
		Pid: 24353
		Spid: 24353
		Status: Finished
		Start: 1682865152605552
		Finish: 1682865152605759
		Duration: 207
		Return Value: 0

	Instruction
		Name: clock_gettime
		Pid: 24353
		Spid: 24353
		Status: Finished
		Start: 1682865152605796
		Finish: 1682865152605992
		Duration: 196
		Return Value: 0

	Instruction
		Name: clock_gettime
		Pid: 24353
		Spid: 24353
		Status: Finished
		Start: 1682865152606025
		Finish: 1682865152606243
		Duration: 218
		Return Value: 0

	Instruction
		Name: clock_gettime
		Pid: 24353
		Spid: 24353
		Status: Finished
		Start: 1682865152606279
		Finish: 1682865152606474
		Duration: 195
		Return Value: 0

	Instruction
		Name: clock_gettime
		Pid: 24353
		Spid: 24353
		Status: Finished
		Start: 1682865152606510
		Finish: 1682865152606706
		Duration: 196
		Return Value: 0

	Instruction
		Name: clock_gettime
		Pid: 24353
		Spid: 24353
		Status: Finished
		Start: 1682865152606738
		Finish: 1682865152606933
		Duration: 195
		Return Value: 0

	Instruction
		Name: write
		Pid: 24353
		Spid: 24353
		Status: Finished
		Start: 1682865152607024
		Finish: 1682865152607238
		Duration: 214
		Return Value: 8

	Instruction
		Name: clock_gettime
		Pid: 24353
		Spid: 24353
		Status: Finished
		Start: 1682865152607494
		Finish: 1682865152607791
		Duration: 297
		Return Value: 0

	Instruction
		Name: clock_gettime
		Pid: 24353
		Spid: 24353
		Status: Finished
		Start: 1682865152608709
		Finish: 1682865152609037
		Duration: 328
		Return Value: 0

	Instruction
		Name: write
		Pid: 24353
		Spid: 24353
		Status: Finished
		Start: 1682865152609079
		Finish: 1682865152609449
		Duration: 370
		Return Value: 8

	Instruction
		Name: futex
		Pid: 24353
		Spid: 24353
		Status: Finished
		Start: 1682865152609494
		Finish: 1682865152611047
		Duration: 1553
		Return Value: 1

	Instruction
		Name: futex
		Pid: 24353
		Spid: 24353
		Status: Finished
		Start: 1682865152611114
		Finish: 1682865152611683
		Duration: 569
		Return Value: 18446744073709551605

	Instruction
		Name: clock_gettime
		Pid: 24353
		Spid: 24353
		Status: Finished
		Start: 1682865152611804
		Finish: 1682865152612075
		Duration: 271
		Return Value: 0

	Instruction
		Name: clock_gettime
		Pid: 24353
		Spid: 24353
		Status: Finished
		Start: 1682865152612259
		Finish: 1682865152612571
		Duration: 312
		Return Value: 0

	Instruction
		Name: clock_gettime
		Pid: 24353
		Spid: 24353
		Status: Finished
		Start: 1682865152612645
		Finish: 1682865152612870
		Duration: 225
		Return Value: 0

	Instruction
		Name: read
		Pid: 24353
		Spid: 24353
		Status: Finished
		Start: 1682865152612913
		Finish: 1682865152613128
		Duration: 215
		Return Value: 48

	Instruction
		Name: getuid
		Pid: 24353
		Spid: 24353
		Status: Finished
		Start: 1682865152613201
		Finish: 1682865152613501
		Duration: 300
		Return Value: 10327

	Instruction
		Name: epoll_pwait
		Pid: 24353
		Spid: 24353
		Status: Finished
		Start: 1682865152613562
		Finish: 1682865152613777
		Duration: 215
		Return Value: 1

	Instruction
		Name: read
		Pid: 24353
		Spid: 24353
		Status: Finished
		Start: 1682865152613808
		Finish: 1682865152614007
		Duration: 199
		Return Value: 8

	Instruction
		Name: clock_gettime
		Pid: 24353
		Spid: 24353
		Status: Finished
		Start: 1682865152614041
		Finish: 1682865152614242
		Duration: 201
		Return Value: 0

	Instruction
		Name: epoll_pwait
		Pid: 24353
		Spid: 24353
		Status: Finished
		Start: 1682865152614294
		Finish: 1682865152774195
		Duration: 159901
		Return Value: 1

	Instruction
		Name: recvfrom
		Pid: 24353
		Spid: 24353
		Status: Finished
		Start: 1682865152774872
		Finish: 1682865152775645
		Duration: 773
		Return Value: 104

	Instruction
		Name: gettimeofday
		Pid: 24353
		Spid: 24353
		Status: Finished
		Start: 1682865152776349
		Finish: 1682865152777601
		Duration: 1252
		Return Value: 0

	Instruction
		Name: futex
		Pid: 24353
		Spid: 24353
		Status: Finished
		Start: 1682865152777689
		Finish: 1682865152778383
		Duration: 694
		Return Value: 1

	Instruction
		Name: futex
		Pid: 24353
		Spid: 24353
		Status: Finished
		Start: 1682865152778451
		Finish: 1682865152779102
		Duration: 651
		Return Value: 1

	Instruction
		Name: futex
		Pid: 24353
		Spid: 24353
		Status: Finished
		Start: 1682865152780526
		Finish: 1682865152781333
		Duration: 807
		Return Value: 18446744073709551605

	Instruction
		Name: futex
		Pid: 24353
		Spid: 24353
		Status: Finished
		Start: 1682865152781434
		Finish: 1682865152782263
		Duration: 829
		Return Value: 1

	Instruction
		Name: futex
		Pid: 24353
		Spid: 24353
		Status: Finished
		Start: 1682865152782783
		Finish: 1682865152783465
		Duration: 682
		Return Value: 1

	Instruction
		Name: futex
		Pid: 24353
		Spid: 24353
		Status: Finished
		Start: 1682865152784971
		Finish: 1682865152785918
		Duration: 947
		Return Value: 0

	Instruction
		Name: futex
		Pid: 24353
		Spid: 24353
		Status: Finished
		Start: 1682865152785986
		Finish: 1682865152786575
		Duration: 589
		Return Value: 1

	Instruction
		Name: futex
		Pid: 24353
		Spid: 24353
		Status: Finished
		Start: 1682865152786626
		Finish: 1682865152787202
		Duration: 576
		Return Value: 1

	Instruction
		Name: futex
		Pid: 24353
		Spid: 24353
		Status: Finished
		Start: 1682865152787272
		Finish: 1682865152788352
		Duration: 1080
		Return Value: 1

	Instruction
		Name: futex
		Pid: 24353
		Spid: 24353
		Status: Finished
		Start: 1682865152788414
		Finish: 1682865152788989
		Duration: 575
		Return Value: 1

	Instruction
		Name: futex
		Pid: 24353
		Spid: 24353
		Status: Finished
		Start: 1682865152789044
		Finish: 1682865152789596
		Duration: 552
		Return Value: 1

	Instruction
		Name: futex
		Pid: 24353
		Spid: 24353
		Status: Finished
		Start: 1682865152789669
		Finish: 1682865152790221
		Duration: 552
		Return Value: 0

	Instruction
		Name: futex
		Pid: 24353
		Spid: 24353
		Status: Finished
		Start: 1682865152790291
		Finish: 1682865152790884
		Duration: 593
		Return Value: 1

	Instruction
		Name: futex
		Pid: 24353
		Spid: 24353
		Status: Finished
		Start: 1682865152790938
		Finish: 1682865152791472
		Duration: 534
		Return Value: 1

	Instruction
		Name: futex
		Pid: 24353
		Spid: 24353
		Status: Finished
		Start: 1682865152791597
		Finish: 1682865152792053
		Duration: 456
		Return Value: 0

	Instruction
		Name: futex
		Pid: 24353
		Spid: 24353
		Status: Finished
		Start: 1682865152792077
		Finish: 1682865152792344
		Duration: 267
		Return Value: 1

	Instruction
		Name: clock_gettime
		Pid: 24353
		Spid: 24353
		Status: Finished
		Start: 1682865152793310
		Finish: 1682865152793619
		Duration: 309
		Return Value: 0

	Instruction
		Name: futex
		Pid: 24353
		Spid: 24353
		Status: Finished
		Start: 1682865152793654
		Finish: 1682865152793869
		Duration: 215
		Return Value: 1

	Instruction
		Name: futex
		Pid: 24353
		Spid: 24353
		Status: Finished
		Start: 1682865152793896
		Finish: 1682865152794077
		Duration: 181
		Return Value: 1

	Instruction
		Name: clock_gettime
		Pid: 24353
		Spid: 24353
		Status: Finished
		Start: 1682865152794133
		Finish: 1682865152794349
		Duration: 216
		Return Value: 0

	Instruction
		Name: futex
		Pid: 24353
		Spid: 24353
		Status: Finished
		Start: 1682865152794383
		Finish: 1682865152794565
		Duration: 182
		Return Value: 1

	Instruction
		Name: futex
		Pid: 24353
		Spid: 24353
		Status: Finished
		Start: 1682865152794591
		Finish: 1682865152794765
		Duration: 174
		Return Value: 1

	Instruction
		Name: clock_gettime
		Pid: 24353
		Spid: 24353
		Status: Finished
		Start: 1682865152794809
		Finish: 1682865152796024
		Duration: 1215
		Return Value: 0

	Instruction
		Name: futex
		Pid: 24353
		Spid: 24353
		Status: Finished
		Start: 1682865152796088
		Finish: 1682865152796295
		Duration: 207
		Return Value: 1

	Instruction
		Name: futex
		Pid: 24353
		Spid: 24353
		Status: Finished
		Start: 1682865152796333
		Finish: 1682865152796522
		Duration: 189
		Return Value: 1

	Instruction
		Name: recvfrom
		Pid: 24353
		Spid: 24353
		Status: Finished
		Start: 1682865152796627
		Finish: 1682865152797227
		Duration: 600
		Return Value: 18446744073709551605

	Instruction
		Name: ioctl
		Pid: 24353
		Spid: 24353
		Status: Finished
		Start: 1682865152797290
		Finish: 1682865152797588
		Duration: 298
		Return Value: 0

	Instruction
		Name: write
		Pid: 24353
		Spid: 24353
		Status: Finished
		Start: 1682865152797658
		Finish: 1682865152797968
		Duration: 310
		Return Value: 8

	Instruction
		Name: recvfrom
		Pid: 24353
		Spid: 24353
		Status: Finished
		Start: 1682865152798080
		Finish: 1682865152798304
		Duration: 224
		Return Value: 18446744073709551605

	Instruction
		Name: clock_gettime
		Pid: 24353
		Spid: 24353
		Status: Finished
		Start: 1682865152798349
		Finish: 1682865152798544
		Duration: 195
		Return Value: 0

	Instruction
		Name: epoll_pwait
		Pid: 24353
		Spid: 24353
		Status: Finished
		Start: 1682865152798598
		Finish: 1682865152805755
		Duration: 7157
		Return Value: 1

	Instruction
		Name: recvfrom
		Pid: 24353
		Spid: 24353
		Status: Finished
		Start: 1682865152805844
		Finish: 1682865152806607
		Duration: 763
		Return Value: 64

	Instruction
		Name: recvfrom
		Pid: 24353
		Spid: 24353
		Status: Finished
		Start: 1682865152806694
		Finish: 1682865152806911
		Duration: 217
		Return Value: 18446744073709551605

	Instruction
		Name: clock_gettime
		Pid: 24353
		Spid: 24353
		Status: Finished
		Start: 1682865152807017
		Finish: 1682865152807224
		Duration: 207
		Return Value: 0

	Instruction
		Name: clock_gettime
		Pid: 24353
		Spid: 24353
		Status: Finished
		Start: 1682865152807293
		Finish: 1682865152807484
		Duration: 191
		Return Value: 0

	Instruction
		Name: gettimeofday
		Pid: 24353
		Spid: 24353
		Status: Finished
		Start: 1682865152807523
		Finish: 1682865152807710
		Duration: 187
		Return Value: 0

	Instruction
		Name: write
		Pid: 24353
		Spid: 24353
		Status: Finished
		Start: 1682865152807755
		Finish: 1682865152807963
		Duration: 208
		Return Value: 8

	Instruction
		Name: clock_gettime
		Pid: 24353
		Spid: 24353
		Status: Finished
		Start: 1682865152808012
		Finish: 1682865152808202
		Duration: 190
		Return Value: 0

	Instruction
		Name: clock_gettime
		Pid: 24353
		Spid: 24353
		Status: Finished
		Start: 1682865152808260
		Finish: 1682865152808451
		Duration: 191
		Return Value: 0

	Instruction
		Name: gettimeofday
		Pid: 24353
		Spid: 24353
		Status: Finished
		Start: 1682865152808487
		Finish: 1682865152808677
		Duration: 190
		Return Value: 0

	Instruction
		Name: read
		Pid: 24353
		Spid: 24353
		Status: Finished
		Start: 1682865152808709
		Finish: 1682865152808895
		Duration: 186
		Return Value: 48

	Instruction
		Name: clock_gettime
		Pid: 24353
		Spid: 24353
		Status: Finished
		Start: 1682865152808957
		Finish: 1682865152809164
		Duration: 207
		Return Value: 0

	Instruction
		Name: clock_gettime
		Pid: 24353
		Spid: 24353
		Status: Finished
		Start: 1682865152809226
		Finish: 1682865152809419
		Duration: 193
		Return Value: 0

	Instruction
		Name: clock_gettime
		Pid: 24353
		Spid: 24353
		Status: Finished
		Start: 1682865152809449
		Finish: 1682865152809630
		Duration: 181
		Return Value: 0

	Instruction
		Name: clock_gettime
		Pid: 24353
		Spid: 24353
		Status: Finished
		Start: 1682865152809660
		Finish: 1682865152809841
		Duration: 181
		Return Value: 0

	Instruction
		Name: clock_gettime
		Pid: 24353
		Spid: 24353
		Status: Finished
		Start: 1682865152809868
		Finish: 1682865152810067
		Duration: 199
		Return Value: 0

	Instruction
		Name: clock_gettime
		Pid: 24353
		Spid: 24353
		Status: Finished
		Start: 1682865152810095
		Finish: 1682865152810277
		Duration: 182
		Return Value: 0

	Instruction
		Name: clock_gettime
		Pid: 24353
		Spid: 24353
		Status: Finished
		Start: 1682865152810305
		Finish: 1682865152810486
		Duration: 181
		Return Value: 0

	Instruction
		Name: clock_gettime
		Pid: 24353
		Spid: 24353
		Status: Finished
		Start: 1682865152810513
		Finish: 1682865152810692
		Duration: 179
		Return Value: 0

	Instruction
		Name: write
		Pid: 24353
		Spid: 24353
		Status: Finished
		Start: 1682865152810762
		Finish: 1682865152810954
		Duration: 192
		Return Value: 8

	Instruction
		Name: clock_gettime
		Pid: 24353
		Spid: 24353
		Status: Finished
		Start: 1682865152811144
		Finish: 1682865152811365
		Duration: 221
		Return Value: 0

	Instruction
		Name: futex
		Pid: 24353
		Spid: 24353
		Status: Finished
		Start: 1682865152811694
		Finish: 1682865152811930
		Duration: 236
		Return Value: 1

	Instruction
		Name: futex
		Pid: 24353
		Spid: 24353
		Status: Finished
		Start: 1682865152811959
		Finish: 1682865152812859
		Duration: 900
		Return Value: 1

	Instruction
		Name: clock_gettime
		Pid: 24353
		Spid: 24353
		Status: Finished
		Start: 1682865152813527
		Finish: 1682865152813827
		Duration: 300
		Return Value: 0

	Instruction
		Name: write
		Pid: 24353
		Spid: 24353
		Status: Finished
		Start: 1682865152813867
		Finish: 1682865152814562
		Duration: 695
		Return Value: 8

	Instruction
		Name: futex
		Pid: 24353
		Spid: 24353
		Status: Finished
		Start: 1682865152814598
		Finish: 1682865152814822
		Duration: 224
		Return Value: 18446744073709551605

	Instruction
		Name: clock_gettime
		Pid: 24353
		Spid: 24353
		Status: Finished
		Start: 1682865152814907
		Finish: 1682865152815106
		Duration: 199
		Return Value: 0

	Instruction
		Name: clock_gettime
		Pid: 24353
		Spid: 24353
		Status: Finished
		Start: 1682865152815159
		Finish: 1682865152815351
		Duration: 192
		Return Value: 0

	Instruction
		Name: clock_gettime
		Pid: 24353
		Spid: 24353
		Status: Finished
		Start: 1682865152815413
		Finish: 1682865152815609
		Duration: 196
		Return Value: 0

	Instruction
		Name: read
		Pid: 24353
		Spid: 24353
		Status: Finished
		Start: 1682865152815644
		Finish: 1682865152815832
		Duration: 188
		Return Value: 48

	Instruction
		Name: getuid
		Pid: 24353
		Spid: 24353
		Status: Finished
		Start: 1682865152815888
		Finish: 1682865152816264
		Duration: 376
		Return Value: 10327

	Instruction
		Name: epoll_pwait
		Pid: 24353
		Spid: 24353
		Status: Finished
		Start: 1682865152816347
		Finish: 1682865152816945
		Duration: 598
		Return Value: 1

	Instruction
		Name: read
		Pid: 24353
		Spid: 24353
		Status: Finished
		Start: 1682865152817015
		Finish: 1682865152817218
		Duration: 203
		Return Value: 8

	Instruction
		Name: clock_gettime
		Pid: 24353
		Spid: 24353
		Status: Finished
		Start: 1682865152817250
		Finish: 1682865152817436
		Duration: 186
		Return Value: 0

	Instruction
		Name: epoll_pwait
		Pid: 24353
		Spid: 24353
		Status: Finished
		Start: 1682865152817484
		Finish: 1682865152975146
		Duration: 157662
		Return Value: 1

	Instruction
		Name: recvfrom
		Pid: 24353
		Spid: 24353
		Status: Finished
		Start: 1682865152975403
		Finish: 1682865152975794
		Duration: 391
		Return Value: 104

	Instruction
		Name: gettimeofday
		Pid: 24353
		Spid: 24353
		Status: Finished
		Start: 1682865152975995
		Finish: 1682865152976265
		Duration: 270
		Return Value: 0

	Instruction
		Name: futex
		Pid: 24353
		Spid: 24353
		Status: Finished
		Start: 1682865152976988
		Finish: 1682865152977272
		Duration: 284
		Return Value: 1

	Instruction
		Name: futex
		Pid: 24353
		Spid: 24353
		Status: Finished
		Start: 1682865152977316
		Finish: 1682865152978083
		Duration: 767
		Return Value: 1

	Instruction
		Name: clock_gettime
		Pid: 24353
		Spid: 24353
		Status: Finished
		Start: 1682865152978996
		Finish: 1682865152979301
		Duration: 305
		Return Value: 0

	Instruction
		Name: clock_gettime
		Pid: 24353
		Spid: 24353
		Status: Finished
		Start: 1682865152979366
		Finish: 1682865152979581
		Duration: 215
		Return Value: 0

	Instruction
		Name: clock_gettime
		Pid: 24353
		Spid: 24353
		Status: Finished
		Start: 1682865152979628
		Finish: 1682865152979834
		Duration: 206
		Return Value: 0

	Instruction
		Name: recvfrom
		Pid: 24353
		Spid: 24353
		Status: Finished
		Start: 1682865152979942
		Finish: 1682865152980163
		Duration: 221
		Return Value: 18446744073709551605

	Instruction
		Name: ioctl
		Pid: 24353
		Spid: 24353
		Status: Finished
		Start: 1682865152980221
		Finish: 1682865152980466
		Duration: 245
		Return Value: 0

	Instruction
		Name: write
		Pid: 24353
		Spid: 24353
		Status: Finished
		Start: 1682865152980598
		Finish: 1682865152980908
		Duration: 310
		Return Value: 8

	Instruction
		Name: recvfrom
		Pid: 24353
		Spid: 24353
		Status: Finished
		Start: 1682865152981024
		Finish: 1682865152981259
		Duration: 235
		Return Value: 104

	Instruction
		Name: gettimeofday
		Pid: 24353
		Spid: 24353
		Status: Finished
		Start: 1682865152981418
		Finish: 1682865152981638
		Duration: 220
		Return Value: 0

	Instruction
		Name: futex
		Pid: 24353
		Spid: 24353
		Status: Finished
		Start: 1682865152982238
		Finish: 1682865152982520
		Duration: 282
		Return Value: 1

	Instruction
		Name: futex
		Pid: 24353
		Spid: 24353
		Status: Finished
		Start: 1682865152982567
		Finish: 1682865152982792
		Duration: 225
		Return Value: 1

	Instruction
		Name: futex
		Pid: 24353
		Spid: 24353
		Status: Finished
		Start: 1682865152983755
		Finish: 1682865152984421
		Duration: 666
		Return Value: 0

	Instruction
		Name: futex
		Pid: 24353
		Spid: 24353
		Status: Finished
		Start: 1682865152984510
		Finish: 1682865152985504
		Duration: 994
		Return Value: 1

LIST OF ALL NOT TERMINATED INSTRUCTIONS

