
LIST OF ALL SENSOR TEXT RECORDS

	Sensor record
		Azimuth value: north
		Pitch value: east
		Roll value: north
		Start timestamp: 1684070994604
		Finish timestamp: 1684071013866

	Sensor record
		Azimuth value: west
		Pitch value: east
		Roll value: north
		Start timestamp: 1684071013867
		Finish timestamp: 1684071014676

	Sensor record
		Azimuth value: north
		Pitch value: northeast
		Roll value: north
		Start timestamp: 1684071014677
		Finish timestamp: 1684071014876

	Sensor record
		Azimuth value: north
		Pitch value: east
		Roll value: north
		Start timestamp: 1684071014877
		Finish timestamp: 1684071015479

	Sensor record
		Azimuth value: north
		Pitch value: north
		Roll value: north
		Start timestamp: 1684071015480
		Finish timestamp: 1684071015683

	Sensor record
		Azimuth value: east
		Pitch value: north
		Roll value: north
		Start timestamp: 1684071015684
		Finish timestamp: 1684071015976

	Sensor record
		Azimuth value: north
		Pitch value: north
		Roll value: north
		Start timestamp: 1684071015977
		Finish timestamp: 1684071017097

	Sensor record
		Azimuth value: east
		Pitch value: north
		Roll value: north
		Start timestamp: 1684071017098
		Finish timestamp: 1684071017099

	Sensor record
		Azimuth value: northeast
		Pitch value: northeast
		Roll value: north
		Start timestamp: 1684071017100
		Finish timestamp: 1684071017295

	Sensor record
		Azimuth value: east
		Pitch value: east
		Roll value: north
		Start timestamp: 1684071017296
		Finish timestamp: 1684071017698

	Sensor record
		Azimuth value: north
		Pitch value: east
		Roll value: north
		Start timestamp: 1684071017699
		Finish timestamp: 1684071017899

	Sensor record
		Azimuth value: east
		Pitch value: east
		Roll value: north
		Start timestamp: 1684071017900
		Finish timestamp: 1684071017900

	Sensor record
		Azimuth value: north
		Pitch value: east
		Roll value: north
		Start timestamp: 1684071017901
		Finish timestamp: 1684071018504

	Sensor record
		Azimuth value: east
		Pitch value: east
		Roll value: north
		Start timestamp: 1684071018505
		Finish timestamp: 1684071018711

	Sensor record
		Azimuth value: north
		Pitch value: east
		Roll value: north
		Start timestamp: 1684071018712
		Finish timestamp: 1684071022135

	Sensor record
		Azimuth value: north
		Pitch value: north
		Roll value: north
		Start timestamp: 1684071022136
		Finish timestamp: 1684071022539

	Sensor record
		Azimuth value: north
		Pitch value: east
		Roll value: north
		Start timestamp: 1684071022540
		Finish timestamp: 1684071022941

	Sensor record
		Azimuth value: northeast
		Pitch value: north
		Roll value: north
		Start timestamp: 1684071022942
		Finish timestamp: 1684071023142

	Sensor record
		Azimuth value: north
		Pitch value: north
		Roll value: north
		Start timestamp: 1684071023143
		Finish timestamp: 1684071024956

	Sensor record
		Azimuth value: east
		Pitch value: north
		Roll value: north
		Start timestamp: 1684071024957
		Finish timestamp: 1684071025167

	Sensor record
		Azimuth value: east
		Pitch value: east
		Roll value: north
		Start timestamp: 1684071025168
		Finish timestamp: 1684071025360

	Sensor record
		Azimuth value: east
		Pitch value: north
		Roll value: north
		Start timestamp: 1684071025361
		Finish timestamp: 1684071025561

	Sensor record
		Azimuth value: north
		Pitch value: east
		Roll value: north
		Start timestamp: 1684071025562
		Finish timestamp: 1684071025763

	Sensor record
		Azimuth value: north
		Pitch value: north
		Roll value: north
		Start timestamp: 1684071025764
		Finish timestamp: 1684071026569

	Sensor record
		Azimuth value: east
		Pitch value: north
		Roll value: north
		Start timestamp: 1684071026570
		Finish timestamp: 1684071027585

	Sensor record
		Azimuth value: north
		Pitch value: north
		Roll value: north
		Start timestamp: 1684071027586
		Finish timestamp: 1684071028586

	Sensor record
		Azimuth value: north
		Pitch value: east
		Roll value: north
		Start timestamp: 1684071028587
		Finish timestamp: 1684071029192

	Sensor record
		Azimuth value: east
		Pitch value: east
		Roll value: north
		Start timestamp: 1684071029193
		Finish timestamp: 1684071032620

	Sensor record
		Azimuth value: north
		Pitch value: east
		Roll value: north
		Start timestamp: 1684071032621
		Finish timestamp: 1684071033427

	Sensor record
		Azimuth value: north
		Pitch value: north
		Roll value: north
		Start timestamp: 1684071033428
		Finish timestamp: 1684071033631

	Sensor record
		Azimuth value: east
		Pitch value: north
		Roll value: north
		Start timestamp: 1684071033632
		Finish timestamp: 1684071034034

	Sensor record
		Azimuth value: east
		Pitch value: northeast
		Roll value: north
		Start timestamp: 1684071034035
		Finish timestamp: 1684071034233

	Sensor record
		Azimuth value: east
		Pitch value: east
		Roll value: north
		Start timestamp: 1684071034234
		Finish timestamp: 1684071036051

	Sensor record
		Azimuth value: north
		Pitch value: east
		Roll value: north
		Start timestamp: 1684071036052
		Finish timestamp: 1684071036485

	Sensor record
		Azimuth value: west
		Pitch value: east
		Roll value: north
		Start timestamp: 1684071036486
		Finish timestamp: 1684071037159

	Sensor record
		Azimuth value: south
		Pitch value: east
		Roll value: north
		Start timestamp: 1684071037160
		Finish timestamp: 1684071049805

	Sensor record
		Azimuth value: west
		Pitch value: east
		Roll value: north
		Start timestamp: 1684071049806
		Finish timestamp: 1684071050013

	Sensor record
		Azimuth value: north
		Pitch value: east
		Roll value: north
		Start timestamp: 1684071050014

