
LIST OF ALL SENSOR NUMBER RECORDS

	Sensor record
		Azimuth value: 0
		Pitch value: -6
		Roll value: 0
		Start timestamp: 1686294384469
		Finish timestamp: 1686294384639

	Sensor record
		Azimuth value: 359
		Pitch value: -8
		Roll value: 0
		Start timestamp: 1686294384640
		Finish timestamp: 1686294384640

	Sensor record
		Azimuth value: 359
		Pitch value: -9
		Roll value: 0
		Start timestamp: 1686294384641
		Finish timestamp: 1686294384840

	Sensor record
		Azimuth value: 0
		Pitch value: -21
		Roll value: 4
		Start timestamp: 1686294384841
		Finish timestamp: 1686294385042

	Sensor record
		Azimuth value: 359
		Pitch value: -21
		Roll value: 6
		Start timestamp: 1686294385043
		Finish timestamp: 1686294385245

	Sensor record
		Azimuth value: 356
		Pitch value: -16
		Roll value: 8
		Start timestamp: 1686294385246
		Finish timestamp: 1686294385447

	Sensor record
		Azimuth value: 353
		Pitch value: -17
		Roll value: 8
		Start timestamp: 1686294385448
		Finish timestamp: 1686294385448

	Sensor record
		Azimuth value: 354
		Pitch value: -16
		Roll value: 10
		Start timestamp: 1686294385449
		Finish timestamp: 1686294385650

	Sensor record
		Azimuth value: 355
		Pitch value: -16
		Roll value: 11
		Start timestamp: 1686294385651
		Finish timestamp: 1686294385850

	Sensor record
		Azimuth value: 359
		Pitch value: -15
		Roll value: 13
		Start timestamp: 1686294385851
		Finish timestamp: 1686294386053

	Sensor record
		Azimuth value: 4
		Pitch value: -16
		Roll value: 13
		Start timestamp: 1686294386054
		Finish timestamp: 1686294386254

	Sensor record
		Azimuth value: 6
		Pitch value: -15
		Roll value: 13
		Start timestamp: 1686294386255
		Finish timestamp: 1686294386456

	Sensor record
		Azimuth value: 6
		Pitch value: -15
		Roll value: 14
		Start timestamp: 1686294386457
		Finish timestamp: 1686294386657

	Sensor record
		Azimuth value: 6
		Pitch value: -14
		Roll value: 13
		Start timestamp: 1686294386658
		Finish timestamp: 1686294386859

	Sensor record
		Azimuth value: 5
		Pitch value: -16
		Roll value: 11
		Start timestamp: 1686294386860
		Finish timestamp: 1686294387061

	Sensor record
		Azimuth value: 3
		Pitch value: -15
		Roll value: 11
		Start timestamp: 1686294387062
		Finish timestamp: 1686294387065

	Sensor record
		Azimuth value: 3
		Pitch value: -15
		Roll value: 10
		Start timestamp: 1686294387066
		Finish timestamp: 1686294387263

	Sensor record
		Azimuth value: 3
		Pitch value: -14
		Roll value: 9
		Start timestamp: 1686294387264
		Finish timestamp: 1686294387464

	Sensor record
		Azimuth value: 3
		Pitch value: -14
		Roll value: 8
		Start timestamp: 1686294387465
		Finish timestamp: 1686294387665

	Sensor record
		Azimuth value: 3
		Pitch value: -15
		Roll value: 9
		Start timestamp: 1686294387666
		Finish timestamp: 1686294387868

	Sensor record
		Azimuth value: 3
		Pitch value: -15
		Roll value: 8
		Start timestamp: 1686294387869
		Finish timestamp: 1686294388275

	Sensor record
		Azimuth value: 3
		Pitch value: -16
		Roll value: 8
		Start timestamp: 1686294388276
		Finish timestamp: 1686294388487

	Sensor record
		Azimuth value: 3
		Pitch value: -15
		Roll value: 8
		Start timestamp: 1686294388488
		Finish timestamp: 1686294388677

	Sensor record
		Azimuth value: 3
		Pitch value: -15
		Roll value: 9
		Start timestamp: 1686294388678
		Finish timestamp: 1686294391904

	Sensor record
		Azimuth value: 3
		Pitch value: -16
		Roll value: 9
		Start timestamp: 1686294391905
		Finish timestamp: 1686294393116

	Sensor record
		Azimuth value: 3
		Pitch value: -16
		Roll value: 8
		Start timestamp: 1686294393117
		Finish timestamp: 1686294393313

	Sensor record
		Azimuth value: 3
		Pitch value: -16
		Roll value: 9
		Start timestamp: 1686294393314
		Finish timestamp: 1686294393720

	Sensor record
		Azimuth value: 3
		Pitch value: -17
		Roll value: 8
		Start timestamp: 1686294393721
		Finish timestamp: 1686294394122

	Sensor record
		Azimuth value: 3
		Pitch value: -18
		Roll value: 9
		Start timestamp: 1686294394123
		Finish timestamp: 1686294394323

	Sensor record
		Azimuth value: 2
		Pitch value: -26
		Roll value: 10
		Start timestamp: 1686294394324
		Finish timestamp: 1686294394326

	Sensor record
		Azimuth value: 1
		Pitch value: -32
		Roll value: 7
		Start timestamp: 1686294394327
		Finish timestamp: 1686294394524

	Sensor record
		Azimuth value: 1
		Pitch value: -31
		Roll value: 5
		Start timestamp: 1686294394525
		Finish timestamp: 1686294394725

	Sensor record
		Azimuth value: 0
		Pitch value: -31
		Roll value: 2
		Start timestamp: 1686294394726
		Finish timestamp: 1686294394927

	Sensor record
		Azimuth value: 358
		Pitch value: -31
		Roll value: 1
		Start timestamp: 1686294394928
		Finish timestamp: 1686294395130

	Sensor record
		Azimuth value: 357
		Pitch value: -31
		Roll value: 359
		Start timestamp: 1686294395131
		Finish timestamp: 1686294395335

	Sensor record
		Azimuth value: 357
		Pitch value: -32
		Roll value: 359
		Start timestamp: 1686294395336
		Finish timestamp: 1686294395532

	Sensor record
		Azimuth value: 356
		Pitch value: -31
		Roll value: 358
		Start timestamp: 1686294395533
		Finish timestamp: 1686294395734

	Sensor record
		Azimuth value: 356
		Pitch value: -32
		Roll value: 357
		Start timestamp: 1686294395735
		Finish timestamp: 1686294395935

	Sensor record
		Azimuth value: 357
		Pitch value: -33
		Roll value: 358
		Start timestamp: 1686294395936
		Finish timestamp: 1686294396139

	Sensor record
		Azimuth value: 355
		Pitch value: -32
		Roll value: 356
		Start timestamp: 1686294396140
		Finish timestamp: 1686294396339

	Sensor record
		Azimuth value: 355
		Pitch value: -32
		Roll value: 357
		Start timestamp: 1686294396340
		Finish timestamp: 1686294396541

	Sensor record
		Azimuth value: 357
		Pitch value: -32
		Roll value: 358
		Start timestamp: 1686294396542
		Finish timestamp: 1686294396744

	Sensor record
		Azimuth value: 356
		Pitch value: -31
		Roll value: 358
		Start timestamp: 1686294396745
		Finish timestamp: 1686294396744

	Sensor record
		Azimuth value: 355
		Pitch value: -31
		Roll value: 357
		Start timestamp: 1686294396745
		Finish timestamp: 1686294396944

	Sensor record
		Azimuth value: 354
		Pitch value: -31
		Roll value: 357
		Start timestamp: 1686294396945
		Finish timestamp: 1686294397146

	Sensor record
		Azimuth value: 354
		Pitch value: -30
		Roll value: 357
		Start timestamp: 1686294397147
		Finish timestamp: 1686294397348

	Sensor record
		Azimuth value: 353
		Pitch value: -31
		Roll value: 358
		Start timestamp: 1686294397349
		Finish timestamp: 1686294397551

	Sensor record
		Azimuth value: 352
		Pitch value: -31
		Roll value: 358
		Start timestamp: 1686294397552
		Finish timestamp: 1686294397552

	Sensor record
		Azimuth value: 353
		Pitch value: -31
		Roll value: 359
		Start timestamp: 1686294397553
		Finish timestamp: 1686294397954

	Sensor record
		Azimuth value: 352
		Pitch value: -30
		Roll value: 358
		Start timestamp: 1686294397955
		Finish timestamp: 1686294398155

	Sensor record
		Azimuth value: 353
		Pitch value: -31
		Roll value: 358
		Start timestamp: 1686294398156
		Finish timestamp: 1686294398356

	Sensor record
		Azimuth value: 352
		Pitch value: -30
		Roll value: 358
		Start timestamp: 1686294398357
		Finish timestamp: 1686294398357

	Sensor record
		Azimuth value: 351
		Pitch value: -31
		Roll value: 357
		Start timestamp: 1686294398358
		Finish timestamp: 1686294398559

	Sensor record
		Azimuth value: 352
		Pitch value: -32
		Roll value: 1
		Start timestamp: 1686294398560
		Finish timestamp: 1686294398763

	Sensor record
		Azimuth value: 348
		Pitch value: -34
		Roll value: 8
		Start timestamp: 1686294398764
		Finish timestamp: 1686294398964

	Sensor record
		Azimuth value: 347
		Pitch value: -33
		Roll value: 14
		Start timestamp: 1686294398965
		Finish timestamp: 1686294399163

	Sensor record
		Azimuth value: 348
		Pitch value: -29
		Roll value: 10
		Start timestamp: 1686294399164
		Finish timestamp: 1686294399164

	Sensor record
		Azimuth value: 351
		Pitch value: -17
		Roll value: 4
		Start timestamp: 1686294399165
		Finish timestamp: 1686294399365

	Sensor record
		Azimuth value: 355
		Pitch value: -21
		Roll value: 4
		Start timestamp: 1686294399366
		Finish timestamp: 1686294399568

	Sensor record
		Azimuth value: 355
		Pitch value: -25
		Roll value: 4
		Start timestamp: 1686294399569
		Finish timestamp: 1686294399769

	Sensor record
		Azimuth value: 357
		Pitch value: -28
		Roll value: 4
		Start timestamp: 1686294399770
		Finish timestamp: 1686294399971

	Sensor record
		Azimuth value: 358
		Pitch value: -30
		Roll value: 4
		Start timestamp: 1686294399972
		Finish timestamp: 1686294399972

	Sensor record
		Azimuth value: 358
		Pitch value: -30
		Roll value: 3
		Start timestamp: 1686294399973
		Finish timestamp: 1686294400173

	Sensor record
		Azimuth value: 358
		Pitch value: -30
		Roll value: 2
		Start timestamp: 1686294400174
		Finish timestamp: 1686294400374

	Sensor record
		Azimuth value: 358
		Pitch value: -21
		Roll value: 2
		Start timestamp: 1686294400375
		Finish timestamp: 1686294400579

	Sensor record
		Azimuth value: 357
		Pitch value: -18
		Roll value: 3
		Start timestamp: 1686294400580
		Finish timestamp: 1686294400779

	Sensor record
		Azimuth value: 355
		Pitch value: -18
		Roll value: 3
		Start timestamp: 1686294400780
		Finish timestamp: 1686294400779

	Sensor record
		Azimuth value: 356
		Pitch value: -19
		Roll value: 1
		Start timestamp: 1686294400780
		Finish timestamp: 1686294400979

	Sensor record
		Azimuth value: 359
		Pitch value: -21
		Roll value: 0
		Start timestamp: 1686294400980
		Finish timestamp: 1686294401180

	Sensor record
		Azimuth value: 1
		Pitch value: -22
		Roll value: 0
		Start timestamp: 1686294401181
		Finish timestamp: 1686294401415

	Sensor record
		Azimuth value: 1
		Pitch value: -23
		Roll value: 1
		Start timestamp: 1686294401416
		Finish timestamp: 1686294401589

	Sensor record
		Azimuth value: 1
		Pitch value: -22
		Roll value: 2
		Start timestamp: 1686294401590
		Finish timestamp: 1686294401592

	Sensor record
		Azimuth value: 358
		Pitch value: -24
		Roll value: 1
		Start timestamp: 1686294401593
		Finish timestamp: 1686294401796

	Sensor record
		Azimuth value: 358
		Pitch value: -27
		Roll value: 1
		Start timestamp: 1686294401797
		Finish timestamp: 1686294401991

	Sensor record
		Azimuth value: 357
		Pitch value: -28
		Roll value: 0
		Start timestamp: 1686294401992
		Finish timestamp: 1686294402217

	Sensor record
		Azimuth value: 356
		Pitch value: -33
		Roll value: 358
		Start timestamp: 1686294402218
		Finish timestamp: 1686294402397

	Sensor record
		Azimuth value: 356
		Pitch value: -38
		Roll value: 357
		Start timestamp: 1686294402398
		Finish timestamp: 1686294402401

	Sensor record
		Azimuth value: 358
		Pitch value: -39
		Roll value: 359
		Start timestamp: 1686294402402

